<?xml version="1.0" encoding="UTF-8"?>
<Root>
<DocsFigures>
		<Titre>Bombes sur Amiens. 16 avril 1915. Rue St Leu</Titre>
		<Analyse>Amiens (Somme).
16 avril 1915. Guerre 1914-1918.
Scène de rue devant le 4 rue Saint-Leu suite à un bombardement.
Au premier plan des passants civils et militaires, au second la devanture de la Charcuterie du Bloc.</Analyse>
		<Realise_en>1915</Realise_en>
		<Liste_des_auteurs>BERTHELÉ, Raoul</Liste_des_auteurs>
		<Type_Doc>NEGATIF N&amp;B</Type_Doc>
		<Support>VERRE</Support>
		<Technique>Photographie stéréo </Technique>
		<Format>4,5 x 10,7 cm</Format>
		<Cote>49Fi1</Cote>
		<Observations>Un tirage contact de la partie droite de ce cliché porte la cote 49Fi1872/35.</Observations>
		<Origine>Don Faucher-Berhelé entré le 10/11/1978.</Origine>
		<Droits_Repro>Domaine public</Droits_Repro>
		<subject>GUERRE 1914-1918;</subject>
		<geoname>AMIENS (ville);SOMME (département);</geoname>
		<persname></persname>
		<corpname></corpname>
	</DocsFigures>
<DocsFigures>
		<Titre>Bombes sur Amiens. 16 avril 1915. Rue St Leu</Titre>
		<Analyse>Amiens (Somme).
16 avril 1915. Guerre 1914-1918.
Scène de rue devant le 8 rue Saint-Leu suite à un bombardement.
Soldat au premier plan, au second les devantures d&apos;une épicerie et d&apos;un restaurant.</Analyse>
		<Realise_en>1915</Realise_en>
		<Liste_des_auteurs>BERTHELÉ, Raoul</Liste_des_auteurs>
		<Type_Doc>NEGATIF N&amp;B</Type_Doc>
		<Support>VERRE</Support>
		<Technique>Photographie stéréo </Technique>
		<Format>4,5 x 10,7 cm</Format>
		<Cote>49Fi2</Cote>
		<Observations>Vue de droite noire.
Un tirage contact de la partie gauche de ce cliché porte la cote 49Fi1872/36.</Observations>
		<Origine>Don Faucher-Berhelé entré le 10/11/1978.</Origine>
		<Droits_Repro>Domaine public</Droits_Repro>
		<subject>MILITAIRE;GUERRE 1914-1918;</subject>
		<geoname>AMIENS (ville);SOMME (département);</geoname>
		<persname></persname>
		<corpname></corpname>
	</DocsFigures>
<DocsFigures>
		<Titre>Amiens. En canot M. Leissias et Caucanas</Titre>
		<Analyse>Amiens (Somme).
16 avril 1915. Guerre 1914-1918.
Vue de MM. Leissias et Caucanas qui rament sur un canot.
En arrière-plan quelques arbres. </Analyse>
		<Realise_en>1915</Realise_en>
		<Liste_des_auteurs>BERTHELÉ, Raoul</Liste_des_auteurs>
		<Type_Doc>NEGATIF N&amp;B</Type_Doc>
		<Support>VERRE</Support>
		<Technique>Photographie stéréo </Technique>
		<Format>4,5 x 10,7 cm</Format>
		<Cote>49Fi3</Cote>
		<Observations></Observations>
		<Origine>Don Faucher-Berhelé entré le 10/11/1978.</Origine>
		<Droits_Repro>Domaine public</Droits_Repro>
		<subject>GUERRE 1914-1918;</subject>
		<geoname>AMIENS (ville);SOMME (département);</geoname>
		<persname></persname>
		<corpname></corpname>
	</DocsFigures>
<DocsFigures>
		<Titre>Saleux. M. Rémy et Loissier</Titre>
		<Analyse>Saleux (Somme).
16 avril 1915. Guerre 1914-1918.
Vue  M. Rémy et Loissier montant à cheval au milieu d&apos;une route.</Analyse>
		<Realise_en>1915</Realise_en>
		<Liste_des_auteurs>BERTHELÉ, Raoul</Liste_des_auteurs>
		<Type_Doc>NEGATIF N&amp;B</Type_Doc>
		<Support>VERRE</Support>
		<Technique>Photographie stéréo </Technique>
		<Format>4,5 x 10,7 cm</Format>
		<Cote>49Fi4</Cote>
		<Observations></Observations>
		<Origine>Don Faucher-Berhelé entré le 10/11/1978.</Origine>
		<Droits_Repro>Domaine public</Droits_Repro>
		<subject>GUERRE 1914-1918;</subject>
		<geoname>SALEUX (ville);SOMME (département);</geoname>
		<persname></persname>
		<corpname></corpname>
	</DocsFigures>
<DocsFigures>
		<Titre>Amiens. Hôtel Central. Colonel Camus. Groupe d&apos;officiers</Titre>
		<Analyse>Amiens (Somme).
16 avril 1915. Guerre 1914-1918.
Photo d&apos;un groupe d&apos;officiers dans la cour de l&apos;Hôtel Central.
Première rangée deux personnes assises, à la seconde quatre officiers debout dont le Colonel Camus à gauche.</Analyse>
		<Realise_en>1915</Realise_en>
		<Liste_des_auteurs>BERTHELÉ, Raoul</Liste_des_auteurs>
		<Type_Doc>NEGATIF N&amp;B</Type_Doc>
		<Support>VERRE</Support>
		<Technique>Photographie stéréo </Technique>
		<Format>4,5 x 10,7 cm</Format>
		<Cote>49Fi5</Cote>
		<Observations></Observations>
		<Origine>Don Faucher-Berhelé entré le 10/11/1978.</Origine>
		<Droits_Repro>Domaine public</Droits_Repro>
		<subject>GUERRE 1914-1918;</subject>
		<geoname>AMIENS (ville);SOMME (département);</geoname>
		<persname></persname>
		<corpname></corpname>
	</DocsFigures>
<DocsFigures>
		<Titre>Amiens. Le colonel Camus. Groupe d&apos;officiers. Hôtel Central</Titre>
		<Analyse>Amiens (Somme).
16 avril 1915. Guerre 1914-1918.
Photo d&apos;un groupe d&apos;officiers dont le colonel Camus posant dans la cour de l&apos;Hôtel Central.
Première rangée: deux personnes assises, deuxième rangée: quatre personnes debout dont le Colonel Camus à gauche.</Analyse>
		<Realise_en>1915</Realise_en>
		<Liste_des_auteurs>BERTHELÉ, Raoul</Liste_des_auteurs>
		<Type_Doc>NEGATIF N&amp;B</Type_Doc>
		<Support>VERRE</Support>
		<Technique>Photographie stéréo </Technique>
		<Format>4,5 x 10,7 cm</Format>
		<Cote>49Fi6</Cote>
		<Observations></Observations>
		<Origine>Don Faucher-Berhelé entré le 10/11/1978.</Origine>
		<Droits_Repro>Domaine public</Droits_Repro>
		<subject>GUERRE 1914-1918;</subject>
		<geoname>AMIENS (ville);SOMME (département);</geoname>
		<persname></persname>
		<corpname></corpname>
	</DocsFigures>
<DocsFigures>
		<Titre>Amiens. Le colonel Camus. Hôtel Central</Titre>
		<Analyse>Amiens (Somme).
16 avril 1915. Guerre 1914-1918.
Portrait en buste du Colonel Camus pris dans la cour de l&apos;Hôtel Central.
En arrière plan verrière.</Analyse>
		<Realise_en>1915</Realise_en>
		<Liste_des_auteurs>BERTHELÉ, Raoul</Liste_des_auteurs>
		<Type_Doc>NEGATIF N&amp;B</Type_Doc>
		<Support>VERRE</Support>
		<Technique>Photographie stéréo </Technique>
		<Format>4,5 x 10,7 cm</Format>
		<Cote>49Fi7</Cote>
		<Observations></Observations>
		<Origine>Don Faucher-Berhelé entré le 10/11/1978.</Origine>
		<Droits_Repro>Domaine public</Droits_Repro>
		<subject>GUERRE 1914-1918;</subject>
		<geoname>AMIENS (ville);SOMME (département);</geoname>
		<persname></persname>
		<corpname></corpname>
	</DocsFigures>
<DocsFigures>
		<Titre>Amiens. Le colonel Camus. Hôtel Central</Titre>
		<Analyse>Amiens (Somme).
16 avril 1915. Guerre 1914-1918.
Portrait en pied du Colonel Camus dans la cour de l&apos;Hôtel Central.
En arrière plan la verrière. </Analyse>
		<Realise_en>1915</Realise_en>
		<Liste_des_auteurs>BERTHELÉ, Raoul</Liste_des_auteurs>
		<Type_Doc>NEGATIF N&amp;B</Type_Doc>
		<Support>VERRE</Support>
		<Technique>Photographie stéréo </Technique>
		<Format>4,5 x 10,7 cm</Format>
		<Cote>49Fi8</Cote>
		<Observations></Observations>
		<Origine>Don Faucher-Berhelé entré le 10/11/1978.</Origine>
		<Droits_Repro>Domaine public</Droits_Repro>
		<subject>GUERRE 1914-1918;</subject>
		<geoname>AMIENS (ville);SOMME (département);</geoname>
		<persname></persname>
		<corpname></corpname>
	</DocsFigures>
<DocsFigures>
		<Titre>Amiens. Le colonel Camus. Hôtel Central</Titre>
		<Analyse>Amiens (Somme).
16 avril 1915. Guerre 1914-1918.
Portait en buste du Colonel Camus dans la cour de l&apos;Hôtel Central.
En arrière plan vue de la verrière.</Analyse>
		<Realise_en>1915</Realise_en>
		<Liste_des_auteurs>BERTHELÉ, Raoul</Liste_des_auteurs>
		<Type_Doc>NEGATIF N&amp;B</Type_Doc>
		<Support>VERRE</Support>
		<Technique>Photographie stéréo </Technique>
		<Format>4,5 x 10,7 cm</Format>
		<Cote>49Fi9</Cote>
		<Observations>Même cliché que le 49Fi1870/6.</Observations>
		<Origine>Don Faucher-Berhelé entré le 10/11/1978.</Origine>
		<Droits_Repro>Domaine public</Droits_Repro>
		<subject>GUERRE 1914-1918;</subject>
		<geoname>AMIENS (ville);SOMME (département);</geoname>
		<persname></persname>
		<corpname></corpname>
	</DocsFigures>
<DocsFigures>
		<Titre>Bombes sur Amiens.16 avril 1915. 20 rue Blanquetagne. Dégâts faits par une bombe</Titre>
		<Analyse> Amiens (Somme).
16 avril 1915. Guerre 1914-1918.
Vue des dégâts causés par le bombardement de l&apos;immeuble au 20 rue Blanquetagne.
Au premier plan à gauche, un enfant tenant un balai. </Analyse>
		<Realise_en>1915</Realise_en>
		<Liste_des_auteurs>BERTHELÉ, Raoul</Liste_des_auteurs>
		<Type_Doc>NEGATIF N&amp;B</Type_Doc>
		<Support>VERRE</Support>
		<Technique>Photographie stéréo </Technique>
		<Format>4,5 x 10,7 cm</Format>
		<Cote>49Fi10</Cote>
		<Observations>Un tirage contact de la partie gauche de ce cliché porte la cote  49Fi1872/37.</Observations>
		<Origine>Don Faucher-Berhelé entré le 10/11/1978.</Origine>
		<Droits_Repro>Domaine public</Droits_Repro>
		<subject>ENFANT;GUERRE 1914-1918;</subject>
		<geoname>AMIENS (ville);SOMME (département);</geoname>
		<persname></persname>
		<corpname></corpname>
	</DocsFigures>
<DocsFigures>
		<Titre>Bombes sur Amiens.16 avril 1915. 20 rue Blanquetagne. Dégâts faits par une bombe</Titre>
		<Analyse>Vue des dégats faits par une bombe au 20 rue Blanquetagne à Amiens (Somme).
16 avril 1915. 
Guerre 1914-1918.
Au centre du cliché un chien dans les débris.</Analyse>
		<Realise_en>1915</Realise_en>
		<Liste_des_auteurs>BERTHELÉ, Raoul</Liste_des_auteurs>
		<Type_Doc>NEGATIF N&amp;B</Type_Doc>
		<Support>VERRE</Support>
		<Technique>Photographie stéréo </Technique>
		<Format>4,5 x 10,7 cm</Format>
		<Cote>49Fi11</Cote>
		<Observations></Observations>
		<Origine>Don Faucher-Berhelé entré le 10/11/1978.</Origine>
		<Droits_Repro>Domaine public</Droits_Repro>
		<subject>GUERRE 1914-1918;</subject>
		<geoname>AMIENS (ville);SOMME (département);</geoname>
		<persname></persname>
		<corpname></corpname>
	</DocsFigures>
<DocsFigures>
		<Titre>Bombes sur Amiens. 16 avril 1915. Rue amiral Combet. Trou fait par une bombe</Titre>
		<Analyse>Amiens (Somme).
16 avril 1915. Guerre 1914-1918.
Vu des dégâts fait par une bombe aux pavés de la rue Amiral-Combet
Un passant observe le trou</Analyse>
		<Realise_en>1915</Realise_en>
		<Liste_des_auteurs>BERTHELÉ, Raoul</Liste_des_auteurs>
		<Type_Doc>NEGATIF N&amp;B</Type_Doc>
		<Support>VERRE</Support>
		<Technique>Photographie stéréo </Technique>
		<Format>4,5 x 10,7 cm</Format>
		<Cote>49Fi12</Cote>
		<Observations>Un tirage contact de la partie droite de ce cliché porte la cote 49Fi1872/26.</Observations>
		<Origine>Don Faucher-Berhelé entré le 10/11/1978.</Origine>
		<Droits_Repro>Domaine public</Droits_Repro>
		<subject>GUERRE 1914-1918;</subject>
		<geoname>AMIENS (ville);SOMME (département);</geoname>
		<persname></persname>
		<corpname></corpname>
	</DocsFigures>
<DocsFigures>
		<Titre>Bombes sur Amiens. 16 avril 1915. Rue amiral Combet</Titre>
		<Analyse>Amiens (Somme).
16 avril 1915. Guerre 1914-1918.
Vue des dégâts fait aux immeubles situés aux n° 35 et 37 rue amiral Combet à suite à un bombardement.
Des habitants du quartier discutent devant la porte du n° 37.</Analyse>
		<Realise_en>1915</Realise_en>
		<Liste_des_auteurs>BERTHELÉ, Raoul</Liste_des_auteurs>
		<Type_Doc>NEGATIF N&amp;B</Type_Doc>
		<Support>VERRE</Support>
		<Technique>Photographie stéréo </Technique>
		<Format>4,5 x 10,7 cm</Format>
		<Cote>49Fi13</Cote>
		<Observations>Un tirage contact de la partie gauche de ce cliché porte la cote 49Fi1872/29.</Observations>
		<Origine>Don Faucher-Berhelé entré le 10/11/1978.</Origine>
		<Droits_Repro>Domaine public</Droits_Repro>
		<subject>GUERRE 1914-1918;</subject>
		<geoname>AMIENS (ville);SOMME (département);</geoname>
		<persname></persname>
		<corpname></corpname>
	</DocsFigures>
<DocsFigures>
		<Titre>Bombes sur Amiens. 16 avril 1915. Rue St Leu</Titre>
		<Analyse>Amiens (Somme).
16 avril 1915. Guerre 1914-1918.
Vue de cantonniers réparant les dégâts d&apos;un bombardement devant le bureau de tabac du n° 11 rue Saint-Leu.
Au premier plan un soldat en faction.</Analyse>
		<Realise_en>1915</Realise_en>
		<Liste_des_auteurs>BERTHELÉ, Raoul</Liste_des_auteurs>
		<Type_Doc>NEGATIF N&amp;B</Type_Doc>
		<Support>VERRE</Support>
		<Technique>Photographie stéréo </Technique>
		<Format>4,5 x 10,7 cm</Format>
		<Cote>49Fi14</Cote>
		<Observations>Un tirage contact de la partie droite de ce cliché porte la cote 49Fi1872/34.</Observations>
		<Origine>Don Faucher-Berhelé entré le 10/11/1978.</Origine>
		<Droits_Repro>Domaine public</Droits_Repro>
		<subject>MILITAIRE;GUERRE 1914-1918;</subject>
		<geoname>AMIENS (ville);SOMME (département);</geoname>
		<persname></persname>
		<corpname></corpname>
	</DocsFigures>
<DocsFigures>
		<Titre>Bombes sur Amiens. 16 avril 1915. Rue St Leu</Titre>
		<Analyse>Amiens (Somme).
16 avril 1915.  Guerre 1914-1918.
Vue de soldats en factionsd devant des immeubles endommagés rue Saint-Leu (à l&apos;embranchement de la rue Antonin) suite à un bombardement.
Au premier plan soldat armé d&apos;une baïonnette. Au second plan lieutenant et soldat devant la devanture soufflée du magasin Colat-Menier.</Analyse>
		<Realise_en>1915</Realise_en>
		<Liste_des_auteurs>BERTHELÉ, Raoul</Liste_des_auteurs>
		<Type_Doc>NEGATIF N&amp;B</Type_Doc>
		<Support>VERRE</Support>
		<Technique>Photographie stéréo </Technique>
		<Format>4,5 x 10,7 cm</Format>
		<Cote>49Fi15</Cote>
		<Observations>Un tirage contact de la partie gauche de ce cliché porte la cote 49Fi1872/32.</Observations>
		<Origine>Don Faucher-Berhelé entré le 10/11/1978.</Origine>
		<Droits_Repro>Domaine public</Droits_Repro>
		<subject>MILITAIRE;GUERRE 1914-1918;</subject>
		<geoname>AMIENS (ville);SOMME (département);</geoname>
		<persname></persname>
		<corpname></corpname>
	</DocsFigures>
<DocsFigures>
		<Titre>Bombes sur Amiens. 16 avril 1915. Rue St Leu</Titre>
		<Analyse>Amiens (Somme). 
16 avril 1915. Guerre 1914-1918.
Vue d&apos;un groupe de personnes devant un bureau de Tabac situé 11 rue Saint-Leu, suite à un bombardement. Au premier plan un homme tenant un balai.</Analyse>
		<Realise_en>1915</Realise_en>
		<Liste_des_auteurs>BERTHELÉ, Raoul</Liste_des_auteurs>
		<Type_Doc>NEGATIF N&amp;B</Type_Doc>
		<Support>VERRE</Support>
		<Technique>Photographie stéréo </Technique>
		<Format>4,5 x 10,7 cm</Format>
		<Cote>49Fi16</Cote>
		<Observations>Un tirage contact de la partie droite de ce cliché porte la cote 49Fi1872/30.</Observations>
		<Origine>Don Faucher-Berhelé entré le 10/11/1978.</Origine>
		<Droits_Repro>Domaine public</Droits_Repro>
		<subject>GUERRE 1914-1918;</subject>
		<geoname>AMIENS (ville);SOMME (département);</geoname>
		<persname></persname>
		<corpname></corpname>
	</DocsFigures>
<DocsFigures>
		<Titre>Bombes sur Amiens. 16 avril 1915. Rue St Leu</Titre>
		<Analyse>Amiens (Somme). 
16 avril 1915. Guerre 1914-1918.
Groupe de personnes devant une épicerie et un Restaurant rue Saint-Leu suite à un bombardement.</Analyse>
		<Realise_en>1915</Realise_en>
		<Liste_des_auteurs>BERTHELÉ, Raoul</Liste_des_auteurs>
		<Type_Doc>NEGATIF N&amp;B</Type_Doc>
		<Support>VERRE</Support>
		<Technique>Photographie stéréo </Technique>
		<Format>4,5 x 10,7 cm</Format>
		<Cote>49Fi17</Cote>
		<Observations>Un tirage contact de la partie gauche de ce cliché porte la cote 49Fi1872/32.</Observations>
		<Origine>Don Faucher-Berhelé entré le 10/11/1978.</Origine>
		<Droits_Repro>Domaine public</Droits_Repro>
		<subject>GUERRE 1914-1918;</subject>
		<geoname>AMIENS (ville);SOMME (département);</geoname>
		<persname></persname>
		<corpname></corpname>
	</DocsFigures>
<DocsFigures>
		<Titre>Bombes sur Amiens. 16 avril 1915. Rue St Leu</Titre>
		<Analyse>Amiens (Somme). 
16 avril 1915. Guerre 1914-1918.
Vue de deux soldats en faction devant le café Henri Bondois et un Tabac dans la rue Saint-Leu à  endommagés lors d&apos;un bombardement.</Analyse>
		<Realise_en>1915</Realise_en>
		<Liste_des_auteurs>BERTHELÉ, Raoul</Liste_des_auteurs>
		<Type_Doc>NEGATIF N&amp;B</Type_Doc>
		<Support>VERRE</Support>
		<Technique>Photographie stéréo </Technique>
		<Format>4,5 x 10,7 cm</Format>
		<Cote>49Fi18</Cote>
		<Observations>Un tirage contact de la partie gauche de ce cliché porte la cote 49Fi1872/31.</Observations>
		<Origine>Don Faucher-Berhelé entré le 10/11/1978.</Origine>
		<Droits_Repro>Domaine public</Droits_Repro>
		<subject>MILITAIRE;GUERRE 1914-1918;</subject>
		<geoname>AMIENS (ville);SOMME (département);</geoname>
		<persname></persname>
		<corpname></corpname>
	</DocsFigures>
<DocsFigures>
		<Titre>Bombes sur Amiens. 16 avril 1915. Le pont St Jean</Titre>
		<Analyse>Amiens (Somme).
16 avril 1915. Guerre 1914-1918.
Impact d&apos;obus sur le pont Saint-Jean suite à un bombardement.
3 soldats à vélo et 2 à pied sont sur le pont, ouvrier travaillant sur un rail de ligne de tramway.</Analyse>
		<Realise_en>1915</Realise_en>
		<Liste_des_auteurs>BERTHELÉ, Raoul</Liste_des_auteurs>
		<Type_Doc>NEGATIF N&amp;B</Type_Doc>
		<Support>VERRE</Support>
		<Technique>Photographie stéréo </Technique>
		<Format>4,5 x 10,7 cm</Format>
		<Cote>49Fi19</Cote>
		<Observations>Un tirage contact de la partie droite de ce cliché porte la cote 49Fi1872/25.</Observations>
		<Origine>Don Faucher-Berhelé entré le 10/11/1978.</Origine>
		<Droits_Repro>Domaine public</Droits_Repro>
		<subject>MILITAIRE;GUERRE 1914-1918;</subject>
		<geoname>AMIENS (ville);SOMME (département);</geoname>
		<persname></persname>
		<corpname></corpname>
	</DocsFigures>
<DocsFigures>
		<Titre>Bombes sur Amiens. 16 avril 1915. Rue Saint Jean</Titre>
		<Analyse>Amiens (Somme).
16 avril 1916. Guerre 1914-1918.
Vue des dégâts causés par un bombardement au bâtiment des bains publics au 70 rue Saint-Jean.</Analyse>
		<Realise_en>1915</Realise_en>
		<Liste_des_auteurs>BERTHELÉ, Raoul</Liste_des_auteurs>
		<Type_Doc>NEGATIF N&amp;B</Type_Doc>
		<Support>VERRE</Support>
		<Technique>Photographie stéréo </Technique>
		<Format>4,5 x 10,7 cm</Format>
		<Cote>49Fi20</Cote>
		<Observations>Un tirage contact de la partie droite de ce cliché porte la cote 49Fi1872/28.</Observations>
		<Origine>Don Faucher-Berhelé entré le 10/11/1978.</Origine>
		<Droits_Repro>Domaine public</Droits_Repro>
		<subject>GUERRE 1914-1918;</subject>
		<geoname>AMIENS (ville);SOMME (département);</geoname>
		<persname></persname>
		<corpname></corpname>
	</DocsFigures>
<DocsFigures>
		<Titre>Saleux. Nos cuisinier Teissier et Caucanas</Titre>
		<Analyse>Photo de groupe de quatre militaires adossés à une façade (dont les cuisiniers Caucanas et Teissier) à Saleux (Somme).
16 avril 1915. 
Guerre 1914-1918.</Analyse>
		<Realise_en>1915</Realise_en>
		<Liste_des_auteurs>BERTHELÉ, Raoul</Liste_des_auteurs>
		<Type_Doc>NEGATIF N&amp;B</Type_Doc>
		<Support>VERRE</Support>
		<Technique>Photographie stéréo </Technique>
		<Format>4,5 x 10,7 cm</Format>
		<Cote>49Fi21</Cote>
		<Observations></Observations>
		<Origine>Don Faucher-Berhelé entré le 10/11/1978.</Origine>
		<Droits_Repro>Domaine public</Droits_Repro>
		<subject>GUERRE 1914-1918;</subject>
		<geoname>SALEUX (ville);SOMME (département);</geoname>
		<persname></persname>
		<corpname></corpname>
	</DocsFigures>
<DocsFigures>
		<Titre>Amiens. 8.6.1915. Prisonniers allemands</Titre>
		<Analyse>Amiens (Somme).
8 juin 1915. Guerre 1914-1918.
Vue de prisonniers allemands défilant rue Saint-Leu.
Les prisonniers défilent devant un restaurant et la boulangerie Cartier. Ils sont encadrés par des soldats français à cheval.</Analyse>
		<Realise_en>1915</Realise_en>
		<Liste_des_auteurs>BERTHELÉ, Raoul</Liste_des_auteurs>
		<Type_Doc>NEGATIF N&amp;B</Type_Doc>
		<Support>VERRE</Support>
		<Technique>Photographie stéréo </Technique>
		<Format>4,5 x 10,7 cm</Format>
		<Cote>49Fi22</Cote>
		<Observations>Un tirage de la partie gauche du négatif porte la cote 49Fi1872/63.</Observations>
		<Origine>Don Faucher-Berhelé entré le 10/11/1978.</Origine>
		<Droits_Repro>Domaine public</Droits_Repro>
		<subject>MILITAIRE;PRISONNIER DE GUERRE;ETRANGER;GUERRE 1914-1918;</subject>
		<geoname>AMIENS (ville);SOMME (département);</geoname>
		<persname></persname>
		<corpname></corpname>
	</DocsFigures>
<DocsFigures>
		<Titre>Amiens. 8.6.1915. Prisonniers allemands</Titre>
		<Analyse>Amiens (Somme).
8 juin 1915. Guerre 1914-1918.
Vue de prisonniers allemands défilant rue Saint-Leu.
Les prisonniers défilent devant une foule de femmes et sont encadrés par une cavalerie française.</Analyse>
		<Realise_en>1915</Realise_en>
		<Liste_des_auteurs>BERTHELÉ, Raoul</Liste_des_auteurs>
		<Type_Doc>NEGATIF N&amp;B</Type_Doc>
		<Support>VERRE</Support>
		<Technique>Photographie stéréo </Technique>
		<Format>4,5 x 10,7 cm</Format>
		<Cote>49Fi23</Cote>
		<Observations>Un tirage de la partie gauche du négatif porte la cote 49Fi1872/71.</Observations>
		<Origine>Don Faucher-Berhelé entré le 10/11/1978.</Origine>
		<Droits_Repro>Domaine public</Droits_Repro>
		<subject>MILITAIRE;PRISONNIER DE GUERRE;FEMME;ETRANGER;EQUIDE;GUERRE 1914-1918;</subject>
		<geoname>AMIENS (ville);SOMME (département);</geoname>
		<persname></persname>
		<corpname></corpname>
	</DocsFigures>
<DocsFigures>
		<Titre>Amiens. 15 juin 1915. Biplan Caudron venant de capoter</Titre>
		<Analyse>Vue panoramique d&apos;un champ au centre duquel se trouve un avion biplan Caudron venant de se retourner, près d&apos;Amiens (Somme).
15 juin 1915. 
Guerre 1914-1918.
En arrière plan se trouve six soldats qui semblent discuter et deux chevaux.</Analyse>
		<Realise_en>1915</Realise_en>
		<Liste_des_auteurs>BERTHELÉ, Raoul</Liste_des_auteurs>
		<Type_Doc>NEGATIF N&amp;B</Type_Doc>
		<Support>VERRE</Support>
		<Technique>Photographie stéréo </Technique>
		<Format>4,5 x 10,7 cm</Format>
		<Cote>49Fi24</Cote>
		<Observations>Même cliché que les 49Fi118 et 49Fi1872/83.</Observations>
		<Origine>Don Faucher-Berhelé entré le 10/11/1978.</Origine>
		<Droits_Repro>Domaine public</Droits_Repro>
		<subject>MILITAIRE;AERONEF;EQUIDE;GUERRE 1914-1918;</subject>
		<geoname>AMIENS (ville);SOMME (département);</geoname>
		<persname></persname>
		<corpname></corpname>
	</DocsFigures>
<DocsFigures>
		<Titre>Amiens. 8.6.1915. Prisonniers allemands (officiers)</Titre>
		<Analyse>Amiens (Somme).
8 juin 1915. Guerre 1914-1918.
Vue de prisonniers allemands défilant rue Saint-Leu.
Au premier plan se trouve une jeune femme et au centre en arrière plan deux officiers allemands prisonniers.</Analyse>
		<Realise_en>1915</Realise_en>
		<Liste_des_auteurs>BERTHELÉ, Raoul</Liste_des_auteurs>
		<Type_Doc>NEGATIF N&amp;B</Type_Doc>
		<Support>VERRE</Support>
		<Technique>Photographie stéréo </Technique>
		<Format>4,5 x 10,7 cm</Format>
		<Cote>49Fi25</Cote>
		<Observations>Un tirage de la partie gauche du négatif porte la cote 49Fi1872/61.</Observations>
		<Origine>Don Faucher-Berhelé entré le 10/11/1978.</Origine>
		<Droits_Repro>Domaine public</Droits_Repro>
		<subject>MILITAIRE;PRISONNIER DE GUERRE;FEMME;GUERRE 1914-1918;</subject>
		<geoname>AMIENS (ville);SOMME (département);</geoname>
		<persname></persname>
		<corpname></corpname>
	</DocsFigures>
<DocsFigures>
		<Titre>Amiens. 8.6.1915. Prisonniers allemands</Titre>
		<Analyse>Amiens (Somme).
8 juin 1915. Guerre 1914-1918.
Vue de prisonniers allemands défilant rue Saint-Leu.
Au premier plan: un cheval, au second plan: des prisonniers, dont un qui regarde vers l&apos;objectif.</Analyse>
		<Realise_en>1915</Realise_en>
		<Liste_des_auteurs>BERTHELÉ, Raoul</Liste_des_auteurs>
		<Type_Doc>NEGATIF N&amp;B</Type_Doc>
		<Support>VERRE</Support>
		<Technique>Photographie stéréo </Technique>
		<Format>4,5 x 10,7 cm</Format>
		<Cote>49Fi26</Cote>
		<Observations>Un tirage de la partie droite du négatif porte la cote 49Fi1872/68. Un tirage recadré de la partie gauche du négatif porte la cote 49Fi1874/5.</Observations>
		<Origine>Don Faucher-Berhelé entré le 10/11/1978.</Origine>
		<Droits_Repro>Domaine public</Droits_Repro>
		<subject>MILITAIRE;PRISONNIER DE GUERRE;GUERRE 1914-1918;</subject>
		<geoname>AMIENS (ville);SOMME (département);</geoname>
		<persname></persname>
		<corpname></corpname>
	</DocsFigures>
<DocsFigures>
		<Titre>Amiens. 8.6.1915. Prisonniers allemands</Titre>
		<Analyse>Amiens (Somme).
8 juin 1915. Guerre 1914-1918.
Vue de prisonniers allemands défilant rue Saint-Leu.
Au premier plan: 9 prisonniers allemands et un officier français.</Analyse>
		<Realise_en>1915</Realise_en>
		<Liste_des_auteurs>BERTHELÉ, Raoul</Liste_des_auteurs>
		<Type_Doc>NEGATIF N&amp;B</Type_Doc>
		<Support>VERRE</Support>
		<Technique>Photographie stéréo </Technique>
		<Format>4,5 x 10,7 cm</Format>
		<Cote>49Fi27</Cote>
		<Observations>Un tirage de la partie droite du négatif porte la cote 49Fi1872/64.</Observations>
		<Origine>Don Faucher-Berhelé entré le 10/11/1978.</Origine>
		<Droits_Repro>Domaine public</Droits_Repro>
		<subject>MILITAIRE;PRISONNIER DE GUERRE;GUERRE 1914-1918;</subject>
		<geoname>AMIENS (ville);SOMME (département);</geoname>
		<persname></persname>
		<corpname></corpname>
	</DocsFigures>
<DocsFigures>
		<Titre>Amiens. 8.6.1915. Prisonniers allemands</Titre>
		<Analyse>Amiens (Somme).
8 juin 1915. Guerre 1914-1918.
Vue de prisonniers allemands défilant rue Saint-Leu.
Les prisonniers passent devant un restaurant; sur sa façade est écrit: &quot;Aux enfants du Nord&quot;.
Au premier plan un cheval à gauche et un homme à droite.</Analyse>
		<Realise_en>1915</Realise_en>
		<Liste_des_auteurs>BERTHELÉ, Raoul</Liste_des_auteurs>
		<Type_Doc>NEGATIF N&amp;B</Type_Doc>
		<Support>VERRE</Support>
		<Technique>Photographie stéréo </Technique>
		<Format>4,5 x 10,7 cm</Format>
		<Cote>49Fi28</Cote>
		<Observations>Trois tirages de la partie droite du négatif portent les cotes 49Fi1872/69, 49Fi1874/4 (recadré) et 49Fi1895 (recadré).</Observations>
		<Origine>Don Faucher-Berhelé entré le 10/11/1978.</Origine>
		<Droits_Repro>Domaine public</Droits_Repro>
		<subject>MILITAIRE;PRISONNIER DE GUERRE;FEMME;ENFANT;GUERRE 1914-1918;</subject>
		<geoname>AMIENS (ville);SOMME (département);</geoname>
		<persname></persname>
		<corpname></corpname>
	</DocsFigures>
<DocsFigures>
		<Titre>Amiens. 8.6.1915. Prisonniers allemands</Titre>
		<Analyse>Colonne de prisonniers allemands dans une rue d&apos;Amiens (Somme).
8 juin 1915. 
Guerre 1914-1918.
Au premier plan un groupe de prisonniers allemands accompagné d&apos;un officier français.</Analyse>
		<Realise_en>1915</Realise_en>
		<Liste_des_auteurs>BERTHELÉ, Raoul</Liste_des_auteurs>
		<Type_Doc>NEGATIF N&amp;B</Type_Doc>
		<Support>VERRE</Support>
		<Technique>Photographie stéréo </Technique>
		<Format>4,5 x 10,7 cm</Format>
		<Cote>49Fi29</Cote>
		<Observations>Même cliché que le  49Fi1897 et de la 49Fi1874/3.</Observations>
		<Origine>Don Faucher-Berhelé entré le 10/11/1978.</Origine>
		<Droits_Repro>Domaine public</Droits_Repro>
		<subject>MILITAIRE;PRISONNIER DE GUERRE;GUERRE 1914-1918;</subject>
		<geoname>AMIENS (ville);SOMME (département);</geoname>
		<persname></persname>
		<corpname></corpname>
	</DocsFigures>
<DocsFigures>
		<Titre>Amiens. Biplan M. Farman. P. Descoings</Titre>
		<Analyse>Vue d&apos;un avion biplan M. Farman en plein vol, piloté Paul Descoings au dessus d&apos;un champ d&apos;aviation près d&apos;Amiens (Somme).
Juin 1915. 
Guerre 1914-1918.</Analyse>
		<Realise_en>1915</Realise_en>
		<Liste_des_auteurs>BERTHELÉ, Raoul</Liste_des_auteurs>
		<Type_Doc>NEGATIF N&amp;B</Type_Doc>
		<Support>VERRE</Support>
		<Technique>Photographie stéréo </Technique>
		<Format>4,5 x 10,7 cm</Format>
		<Cote>49Fi30</Cote>
		<Observations>Image altérée</Observations>
		<Origine>Don Faucher-Berhelé entré le 10/11/1978.</Origine>
		<Droits_Repro>Domaine public</Droits_Repro>
		<subject>GUERRE 1914-1918;</subject>
		<geoname>AMIENS (ville);SOMME (département);</geoname>
		<persname></persname>
		<corpname></corpname>
	</DocsFigures>
<DocsFigures>
		<Titre>Corbie. Parc d&apos;aviation n° 5. Aviatic</Titre>
		<Analyse>Avion allemand Aviatic stationné dans un hangar du parc d&apos;aviation n°5 à Corbie (Somme).
15 Juin 1915. 
Guerre 1914-1918.</Analyse>
		<Realise_en>1915</Realise_en>
		<Liste_des_auteurs>BERTHELÉ, Raoul</Liste_des_auteurs>
		<Type_Doc>NEGATIF N&amp;B</Type_Doc>
		<Support>VERRE</Support>
		<Technique>Photographie stéréo </Technique>
		<Format>4,5 x 10,7 cm</Format>
		<Cote>49Fi31</Cote>
		<Observations>Même cliché que le 49Fi1874/7</Observations>
		<Origine>Don Faucher-Berhelé entré le 10/11/1978.</Origine>
		<Droits_Repro>Domaine public</Droits_Repro>
		<subject>GUERRE 1914-1918;</subject>
		<geoname>CORBIE (ville);SOMME (département);</geoname>
		<persname></persname>
		<corpname></corpname>
	</DocsFigures>
<DocsFigures>
		<Titre>Corbie. Parc d&apos;aviation n° 5. Aviatic</Titre>
		<Analyse>Avion allemand Aviatic stationné dans un hangar à côté d&apos;une voiture, situé dans le parc d&apos;aviation n°5 de Corbie (Somme).
Juin 1915. 
Guerre 1914-1918.</Analyse>
		<Realise_en>1915</Realise_en>
		<Liste_des_auteurs>BERTHELÉ, Raoul</Liste_des_auteurs>
		<Type_Doc>NEGATIF N&amp;B</Type_Doc>
		<Support>VERRE</Support>
		<Technique>Photographie stéréo </Technique>
		<Format>4,5 x 10,7 cm</Format>
		<Cote>49Fi32</Cote>
		<Observations></Observations>
		<Origine>Don Faucher-Berhelé entré le 10/11/1978.</Origine>
		<Droits_Repro>Domaine public</Droits_Repro>
		<subject>GUERRE 1914-1918;</subject>
		<geoname>CORBIE (ville);SOMME (département);</geoname>
		<persname></persname>
		<corpname></corpname>
	</DocsFigures>
<DocsFigures>
		<Titre>Amiens. 15 juin 1915. Biplan Caudron venant de capoter</Titre>
		<Analyse>Vue d&apos;ensemble d&apos;un avion biplan Caudron venant de se retourner dans un champs près d&apos;Amiens (Somme).
15 juin 1915. 
Guerre 1914-1918.</Analyse>
		<Realise_en>1915</Realise_en>
		<Liste_des_auteurs>BERTHELÉ, Raoul</Liste_des_auteurs>
		<Type_Doc>NEGATIF N&amp;B</Type_Doc>
		<Support>VERRE</Support>
		<Technique>Photographie stéréo </Technique>
		<Format>4,5 x 10,7 cm</Format>
		<Cote>49Fi33</Cote>
		<Observations>Même cliché que les 49Fi1872/80 et 49Fi1874/12.</Observations>
		<Origine>Don Faucher-Berhelé entré le 10/11/1978.</Origine>
		<Droits_Repro>Domaine public</Droits_Repro>
		<subject>GUERRE 1914-1918;</subject>
		<geoname>AMIENS (ville);SOMME (département);</geoname>
		<persname></persname>
		<corpname></corpname>
	</DocsFigures>
<DocsFigures>
		<Titre>Corbie. Hôpital de triage. M. Rémy. Départ des blessés.</Titre>
		<Analyse>Les blessés quittent l&apos;hôpital de triage de Corbie (Somme) pour être rapatriés dans un autre hôpital.
Juin 1915. 
Guerre 1914-1918.
Au premier plan M. Rémy avec un chien.</Analyse>
		<Realise_en>1915</Realise_en>
		<Liste_des_auteurs>BERTHELÉ, Raoul</Liste_des_auteurs>
		<Type_Doc>NEGATIF N&amp;B</Type_Doc>
		<Support>VERRE</Support>
		<Technique>Photographie stéréo </Technique>
		<Format>4,5 x 10,7 cm</Format>
		<Cote>49Fi34</Cote>
		<Observations>Même cliché que le 49Fi1874/11.</Observations>
		<Origine>Don Faucher-Berhelé entré le 10/11/1978.</Origine>
		<Droits_Repro>Domaine public</Droits_Repro>
		<subject>MILITAIRE;SERVICE SANITAIRE MILITAIRE;VICTIME DE GUERRE;VEHICULE AUTOMOBILE;TRANSPORT SANITAIRE;GUERRE 1914-1918;</subject>
		<geoname>CORBIE (ville);SOMME (département);</geoname>
		<persname></persname>
		<corpname>CROIX-ROUGE FRANCAISE;</corpname>
	</DocsFigures>
<DocsFigures>
		<Titre>Corbie. Gare. Blessés allemands</Titre>
		<Analyse>Trois prisonniers allemands à la gare de Corbie (Somme).
Juin 1915. 
Guerre 1914-1918.
Deux des prisonniers sont blessés à la tête.</Analyse>
		<Realise_en>1915</Realise_en>
		<Liste_des_auteurs>BERTHELÉ, Raoul</Liste_des_auteurs>
		<Type_Doc>NEGATIF N&amp;B</Type_Doc>
		<Support>VERRE</Support>
		<Technique>Photographie stéréo </Technique>
		<Format>4,5 x 10,7 cm</Format>
		<Cote>49Fi35</Cote>
		<Observations>Il manque la partie gauche de la stéréoscopie.
Même cliché que le 49Fi1874/10.</Observations>
		<Origine>Don Faucher-Berhelé entré le 10/11/1978.</Origine>
		<Droits_Repro>Domaine public</Droits_Repro>
		<subject>MILITAIRE;PRISONNIER DE GUERRE;GARE;VICTIME DE GUERRE;GUERRE 1914-1918;</subject>
		<geoname>CORBIE (ville);SOMME (département);</geoname>
		<persname></persname>
		<corpname></corpname>
	</DocsFigures>
<DocsFigures>
		<Titre>Cagny. Prisonniers allemands en corvée</Titre>
		<Analyse>Prisonniers allemands en corvée sur une route près de Cagny (Somme).
Juin 1915. 
Guerre 1914-1918.
Ils sont munis de pelles et de balais.</Analyse>
		<Realise_en>1915</Realise_en>
		<Liste_des_auteurs>BERTHELÉ, Raoul</Liste_des_auteurs>
		<Type_Doc>NEGATIF N&amp;B</Type_Doc>
		<Support>VERRE</Support>
		<Technique>Photographie stéréo </Technique>
		<Format>4,5 x 10,7 cm</Format>
		<Cote>49Fi36</Cote>
		<Observations>Même cliché que le 49Fi1874/9.</Observations>
		<Origine>Don Faucher-Berhelé entré le 10/11/1978.</Origine>
		<Droits_Repro>Domaine public</Droits_Repro>
		<subject>MILITAIRE;PRISONNIER DE GUERRE;GUERRE 1914-1918;</subject>
		<geoname>CAGNY (village);SOMME (département);</geoname>
		<persname></persname>
		<corpname></corpname>
	</DocsFigures>
<DocsFigures>
		<Titre>Saleux. 13 juin 1915. Mlle Jeanne Cornu dîne</Titre>
		<Analyse>Mlle Jeanne Cornu attablée dans un salon à Saleux (Somme).
13 juin 1915. 
Guerre 1914-1918.</Analyse>
		<Realise_en>1915</Realise_en>
		<Liste_des_auteurs>BERTHELÉ, Raoul</Liste_des_auteurs>
		<Type_Doc>NEGATIF N&amp;B</Type_Doc>
		<Support>VERRE</Support>
		<Technique>Photographie stéréo </Technique>
		<Format>4,5 x 10,7 cm</Format>
		<Cote>49Fi37</Cote>
		<Observations></Observations>
		<Origine>Don Faucher-Berhelé entré le 10/11/1978.</Origine>
		<Droits_Repro>Domaine public</Droits_Repro>
		<subject>GUERRE 1914-1918;</subject>
		<geoname>SALEUX (ville);SOMME (département);</geoname>
		<persname></persname>
		<corpname></corpname>
	</DocsFigures>
<DocsFigures>
		<Titre>Saleux. 13 juin 1915. Mlle Jeanne Cornu dîne</Titre>
		<Analyse>Mlle Jeanne Cornu attablée dans un salon à Saleux (Somme).
13 juin 1915. 
Guerre 1914-1918.</Analyse>
		<Realise_en>1915</Realise_en>
		<Liste_des_auteurs>BERTHELÉ, Raoul</Liste_des_auteurs>
		<Type_Doc>NEGATIF N&amp;B</Type_Doc>
		<Support>VERRE</Support>
		<Technique>Photographie stéréo </Technique>
		<Format>4,5 x 10,7 cm</Format>
		<Cote>49Fi38</Cote>
		<Observations>Il manque la partie droite de la stéréoscopie.</Observations>
		<Origine>Don Faucher-Berhelé entré le 10/11/1978.</Origine>
		<Droits_Repro>Domaine public</Droits_Repro>
		<subject>GUERRE 1914-1918;</subject>
		<geoname>SALEUX (ville);SOMME (département);</geoname>
		<persname></persname>
		<corpname></corpname>
	</DocsFigures>
<DocsFigures>
		<Titre>Amiens. M. Farman. P. Descoings</Titre>
		<Analyse>Vue en contre-plongée d&apos;un avion M. Farman dans lequel se trouve l&apos;aviateur Paul Descoings près d&apos;Amiens (Somme).
Juin 1915. 
Guerre 1914-1918.</Analyse>
		<Realise_en>1915</Realise_en>
		<Liste_des_auteurs>BERTHELÉ, Raoul</Liste_des_auteurs>
		<Type_Doc>NEGATIF N&amp;B</Type_Doc>
		<Support>VERRE</Support>
		<Technique>Photographie stéréo </Technique>
		<Format>4,5 x 10,7 cm</Format>
		<Cote>49Fi39</Cote>
		<Observations></Observations>
		<Origine>Don Faucher-Berhelé entré le 10/11/1978.</Origine>
		<Droits_Repro>Domaine public</Droits_Repro>
		<subject>GUERRE 1914-1918;</subject>
		<geoname>AMIENS (ville);SOMME (département);</geoname>
		<persname></persname>
		<corpname></corpname>
	</DocsFigures>
<DocsFigures>
		<Titre>Amiens. 8.6.1915. Prisonniers allemands</Titre>
		<Analyse>Colonne de prisonniers allemands dans une rue d&apos;Amiens (Somme).
8 juin 1915. 
Guerre 1914-1918.
Au premier plan un cavalier français qui encadre le groupe de prisonniers, au second des spectateurs. </Analyse>
		<Realise_en>1915</Realise_en>
		<Liste_des_auteurs>BERTHELÉ, Raoul</Liste_des_auteurs>
		<Type_Doc>NEGATIF N&amp;B</Type_Doc>
		<Support>VERRE</Support>
		<Technique>Photographie stéréo </Technique>
		<Format>4,5 x 10,7 cm</Format>
		<Cote>49Fi40</Cote>
		<Observations>Même cliché que le  49Fi1896 et de la 49Fi1874/2.</Observations>
		<Origine>Don Faucher-Berhelé entré le 10/11/1978.</Origine>
		<Droits_Repro>Domaine public</Droits_Repro>
		<subject>MILITAIRE;PRISONNIER DE GUERRE;EQUIDE;ETRANGER;GUERRE 1914-1918;</subject>
		<geoname>AMIENS (ville);SOMME (département);</geoname>
		<persname></persname>
		<corpname></corpname>
	</DocsFigures>
<DocsFigures>
		<Titre>Amiens. 8.6.1915. Prisonniers allemands</Titre>
		<Analyse>Colonne de prisonniers allemands dans une rue d&apos;Amiens (Somme).
8 juin 1915. 
Guerre 1914-1918.
Au premier plan un officier.</Analyse>
		<Realise_en>1915</Realise_en>
		<Liste_des_auteurs>BERTHELÉ, Raoul</Liste_des_auteurs>
		<Type_Doc>NEGATIF N&amp;B</Type_Doc>
		<Support>VERRE</Support>
		<Technique>Photographie stéréo </Technique>
		<Format>4,5 x 10,7 cm</Format>
		<Cote>49Fi41</Cote>
		<Observations></Observations>
		<Origine>Don Faucher-Berhelé entré le 10/11/1978.</Origine>
		<Droits_Repro>Domaine public</Droits_Repro>
		<subject>MILITAIRE;PRISONNIER DE GUERRE;GUERRE 1914-1918;</subject>
		<geoname>AMIENS (ville);SOMME (département);</geoname>
		<persname></persname>
		<corpname></corpname>
	</DocsFigures>
<DocsFigures>
		<Titre>Amiens. 8.6.1915. Prisonniers allemands</Titre>
		<Analyse>Colonne de prisonniers allemands dans une rue d&apos;Amiens (Somme).
8 juin 1915. 
Guerre 1914-1918.</Analyse>
		<Realise_en>1915</Realise_en>
		<Liste_des_auteurs>BERTHELÉ, Raoul</Liste_des_auteurs>
		<Type_Doc>NEGATIF N&amp;B</Type_Doc>
		<Support>VERRE</Support>
		<Technique>Photographie stéréo </Technique>
		<Format>4,5 x 10,7 cm</Format>
		<Cote>49Fi42</Cote>
		<Observations></Observations>
		<Origine>Don Faucher-Berhelé entré le 10/11/1978.</Origine>
		<Droits_Repro>Domaine public</Droits_Repro>
		<subject>MILITAIRE;PRISONNIER DE GUERRE;GUERRE 1914-1918;</subject>
		<geoname>AMIENS (ville);SOMME (département);</geoname>
		<persname></persname>
		<corpname></corpname>
	</DocsFigures>
<DocsFigures>
		<Titre>Amiens. 8.6.1915. Prisonniers allemands</Titre>
		<Analyse>Amiens (Somme).
8 juin 1915. Guerre 1914-1918.
Vue de prisonniers allemands défilant rue Saint-Leu.</Analyse>
		<Realise_en>1915</Realise_en>
		<Liste_des_auteurs>BERTHELÉ, Raoul</Liste_des_auteurs>
		<Type_Doc>NEGATIF N&amp;B</Type_Doc>
		<Support>VERRE</Support>
		<Technique>Photographie stéréo </Technique>
		<Format>4,5 x 10,7 cm</Format>
		<Cote>49Fi43</Cote>
		<Observations>Plaque de verre cassée côté droit, et restaurée par la suite.
Négatif original du 49Fi63 et du 49Fi101, trois tirages de la partie gauche sont cotés 49Fi1872/72, 49Fi1874/6, 49Fi1874/8.</Observations>
		<Origine>Don Faucher-Berhelé entré le 10/11/1978.</Origine>
		<Droits_Repro>Domaine public</Droits_Repro>
		<subject>MILITAIRE;PRISONNIER DE GUERRE;GUERRE 1914-1918;</subject>
		<geoname>AMIENS (ville);SOMME (département);</geoname>
		<persname></persname>
		<corpname></corpname>
	</DocsFigures>
<DocsFigures>
		<Titre>Amiens. 8.6.1915. Prisonniers allemands</Titre>
		<Analyse>Colonne de prisonniers allemands dans une rue d&apos;Amiens (Somme).
8 juin 1915. 
Guerre 1914-1918.
Ils sont encadrés par des cavaliers français. Au premier plan chevaux.</Analyse>
		<Realise_en>1915</Realise_en>
		<Liste_des_auteurs>BERTHELÉ, Raoul</Liste_des_auteurs>
		<Type_Doc>NEGATIF N&amp;B</Type_Doc>
		<Support>VERRE</Support>
		<Technique>Photographie stéréo </Technique>
		<Format>4,5 x 10,7 cm</Format>
		<Cote>49Fi44</Cote>
		<Observations>L&apos;image est vibrée floue.</Observations>
		<Origine>Don Faucher-Berhelé entré le 10/11/1978.</Origine>
		<Droits_Repro>Domaine public</Droits_Repro>
		<subject>MILITAIRE;PRISONNIER DE GUERRE;GUERRE 1914-1918;</subject>
		<geoname>AMIENS (ville);SOMME (département);</geoname>
		<persname></persname>
		<corpname></corpname>
	</DocsFigures>
<DocsFigures>
		<Titre>Sermaize. Vue générale</Titre>
		<Analyse>Vue panoramique du village en ruine de Sermaize-les-Bains (Marne).
Juin 1915. 
Guerre 1914-1918.
Au premier plan ruines de maisons qui ont été bombardées.</Analyse>
		<Realise_en>1915</Realise_en>
		<Liste_des_auteurs>BERTHELÉ, Raoul</Liste_des_auteurs>
		<Type_Doc>Positif N&amp;B</Type_Doc>
		<Support>VERRE</Support>
		<Technique>Photographie stéréo </Technique>
		<Format>4,5 x 10,7 cm</Format>
		<Cote>49Fi45</Cote>
		<Observations>Ces documents sont extraits de la boîte 5S341/3</Observations>
		<Origine>Don Faucher-Berhelé entré le 10/11/1978.</Origine>
		<Droits_Repro>Domaine public</Droits_Repro>
		<subject>BIEN SINISTRE;SINISTRE;GUERRE 1914-1918;</subject>
		<geoname>MARNE (département);SERMAIZE-LES-BAINS (ville);</geoname>
		<persname></persname>
		<corpname></corpname>
	</DocsFigures>
<DocsFigures>
		<Titre>24. Wassincourt [Vassincourt]</Titre>
		<Analyse>&quot;dans la maison du fond se trouvait 16 cadavres calcinés de soldats français 46e infanterie enfermés là par les Allemands&quot;.
Village de Vassincourt (Meuse). 
Mai-juin 1915. Guerre 1914-1918.
Vue d&apos;ensemble d&apos;officiers et d&apos;un homme avec vélo, posant devant une maison.
Dans le groupe de personnes se trouve Raoul Berthelé (4e en partant de la droite).
La maison contenait les cadavres calcinés de 16 soldats français du 46e régiment d&apos;infanterie enfermés là par les Allemands.</Analyse>
		<Realise_en>1915</Realise_en>
		<Liste_des_auteurs>BERTHELÉ, Raoul</Liste_des_auteurs>
		<Type_Doc>Positif N&amp;B</Type_Doc>
		<Support>VERRE</Support>
		<Technique>Photographie stéréo </Technique>
		<Format>4,5 x 10,7 cm</Format>
		<Cote>49Fi46</Cote>
		<Observations>Même cliché que le 49Fi1870/11.</Observations>
		<Origine>Don Faucher-Berhelé entré le 10/11/1978.</Origine>
		<Droits_Repro>Domaine public</Droits_Repro>
		<subject>MILITAIRE;BIEN SINISTRE;GUERRE 1914-1918;</subject>
		<geoname>MEUSE (département);VASSINCOURT (village);</geoname>
		<persname>BERTHELE, Raoul;</persname>
		<corpname></corpname>
	</DocsFigures>
<DocsFigures>
		<Titre>La Cheppe. Sous-bois</Titre>
		<Analyse>Vue d&apos;ensemble d&apos;un sous-bois près de La Cheppe (Marne).
Juin 1915. 
Guerre 1914-1918.</Analyse>
		<Realise_en>1915</Realise_en>
		<Liste_des_auteurs>BERTHELÉ, Raoul</Liste_des_auteurs>
		<Type_Doc>Positif N&amp;B</Type_Doc>
		<Support>VERRE</Support>
		<Technique>Photographie stéréo </Technique>
		<Format>4,5 x 10,7 cm</Format>
		<Cote>49Fi47</Cote>
		<Observations>Ces documents sont extraits de la boîte 5S341/3
Lié à la 49Fi1875/88</Observations>
		<Origine>Don Faucher-Berhelé entré le 10/11/1978.</Origine>
		<Droits_Repro>Domaine public</Droits_Repro>
		<subject>GUERRE 1914-1918;</subject>
		<geoname>LA CHEPPE (village);MARNE (département);</geoname>
		<persname></persname>
		<corpname></corpname>
	</DocsFigures>
<DocsFigures>
		<Titre>Forêt des hospices d&apos;Amiens. 4 juin 1915</Titre>
		<Analyse>Vue de la forêt des hospices d&apos;Amiens (Somme).
4 juin 1915. 
Guerre 1914-1918.</Analyse>
		<Realise_en>1915</Realise_en>
		<Liste_des_auteurs>BERTHELÉ, Raoul</Liste_des_auteurs>
		<Type_Doc>Positif N&amp;B</Type_Doc>
		<Support>VERRE</Support>
		<Technique>Photographie stéréo </Technique>
		<Format>4,5 x 10,7 cm</Format>
		<Cote>49Fi48</Cote>
		<Observations>Ces documents sont extraits de la boîte 5S341/3</Observations>
		<Origine>Don Faucher-Berhelé entré le 10/11/1978.</Origine>
		<Droits_Repro>Domaine public</Droits_Repro>
		<subject>GUERRE 1914-1918;</subject>
		<geoname>AMIENS (ville);SOMME (département);</geoname>
		<persname></persname>
		<corpname></corpname>
	</DocsFigures>
<DocsFigures>
		<Titre>Amiens. Champ d&apos;aviation. Biplan Nieuport</Titre>
		<Analyse>Vue d&apos;ensemble d&apos;un avion biplan Nieuport prêt à décoller sur un champ d&apos;aviation près d&apos;Amiens (Somme).
Juin 1915. 
Guerre 1914-1918.</Analyse>
		<Realise_en>1915</Realise_en>
		<Liste_des_auteurs>BERTHELÉ, Raoul</Liste_des_auteurs>
		<Type_Doc>Positif N&amp;B</Type_Doc>
		<Support>VERRE</Support>
		<Technique>Photographie stéréo </Technique>
		<Format>4,5 x 10,7 cm</Format>
		<Cote>49Fi49</Cote>
		<Observations>Ces documents sont extraits de la boîte 5S341/3</Observations>
		<Origine>Don Faucher-Berhelé entré le 10/11/1978.</Origine>
		<Droits_Repro>Domaine public</Droits_Repro>
		<subject>GUERRE 1914-1918;</subject>
		<geoname>AMIENS (ville);SOMME (département);</geoname>
		<persname></persname>
		<corpname></corpname>
	</DocsFigures>
<DocsFigures>
		<Titre>29. Wassincourt [Vassincourt]. Ce qui reste d&apos;une maison</Titre>
		<Analyse>&quot;(châssis d&apos;une fenêtre, la pompe et le fourneau d&apos;une cuisine)&quot;
Vue des ruines d&apos;une maison bombardée dans lesquelles on reconnaît les vestiges d&apos;une cuisine, à Vassincourt (Meuse).
Mai-juin 1915. 
Guerre 1914-1918.</Analyse>
		<Realise_en>1915</Realise_en>
		<Liste_des_auteurs>BERTHELÉ, Raoul</Liste_des_auteurs>
		<Type_Doc>Positif N&amp;B</Type_Doc>
		<Support>VERRE</Support>
		<Technique>Photographie stéréo </Technique>
		<Format>4,5 x 10,7 cm</Format>
		<Cote>49Fi50</Cote>
		<Observations>Même cliché que le 49Fi1870/7.</Observations>
		<Origine>Don Faucher-Berhelé entré le 10/11/1978.</Origine>
		<Droits_Repro>Domaine public</Droits_Repro>
		<subject>SINISTRE;BIEN SINISTRE;GUERRE 1914-1918;</subject>
		<geoname>VASSINCOURT (village);MEUSE (département);</geoname>
		<persname></persname>
		<corpname></corpname>
	</DocsFigures>
<DocsFigures>
		<Titre>28. Wassincourt [Vassincourt]. L&apos;église</Titre>
		<Analyse>Vue d&apos;ensemble de l&apos;église de Vassincourt (Meuse) et de son cimetière.
Mai-juin 1915. 
Guerre 1914-1918.
Le clocher a été détruit par un bombardement.</Analyse>
		<Realise_en>1915</Realise_en>
		<Liste_des_auteurs>BERTHELÉ, Raoul</Liste_des_auteurs>
		<Type_Doc>Positif N&amp;B</Type_Doc>
		<Support>VERRE</Support>
		<Technique>Photographie stéréo </Technique>
		<Format>4,5 x 10,7 cm</Format>
		<Cote>49Fi51</Cote>
		<Observations>Même cliché que le 49Fi1870/10.</Observations>
		<Origine>Don Faucher-Berhelé entré le 10/11/1978.</Origine>
		<Droits_Repro>Domaine public</Droits_Repro>
		<subject>EDIFICE CULTUEL;BIEN SINISTRE;CIMETIERE;GUERRE 1914-1918;</subject>
		<geoname>VASSINCOURT (village);MEUSE (département);</geoname>
		<persname></persname>
		<corpname></corpname>
	</DocsFigures>
<DocsFigures>
		<Titre>23. Wassincourt [Vassincourt]. La première maison</Titre>
		<Analyse>Vue d&apos;ensemble de la première maison du village de Vassincourt (Meuse).
Mai-juin 1915. 
Guerre 1914-1918.
La façade a été éventrée par un bombardement.</Analyse>
		<Realise_en>1915</Realise_en>
		<Liste_des_auteurs>BERTHELÉ, Raoul</Liste_des_auteurs>
		<Type_Doc>Positif N&amp;B</Type_Doc>
		<Support>VERRE</Support>
		<Technique>Photographie stéréo </Technique>
		<Format>4,5 x 10,7 cm</Format>
		<Cote>49Fi52</Cote>
		<Observations>Même cliché que le 49Fi1870/4.</Observations>
		<Origine>Don Faucher-Berhelé entré le 10/11/1978.</Origine>
		<Droits_Repro>Domaine public</Droits_Repro>
		<subject>GUERRE 1914-1918;</subject>
		<geoname>MEUSE (département);VASSINCOURT (village);</geoname>
		<persname></persname>
		<corpname></corpname>
	</DocsFigures>
<DocsFigures>
		<Titre>30. Wassincourt [Vassincourt]. La tombe de deux braves</Titre>
		<Analyse>Vue d&apos;une tombe dans un champs près de Vassincourt (Meuse).
Mai-juin 1915. 
Guerre 1914-1918.
Sur la croix de la tombe sur trouve la casquette d&apos;un lieutenant et un casque.</Analyse>
		<Realise_en>1915</Realise_en>
		<Liste_des_auteurs>BERTHELÉ, Raoul</Liste_des_auteurs>
		<Type_Doc>Positif N&amp;B</Type_Doc>
		<Support>VERRE</Support>
		<Technique>Photographie stéréo </Technique>
		<Format>4,5 x 10,7 cm</Format>
		<Cote>49Fi53</Cote>
		<Observations>Ces documents sont extraits de la boîte 5S341/3</Observations>
		<Origine>Don Faucher-Berhelé entré le 10/11/1978.</Origine>
		<Droits_Repro>Domaine public</Droits_Repro>
		<subject>GUERRE 1914-1918;</subject>
		<geoname>VASSINCOURT (village);MEUSE (département);</geoname>
		<persname></persname>
		<corpname></corpname>
	</DocsFigures>
<DocsFigures>
		<Titre>27. Wassincourt [Vassincourt]. La rue de l&apos;Eglise</Titre>
		<Analyse>Vue de la rue de l&apos;Eglise de Vassincourt (Meuse) qui a été bombardée.
Mai-juin 1915. 
Guerre 1914-1918.</Analyse>
		<Realise_en>1915</Realise_en>
		<Liste_des_auteurs>BERTHELÉ, Raoul</Liste_des_auteurs>
		<Type_Doc>Positif N&amp;B</Type_Doc>
		<Support>VERRE</Support>
		<Technique>Photographie stéréo </Technique>
		<Format>4,5 x 10,7 cm</Format>
		<Cote>49Fi54</Cote>
		<Observations>Même cliché que le 49Fi1870/9.</Observations>
		<Origine>Don Faucher-Berhelé entré le 10/11/1978.</Origine>
		<Droits_Repro>Domaine public</Droits_Repro>
		<subject>EDIFICE CULTUEL;BIEN SINISTRE;GUERRE 1914-1918;</subject>
		<geoname>VASSINCOURT (village);MEUSE (département);</geoname>
		<persname></persname>
		<corpname></corpname>
	</DocsFigures>
<DocsFigures>
		<Titre>Amiens. En aéro 700m. Square R. Goblet. Cathédrale</Titre>
		<Analyse>Vue aérienne (700m d&apos;altitude) de la ville d&apos;Amiens (Somme).
Juin 1915. 
Guerre 1914-1918.
En haut à gauche la cathédrale d&apos;Amiens (Somme) et en bas le square René Goblet.</Analyse>
		<Realise_en>1915</Realise_en>
		<Liste_des_auteurs>BERTHELÉ, Raoul</Liste_des_auteurs>
		<Type_Doc>Positif N&amp;B</Type_Doc>
		<Support>VERRE</Support>
		<Technique>Photographie stéréo </Technique>
		<Format>4,5 x 10,7 cm</Format>
		<Cote>49Fi55</Cote>
		<Observations>Ces documents sont extraits de la boîte 5S341/3</Observations>
		<Origine>Don Faucher-Berhelé entré le 10/11/1978.</Origine>
		<Droits_Repro>Domaine public</Droits_Repro>
		<subject>GUERRE 1914-1918;</subject>
		<geoname>AMIENS (ville);SOMME (département);</geoname>
		<persname></persname>
		<corpname></corpname>
	</DocsFigures>
<DocsFigures>
		<Titre>Forêt des hospices d&apos;Amiens. 4/6/1915</Titre>
		<Analyse>Vue de la forêt des hospices d&apos;Amiens (Somme).
4 juin 1915. 
Guerre 1914-1918.</Analyse>
		<Realise_en>1915</Realise_en>
		<Liste_des_auteurs>BERTHELÉ, Raoul</Liste_des_auteurs>
		<Type_Doc>Positif N&amp;B</Type_Doc>
		<Support>VERRE</Support>
		<Technique>Photographie stéréo </Technique>
		<Format>4,5 x 10,7 cm</Format>
		<Cote>49Fi56</Cote>
		<Observations>Ces documents sont extraits de la boîte 5S341/3</Observations>
		<Origine>Don Faucher-Berhelé entré le 10/11/1978.</Origine>
		<Droits_Repro>Domaine public</Droits_Repro>
		<subject>GUERRE 1914-1918;</subject>
		<geoname>AMIENS (ville);SOMME (département);</geoname>
		<persname></persname>
		<corpname></corpname>
	</DocsFigures>
<DocsFigures>
		<Titre>La Cheppe. Sous-bois. R. Berthelé</Titre>
		<Analyse>Vue de Raoul Berthelé couché dans un sous-bois à La Cheppe (Marne).
Juin 1915. 
Guerre 1914-1918.</Analyse>
		<Realise_en>1915</Realise_en>
		<Liste_des_auteurs>BERTHELÉ, Raoul</Liste_des_auteurs>
		<Type_Doc>Positif N&amp;B</Type_Doc>
		<Support>VERRE</Support>
		<Technique>Photographie stéréo </Technique>
		<Format>4,5 x 10,7 cm</Format>
		<Cote>49Fi57</Cote>
		<Observations>Ces documents sont extraits de la boîte 5S341/3</Observations>
		<Origine>Don Faucher-Berhelé entré le 10/11/1978.</Origine>
		<Droits_Repro>Domaine public</Droits_Repro>
		<subject>GUERRE 1914-1918;</subject>
		<geoname>LA CHEPPE (village);MARNE (département);</geoname>
		<persname>BERTHELE, Raoul;</persname>
		<corpname></corpname>
	</DocsFigures>
<DocsFigures>
		<Titre>[Raoul Berthelé sur une charette]</Titre>
		<Analyse>Vue de Raoul Berthelé conduisant une charette revenant de l&apos;approvisionnement à Cuperly (Marne).
Juin 1915. 
Guerre 1914-1918.</Analyse>
		<Realise_en>1915</Realise_en>
		<Liste_des_auteurs>BERTHELÉ, Raoul</Liste_des_auteurs>
		<Type_Doc>Positif N&amp;B</Type_Doc>
		<Support>VERRE</Support>
		<Technique>Photographie stéréo </Technique>
		<Format>4,5 x 10,7 cm</Format>
		<Cote>49Fi58</Cote>
		<Observations>Même cliché que les 49Fi783 et 49Fi1859/1.</Observations>
		<Origine>Don Faucher-Berhelé entré le 10/11/1978.</Origine>
		<Droits_Repro>Domaine public</Droits_Repro>
		<subject>GUERRE 1914-1918;</subject>
		<geoname>MARNE (département);CUPERLY (village);</geoname>
		<persname>BERTHELE, Raoul;</persname>
		<corpname></corpname>
	</DocsFigures>
<DocsFigures>
		<Titre>25. Wassincourt [Vassincourt]. Ce qui reste d&apos;une ferme</Titre>
		<Analyse>&quot;dans le bâtiment de gauche il y avait encore 7 cadavres de vaches calcinées&quot;.
Vue d&apos;ensemble d&apos;une ferme détruite à Vassincourt (Marne).
Mai-juin 1915.
Guerre 1914-1918.
Au niveau du bâtiment gauche trois soldats dont Raoul Berthelé (3e à droite).</Analyse>
		<Realise_en>1915</Realise_en>
		<Liste_des_auteurs>BERTHELÉ, Raoul</Liste_des_auteurs>
		<Type_Doc>Positif N&amp;B</Type_Doc>
		<Support>VERRE</Support>
		<Technique>Photographie stéréo </Technique>
		<Format>4,5 x 10,7 cm</Format>
		<Cote>49Fi59</Cote>
		<Observations>Même cliché que le 49Fi1870/8.</Observations>
		<Origine>Don Faucher-Berhelé entré le 10/11/1978.</Origine>
		<Droits_Repro>Domaine public</Droits_Repro>
		<subject>MILITAIRE;BIEN SINISTRE;BATIMENT AGRICOLE;GUERRE 1914-1918;</subject>
		<geoname>VASSINCOURT (village);MARNE (département);</geoname>
		<persname>BERTHELE, Raoul;</persname>
		<corpname></corpname>
	</DocsFigures>
<DocsFigures>
		<Titre>Amiens. Cathédrale protégée contre les obus</Titre>
		<Analyse>Vue de la façade principale de la cathédrale d&apos;Amiens (Somme) protégée contre les bombardements.
17 juin 1915. 
Guerre 1914-1918.
La façade est protégée à l&apos;aide de sacs de sable empilés.</Analyse>
		<Realise_en>1915</Realise_en>
		<Liste_des_auteurs>BERTHELÉ, Raoul</Liste_des_auteurs>
		<Type_Doc>Positif N&amp;B</Type_Doc>
		<Support>VERRE</Support>
		<Technique>Photographie stéréo </Technique>
		<Format>4,5 x 10,7 cm</Format>
		<Cote>49Fi60</Cote>
		<Observations>Ces documents sont extraits de la boîte 5S341/3</Observations>
		<Origine>Don Faucher-Berhelé entré le 10/11/1978.</Origine>
		<Droits_Repro>Domaine public</Droits_Repro>
		<subject>EDIFICE CULTUEL;FORTIFICATION;*HOMME;GUERRE 1914-1918;</subject>
		<geoname>AMIENS (ville);SOMME (département);</geoname>
		<persname></persname>
		<corpname></corpname>
	</DocsFigures>
<DocsFigures>
		<Titre>Gare et hôpital de Fleury sur Aire. Ailes de Voisin 600m</Titre>
		<Analyse>Vue aérienne de la gare et de l&apos;hôpital de Fleury-sur-Aire (Meuse) prise à 600 m d&apos;altitude d&apos;un avion Voisin.
Juin 1915.
Guerre 1914-1918.
Au premier plan l&apos;aile de l&apos;avion.</Analyse>
		<Realise_en>1915</Realise_en>
		<Liste_des_auteurs>BERTHELÉ, Raoul</Liste_des_auteurs>
		<Type_Doc>Positif N&amp;B</Type_Doc>
		<Support>VERRE</Support>
		<Technique>Photographie stéréo </Technique>
		<Format>4,5 x 10,7 cm</Format>
		<Cote>49Fi61</Cote>
		<Observations>Ces documents sont extraits de la boîte 5S341/3</Observations>
		<Origine>Don Faucher-Berhelé entré le 10/11/1978.</Origine>
		<Droits_Repro>Domaine public</Droits_Repro>
		<subject>SERVICE SANITAIRE MILITAIRE;GARE;GUERRE 1914-1918;</subject>
		<geoname>FLEURY-SUR-AIRE (hameau);NUBECOURT (village);MEUSE (département);</geoname>
		<persname></persname>
		<corpname></corpname>
	</DocsFigures>
<DocsFigures>
		<Titre>Bronne</Titre>
		<Analyse>Vue d&apos;ensemble d&apos;un réseau de tranchées dans les alentours de Bronne (Marne).
Juin 1915. 
Guerre 1914-1918.
Au centre de la photo un lieutenant sort la tête hors d&apos;une tranchée.</Analyse>
		<Realise_en>1915</Realise_en>
		<Liste_des_auteurs>BERTHELÉ, Raoul</Liste_des_auteurs>
		<Type_Doc>Positif N&amp;B</Type_Doc>
		<Support>VERRE</Support>
		<Technique>Photographie stéréo </Technique>
		<Format>4,5 x 10,7 cm</Format>
		<Cote>49Fi62</Cote>
		<Observations>
Même cliché que le 49Fi1872/139.</Observations>
		<Origine>Don Faucher-Berhelé entré le 10/11/1978.</Origine>
		<Droits_Repro>Domaine public</Droits_Repro>
		<subject>GUERRE 1914-1918;</subject>
		<geoname>BRONNE (hameau);MARNE (département);</geoname>
		<persname></persname>
		<corpname></corpname>
	</DocsFigures>
<DocsFigures>
		<Titre>Amiens. 8.6.1915. Prisonniers allemands</Titre>
		<Analyse>Amiens (Somme).
8 juin 1915. Guerre 1914-1918.
Vue de prisonniers allemands défilant rue Saint-Leu.</Analyse>
		<Realise_en>1915</Realise_en>
		<Liste_des_auteurs>BERTHELÉ, Raoul</Liste_des_auteurs>
		<Type_Doc>Positif N&amp;B</Type_Doc>
		<Support>VERRE</Support>
		<Technique>Photographie stéréo </Technique>
		<Format>4,5 x 10,7 cm</Format>
		<Cote>49Fi63</Cote>
		<Observations>Positif tiré du 49Fi43, reproduit en négatif sur le 49Fi101, trois tirages de la partie droite sont cotés 49Fi1872/72, 49Fi1874/6, 49Fi1874/8.</Observations>
		<Origine>Don Faucher-Berhelé entré le 10/11/1978.</Origine>
		<Droits_Repro>Domaine public</Droits_Repro>
		<subject>MILITAIRE;PRISONNIER DE GUERRE;ETRANGER;EQUIDE;GUERRE 1914-1918;</subject>
		<geoname>AMIENS (ville);SOMME (département);</geoname>
		<persname></persname>
		<corpname></corpname>
	</DocsFigures>
<DocsFigures>
		<Titre>26. Wassincourt [Vassincourt]. Le café</Titre>
		<Analyse>Vue de la façade bombardée du café de Vassincourt (Meuse).
Mai-juin 1915. 
Guerre 1914-1918.
Au niveau de la devanture du café se trouvent trois militaires dont le Lieutenant Raoul Berthelé (à droite).</Analyse>
		<Realise_en>1915</Realise_en>
		<Liste_des_auteurs>BERTHELÉ, Raoul</Liste_des_auteurs>
		<Type_Doc>Positif N&amp;B</Type_Doc>
		<Support>VERRE</Support>
		<Technique>Photographie stéréo </Technique>
		<Format>4,5 x 10,7 cm</Format>
		<Cote>49Fi64</Cote>
		<Observations>Même cliché que le 49Fi1870/12.</Observations>
		<Origine>Don Faucher-Berhelé entré le 10/11/1978.</Origine>
		<Droits_Repro>Domaine public</Droits_Repro>
		<subject>GUERRE 1914-1918;</subject>
		<geoname>VASSINCOURT (village);MEUSE (département);</geoname>
		<persname>BERTHELE, Raoul;</persname>
		<corpname></corpname>
	</DocsFigures>
<DocsFigures>
		<Titre>Amiens. 11/07/1915. Bassin de natation</Titre>
		<Analyse>&quot;plongeon de Tourbier&quot;
Vue de M. Tourbier plongeant d&apos;un pont au bassin de natation d&apos;Amiens (Somme).
11 juillet 1915. 
Guerre 1914-1918.</Analyse>
		<Realise_en>1915</Realise_en>
		<Liste_des_auteurs>BERTHELÉ, Raoul</Liste_des_auteurs>
		<Type_Doc>NEGATIF N&amp;B</Type_Doc>
		<Support>VERRE</Support>
		<Technique>Photographie stéréo </Technique>
		<Format>4,5 x 10,7 cm</Format>
		<Cote>49Fi65</Cote>
		<Observations></Observations>
		<Origine>Don Faucher-Berhelé entré le 10/11/1978.</Origine>
		<Droits_Repro>Domaine public</Droits_Repro>
		<subject>GUERRE 1914-1918;</subject>
		<geoname>AMIENS (ville);SOMME (département);</geoname>
		<persname></persname>
		<corpname></corpname>
	</DocsFigures>
<DocsFigures>
		<Titre>Course de natation. Camon-Amiens. 11/07/15. arrivée</Titre>
		<Analyse>Deux nageurs sortent de l&apos;eau à l&apos;arrivée de la course de natation Camon-Amiens (Somme).
11 juillet 1915. 
Guerre 1914-1918.</Analyse>
		<Realise_en>1915</Realise_en>
		<Liste_des_auteurs>BERTHELÉ, Raoul</Liste_des_auteurs>
		<Type_Doc>NEGATIF N&amp;B</Type_Doc>
		<Support>VERRE</Support>
		<Technique>Photographie stéréo </Technique>
		<Format>4,5 x 10,7 cm</Format>
		<Cote>49Fi66</Cote>
		<Observations></Observations>
		<Origine>Don Faucher-Berhelé entré le 10/11/1978.</Origine>
		<Droits_Repro>Domaine public</Droits_Repro>
		<subject>GUERRE 1914-1918;</subject>
		<geoname>AMIENS (ville);SOMME (département);</geoname>
		<persname></persname>
		<corpname></corpname>
	</DocsFigures>
<DocsFigures>
		<Titre>Course de natation. Camon-Amiens. 11/07/15</Titre>
		<Analyse>Vue d&apos;ensemble des nageurs lors de la course de natation Camon-Amiens (Somme).
11 juillet 1915. 
Guerre 1914-1918.
Sur les bords de l&apos;eau la foule.</Analyse>
		<Realise_en>1915</Realise_en>
		<Liste_des_auteurs>BERTHELÉ, Raoul</Liste_des_auteurs>
		<Type_Doc>NEGATIF N&amp;B</Type_Doc>
		<Support>VERRE</Support>
		<Technique>Photographie stéréo </Technique>
		<Format>4,5 x 10,7 cm</Format>
		<Cote>49Fi67</Cote>
		<Observations></Observations>
		<Origine>Don Faucher-Berhelé entré le 10/11/1978.</Origine>
		<Droits_Repro>Domaine public</Droits_Repro>
		<subject>GUERRE 1914-1918;</subject>
		<geoname>AMIENS (ville);SOMME (département);</geoname>
		<persname></persname>
		<corpname></corpname>
	</DocsFigures>
<DocsFigures>
		<Titre>Course de natation. Camon-Amiens. 11/07/15</Titre>
		<Analyse>Vue d&apos;ensemble des nageurs en pleine action lors de la course de natation Camon-Amiens (Somme)
11 juillet 1915. 
Guerre 1914-1918.
Les compétiteurs sont suivis par une barque.</Analyse>
		<Realise_en>1915</Realise_en>
		<Liste_des_auteurs>BERTHELÉ, Raoul</Liste_des_auteurs>
		<Type_Doc>NEGATIF N&amp;B</Type_Doc>
		<Support>VERRE</Support>
		<Technique>Photographie stéréo </Technique>
		<Format>4,5 x 10,7 cm</Format>
		<Cote>49Fi68</Cote>
		<Observations></Observations>
		<Origine>Don Faucher-Berhelé entré le 10/11/1978.</Origine>
		<Droits_Repro>Domaine public</Droits_Repro>
		<subject>GUERRE 1914-1918;</subject>
		<geoname>AMIENS (ville);SOMME (département);</geoname>
		<persname></persname>
		<corpname></corpname>
	</DocsFigures>
<DocsFigures>
		<Titre>Course de natation. Camon-Amiens. 11/07/15</Titre>
		<Analyse>Vue d&apos;ensemble des nageurs en pleine action et des spectateurs lors de la course de natation Camon-Amiens (Somme).
11 juillet 1915. 
Guerre 1914-1918.
Les spectateurs suivent la course d&apos;un chemin de halage.</Analyse>
		<Realise_en>1915</Realise_en>
		<Liste_des_auteurs>BERTHELÉ, Raoul</Liste_des_auteurs>
		<Type_Doc>NEGATIF N&amp;B</Type_Doc>
		<Support>VERRE</Support>
		<Technique>Photographie stéréo </Technique>
		<Format>4,5 x 10,7 cm</Format>
		<Cote>49Fi69</Cote>
		<Observations></Observations>
		<Origine>Don Faucher-Berhelé entré le 10/11/1978.</Origine>
		<Droits_Repro>Domaine public</Droits_Repro>
		<subject>GUERRE 1914-1918;</subject>
		<geoname>AMIENS (ville);SOMME (département);</geoname>
		<persname></persname>
		<corpname></corpname>
	</DocsFigures>
<DocsFigures>
		<Titre>Course de natation. Camon-Amiens. 11/07/15. Les 3 premiers</Titre>
		<Analyse>Arrivée des trois vainqueurs de la course Camon-Amiens (Somme) au bassin de natation d&apos;Amiens (Somme).
11 juillet 1915. 
Guerre 1914-1918.</Analyse>
		<Realise_en>1915</Realise_en>
		<Liste_des_auteurs>BERTHELÉ, Raoul</Liste_des_auteurs>
		<Type_Doc>NEGATIF N&amp;B</Type_Doc>
		<Support>VERRE</Support>
		<Technique>Photographie stéréo </Technique>
		<Format>4,5 x 10,7 cm</Format>
		<Cote>49Fi70</Cote>
		<Observations></Observations>
		<Origine>Don Faucher-Berhelé entré le 10/11/1978.</Origine>
		<Droits_Repro>Domaine public</Droits_Repro>
		<subject>GUERRE 1914-1918;</subject>
		<geoname>AMIENS (ville);SOMME (département);</geoname>
		<persname></persname>
		<corpname></corpname>
	</DocsFigures>
<DocsFigures>
		<Titre>Amiens. 11/07/15. Bassin de natation. Tourbier</Titre>
		<Analyse>M. Tourbier en costume de bain prend la pose au bassin de natation d&apos;Amiens (Somme).
11 juillet 1915. 
Guerre 1914-1918.</Analyse>
		<Realise_en>1915</Realise_en>
		<Liste_des_auteurs>BERTHELÉ, Raoul</Liste_des_auteurs>
		<Type_Doc>NEGATIF N&amp;B</Type_Doc>
		<Support>VERRE</Support>
		<Technique>Photographie stéréo </Technique>
		<Format>4,5 x 10,7 cm</Format>
		<Cote>49Fi71</Cote>
		<Observations></Observations>
		<Origine>Don Faucher-Berhelé entré le 10/11/1978.</Origine>
		<Droits_Repro>Domaine public</Droits_Repro>
		<subject>GUERRE 1914-1918;</subject>
		<geoname>AMIENS (ville);SOMME (département);</geoname>
		<persname></persname>
		<corpname></corpname>
	</DocsFigures>
<DocsFigures>
		<Titre>Amiens. Bassin de natation. MM. Marle. Freuchet et Bellet</Titre>
		<Analyse>MM. Marle, Freuchet et Bellet sont à table avec d&apos;autres personnes au bassin de natation à Amiens (Somme).
11 juillet 1915. 
Guerre 1914-1918.</Analyse>
		<Realise_en>1915</Realise_en>
		<Liste_des_auteurs>BERTHELÉ, Raoul</Liste_des_auteurs>
		<Type_Doc>NEGATIF N&amp;B</Type_Doc>
		<Support>VERRE</Support>
		<Technique>Photographie stéréo </Technique>
		<Format>4,5 x 10,7 cm</Format>
		<Cote>49Fi72</Cote>
		<Observations></Observations>
		<Origine>Don Faucher-Berhelé entré le 10/11/1978.</Origine>
		<Droits_Repro>Domaine public</Droits_Repro>
		<subject>GUERRE 1914-1918;</subject>
		<geoname>AMIENS (ville);SOMME (département);</geoname>
		<persname></persname>
		<corpname></corpname>
	</DocsFigures>
<DocsFigures>
		<Titre>Course de natation. Camon-Amiens 11/07/15.</Titre>
		<Analyse>&quot;Port de Camon. départ&quot;.
Vue d&apos;ensemble du départ de la course de natation Camon-Amiens (Somme) au port de Camon.
11 juillet 1915. 
Guerre 1914-1918.</Analyse>
		<Realise_en>1915</Realise_en>
		<Liste_des_auteurs>BERTHELÉ, Raoul</Liste_des_auteurs>
		<Type_Doc>NEGATIF N&amp;B</Type_Doc>
		<Support>VERRE</Support>
		<Technique>Photographie stéréo </Technique>
		<Format>4,5 x 10,7 cm</Format>
		<Cote>49Fi73</Cote>
		<Observations></Observations>
		<Origine>Don Faucher-Berhelé entré le 10/11/1978.</Origine>
		<Droits_Repro>Domaine public</Droits_Repro>
		<subject>GUERRE 1914-1918;</subject>
		<geoname>AMIENS (ville);SOMME (département);</geoname>
		<persname></persname>
		<corpname></corpname>
	</DocsFigures>
<DocsFigures>
		<Titre>Amiens. 27/06/15. Mlle Jeanne Cornu</Titre>
		<Analyse>Mlle Jeanne Cornu prend la pose derrière un arbre au bord d&apos;un canal près d&apos;Amiens (Somme).
27 juillet 1915. 
Guerre 1914-1918.</Analyse>
		<Realise_en>1915</Realise_en>
		<Liste_des_auteurs>BERTHELÉ, Raoul</Liste_des_auteurs>
		<Type_Doc>NEGATIF N&amp;B</Type_Doc>
		<Support>VERRE</Support>
		<Technique>Photographie stéréo</Technique>
		<Format>4,5 x 10,7 cm</Format>
		<Cote>49Fi74</Cote>
		<Observations>Même cliché que le 49Fi1874/23.</Observations>
		<Origine>Don Faucher-Berhelé entré le 10/11/1978.</Origine>
		<Droits_Repro>Domaine public</Droits_Repro>
		<subject>GUERRE 1914-1918;</subject>
		<geoname>AMIENS (ville);SOMME (département);</geoname>
		<persname></persname>
		<corpname></corpname>
	</DocsFigures>
<DocsFigures>
		<Titre>Amiens. 10/07/15. Abattoir</Titre>
		<Analyse>Dépeçage de moutons à l&apos;abatoir d&apos;Amiens (Somme).
10 juillet 1915. 
Guerre 1914-1918.</Analyse>
		<Realise_en>1915</Realise_en>
		<Liste_des_auteurs>BERTHELÉ, Raoul</Liste_des_auteurs>
		<Type_Doc>NEGATIF N&amp;B</Type_Doc>
		<Support>VERRE</Support>
		<Technique>Photographie stéréo</Technique>
		<Format>4,5 x 10,7 cm</Format>
		<Cote>49Fi75</Cote>
		<Observations>Même cliché que le 49Fi111 et de la 49Fi1874/24..</Observations>
		<Origine>Don Faucher-Berhelé entré le 10/11/1978.</Origine>
		<Droits_Repro>Domaine public</Droits_Repro>
		<subject>GUERRE 1914-1918;</subject>
		<geoname>AMIENS (ville);SOMME (département);</geoname>
		<persname></persname>
		<corpname></corpname>
	</DocsFigures>
<DocsFigures>
		<Titre>Amiens. 10/07/15. Abattoir. MM. Légigand et Fontand</Titre>
		<Analyse>Dépeçage de moutons à l&apos;abattoir d&apos;Amiens (Somme) sous le regard de deux officiers qui inspectent la viande.
10 juillet 1915. 
Guerre 1914-1918.
Les deux officiers sont MM. Légigand et Fontand.</Analyse>
		<Realise_en>1915</Realise_en>
		<Liste_des_auteurs>BERTHELÉ, Raoul</Liste_des_auteurs>
		<Type_Doc>NEGATIF N&amp;B</Type_Doc>
		<Support>VERRE</Support>
		<Technique>Photographie stéréo</Technique>
		<Format>4,5 x 10,7 cm</Format>
		<Cote>49Fi76</Cote>
		<Observations></Observations>
		<Origine>Don Faucher-Berhelé entré le 10/11/1978.</Origine>
		<Droits_Repro>Domaine public</Droits_Repro>
		<subject>GUERRE 1914-1918;</subject>
		<geoname>AMIENS (ville);SOMME (département);</geoname>
		<persname></persname>
		<corpname></corpname>
	</DocsFigures>
<DocsFigures>
		<Titre>[Cathédrale d&apos;Amiens]</Titre>
		<Analyse>Vue de la façade principale de la Cathédrale d&apos;Amiens (Somme) protégée contre les bombardements.
17 juin 1915. 
Guerre 1914-1918.
Elle est protégée par des sacs de sable.</Analyse>
		<Realise_en>1915</Realise_en>
		<Liste_des_auteurs>BERTHELÉ, Raoul</Liste_des_auteurs>
		<Type_Doc>NEGATIF N&amp;B</Type_Doc>
		<Support>VERRE</Support>
		<Technique>Photographie stéréo</Technique>
		<Format>4,5 x 10,7 cm</Format>
		<Cote>49Fi77</Cote>
		<Observations></Observations>
		<Origine>Don Faucher-Berhelé entré le 10/11/1978.</Origine>
		<Droits_Repro>Domaine public</Droits_Repro>
		<subject>EDIFICE CULTUEL;GUERRE 1914-1918;</subject>
		<geoname>AMIENS (ville);SOMME (département);</geoname>
		<persname></persname>
		<corpname></corpname>
	</DocsFigures>
<DocsFigures>
		<Titre>Saleux. 33e artillerie un canon de 75</Titre>
		<Analyse>Vue d&apos;ensemble d&apos;un canon de 75 du 33e régiment d&apos;artillerie tiré par une carriole à Saleux (Somme).
1915. 
Guerre 1914-1918.</Analyse>
		<Realise_en>1915</Realise_en>
		<Liste_des_auteurs>BERTHELÉ, Raoul</Liste_des_auteurs>
		<Type_Doc>NEGATIF N&amp;B</Type_Doc>
		<Support>VERRE</Support>
		<Technique>Photographie stéréo</Technique>
		<Format>4,5 x 10,7 cm</Format>
		<Cote>49Fi78</Cote>
		<Observations></Observations>
		<Origine>Don Faucher-Berhelé entré le 10/11/1978.</Origine>
		<Droits_Repro>Domaine public</Droits_Repro>
		<subject>GUERRE 1914-1918;</subject>
		<geoname>SALEUX (ville);SOMME (département);</geoname>
		<persname></persname>
		<corpname></corpname>
	</DocsFigures>
<DocsFigures>
		<Titre>Saleux. Usine Cosserat</Titre>
		<Analyse>Vue d&apos;ensemble de l&apos;usine de Cosserat à Saleux (Somme).
1915. 
Guerre 1914-1918.
Au centre de la photo, trois hommes sur un pont prennent la pose.</Analyse>
		<Realise_en>1915</Realise_en>
		<Liste_des_auteurs>BERTHELÉ, Raoul</Liste_des_auteurs>
		<Type_Doc>NEGATIF N&amp;B</Type_Doc>
		<Support>VERRE</Support>
		<Technique>Photographie stéréo</Technique>
		<Format>4,5 x 10,7 cm</Format>
		<Cote>49Fi79</Cote>
		<Observations>Même cliché que le 49Fi127.</Observations>
		<Origine>Don Faucher-Berhelé entré le 10/11/1978.</Origine>
		<Droits_Repro>Domaine public</Droits_Repro>
		<subject>GUERRE 1914-1918;</subject>
		<geoname>SALEUX (ville);SOMME (département);</geoname>
		<persname></persname>
		<corpname></corpname>
	</DocsFigures>
<DocsFigures>
		<Titre>Amiens. 10/07/15. Abattoir. Vaches malades</Titre>
		<Analyse>Vaches malades qui ont été mise en quarantaine à l&apos;abattoir d&apos;Amiens (Somme).
10 juillet 1915. 
Guerre 1914-1918.</Analyse>
		<Realise_en>1915</Realise_en>
		<Liste_des_auteurs>BERTHELÉ, Raoul</Liste_des_auteurs>
		<Type_Doc>NEGATIF N&amp;B</Type_Doc>
		<Support>VERRE</Support>
		<Technique>Photographie stéréo</Technique>
		<Format>4,5 x 10,7 cm</Format>
		<Cote>49Fi80</Cote>
		<Observations>Même cliché que le 49Fi109.</Observations>
		<Origine>Don Faucher-Berhelé entré le 10/11/1978.</Origine>
		<Droits_Repro>Domaine public</Droits_Repro>
		<subject>GUERRE 1914-1918;</subject>
		<geoname>AMIENS (ville);SOMME (département);</geoname>
		<persname></persname>
		<corpname></corpname>
	</DocsFigures>
<DocsFigures>
		<Titre>La cour de l&apos;hôpital. Saleux</Titre>
		<Analyse>Vue de six soldats debout dans la cour de l&apos;hôpital à Saleux (Somme).
1915. 
Guerre 1914-1918.
L&apos;hôpital semble être installée dans une école.</Analyse>
		<Realise_en>1915</Realise_en>
		<Liste_des_auteurs>BERTHELÉ, Raoul</Liste_des_auteurs>
		<Type_Doc>NEGATIF N&amp;B</Type_Doc>
		<Support>VERRE</Support>
		<Technique>Photographie stéréo</Technique>
		<Format>4,5 x 10,7 cm</Format>
		<Cote>49Fi81</Cote>
		<Observations></Observations>
		<Origine>Don Faucher-Berhelé entré le 10/11/1978.</Origine>
		<Droits_Repro>Domaine public</Droits_Repro>
		<subject>MILITAIRE;SERVICE SANITAIRE MILITAIRE;VICTIME DE GUERRE;GUERRE 1914-1918;</subject>
		<geoname>SALEUX (ville);SOMME (département);</geoname>
		<persname></persname>
		<corpname></corpname>
	</DocsFigures>
<DocsFigures>
		<Titre>Forêt de Wailly près d&apos;Amiens. Le vieux chêne</Titre>
		<Analyse>Vue d&apos;ensemble d&apos;un chêne centenaire dans le bois de Wailly près d&apos;Amiens (Somme).
1915. 
Guerre 1914-1918.
Un groupe d&apos;officiers pose devant le chêne dont Raoul Berthelé (2e en partant de la gauche).</Analyse>
		<Realise_en>1915</Realise_en>
		<Liste_des_auteurs>BERTHELÉ, Raoul</Liste_des_auteurs>
		<Type_Doc>NEGATIF N&amp;B</Type_Doc>
		<Support>VERRE</Support>
		<Technique>Photographie stéréo</Technique>
		<Format>4,5 x 10,7 cm</Format>
		<Cote>49Fi82</Cote>
		<Observations>Positif de cette plaque au 49Fi800. Tirage contact de cette plaque au 49Fi1872/51.</Observations>
		<Origine>Don Faucher-Berhelé entré le 10/11/1978.</Origine>
		<Droits_Repro>Domaine public</Droits_Repro>
		<subject>GUERRE 1914-1918;</subject>
		<geoname>WAILLY (hameau);AMIENS (ville);SOMME (département);</geoname>
		<persname>BERTHELE, Raoul;</persname>
		<corpname></corpname>
	</DocsFigures>
<DocsFigures>
		<Titre>Corbie. Gare d&apos;évacuation. Blessés allemands</Titre>
		<Analyse>Vue de trois blessés allemands à la gare d&apos;évacuation de Corbie (Somme).
1915. 
Guerre 1914-1918.</Analyse>
		<Realise_en>1915</Realise_en>
		<Liste_des_auteurs>BERTHELÉ, Raoul</Liste_des_auteurs>
		<Type_Doc>NEGATIF N&amp;B</Type_Doc>
		<Support>VERRE</Support>
		<Technique>Photographie stéréo</Technique>
		<Format>4,5 x 10,7 cm</Format>
		<Cote>49Fi83</Cote>
		<Observations></Observations>
		<Origine>Don Faucher-Berhelé entré le 10/11/1978.</Origine>
		<Droits_Repro>Domaine public</Droits_Repro>
		<subject>GARE;MILITAIRE;VICTIME DE GUERRE;GUERRE 1914-1918;</subject>
		<geoname>CORBIE (ville);SOMME (département);</geoname>
		<persname></persname>
		<corpname></corpname>
	</DocsFigures>
<DocsFigures>
		<Titre>Amiens. 10/07/15. Abattoir. Capitaine Légigand</Titre>
		<Analyse>Un homme en train de dépecer un mouton sous le regard du capitaine Legigand à l&apos;abattoir d&apos;Amiens (Somme).
10 juillet 1915. 
Guerre 1914-1918.</Analyse>
		<Realise_en>1915</Realise_en>
		<Liste_des_auteurs>BERTHELÉ, Raoul</Liste_des_auteurs>
		<Type_Doc>NEGATIF N&amp;B</Type_Doc>
		<Support>VERRE</Support>
		<Technique>Photographie stéréo</Technique>
		<Format>4,5 x 10,7 cm</Format>
		<Cote>49Fi84</Cote>
		<Observations></Observations>
		<Origine>Don Faucher-Berhelé entré le 10/11/1978.</Origine>
		<Droits_Repro>Domaine public</Droits_Repro>
		<subject>GUERRE 1914-1918;</subject>
		<geoname>AMIENS (ville);SOMME (département);</geoname>
		<persname></persname>
		<corpname></corpname>
	</DocsFigures>
<DocsFigures>
		<Titre>Saleux. Usine Poiret. Salle des machines</Titre>
		<Analyse>Deux ouvriers posent dans la salle des machines de l&apos;usine Poiret à Saleux (Somme).
1915. 
Guerre 1914-1918.</Analyse>
		<Realise_en>1915</Realise_en>
		<Liste_des_auteurs>BERTHELÉ, Raoul</Liste_des_auteurs>
		<Type_Doc>NEGATIF N&amp;B</Type_Doc>
		<Support>VERRE</Support>
		<Technique>Photographie stéréo</Technique>
		<Format>4,5 x 10,7 cm</Format>
		<Cote>49Fi85</Cote>
		<Observations></Observations>
		<Origine>Don Faucher-Berhelé entré le 10/11/1978.</Origine>
		<Droits_Repro>Domaine public</Droits_Repro>
		<subject>BATIMENT INDUSTRIEL;INDUSTRIE MECANIQUE;GUERRE 1914-1918;</subject>
		<geoname>SALEUX (ville);SOMME (département);</geoname>
		<persname></persname>
		<corpname></corpname>
	</DocsFigures>
<DocsFigures>
		<Titre>Amiens. 26/06/15. Abattoir</Titre>
		<Analyse>Des hommes sont en train de dépecer des moutons dans l&apos;abattoir d&apos;Amiens (Somme).
26 juin 1915. 
Guerre 1914-1918.</Analyse>
		<Realise_en>1915</Realise_en>
		<Liste_des_auteurs>BERTHELÉ, Raoul</Liste_des_auteurs>
		<Type_Doc>NEGATIF N&amp;B</Type_Doc>
		<Support>VERRE</Support>
		<Technique>Photographie stéréo</Technique>
		<Format>4,5 x 10,7 cm</Format>
		<Cote>49Fi86</Cote>
		<Observations></Observations>
		<Origine>Don Faucher-Berhelé entré le 10/11/1978.</Origine>
		<Droits_Repro>Domaine public</Droits_Repro>
		<subject>GUERRE 1914-1918;</subject>
		<geoname>AMIENS (ville);SOMME (département);</geoname>
		<persname></persname>
		<corpname></corpname>
	</DocsFigures>
<DocsFigures>
		<Titre>[Cathédrale d&apos;Amiens]</Titre>
		<Analyse>Vue de la façade principale de la Cathédrale d&apos;Amiens (Somme) protégée contre les bombardements.
17 juin 1915. 
Guerre 1914-1918.
Elle est protégée par des sacs de sable.</Analyse>
		<Realise_en>1915</Realise_en>
		<Liste_des_auteurs>BERTHELÉ, Raoul</Liste_des_auteurs>
		<Type_Doc>NEGATIF N&amp;B</Type_Doc>
		<Support>VERRE</Support>
		<Technique>Photographie stéréo</Technique>
		<Format>4,5 x 10,7 cm</Format>
		<Cote>49Fi87</Cote>
		<Observations>Même cliché que le 49Fi1874/18.</Observations>
		<Origine>Don Faucher-Berhelé entré le 10/11/1978.</Origine>
		<Droits_Repro>Domaine public</Droits_Repro>
		<subject>GUERRE 1914-1918;</subject>
		<geoname>AMIENS (ville);SOMME (département);</geoname>
		<persname></persname>
		<corpname></corpname>
	</DocsFigures>
<DocsFigures>
		<Titre>Amiens. 27/06/15. Mlle Jeanne Cornu</Titre>
		<Analyse>Mlle Jeanne Cornu pose au bord d&apos;une rivière près d&apos;Amiens (Somme)
27 juin 1915. 
Guerre 1914-1918.</Analyse>
		<Realise_en>1915</Realise_en>
		<Liste_des_auteurs>BERTHELÉ, Raoul</Liste_des_auteurs>
		<Type_Doc>NEGATIF N&amp;B</Type_Doc>
		<Support>VERRE</Support>
		<Technique>Photographie stéréo</Technique>
		<Format>4,5 x 10,7 cm</Format>
		<Cote>49Fi88</Cote>
		<Observations></Observations>
		<Origine>Don Faucher-Berhelé entré le 10/11/1978.</Origine>
		<Droits_Repro>Domaine public</Droits_Repro>
		<subject>GUERRE 1914-1918;</subject>
		<geoname>AMIENS (ville);SOMME (département);</geoname>
		<persname></persname>
		<corpname></corpname>
	</DocsFigures>
<DocsFigures>
		<Titre>Amiens. 20/06/15. Mlle Jeanne Cornu et R. Berthelé</Titre>
		<Analyse>Jeanne Cornu et Raoul Berthelé posent dans un champs de blé près d&apos;Amiens (Somme).
20 juin 1915. 
Guerre 1914-1918.</Analyse>
		<Realise_en>1915</Realise_en>
		<Liste_des_auteurs>BERTHELÉ, Raoul</Liste_des_auteurs>
		<Type_Doc>NEGATIF N&amp;B</Type_Doc>
		<Support>VERRE</Support>
		<Technique>Photographie stéréo</Technique>
		<Format>4,5 x 10,7 cm</Format>
		<Cote>49Fi89</Cote>
		<Observations>Même cliché que le 49Fi1874/19.</Observations>
		<Origine>Don Faucher-Berhelé entré le 10/11/1978.</Origine>
		<Droits_Repro>Domaine public</Droits_Repro>
		<subject>GUERRE 1914-1918;</subject>
		<geoname>AMIENS (ville);SOMME (département);</geoname>
		<persname>BERTHELE, Raoul;</persname>
		<corpname></corpname>
	</DocsFigures>
<DocsFigures>
		<Titre>Amiens. 20/06/15. Mlle Jeanne Cornu</Titre>
		<Analyse>Jeanne Cornu pose avec un bouquet de fleurs sauvages à la main dans un champs de blé près d&apos;Amiens (Somme).
20 juin 1915. 
Guerre 1914-1918.</Analyse>
		<Realise_en>1915</Realise_en>
		<Liste_des_auteurs>BERTHELÉ, Raoul</Liste_des_auteurs>
		<Type_Doc>NEGATIF N&amp;B</Type_Doc>
		<Support>VERRE</Support>
		<Technique>Photographie stéréo</Technique>
		<Format>4,5 x 10,7 cm</Format>
		<Cote>49Fi90</Cote>
		<Observations>Même cliché que le 49Fi1874/20.</Observations>
		<Origine>Don Faucher-Berhelé entré le 10/11/1978.</Origine>
		<Droits_Repro>Domaine public</Droits_Repro>
		<subject>GUERRE 1914-1918;</subject>
		<geoname>AMIENS (ville);SOMME (département);</geoname>
		<persname></persname>
		<corpname></corpname>
	</DocsFigures>
<DocsFigures>
		<Titre>Amiens. Biplan Caudron. Adjudant Bauer.</Titre>
		<Analyse>Adjudant Bauer réparant un avion biplan Caudron près d&apos;Amiens (Somme).
13 juin 1915. 
Guerre 1914-1918.</Analyse>
		<Realise_en>1915</Realise_en>
		<Liste_des_auteurs>BERTHELÉ, Raoul</Liste_des_auteurs>
		<Type_Doc>NEGATIF N&amp;B</Type_Doc>
		<Support>VERRE</Support>
		<Technique>Photographie stéréo</Technique>
		<Format>4,5 x 10,7 cm</Format>
		<Cote>49Fi91</Cote>
		<Observations>Même cliché que le 49Fi1874/14.</Observations>
		<Origine>Don Faucher-Berhelé entré le 10/11/1978.</Origine>
		<Droits_Repro>Domaine public</Droits_Repro>
		<subject>GUERRE 1914-1918;</subject>
		<geoname>AMIENS (ville);SOMME (département);</geoname>
		<persname></persname>
		<corpname></corpname>
	</DocsFigures>
<DocsFigures>
		<Titre>Amiens.13/06/15. Biplan Caudron. Adjudant Bauer</Titre>
		<Analyse>Portrait en pied de l&apos;adjudant Bauer posant devant un avion biplan Caudron près d&apos;Amiens (Somme).
13 juin 1915. 
Guerre 1914-1918.
L&apos;adjudant tient entre ses mains des lunettes d&apos;aviateur.</Analyse>
		<Realise_en>1915</Realise_en>
		<Liste_des_auteurs>BERTHELÉ, Raoul</Liste_des_auteurs>
		<Type_Doc>NEGATIF N&amp;B</Type_Doc>
		<Support>VERRE</Support>
		<Technique>Photographie stéréo</Technique>
		<Format>4,5 x 10,7 cm</Format>
		<Cote>49Fi92</Cote>
		<Observations>Même cliché que le 49Fi1874/17.</Observations>
		<Origine>Don Faucher-Berhelé entré le 10/11/1978.</Origine>
		<Droits_Repro>Domaine public</Droits_Repro>
		<subject>GUERRE 1914-1918;</subject>
		<geoname>AMIENS (ville);SOMME (département);</geoname>
		<persname></persname>
		<corpname></corpname>
	</DocsFigures>
<DocsFigures>
		<Titre>Amiens. Biplan M. Farman. P. Descoings</Titre>
		<Analyse>Paul Descoings en train de décoller aux commandes d&apos;un avion biplan M. Farman dans un champ d&apos;aviation près d&apos;Amiens (Somme).
1915. 
Guerre 1914-1918.</Analyse>
		<Realise_en>1915</Realise_en>
		<Liste_des_auteurs>BERTHELÉ, Raoul</Liste_des_auteurs>
		<Type_Doc>NEGATIF N&amp;B</Type_Doc>
		<Support>VERRE</Support>
		<Technique>Photographie stéréo</Technique>
		<Format>4,5 x 10,7 cm</Format>
		<Cote>49Fi93</Cote>
		<Observations>La plaque est en train de virer.</Observations>
		<Origine>Don Faucher-Berhelé entré le 10/11/1978.</Origine>
		<Droits_Repro>Domaine public</Droits_Repro>
		<subject>GUERRE 1914-1918;</subject>
		<geoname>AMIENS (ville);SOMME (département);</geoname>
		<persname></persname>
		<corpname></corpname>
	</DocsFigures>
<DocsFigures>
		<Titre>Amiens. Biplan M. Farman. M. Descoings en plein vol</Titre>
		<Analyse>L&apos;aviateur Paul Descoings aux commandes d&apos;un avion biplan M. Farman en plein vol près d&apos;Amiens (Somme). 
1915. 
Guerre 1914-1918.</Analyse>
		<Realise_en>1915</Realise_en>
		<Liste_des_auteurs>BERTHELÉ, Raoul</Liste_des_auteurs>
		<Type_Doc>NEGATIF N&amp;B</Type_Doc>
		<Support>VERRE</Support>
		<Technique>Photographie stéréo</Technique>
		<Format>4,5 x 10,7 cm</Format>
		<Cote>49Fi94</Cote>
		<Observations></Observations>
		<Origine>Don Faucher-Berhelé entré le 10/11/1978.</Origine>
		<Droits_Repro>Domaine public</Droits_Repro>
		<subject>GUERRE 1914-1918;</subject>
		<geoname>AMIENS (ville);SOMME (département);</geoname>
		<persname></persname>
		<corpname></corpname>
	</DocsFigures>
<DocsFigures>
		<Titre>Amiens. Cathédrale. Vue prise du beffroi</Titre>
		<Analyse>Vue de la cathédrale d&apos;Amiens (Somme) prise depuis le beffroi de la ville. 
1915. 
Guerre 1914-1918.</Analyse>
		<Realise_en>1915</Realise_en>
		<Liste_des_auteurs>BERTHELÉ, Raoul</Liste_des_auteurs>
		<Type_Doc>NEGATIF N&amp;B</Type_Doc>
		<Support>VERRE</Support>
		<Technique>Photographie stéréo</Technique>
		<Format>4,5 x 10,7 cm</Format>
		<Cote>49Fi95</Cote>
		<Observations>Même cliché que le 49Fi121.</Observations>
		<Origine>Don Faucher-Berhelé entré le 10/11/1978.</Origine>
		<Droits_Repro>Domaine public</Droits_Repro>
		<subject>GUERRE 1914-1918;</subject>
		<geoname>AMIENS (ville);SOMME (département);</geoname>
		<persname></persname>
		<corpname></corpname>
	</DocsFigures>
<DocsFigures>
		<Titre>Saleux. Marie-Thérèse Provost</Titre>
		<Analyse>Portrait en pied de Marie-Thérèse Provost à Saleux (Somme).
1915. 
Guerre 1914-1918.</Analyse>
		<Realise_en>1915</Realise_en>
		<Liste_des_auteurs>BERTHELÉ, Raoul</Liste_des_auteurs>
		<Type_Doc>NEGATIF N&amp;B</Type_Doc>
		<Support>VERRE</Support>
		<Technique>Photographie stéréo</Technique>
		<Format>4,5 x 10,7 cm</Format>
		<Cote>49Fi96</Cote>
		<Observations></Observations>
		<Origine>Don Faucher-Berhelé entré le 10/11/1978.</Origine>
		<Droits_Repro>Domaine public</Droits_Repro>
		<subject>GUERRE 1914-1918;</subject>
		<geoname>SALEUX (ville);SOMME (département);</geoname>
		<persname></persname>
		<corpname></corpname>
	</DocsFigures>
<DocsFigures>
		<Titre>Saleux. Ouvrières. Usine Poiret. Palma et ...</Titre>
		<Analyse>Portrait en pied de deux ouvrières de l&apos;usine Poiret à Saleux (Somme).
1915. 
Guerre 1914-1918.
La première s&apos;appelle Palma (Berthelé semble avoir oublié le nom de la seconde).</Analyse>
		<Realise_en>1915</Realise_en>
		<Liste_des_auteurs>BERTHELÉ, Raoul</Liste_des_auteurs>
		<Type_Doc>NEGATIF N&amp;B</Type_Doc>
		<Support>VERRE</Support>
		<Technique>Photographie stéréo</Technique>
		<Format>4,5 x 10,7 cm</Format>
		<Cote>49Fi97</Cote>
		<Observations></Observations>
		<Origine>Don Faucher-Berhelé entré le 10/11/1978.</Origine>
		<Droits_Repro>Domaine public</Droits_Repro>
		<subject>GUERRE 1914-1918;</subject>
		<geoname>SALEUX (ville);SOMME (département);</geoname>
		<persname></persname>
		<corpname></corpname>
	</DocsFigures>
<DocsFigures>
		<Titre>Saleux. Mlle Palma</Titre>
		<Analyse>Portrait en pied d&apos;une ouvrière se prénommant Palma à l&apos;usine Poiret à Saleux (Somme).
1915. 
Guerre 1914-1918.</Analyse>
		<Realise_en>1915</Realise_en>
		<Liste_des_auteurs>BERTHELÉ, Raoul</Liste_des_auteurs>
		<Type_Doc>NEGATIF N&amp;B</Type_Doc>
		<Support>VERRE</Support>
		<Technique>Photographie stéréo</Technique>
		<Format>4,5 x 10,7 cm</Format>
		<Cote>49Fi98</Cote>
		<Observations></Observations>
		<Origine>Don Faucher-Berhelé entré le 10/11/1978.</Origine>
		<Droits_Repro>Domaine public</Droits_Repro>
		<subject>GUERRE 1914-1918;</subject>
		<geoname>SALEUX (ville);SOMME (département);</geoname>
		<persname></persname>
		<corpname></corpname>
	</DocsFigures>
<DocsFigures>
		<Titre>Saleux. Mlle ...</Titre>
		<Analyse>Portrait en pied d&apos;une ouvrière de l&apos;usine Poiret à Saleux (Somme). 
1915. 
Guerre 1914-1918.
Son prénom a été oublié.</Analyse>
		<Realise_en>1915</Realise_en>
		<Liste_des_auteurs>BERTHELÉ, Raoul</Liste_des_auteurs>
		<Type_Doc>NEGATIF N&amp;B</Type_Doc>
		<Support>VERRE</Support>
		<Technique>Photographie stéréo</Technique>
		<Format>4,5 x 10,7 cm</Format>
		<Cote>49Fi99</Cote>
		<Observations></Observations>
		<Origine>Don Faucher-Berhelé entré le 10/11/1978.</Origine>
		<Droits_Repro>Domaine public</Droits_Repro>
		<subject>GUERRE 1914-1918;</subject>
		<geoname>SALEUX (ville);SOMME (département);</geoname>
		<persname></persname>
		<corpname></corpname>
	</DocsFigures>
<DocsFigures>
		<Titre>Saleux. 18/07/15. Usine Poiret</Titre>
		<Analyse>Vue prise du bord de la rivière de l&apos;usine Poiret à Saleux (Somme).
18 juillet1915. 
Guerre 1914-1918.</Analyse>
		<Realise_en>1915</Realise_en>
		<Liste_des_auteurs>BERTHELÉ, Raoul</Liste_des_auteurs>
		<Type_Doc>NEGATIF N&amp;B</Type_Doc>
		<Support>VERRE</Support>
		<Technique>Photographie stéréo</Technique>
		<Format>4,5 x 10,7 cm</Format>
		<Cote>49Fi100</Cote>
		<Observations>Même cliché que le 49Fi1874/29.</Observations>
		<Origine>Don Faucher-Berhelé entré le 10/11/1978.</Origine>
		<Droits_Repro>Domaine public</Droits_Repro>
		<subject>GUERRE 1914-1918;</subject>
		<geoname>SALEUX (ville);SOMME (département);</geoname>
		<persname></persname>
		<corpname></corpname>
	</DocsFigures>
<DocsFigures>
		<Titre>Amiens. 8.6.1915. Prisonniers allemands</Titre>
		<Analyse>Prisonniers allemands se reposant à Amiens (Somme).
1915. 
Guerre 1914-1918.</Analyse>
		<Realise_en>1915</Realise_en>
		<Liste_des_auteurs>BERTHELÉ, Raoul</Liste_des_auteurs>
		<Type_Doc>NEGATIF N&amp;B</Type_Doc>
		<Support>VERRE</Support>
		<Technique>Photographie stéréo</Technique>
		<Format>4,5 x 10,7 cm</Format>
		<Cote>49Fi101</Cote>
		<Observations>Négatif reproduit d&apos;après un positif sur verre.
Même cliché que le 49Fi1874/9.</Observations>
		<Origine>Don Faucher-Berhelé entré le 10/11/1978.</Origine>
		<Droits_Repro>Domaine public</Droits_Repro>
		<subject>MILITAIRE;PRISONNIER DE GUERRE;GUERRE 1914-1918;</subject>
		<geoname>AMIENS (ville);SOMME (département);</geoname>
		<persname></persname>
		<corpname></corpname>
	</DocsFigures>
<DocsFigures>
		<Titre>Amiens. Biplan M. Farman. MM. Teissier et Caucanas</Titre>
		<Analyse>MM. Teissier et Caucanas posent devant un avion biplan M. Farman dans un champ d&apos;aviation près d&apos;Amiens (Somme).
1915. 
Guerre 1914-1918.</Analyse>
		<Realise_en>1915</Realise_en>
		<Liste_des_auteurs>BERTHELÉ, Raoul</Liste_des_auteurs>
		<Type_Doc>NEGATIF N&amp;B</Type_Doc>
		<Support>VERRE</Support>
		<Technique>Photographie stéréo</Technique>
		<Format>4,5 x 10,7 cm</Format>
		<Cote>49Fi102</Cote>
		<Observations></Observations>
		<Origine>Don Faucher-Berhelé entré le 10/11/1978.</Origine>
		<Droits_Repro>Domaine public</Droits_Repro>
		<subject>GUERRE 1914-1918;</subject>
		<geoname>AMIENS (ville);SOMME (département);</geoname>
		<persname></persname>
		<corpname></corpname>
	</DocsFigures>
<DocsFigures>
		<Titre>Amiens. biplan M. Farman. P. Descoings. M. et Mme Delagarde</Titre>
		<Analyse>Paul Descoings et M. et Mme Delagarde posent devant un avion biplan M. Farman dans un champ d&apos;aviation près Amiens (Somme).
1915. 
Guerre 1914-1918.</Analyse>
		<Realise_en>1915</Realise_en>
		<Liste_des_auteurs>BERTHELÉ, Raoul</Liste_des_auteurs>
		<Type_Doc>NEGATIF N&amp;B</Type_Doc>
		<Support>VERRE</Support>
		<Technique>Photographie stéréo</Technique>
		<Format>4,5 x 10,7 cm</Format>
		<Cote>49Fi103</Cote>
		<Observations></Observations>
		<Origine>Don Faucher-Berhelé entré le 10/11/1978.</Origine>
		<Droits_Repro>Domaine public</Droits_Repro>
		<subject>GUERRE 1914-1918;</subject>
		<geoname>AMIENS (ville);SOMME (département);</geoname>
		<persname></persname>
		<corpname></corpname>
	</DocsFigures>
<DocsFigures>
		<Titre>Amiens. Biplan M. Farman. P. Descoings</Titre>
		<Analyse>Paul Descoings aux commandes d&apos;un avion biplan M. Farman en plein vol près d&apos;Amiens (Somme).
1915. 
Guerre 1914-1918.</Analyse>
		<Realise_en>1915</Realise_en>
		<Liste_des_auteurs>BERTHELÉ, Raoul</Liste_des_auteurs>
		<Type_Doc>NEGATIF N&amp;B</Type_Doc>
		<Support>VERRE</Support>
		<Technique>Photographie stéréo</Technique>
		<Format>4,5 x 10,7 cm</Format>
		<Cote>49Fi104</Cote>
		<Observations></Observations>
		<Origine>Don Faucher-Berhelé entré le 10/11/1978.</Origine>
		<Droits_Repro>Domaine public</Droits_Repro>
		<subject>GUERRE 1914-1918;</subject>
		<geoname>AMIENS (ville);SOMME (département);</geoname>
		<persname></persname>
		<corpname></corpname>
	</DocsFigures>
<DocsFigures>
		<Titre>Saleux. Usine Poiret</Titre>
		<Analyse>Vue d&apos;ensemble de l&apos;usine Poiret à Saleux (Somme).
1915. 
Guerre 1914-1918.
Des soldats prennent la pose sur les berges de la rivière qui borde l&apos;usine.</Analyse>
		<Realise_en>1915</Realise_en>
		<Liste_des_auteurs>BERTHELÉ, Raoul</Liste_des_auteurs>
		<Type_Doc>NEGATIF N&amp;B</Type_Doc>
		<Support>VERRE</Support>
		<Technique>Photographie stéréo</Technique>
		<Format>4,5 x 10,7 cm</Format>
		<Cote>49Fi105</Cote>
		<Observations>Même cliché que 49Fi1870/13.</Observations>
		<Origine>Don Faucher-Berhelé entré le 10/11/1978.</Origine>
		<Droits_Repro>Domaine public</Droits_Repro>
		<subject>MILITAIRE;GUERRE 1914-1918;</subject>
		<geoname>SALEUX (ville);SOMME (département);</geoname>
		<persname></persname>
		<corpname></corpname>
	</DocsFigures>
<DocsFigures>
		<Titre>Saleux</Titre>
		<Analyse>Photo de groupe de deux militaires, deux femmes et une enfant sur une route près de Saleux (Somme).
1915. 
Guerre 1914-1918.</Analyse>
		<Realise_en>1915</Realise_en>
		<Liste_des_auteurs>BERTHELÉ, Raoul</Liste_des_auteurs>
		<Type_Doc>NEGATIF N&amp;B</Type_Doc>
		<Support>VERRE</Support>
		<Technique>Photographie stéréo</Technique>
		<Format>4,5 x 10,7 cm</Format>
		<Cote>49Fi106</Cote>
		<Observations></Observations>
		<Origine>Don Faucher-Berhelé entré le 10/11/1978.</Origine>
		<Droits_Repro>Domaine public</Droits_Repro>
		<subject>FEMME;ENFANT;GUERRE 1914-1918;</subject>
		<geoname>SALEUX (ville);SOMME (département);</geoname>
		<persname></persname>
		<corpname></corpname>
	</DocsFigures>
<DocsFigures>
		<Titre>Ravin des Gobineaux. Abris boche. R. Berthelé</Titre>
		<Analyse>Raoul Berthelé et un officier devant un abris allemand dans le ravin des Gobineaux près de Allemant (Aisne).
1915. 
Guerre 1914-1918.</Analyse>
		<Realise_en>1915</Realise_en>
		<Liste_des_auteurs>BERTHELÉ, Raoul</Liste_des_auteurs>
		<Type_Doc>Positif N&amp;B</Type_Doc>
		<Support>VERRE</Support>
		<Technique>Photographie stéréo</Technique>
		<Format>4,5 x 10,7 cm</Format>
		<Cote>49Fi107</Cote>
		<Observations></Observations>
		<Origine>Don Faucher-Berhelé entré le 10/11/1978.</Origine>
		<Droits_Repro>Domaine public</Droits_Repro>
		<subject>ABRI;MILITAIRE;ETRANGER;GUERRE 1914-1918;</subject>
		<geoname>ALLEMANT (village);AISNE (département);GOBINEAUX (LES) (lieu-dit);</geoname>
		<persname>BERTHELE, Raoul;</persname>
		<corpname></corpname>
	</DocsFigures>
<DocsFigures>
		<Titre>Nanteuil la Fosse. Tank démoli</Titre>
		<Analyse>Vue d&apos;ensemble d&apos;un tank français modèle Saint-Chamond démoli à Nanteuil-la-Fosse (Aisne).
9 novembre 1917. 
Guerre 1914-1918.
Deux soldats posent à côté du tank.</Analyse>
		<Realise_en>1917</Realise_en>
		<Liste_des_auteurs>BERTHELÉ, Raoul</Liste_des_auteurs>
		<Type_Doc>Positif N&amp;B</Type_Doc>
		<Support>VERRE</Support>
		<Technique>Photographie stéréo</Technique>
		<Format>4,5 x 10,7 cm</Format>
		<Cote>49Fi108</Cote>
		<Observations>Même cliché que le 49Fi418.</Observations>
		<Origine>Don Faucher-Berhelé entré le 10/11/1978.</Origine>
		<Droits_Repro>Domaine public</Droits_Repro>
		<subject>MILITAIRE;EQUIPEMENT MILITAIRE;GUERRE 1914-1918;</subject>
		<geoname>NANTEUIL-LA-FOSSE (village);AISNE (département);</geoname>
		<persname></persname>
		<corpname></corpname>
	</DocsFigures>
<DocsFigures>
		<Titre>Amiens. Abattoir. Vaches malades</Titre>
		<Analyse>Vaches malades mises en quarantaine à l&apos;abattoir d&apos;Amiens (Somme).
1915. 
Guerre 1914-1918.</Analyse>
		<Realise_en>1915</Realise_en>
		<Liste_des_auteurs>BERTHELÉ, Raoul</Liste_des_auteurs>
		<Type_Doc>Positif N&amp;B</Type_Doc>
		<Support>VERRE</Support>
		<Technique>Photographie stéréo</Technique>
		<Format>4,5 x 10,7 cm</Format>
		<Cote>49Fi109</Cote>
		<Observations>Positif de la 49Fi80.</Observations>
		<Origine>Don Faucher-Berhelé entré le 10/11/1978.</Origine>
		<Droits_Repro>Domaine public</Droits_Repro>
		<subject>GUERRE 1914-1918;</subject>
		<geoname>AMIENS (ville);SOMME (département);</geoname>
		<persname></persname>
		<corpname></corpname>
	</DocsFigures>
<DocsFigures>
		<Titre>Amiens. Cimetière St Acheul. Tombes de soldats</Titre>
		<Analyse>Vue générale du cimetière de Saint-Acheul à Amiens (Somme) où les tombes sont ornées de photos et de fleurs.
1915. 
Guerre 1914-1918.</Analyse>
		<Realise_en>1915</Realise_en>
		<Liste_des_auteurs>BERTHELÉ, Raoul</Liste_des_auteurs>
		<Type_Doc>Positif N&amp;B</Type_Doc>
		<Support>VERRE</Support>
		<Technique>Photographie stéréo</Technique>
		<Format>4,5 x 10,7 cm</Format>
		<Cote>49Fi110</Cote>
		<Observations>Même cliché que le 49Fi1870/95.</Observations>
		<Origine>Don Faucher-Berhelé entré le 10/11/1978.</Origine>
		<Droits_Repro>Domaine public</Droits_Repro>
		<subject>GUERRE 1914-1918;</subject>
		<geoname>AMIENS (ville);SOMME (département);</geoname>
		<persname></persname>
		<corpname></corpname>
	</DocsFigures>
<DocsFigures>
		<Titre>Amiens. abattoir. 10/07/15</Titre>
		<Analyse>Vue d&apos;ensemble d&apos;hommes en train de dépecer des moutons à l&apos;abattoir d&apos;Amiens (Somme).
10 juillet 1915. 
Guerre 1914-1918.</Analyse>
		<Realise_en>1915</Realise_en>
		<Liste_des_auteurs>BERTHELÉ, Raoul</Liste_des_auteurs>
		<Type_Doc>Positif N&amp;B</Type_Doc>
		<Support>VERRE</Support>
		<Technique>Photographie stéréo</Technique>
		<Format>4,5 x 10,7 cm</Format>
		<Cote>49Fi111</Cote>
		<Observations>Positif de la 49Fi75.</Observations>
		<Origine>Don Faucher-Berhelé entré le 10/11/1978.</Origine>
		<Droits_Repro>Domaine public</Droits_Repro>
		<subject>GUERRE 1914-1918;</subject>
		<geoname>AMIENS (ville);SOMME (département);</geoname>
		<persname></persname>
		<corpname></corpname>
	</DocsFigures>
<DocsFigures>
		<Titre>Dieue. 16/01/17. Général de Maudhuy. Lieutenant de Vaisseau Hébert</Titre>
		<Analyse>&quot;Exercices de gymnastique&quot;
Exercices de gymnastique dans un sous-bois près de Dieue-sur-Meuse (Meuse).
16 janvier 1917. 
Guerre 1914-1918.
Les exercices sont dirigés par le général Maudhuy et le lieutenant de Vaisseau Hébert visibles au premier plan.</Analyse>
		<Realise_en>1917</Realise_en>
		<Liste_des_auteurs>BERTHELÉ, Raoul</Liste_des_auteurs>
		<Type_Doc>Positif N&amp;B</Type_Doc>
		<Support>VERRE</Support>
		<Technique>Photographie stéréo</Technique>
		<Format>4,5 x 10,7 cm</Format>
		<Cote>49Fi112</Cote>
		<Observations></Observations>
		<Origine>Don Faucher-Berhelé entré le 10/11/1978.</Origine>
		<Droits_Repro>Domaine public</Droits_Repro>
		<subject>GUERRE 1914-1918;</subject>
		<geoname>DIEUE-SUR-MEUSE (village);MEUSE (département);</geoname>
		<persname></persname>
		<corpname></corpname>
	</DocsFigures>
<DocsFigures>
		<Titre>Clermont en Argonne. 900m</Titre>
		<Analyse>Photo aérienne prise à 900 m d&apos;altitude de Clermont-en-Argonne (Meuse).
1915. 
Guerre 1914-1918.</Analyse>
		<Realise_en>1915</Realise_en>
		<Liste_des_auteurs>BERTHELÉ, Raoul</Liste_des_auteurs>
		<Type_Doc>Positif N&amp;B</Type_Doc>
		<Support>VERRE</Support>
		<Technique>Photographie stéréo</Technique>
		<Format>4,5 x 10,7 cm</Format>
		<Cote>49Fi113</Cote>
		<Observations></Observations>
		<Origine>Don Faucher-Berhelé entré le 10/11/1978.</Origine>
		<Droits_Repro>Domaine public</Droits_Repro>
		<subject>GUERRE 1914-1918;</subject>
		<geoname>CLERMONT-EN-ARGONNE (village);MEUSE (département);</geoname>
		<persname></persname>
		<corpname></corpname>
	</DocsFigures>
<DocsFigures>
		<Titre>Amiens. Biplan M. Farman. Mlle Delagarde</Titre>
		<Analyse>Mlle Delagarde pose devant un avion biplan M. Farman dans un champ d&apos;aviation près d&apos;Amiens (Somme).
1915. 
Guerre 1914-1918.</Analyse>
		<Realise_en>1915</Realise_en>
		<Liste_des_auteurs>BERTHELÉ, Raoul</Liste_des_auteurs>
		<Type_Doc>NEGATIF N&amp;B</Type_Doc>
		<Support>VERRE</Support>
		<Technique>Photographie stéréo</Technique>
		<Format>4,5 x 10,7 cm</Format>
		<Cote>49Fi114</Cote>
		<Observations></Observations>
		<Origine>Don Faucher-Berhelé entré le 10/11/1978.</Origine>
		<Droits_Repro>Domaine public</Droits_Repro>
		<subject>FEMME;AERONEF;AERODROME;GUERRE 1914-1918;</subject>
		<geoname>AMIENS (ville);SOMME (département);</geoname>
		<persname></persname>
		<corpname></corpname>
	</DocsFigures>
<DocsFigures>
		<Titre>Amiens. Biplan M. Farman. P. Descoings et R. Berthelé</Titre>
		<Analyse>L&apos;aviateur Paul Descoings et le lieutenant Raoul Berthelé posent devant un avion biplan M. Farman dans un champ d&apos;aviation près d&apos;Amiens (Somme).
1915. 
Guerre 1914-1918.</Analyse>
		<Realise_en>1915</Realise_en>
		<Liste_des_auteurs>BERTHELÉ, Raoul</Liste_des_auteurs>
		<Type_Doc>NEGATIF N&amp;B</Type_Doc>
		<Support>VERRE</Support>
		<Technique>Photographie stéréo</Technique>
		<Format>4,5 x 10,7 cm</Format>
		<Cote>49Fi115</Cote>
		<Observations></Observations>
		<Origine>Don Faucher-Berhelé entré le 10/11/1978.</Origine>
		<Droits_Repro>Domaine public</Droits_Repro>
		<subject>AERONEF;AERODROME;MILITAIRE;GUERRE 1914-1918;</subject>
		<geoname>AMIENS (ville);SOMME (département);</geoname>
		<persname>BERTHELE, Raoul;</persname>
		<corpname></corpname>
	</DocsFigures>
<DocsFigures>
		<Titre>Bois de Beaulieu. R. Berthelé. 10 septembre 1916</Titre>
		<Analyse>Vue de Raoul Berthelé posant à cheval dans le bois de Beaulieu-en-Argonne (Meuse).
10 septembre 1916. 
Guerre 1914-1918.</Analyse>
		<Realise_en>1916</Realise_en>
		<Liste_des_auteurs>BERTHELÉ, Raoul</Liste_des_auteurs>
		<Type_Doc>Positif N&amp;B</Type_Doc>
		<Support>VERRE</Support>
		<Technique>Photographie stéréo</Technique>
		<Format>4,5 x 10,7 cm</Format>
		<Cote>49Fi116</Cote>
		<Observations>Même cliché que les 49Fi943, 49Fi1822 et 49Fi1877/82.</Observations>
		<Origine>Don Faucher-Berhelé entré le 10/11/1978.</Origine>
		<Droits_Repro>Domaine public</Droits_Repro>
		<subject>GUERRE 1914-1918;</subject>
		<geoname>BEAULIEU-EN-ARGONNE (village);MEUSE (département);</geoname>
		<persname>BERTHELE, Raoul;</persname>
		<corpname></corpname>
	</DocsFigures>
<DocsFigures>
		<Titre>Nubécourt. 600m</Titre>
		<Analyse>Vue aérienne de Nubécourt (Meuse) prise à 600m d&apos;altitude.
1915. 
Guerre 1914-1918.</Analyse>
		<Realise_en>1915</Realise_en>
		<Liste_des_auteurs>BERTHELÉ, Raoul</Liste_des_auteurs>
		<Type_Doc>Positif N&amp;B</Type_Doc>
		<Support>VERRE</Support>
		<Technique>Photographie stéréo</Technique>
		<Format>4,5 x 10,7 cm</Format>
		<Cote>49Fi117</Cote>
		<Observations></Observations>
		<Origine>Don Faucher-Berhelé entré le 10/11/1978.</Origine>
		<Droits_Repro>Domaine public</Droits_Repro>
		<subject>GUERRE 1914-1918;</subject>
		<geoname>NUBECOURT (village);MEUSE (département);</geoname>
		<persname></persname>
		<corpname></corpname>
	</DocsFigures>
<DocsFigures>
		<Titre>Amiens. 15/06/15. Champ d&apos;aviation. Biplan Caudron venant de capoter</Titre>
		<Analyse>Vue d&apos;un avion biplan Caudron venant de se retourner dans un champ près d&apos;Amiens (Somme).
15 juin 1915. 
Guerre 1914-1918.</Analyse>
		<Realise_en>1915</Realise_en>
		<Liste_des_auteurs>BERTHELÉ, Raoul</Liste_des_auteurs>
		<Type_Doc>Positif N&amp;B</Type_Doc>
		<Support>VERRE</Support>
		<Technique>Photographie stéréo</Technique>
		<Format>4,5 x 10,7 cm</Format>
		<Cote>49Fi118</Cote>
		<Observations>Positif de la 49Fi24.</Observations>
		<Origine>Don Faucher-Berhelé entré le 10/11/1978.</Origine>
		<Droits_Repro>Domaine public</Droits_Repro>
		<subject>GUERRE 1914-1918;</subject>
		<geoname>AMIENS (ville);SOMME (département);</geoname>
		<persname></persname>
		<corpname></corpname>
	</DocsFigures>
<DocsFigures>
		<Titre>Amiens. En aéro. 600m. Fuselage du M. Farman</Titre>
		<Analyse>Photo aérienne d&apos;Amiens (Somme) prise à 600m d&apos;altitude.
1915. 
Guerre 1914-1918.
Vue du fuselage d&apos;un avion M. Farman.</Analyse>
		<Realise_en>1915</Realise_en>
		<Liste_des_auteurs>BERTHELÉ, Raoul</Liste_des_auteurs>
		<Type_Doc>Positif N&amp;B</Type_Doc>
		<Support>VERRE</Support>
		<Technique>Photographie stéréo</Technique>
		<Format>4,5 x 10,7 cm</Format>
		<Cote>49Fi119</Cote>
		<Observations>Support orangé</Observations>
		<Origine>Don Faucher-Berhelé entré le 10/11/1978.</Origine>
		<Droits_Repro>Domaine public</Droits_Repro>
		<subject>GUERRE 1914-1918;</subject>
		<geoname>AMIENS (ville);SOMME (département);</geoname>
		<persname></persname>
		<corpname></corpname>
	</DocsFigures>
<DocsFigures>
		<Titre>[Amiens] 13 avril 1915 Levajols bénit le M. Farman 426 de P. Descoings</Titre>
		<Analyse>M. Levajols bénit le M. Farman 426 de Paul Descoings en présence de Mme Descoings et Raoul Berthelé dans un champ d&apos;aviation près d&apos;Amiens (Somme).
13 avril 1915. 
Guerre 1914-1918.</Analyse>
		<Realise_en>1915</Realise_en>
		<Liste_des_auteurs>BERTHELÉ, Raoul</Liste_des_auteurs>
		<Type_Doc>Positif N&amp;B</Type_Doc>
		<Support>VERRE</Support>
		<Technique>Photographie stéréo</Technique>
		<Format>4,5 x 10,7 cm</Format>
		<Cote>49Fi120</Cote>
		<Observations></Observations>
		<Origine>Don Faucher-Berhelé entré le 10/11/1978.</Origine>
		<Droits_Repro>Domaine public</Droits_Repro>
		<subject>GUERRE 1914-1918;</subject>
		<geoname>SOMME (département);AMIENS (ville);</geoname>
		<persname>BERTHELE, Raoul;</persname>
		<corpname></corpname>
	</DocsFigures>
<DocsFigures>
		<Titre>Amiens. Vue prise du haut du beffroi</Titre>
		<Analyse>Vue de la cathédrale d&apos;Amiens (Somme) prise du haut du beffroi de la ville.
1915. 
Guerre 1914-1918.</Analyse>
		<Realise_en>1915</Realise_en>
		<Liste_des_auteurs>BERTHELÉ, Raoul</Liste_des_auteurs>
		<Type_Doc>Positif N&amp;B</Type_Doc>
		<Support>VERRE</Support>
		<Technique>Photographie stéréo</Technique>
		<Format>4,5 x 10,7 cm</Format>
		<Cote>49Fi121</Cote>
		<Observations>Positif de la 49Fi95.</Observations>
		<Origine>Don Faucher-Berhelé entré le 10/11/1978.</Origine>
		<Droits_Repro>Domaine public</Droits_Repro>
		<subject>GUERRE 1914-1918;</subject>
		<geoname>AMIENS (ville);SOMME (département);</geoname>
		<persname></persname>
		<corpname></corpname>
	</DocsFigures>
<DocsFigures>
		<Titre>Rivery. 4e artillerie. 120 long</Titre>
		<Analyse>Prise de vue de deux canons 120 long datant de 1890 et appartenant au 4e régiment d&apos;artillerie basé à Rivery (Somme). 
1915. 
Guerre 1914-1918.</Analyse>
		<Realise_en>1915</Realise_en>
		<Liste_des_auteurs>BERTHELÉ, Raoul</Liste_des_auteurs>
		<Type_Doc>Positif N&amp;B</Type_Doc>
		<Support>VERRE</Support>
		<Technique>Photographie stéréo</Technique>
		<Format>4,5 x 10,7 cm</Format>
		<Cote>49Fi122</Cote>
		<Observations>Positif de la 49Fi131.</Observations>
		<Origine>Don Faucher-Berhelé entré le 10/11/1978.</Origine>
		<Droits_Repro>Domaine public</Droits_Repro>
		<subject>GUERRE 1914-1918;</subject>
		<geoname>RIVERY (ville);SOMME (département);</geoname>
		<persname></persname>
		<corpname></corpname>
	</DocsFigures>
<DocsFigures>
		<Titre>Rivery. 4e artillerie. 120 long</Titre>
		<Analyse>Vue d&apos;ensemble de canons 120 long datant de 1890 et appartenant à au 4e régiment d&apos;artillerie basé à Rivery (Somme). 
1915. 
Guerre 1914-1918.</Analyse>
		<Realise_en>1915</Realise_en>
		<Liste_des_auteurs>BERTHELÉ, Raoul</Liste_des_auteurs>
		<Type_Doc>Positif N&amp;B</Type_Doc>
		<Support>VERRE</Support>
		<Technique>Photographie stéréo</Technique>
		<Format>4,5 x 10,7 cm</Format>
		<Cote>49Fi123</Cote>
		<Observations>Positif de la 49Fi130.</Observations>
		<Origine>Don Faucher-Berhelé entré le 10/11/1978.</Origine>
		<Droits_Repro>Domaine public</Droits_Repro>
		<subject>GUERRE 1914-1918;</subject>
		<geoname>RIVERY (ville);SOMME (département);</geoname>
		<persname></persname>
		<corpname></corpname>
	</DocsFigures>
<DocsFigures>
		<Titre>Gare et hôpital de Fleury sur Aire</Titre>
		<Analyse>Vue aérienne de la gare de l&apos;hôpital de Fleury-sur-Aire (Meuse).
1915. 
Guerre 1914-1918.</Analyse>
		<Realise_en>1915</Realise_en>
		<Liste_des_auteurs>BERTHELÉ, Raoul</Liste_des_auteurs>
		<Type_Doc>Positif N&amp;B</Type_Doc>
		<Support>VERRE</Support>
		<Technique>Photographie stéréo</Technique>
		<Format>4,5 x 10,7 cm</Format>
		<Cote>49Fi124</Cote>
		<Observations></Observations>
		<Origine>Don Faucher-Berhelé entré le 10/11/1978.</Origine>
		<Droits_Repro>Domaine public</Droits_Repro>
		<subject>GARE;SERVICE SANITAIRE MILITAIRE;GUERRE 1914-1918;</subject>
		<geoname>FLEURY-SUR-AIRE (hameau);NUBECOURT (village);MEUSE (département);</geoname>
		<persname></persname>
		<corpname></corpname>
	</DocsFigures>
<DocsFigures>
		<Titre>Saleux. Gare de ravitaillement</Titre>
		<Analyse>Vue de chariots et de wagons en cours de chargement à la gare de ravitaillement de Saleux (Somme).
14 juin 1915. 
Guerre 1914-1918.</Analyse>
		<Realise_en>1915</Realise_en>
		<Liste_des_auteurs>BERTHELÉ, Raoul</Liste_des_auteurs>
		<Type_Doc>Positif N&amp;B</Type_Doc>
		<Support>VERRE</Support>
		<Technique>Photographie stéréo</Technique>
		<Format>4,5 x 10,7 cm</Format>
		<Cote>49Fi125</Cote>
		<Observations>Même cliché que les 49Fi831, 49Fi1872/57 et 49Fi1874/13.</Observations>
		<Origine>Don Faucher-Berhelé entré le 10/11/1978.</Origine>
		<Droits_Repro>Domaine public</Droits_Repro>
		<subject>MILITAIRE;RAVITAILLEMENT;TRANSPORT FERROVIAIRE;VEHICULE A TRACTION ANIMALE;*HOMME;GUERRE 1914-1918;</subject>
		<geoname>SALEUX (ville);SOMME (département);</geoname>
		<persname></persname>
		<corpname></corpname>
	</DocsFigures>
<DocsFigures>
		<Titre>Saleux. Passage de troupes</Titre>
		<Analyse>Vue d&quot;ensemble de troupes stationnées au bord de la route dans les environs de Saleux (Somme).
1915. 
Guerre 1914-1918.</Analyse>
		<Realise_en>1915</Realise_en>
		<Liste_des_auteurs>BERTHELÉ, Raoul</Liste_des_auteurs>
		<Type_Doc>Positif N&amp;B</Type_Doc>
		<Support>VERRE</Support>
		<Technique>Photographie stéréo</Technique>
		<Format>4,5 x 10,7 cm</Format>
		<Cote>49Fi126</Cote>
		<Observations></Observations>
		<Origine>Don Faucher-Berhelé entré le 10/11/1978.</Origine>
		<Droits_Repro>Domaine public</Droits_Repro>
		<subject>GUERRE 1914-1918;</subject>
		<geoname>SALEUX (ville);SOMME (département);</geoname>
		<persname></persname>
		<corpname></corpname>
	</DocsFigures>
<DocsFigures>
		<Titre>Saleux. Usine Cosserat</Titre>
		<Analyse>Photo de l&apos;usine de Cosserat à Saleux (Somme).
1915. 
Guerre 1914-1918.
Des officiers posent sur un pont.</Analyse>
		<Realise_en>1915</Realise_en>
		<Liste_des_auteurs>BERTHELÉ, Raoul</Liste_des_auteurs>
		<Type_Doc>Positif N&amp;B</Type_Doc>
		<Support>VERRE</Support>
		<Technique>Photographie stéréo</Technique>
		<Format>4,5 x 10,7 cm</Format>
		<Cote>49Fi127</Cote>
		<Observations>Positif de la 49Fi79.</Observations>
		<Origine>Don Faucher-Berhelé entré le 10/11/1978.</Origine>
		<Droits_Repro>Domaine public</Droits_Repro>
		<subject>GUERRE 1914-1918;</subject>
		<geoname>SALEUX (ville);SOMME (département);</geoname>
		<persname></persname>
		<corpname></corpname>
	</DocsFigures>
<DocsFigures>
		<Titre>Chalons. Fokker</Titre>
		<Analyse>Vue d&apos;un avion allemand Fokker à Châlons-en-Champagne (Marne).
1915. 
Guerre 1914-1918.</Analyse>
		<Realise_en>1915</Realise_en>
		<Liste_des_auteurs>BERTHELÉ, Raoul</Liste_des_auteurs>
		<Type_Doc>Positif N&amp;B</Type_Doc>
		<Support>VERRE</Support>
		<Technique>Photographie stéréo</Technique>
		<Format>4,5 x 10,7 cm</Format>
		<Cote>49Fi128</Cote>
		<Observations></Observations>
		<Origine>Don Faucher-Berhelé entré le 10/11/1978.</Origine>
		<Droits_Repro>Domaine public</Droits_Repro>
		<subject>GUERRE 1914-1918;</subject>
		<geoname>CHALONS-EN-CHAMPAGNE (ville);MARNE (département);</geoname>
		<persname></persname>
		<corpname></corpname>
	</DocsFigures>
<DocsFigures>
		<Titre>4e d&apos;artillerie. 120 long. Amiens-Rivery</Titre>
		<Analyse>Vue d&apos;ensemble de canons 120 long datant de 1890 et appartenant à au 4e régiment d&apos;artillerie basé à Rivery (Somme). 
1915. 
Guerre 1914-1918.</Analyse>
		<Realise_en>1915</Realise_en>
		<Liste_des_auteurs>BERTHELÉ, Raoul</Liste_des_auteurs>
		<Type_Doc>NEGATIF N&amp;B</Type_Doc>
		<Support>VERRE</Support>
		<Technique>Photographie stéréo</Technique>
		<Format>4,5 x 10,7 cm</Format>
		<Cote>49Fi129</Cote>
		<Observations></Observations>
		<Origine>Don Faucher-Berhelé entré le 10/11/1978.</Origine>
		<Droits_Repro>Domaine public</Droits_Repro>
		<subject>GUERRE 1914-1918;</subject>
		<geoname>RIVERY (ville);SOMME (département);</geoname>
		<persname></persname>
		<corpname></corpname>
	</DocsFigures>
<DocsFigures>
		<Titre>4e d&apos;artillerie 120 long Amiens-Rivery</Titre>
		<Analyse>Vue d&apos;ensemble de canons 120 long datant de 1890 et appartenant à au 4e régiment d&apos;artillerie basé à Rivery (Somme). 
1915. 
Guerre 1914-1918.</Analyse>
		<Realise_en>1915</Realise_en>
		<Liste_des_auteurs>BERTHELÉ, Raoul</Liste_des_auteurs>
		<Type_Doc>NEGATIF N&amp;B</Type_Doc>
		<Support>VERRE</Support>
		<Technique>Photographie stéréo</Technique>
		<Format>4,5 x 10,7 cm</Format>
		<Cote>49Fi130</Cote>
		<Observations>Même cliché que le 49Fi123.</Observations>
		<Origine>Don Faucher-Berhelé entré le 10/11/1978.</Origine>
		<Droits_Repro>Domaine public</Droits_Repro>
		<subject>GUERRE 1914-1918;</subject>
		<geoname>RIVERY (ville);SOMME (département);</geoname>
		<persname></persname>
		<corpname></corpname>
	</DocsFigures>
<DocsFigures>
		<Titre>4e d&apos;artillerie 120 long Amiens-Rivery</Titre>
		<Analyse>Vue d&apos;ensemble de canons 120 long datant de 1890 et appartenant à au 4e régiment d&apos;artillerie basé à Rivery (Somme). 
1915. 
Guerre 1914-1918.</Analyse>
		<Realise_en>1915</Realise_en>
		<Liste_des_auteurs>BERTHELÉ, Raoul</Liste_des_auteurs>
		<Type_Doc>NEGATIF N&amp;B</Type_Doc>
		<Support>VERRE</Support>
		<Technique>Photographie stéréo</Technique>
		<Format>4,5 x 10,7 cm</Format>
		<Cote>49Fi131</Cote>
		<Observations>Même cliché que le 49Fi122.</Observations>
		<Origine>Don Faucher-Berhelé entré le 10/11/1978.</Origine>
		<Droits_Repro>Domaine public</Droits_Repro>
		<subject>GUERRE 1914-1918;</subject>
		<geoname>RIVERY (ville);SOMME (département);</geoname>
		<persname></persname>
		<corpname></corpname>
	</DocsFigures>
<DocsFigures>
		<Titre>St Memmie. Mlle M-L Herzog</Titre>
		<Analyse>Portrait en pied de Mlle Herzog à Saint-Memmie (Marne).
1915. 
Guerre 1914-1918.</Analyse>
		<Realise_en>1915</Realise_en>
		<Liste_des_auteurs>BERTHELÉ, Raoul</Liste_des_auteurs>
		<Type_Doc>NEGATIF N&amp;B</Type_Doc>
		<Support>VERRE</Support>
		<Technique>Photographie stéréo</Technique>
		<Format>4,5 x 10,7 cm</Format>
		<Cote>49Fi132</Cote>
		<Observations></Observations>
		<Origine>Don Faucher-Berhelé entré le 10/11/1978.</Origine>
		<Droits_Repro>Domaine public</Droits_Repro>
		<subject>GUERRE 1914-1918;</subject>
		<geoname>SAINT-MEMMIE (ville);MARNE (département);</geoname>
		<persname></persname>
		<corpname></corpname>
	</DocsFigures>
<DocsFigures>
		<Titre>St Memmie. Mlle M-L Herzog</Titre>
		<Analyse>Portrait en pied de Mlle Herzog à Saint-Memmie (Marne).
1915. 
Guerre 1914-1918.</Analyse>
		<Realise_en>1915</Realise_en>
		<Liste_des_auteurs>BERTHELÉ, Raoul</Liste_des_auteurs>
		<Type_Doc>NEGATIF N&amp;B</Type_Doc>
		<Support>VERRE</Support>
		<Technique>Photographie stéréo</Technique>
		<Format>4,5 x 10,7 cm</Format>
		<Cote>49Fi133</Cote>
		<Observations></Observations>
		<Origine>Don Faucher-Berhelé entré le 10/11/1978.</Origine>
		<Droits_Repro>Domaine public</Droits_Repro>
		<subject>GUERRE 1914-1918;</subject>
		<geoname>SAINT-MEMMIE (ville);MARNE (département);</geoname>
		<persname></persname>
		<corpname></corpname>
	</DocsFigures>
<DocsFigures>
		<Titre>St Memmie. Mme Gallois</Titre>
		<Analyse>Portait en buste de Mme Gallois à Saint-Memmie (Marne).
1915. 
Guerre 1914-1918.</Analyse>
		<Realise_en>1915</Realise_en>
		<Liste_des_auteurs>BERTHELÉ, Raoul</Liste_des_auteurs>
		<Type_Doc>NEGATIF N&amp;B</Type_Doc>
		<Support>VERRE</Support>
		<Technique>Photographie stéréo</Technique>
		<Format>4,5 x 10,7 cm</Format>
		<Cote>49Fi134</Cote>
		<Observations></Observations>
		<Origine>Don Faucher-Berhelé entré le 10/11/1978.</Origine>
		<Droits_Repro>Domaine public</Droits_Repro>
		<subject>GUERRE 1914-1918;</subject>
		<geoname>SAINT-MEMMIE (ville);MARNE (département);</geoname>
		<persname></persname>
		<corpname></corpname>
	</DocsFigures>
<DocsFigures>
		<Titre>St Memmie. Pertuzé. 132e territoriale</Titre>
		<Analyse>Portrait en buste de M. Pertuzé, de la 132e territoriale, à Saint-Memmie (Marne).
1915. 
Guerre 1914-1918.</Analyse>
		<Realise_en>1915</Realise_en>
		<Liste_des_auteurs>BERTHELÉ, Raoul</Liste_des_auteurs>
		<Type_Doc>NEGATIF N&amp;B</Type_Doc>
		<Support>VERRE</Support>
		<Technique>Photographie stéréo</Technique>
		<Format>4,5 x 10,7 cm</Format>
		<Cote>49Fi135</Cote>
		<Observations></Observations>
		<Origine>Don Faucher-Berhelé entré le 10/11/1978.</Origine>
		<Droits_Repro>Domaine public</Droits_Repro>
		<subject>GUERRE 1914-1918;</subject>
		<geoname>SAINT-MEMMIE (ville);MARNE (département);</geoname>
		<persname></persname>
		<corpname></corpname>
	</DocsFigures>
<DocsFigures>
		<Titre>St Memmie. Groupe. Mme Gallois</Titre>
		<Analyse>Photo de groupe de 5 personnes prise dans une cour à Saint-Memmie (Marne). 
1915. 
Guerre 1914-1918.
Ce groupe comprend 2 hommes, dont un militaire, 3 femmes dont Mme Gallois.</Analyse>
		<Realise_en>1915</Realise_en>
		<Liste_des_auteurs>BERTHELÉ, Raoul</Liste_des_auteurs>
		<Type_Doc>NEGATIF N&amp;B</Type_Doc>
		<Support>VERRE</Support>
		<Technique>Photographie stéréo</Technique>
		<Format>4,5 x 10,7 cm</Format>
		<Cote>49Fi136</Cote>
		<Observations></Observations>
		<Origine>Don Faucher-Berhelé entré le 10/11/1978.</Origine>
		<Droits_Repro>Domaine public</Droits_Repro>
		<subject>FEMME;GUERRE 1914-1918;</subject>
		<geoname>SAINT-MEMMIE (ville);MARNE (département);</geoname>
		<persname></persname>
		<corpname></corpname>
	</DocsFigures>
<DocsFigures>
		<Titre>St Memmie. Mlle M-L Herzog</Titre>
		<Analyse>Portrait en pied de Mlle M.-L. Herzog réalisé dans la cour d&apos;une ferme à Saint-Memmie (Marne).
1915. 
Guerre 1914-1918.
Elle tient un petit cochon dans ses bras.</Analyse>
		<Realise_en>1915</Realise_en>
		<Liste_des_auteurs>BERTHELÉ, Raoul</Liste_des_auteurs>
		<Type_Doc>NEGATIF N&amp;B</Type_Doc>
		<Support>VERRE</Support>
		<Technique>Photographie stéréo</Technique>
		<Format>4,5 x 10,7 cm</Format>
		<Cote>49Fi137</Cote>
		<Observations></Observations>
		<Origine>Don Faucher-Berhelé entré le 10/11/1978.</Origine>
		<Droits_Repro>Domaine public</Droits_Repro>
		<subject>GUERRE 1914-1918;</subject>
		<geoname>SAINT-MEMMIE (ville);MARNE (département);</geoname>
		<persname></persname>
		<corpname></corpname>
	</DocsFigures>
<DocsFigures>
		<Titre>St Memmie. Mlle M-L Herzog</Titre>
		<Analyse>Portrait en pied de Mlle M.-L. Herzog réalisé dans la cour d&apos;une ferme à Saint-Memmie (Marne).
1915. 
Guerre 1914-1918.
Elle tient un petit cochon dans ses bras.</Analyse>
		<Realise_en>1915</Realise_en>
		<Liste_des_auteurs>BERTHELÉ, Raoul</Liste_des_auteurs>
		<Type_Doc>NEGATIF N&amp;B</Type_Doc>
		<Support>VERRE</Support>
		<Technique>Photographie stéréo</Technique>
		<Format>4,5 x 10,7 cm</Format>
		<Cote>49Fi138</Cote>
		<Observations></Observations>
		<Origine>Don Faucher-Berhelé entré le 10/11/1978.</Origine>
		<Droits_Repro>Domaine public</Droits_Repro>
		<subject>GUERRE 1914-1918;</subject>
		<geoname>SAINT-MEMMIE (ville);MARNE (département);</geoname>
		<persname></persname>
		<corpname></corpname>
	</DocsFigures>
<DocsFigures>
		<Titre>St Memmie. Mlle M-L Herzog</Titre>
		<Analyse>Portrait en pied de Mlle M.-L. Herzog réalisé dans la cour d&apos;une ferme à Saint-Memmie (Marne).
1915. 
Guerre 1914-1918.
Elle tient un petit cochon dans ses bras.</Analyse>
		<Realise_en>1915</Realise_en>
		<Liste_des_auteurs>BERTHELÉ, Raoul</Liste_des_auteurs>
		<Type_Doc>NEGATIF N&amp;B</Type_Doc>
		<Support>VERRE</Support>
		<Technique>Photographie stéréo</Technique>
		<Format>4,5 x 10,7 cm</Format>
		<Cote>49Fi139</Cote>
		<Observations></Observations>
		<Origine>Don Faucher-Berhelé entré le 10/11/1978.</Origine>
		<Droits_Repro>Domaine public</Droits_Repro>
		<subject>GUERRE 1914-1918;</subject>
		<geoname>SAINT-MEMMIE (ville);MARNE (département);</geoname>
		<persname></persname>
		<corpname></corpname>
	</DocsFigures>
<DocsFigures>
		<Titre>Longueau.20/08/15. Embarquement ambulance</Titre>
		<Analyse>Chargement d&apos;ambulances sur des wagons à Longueau (Somme).
20 août 1915. 
Guerre 1914-1918.</Analyse>
		<Realise_en>1915</Realise_en>
		<Liste_des_auteurs>BERTHELÉ, Raoul</Liste_des_auteurs>
		<Type_Doc>NEGATIF N&amp;B</Type_Doc>
		<Support>VERRE</Support>
		<Technique>Photographie stéréo</Technique>
		<Format>4,5 x 10,7 cm</Format>
		<Cote>49Fi140</Cote>
		<Observations></Observations>
		<Origine>Don Faucher-Berhelé entré le 10/11/1978.</Origine>
		<Droits_Repro>Domaine public</Droits_Repro>
		<subject>GUERRE 1914-1918;</subject>
		<geoname>LONGUEAU (ville);SOMME (département);</geoname>
		<persname></persname>
		<corpname></corpname>
	</DocsFigures>
<DocsFigures>
		<Titre>Longueau.20/08/15. Embarquement artillerie</Titre>
		<Analyse>Chargement de canons sur des wagons à Longueau (Somme).
20 août 1915. 
Guerre 1914-1918.</Analyse>
		<Realise_en>1915</Realise_en>
		<Liste_des_auteurs>BERTHELÉ, Raoul</Liste_des_auteurs>
		<Type_Doc>NEGATIF N&amp;B</Type_Doc>
		<Support>VERRE</Support>
		<Technique>Photographie stéréo</Technique>
		<Format>4,5 x 10,7 cm</Format>
		<Cote>49Fi141</Cote>
		<Observations>Lié à 49Fi1867</Observations>
		<Origine>Don Faucher-Berhelé entré le 10/11/1978.</Origine>
		<Droits_Repro>Domaine public</Droits_Repro>
		<subject>GUERRE 1914-1918;</subject>
		<geoname>LONGUEAU (ville);SOMME (département);</geoname>
		<persname></persname>
		<corpname></corpname>
	</DocsFigures>
<DocsFigures>
		<Titre>Chalons-Melette. 31/08/15. Biplan Caudron à deux moteurs</Titre>
		<Analyse>Vue d&apos;ensemble d&apos;un avion biplan Caudron à deux moteur dans un champ d&apos;aviation à Chalons-Melette sur la commune de l&apos;Epine (Marne).
31 août 1915. 
Guerre 1914-1918.
Des aviateurs et des mécaniciens posent devant l&apos;avion.</Analyse>
		<Realise_en>1915</Realise_en>
		<Liste_des_auteurs>BERTHELÉ, Raoul</Liste_des_auteurs>
		<Type_Doc>NEGATIF N&amp;B</Type_Doc>
		<Support>VERRE</Support>
		<Technique>Photographie stéréo</Technique>
		<Format>4,5 x 10,7 cm</Format>
		<Cote>49Fi142</Cote>
		<Observations>Même cliché que le 49Fi1872/123.</Observations>
		<Origine>Don Faucher-Berhelé entré le 10/11/1978.</Origine>
		<Droits_Repro>Domaine public</Droits_Repro>
		<subject>GUERRE 1914-1918;</subject>
		<geoname>MARNE (département);EPINE (L&apos;) (village);</geoname>
		<persname></persname>
		<corpname></corpname>
	</DocsFigures>
<DocsFigures>
		<Titre>Chalons-Melette. 31/08/15. Biplan Caudron à deux moteurs</Titre>
		<Analyse>Vue d&apos;ensemble d&apos;un avion biplan Caudron à deux moteurs stationné dans un champ d&apos;aviation à Chalons-Melette, sur la commune de l&apos;Epine (Marne).
31 août 1915. 
Guerre 1914-1918.</Analyse>
		<Realise_en>1915</Realise_en>
		<Liste_des_auteurs>BERTHELÉ, Raoul</Liste_des_auteurs>
		<Type_Doc>NEGATIF N&amp;B</Type_Doc>
		<Support>VERRE</Support>
		<Technique>Photographie stéréo</Technique>
		<Format>4,5 x 10,7 cm</Format>
		<Cote>49Fi143</Cote>
		<Observations>Même cliché que le 49Fi1872/126.</Observations>
		<Origine>Don Faucher-Berhelé entré le 10/11/1978.</Origine>
		<Droits_Repro>Domaine public</Droits_Repro>
		<subject>GUERRE 1914-1918;</subject>
		<geoname>MARNE (département);EPINE (L&apos;) (village);</geoname>
		<persname></persname>
		<corpname></corpname>
	</DocsFigures>
<DocsFigures>
		<Titre>Amiens. 18/07/15. Bassin de natation. Départ des 200m</Titre>
		<Analyse>Photo du départ de la course des 200m au bassin de natation à Amiens (Somme).
18 juillet 1915. 
Guerre 1914-1918.
Départ des nageurs: plongeons. </Analyse>
		<Realise_en>1915</Realise_en>
		<Liste_des_auteurs>BERTHELÉ, Raoul</Liste_des_auteurs>
		<Type_Doc>NEGATIF N&amp;B</Type_Doc>
		<Support>VERRE</Support>
		<Technique>Photographie stéréo</Technique>
		<Format>4,5 x 10,7 cm</Format>
		<Cote>49Fi144</Cote>
		<Observations></Observations>
		<Origine>Don Faucher-Berhelé entré le 10/11/1978.</Origine>
		<Droits_Repro>Domaine public</Droits_Repro>
		<subject>GUERRE 1914-1918;</subject>
		<geoname>AMIENS (ville);SOMME (département);</geoname>
		<persname></persname>
		<corpname></corpname>
	</DocsFigures>
<DocsFigures>
		<Titre>Amiens. 18/07/15. Bassin de natation. Tourbier</Titre>
		<Analyse>Photo de M. Tourbier dans le bassin de natation à Amiens (Somme).
18 juillet 1915. 
Guerre 1914-1918.</Analyse>
		<Realise_en>1915</Realise_en>
		<Liste_des_auteurs>BERTHELÉ, Raoul</Liste_des_auteurs>
		<Type_Doc>NEGATIF N&amp;B</Type_Doc>
		<Support>VERRE</Support>
		<Technique>Photographie stéréo</Technique>
		<Format>4,5 x 10,7 cm</Format>
		<Cote>49Fi145</Cote>
		<Observations>Même cliché que le 49Fi1874/26.</Observations>
		<Origine>Don Faucher-Berhelé entré le 10/11/1978.</Origine>
		<Droits_Repro>Domaine public</Droits_Repro>
		<subject>GUERRE 1914-1918;</subject>
		<geoname>AMIENS (ville);SOMME (département);</geoname>
		<persname></persname>
		<corpname></corpname>
	</DocsFigures>
<DocsFigures>
		<Titre>Paris. 29/07/15. Les Invalides. Canons allemands de 72</Titre>
		<Analyse>Vue d&apos;ensemble des trophées de guerre exposés aux Invalides à Paris.
29 juillet 1915. 
Guerre 1914-1918.
Parmi ces trophées: des canons allemands de 72.</Analyse>
		<Realise_en>1915</Realise_en>
		<Liste_des_auteurs>BERTHELÉ, Raoul</Liste_des_auteurs>
		<Type_Doc>NEGATIF N&amp;B</Type_Doc>
		<Support>VERRE</Support>
		<Technique>Photographie stéréo</Technique>
		<Format>4,5 x 10,7 cm</Format>
		<Cote>49Fi146</Cote>
		<Observations></Observations>
		<Origine>Don Faucher-Berhelé entré le 10/11/1978.</Origine>
		<Droits_Repro>Domaine public</Droits_Repro>
		<subject>GUERRE 1914-1918;</subject>
		<geoname>PARIS (ville);</geoname>
		<persname></persname>
		<corpname></corpname>
	</DocsFigures>
<DocsFigures>
		<Titre>Saleux. M. Cazals au galop</Titre>
		<Analyse>Vue de M. Cazals à cheval, au galop sur une route près de Saleux (Somme).
1915. 
Guerre 1914-1918.</Analyse>
		<Realise_en>1915</Realise_en>
		<Liste_des_auteurs>BERTHELÉ, Raoul</Liste_des_auteurs>
		<Type_Doc>NEGATIF N&amp;B</Type_Doc>
		<Support>VERRE</Support>
		<Technique>Photographie stéréo</Technique>
		<Format>4,5 x 10,7 cm</Format>
		<Cote>49Fi147</Cote>
		<Observations>Même cliché que le 49Fi1872/96</Observations>
		<Origine>Don Faucher-Berhelé entré le 10/11/1978.</Origine>
		<Droits_Repro>Domaine public</Droits_Repro>
		<subject>GUERRE 1914-1918;</subject>
		<geoname>SALEUX (ville);SOMME (département);</geoname>
		<persname></persname>
		<corpname></corpname>
	</DocsFigures>
<DocsFigures>
		<Titre>Saleux. M. Cazals au trot</Titre>
		<Analyse>Vue frontale de M. Cazals à cheval, au trot sur une route près de Saleux (Somme).
1915. 
Guerre 1914-1918.</Analyse>
		<Realise_en>1915</Realise_en>
		<Liste_des_auteurs>BERTHELÉ, Raoul</Liste_des_auteurs>
		<Type_Doc>NEGATIF N&amp;B</Type_Doc>
		<Support>VERRE</Support>
		<Technique>Photographie stéréo</Technique>
		<Format>4,5 x 10,7 cm</Format>
		<Cote>49Fi148</Cote>
		<Observations>Même cliché que le 49Fi1872/93.</Observations>
		<Origine>Don Faucher-Berhelé entré le 10/11/1978.</Origine>
		<Droits_Repro>Domaine public</Droits_Repro>
		<subject>TRANSPORT PAR ANIMAL;MILITAIRE;GUERRE 1914-1918;</subject>
		<geoname>SALEUX (ville);SOMME (département);</geoname>
		<persname></persname>
		<corpname></corpname>
	</DocsFigures>
<DocsFigures>
		<Titre>Amiens. 18/07/15. Bassin de natation. Plongeon Tourbier</Titre>
		<Analyse>Prise de vue d&apos;un plongeon de M. Tourbier dans le bassin de natation à Amiens (Somme).
18 juillet 1915. 
Guerre 1914-1918.</Analyse>
		<Realise_en>1915</Realise_en>
		<Liste_des_auteurs>BERTHELÉ, Raoul</Liste_des_auteurs>
		<Type_Doc>NEGATIF N&amp;B</Type_Doc>
		<Support>VERRE</Support>
		<Technique>Photographie stéréo</Technique>
		<Format>4,5 x 10,7 cm</Format>
		<Cote>49Fi149</Cote>
		<Observations></Observations>
		<Origine>Don Faucher-Berhelé entré le 10/11/1978.</Origine>
		<Droits_Repro>Domaine public</Droits_Repro>
		<subject>GUERRE 1914-1918;</subject>
		<geoname>AMIENS (ville);SOMME (département);</geoname>
		<persname></persname>
		<corpname></corpname>
	</DocsFigures>
<DocsFigures>
		<Titre>Amiens. 18/07/15. Bassin de natation. Plongeon Tourbier</Titre>
		<Analyse>Prise de vue d&apos;un plongeon de M. Tourbier dans le bassin de natation à Amiens (Somme).
18 juillet 1915. 
Guerre 1914-1918.</Analyse>
		<Realise_en>1915</Realise_en>
		<Liste_des_auteurs>BERTHELÉ, Raoul</Liste_des_auteurs>
		<Type_Doc>NEGATIF N&amp;B</Type_Doc>
		<Support>VERRE</Support>
		<Technique>Photographie stéréo</Technique>
		<Format>4,5 x 10,7 cm</Format>
		<Cote>49Fi150</Cote>
		<Observations></Observations>
		<Origine>Don Faucher-Berhelé entré le 10/11/1978.</Origine>
		<Droits_Repro>Domaine public</Droits_Repro>
		<subject>GUERRE 1914-1918;</subject>
		<geoname>AMIENS (ville);SOMME (département);</geoname>
		<persname></persname>
		<corpname></corpname>
	</DocsFigures>
<DocsFigures>
		<Titre>Amiens. 18/07/15. Bassin de natation. Tourbier</Titre>
		<Analyse>Photo de M. Tourbier dans l&apos;eau brandissant un objet au bassin de natation à Amiens (Somme).
18 juillet 1915. 
Guerre 1914-1918.</Analyse>
		<Realise_en>1915</Realise_en>
		<Liste_des_auteurs>BERTHELÉ, Raoul</Liste_des_auteurs>
		<Type_Doc>NEGATIF N&amp;B</Type_Doc>
		<Support>VERRE</Support>
		<Technique>Photographie stéréo</Technique>
		<Format>4,5 x 10,7 cm</Format>
		<Cote>49Fi151</Cote>
		<Observations></Observations>
		<Origine>Don Faucher-Berhelé entré le 10/11/1978.</Origine>
		<Droits_Repro>Domaine public</Droits_Repro>
		<subject>GUERRE 1914-1918;</subject>
		<geoname>AMIENS (ville);SOMME (département);</geoname>
		<persname></persname>
		<corpname></corpname>
	</DocsFigures>
<DocsFigures>
		<Titre>Amiens. 18/07/15. Bassin de natation. Départ des 100 m</Titre>
		<Analyse>Photo du départ de la course des 100 m au bassin de natation à Amiens (Somme).
18 juillet 1915. 
Guerre 1914-1918.
Départ des nageurs prêts à plonger.</Analyse>
		<Realise_en>1915</Realise_en>
		<Liste_des_auteurs>BERTHELÉ, Raoul</Liste_des_auteurs>
		<Type_Doc>NEGATIF N&amp;B</Type_Doc>
		<Support>VERRE</Support>
		<Technique>Photographie stéréo</Technique>
		<Format>4,5 x 10,7 cm</Format>
		<Cote>49Fi152</Cote>
		<Observations></Observations>
		<Origine>Don Faucher-Berhelé entré le 10/11/1978.</Origine>
		<Droits_Repro>Domaine public</Droits_Repro>
		<subject>GUERRE 1914-1918;</subject>
		<geoname>AMIENS (ville);SOMME (département);</geoname>
		<persname></persname>
		<corpname></corpname>
	</DocsFigures>
<DocsFigures>
		<Titre>Amiens. 18/07/15. Bassin de natation. Plongeons</Titre>
		<Analyse>Vue des plongeons des nageurs au départ de la course des 100 m, prise au bassin de natation à Amiens (Somme).
18 juillet 1915. 
Guerre 1914-1918. </Analyse>
		<Realise_en>1915</Realise_en>
		<Liste_des_auteurs>BERTHELÉ, Raoul</Liste_des_auteurs>
		<Type_Doc>NEGATIF N&amp;B</Type_Doc>
		<Support>VERRE</Support>
		<Technique>Photographie stéréo</Technique>
		<Format>4,5 x 10,7 cm</Format>
		<Cote>49Fi153</Cote>
		<Observations></Observations>
		<Origine>Don Faucher-Berhelé entré le 10/11/1978.</Origine>
		<Droits_Repro>Domaine public</Droits_Repro>
		<subject>GUERRE 1914-1918;</subject>
		<geoname>AMIENS (ville);SOMME (département);</geoname>
		<persname></persname>
		<corpname></corpname>
	</DocsFigures>
<DocsFigures>
		<Titre>Paris. Invalides. 29/07/15. Aéro allemand &quot;Aviatic&quot;</Titre>
		<Analyse>Exposition d&apos;un avion allemand  &quot;Aviatic&quot;, trophée de guerre, aux Invalides à Paris.
29 juillet 1915. 
Guerre 1914-1918.</Analyse>
		<Realise_en>1915</Realise_en>
		<Liste_des_auteurs>BERTHELÉ, Raoul</Liste_des_auteurs>
		<Type_Doc>NEGATIF N&amp;B</Type_Doc>
		<Support>VERRE</Support>
		<Technique>Photographie stéréo</Technique>
		<Format>4,5 x 10,7 cm</Format>
		<Cote>49Fi154</Cote>
		<Observations></Observations>
		<Origine>Don Faucher-Berhelé entré le 10/11/1978.</Origine>
		<Droits_Repro>Domaine public</Droits_Repro>
		<subject>GUERRE 1914-1918;</subject>
		<geoname>PARIS (ville);</geoname>
		<persname></persname>
		<corpname></corpname>
	</DocsFigures>
<DocsFigures>
		<Titre>Amiens. Biplan M. Farman. Moteur Renault. P. Descoings</Titre>
		<Analyse>L&apos;aviateur Paul Descoings pose devant le moteur Renault de son avion biplan M. Farman  près d&apos;Amiens (Somme).
1915. 
Guerre 1914-1918.</Analyse>
		<Realise_en>1915</Realise_en>
		<Liste_des_auteurs>BERTHELÉ, Raoul</Liste_des_auteurs>
		<Type_Doc>NEGATIF N&amp;B</Type_Doc>
		<Support>VERRE</Support>
		<Technique>Photographie stéréo</Technique>
		<Format>4,5 x 10,7 cm</Format>
		<Cote>49Fi155</Cote>
		<Observations></Observations>
		<Origine>Don Faucher-Berhelé entré le 10/11/1978.</Origine>
		<Droits_Repro>Domaine public</Droits_Repro>
		<subject>GUERRE 1914-1918;</subject>
		<geoname>AMIENS (ville);SOMME (département);</geoname>
		<persname></persname>
		<corpname></corpname>
	</DocsFigures>
<DocsFigures>
		<Titre>Amiens. Biplan Voisin. M. Roy et Cazals</Titre>
		<Analyse>MM. Roy et Cazals posent dans un avion biplan Voisin dans un hangar près d&apos;Amiens (Somme).
1915. 
Guerre 1914-1918.</Analyse>
		<Realise_en>1915</Realise_en>
		<Liste_des_auteurs>BERTHELÉ, Raoul</Liste_des_auteurs>
		<Type_Doc>NEGATIF N&amp;B</Type_Doc>
		<Support>VERRE</Support>
		<Technique>Photographie stéréo</Technique>
		<Format>4,5 x 10,7 cm</Format>
		<Cote>49Fi156</Cote>
		<Observations></Observations>
		<Origine>Don Faucher-Berhelé entré le 10/11/1978.</Origine>
		<Droits_Repro>Domaine public</Droits_Repro>
		<subject>GUERRE 1914-1918;</subject>
		<geoname>AMIENS (ville);SOMME (département);</geoname>
		<persname></persname>
		<corpname></corpname>
	</DocsFigures>
<DocsFigures>
		<Titre>Amiens. Biplan Voisin. Sauzay</Titre>
		<Analyse>Champ d&apos;aviation près d&apos;Amiens (Somme).
Mai-juin 1915.
Vue de Raoul Berthelé et Sauzay dans un biplan Voisin.
Guerre 1914-1918.</Analyse>
		<Realise_en>1915</Realise_en>
		<Liste_des_auteurs>BERTHELÉ, Raoul</Liste_des_auteurs>
		<Type_Doc>NEGATIF N&amp;B</Type_Doc>
		<Support>VERRE</Support>
		<Technique>Photographie stéréo</Technique>
		<Format>4,5 x 10,7 cm</Format>
		<Cote>49Fi157</Cote>
		<Observations>Même cliché que le 49Fi1870/40.</Observations>
		<Origine>Don Faucher-Berhelé entré le 10/11/1978.</Origine>
		<Droits_Repro>Domaine public</Droits_Repro>
		<subject>GUERRE 1914-1918;</subject>
		<geoname>AMIENS (ville);SOMME (département);</geoname>
		<persname>BERTHELE, Raoul;</persname>
		<corpname></corpname>
	</DocsFigures>
<DocsFigures>
		<Titre>Amiens. Biplan Voisin. Sauzay et Roussillon</Titre>
		<Analyse>Vue de MM. Sauzay et Roussillon posant dans un biplan Voisin dans un champ d&apos;aviation près d&apos;Amiens (Somme).
Mai-juin 1915. 
Guerre 1914-1918.
Ils sont sur  le départ.</Analyse>
		<Realise_en>1915</Realise_en>
		<Liste_des_auteurs>BERTHELÉ, Raoul</Liste_des_auteurs>
		<Type_Doc>NEGATIF N&amp;B</Type_Doc>
		<Support>VERRE</Support>
		<Technique>Photographie stéréo</Technique>
		<Format>4,5 x 10,7 cm</Format>
		<Cote>49Fi158</Cote>
		<Observations>Même cliché que le 49Fi1870/22.</Observations>
		<Origine>Don Faucher-Berhelé entré le 10/11/1978.</Origine>
		<Droits_Repro>Domaine public</Droits_Repro>
		<subject>GUERRE 1914-1918;</subject>
		<geoname>AMIENS (ville);SOMME (département);</geoname>
		<persname></persname>
		<corpname></corpname>
	</DocsFigures>
<DocsFigures>
		<Titre>Amiens. Biplan Voisin. R13</Titre>
		<Analyse>MM. Sauzay et Roussillon posent dans un avion biplan Voisin dans un champ d&apos;aviation près d&apos;Amiens (Somme).
1915. 
Guerre 1914-1918.</Analyse>
		<Realise_en>1915</Realise_en>
		<Liste_des_auteurs>BERTHELÉ, Raoul</Liste_des_auteurs>
		<Type_Doc>NEGATIF N&amp;B</Type_Doc>
		<Support>VERRE</Support>
		<Technique>Photographie stéréo</Technique>
		<Format>4,5 x 10,7 cm</Format>
		<Cote>49Fi159</Cote>
		<Observations></Observations>
		<Origine>Don Faucher-Berhelé entré le 10/11/1978.</Origine>
		<Droits_Repro>Domaine public</Droits_Repro>
		<subject>GUERRE 1914-1918;</subject>
		<geoname>AMIENS (ville);SOMME (département);</geoname>
		<persname></persname>
		<corpname></corpname>
	</DocsFigures>
<DocsFigures>
		<Titre>Biplan Voisin. R. Berthelé</Titre>
		<Analyse>Portrait en pied de Raoul Berthelé posant devant un biplan Voisin dans un champ d&apos;aviation près d&apos;Amiens (Somme).
Mai-juin 1915. 
Guerre 1914-1918.</Analyse>
		<Realise_en>1915</Realise_en>
		<Liste_des_auteurs>BERTHELÉ, Raoul</Liste_des_auteurs>
		<Type_Doc>NEGATIF N&amp;B</Type_Doc>
		<Support>VERRE</Support>
		<Technique>Photographie stéréo</Technique>
		<Format>4,5 x 10,7 cm</Format>
		<Cote>49Fi160</Cote>
		<Observations>Même cliché que le 49Fi1870/45.</Observations>
		<Origine>Don Faucher-Berhelé entré le 10/11/1978.</Origine>
		<Droits_Repro>Domaine public</Droits_Repro>
		<subject>GUERRE 1914-1918;</subject>
		<geoname>AMIENS (ville);SOMME (département);</geoname>
		<persname>BERTHELE, Raoul;</persname>
		<corpname></corpname>
	</DocsFigures>
<DocsFigures>
		<Titre>Amiens. Biplan Voisin. M. Teissier</Titre>
		<Analyse>M. Teissier pose devant un avion biplan Voisin dans un champ d&apos;aviation près d&apos;Amiens (Somme).
1915. 
Guerre 1914-1918.</Analyse>
		<Realise_en>1915</Realise_en>
		<Liste_des_auteurs>BERTHELÉ, Raoul</Liste_des_auteurs>
		<Type_Doc>NEGATIF N&amp;B</Type_Doc>
		<Support>VERRE</Support>
		<Technique>Photographie stéréo</Technique>
		<Format>4,5 x 10,7 cm</Format>
		<Cote>49Fi161</Cote>
		<Observations></Observations>
		<Origine>Don Faucher-Berhelé entré le 10/11/1978.</Origine>
		<Droits_Repro>Domaine public</Droits_Repro>
		<subject>GUERRE 1914-1918;</subject>
		<geoname>AMIENS (ville);SOMME (département);</geoname>
		<persname></persname>
		<corpname></corpname>
	</DocsFigures>
<DocsFigures>
		<Titre>Amiens. Biplan Voisin. Sauzay et Roussillon</Titre>
		<Analyse>Vue de MM. Sauzay et Roussillon posant dans un biplan Voisin dans un hangar près d&apos;Amiens (Somme).
Mai-juin 1915. 
Guerre 1914-1918.
Ils sont sur le départ.</Analyse>
		<Realise_en>1915</Realise_en>
		<Liste_des_auteurs>BERTHELÉ, Raoul</Liste_des_auteurs>
		<Type_Doc>NEGATIF N&amp;B</Type_Doc>
		<Support>VERRE</Support>
		<Technique>Photographie stéréo</Technique>
		<Format>4,5 x 10,7 cm</Format>
		<Cote>49Fi162</Cote>
		<Observations>Même cliché que le 49Fi1870/21.</Observations>
		<Origine>Don Faucher-Berhelé entré le 10/11/1978.</Origine>
		<Droits_Repro>Domaine public</Droits_Repro>
		<subject>GUERRE 1914-1918;</subject>
		<geoname>AMIENS (ville);SOMME (département);</geoname>
		<persname></persname>
		<corpname></corpname>
	</DocsFigures>
<DocsFigures>
		<Titre>Amiens. Biplan Voisin. Sauzay et Roussillon</Titre>
		<Analyse>Vue de MM. Sauzay et Roussillon posant dans un biplan Voisin dans un hangar près d&apos;Amiens (Somme).
Mai-juin 1915. 
Guerre 1914-1918.
Ils sont sur le départ.</Analyse>
		<Realise_en>1915</Realise_en>
		<Liste_des_auteurs>BERTHELÉ, Raoul</Liste_des_auteurs>
		<Type_Doc>NEGATIF N&amp;B</Type_Doc>
		<Support>VERRE</Support>
		<Technique>Photographie stéréo</Technique>
		<Format>4,5 x 10,7 cm</Format>
		<Cote>49Fi163</Cote>
		<Observations>Même cliché que le 49Fi1870/23.</Observations>
		<Origine>Don Faucher-Berhelé entré le 10/11/1978.</Origine>
		<Droits_Repro>Domaine public</Droits_Repro>
		<subject>GUERRE 1914-1918;</subject>
		<geoname>AMIENS (ville);SOMME (département);</geoname>
		<persname></persname>
		<corpname></corpname>
	</DocsFigures>
<DocsFigures>
		<Titre>Amiens. Biplan Voisin. Sauzay et Berthelé</Titre>
		<Analyse>M. Sauzay montre à Raoul Berthelé le tableau de bord de son avion biplan Voisin dans un champ d&apos;aviation près d&apos;Amiens (Somme).
1915. 
Guerre 1914-1918.</Analyse>
		<Realise_en>1915</Realise_en>
		<Liste_des_auteurs>BERTHELÉ, Raoul</Liste_des_auteurs>
		<Type_Doc>NEGATIF N&amp;B</Type_Doc>
		<Support>VERRE</Support>
		<Technique>Photographie stéréo</Technique>
		<Format>4,5 x 10,7 cm</Format>
		<Cote>49Fi164</Cote>
		<Observations></Observations>
		<Origine>Don Faucher-Berhelé entré le 10/11/1978.</Origine>
		<Droits_Repro>Domaine public</Droits_Repro>
		<subject>GUERRE 1914-1918;</subject>
		<geoname>AMIENS (ville);SOMME (département);</geoname>
		<persname>BERTHELE, Raoul;</persname>
		<corpname></corpname>
	</DocsFigures>
<DocsFigures>
		<Titre>Amiens. Biplan Voisin. Moteur et hélice. Sauzay et Roussillon</Titre>
		<Analyse>Vue du moteur et de l&apos;hélice d&apos;un avion biplan Voisin de MM. Sauzay et Roussillon, près d&apos;Amiens (Somme).
1915. 
Guerre 1914-1918.</Analyse>
		<Realise_en>1915</Realise_en>
		<Liste_des_auteurs>BERTHELÉ, Raoul</Liste_des_auteurs>
		<Type_Doc>NEGATIF N&amp;B</Type_Doc>
		<Support>VERRE</Support>
		<Technique>Photographie stéréo</Technique>
		<Format>4,5 x 10,7 cm</Format>
		<Cote>49Fi165</Cote>
		<Observations></Observations>
		<Origine>Don Faucher-Berhelé entré le 10/11/1978.</Origine>
		<Droits_Repro>Domaine public</Droits_Repro>
		<subject>GUERRE 1914-1918;</subject>
		<geoname>AMIENS (ville);SOMME (département);</geoname>
		<persname></persname>
		<corpname></corpname>
	</DocsFigures>
<DocsFigures>
		<Titre>Saleux. Aéro en plein vol</Titre>
		<Analyse>Vue en contre plongée d&apos;un biplan voisin en plein vol prise depuis Saleux (Somme).
Mai-juin 1915. 
Guerre 1914-1918.</Analyse>
		<Realise_en>1915</Realise_en>
		<Liste_des_auteurs>BERTHELÉ, Raoul</Liste_des_auteurs>
		<Type_Doc>NEGATIF N&amp;B</Type_Doc>
		<Support>VERRE</Support>
		<Technique>Photographie stéréo</Technique>
		<Format>4,5 x 10,7 cm</Format>
		<Cote>49Fi166</Cote>
		<Observations>Même cliché que le 49Fi1870/24.</Observations>
		<Origine>Don Faucher-Berhelé entré le 10/11/1978.</Origine>
		<Droits_Repro>Domaine public</Droits_Repro>
		<subject>GUERRE 1914-1918;</subject>
		<geoname>SALEUX (ville);SOMME (département);</geoname>
		<persname></persname>
		<corpname></corpname>
	</DocsFigures>
<DocsFigures>
		<Titre>Amiens. Aéro Blériot au départ</Titre>
		<Analyse>Décollage d&apos;un avion de type Blériot d&apos; un champ d&apos;aviation près d&apos;Amiens (Somme).
1915. 
Guerre 1914-1918.</Analyse>
		<Realise_en>1915</Realise_en>
		<Liste_des_auteurs>BERTHELÉ, Raoul</Liste_des_auteurs>
		<Type_Doc>NEGATIF N&amp;B</Type_Doc>
		<Support>VERRE</Support>
		<Technique>Photographie stéréo</Technique>
		<Format>4,5 x 10,7 cm</Format>
		<Cote>49Fi167</Cote>
		<Observations></Observations>
		<Origine>Don Faucher-Berhelé entré le 10/11/1978.</Origine>
		<Droits_Repro>Domaine public</Droits_Repro>
		<subject>GUERRE 1914-1918;</subject>
		<geoname>AMIENS (ville);SOMME (département);</geoname>
		<persname></persname>
		<corpname></corpname>
	</DocsFigures>
<DocsFigures>
		<Titre>Amiens. Biplan M. Farman. P. Descoings</Titre>
		<Analyse>&quot;Mlle Delagarde, Echesuin, Serajols&quot;.
L&apos;aviateur Paul Descoings pose dans son avion biplan M. Farman avec Mlle Delagarde, entouré de  MM. Echesuin et Serajols à Amiens (Somme).
1915. 
Guerre 1914-1918.</Analyse>
		<Realise_en>1915</Realise_en>
		<Liste_des_auteurs>BERTHELÉ, Raoul</Liste_des_auteurs>
		<Type_Doc>NEGATIF N&amp;B</Type_Doc>
		<Support>VERRE</Support>
		<Technique>Photographie stéréo</Technique>
		<Format>4,5 x 10,7 cm</Format>
		<Cote>49Fi168</Cote>
		<Observations></Observations>
		<Origine>Don Faucher-Berhelé entré le 10/11/1978.</Origine>
		<Droits_Repro>Domaine public</Droits_Repro>
		<subject>GUERRE 1914-1918;</subject>
		<geoname>AMIENS (ville);SOMME (département);</geoname>
		<persname></persname>
		<corpname></corpname>
	</DocsFigures>
<DocsFigures>
		<Titre>Amiens. Bilpan M. Farman. P. Descoings et R. Berthelé</Titre>
		<Analyse>Paul Descoings et Raoul Berthelé posent devant un avion biplan M. Farman, dans un champ d&apos;aviation près d&apos;Amiens (Somme).
1915. 
Guerre 1914-1918.</Analyse>
		<Realise_en>1915</Realise_en>
		<Liste_des_auteurs>BERTHELÉ, Raoul</Liste_des_auteurs>
		<Type_Doc>NEGATIF N&amp;B</Type_Doc>
		<Support>VERRE</Support>
		<Technique>Photographie stéréo</Technique>
		<Format>4,5 x 10,7 cm</Format>
		<Cote>49Fi169</Cote>
		<Observations></Observations>
		<Origine>Don Faucher-Berhelé entré le 10/11/1978.</Origine>
		<Droits_Repro>Domaine public</Droits_Repro>
		<subject>GUERRE 1914-1918;</subject>
		<geoname>AMIENS (ville);SOMME (département);</geoname>
		<persname>BERTHELE, Raoul;</persname>
		<corpname></corpname>
	</DocsFigures>
<DocsFigures>
		<Titre>Amiens. Biplan M. Farman</Titre>
		<Analyse>Vue d&apos;un avion biplan M. Farman stationné dans un champ d&apos;aviation près d&apos;Amiens (Somme).
1915. 
Guerre 1914-1918.</Analyse>
		<Realise_en>1915</Realise_en>
		<Liste_des_auteurs>BERTHELÉ, Raoul</Liste_des_auteurs>
		<Type_Doc>NEGATIF N&amp;B</Type_Doc>
		<Support>VERRE</Support>
		<Technique>Photographie stéréo</Technique>
		<Format>4,5 x 10,7 cm</Format>
		<Cote>49Fi170</Cote>
		<Observations></Observations>
		<Origine>Don Faucher-Berhelé entré le 10/11/1978.</Origine>
		<Droits_Repro>Domaine public</Droits_Repro>
		<subject>GUERRE 1914-1918;</subject>
		<geoname>AMIENS (ville);SOMME (département);</geoname>
		<persname></persname>
		<corpname></corpname>
	</DocsFigures>
<DocsFigures>
		<Titre>Amiens. Biplan M. Farman. P. Descoings</Titre>
		<Analyse>L&apos;aviateur Paul Descoings pose devant un avion biplan M. Farman dans un parc d&apos;aviation près d&apos;Amiens (Somme).
1915. 
Guerre 1914-1918.</Analyse>
		<Realise_en>1915</Realise_en>
		<Liste_des_auteurs>BERTHELÉ, Raoul</Liste_des_auteurs>
		<Type_Doc>NEGATIF N&amp;B</Type_Doc>
		<Support>VERRE</Support>
		<Technique>Photographie stéréo</Technique>
		<Format>4,5 x 10,7 cm</Format>
		<Cote>49Fi171</Cote>
		<Observations></Observations>
		<Origine>Don Faucher-Berhelé entré le 10/11/1978.</Origine>
		<Droits_Repro>Domaine public</Droits_Repro>
		<subject>GUERRE 1914-1918;</subject>
		<geoname>AMIENS (ville);SOMME (département);</geoname>
		<persname></persname>
		<corpname></corpname>
	</DocsFigures>
<DocsFigures>
		<Titre>Amiens. L&apos;aviateur P. Descoings</Titre>
		<Analyse>L&apos;aviateur Paul Descoings pose devant un avion biplan M. Farman dans un parc d&apos;aviation près d&apos;Amiens (Somme).
1915. 
Guerre 1914-1918.</Analyse>
		<Realise_en>1915</Realise_en>
		<Liste_des_auteurs>BERTHELÉ, Raoul</Liste_des_auteurs>
		<Type_Doc>NEGATIF N&amp;B</Type_Doc>
		<Support>VERRE</Support>
		<Technique>Photographie stéréo</Technique>
		<Format>4,5 x 10,7 cm</Format>
		<Cote>49Fi172</Cote>
		<Observations></Observations>
		<Origine>Don Faucher-Berhelé entré le 10/11/1978.</Origine>
		<Droits_Repro>Domaine public</Droits_Repro>
		<subject>GUERRE 1914-1918;</subject>
		<geoname>AMIENS (ville);SOMME (département);</geoname>
		<persname></persname>
		<corpname></corpname>
	</DocsFigures>
<DocsFigures>
		<Titre>Amiens. Biplan Voisin. R. Berthelé</Titre>
		<Analyse>Raoul Berthelé pose dans un avion biplan Voisin  garé dans un hangar près d&apos;Amiens (Somme).
1915. 
Guerre 1914-1918.</Analyse>
		<Realise_en>1915</Realise_en>
		<Liste_des_auteurs>BERTHELÉ, Raoul</Liste_des_auteurs>
		<Type_Doc>NEGATIF N&amp;B</Type_Doc>
		<Support>VERRE</Support>
		<Technique>Photographie stéréo</Technique>
		<Format>4,5 x 10,7 cm</Format>
		<Cote>49Fi173</Cote>
		<Observations></Observations>
		<Origine>Don Faucher-Berhelé entré le 10/11/1978.</Origine>
		<Droits_Repro>Domaine public</Droits_Repro>
		<subject>GARE;GUERRE 1914-1918;</subject>
		<geoname>AMIENS (ville);SOMME (département);</geoname>
		<persname>BERTHELE, Raoul;</persname>
		<corpname></corpname>
	</DocsFigures>
<DocsFigures>
		<Titre>[Raoul Berthelé avec le chien Goli]</Titre>
		<Analyse>Vue de Raoul Berthelé jouant avec un chien nommé Goli à Berzy-le-Sec (Aisne).
1915. 
Guerre 1914-1918.
Au second plan un camion militaire garé devant une maison.</Analyse>
		<Realise_en>1915</Realise_en>
		<Liste_des_auteurs>BERTHELÉ, Raoul</Liste_des_auteurs>
		<Type_Doc>NEGATIF N&amp;B</Type_Doc>
		<Support>VERRE</Support>
		<Technique>Photographie stéréo</Technique>
		<Format>4,5 x 10,7 cm</Format>
		<Cote>49Fi174</Cote>
		<Observations>Même cliché que le 49Fi1878/57.</Observations>
		<Origine>Don Faucher-Berhelé entré le 10/11/1978.</Origine>
		<Droits_Repro>Domaine public</Droits_Repro>
		<subject>GARE;GUERRE 1914-1918;</subject>
		<geoname>AISNE (département);BERZY-LE-SEC (village);</geoname>
		<persname>BERTHELE, Raoul;</persname>
		<corpname></corpname>
	</DocsFigures>
<DocsFigures>
		<Titre>Vailly. Usine électrique</Titre>
		<Analyse>Vue d&apos;ensemble des ruines de l&apos;usine électrique de Vailly-sur-Aisne (Aisne), qui a été bombardée.
1915. 
Guerre 1914-1918.</Analyse>
		<Realise_en>1915</Realise_en>
		<Liste_des_auteurs>BERTHELÉ, Raoul</Liste_des_auteurs>
		<Type_Doc>NEGATIF N&amp;B</Type_Doc>
		<Support>VERRE</Support>
		<Technique>Photographie stéréo</Technique>
		<Format>4,5 x 10,7 cm</Format>
		<Cote>49Fi175</Cote>
		<Observations></Observations>
		<Origine>Don Faucher-Berhelé entré le 10/11/1978.</Origine>
		<Droits_Repro>Domaine public</Droits_Repro>
		<subject>BATIMENT INDUSTRIEL;SINISTRE;BIEN SINISTRE;GUERRE 1914-1918;</subject>
		<geoname>VAILLY-SUR-AISNE (ville);AISNE (département);</geoname>
		<persname></persname>
		<corpname></corpname>
	</DocsFigures>
<DocsFigures>
		<Titre>Gare de Berzy. Pièce de ...</Titre>
		<Analyse>Embarquement d&apos;un canon à la gare de Berzy-le-Sec (Aisne). 
1915. 
Guerre 1914-1918.</Analyse>
		<Realise_en>1915</Realise_en>
		<Liste_des_auteurs>BERTHELÉ, Raoul</Liste_des_auteurs>
		<Type_Doc>NEGATIF N&amp;B</Type_Doc>
		<Support>VERRE</Support>
		<Technique>Photographie stéréo</Technique>
		<Format>4,5 x 10,7 cm</Format>
		<Cote>49Fi176</Cote>
		<Observations>L&apos;auteur de la photo semble ne pas avoir retenu le calibre du canon</Observations>
		<Origine>Don Faucher-Berhelé entré le 10/11/1978.</Origine>
		<Droits_Repro>Domaine public</Droits_Repro>
		<subject>GARE;GUERRE 1914-1918;</subject>
		<geoname>BERZY-LE-SEC (village);AISNE (département);</geoname>
		<persname></persname>
		<corpname></corpname>
	</DocsFigures>
<DocsFigures>
		<Titre>En canot. Amiens. Mlle Delagarde</Titre>
		<Analyse>Portrait de Mlle Delagarde en canot près d&apos;Amiens (Somme).
1915. 
Guerre 1914-1918.</Analyse>
		<Realise_en>1915</Realise_en>
		<Liste_des_auteurs>BERTHELÉ, Raoul</Liste_des_auteurs>
		<Type_Doc>Positif N&amp;B</Type_Doc>
		<Support>VERRE</Support>
		<Technique>Photographie stéréo</Technique>
		<Format>4,5 x 10,7 cm</Format>
		<Cote>49Fi177</Cote>
		<Observations></Observations>
		<Origine>Don Faucher-Berhelé entré le 10/11/1978.</Origine>
		<Droits_Repro>Domaine public</Droits_Repro>
		<subject>GUERRE 1914-1918;</subject>
		<geoname>AMIENS (ville);SOMME (département);</geoname>
		<persname></persname>
		<corpname></corpname>
	</DocsFigures>
<DocsFigures>
		<Titre>Beuvezin. Déjeuner</Titre>
		<Analyse>Vue d&apos;ensemble d&apos;un déjeuner d&apos;officiers de l&apos;Ambulance à Beuvezin (Meurthe-et-Moselle).
Mai-juin 1915. 
Guerre 1914-1918.</Analyse>
		<Realise_en>1915</Realise_en>
		<Liste_des_auteurs>BERTHELÉ, Raoul</Liste_des_auteurs>
		<Type_Doc>Positif N&amp;B</Type_Doc>
		<Support>VERRE</Support>
		<Technique>Photographie stéréo</Technique>
		<Format>4,5 x 10,7 cm</Format>
		<Cote>49Fi178</Cote>
		<Observations>Même cliché que les 49Fi238 et 49Fi1870/5.</Observations>
		<Origine>Don Faucher-Berhelé entré le 10/11/1978.</Origine>
		<Droits_Repro>Domaine public</Droits_Repro>
		<subject>GUERRE 1914-1918;</subject>
		<geoname>BEUVEZIN (village);MEURTHE-ET-MOSELLE (département);</geoname>
		<persname></persname>
		<corpname></corpname>
	</DocsFigures>
<DocsFigures>
		<Titre>Amiens. en canot. Mlle Cornu</Titre>
		<Analyse>Portrait de Mlle Cornu en canot, ramant, près d&apos;Amiens (Somme).
1915. 
Guerre 1914-1918.</Analyse>
		<Realise_en>1915</Realise_en>
		<Liste_des_auteurs>BERTHELÉ, Raoul</Liste_des_auteurs>
		<Type_Doc>Positif N&amp;B</Type_Doc>
		<Support>VERRE</Support>
		<Technique>Photographie stéréo</Technique>
		<Format>4,5 x 10,7 cm</Format>
		<Cote>49Fi179</Cote>
		<Observations></Observations>
		<Origine>Don Faucher-Berhelé entré le 10/11/1978.</Origine>
		<Droits_Repro>Domaine public</Droits_Repro>
		<subject>GUERRE 1914-1918;</subject>
		<geoname>AMIENS (ville);SOMME (département);</geoname>
		<persname></persname>
		<corpname></corpname>
	</DocsFigures>
<DocsFigures>
		<Titre>[Vue aérienne d&apos;Amiens]</Titre>
		<Analyse>Vue aérienne d&apos;Amiens (Somme) : cirque municipal, boulevards, lycée de garçons.
20 avril 1915. 
Guerre 1914-1918.
Au premier plan le fuselage de l&apos;avion.</Analyse>
		<Realise_en>1915</Realise_en>
		<Liste_des_auteurs>BERTHELÉ, Raoul</Liste_des_auteurs>
		<Type_Doc>Positif N&amp;B</Type_Doc>
		<Support>VERRE</Support>
		<Technique>Photographie stéréo</Technique>
		<Format>4,5 x 10,7 cm</Format>
		<Cote>49Fi180</Cote>
		<Observations></Observations>
		<Origine>Don Faucher-Berhelé entré le 10/11/1978.</Origine>
		<Droits_Repro>Domaine public</Droits_Repro>
		<subject>GUERRE 1914-1918;</subject>
		<geoname>AMIENS (ville);SOMME (département);</geoname>
		<persname></persname>
		<corpname></corpname>
	</DocsFigures>
<DocsFigures>
		<Titre>Amiens. La Hotoie. Mme L. Laurençôt</Titre>
		<Analyse>Portrait de Mme L. Laurençôt à la Hotoie près d&apos;Amiens (Somme).
1915. 
Guerre 1914-1918.</Analyse>
		<Realise_en>1915</Realise_en>
		<Liste_des_auteurs>BERTHELÉ, Raoul</Liste_des_auteurs>
		<Type_Doc>Positif N&amp;B</Type_Doc>
		<Support>VERRE</Support>
		<Technique>Photographie stéréo</Technique>
		<Format>4,5 x 10,7 cm</Format>
		<Cote>49Fi181</Cote>
		<Observations></Observations>
		<Origine>Don Faucher-Berhelé entré le 10/11/1978.</Origine>
		<Droits_Repro>Domaine public</Droits_Repro>
		<subject>GUERRE 1914-1918;</subject>
		<geoname>AMIENS (ville);SOMME (département);</geoname>
		<persname></persname>
		<corpname></corpname>
	</DocsFigures>
<DocsFigures>
		<Titre>Amiens. La Hotoie. Mme L. Laurençôt</Titre>
		<Analyse>Portrait de Mme L. Laurençôt à la Hotoie près d&apos;Amiens (Somme).
1915. 
Guerre 1914-1918.</Analyse>
		<Realise_en>1915</Realise_en>
		<Liste_des_auteurs>BERTHELÉ, Raoul</Liste_des_auteurs>
		<Type_Doc>Positif N&amp;B</Type_Doc>
		<Support>VERRE</Support>
		<Technique>Photographie stéréo</Technique>
		<Format>4,5 x 10,7 cm</Format>
		<Cote>49Fi182</Cote>
		<Observations></Observations>
		<Origine>Don Faucher-Berhelé entré le 10/11/1978.</Origine>
		<Droits_Repro>Domaine public</Droits_Repro>
		<subject>GUERRE 1914-1918;</subject>
		<geoname>AMIENS (ville);SOMME (département);</geoname>
		<persname></persname>
		<corpname></corpname>
	</DocsFigures>
<DocsFigures>
		<Titre>Amiens. La Hotoie. Mme L. Laurençôt</Titre>
		<Analyse>Portrait de Mme L. Laurençôt à la Hotoie près d&apos;Amiens (Somme).
1915. 
Guerre 1914-1918.</Analyse>
		<Realise_en>1915</Realise_en>
		<Liste_des_auteurs>BERTHELÉ, Raoul</Liste_des_auteurs>
		<Type_Doc>Positif N&amp;B</Type_Doc>
		<Support>VERRE</Support>
		<Technique>Photographie stéréo</Technique>
		<Format>4,5 x 10,7 cm</Format>
		<Cote>49Fi183</Cote>
		<Observations></Observations>
		<Origine>Don Faucher-Berhelé entré le 10/11/1978.</Origine>
		<Droits_Repro>Domaine public</Droits_Repro>
		<subject>GUERRE 1914-1918;</subject>
		<geoname>AMIENS (ville);SOMME (département);</geoname>
		<persname></persname>
		<corpname></corpname>
	</DocsFigures>
<DocsFigures>
		<Titre>Amiens. Mme Laurençôt et sa mère</Titre>
		<Analyse>Portrait en pied de Mme L. Laurençôt et sa mère devant un magasin à Amiens (Somme).
1915. 
Guerre 1914-1918.</Analyse>
		<Realise_en>1915</Realise_en>
		<Liste_des_auteurs>BERTHELÉ, Raoul</Liste_des_auteurs>
		<Type_Doc>Positif N&amp;B</Type_Doc>
		<Support>VERRE</Support>
		<Technique>Photographie stéréo</Technique>
		<Format>4,5 x 10,7 cm</Format>
		<Cote>49Fi184</Cote>
		<Observations></Observations>
		<Origine>Don Faucher-Berhelé entré le 10/11/1978.</Origine>
		<Droits_Repro>Domaine public</Droits_Repro>
		<subject>GUERRE 1914-1918;</subject>
		<geoname>AMIENS (ville);SOMME (département);</geoname>
		<persname></persname>
		<corpname></corpname>
	</DocsFigures>
<DocsFigures>
		<Titre>Rivery. Hortillonnage. Mme Laurençôt</Titre>
		<Analyse>Portrait en pied de Mme L. Laurençôt dans un hortillonnage près de Rivery (Somme).
1915. 
Guerre 1914-1918.</Analyse>
		<Realise_en>1915</Realise_en>
		<Liste_des_auteurs>BERTHELÉ, Raoul</Liste_des_auteurs>
		<Type_Doc>Positif N&amp;B</Type_Doc>
		<Support>VERRE</Support>
		<Technique>Photographie stéréo</Technique>
		<Format>4,5 x 10,7 cm</Format>
		<Cote>49Fi185</Cote>
		<Observations></Observations>
		<Origine>Don Faucher-Berhelé entré le 10/11/1978.</Origine>
		<Droits_Repro>Domaine public</Droits_Repro>
		<subject>GUERRE 1914-1918;</subject>
		<geoname>RIVERY (ville);SOMME (département);</geoname>
		<persname></persname>
		<corpname></corpname>
	</DocsFigures>
<DocsFigures>
		<Titre>Rivery. Mme Laurençôt</Titre>
		<Analyse>Portrait de Mme L. Laurençôt dans un hortillonnage près de Rivery (Somme).
1915. 
Guerre 1914-1918.</Analyse>
		<Realise_en>1915</Realise_en>
		<Liste_des_auteurs>BERTHELÉ, Raoul</Liste_des_auteurs>
		<Type_Doc>Positif N&amp;B</Type_Doc>
		<Support>VERRE</Support>
		<Technique>Photographie stéréo</Technique>
		<Format>4,5 x 10,7 cm</Format>
		<Cote>49Fi186</Cote>
		<Observations></Observations>
		<Origine>Don Faucher-Berhelé entré le 10/11/1978.</Origine>
		<Droits_Repro>Domaine public</Droits_Repro>
		<subject>GUERRE 1914-1918;</subject>
		<geoname>RIVERY (ville);SOMME (département);</geoname>
		<persname></persname>
		<corpname></corpname>
	</DocsFigures>
<DocsFigures>
		<Titre>En aéro [Vue aérienne de Sains-en-Amienois ?]</Titre>
		<Analyse>Vue aérienne d&apos;une localité qui semble être Sains-en-Amienois (Somme).
20 avril 1915. 
Guerre 1914-1918.</Analyse>
		<Realise_en>1915</Realise_en>
		<Liste_des_auteurs>BERTHELÉ, Raoul</Liste_des_auteurs>
		<Type_Doc>Positif N&amp;B</Type_Doc>
		<Support>VERRE</Support>
		<Technique>Photographie stéréo</Technique>
		<Format>4,5 x 10,7 cm</Format>
		<Cote>49Fi187</Cote>
		<Observations></Observations>
		<Origine>Don Faucher-Berhelé entré le 10/11/1978.</Origine>
		<Droits_Repro>Domaine public</Droits_Repro>
		<subject>GUERRE 1914-1918;</subject>
		<geoname>SAINS-EN-AMIENOIS (village);SOMME (département);</geoname>
		<persname></persname>
		<corpname></corpname>
	</DocsFigures>
<DocsFigures>
		<Titre>Amiens. La Hotoie. Mme Laurençôt</Titre>
		<Analyse>Portrait de Mme L. Laurençôt dans un café à la Hotoie près d&apos;Amiens (Somme).
1915. 
Guerre 1914-1918.</Analyse>
		<Realise_en>1915</Realise_en>
		<Liste_des_auteurs>BERTHELÉ, Raoul</Liste_des_auteurs>
		<Type_Doc>Positif N&amp;B</Type_Doc>
		<Support>VERRE</Support>
		<Technique>Photographie stéréo</Technique>
		<Format>4,5 x 10,7 cm</Format>
		<Cote>49Fi188</Cote>
		<Observations></Observations>
		<Origine>Don Faucher-Berhelé entré le 10/11/1978.</Origine>
		<Droits_Repro>Domaine public</Droits_Repro>
		<subject>GUERRE 1914-1918;</subject>
		<geoname>AMIENS (ville);SOMME (département);</geoname>
		<persname></persname>
		<corpname></corpname>
	</DocsFigures>
<DocsFigures>
		<Titre>En aéro [Vue aérienne de Boves ?]</Titre>
		<Analyse>Vue aérienne d&apos;une localité qui semble être Boves (Somme).
20 avril 1915. 
Guerre 1914-1918.</Analyse>
		<Realise_en>1915</Realise_en>
		<Liste_des_auteurs>BERTHELÉ, Raoul</Liste_des_auteurs>
		<Type_Doc>Positif N&amp;B</Type_Doc>
		<Support>VERRE</Support>
		<Technique>Photographie stéréo</Technique>
		<Format>4,5 x 10,7 cm</Format>
		<Cote>49Fi189</Cote>
		<Observations></Observations>
		<Origine>Don Faucher-Berhelé entré le 10/11/1978.</Origine>
		<Droits_Repro>Domaine public</Droits_Repro>
		<subject>GUERRE 1914-1918;</subject>
		<geoname>BOVES (ville);SOMME (département);</geoname>
		<persname></persname>
		<corpname></corpname>
	</DocsFigures>
<DocsFigures>
		<Titre>En aéro. 800m. Amiens. Pl. R. Goblet. Cathédrale</Titre>
		<Analyse>Vue aérienne de la ville d&apos;Amiens (Somme) : palais de justice, Boulevard Alsace-Lorraine, cathédrale, square René Goblet.
20 avril 1915. 
Guerre 1914-1918.
Photographie prise à 800 m d&apos;altitude.</Analyse>
		<Realise_en>1915</Realise_en>
		<Liste_des_auteurs>BERTHELÉ, Raoul</Liste_des_auteurs>
		<Type_Doc>Positif N&amp;B</Type_Doc>
		<Support>VERRE</Support>
		<Technique>Photographie stéréo</Technique>
		<Format>4,5 x 10,7 cm</Format>
		<Cote>49Fi190</Cote>
		<Observations></Observations>
		<Origine>Don Faucher-Berhelé entré le 10/11/1978.</Origine>
		<Droits_Repro>Domaine public</Droits_Repro>
		<subject>GUERRE 1914-1918;</subject>
		<geoname>AMIENS (ville);SOMME (département);</geoname>
		<persname></persname>
		<corpname></corpname>
	</DocsFigures>
<DocsFigures>
		<Titre>En aéro à 800m. place Gambetta. Hôtel de ville</Titre>
		<Analyse>Vue aérienne de la ville d&apos;Amiens (Somme) : Hôtel de ville, place Gambetta et Beffroi.
20 avril 1915. 
Guerre 1914-1918.
Photo prise à 800m d&apos;altitude.</Analyse>
		<Realise_en>1915</Realise_en>
		<Liste_des_auteurs>BERTHELÉ, Raoul</Liste_des_auteurs>
		<Type_Doc>Positif N&amp;B</Type_Doc>
		<Support>VERRE</Support>
		<Technique>Photographie stéréo</Technique>
		<Format>4,5 x 10,7 cm</Format>
		<Cote>49Fi191</Cote>
		<Observations></Observations>
		<Origine>Don Faucher-Berhelé entré le 10/11/1978.</Origine>
		<Droits_Repro>Domaine public</Droits_Repro>
		<subject>GUERRE 1914-1918;</subject>
		<geoname>AMIENS (ville);SOMME (département);</geoname>
		<persname></persname>
		<corpname></corpname>
	</DocsFigures>
<DocsFigures>
		<Titre>En aéro [Vue aérienne d&apos;Amiens]</Titre>
		<Analyse>Vue aérienne d&apos;Amiens (Somme) : la rue Saint-Fuscien et le monastère de la Visitation.
20 avril 1915. 
Guerre 1914-1918.</Analyse>
		<Realise_en>1915</Realise_en>
		<Liste_des_auteurs>BERTHELÉ, Raoul</Liste_des_auteurs>
		<Type_Doc>Positif N&amp;B</Type_Doc>
		<Support>VERRE</Support>
		<Technique>Photographie stéréo</Technique>
		<Format>4,5 x 10,7 cm</Format>
		<Cote>49Fi192</Cote>
		<Observations></Observations>
		<Origine>Don Faucher-Berhelé entré le 10/11/1978.</Origine>
		<Droits_Repro>Domaine public</Droits_Repro>
		<subject>GUERRE 1914-1918;</subject>
		<geoname>AMIENS (ville);SOMME (département);</geoname>
		<persname></persname>
		<corpname></corpname>
	</DocsFigures>
<DocsFigures>
		<Titre>En aéro. Fuselage de M. Farman. Amiens</Titre>
		<Analyse>Vue aérienne de la ville d&apos;Amiens (Somme): cirque municipal, boulevards, lycée de garçons.
20 avril 1915. 
Guerre 1914-1918.
Au premier plan le fuselage de l&apos;appareil, une avion biplan M. Farman.</Analyse>
		<Realise_en>1915</Realise_en>
		<Liste_des_auteurs>BERTHELÉ, Raoul</Liste_des_auteurs>
		<Type_Doc>Positif N&amp;B</Type_Doc>
		<Support>VERRE</Support>
		<Technique>Photographie stéréo</Technique>
		<Format>4,5 x 10,7 cm</Format>
		<Cote>49Fi193</Cote>
		<Observations>Même cliché que le 49Fi1872/18.</Observations>
		<Origine>Don Faucher-Berhelé entré le 10/11/1978.</Origine>
		<Droits_Repro>Domaine public</Droits_Repro>
		<subject>GUERRE 1914-1918;</subject>
		<geoname>AMIENS (ville);SOMME (département);</geoname>
		<persname></persname>
		<corpname></corpname>
	</DocsFigures>
<DocsFigures>
		<Titre>[Amiens. Avion biplan Voisin et trois militaires]</Titre>
		<Analyse>Vue d&apos;un avion biplan Voisin et de trois militaires sur une piste de décollage à Amiens (Somme).
1915. 
Guerre 1914-1918.
Deux militaires sont dans l&apos;engin un autre est au sol.</Analyse>
		<Realise_en>1915</Realise_en>
		<Liste_des_auteurs>BERTHELÉ, Raoul</Liste_des_auteurs>
		<Type_Doc>NEGATIF N&amp;B</Type_Doc>
		<Support>VERRE</Support>
		<Technique>Photographie stéréo</Technique>
		<Format>4,5 x 10,7 cm</Format>
		<Cote>49Fi194</Cote>
		<Observations></Observations>
		<Origine>Don Faucher-Berhelé entré le 10/11/1978.</Origine>
		<Droits_Repro>Domaine public</Droits_Repro>
		<subject>GUERRE 1914-1918;</subject>
		<geoname>SOMME (département);AMIENS (ville);</geoname>
		<persname></persname>
		<corpname></corpname>
	</DocsFigures>
<DocsFigures>
		<Titre>Amiens. 1er avril 1916. Goumiers</Titre>
		<Analyse>Vue d&apos;ensemble d&apos;un défilé de goumiers (militaires maghrébins) à cheval à Amiens (Somme).
1er avril 1916. 
Guerre 1914-1918.</Analyse>
		<Realise_en>1916</Realise_en>
		<Liste_des_auteurs>BERTHELÉ, Raoul</Liste_des_auteurs>
		<Type_Doc>NEGATIF N&amp;B</Type_Doc>
		<Support>VERRE</Support>
		<Technique>Photographie stéréo</Technique>
		<Format>4,5 x 10,7 cm</Format>
		<Cote>49Fi195</Cote>
		<Observations>Même cliché que le 49Fi1877/63.</Observations>
		<Origine>Don Faucher-Berhelé entré le 10/11/1978.</Origine>
		<Droits_Repro>Domaine public</Droits_Repro>
		<subject>COLONIE;EQUIDE;TRANSPORT PAR ANIMAL;MILITAIRE;ARMEE DE TERRE;GUERRE 1914-1918;</subject>
		<geoname>AMIENS (ville);SOMME (département);</geoname>
		<persname></persname>
		<corpname></corpname>
	</DocsFigures>
<DocsFigures>
		<Titre>[Amiens. Avion biplan Voisin]</Titre>
		<Analyse>Vue d&apos;un avion biplan Voisin sur une piste de décollage à Amiens (Somme).
1915. 
Guerre 1914-1918.</Analyse>
		<Realise_en>1915</Realise_en>
		<Liste_des_auteurs>BERTHELÉ, Raoul</Liste_des_auteurs>
		<Type_Doc>NEGATIF N&amp;B</Type_Doc>
		<Support>VERRE</Support>
		<Technique>Photographie stéréo</Technique>
		<Format>4,5 x 10,7 cm</Format>
		<Cote>49Fi196</Cote>
		<Observations></Observations>
		<Origine>Don Faucher-Berhelé entré le 10/11/1978.</Origine>
		<Droits_Repro>Domaine public</Droits_Repro>
		<subject>GUERRE 1914-1918;</subject>
		<geoname>AMIENS (ville);SOMME (département);</geoname>
		<persname></persname>
		<corpname></corpname>
	</DocsFigures>
<DocsFigures>
		<Titre>[Biplan Voisin sortant d&apos;un hangar]</Titre>
		<Analyse>Vue d&apos;un avion biplan Voisin sortant d&apos;un hangar près d&apos;Amiens (Somme).
Mai-juin 1915. 
Guerre 1914-1918.
A son bord MM. Sauzay et Roussillon.</Analyse>
		<Realise_en>1915</Realise_en>
		<Liste_des_auteurs>BERTHELÉ, Raoul</Liste_des_auteurs>
		<Type_Doc>NEGATIF N&amp;B</Type_Doc>
		<Support>VERRE</Support>
		<Technique>Photographie stéréo</Technique>
		<Format>4,5 x 10,7 cm</Format>
		<Cote>49Fi197</Cote>
		<Observations>Même cliché que 49Fi1870/19.</Observations>
		<Origine>Don Faucher-Berhelé entré le 10/11/1978.</Origine>
		<Droits_Repro>Domaine public</Droits_Repro>
		<subject>GUERRE 1914-1918;</subject>
		<geoname>AMIENS (ville);SOMME (département);</geoname>
		<persname></persname>
		<corpname></corpname>
	</DocsFigures>
<DocsFigures>
		<Titre>[Amiens. Avion biplan Voisin]</Titre>
		<Analyse>Vue d&apos;un avion Biplan Voisin piloté par MM. Sauzay et Roussillon sur une piste de décollage à Amiens (Somme).
Mai-juin 1915. 
Guerre 1914-1918.</Analyse>
		<Realise_en>1915</Realise_en>
		<Liste_des_auteurs>BERTHELÉ, Raoul</Liste_des_auteurs>
		<Type_Doc>NEGATIF N&amp;B</Type_Doc>
		<Support>VERRE</Support>
		<Technique>Photographie stéréo</Technique>
		<Format>4,5 x 10,7 cm</Format>
		<Cote>49Fi198</Cote>
		<Observations>Même cliché que le 49Fi1870/20.</Observations>
		<Origine>Don Faucher-Berhelé entré le 10/11/1978.</Origine>
		<Droits_Repro>Domaine public</Droits_Repro>
		<subject>GUERRE 1914-1918;</subject>
		<geoname>AMIENS (ville);SOMME (département);</geoname>
		<persname></persname>
		<corpname></corpname>
	</DocsFigures>
<DocsFigures>
		<Titre>Chalet Cosserat à Saleux</Titre>
		<Analyse>Cliché de deux officiers devant un chalet appartenant aux usines Cosserat à Saleux (Somme).
1915. 
Guerre 1914-1918.</Analyse>
		<Realise_en>1915</Realise_en>
		<Liste_des_auteurs>BERTHELÉ, Raoul</Liste_des_auteurs>
		<Type_Doc>NEGATIF N&amp;B</Type_Doc>
		<Support>VERRE</Support>
		<Technique>Photographie stéréo</Technique>
		<Format>4,5 x 10,7 cm</Format>
		<Cote>49Fi199</Cote>
		<Observations></Observations>
		<Origine>Don Faucher-Berhelé entré le 10/11/1978.</Origine>
		<Droits_Repro>Domaine public</Droits_Repro>
		<subject>GUERRE 1914-1918;</subject>
		<geoname>SALEUX (ville);SOMME (département);</geoname>
		<persname></persname>
		<corpname></corpname>
	</DocsFigures>
<DocsFigures>
		<Titre>[Raoul Berthelé et son cheval à Saleux]</Titre>
		<Analyse>Raoul Berthelé pose à côté de son cheval en le tenant par l&apos;encolure à Saleux (Somme).
1915. 
Guerre 1914-1918.
En arrière plan une usine.</Analyse>
		<Realise_en>1915</Realise_en>
		<Liste_des_auteurs>BERTHELÉ, Raoul</Liste_des_auteurs>
		<Type_Doc>NEGATIF N&amp;B</Type_Doc>
		<Support>VERRE</Support>
		<Technique>Photographie stéréo</Technique>
		<Format>4,5 x 10,7 cm</Format>
		<Cote>49Fi200</Cote>
		<Observations></Observations>
		<Origine>Don Faucher-Berhelé entré le 10/11/1978.</Origine>
		<Droits_Repro>Domaine public</Droits_Repro>
		<subject>GUERRE 1914-1918;</subject>
		<geoname>SALEUX (ville);SOMME (département);</geoname>
		<persname>BERTHELE, Raoul;</persname>
		<corpname></corpname>
	</DocsFigures>
<DocsFigures>
		<Titre>Usine Cosserat à Saleux</Titre>
		<Analyse>Photo d&apos;un groupe d&apos;ouvrières dans l&apos;usine Cosserat à Saleux (Somme).
1915. 
Guerre 1914-1918.</Analyse>
		<Realise_en>1915</Realise_en>
		<Liste_des_auteurs>BERTHELÉ, Raoul</Liste_des_auteurs>
		<Type_Doc>NEGATIF N&amp;B</Type_Doc>
		<Support>VERRE</Support>
		<Technique>Photographie stéréo</Technique>
		<Format>4,5 x 10,7 cm</Format>
		<Cote>49Fi201</Cote>
		<Observations>Photo surexposée, inexploitable.</Observations>
		<Origine>Don Faucher-Berhelé entré le 10/11/1978.</Origine>
		<Droits_Repro>Domaine public</Droits_Repro>
		<subject>GUERRE 1914-1918;</subject>
		<geoname>SALEUX (ville);SOMME (département);</geoname>
		<persname></persname>
		<corpname></corpname>
	</DocsFigures>
<DocsFigures>
		<Titre>Hôpital de Saleux</Titre>
		<Analyse>Photo d&apos;un groupe d&apos;officiers dans la cour de l&apos;hôpital de Saleux (Somme).
1915. 
Guerre 1914-1918.
Un infirmier sonne la cloche.</Analyse>
		<Realise_en>1915</Realise_en>
		<Liste_des_auteurs>BERTHELÉ, Raoul</Liste_des_auteurs>
		<Type_Doc>NEGATIF N&amp;B</Type_Doc>
		<Support>VERRE</Support>
		<Technique>Photographie stéréo</Technique>
		<Format>4,5 x 10,7 cm</Format>
		<Cote>49Fi202</Cote>
		<Observations></Observations>
		<Origine>Don Faucher-Berhelé entré le 10/11/1978.</Origine>
		<Droits_Repro>Domaine public</Droits_Repro>
		<subject>MILITAIRE;SERVICE SANITAIRE MILITAIRE;VICTIME DE GUERRE;GUERRE 1914-1918;</subject>
		<geoname>SALEUX (ville);SOMME (département);</geoname>
		<persname></persname>
		<corpname></corpname>
	</DocsFigures>
<DocsFigures>
		<Titre>Amiens. Mlle Jeanne Cornu</Titre>
		<Analyse>Portrait en buste de Jeanne Cornu assise dans son salon à Amiens (Somme).
1915. 
Guerre 1914-1918.</Analyse>
		<Realise_en>1915</Realise_en>
		<Liste_des_auteurs>BERTHELÉ, Raoul</Liste_des_auteurs>
		<Type_Doc>NEGATIF N&amp;B</Type_Doc>
		<Support>VERRE</Support>
		<Technique>Photographie stéréo</Technique>
		<Format>4,5 x 10,7 cm</Format>
		<Cote>49Fi203</Cote>
		<Observations></Observations>
		<Origine>Don Faucher-Berhelé entré le 10/11/1978.</Origine>
		<Droits_Repro>Domaine public</Droits_Repro>
		<subject>GUERRE 1914-1918;</subject>
		<geoname>AMIENS (ville);SOMME (département);</geoname>
		<persname></persname>
		<corpname></corpname>
	</DocsFigures>
<DocsFigures>
		<Titre>Amiens. Mlle J. Cornu</Titre>
		<Analyse>Portrait en buste de Mlle Jeanne Cornu dans son salon à Amiens (Somme).
1915. 
Guerre 1914-1918.</Analyse>
		<Realise_en>1915</Realise_en>
		<Liste_des_auteurs>BERTHELÉ, Raoul</Liste_des_auteurs>
		<Type_Doc>NEGATIF N&amp;B</Type_Doc>
		<Support>VERRE</Support>
		<Technique>Photographie stéréo</Technique>
		<Format>4,5 x 10,7 cm</Format>
		<Cote>49Fi204</Cote>
		<Observations></Observations>
		<Origine>Don Faucher-Berhelé entré le 10/11/1978.</Origine>
		<Droits_Repro>Domaine public</Droits_Repro>
		<subject>GUERRE 1914-1918;</subject>
		<geoname>AMIENS (ville);SOMME (département);</geoname>
		<persname></persname>
		<corpname></corpname>
	</DocsFigures>
<DocsFigures>
		<Titre>Amiens. Mlle Cornu</Titre>
		<Analyse>Portrait en buste de Mlle Jeanne Cornu dans son salon à Amiens (Somme).
1915. 
Guerre 1914-1918.</Analyse>
		<Realise_en>1915</Realise_en>
		<Liste_des_auteurs>BERTHELÉ, Raoul</Liste_des_auteurs>
		<Type_Doc>NEGATIF N&amp;B</Type_Doc>
		<Support>VERRE</Support>
		<Technique>Photographie stéréo</Technique>
		<Format>4,5 x 10,7 cm</Format>
		<Cote>49Fi205</Cote>
		<Observations></Observations>
		<Origine>Don Faucher-Berhelé entré le 10/11/1978.</Origine>
		<Droits_Repro>Domaine public</Droits_Repro>
		<subject>GUERRE 1914-1918;</subject>
		<geoname>AMIENS (ville);SOMME (département);</geoname>
		<persname></persname>
		<corpname></corpname>
	</DocsFigures>
<DocsFigures>
		<Titre>Amiens. Mlle Jeanne Cornu</Titre>
		<Analyse>Portrait de Mlle Jeanne Cornu assise dans un fauteuil dans son salon à Amiens (Somme).
1915. 
Guerre 1914-1918.</Analyse>
		<Realise_en>1915</Realise_en>
		<Liste_des_auteurs>BERTHELÉ, Raoul</Liste_des_auteurs>
		<Type_Doc>NEGATIF N&amp;B</Type_Doc>
		<Support>VERRE</Support>
		<Technique>Photographie stéréo</Technique>
		<Format>4,5 x 10,7 cm</Format>
		<Cote>49Fi206</Cote>
		<Observations></Observations>
		<Origine>Don Faucher-Berhelé entré le 10/11/1978.</Origine>
		<Droits_Repro>Domaine public</Droits_Repro>
		<subject>GUERRE 1914-1918;</subject>
		<geoname>AMIENS (ville);SOMME (département);</geoname>
		<persname></persname>
		<corpname></corpname>
	</DocsFigures>
<DocsFigures>
		<Titre>Amiens. Mlle J. Cornu</Titre>
		<Analyse>Portrait de Mlle Jeanne Cornu assise dans un fauteuil dans son salon à Amiens (Somme).
1915. 
Guerre 1914-1918.</Analyse>
		<Realise_en>1915</Realise_en>
		<Liste_des_auteurs>BERTHELÉ, Raoul</Liste_des_auteurs>
		<Type_Doc>NEGATIF N&amp;B</Type_Doc>
		<Support>VERRE</Support>
		<Technique>Photographie stéréo</Technique>
		<Format>4,5 x 10,7 cm</Format>
		<Cote>49Fi207</Cote>
		<Observations></Observations>
		<Origine>Don Faucher-Berhelé entré le 10/11/1978.</Origine>
		<Droits_Repro>Domaine public</Droits_Repro>
		<subject>GUERRE 1914-1918;</subject>
		<geoname>AMIENS (ville);SOMME (département);</geoname>
		<persname></persname>
		<corpname></corpname>
	</DocsFigures>
<DocsFigures>
		<Titre>Amiens. Chemin de halage. Mlle Cornu</Titre>
		<Analyse>Portrait en pied de Mlle Jeanne Cornu sur un chemin de halage près d&apos;Amiens (Somme).
1915. 
Guerre 1914-1918.</Analyse>
		<Realise_en>1915</Realise_en>
		<Liste_des_auteurs>BERTHELÉ, Raoul</Liste_des_auteurs>
		<Type_Doc>NEGATIF N&amp;B</Type_Doc>
		<Support>VERRE</Support>
		<Technique>Photographie stéréo</Technique>
		<Format>4,5 x 10,7 cm</Format>
		<Cote>49Fi208</Cote>
		<Observations></Observations>
		<Origine>Don Faucher-Berhelé entré le 10/11/1978.</Origine>
		<Droits_Repro>Domaine public</Droits_Repro>
		<subject>GUERRE 1914-1918;</subject>
		<geoname>AMIENS (ville);SOMME (département);</geoname>
		<persname></persname>
		<corpname></corpname>
	</DocsFigures>
<DocsFigures>
		<Titre>Amiens. Chemin de halage. Mlle Cornu</Titre>
		<Analyse>Portrait en pied de Mlle Jeanne Cornu sur un chemin de halage près d&apos;Amiens (Somme).
1915. 
Guerre 1914-1918.</Analyse>
		<Realise_en>1915</Realise_en>
		<Liste_des_auteurs>BERTHELÉ, Raoul</Liste_des_auteurs>
		<Type_Doc>NEGATIF N&amp;B</Type_Doc>
		<Support>VERRE</Support>
		<Technique>Photographie stéréo</Technique>
		<Format>4,5 x 10,7 cm</Format>
		<Cote>49Fi209</Cote>
		<Observations></Observations>
		<Origine>Don Faucher-Berhelé entré le 10/11/1978.</Origine>
		<Droits_Repro>Domaine public</Droits_Repro>
		<subject>GUERRE 1914-1918;</subject>
		<geoname>AMIENS (ville);SOMME (département);</geoname>
		<persname></persname>
		<corpname></corpname>
	</DocsFigures>
<DocsFigures>
		<Titre>Amiens. Chemin de halage. Mlle Cornu</Titre>
		<Analyse>Portrait en pied de Mlle Jeanne Cornu sur un chemin de halage près d&apos;Amiens (Somme).
1915. 
Guerre 1914-1918.</Analyse>
		<Realise_en>1915</Realise_en>
		<Liste_des_auteurs>BERTHELÉ, Raoul</Liste_des_auteurs>
		<Type_Doc>NEGATIF N&amp;B</Type_Doc>
		<Support>VERRE</Support>
		<Technique>Photographie stéréo</Technique>
		<Format>4,5 x 10,7 cm</Format>
		<Cote>49Fi210</Cote>
		<Observations></Observations>
		<Origine>Don Faucher-Berhelé entré le 10/11/1978.</Origine>
		<Droits_Repro>Domaine public</Droits_Repro>
		<subject>GUERRE 1914-1918;</subject>
		<geoname>AMIENS (ville);SOMME (département);</geoname>
		<persname></persname>
		<corpname></corpname>
	</DocsFigures>
<DocsFigures>
		<Titre>Amiens. Chemin de halage. Mlle Cornu</Titre>
		<Analyse>Portrait en pied de Mlle Jeanne Cornu sur un pont  près d&apos;Amiens (Somme).
1915. 
Guerre 1914-1918.</Analyse>
		<Realise_en>1915</Realise_en>
		<Liste_des_auteurs>BERTHELÉ, Raoul</Liste_des_auteurs>
		<Type_Doc>NEGATIF N&amp;B</Type_Doc>
		<Support>VERRE</Support>
		<Technique>Photographie stéréo</Technique>
		<Format>4,5 x 10,7 cm</Format>
		<Cote>49Fi211</Cote>
		<Observations></Observations>
		<Origine>Don Faucher-Berhelé entré le 10/11/1978.</Origine>
		<Droits_Repro>Domaine public</Droits_Repro>
		<subject>GUERRE 1914-1918;</subject>
		<geoname>AMIENS (ville);SOMME (département);</geoname>
		<persname></persname>
		<corpname></corpname>
	</DocsFigures>
<DocsFigures>
		<Titre>Vers. Mlle Cornu</Titre>
		<Analyse>Portrait en pied de Mlle Jeanne Cornu posant à côté d&apos;un vélo à Vers-sur-Selles  (Somme).
1915. 
Guerre 1914-1918.</Analyse>
		<Realise_en>1915</Realise_en>
		<Liste_des_auteurs>BERTHELÉ, Raoul</Liste_des_auteurs>
		<Type_Doc>NEGATIF N&amp;B</Type_Doc>
		<Support>VERRE</Support>
		<Technique>Photographie stéréo</Technique>
		<Format>4,5 x 10,7 cm</Format>
		<Cote>49Fi212</Cote>
		<Observations></Observations>
		<Origine>Don Faucher-Berhelé entré le 10/11/1978.</Origine>
		<Droits_Repro>Domaine public</Droits_Repro>
		<subject>GUERRE 1914-1918;</subject>
		<geoname>VERS-SUR-SELLES (village);SOMME (département);</geoname>
		<persname></persname>
		<corpname></corpname>
	</DocsFigures>
<DocsFigures>
		<Titre>Saleux. Forêt près de Vers. Mlle Cornu</Titre>
		<Analyse>Mlle Jeanne Cornu pose dans une forêt près de Vers-sur-Selles (Somme).
1915. 
Guerre 1914-1918.</Analyse>
		<Realise_en>1915</Realise_en>
		<Liste_des_auteurs>BERTHELÉ, Raoul</Liste_des_auteurs>
		<Type_Doc>NEGATIF N&amp;B</Type_Doc>
		<Support>VERRE</Support>
		<Technique>Photographie stéréo</Technique>
		<Format>4,5 x 10,7 cm</Format>
		<Cote>49Fi213</Cote>
		<Observations></Observations>
		<Origine>Don Faucher-Berhelé entré le 10/11/1978.</Origine>
		<Droits_Repro>Domaine public</Droits_Repro>
		<subject>GUERRE 1914-1918;</subject>
		<geoname>SALEUX (ville);</geoname>
		<persname></persname>
		<corpname></corpname>
	</DocsFigures>
<DocsFigures>
		<Titre>Vers. Forêt du Point Léon. Mlle Cornu</Titre>
		<Analyse>Portrait en pied de Mlle Jeanne Cornu dans la forêt du Point Léon près de Vers-sur-Selles (Somme).
1915. 
Guerre 1914-1918.</Analyse>
		<Realise_en>1915</Realise_en>
		<Liste_des_auteurs>BERTHELÉ, Raoul</Liste_des_auteurs>
		<Type_Doc>NEGATIF N&amp;B</Type_Doc>
		<Support>VERRE</Support>
		<Technique>Photographie stéréo</Technique>
		<Format>4,5 x 10,7 cm</Format>
		<Cote>49Fi214</Cote>
		<Observations></Observations>
		<Origine>Don Faucher-Berhelé entré le 10/11/1978.</Origine>
		<Droits_Repro>Domaine public</Droits_Repro>
		<subject>GUERRE 1914-1918;</subject>
		<geoname>VERS-SUR-SELLES (village);SOMME (département);</geoname>
		<persname></persname>
		<corpname></corpname>
	</DocsFigures>
<DocsFigures>
		<Titre>Vers. Mlle Cornu</Titre>
		<Analyse>Portrait de Mlle Jeanne Cornu avec un vélo près de Vers-sur-Selles (Somme).
1915. 
Guerre 1914-1918.</Analyse>
		<Realise_en>1915</Realise_en>
		<Liste_des_auteurs>BERTHELÉ, Raoul</Liste_des_auteurs>
		<Type_Doc>NEGATIF N&amp;B</Type_Doc>
		<Support>VERRE</Support>
		<Technique>Photographie stéréo</Technique>
		<Format>4,5 x 10,7 cm</Format>
		<Cote>49Fi215</Cote>
		<Observations></Observations>
		<Origine>Don Faucher-Berhelé entré le 10/11/1978.</Origine>
		<Droits_Repro>Domaine public</Droits_Repro>
		<subject>GUERRE 1914-1918;</subject>
		<geoname>VERS-SUR-SELLES (village);SOMME (département);</geoname>
		<persname></persname>
		<corpname></corpname>
	</DocsFigures>
<DocsFigures>
		<Titre>Vers. Forêt du Point Léon. Mlle Cornu</Titre>
		<Analyse>Portrait de Mlle Jeanne Cornu tenant un vélo dans la forêt du Point Léon près de Vers-sur-Selles (Somme).
1915. 
Guerre 1914-1918.</Analyse>
		<Realise_en>1915</Realise_en>
		<Liste_des_auteurs>BERTHELÉ, Raoul</Liste_des_auteurs>
		<Type_Doc>NEGATIF N&amp;B</Type_Doc>
		<Support>VERRE</Support>
		<Technique>Photographie stéréo</Technique>
		<Format>4,5 x 10,7 cm</Format>
		<Cote>49Fi216</Cote>
		<Observations></Observations>
		<Origine>Don Faucher-Berhelé entré le 10/11/1978.</Origine>
		<Droits_Repro>Domaine public</Droits_Repro>
		<subject>GUERRE 1914-1918;</subject>
		<geoname>VERS-SUR-SELLES (village);SOMME (département);</geoname>
		<persname></persname>
		<corpname></corpname>
	</DocsFigures>
<DocsFigures>
		<Titre>Vers. Mlle Cornu</Titre>
		<Analyse>Portrait de Mlle Jeanne Cornu assise sur un tronc dans une forêt près de Vers-sur-Selles (Somme).
1915. 
Guerre 1914-1918.</Analyse>
		<Realise_en>1915</Realise_en>
		<Liste_des_auteurs>BERTHELÉ, Raoul</Liste_des_auteurs>
		<Type_Doc>NEGATIF N&amp;B</Type_Doc>
		<Support>VERRE</Support>
		<Technique>Photographie stéréo</Technique>
		<Format>4,5 x 10,7 cm</Format>
		<Cote>49Fi217</Cote>
		<Observations></Observations>
		<Origine>Don Faucher-Berhelé entré le 10/11/1978.</Origine>
		<Droits_Repro>Domaine public</Droits_Repro>
		<subject>GUERRE 1914-1918;</subject>
		<geoname>VERS-SUR-SELLES (village);SOMME (département);</geoname>
		<persname></persname>
		<corpname></corpname>
	</DocsFigures>
<DocsFigures>
		<Titre>Vers. Mlle Cornu</Titre>
		<Analyse>Portrait de Mlle Jeanne Cornu assise dans l&apos;herbe près de Vers-sur-Selles (Somme).
1915. 
Guerre 1914-1918.</Analyse>
		<Realise_en>1915</Realise_en>
		<Liste_des_auteurs>BERTHELÉ, Raoul</Liste_des_auteurs>
		<Type_Doc>NEGATIF N&amp;B</Type_Doc>
		<Support>VERRE</Support>
		<Technique>Photographie stéréo</Technique>
		<Format>4,5 x 10,7 cm</Format>
		<Cote>49Fi218</Cote>
		<Observations></Observations>
		<Origine>Don Faucher-Berhelé entré le 10/11/1978.</Origine>
		<Droits_Repro>Domaine public</Droits_Repro>
		<subject>GUERRE 1914-1918;</subject>
		<geoname>VERS-SUR-SELLES (village);SOMME (département);</geoname>
		<persname></persname>
		<corpname></corpname>
	</DocsFigures>
<DocsFigures>
		<Titre>Amiens. Hortillonnage. Mlle Cornu</Titre>
		<Analyse>Portrait de Mlle Jeanne Cornu assise sur le tronc d&apos;un arbre dans un hortillonnage près d&apos;Amiens (Somme).
1915. 
Guerre 1914-1918.</Analyse>
		<Realise_en>1915</Realise_en>
		<Liste_des_auteurs>BERTHELÉ, Raoul</Liste_des_auteurs>
		<Type_Doc>NEGATIF N&amp;B</Type_Doc>
		<Support>VERRE</Support>
		<Technique>Photographie stéréo</Technique>
		<Format>4,5 x 10,7 cm</Format>
		<Cote>49Fi219</Cote>
		<Observations></Observations>
		<Origine>Don Faucher-Berhelé entré le 10/11/1978.</Origine>
		<Droits_Repro>Domaine public</Droits_Repro>
		<subject>GUERRE 1914-1918;</subject>
		<geoname>AMIENS (ville);SOMME (département);</geoname>
		<persname></persname>
		<corpname></corpname>
	</DocsFigures>
<DocsFigures>
		<Titre>Amiens. Mlle Cornu en canot</Titre>
		<Analyse>Portrait de Mlle Jeanne Cornu en train de ramer sur un canot près d&apos;Amiens (Somme).
1915. 
Guerre 1914-1918.</Analyse>
		<Realise_en>1915</Realise_en>
		<Liste_des_auteurs>BERTHELÉ, Raoul</Liste_des_auteurs>
		<Type_Doc>NEGATIF N&amp;B</Type_Doc>
		<Support>VERRE</Support>
		<Technique>Photographie stéréo</Technique>
		<Format>4,5 x 10,7 cm</Format>
		<Cote>49Fi220</Cote>
		<Observations></Observations>
		<Origine>Don Faucher-Berhelé entré le 10/11/1978.</Origine>
		<Droits_Repro>Domaine public</Droits_Repro>
		<subject>GUERRE 1914-1918;</subject>
		<geoname>AMIENS (ville);SOMME (département);</geoname>
		<persname></persname>
		<corpname></corpname>
	</DocsFigures>
<DocsFigures>
		<Titre>Amiens. Mlle Cornu en canot</Titre>
		<Analyse>Portrait de Mlle Jeanne Cornu debout sur un canot près d&apos;Amiens (Somme).
1915. 
Guerre 1914-1918.</Analyse>
		<Realise_en>1915</Realise_en>
		<Liste_des_auteurs>BERTHELÉ, Raoul</Liste_des_auteurs>
		<Type_Doc>NEGATIF N&amp;B</Type_Doc>
		<Support>VERRE</Support>
		<Technique>Photographie stéréo</Technique>
		<Format>4,5 x 10,7 cm</Format>
		<Cote>49Fi221</Cote>
		<Observations></Observations>
		<Origine>Don Faucher-Berhelé entré le 10/11/1978.</Origine>
		<Droits_Repro>Domaine public</Droits_Repro>
		<subject>GUERRE 1914-1918;</subject>
		<geoname>AMIENS (ville);SOMME (département);</geoname>
		<persname></persname>
		<corpname></corpname>
	</DocsFigures>
<DocsFigures>
		<Titre>Amiens. Hortillonnages. Mlle Cornu</Titre>
		<Analyse>Portrait de Mlle Jeanne Cornu assise dans l&apos;herbe dans un hortillonnage près d&apos;Amiens (Somme).
1915. 
Guerre 1914-1918.</Analyse>
		<Realise_en>1915</Realise_en>
		<Liste_des_auteurs>BERTHELÉ, Raoul</Liste_des_auteurs>
		<Type_Doc>NEGATIF N&amp;B</Type_Doc>
		<Support>VERRE</Support>
		<Technique>Photographie stéréo</Technique>
		<Format>4,5 x 10,7 cm</Format>
		<Cote>49Fi222</Cote>
		<Observations></Observations>
		<Origine>Don Faucher-Berhelé entré le 10/11/1978.</Origine>
		<Droits_Repro>Domaine public</Droits_Repro>
		<subject>GUERRE 1914-1918;</subject>
		<geoname>AMIENS (ville);SOMME (département);</geoname>
		<persname></persname>
		<corpname></corpname>
	</DocsFigures>
<DocsFigures>
		<Titre>Amiens. Hortillonnages. Mme Teissier [Jeanne Cornu]</Titre>
		<Analyse>Portrait de Mlle Jeanne Cornu posant sur un table dans un hortillonnage près d&apos;Amiens (Somme).
1915. 
Guerre 1914-1918.
L&apos;auteur s&apos;est trompé dans la légende. </Analyse>
		<Realise_en>1915</Realise_en>
		<Liste_des_auteurs>BERTHELÉ, Raoul</Liste_des_auteurs>
		<Type_Doc>NEGATIF N&amp;B</Type_Doc>
		<Support>VERRE</Support>
		<Technique>Photographie stéréo</Technique>
		<Format>4,5 x 10,7 cm</Format>
		<Cote>49Fi223</Cote>
		<Observations></Observations>
		<Origine>Don Faucher-Berhelé entré le 10/11/1978.</Origine>
		<Droits_Repro>Domaine public</Droits_Repro>
		<subject>GUERRE 1914-1918;</subject>
		<geoname>AMIENS (ville);SOMME (département);</geoname>
		<persname></persname>
		<corpname></corpname>
	</DocsFigures>
<DocsFigures>
		<Titre>Dans les hortillonnages. Amiens. Mlle J. Cornu</Titre>
		<Analyse>Portrait de Mlle Jeanne Cornu debout devant un kiosque dans un hortillonnage près d&apos;Amiens (Somme).
1915. 
Guerre 1914-1918.</Analyse>
		<Realise_en>1915</Realise_en>
		<Liste_des_auteurs>BERTHELÉ, Raoul</Liste_des_auteurs>
		<Type_Doc>NEGATIF N&amp;B</Type_Doc>
		<Support>VERRE</Support>
		<Technique>Photographie stéréo</Technique>
		<Format>4,5 x 10,7 cm</Format>
		<Cote>49Fi224</Cote>
		<Observations></Observations>
		<Origine>Don Faucher-Berhelé entré le 10/11/1978.</Origine>
		<Droits_Repro>Domaine public</Droits_Repro>
		<subject>GUERRE 1914-1918;</subject>
		<geoname>AMIENS (ville);SOMME (département);</geoname>
		<persname></persname>
		<corpname></corpname>
	</DocsFigures>
<DocsFigures>
		<Titre>Amiens. Hortillonnages. Mlle Cornu et R. Berthelé</Titre>
		<Analyse>Raoul Berthelé et Jeanne Cornu assis sur la balustrade d&apos;un kiosque dans un hortillonnage près d&apos;Amiens (Somme).
1915. 
Guerre 1914-1918.</Analyse>
		<Realise_en>1915</Realise_en>
		<Liste_des_auteurs>BERTHELÉ, Raoul</Liste_des_auteurs>
		<Type_Doc>NEGATIF N&amp;B</Type_Doc>
		<Support>VERRE</Support>
		<Technique>Photographie stéréo</Technique>
		<Format>4,5 x 10,7 cm</Format>
		<Cote>49Fi225</Cote>
		<Observations></Observations>
		<Origine>Don Faucher-Berhelé entré le 10/11/1978.</Origine>
		<Droits_Repro>Domaine public</Droits_Repro>
		<subject>COURS D&apos;EAU;FEMME;MILITAIRE;*HOMME;GUERRE 1914-1918;</subject>
		<geoname>AMIENS (ville);SOMME (département);</geoname>
		<persname>BERTHELE, Raoul;</persname>
		<corpname></corpname>
	</DocsFigures>
<DocsFigures>
		<Titre>Amiens. Dans les hortillonnages</Titre>
		<Analyse>Raoul Berthelé et Jeanne Cornu enlacés sous un kiosque dans un hortillonnage près d&apos;Amiens (Somme).
1915. 
Guerre 1914-1918.</Analyse>
		<Realise_en>1915</Realise_en>
		<Liste_des_auteurs>BERTHELÉ, Raoul</Liste_des_auteurs>
		<Type_Doc>NEGATIF N&amp;B</Type_Doc>
		<Support>VERRE</Support>
		<Technique>Photographie stéréo</Technique>
		<Format>4,5 x 10,7 cm</Format>
		<Cote>49Fi226</Cote>
		<Observations></Observations>
		<Origine>Don Faucher-Berhelé entré le 10/11/1978.</Origine>
		<Droits_Repro>Domaine public</Droits_Repro>
		<subject>GUERRE 1914-1918;</subject>
		<geoname>AMIENS (ville);SOMME (département);</geoname>
		<persname>BERTHELE, Raoul;</persname>
		<corpname></corpname>
	</DocsFigures>
<DocsFigures>
		<Titre>Amiens. Hortillonnages. En canot Mlle Cornu. Edith et R. Berthelé</Titre>
		<Analyse>Mlle Jeanne Cornu, Raoul Berthelé et Mlle Edith Thomas en canot dans un hortillonnage près d&apos;Amiens (Somme). 
1915. 
Guerre 1914-1918.</Analyse>
		<Realise_en>1915</Realise_en>
		<Liste_des_auteurs>BERTHELÉ, Raoul</Liste_des_auteurs>
		<Type_Doc>NEGATIF N&amp;B</Type_Doc>
		<Support>VERRE</Support>
		<Technique>Photographie stéréo</Technique>
		<Format>4,5 x 10,7 cm</Format>
		<Cote>49Fi227</Cote>
		<Observations></Observations>
		<Origine>Don Faucher-Berhelé entré le 10/11/1978.</Origine>
		<Droits_Repro>Domaine public</Droits_Repro>
		<subject>GUERRE 1914-1918;</subject>
		<geoname>AMIENS (ville);SOMME (département);</geoname>
		<persname>BERTHELE, Raoul;</persname>
		<corpname></corpname>
	</DocsFigures>
<DocsFigures>
		<Titre>Amiens. Hortillonnages. J. Cornu et R. Berthelé</Titre>
		<Analyse>Portrait en plan italuien de Jeanne Cornu et Raoul Berthelé se tenant par la main dans un hortillonnage près d&apos;Amiens (Somme).
1915. 
Guerre 1914-1918.</Analyse>
		<Realise_en>1915</Realise_en>
		<Liste_des_auteurs>BERTHELÉ, Raoul</Liste_des_auteurs>
		<Type_Doc>NEGATIF N&amp;B</Type_Doc>
		<Support>VERRE</Support>
		<Technique>Photographie stéréo</Technique>
		<Format>4,5 x 10,7 cm</Format>
		<Cote>49Fi228</Cote>
		<Observations></Observations>
		<Origine>Don Faucher-Berhelé entré le 10/11/1978.</Origine>
		<Droits_Repro>Domaine public</Droits_Repro>
		<subject>GUERRE 1914-1918;</subject>
		<geoname>AMIENS (ville);SOMME (département);</geoname>
		<persname>BERTHELE, Raoul;</persname>
		<corpname></corpname>
	</DocsFigures>
<DocsFigures>
		<Titre>Amiens. Hortillonnages. J. Cornu et R. Berthelé. Goûter</Titre>
		<Analyse>Raoul Berthelé et Jeanne Cornu en train de goûter dans un hortillonnage près d&apos;Amiens (Somme).
1915. 
Guerre 1914-1918.</Analyse>
		<Realise_en>1915</Realise_en>
		<Liste_des_auteurs>BERTHELÉ, Raoul</Liste_des_auteurs>
		<Type_Doc>NEGATIF N&amp;B</Type_Doc>
		<Support>VERRE</Support>
		<Technique>Photographie stéréo</Technique>
		<Format>4,5 x 10,7 cm</Format>
		<Cote>49Fi229</Cote>
		<Observations></Observations>
		<Origine>Don Faucher-Berhelé entré le 10/11/1978.</Origine>
		<Droits_Repro>Domaine public</Droits_Repro>
		<subject>GUERRE 1914-1918;</subject>
		<geoname>AMIENS (ville);SOMME (département);</geoname>
		<persname>BERTHELE, Raoul;</persname>
		<corpname></corpname>
	</DocsFigures>
<DocsFigures>
		<Titre>Amiens. Hortillonnages. J. Cornu et R. Berthelé</Titre>
		<Analyse>Raoul Berthelé donnant un baiser à Jeanne Cornu dans un hortillonnage près d&apos;Amiens (Somme).
1915. 
Guerre 1914-1918.</Analyse>
		<Realise_en>1915</Realise_en>
		<Liste_des_auteurs>BERTHELÉ, Raoul</Liste_des_auteurs>
		<Type_Doc>NEGATIF N&amp;B</Type_Doc>
		<Support>VERRE</Support>
		<Technique>Photographie stéréo</Technique>
		<Format>4,5 x 10,7 cm</Format>
		<Cote>49Fi230</Cote>
		<Observations></Observations>
		<Origine>Don Faucher-Berhelé entré le 10/11/1978.</Origine>
		<Droits_Repro>Domaine public</Droits_Repro>
		<subject>GUERRE 1914-1918;</subject>
		<geoname>AMIENS (ville);SOMME (département);</geoname>
		<persname>BERTHELE, Raoul;</persname>
		<corpname></corpname>
	</DocsFigures>
<DocsFigures>
		<Titre>Amiens. Hortillonnages. J. Cornu et Edith</Titre>
		<Analyse>Portrait de Mlles Jeanne Cornu et Edith Thomas dans un hortillonnage près d&apos;Amiens (Somme).
1915. 
Guerre 1914-1918.</Analyse>
		<Realise_en>1915</Realise_en>
		<Liste_des_auteurs>BERTHELÉ, Raoul</Liste_des_auteurs>
		<Type_Doc>NEGATIF N&amp;B</Type_Doc>
		<Support>VERRE</Support>
		<Technique>Photographie stéréo</Technique>
		<Format>4,5 x 10,7 cm</Format>
		<Cote>49Fi231</Cote>
		<Observations></Observations>
		<Origine>Don Faucher-Berhelé entré le 10/11/1978.</Origine>
		<Droits_Repro>Domaine public</Droits_Repro>
		<subject>GUERRE 1914-1918;</subject>
		<geoname>AMIENS (ville);SOMME (département);</geoname>
		<persname></persname>
		<corpname></corpname>
	</DocsFigures>
<DocsFigures>
		<Titre>Amiens. Hortillonnages. J. Cornu et Edith</Titre>
		<Analyse>Portrait de Mlles Jeanne Cornu et Edith Thomas assises dans l&apos;herbe dans un hortillonnage près d&apos;Amiens (Somme).
1915. 
Guerre 1914-1918.</Analyse>
		<Realise_en>1915</Realise_en>
		<Liste_des_auteurs>BERTHELÉ, Raoul</Liste_des_auteurs>
		<Type_Doc>NEGATIF N&amp;B</Type_Doc>
		<Support>VERRE</Support>
		<Technique>Photographie stéréo</Technique>
		<Format>4,5 x 10,7 cm</Format>
		<Cote>49Fi232</Cote>
		<Observations></Observations>
		<Origine>Don Faucher-Berhelé entré le 10/11/1978.</Origine>
		<Droits_Repro>Domaine public</Droits_Repro>
		<subject>GUERRE 1914-1918;</subject>
		<geoname>AMIENS (ville);SOMME (département);</geoname>
		<persname></persname>
		<corpname></corpname>
	</DocsFigures>
<DocsFigures>
		<Titre>Amiens. Chemin de halage. J. Cornu et R. Berthelé</Titre>
		<Analyse>Raoul Berthelé et Jeanne Cornu s&apos;embrassant sur un chemin de halage près d&apos;Amiens (Somme).
1915. 
Guerre 1914-1918.</Analyse>
		<Realise_en>1915</Realise_en>
		<Liste_des_auteurs>BERTHELÉ, Raoul</Liste_des_auteurs>
		<Type_Doc>NEGATIF N&amp;B</Type_Doc>
		<Support>VERRE</Support>
		<Technique>Photographie stéréo</Technique>
		<Format>4,5 x 10,7 cm</Format>
		<Cote>49Fi233</Cote>
		<Observations></Observations>
		<Origine>Don Faucher-Berhelé entré le 10/11/1978.</Origine>
		<Droits_Repro>Domaine public</Droits_Repro>
		<subject>GUERRE 1914-1918;</subject>
		<geoname>AMIENS (ville);SOMME (département);</geoname>
		<persname>BERTHELE, Raoul;</persname>
		<corpname></corpname>
	</DocsFigures>
<DocsFigures>
		<Titre>Amiens. Chemin de halage. J. Cornu et R. Berthelé</Titre>
		<Analyse>Raoul Berthelé et Jeanne Cornut sur un chemin de halage près d&apos;Amiens (Somme).
1915. 
Guerre 1914-1918.</Analyse>
		<Realise_en>1915</Realise_en>
		<Liste_des_auteurs>BERTHELÉ, Raoul</Liste_des_auteurs>
		<Type_Doc>NEGATIF N&amp;B</Type_Doc>
		<Support>VERRE</Support>
		<Technique>Photographie stéréo</Technique>
		<Format>4,5 x 10,7 cm</Format>
		<Cote>49Fi234</Cote>
		<Observations></Observations>
		<Origine>Don Faucher-Berhelé entré le 10/11/1978.</Origine>
		<Droits_Repro>Domaine public</Droits_Repro>
		<subject>GUERRE 1914-1918;</subject>
		<geoname>AMIENS (ville);SOMME (département);</geoname>
		<persname>BERTHELE, Raoul;</persname>
		<corpname></corpname>
	</DocsFigures>
<DocsFigures>
		<Titre>Amiens. Route Pont Léon. Couches et Brunel arrachent des poireaux</Titre>
		<Analyse>MM. Couches et Brunel arrachent des poireaux dans un champ au bord de la route Pont Léon près d&apos;Amiens (Somme).
1915. 
Guerre 1914-1918.</Analyse>
		<Realise_en>1915</Realise_en>
		<Liste_des_auteurs>BERTHELÉ, Raoul</Liste_des_auteurs>
		<Type_Doc>NEGATIF N&amp;B</Type_Doc>
		<Support>VERRE</Support>
		<Technique>Photographie stéréo</Technique>
		<Format>4,5 x 10,7 cm</Format>
		<Cote>49Fi235</Cote>
		<Observations></Observations>
		<Origine>Don Faucher-Berhelé entré le 10/11/1978.</Origine>
		<Droits_Repro>Domaine public</Droits_Repro>
		<subject>GUERRE 1914-1918;</subject>
		<geoname>AMIENS (ville);SOMME (département);</geoname>
		<persname></persname>
		<corpname></corpname>
	</DocsFigures>
<DocsFigures>
		<Titre>Saleux. Marche. Couches. Toulze. Donaville. cheval</Titre>
		<Analyse>MM. Couches, Toulze, Donaville et un cheval font une halte sur le bord de la route près de Saleux (Somme).
1915. 
Guerre 1914-1918.</Analyse>
		<Realise_en>1915</Realise_en>
		<Liste_des_auteurs>BERTHELÉ, Raoul</Liste_des_auteurs>
		<Type_Doc>NEGATIF N&amp;B</Type_Doc>
		<Support>VERRE</Support>
		<Technique>Photographie stéréo</Technique>
		<Format>4,5 x 10,7 cm</Format>
		<Cote>49Fi236</Cote>
		<Observations></Observations>
		<Origine>Don Faucher-Berhelé entré le 10/11/1978.</Origine>
		<Droits_Repro>Domaine public</Droits_Repro>
		<subject>GUERRE 1914-1918;</subject>
		<geoname>SALEUX (ville);SOMME (département);</geoname>
		<persname></persname>
		<corpname></corpname>
	</DocsFigures>
<DocsFigures>
		<Titre>Saleux. Usine Poiret. La voiture d&apos;approvisionnement</Titre>
		<Analyse>Vue d&apos;une ambulance à cheval chargé de l&apos;approvisionnement stationnée devant l&apos;usine Poiret à Saleux (Somme).
1915. 
Guerre 1914-1918.
La voiture porte l&apos;inscription : &quot;16e corps. Ambulance d&apos;armée n° 15&quot;.</Analyse>
		<Realise_en>1915</Realise_en>
		<Liste_des_auteurs>BERTHELÉ, Raoul</Liste_des_auteurs>
		<Type_Doc>NEGATIF N&amp;B</Type_Doc>
		<Support>VERRE</Support>
		<Technique>Photographie stéréo</Technique>
		<Format>4,5 x 10,7 cm</Format>
		<Cote>49Fi237</Cote>
		<Observations></Observations>
		<Origine>Don Faucher-Berhelé entré le 10/11/1978.</Origine>
		<Droits_Repro>Domaine public</Droits_Repro>
		<subject>GUERRE 1914-1918;</subject>
		<geoname>SALEUX (ville);SOMME (département);</geoname>
		<persname></persname>
		<corpname></corpname>
	</DocsFigures>
<DocsFigures>
		<Titre>Beuvezin. Déjeuner</Titre>
		<Analyse>Vue d&apos;ensemble d&apos;un déjeuner d&apos;officiers de l&apos;Ambulance à Beuvezin (Meurthe-et-Moselle).
Mai-juin 1915.
Guerre 1914-1918.</Analyse>
		<Realise_en>1915</Realise_en>
		<Liste_des_auteurs>BERTHELÉ, Raoul</Liste_des_auteurs>
		<Type_Doc>NEGATIF N&amp;B</Type_Doc>
		<Support>VERRE</Support>
		<Technique>Photographie stéréo</Technique>
		<Format>4,5 x 10,7 cm</Format>
		<Cote>49Fi238</Cote>
		<Observations>Même cliché que les 49Fi178 et 49Fi238.</Observations>
		<Origine>Don Faucher-Berhelé entré le 10/11/1978.</Origine>
		<Droits_Repro>Domaine public</Droits_Repro>
		<subject>GUERRE 1914-1918;</subject>
		<geoname>BEUVEZIN (village);MEURTHE-ET-MOSELLE (département);</geoname>
		<persname></persname>
		<corpname></corpname>
	</DocsFigures>
<DocsFigures>
		<Titre>Saleux. Le petit Charles</Titre>
		<Analyse>Portait en pied d&apos;un enfant habillé en militaire (le &quot;petit Charles&quot;) à Saleux (Somme).
1915. 
Guerre 1914-1918.
Au second plan trois enfants.</Analyse>
		<Realise_en>1915</Realise_en>
		<Liste_des_auteurs>BERTHELÉ, Raoul</Liste_des_auteurs>
		<Type_Doc>NEGATIF N&amp;B</Type_Doc>
		<Support>VERRE</Support>
		<Technique>Photographie stéréo</Technique>
		<Format>4,5 x 10,7 cm</Format>
		<Cote>49Fi239</Cote>
		<Observations></Observations>
		<Origine>Don Faucher-Berhelé entré le 10/11/1978.</Origine>
		<Droits_Repro>Domaine public</Droits_Repro>
		<subject>ENFANT;GUERRE 1914-1918;</subject>
		<geoname>SALEUX (ville);SOMME (département);</geoname>
		<persname></persname>
		<corpname></corpname>
	</DocsFigures>
<DocsFigures>
		<Titre>Saleux. Concierge. Usine Cosserat</Titre>
		<Analyse>Photo de la concierge de l&apos;usine Cosserat et de sa petite fille à Saleux (Somme).
1915. 
Guerre 1914-1918.</Analyse>
		<Realise_en>1915</Realise_en>
		<Liste_des_auteurs>BERTHELÉ, Raoul</Liste_des_auteurs>
		<Type_Doc>NEGATIF N&amp;B</Type_Doc>
		<Support>VERRE</Support>
		<Technique>Photographie stéréo</Technique>
		<Format>4,5 x 10,7 cm</Format>
		<Cote>49Fi240</Cote>
		<Observations></Observations>
		<Origine>Don Faucher-Berhelé entré le 10/11/1978.</Origine>
		<Droits_Repro>Domaine public</Droits_Repro>
		<subject>GUERRE 1914-1918;</subject>
		<geoname>SALEUX (ville);SOMME (département);</geoname>
		<persname></persname>
		<corpname></corpname>
	</DocsFigures>
<DocsFigures>
		<Titre>Saleux. Sévajols. Mon bureau</Titre>
		<Analyse>Portrait en pied de M. Sévajols posant devant la façade du bureau de Raoul Berthelé à Saleux (Somme).
1915. 
Guerre 1914-1918.</Analyse>
		<Realise_en>1915</Realise_en>
		<Liste_des_auteurs>BERTHELÉ, Raoul</Liste_des_auteurs>
		<Type_Doc>NEGATIF N&amp;B</Type_Doc>
		<Support>VERRE</Support>
		<Technique>Photographie stéréo</Technique>
		<Format>4,5 x 10,7 cm</Format>
		<Cote>49Fi241</Cote>
		<Observations></Observations>
		<Origine>Don Faucher-Berhelé entré le 10/11/1978.</Origine>
		<Droits_Repro>Domaine public</Droits_Repro>
		<subject>GUERRE 1914-1918;</subject>
		<geoname>SALEUX (ville);SOMME (département);</geoname>
		<persname></persname>
		<corpname></corpname>
	</DocsFigures>
<DocsFigures>
		<Titre>Saleux. M. Caucanas</Titre>
		<Analyse>Portrait à cheval de M. Caucanas Saleux (Somme).
1915. 
Guerre 1914-1918.
Il est de profil.</Analyse>
		<Realise_en>1915</Realise_en>
		<Liste_des_auteurs>BERTHELÉ, Raoul</Liste_des_auteurs>
		<Type_Doc>NEGATIF N&amp;B</Type_Doc>
		<Support>VERRE</Support>
		<Technique>Photographie stéréo</Technique>
		<Format>4,5 x 10,7 cm</Format>
		<Cote>49Fi242</Cote>
		<Observations></Observations>
		<Origine>Don Faucher-Berhelé entré le 10/11/1978.</Origine>
		<Droits_Repro>Domaine public</Droits_Repro>
		<subject>GUERRE 1914-1918;</subject>
		<geoname>SALEUX (ville);SOMME (département);</geoname>
		<persname></persname>
		<corpname></corpname>
	</DocsFigures>
<DocsFigures>
		<Titre>Saleux. M. Teissier</Titre>
		<Analyse>Portrait à cheval de M. Teissier  à Saleux (Somme).
1915. 
Guerre 1914-1918.
Il est de face; un homme au second plan.</Analyse>
		<Realise_en>1915</Realise_en>
		<Liste_des_auteurs>BERTHELÉ, Raoul</Liste_des_auteurs>
		<Type_Doc>NEGATIF N&amp;B</Type_Doc>
		<Support>VERRE</Support>
		<Technique>Photographie stéréo</Technique>
		<Format>4,5 x 10,7 cm</Format>
		<Cote>49Fi243</Cote>
		<Observations></Observations>
		<Origine>Don Faucher-Berhelé entré le 10/11/1978.</Origine>
		<Droits_Repro>Domaine public</Droits_Repro>
		<subject>GUERRE 1914-1918;</subject>
		<geoname>SALEUX (ville);SOMME (département);</geoname>
		<persname></persname>
		<corpname></corpname>
	</DocsFigures>
<DocsFigures>
		<Titre>Amiens. Dans hortillonnage. M. Teissier</Titre>
		<Analyse>Portrait en pied de M. Teissier dans un hortillonnage près d&apos;Amiens (Somme).
1915. 
Guerre 1914-1918.</Analyse>
		<Realise_en>1915</Realise_en>
		<Liste_des_auteurs>BERTHELÉ, Raoul</Liste_des_auteurs>
		<Type_Doc>NEGATIF N&amp;B</Type_Doc>
		<Support>VERRE</Support>
		<Technique>Photographie stéréo</Technique>
		<Format>4,5 x 10,7 cm</Format>
		<Cote>49Fi244</Cote>
		<Observations></Observations>
		<Origine>Don Faucher-Berhelé entré le 10/11/1978.</Origine>
		<Droits_Repro>Domaine public</Droits_Repro>
		<subject>GUERRE 1914-1918;</subject>
		<geoname>AMIENS (ville);SOMME (département);</geoname>
		<persname></persname>
		<corpname></corpname>
	</DocsFigures>
<DocsFigures>
		<Titre>Amiens. Hortillonnage. Mlle Madeleine ...</Titre>
		<Analyse>Portrait de Mlle Madeleine en canot dans un hortillonnage près d&apos;Amiens (Somme).
1915. 
Guerre 1914-1918.
Berthelé a oublié le nom de famille de la demoiselle.</Analyse>
		<Realise_en>1915</Realise_en>
		<Liste_des_auteurs>BERTHELÉ, Raoul</Liste_des_auteurs>
		<Type_Doc>NEGATIF N&amp;B</Type_Doc>
		<Support>VERRE</Support>
		<Technique>Photographie stéréo</Technique>
		<Format>4,5 x 10,7 cm</Format>
		<Cote>49Fi245</Cote>
		<Observations></Observations>
		<Origine>Don Faucher-Berhelé entré le 10/11/1978.</Origine>
		<Droits_Repro>Domaine public</Droits_Repro>
		<subject>GUERRE 1914-1918;</subject>
		<geoname>AMIENS (ville);SOMME (département);</geoname>
		<persname></persname>
		<corpname></corpname>
	</DocsFigures>
<DocsFigures>
		<Titre>Saleux. Marche</Titre>
		<Analyse>Photo de groupe réalisée lors du passage de la 236e Infanterie à Saleux (Somme). 
1915. 
Guerre 1914-1918.</Analyse>
		<Realise_en>1915</Realise_en>
		<Liste_des_auteurs>BERTHELÉ, Raoul</Liste_des_auteurs>
		<Type_Doc>NEGATIF N&amp;B</Type_Doc>
		<Support>VERRE</Support>
		<Technique>Photographie stéréo</Technique>
		<Format>4,5 x 10,7 cm</Format>
		<Cote>49Fi246</Cote>
		<Observations></Observations>
		<Origine>Don Faucher-Berhelé entré le 10/11/1978.</Origine>
		<Droits_Repro>Domaine public</Droits_Repro>
		<subject>GUERRE 1914-1918;</subject>
		<geoname>SALEUX (ville);SOMME (département);</geoname>
		<persname></persname>
		<corpname></corpname>
	</DocsFigures>
<DocsFigures>
		<Titre>Amiens. Dans les hortillonnages. Un vieux jardinier</Titre>
		<Analyse>Photo d&apos;un vieux jardinier sur une barque à cornet dans un hortillonnage près d&apos;Amiens (Somme).
1915. 
Guerre 1914-1918.</Analyse>
		<Realise_en>1915</Realise_en>
		<Liste_des_auteurs>BERTHELÉ, Raoul</Liste_des_auteurs>
		<Type_Doc>NEGATIF N&amp;B</Type_Doc>
		<Support>VERRE</Support>
		<Technique>Photographie stéréo</Technique>
		<Format>4,5 x 10,7 cm</Format>
		<Cote>49Fi247</Cote>
		<Observations></Observations>
		<Origine>Don Faucher-Berhelé entré le 10/11/1978.</Origine>
		<Droits_Repro>Domaine public</Droits_Repro>
		<subject>GUERRE 1914-1918;</subject>
		<geoname>AMIENS (ville);SOMME (département);</geoname>
		<persname></persname>
		<corpname></corpname>
	</DocsFigures>
<DocsFigures>
		<Titre>Route d&apos;Amiens à Saleux. La voiture d&apos;approvisionnement</Titre>
		<Analyse>&quot;arrêt à l&apos;octroi. Brunet et Blanqui&quot;.
Vue de MM. Brunet et Blanqui dans un voiture à cheval chargé de l&apos;approvisionnement sur la route d&apos;Amiens à Saleux (Somme).
1915. 
Guerre 1914-1918.</Analyse>
		<Realise_en>1915</Realise_en>
		<Liste_des_auteurs>BERTHELÉ, Raoul</Liste_des_auteurs>
		<Type_Doc>NEGATIF N&amp;B</Type_Doc>
		<Support>VERRE</Support>
		<Technique>Photographie stéréo</Technique>
		<Format>4,5 x 10,7 cm</Format>
		<Cote>49Fi248</Cote>
		<Observations></Observations>
		<Origine>Don Faucher-Berhelé entré le 10/11/1978.</Origine>
		<Droits_Repro>Domaine public</Droits_Repro>
		<subject>GUERRE 1914-1918;</subject>
		<geoname>SOMME (département);AMIENS (ville);SALEUX (ville);</geoname>
		<persname></persname>
		<corpname></corpname>
	</DocsFigures>
<DocsFigures>
		<Titre>Amiens. En canot. Teissier et Caucanas</Titre>
		<Analyse>MM. Teissier et Caucanas à table près d&apos;Amiens (Somme).  
1915. 
Guerre 1914-1918.</Analyse>
		<Realise_en>1915</Realise_en>
		<Liste_des_auteurs>BERTHELÉ, Raoul</Liste_des_auteurs>
		<Type_Doc>NEGATIF N&amp;B</Type_Doc>
		<Support>VERRE</Support>
		<Technique>Photographie stéréo</Technique>
		<Format>4,5 x 10,7 cm</Format>
		<Cote>49Fi249</Cote>
		<Observations></Observations>
		<Origine>Don Faucher-Berhelé entré le 10/11/1978.</Origine>
		<Droits_Repro>Domaine public</Droits_Repro>
		<subject>GUERRE 1914-1918;</subject>
		<geoname>AMIENS (ville);SOMME (département);</geoname>
		<persname></persname>
		<corpname></corpname>
	</DocsFigures>
<DocsFigures>
		<Titre>Amiens. En canot sur la Somme par la pluie</Titre>
		<Analyse>&quot;Teissier et Caucanas&quot;.
MM. Teissier et Caucanas en canot sur la Somme et sous la pluie près d&apos;Amiens (Somme).
1915. 
Guerre 1914-1918.</Analyse>
		<Realise_en>1915</Realise_en>
		<Liste_des_auteurs>BERTHELÉ, Raoul</Liste_des_auteurs>
		<Type_Doc>NEGATIF N&amp;B</Type_Doc>
		<Support>VERRE</Support>
		<Technique>Photographie stéréo</Technique>
		<Format>4,5 x 10,7 cm</Format>
		<Cote>49Fi250</Cote>
		<Observations></Observations>
		<Origine>Don Faucher-Berhelé entré le 10/11/1978.</Origine>
		<Droits_Repro>Domaine public</Droits_Repro>
		<subject>GUERRE 1914-1918;</subject>
		<geoname>AMIENS (ville);SOMME (département);</geoname>
		<persname></persname>
		<corpname></corpname>
	</DocsFigures>
<DocsFigures>
		<Titre>Prouzel. Marche. R. Berthelé. Combes et le cheval</Titre>
		<Analyse>Raoul Berthelé et M. Combes tenant un cheval dans un champ près de Prouzel (Somme).
1915. 
Guerre 1914-1918.</Analyse>
		<Realise_en>1915</Realise_en>
		<Liste_des_auteurs>BERTHELÉ, Raoul</Liste_des_auteurs>
		<Type_Doc>NEGATIF N&amp;B</Type_Doc>
		<Support>VERRE</Support>
		<Technique>Photographie stéréo</Technique>
		<Format>4,5 x 10,7 cm</Format>
		<Cote>49Fi251</Cote>
		<Observations></Observations>
		<Origine>Don Faucher-Berhelé entré le 10/11/1978.</Origine>
		<Droits_Repro>Domaine public</Droits_Repro>
		<subject>GUERRE 1914-1918;</subject>
		<geoname>PROUZEL (village);SOMME (département);</geoname>
		<persname>BERTHELE, Raoul;</persname>
		<corpname></corpname>
	</DocsFigures>
<DocsFigures>
		<Titre>Amiens. Hortillonages. Mlle Edith Thomas</Titre>
		<Analyse>Portrait en pied de Mlle Edith Thomas dans un hortillonnage près d&apos;Amiens (Somme).
1915. 
Guerre 1914-1918.</Analyse>
		<Realise_en>1915</Realise_en>
		<Liste_des_auteurs>BERTHELÉ, Raoul</Liste_des_auteurs>
		<Type_Doc>NEGATIF N&amp;B</Type_Doc>
		<Support>VERRE</Support>
		<Technique>Photographie stéréo</Technique>
		<Format>4,5 x 10,7 cm</Format>
		<Cote>49Fi252</Cote>
		<Observations></Observations>
		<Origine>Don Faucher-Berhelé entré le 10/11/1978.</Origine>
		<Droits_Repro>Domaine public</Droits_Repro>
		<subject>GUERRE 1914-1918;</subject>
		<geoname>AMIENS (ville);SOMME (département);</geoname>
		<persname></persname>
		<corpname></corpname>
	</DocsFigures>
<DocsFigures>
		<Titre>Amiens. Mlle Borck</Titre>
		<Analyse>Portrait en pied de Mlle Borck dans un jardin près d&apos;Amiens (Somme).
1915. 
Guerre 1914-1918.</Analyse>
		<Realise_en>1915</Realise_en>
		<Liste_des_auteurs>BERTHELÉ, Raoul</Liste_des_auteurs>
		<Type_Doc>NEGATIF N&amp;B</Type_Doc>
		<Support>VERRE</Support>
		<Technique>Photographie stéréo</Technique>
		<Format>4,5 x 10,7 cm</Format>
		<Cote>49Fi253</Cote>
		<Observations></Observations>
		<Origine>Don Faucher-Berhelé entré le 10/11/1978.</Origine>
		<Droits_Repro>Domaine public</Droits_Repro>
		<subject>GUERRE 1914-1918;</subject>
		<geoname>AMIENS (ville);SOMME (département);</geoname>
		<persname></persname>
		<corpname></corpname>
	</DocsFigures>
<DocsFigures>
		<Titre>Amiens. Mlle Borck</Titre>
		<Analyse>Portrait en pied de Mlle Borck dans un jardin près d&apos;Amiens (Somme).
1915. 
Guerre 1914-1918.</Analyse>
		<Realise_en>1915</Realise_en>
		<Liste_des_auteurs>BERTHELÉ, Raoul</Liste_des_auteurs>
		<Type_Doc>NEGATIF N&amp;B</Type_Doc>
		<Support>VERRE</Support>
		<Technique>Photographie stéréo</Technique>
		<Format>4,5 x 10,7 cm</Format>
		<Cote>49Fi254</Cote>
		<Observations></Observations>
		<Origine>Don Faucher-Berhelé entré le 10/11/1978.</Origine>
		<Droits_Repro>Domaine public</Droits_Repro>
		<subject>GUERRE 1914-1918;</subject>
		<geoname>AMIENS (ville);SOMME (département);</geoname>
		<persname></persname>
		<corpname></corpname>
	</DocsFigures>
<DocsFigures>
		<Titre>Prouzel. L&apos;établissement de pisciculture Mounoyes</Titre>
		<Analyse>Vue d&apos;ensemble de l&apos;établissement de pisciculture Mounoyes près de Prouzel (Somme).
1915. 
Guerre 1914-1918.</Analyse>
		<Realise_en>1915</Realise_en>
		<Liste_des_auteurs>BERTHELÉ, Raoul</Liste_des_auteurs>
		<Type_Doc>NEGATIF N&amp;B</Type_Doc>
		<Support>VERRE</Support>
		<Technique>Photographie stéréo</Technique>
		<Format>4,5 x 10,7 cm</Format>
		<Cote>49Fi255</Cote>
		<Observations></Observations>
		<Origine>Don Faucher-Berhelé entré le 10/11/1978.</Origine>
		<Droits_Repro>Domaine public</Droits_Repro>
		<subject>GUERRE 1914-1918;</subject>
		<geoname>PROUZEL (village);SOMME (département);</geoname>
		<persname></persname>
		<corpname></corpname>
	</DocsFigures>
<DocsFigures>
		<Titre>Prouzel. Pisciculture. Truite sautant hors de l&apos;eau</Titre>
		<Analyse>Plan rapproché d&apos;une truite sautant hors de l&apos;eau dans un établissement de pisciculture près de Prouzel (Somme).
1915. Guerre 1914-1918.</Analyse>
		<Realise_en>1915</Realise_en>
		<Liste_des_auteurs>BERTHELÉ, Raoul</Liste_des_auteurs>
		<Type_Doc>NEGATIF N&amp;B</Type_Doc>
		<Support>VERRE</Support>
		<Technique>Photographie stéréo</Technique>
		<Format>4,5 x 10,7 cm</Format>
		<Cote>49Fi256</Cote>
		<Observations></Observations>
		<Origine>Don Faucher-Berhelé entré le 10/11/1978.</Origine>
		<Droits_Repro>Domaine public</Droits_Repro>
		<subject>GUERRE 1914-1918;</subject>
		<geoname>PROUZEL (village);SOMME (département);</geoname>
		<persname></persname>
		<corpname></corpname>
	</DocsFigures>
<DocsFigures>
		<Titre>Amiens. Le lieutenant Prudent</Titre>
		<Analyse>Portrait du lieutenant Prudent en canot près d&apos;Amiens (Somme).
1915. 
Guerre 1914-1918.</Analyse>
		<Realise_en>1915</Realise_en>
		<Liste_des_auteurs>BERTHELÉ, Raoul</Liste_des_auteurs>
		<Type_Doc>NEGATIF N&amp;B</Type_Doc>
		<Support>VERRE</Support>
		<Technique>Photographie stéréo</Technique>
		<Format>4,5 x 10,7 cm</Format>
		<Cote>49Fi257</Cote>
		<Observations></Observations>
		<Origine>Don Faucher-Berhelé entré le 10/11/1978.</Origine>
		<Droits_Repro>Domaine public</Droits_Repro>
		<subject>GUERRE 1914-1918;</subject>
		<geoname>AMIENS (ville);SOMME (département);</geoname>
		<persname></persname>
		<corpname></corpname>
	</DocsFigures>
<DocsFigures>
		<Titre>Amiens. Biplan M. Farman. Descoings. Lamoureux</Titre>
		<Analyse>&quot;Mlle et Mme Delagarde&quot;.
Photo de MM. Paul Descoings et Lamoureux et Mmes Delagarde devant un biplan M. Farman dans un champ d&apos;aviation près d&apos;Amiens (Somme).
1915. 
Guerre 1914-1918.</Analyse>
		<Realise_en>1915</Realise_en>
		<Liste_des_auteurs>BERTHELÉ, Raoul</Liste_des_auteurs>
		<Type_Doc>NEGATIF N&amp;B</Type_Doc>
		<Support>VERRE</Support>
		<Technique>Photographie stéréo</Technique>
		<Format>4,5 x 10,7 cm</Format>
		<Cote>49Fi258</Cote>
		<Observations></Observations>
		<Origine>Don Faucher-Berhelé entré le 10/11/1978.</Origine>
		<Droits_Repro>Domaine public</Droits_Repro>
		<subject>GUERRE 1914-1918;</subject>
		<geoname>AMIENS (ville);SOMME (département);</geoname>
		<persname></persname>
		<corpname></corpname>
	</DocsFigures>
<DocsFigures>
		<Titre>Amiens. Biplan M. Farman. L&apos;aviateur P. Descoings</Titre>
		<Analyse>Portrait de l&apos;aviateur Paul Descoings aux commandes d&apos;un biplan M. Farman près d&apos;Amiens (Somme).
1915. 
Guerre 1914-1918.</Analyse>
		<Realise_en>1915</Realise_en>
		<Liste_des_auteurs>BERTHELÉ, Raoul</Liste_des_auteurs>
		<Type_Doc>NEGATIF N&amp;B</Type_Doc>
		<Support>VERRE</Support>
		<Technique>Photographie stéréo</Technique>
		<Format>4,5 x 10,7 cm</Format>
		<Cote>49Fi259</Cote>
		<Observations></Observations>
		<Origine>Don Faucher-Berhelé entré le 10/11/1978.</Origine>
		<Droits_Repro>Domaine public</Droits_Repro>
		<subject>GUERRE 1914-1918;</subject>
		<geoname>AMIENS (ville);SOMME (département);</geoname>
		<persname></persname>
		<corpname></corpname>
	</DocsFigures>
<DocsFigures>
		<Titre>Amiens. Biplan M. Farman. L&apos;aviateur P. Descoings</Titre>
		<Analyse>&quot;et son mécanicien Lamoureux&quot;.
Portrait de l&apos;aviateur Paul Descoings aux commandes d&apos;un biplan M. Farman et de son mécanicien M. Lamoureux, près d&apos;Amiens (Somme).
1915. 
Guerre 1914-1918.</Analyse>
		<Realise_en>1915</Realise_en>
		<Liste_des_auteurs>BERTHELÉ, Raoul</Liste_des_auteurs>
		<Type_Doc>NEGATIF N&amp;B</Type_Doc>
		<Support>VERRE</Support>
		<Technique>Photographie stéréo</Technique>
		<Format>4,5 x 10,7 cm</Format>
		<Cote>49Fi260</Cote>
		<Observations></Observations>
		<Origine>Don Faucher-Berhelé entré le 10/11/1978.</Origine>
		<Droits_Repro>Domaine public</Droits_Repro>
		<subject>GUERRE 1914-1918;</subject>
		<geoname>AMIENS (ville);SOMME (département);</geoname>
		<persname></persname>
		<corpname></corpname>
	</DocsFigures>
<DocsFigures>
		<Titre>Amiens. Biplan M. Farman. P. Descoings et R. Berthelé</Titre>
		<Analyse>Photo de Raoul Berthelé et Paul Descoings posant devant un biplan M. Farman près d&apos;Amiens (Somme).
1915. 
Guerre 1914-1918.</Analyse>
		<Realise_en>1915</Realise_en>
		<Liste_des_auteurs>BERTHELÉ, Raoul</Liste_des_auteurs>
		<Type_Doc>NEGATIF N&amp;B</Type_Doc>
		<Support>VERRE</Support>
		<Technique>Photographie stéréo</Technique>
		<Format>4,5 x 10,7 cm</Format>
		<Cote>49Fi261</Cote>
		<Observations></Observations>
		<Origine>Don Faucher-Berhelé entré le 10/11/1978.</Origine>
		<Droits_Repro>Domaine public</Droits_Repro>
		<subject>GUERRE 1914-1918;</subject>
		<geoname>AMIENS (ville);SOMME (département);</geoname>
		<persname>BERTHELE, Raoul;</persname>
		<corpname></corpname>
	</DocsFigures>
<DocsFigures>
		<Titre>Amiens. Biplan M. Farman. P. Descoings et Mlle Delagarde</Titre>
		<Analyse>Photo de Paul Descoings et Mlle Delagarde posant devant un biplan M. Farman près d&apos;Amiens (Somme).
1915. 
Guerre 1914-1918.</Analyse>
		<Realise_en>1915</Realise_en>
		<Liste_des_auteurs>BERTHELÉ, Raoul</Liste_des_auteurs>
		<Type_Doc>NEGATIF N&amp;B</Type_Doc>
		<Support>VERRE</Support>
		<Technique>Photographie stéréo</Technique>
		<Format>4,5 x 10,7 cm</Format>
		<Cote>49Fi262</Cote>
		<Observations></Observations>
		<Origine>Don Faucher-Berhelé entré le 10/11/1978.</Origine>
		<Droits_Repro>Domaine public</Droits_Repro>
		<subject>GUERRE 1914-1918;</subject>
		<geoname>AMIENS (ville);SOMME (département);</geoname>
		<persname></persname>
		<corpname></corpname>
	</DocsFigures>
<DocsFigures>
		<Titre>Amiens. Biplan M. Farman. P. Descoings</Titre>
		<Analyse>Portrait du pilote Paul Descoings posant devant un avion biplan M. Farman dans un champ d&apos;aviation près d&apos;Amiens (Somme).
1915. 
Guerre 1914-1918.</Analyse>
		<Realise_en>1915</Realise_en>
		<Liste_des_auteurs>BERTHELÉ, Raoul</Liste_des_auteurs>
		<Type_Doc>NEGATIF N&amp;B</Type_Doc>
		<Support>VERRE</Support>
		<Technique>Photographie stéréo</Technique>
		<Format>4,5 x 10,7 cm</Format>
		<Cote>49Fi263</Cote>
		<Observations></Observations>
		<Origine>Don Faucher-Berhelé entré le 10/11/1978.</Origine>
		<Droits_Repro>Domaine public</Droits_Repro>
		<subject>GUERRE 1914-1918;</subject>
		<geoname>AMIENS (ville);SOMME (département);</geoname>
		<persname></persname>
		<corpname></corpname>
	</DocsFigures>
<DocsFigures>
		<Titre>Amiens. L&apos;aviateur P. Descoings</Titre>
		<Analyse>Portrait du pilote Paul Descoings posant devant un avion biplan M. Farman dans un champ d&apos;aviation près d&apos;Amiens (Somme).
1915. 
Guerre 1914-1918.</Analyse>
		<Realise_en>1915</Realise_en>
		<Liste_des_auteurs>BERTHELÉ, Raoul</Liste_des_auteurs>
		<Type_Doc>NEGATIF N&amp;B</Type_Doc>
		<Support>VERRE</Support>
		<Technique>Photographie stéréo</Technique>
		<Format>4,5 x 10,7 cm</Format>
		<Cote>49Fi264</Cote>
		<Observations></Observations>
		<Origine>Don Faucher-Berhelé entré le 10/11/1978.</Origine>
		<Droits_Repro>Domaine public</Droits_Repro>
		<subject>GUERRE 1914-1918;</subject>
		<geoname>AMIENS (ville);SOMME (département);</geoname>
		<persname></persname>
		<corpname></corpname>
	</DocsFigures>
<DocsFigures>
		<Titre>Amiens. Biplan M. Farman. R. Berthelé</Titre>
		<Analyse>Photo de Raoul Berthelé posant devant un avion biplan M. Farman dans un champ d&apos;aviation près d&apos;Amiens (Somme).
1915. 
Guerre 1914-1918.</Analyse>
		<Realise_en>1915</Realise_en>
		<Liste_des_auteurs>BERTHELÉ, Raoul</Liste_des_auteurs>
		<Type_Doc>NEGATIF N&amp;B</Type_Doc>
		<Support>VERRE</Support>
		<Technique>Photographie stéréo</Technique>
		<Format>4,5 x 10,7 cm</Format>
		<Cote>49Fi265</Cote>
		<Observations></Observations>
		<Origine>Don Faucher-Berhelé entré le 10/11/1978.</Origine>
		<Droits_Repro>Domaine public</Droits_Repro>
		<subject>GUERRE 1914-1918;</subject>
		<geoname>AMIENS (ville);SOMME (département);</geoname>
		<persname>BERTHELE, Raoul;</persname>
		<corpname></corpname>
	</DocsFigures>
<DocsFigures>
		<Titre>Amiens. Biplan M. Farman. R. Berthelé</Titre>
		<Analyse>Photo de Raoul Berthelé posant devant un avion biplan M. Farman dans un champ d&apos;aviation près d&apos;Amiens (Somme).
1915. 
Guerre 1914-1918.</Analyse>
		<Realise_en>1915</Realise_en>
		<Liste_des_auteurs>BERTHELÉ, Raoul</Liste_des_auteurs>
		<Type_Doc>NEGATIF N&amp;B</Type_Doc>
		<Support>VERRE</Support>
		<Technique>Photographie stéréo</Technique>
		<Format>4,5 x 10,7 cm</Format>
		<Cote>49Fi266</Cote>
		<Observations></Observations>
		<Origine>Don Faucher-Berhelé entré le 10/11/1978.</Origine>
		<Droits_Repro>Domaine public</Droits_Repro>
		<subject>GUERRE 1914-1918;</subject>
		<geoname>AMIENS (ville);SOMME (département);</geoname>
		<persname>BERTHELE, Raoul;</persname>
		<corpname></corpname>
	</DocsFigures>
<DocsFigures>
		<Titre>Saleux. Biplan Caudron</Titre>
		<Analyse>Vue d&apos;ensemble d&apos;un avion biplan Caudron dans un champ d&apos;aviation près de Saleux (Somme).
1915. 
Guerre 1914-1918.</Analyse>
		<Realise_en>1915</Realise_en>
		<Liste_des_auteurs>BERTHELÉ, Raoul</Liste_des_auteurs>
		<Type_Doc>NEGATIF N&amp;B</Type_Doc>
		<Support>VERRE</Support>
		<Technique>Photographie stéréo</Technique>
		<Format>4,5 x 10,7 cm</Format>
		<Cote>49Fi267</Cote>
		<Observations></Observations>
		<Origine>Don Faucher-Berhelé entré le 10/11/1978.</Origine>
		<Droits_Repro>Domaine public</Droits_Repro>
		<subject>GUERRE 1914-1918;</subject>
		<geoname>SALEUX (ville);SOMME (département);</geoname>
		<persname></persname>
		<corpname></corpname>
	</DocsFigures>
<DocsFigures>
		<Titre>Saleux. Champ d&apos;aviation. Mécaniciens. Biplan Caudron</Titre>
		<Analyse>Groupe de mécaniciens posant devant un avion biplan Caudron dans un champ d&apos;aviation près de Saleux (Somme).
1915. 
Guerre 1914-1918.</Analyse>
		<Realise_en>1915</Realise_en>
		<Liste_des_auteurs>BERTHELÉ, Raoul</Liste_des_auteurs>
		<Type_Doc>NEGATIF N&amp;B</Type_Doc>
		<Support>VERRE</Support>
		<Technique>Photographie stéréo</Technique>
		<Format>4,5 x 10,7 cm</Format>
		<Cote>49Fi268</Cote>
		<Observations></Observations>
		<Origine>Don Faucher-Berhelé entré le 10/11/1978.</Origine>
		<Droits_Repro>Domaine public</Droits_Repro>
		<subject>GUERRE 1914-1918;</subject>
		<geoname>SALEUX (ville);SOMME (département);</geoname>
		<persname></persname>
		<corpname></corpname>
	</DocsFigures>
<DocsFigures>
		<Titre>Biplan M. Farman. Capitaine Colard</Titre>
		<Analyse>Photo du capitaine Colard aux commandes d&apos;un avion biplan M. Farman près d&apos;Amiens (Somme).
1915. 
Guerre 1914-1918.</Analyse>
		<Realise_en>1915</Realise_en>
		<Liste_des_auteurs>BERTHELÉ, Raoul</Liste_des_auteurs>
		<Type_Doc>NEGATIF N&amp;B</Type_Doc>
		<Support>VERRE</Support>
		<Technique>Photographie stéréo</Technique>
		<Format>4,5 x 10,7 cm</Format>
		<Cote>49Fi269</Cote>
		<Observations></Observations>
		<Origine>Don Faucher-Berhelé entré le 10/11/1978.</Origine>
		<Droits_Repro>Domaine public</Droits_Repro>
		<subject>GUERRE 1914-1918;</subject>
		<geoname>AMIENS (ville);SOMME (département);</geoname>
		<persname></persname>
		<corpname></corpname>
	</DocsFigures>
<DocsFigures>
		<Titre>Biplan M. Farman. Capitaine Colard</Titre>
		<Analyse>Photo du capitaine Colard et un autre militaire posant devant un avion biplan M. Farman près d&apos;Amiens (Somme).
1915. 
Guerre 1914-1918.</Analyse>
		<Realise_en>1915</Realise_en>
		<Liste_des_auteurs>BERTHELÉ, Raoul</Liste_des_auteurs>
		<Type_Doc>NEGATIF N&amp;B</Type_Doc>
		<Support>VERRE</Support>
		<Technique>Photographie stéréo</Technique>
		<Format>4,5 x 10,7 cm</Format>
		<Cote>49Fi270</Cote>
		<Observations></Observations>
		<Origine>Don Faucher-Berhelé entré le 10/11/1978.</Origine>
		<Droits_Repro>Domaine public</Droits_Repro>
		<subject>GUERRE 1914-1918;</subject>
		<geoname>AMIENS (ville);SOMME (département);</geoname>
		<persname></persname>
		<corpname></corpname>
	</DocsFigures>
<DocsFigures>
		<Titre>Capitaine Colard</Titre>
		<Analyse>Photo du capitaine Colard posant devant un avion biplan M. Farman près d&apos;Amiens (Somme).
1915. 
Guerre 1914-1918.</Analyse>
		<Realise_en>1915</Realise_en>
		<Liste_des_auteurs>BERTHELÉ, Raoul</Liste_des_auteurs>
		<Type_Doc>NEGATIF N&amp;B</Type_Doc>
		<Support>VERRE</Support>
		<Technique>Photographie stéréo</Technique>
		<Format>4,5 x 10,7 cm</Format>
		<Cote>49Fi271</Cote>
		<Observations></Observations>
		<Origine>Don Faucher-Berhelé entré le 10/11/1978.</Origine>
		<Droits_Repro>Domaine public</Droits_Repro>
		<subject>GUERRE 1914-1918;</subject>
		<geoname>AMIENS (ville);SOMME (département);</geoname>
		<persname></persname>
		<corpname></corpname>
	</DocsFigures>
<DocsFigures>
		<Titre>Amiens. Biplan M. Farman Lieutenant Richard</Titre>
		<Analyse>Le lieutenant Richard aux commandes d&apos;un avion biplan M. Farman dans un champs d&apos;aviation près d&apos;Amiens (Somme).
1915. 
Guerre 1914-1918.</Analyse>
		<Realise_en>1915</Realise_en>
		<Liste_des_auteurs>BERTHELÉ, Raoul</Liste_des_auteurs>
		<Type_Doc>NEGATIF N&amp;B</Type_Doc>
		<Support>VERRE</Support>
		<Technique>Photographie stéréo</Technique>
		<Format>4,5 x 10,7 cm</Format>
		<Cote>49Fi272</Cote>
		<Observations></Observations>
		<Origine>Don Faucher-Berhelé entré le 10/11/1978.</Origine>
		<Droits_Repro>Domaine public</Droits_Repro>
		<subject>GUERRE 1914-1918;</subject>
		<geoname>AMIENS (ville);SOMME (département);</geoname>
		<persname></persname>
		<corpname></corpname>
	</DocsFigures>
<DocsFigures>
		<Titre>Amiens. Biplan M. Farman. Lieutenant Richard. M. Echernier et Mlle Delagarde</Titre>
		<Analyse>Le lieutenant Richard, M. Echernier et Mlle Delagarde posant devant un avion biplan M. Farman dans un champ d&apos;aviation près d&apos;Amiens (Somme).
1915. 
Guerre 1914-1918.</Analyse>
		<Realise_en>1915</Realise_en>
		<Liste_des_auteurs>BERTHELÉ, Raoul</Liste_des_auteurs>
		<Type_Doc>NEGATIF N&amp;B</Type_Doc>
		<Support>VERRE</Support>
		<Technique>Photographie stéréo</Technique>
		<Format>4,5 x 10,7 cm</Format>
		<Cote>49Fi273</Cote>
		<Observations></Observations>
		<Origine>Don Faucher-Berhelé entré le 10/11/1978.</Origine>
		<Droits_Repro>Domaine public</Droits_Repro>
		<subject>GUERRE 1914-1918;</subject>
		<geoname>AMIENS (ville);SOMME (département);</geoname>
		<persname></persname>
		<corpname></corpname>
	</DocsFigures>
<DocsFigures>
		<Titre>Amiens. Biplan M. Farman. P. Descoings et le Lieutenant Touchaleaume</Titre>
		<Analyse>L&apos;aviateur Paul Descoings et le lieutenant Touchaleaume aux commandes d&apos;un avion biplan M. Farman dans un champ d&apos;aviation près d&apos;Amiens (Somme).
1915. Guerre 1914-1918.</Analyse>
		<Realise_en>1915</Realise_en>
		<Liste_des_auteurs>BERTHELÉ, Raoul</Liste_des_auteurs>
		<Type_Doc>NEGATIF N&amp;B</Type_Doc>
		<Support>VERRE</Support>
		<Technique>Photographie stéréo</Technique>
		<Format>4,5 x 10,7 cm</Format>
		<Cote>49Fi274</Cote>
		<Observations></Observations>
		<Origine>Don Faucher-Berhelé entré le 10/11/1978.</Origine>
		<Droits_Repro>Domaine public</Droits_Repro>
		<subject>GUERRE 1914-1918;</subject>
		<geoname>AMIENS (ville);SOMME (département);</geoname>
		<persname></persname>
		<corpname></corpname>
	</DocsFigures>
<DocsFigures>
		<Titre>Amiens. Biplan M. Farman. Mme Delagarde et Raoul Berthelé</Titre>
		<Analyse>Mme Delagarde et Raoul Berthelé posant devant un avion biplan M. Farman dans un champ d&apos;aviation près d&apos;Amiens (Somme).
1915. 
Guerre 1914-1918.</Analyse>
		<Realise_en>1915</Realise_en>
		<Liste_des_auteurs>BERTHELÉ, Raoul</Liste_des_auteurs>
		<Type_Doc>NEGATIF N&amp;B</Type_Doc>
		<Support>VERRE</Support>
		<Technique>Photographie stéréo</Technique>
		<Format>4,5 x 10,7 cm</Format>
		<Cote>49Fi275</Cote>
		<Observations></Observations>
		<Origine>Don Faucher-Berhelé entré le 10/11/1978.</Origine>
		<Droits_Repro>Domaine public</Droits_Repro>
		<subject>GUERRE 1914-1918;</subject>
		<geoname>AMIENS (ville);SOMME (département);</geoname>
		<persname>BERTHELE, Raoul;</persname>
		<corpname></corpname>
	</DocsFigures>
<DocsFigures>
		<Titre>Amiens. Biplan M. Farman. P. Descoings</Titre>
		<Analyse>Paul Descoings aux commandes d&apos;un avion biplan M. Farman lors d&apos;un atterrissage près d&apos;Amiens (Somme).
1915. 
Guerre 1914-1918.</Analyse>
		<Realise_en>1915</Realise_en>
		<Liste_des_auteurs>BERTHELÉ, Raoul</Liste_des_auteurs>
		<Type_Doc>NEGATIF N&amp;B</Type_Doc>
		<Support>VERRE</Support>
		<Technique>Photographie stéréo</Technique>
		<Format>4,5 x 10,7 cm</Format>
		<Cote>49Fi276</Cote>
		<Observations></Observations>
		<Origine>Don Faucher-Berhelé entré le 10/11/1978.</Origine>
		<Droits_Repro>Domaine public</Droits_Repro>
		<subject>GUERRE 1914-1918;</subject>
		<geoname>AMIENS (ville);SOMME (département);</geoname>
		<persname></persname>
		<corpname></corpname>
	</DocsFigures>
<DocsFigures>
		<Titre>Amiens. Biplan M. Farman. P. Descoings</Titre>
		<Analyse>Paul Descoings aux commandes d&apos;un avion biplan M. Farman en plein vol près d&apos;Amiens (Somme).
1915. 
Guerre 1914-1918.</Analyse>
		<Realise_en>1915</Realise_en>
		<Liste_des_auteurs>BERTHELÉ, Raoul</Liste_des_auteurs>
		<Type_Doc>NEGATIF N&amp;B</Type_Doc>
		<Support>VERRE</Support>
		<Technique>Photographie stéréo</Technique>
		<Format>4,5 x 10,7 cm</Format>
		<Cote>49Fi277</Cote>
		<Observations></Observations>
		<Origine>Don Faucher-Berhelé entré le 10/11/1978.</Origine>
		<Droits_Repro>Domaine public</Droits_Repro>
		<subject>GUERRE 1914-1918;</subject>
		<geoname>AMIENS (ville);SOMME (département);</geoname>
		<persname></persname>
		<corpname></corpname>
	</DocsFigures>
<DocsFigures>
		<Titre>Amiens. La Hotoie</Titre>
		<Analyse>Vue générale du parc de la Hotoie à d&apos;Amiens (Somme).
1915. 
Guerre 1914-1918.</Analyse>
		<Realise_en>1915</Realise_en>
		<Liste_des_auteurs>BERTHELÉ, Raoul</Liste_des_auteurs>
		<Type_Doc>NEGATIF N&amp;B</Type_Doc>
		<Support>VERRE</Support>
		<Technique>Photographie stéréo</Technique>
		<Format>4,5 x 10,7 cm</Format>
		<Cote>49Fi278</Cote>
		<Observations>Difficultés pour décrypter l&apos;image. (papier collé sur la gélatine)</Observations>
		<Origine>Don Faucher-Berhelé entré le 10/11/1978.</Origine>
		<Droits_Repro>Domaine public</Droits_Repro>
		<subject>GUERRE 1914-1918;</subject>
		<geoname>AMIENS (ville);SOMME (département);</geoname>
		<persname></persname>
		<corpname></corpname>
	</DocsFigures>
<DocsFigures>
		<Titre>Amiens. La Hotoie. Mlle Delagarde</Titre>
		<Analyse>Portrait de Mlle M.-L. Delagarde assise sur un banc au parc de la Hotoie près d&apos;Amiens (Somme).
1915. 
Guerre 1914-1918.</Analyse>
		<Realise_en>1915</Realise_en>
		<Liste_des_auteurs>BERTHELÉ, Raoul</Liste_des_auteurs>
		<Type_Doc>NEGATIF N&amp;B</Type_Doc>
		<Support>VERRE</Support>
		<Technique>Photographie stéréo</Technique>
		<Format>4,5 x 10,7 cm</Format>
		<Cote>49Fi279</Cote>
		<Observations>Papier collé sur la gélatine</Observations>
		<Origine>Don Faucher-Berhelé entré le 10/11/1978.</Origine>
		<Droits_Repro>Domaine public</Droits_Repro>
		<subject>GUERRE 1914-1918;</subject>
		<geoname>AMIENS (ville);SOMME (département);</geoname>
		<persname></persname>
		<corpname></corpname>
	</DocsFigures>
<DocsFigures>
		<Titre>Amiens. Mlle Delagarde</Titre>
		<Analyse>Portrait en pied de Mlle M.-L. Delagarde dans la cour d&apos;une maison à Amiens (Somme).
1915. 
Guerre 1914-1918.</Analyse>
		<Realise_en>1915</Realise_en>
		<Liste_des_auteurs>BERTHELÉ, Raoul</Liste_des_auteurs>
		<Type_Doc>NEGATIF N&amp;B</Type_Doc>
		<Support>VERRE</Support>
		<Technique>Photographie stéréo</Technique>
		<Format>4,5 x 10,7 cm</Format>
		<Cote>49Fi280</Cote>
		<Observations>Papier collé sur la gélatine</Observations>
		<Origine>Don Faucher-Berhelé entré le 10/11/1978.</Origine>
		<Droits_Repro>Domaine public</Droits_Repro>
		<subject>GUERRE 1914-1918;</subject>
		<geoname>AMIENS (ville);SOMME (département);</geoname>
		<persname></persname>
		<corpname></corpname>
	</DocsFigures>
<DocsFigures>
		<Titre>Amiens. La Hotoie</Titre>
		<Analyse>Mlle M.-L. Delagarde au bord de l&apos;eau au parc de La Hotoie à Amiens (Somme).
1915. 
Guerre 1914-1918.</Analyse>
		<Realise_en>1915</Realise_en>
		<Liste_des_auteurs>BERTHELÉ, Raoul</Liste_des_auteurs>
		<Type_Doc>NEGATIF N&amp;B</Type_Doc>
		<Support>VERRE</Support>
		<Technique>Photographie stéréo</Technique>
		<Format>4,5 x 10,7 cm</Format>
		<Cote>49Fi281</Cote>
		<Observations>Difficultés pour décrypter l&apos;image.
Papier collé sur la gélatine.</Observations>
		<Origine>Don Faucher-Berhelé entré le 10/11/1978.</Origine>
		<Droits_Repro>Domaine public</Droits_Repro>
		<subject>GUERRE 1914-1918;</subject>
		<geoname>AMIENS (ville);SOMME (département);</geoname>
		<persname></persname>
		<corpname></corpname>
	</DocsFigures>
<DocsFigures>
		<Titre>Amiens. La Hotoie. Mlle Delagarde</Titre>
		<Analyse>Portrait en pied de Mlle M.-L. Delagarde au parc de la Hotoie à Amiens (Somme).
1915. 
Guerre 1914-1918.</Analyse>
		<Realise_en>1915</Realise_en>
		<Liste_des_auteurs>BERTHELÉ, Raoul</Liste_des_auteurs>
		<Type_Doc>NEGATIF N&amp;B</Type_Doc>
		<Support>VERRE</Support>
		<Technique>Photographie stéréo</Technique>
		<Format>4,5 x 10,7 cm</Format>
		<Cote>49Fi282</Cote>
		<Observations>Papier collé sur la gélatine.</Observations>
		<Origine>Don Faucher-Berhelé entré le 10/11/1978.</Origine>
		<Droits_Repro>Domaine public</Droits_Repro>
		<subject>GUERRE 1914-1918;</subject>
		<geoname>AMIENS (ville);SOMME (département);</geoname>
		<persname></persname>
		<corpname></corpname>
	</DocsFigures>
<DocsFigures>
		<Titre>Amiens. Biplan M. Farman. Mlle Delagarde</Titre>
		<Analyse>Mlle M.-L. Delagarde pose devant un avion biplan M. Farman dans un champ d&apos;aviation près d&apos;Amiens (Somme).
1915. 
Guerre 1914-1918.</Analyse>
		<Realise_en>1915</Realise_en>
		<Liste_des_auteurs>BERTHELÉ, Raoul</Liste_des_auteurs>
		<Type_Doc>NEGATIF N&amp;B</Type_Doc>
		<Support>VERRE</Support>
		<Technique>Photographie stéréo</Technique>
		<Format>4,5 x 10,7 cm</Format>
		<Cote>49Fi283</Cote>
		<Observations></Observations>
		<Origine>Don Faucher-Berhelé entré le 10/11/1978.</Origine>
		<Droits_Repro>Domaine public</Droits_Repro>
		<subject>GUERRE 1914-1918;</subject>
		<geoname>AMIENS (ville);SOMME (département);</geoname>
		<persname></persname>
		<corpname></corpname>
	</DocsFigures>
<DocsFigures>
		<Titre>Amiens. La Hotoie. Mlle Delagarde</Titre>
		<Analyse>Mlle M.-L. Delagarde au parc de la Hotoie à Amiens (Somme).
1915. 
Guerre 1914-1918.</Analyse>
		<Realise_en>1915</Realise_en>
		<Liste_des_auteurs>BERTHELÉ, Raoul</Liste_des_auteurs>
		<Type_Doc>NEGATIF N&amp;B</Type_Doc>
		<Support>VERRE</Support>
		<Technique>Photographie stéréo</Technique>
		<Format>4,5 x 10,7 cm</Format>
		<Cote>49Fi284</Cote>
		<Observations>Papier collé sur la gélatine.</Observations>
		<Origine>Don Faucher-Berhelé entré le 10/11/1978.</Origine>
		<Droits_Repro>Domaine public</Droits_Repro>
		<subject>GUERRE 1914-1918;</subject>
		<geoname>AMIENS (ville);SOMME (département);</geoname>
		<persname></persname>
		<corpname></corpname>
	</DocsFigures>
<DocsFigures>
		<Titre>[Deux femmes dans un jardin]</Titre>
		<Analyse>Portrait en pied de deux femmes dans un jardin clôturé par un haut mur de brique.
1915. 
Guerre 1914-1918.</Analyse>
		<Realise_en>1915</Realise_en>
		<Liste_des_auteurs>BERTHELÉ, Raoul</Liste_des_auteurs>
		<Type_Doc>NEGATIF N&amp;B</Type_Doc>
		<Support>VERRE</Support>
		<Technique>Photographie stéréo</Technique>
		<Format>4,5 x 10,7 cm</Format>
		<Cote>49Fi285</Cote>
		<Observations></Observations>
		<Origine>Don Faucher-Berhelé entré le 10/11/1978.</Origine>
		<Droits_Repro>Domaine public</Droits_Repro>
		<subject>FEMME;GUERRE 1914-1918;</subject>
		<geoname></geoname>
		<persname></persname>
		<corpname></corpname>
	</DocsFigures>
<DocsFigures>
		<Titre>Saleux. Mme Marthe P.</Titre>
		<Analyse>Portrait de Mme Marthe P. ouvrière à Saleux (Somme).
1915. 
Guerre 1914-1918.</Analyse>
		<Realise_en>1915</Realise_en>
		<Liste_des_auteurs>BERTHELÉ, Raoul</Liste_des_auteurs>
		<Type_Doc>NEGATIF N&amp;B</Type_Doc>
		<Support>VERRE</Support>
		<Technique>Photographie stéréo</Technique>
		<Format>4,5 x 10,7 cm</Format>
		<Cote>49Fi286</Cote>
		<Observations></Observations>
		<Origine>Don Faucher-Berhelé entré le 10/11/1978.</Origine>
		<Droits_Repro>Domaine public</Droits_Repro>
		<subject>GUERRE 1914-1918;</subject>
		<geoname>SALEUX (ville);SOMME (département);</geoname>
		<persname></persname>
		<corpname></corpname>
	</DocsFigures>
<DocsFigures>
		<Titre>[Femme au milieu d&apos;une place]</Titre>
		<Analyse>Vue d&apos;une ouvrière au milieu d&apos;une place plantée d&apos;arbre.
1915. 
Guerre 1914-1918.</Analyse>
		<Realise_en>1915</Realise_en>
		<Liste_des_auteurs>BERTHELÉ, Raoul</Liste_des_auteurs>
		<Type_Doc>NEGATIF N&amp;B</Type_Doc>
		<Support>VERRE</Support>
		<Technique>Photographie stéréo</Technique>
		<Format>4,5 x 10,7 cm</Format>
		<Cote>49Fi287</Cote>
		<Observations></Observations>
		<Origine>Don Faucher-Berhelé entré le 10/11/1978.</Origine>
		<Droits_Repro>Domaine public</Droits_Repro>
		<subject>FEMME;GUERRE 1914-1918;</subject>
		<geoname></geoname>
		<persname></persname>
		<corpname></corpname>
	</DocsFigures>
<DocsFigures>
		<Titre>Saleux. Mme Poiries</Titre>
		<Analyse>Portrait en pied de Mme Poiries ouvrière à Saleux (Somme).
1915. 
Guerre 1914-1918.</Analyse>
		<Realise_en>1915</Realise_en>
		<Liste_des_auteurs>BERTHELÉ, Raoul</Liste_des_auteurs>
		<Type_Doc>NEGATIF N&amp;B</Type_Doc>
		<Support>VERRE</Support>
		<Technique>Photographie stéréo</Technique>
		<Format>4,5 x 10,7 cm</Format>
		<Cote>49Fi288</Cote>
		<Observations></Observations>
		<Origine>Don Faucher-Berhelé entré le 10/11/1978.</Origine>
		<Droits_Repro>Domaine public</Droits_Repro>
		<subject>GUERRE 1914-1918;</subject>
		<geoname>SALEUX (ville);SOMME (département);</geoname>
		<persname></persname>
		<corpname></corpname>
	</DocsFigures>
<DocsFigures>
		<Titre>Saleux. Mlle Yrène D.</Titre>
		<Analyse>Saleux (Somme).
1915. Guerre 1914-1918.
Portrait de Mlle Yrène D. ouvrière. </Analyse>
		<Realise_en>1915</Realise_en>
		<Liste_des_auteurs>BERTHELÉ, Raoul</Liste_des_auteurs>
		<Type_Doc>NEGATIF N&amp;B</Type_Doc>
		<Support>VERRE</Support>
		<Technique>Photographie stéréo</Technique>
		<Format>4,5 x 10,7 cm</Format>
		<Cote>49Fi289</Cote>
		<Observations></Observations>
		<Origine>Don Faucher-Berhelé entré le 10/11/1978.</Origine>
		<Droits_Repro>Domaine public</Droits_Repro>
		<subject>GUERRE 1914-1918;</subject>
		<geoname>SALEUX (ville);SOMME (département);</geoname>
		<persname></persname>
		<corpname></corpname>
	</DocsFigures>
<DocsFigures>
		<Titre>Amiens. La Hotoie. Mlle Delagarde</Titre>
		<Analyse>Portrait en pied de Mlle M.-L. Delagarde au parc de la Hotoie  à Amiens (Somme).
1915. 
Guerre 1914-1918.</Analyse>
		<Realise_en>1915</Realise_en>
		<Liste_des_auteurs>BERTHELÉ, Raoul</Liste_des_auteurs>
		<Type_Doc>NEGATIF N&amp;B</Type_Doc>
		<Support>VERRE</Support>
		<Technique>Photographie stéréo</Technique>
		<Format>4,5 x 10,7 cm</Format>
		<Cote>49Fi290</Cote>
		<Observations></Observations>
		<Origine>Don Faucher-Berhelé entré le 10/11/1978.</Origine>
		<Droits_Repro>Domaine public</Droits_Repro>
		<subject>GUERRE 1914-1918;</subject>
		<geoname>AMIENS (ville);SOMME (département);</geoname>
		<persname></persname>
		<corpname></corpname>
	</DocsFigures>
<DocsFigures>
		<Titre>Amiens. Mlle M-L. Delagarde</Titre>
		<Analyse>Portrait en buste de Mlle M.-L. Delagarde à Amiens (Somme).
1915. 
Guerre 1914-1918.</Analyse>
		<Realise_en>1915</Realise_en>
		<Liste_des_auteurs>BERTHELÉ, Raoul</Liste_des_auteurs>
		<Type_Doc>NEGATIF N&amp;B</Type_Doc>
		<Support>VERRE</Support>
		<Technique>Photographie stéréo</Technique>
		<Format>4,5 x 10,7 cm</Format>
		<Cote>49Fi291</Cote>
		<Observations></Observations>
		<Origine>Don Faucher-Berhelé entré le 10/11/1978.</Origine>
		<Droits_Repro>Domaine public</Droits_Repro>
		<subject>GUERRE 1914-1918;</subject>
		<geoname>AMIENS (ville);SOMME (département);</geoname>
		<persname></persname>
		<corpname></corpname>
	</DocsFigures>
<DocsFigures>
		<Titre>Amiens. 15 rue Latour. Mlle Delagarde</Titre>
		<Analyse>Portrait en pied de Mlle M.-L. Delagarde au 15 rue Latour à Amiens (Somme).
1915. 
Guerre 1914-1918.</Analyse>
		<Realise_en>1915</Realise_en>
		<Liste_des_auteurs>BERTHELÉ, Raoul</Liste_des_auteurs>
		<Type_Doc>NEGATIF N&amp;B</Type_Doc>
		<Support>VERRE</Support>
		<Technique>Photographie stéréo</Technique>
		<Format>4,5 x 10,7 cm</Format>
		<Cote>49Fi292</Cote>
		<Observations></Observations>
		<Origine>Don Faucher-Berhelé entré le 10/11/1978.</Origine>
		<Droits_Repro>Domaine public</Droits_Repro>
		<subject>GUERRE 1914-1918;</subject>
		<geoname>AMIENS (ville);SOMME (département);</geoname>
		<persname></persname>
		<corpname></corpname>
	</DocsFigures>
<DocsFigures>
		<Titre>Amiens. En canot. Hortillonnage. Mlle Delagarde</Titre>
		<Analyse>Portrait de Mlle M.-L. Delagarde en canot dans un hortillonnage près d&apos;Amiens (Somme).
1915. 
Guerre 1914-1918.</Analyse>
		<Realise_en>1915</Realise_en>
		<Liste_des_auteurs>BERTHELÉ, Raoul</Liste_des_auteurs>
		<Type_Doc>NEGATIF N&amp;B</Type_Doc>
		<Support>VERRE</Support>
		<Technique>Photographie stéréo</Technique>
		<Format>4,5 x 10,7 cm</Format>
		<Cote>49Fi293</Cote>
		<Observations></Observations>
		<Origine>Don Faucher-Berhelé entré le 10/11/1978.</Origine>
		<Droits_Repro>Domaine public</Droits_Repro>
		<subject>GUERRE 1914-1918;</subject>
		<geoname>AMIENS (ville);SOMME (département);</geoname>
		<persname></persname>
		<corpname></corpname>
	</DocsFigures>
<DocsFigures>
		<Titre>Amiens. Jardin des plantes. Mlle Delagarde</Titre>
		<Analyse>Portrait en pied de Mlle M.-L. Delagarde au jardion des plantes à Amiens (Somme).
1915. 
Guerre 1914-1918.</Analyse>
		<Realise_en>1915</Realise_en>
		<Liste_des_auteurs>BERTHELÉ, Raoul</Liste_des_auteurs>
		<Type_Doc>NEGATIF N&amp;B</Type_Doc>
		<Support>VERRE</Support>
		<Technique>Photographie stéréo</Technique>
		<Format>4,5 x 10,7 cm</Format>
		<Cote>49Fi294</Cote>
		<Observations></Observations>
		<Origine>Don Faucher-Berhelé entré le 10/11/1978.</Origine>
		<Droits_Repro>Domaine public</Droits_Repro>
		<subject>GUERRE 1914-1918;</subject>
		<geoname>AMIENS (ville);SOMME (département);</geoname>
		<persname></persname>
		<corpname></corpname>
	</DocsFigures>
<DocsFigures>
		<Titre>Amiens. Profil de Mlle Delagarde</Titre>
		<Analyse>Portrait de profil à contre-jour de Mlle M.-L. Delagarde à Amiens (Somme).
1915. 
Guerre 1914-1918.</Analyse>
		<Realise_en>1915</Realise_en>
		<Liste_des_auteurs>BERTHELÉ, Raoul</Liste_des_auteurs>
		<Type_Doc>NEGATIF N&amp;B</Type_Doc>
		<Support>VERRE</Support>
		<Technique>Photographie stéréo</Technique>
		<Format>4,5 x 10,7 cm</Format>
		<Cote>49Fi295</Cote>
		<Observations></Observations>
		<Origine>Don Faucher-Berhelé entré le 10/11/1978.</Origine>
		<Droits_Repro>Domaine public</Droits_Repro>
		<subject>GUERRE 1914-1918;</subject>
		<geoname>AMIENS (ville);SOMME (département);</geoname>
		<persname></persname>
		<corpname></corpname>
	</DocsFigures>
<DocsFigures>
		<Titre>Amiens. En canot. Mlle Delagarde</Titre>
		<Analyse>Portrait de Mlle M.-L. Delagarde en canot à Amiens (Somme).
1915. 
Guerre 1914-1918.</Analyse>
		<Realise_en>1915</Realise_en>
		<Liste_des_auteurs>BERTHELÉ, Raoul</Liste_des_auteurs>
		<Type_Doc>NEGATIF N&amp;B</Type_Doc>
		<Support>VERRE</Support>
		<Technique>Photographie stéréo</Technique>
		<Format>4,5 x 10,7 cm</Format>
		<Cote>49Fi296</Cote>
		<Observations></Observations>
		<Origine>Don Faucher-Berhelé entré le 10/11/1978.</Origine>
		<Droits_Repro>Domaine public</Droits_Repro>
		<subject>GUERRE 1914-1918;</subject>
		<geoname>AMIENS (ville);SOMME (département);</geoname>
		<persname></persname>
		<corpname></corpname>
	</DocsFigures>
<DocsFigures>
		<Titre>Amiens. Hortillonnage. Mlle Delagarde</Titre>
		<Analyse>Portrait en pied de Mlle M.-L. Delagarde dans un hortillonnage près d&apos;Amiens (Somme).
1915. 
Guerre 1914-1918.</Analyse>
		<Realise_en>1915</Realise_en>
		<Liste_des_auteurs>BERTHELÉ, Raoul</Liste_des_auteurs>
		<Type_Doc>NEGATIF N&amp;B</Type_Doc>
		<Support>VERRE</Support>
		<Technique>Photographie stéréo</Technique>
		<Format>4,5 x 10,7 cm</Format>
		<Cote>49Fi297</Cote>
		<Observations></Observations>
		<Origine>Don Faucher-Berhelé entré le 10/11/1978.</Origine>
		<Droits_Repro>Domaine public</Droits_Repro>
		<subject>GUERRE 1914-1918;</subject>
		<geoname>AMIENS (ville);SOMME (département);</geoname>
		<persname></persname>
		<corpname></corpname>
	</DocsFigures>
<DocsFigures>
		<Titre>Amiens. Hortillonnage. Mlle Delagarde</Titre>
		<Analyse>Portrait en pied de Mlle M.-L. Delagarde au bord de l&apos;eau dans un hortillonnage près d&apos;Amiens (Somme).
1915. 
Guerre 1914-1918.</Analyse>
		<Realise_en>1915</Realise_en>
		<Liste_des_auteurs>BERTHELÉ, Raoul</Liste_des_auteurs>
		<Type_Doc>NEGATIF N&amp;B</Type_Doc>
		<Support>VERRE</Support>
		<Technique>Photographie stéréo</Technique>
		<Format>4,5 x 10,7 cm</Format>
		<Cote>49Fi298</Cote>
		<Observations></Observations>
		<Origine>Don Faucher-Berhelé entré le 10/11/1978.</Origine>
		<Droits_Repro>Domaine public</Droits_Repro>
		<subject>GUERRE 1914-1918;</subject>
		<geoname>AMIENS (ville);SOMME (département);</geoname>
		<persname></persname>
		<corpname></corpname>
	</DocsFigures>
<DocsFigures>
		<Titre>Amiens. Hortillonnage. Mlle Delagarde</Titre>
		<Analyse>Portrait de Mlle M.-L. Delagarde assise dans l&apos;herbe dans un hortillonnage près d&apos;Amiens (Somme).
1915. 
Guerre 1914-1918.</Analyse>
		<Realise_en>1915</Realise_en>
		<Liste_des_auteurs>BERTHELÉ, Raoul</Liste_des_auteurs>
		<Type_Doc>NEGATIF N&amp;B</Type_Doc>
		<Support>VERRE</Support>
		<Technique>Photographie stéréo</Technique>
		<Format>4,5 x 10,7 cm</Format>
		<Cote>49Fi299</Cote>
		<Observations></Observations>
		<Origine>Don Faucher-Berhelé entré le 10/11/1978.</Origine>
		<Droits_Repro>Domaine public</Droits_Repro>
		<subject>GUERRE 1914-1918;</subject>
		<geoname>AMIENS (ville);SOMME (département);</geoname>
		<persname></persname>
		<corpname></corpname>
	</DocsFigures>
<DocsFigures>
		<Titre>Amiens. Hortillonnage. Mlle Delagarde</Titre>
		<Analyse>Portrait de Mlle M.-L. Delagarde dans un arbre dans un hortillonnage près d&apos;Amiens (Somme).
1915. 
Guerre 1914-1918.</Analyse>
		<Realise_en>1915</Realise_en>
		<Liste_des_auteurs>BERTHELÉ, Raoul</Liste_des_auteurs>
		<Type_Doc>NEGATIF N&amp;B</Type_Doc>
		<Support>VERRE</Support>
		<Technique>Photographie stéréo</Technique>
		<Format>4,5 x 10,7 cm</Format>
		<Cote>49Fi300</Cote>
		<Observations></Observations>
		<Origine>Don Faucher-Berhelé entré le 10/11/1978.</Origine>
		<Droits_Repro>Domaine public</Droits_Repro>
		<subject>GUERRE 1914-1918;</subject>
		<geoname>AMIENS (ville);SOMME (département);</geoname>
		<persname></persname>
		<corpname></corpname>
	</DocsFigures>
<DocsFigures>
		<Titre>Amiens. Hortillonnage. Mlle Delagarde</Titre>
		<Analyse>Portrait en pied de Mlle M.-L. Delagarde au bord d&apos;un canal dans un hortillonnage près d&apos;Amiens (Somme).
1915. 
Guerre 1914-1918.</Analyse>
		<Realise_en>1915</Realise_en>
		<Liste_des_auteurs>BERTHELÉ, Raoul</Liste_des_auteurs>
		<Type_Doc>NEGATIF N&amp;B</Type_Doc>
		<Support>VERRE</Support>
		<Technique>Photographie stéréo</Technique>
		<Format>4,5 x 10,7 cm</Format>
		<Cote>49Fi301</Cote>
		<Observations></Observations>
		<Origine>Don Faucher-Berhelé entré le 10/11/1978.</Origine>
		<Droits_Repro>Domaine public</Droits_Repro>
		<subject>GUERRE 1914-1918;</subject>
		<geoname>AMIENS (ville);SOMME (département);</geoname>
		<persname></persname>
		<corpname></corpname>
	</DocsFigures>
<DocsFigures>
		<Titre>Amiens. En canot Mlle Delagarde</Titre>
		<Analyse>Portrait de Mlle M.-L. Delagarde en canot en train de ramer près d&apos;Amiens (Somme).
1915. 
Guerre 1914-1918.</Analyse>
		<Realise_en>1915</Realise_en>
		<Liste_des_auteurs>BERTHELÉ, Raoul</Liste_des_auteurs>
		<Type_Doc>NEGATIF N&amp;B</Type_Doc>
		<Support>VERRE</Support>
		<Technique>Photographie stéréo</Technique>
		<Format>4,5 x 10,7 cm</Format>
		<Cote>49Fi302</Cote>
		<Observations></Observations>
		<Origine>Don Faucher-Berhelé entré le 10/11/1978.</Origine>
		<Droits_Repro>Domaine public</Droits_Repro>
		<subject>GUERRE 1914-1918;</subject>
		<geoname>AMIENS (ville);SOMME (département);</geoname>
		<persname></persname>
		<corpname></corpname>
	</DocsFigures>
<DocsFigures>
		<Titre>Amiens. Mme Delagarde et R. Berthelé</Titre>
		<Analyse>Photo de Mlle M.-L. Delagarde et Raoul Berthelé au 15 rue Latour à Amiens (Somme).
1915. 
Guerre 1914-1918.</Analyse>
		<Realise_en>1915</Realise_en>
		<Liste_des_auteurs>BERTHELÉ, Raoul</Liste_des_auteurs>
		<Type_Doc>NEGATIF N&amp;B</Type_Doc>
		<Support>VERRE</Support>
		<Technique>Photographie stéréo</Technique>
		<Format>4,5 x 10,7 cm</Format>
		<Cote>49Fi303</Cote>
		<Observations></Observations>
		<Origine>Don Faucher-Berhelé entré le 10/11/1978.</Origine>
		<Droits_Repro>Domaine public</Droits_Repro>
		<subject>GUERRE 1914-1918;</subject>
		<geoname>AMIENS (ville);SOMME (département);</geoname>
		<persname>BERTHELE, Raoul;</persname>
		<corpname></corpname>
	</DocsFigures>
<DocsFigures>
		<Titre>Amiens. Mme Delagarde</Titre>
		<Analyse>Portrait en pied de Mlle M.-L. Delagarde au 15 rue Latour à Amiens (Somme).
1915. 
Guerre 1914-1918.</Analyse>
		<Realise_en>1915</Realise_en>
		<Liste_des_auteurs>BERTHELÉ, Raoul</Liste_des_auteurs>
		<Type_Doc>NEGATIF N&amp;B</Type_Doc>
		<Support>VERRE</Support>
		<Technique>Photographie stéréo</Technique>
		<Format>4,5 x 10,7 cm</Format>
		<Cote>49Fi304</Cote>
		<Observations></Observations>
		<Origine>Don Faucher-Berhelé entré le 10/11/1978.</Origine>
		<Droits_Repro>Domaine public</Droits_Repro>
		<subject>GUERRE 1914-1918;</subject>
		<geoname>AMIENS (ville);SOMME (département);</geoname>
		<persname></persname>
		<corpname></corpname>
	</DocsFigures>
<DocsFigures>
		<Titre>Amiens. Mlle M-L. Delagarde</Titre>
		<Analyse>Portrait en pied de Mlle M.-L. Delagarde à Amiens (Somme).
1915. 
Guerre 1914-1918.</Analyse>
		<Realise_en>1915</Realise_en>
		<Liste_des_auteurs>BERTHELÉ, Raoul</Liste_des_auteurs>
		<Type_Doc>NEGATIF N&amp;B</Type_Doc>
		<Support>VERRE</Support>
		<Technique>Photographie stéréo</Technique>
		<Format>4,5 x 10,7 cm</Format>
		<Cote>49Fi305</Cote>
		<Observations></Observations>
		<Origine>Don Faucher-Berhelé entré le 10/11/1978.</Origine>
		<Droits_Repro>Domaine public</Droits_Repro>
		<subject>GUERRE 1914-1918;</subject>
		<geoname>AMIENS (ville);SOMME (département);</geoname>
		<persname></persname>
		<corpname></corpname>
	</DocsFigures>
<DocsFigures>
		<Titre>Amiens. Mme Delagarde et Mlle Delagarde</Titre>
		<Analyse>Photo de Mme et Mlle Delagarde au 15 rue Latour à Amiens (Somme).
1915. 
Guerre 1914-1918.</Analyse>
		<Realise_en>1915</Realise_en>
		<Liste_des_auteurs>BERTHELÉ, Raoul</Liste_des_auteurs>
		<Type_Doc>NEGATIF N&amp;B</Type_Doc>
		<Support>VERRE</Support>
		<Technique>Photographie stéréo</Technique>
		<Format>4,5 x 10,7 cm</Format>
		<Cote>49Fi306</Cote>
		<Observations></Observations>
		<Origine>Don Faucher-Berhelé entré le 10/11/1978.</Origine>
		<Droits_Repro>Domaine public</Droits_Repro>
		<subject>GUERRE 1914-1918;</subject>
		<geoname>AMIENS (ville);SOMME (département);</geoname>
		<persname></persname>
		<corpname></corpname>
	</DocsFigures>
<DocsFigures>
		<Titre>Amiens. Mme Delagarde</Titre>
		<Analyse>Portrait en pied de Mme Delagarde au 15 rue Latour à Amiens (Somme).
1915. 
Guerre 1914-1918.</Analyse>
		<Realise_en>1915</Realise_en>
		<Liste_des_auteurs>BERTHELÉ, Raoul</Liste_des_auteurs>
		<Type_Doc>NEGATIF N&amp;B</Type_Doc>
		<Support>VERRE</Support>
		<Technique>Photographie stéréo</Technique>
		<Format>4,5 x 10,7 cm</Format>
		<Cote>49Fi307</Cote>
		<Observations></Observations>
		<Origine>Don Faucher-Berhelé entré le 10/11/1978.</Origine>
		<Droits_Repro>Domaine public</Droits_Repro>
		<subject>GUERRE 1914-1918;</subject>
		<geoname>AMIENS (ville);SOMME (département);</geoname>
		<persname></persname>
		<corpname></corpname>
	</DocsFigures>
<DocsFigures>
		<Titre>Amiens. Mlle Delagarde</Titre>
		<Analyse>Portrait en buste de Mlle Delagarde au 15 rue Latour à Amiens (Somme).
1915. 
Guerre 1914-1918.</Analyse>
		<Realise_en>1915</Realise_en>
		<Liste_des_auteurs>BERTHELÉ, Raoul</Liste_des_auteurs>
		<Type_Doc>NEGATIF N&amp;B</Type_Doc>
		<Support>VERRE</Support>
		<Technique>Photographie stéréo</Technique>
		<Format>4,5 x 10,7 cm</Format>
		<Cote>49Fi308</Cote>
		<Observations></Observations>
		<Origine>Don Faucher-Berhelé entré le 10/11/1978.</Origine>
		<Droits_Repro>Domaine public</Droits_Repro>
		<subject>GUERRE 1914-1918;</subject>
		<geoname>AMIENS (ville);SOMME (département);</geoname>
		<persname></persname>
		<corpname></corpname>
	</DocsFigures>
<DocsFigures>
		<Titre>Dieue. Bords du canal. Péniche coulée</Titre>
		<Analyse>Vue d&apos;ensemble d&apos;un péniche coulée dans un canal près de Dieue-sur-Meuse (Meuse).
Entre le 30 septembre 1916 et le 25 janvier 1917.
Guerre 1914-1918.</Analyse>
		<Realise_en></Realise_en>
		<Liste_des_auteurs>BERTHELÉ, Raoul</Liste_des_auteurs>
		<Type_Doc>NEGATIF N&amp;B</Type_Doc>
		<Support>VERRE</Support>
		<Technique>Photographie stéréo</Technique>
		<Format>4,5 x 10,7 cm</Format>
		<Cote>49Fi309</Cote>
		<Observations>Même cliché que le 49Fi1877/137</Observations>
		<Origine>Don Faucher-Berhelé entré le 10/11/1978.</Origine>
		<Droits_Repro>Domaine public</Droits_Repro>
		<subject>GUERRE 1914-1918;</subject>
		<geoname>DIEUE-SUR-MEUSE (village);MEUSE (département);</geoname>
		<persname></persname>
		<corpname></corpname>
	</DocsFigures>
<DocsFigures>
		<Titre>Laimont. Eglise intérieur</Titre>
		<Analyse>Vue de l&apos;intérieur de l&apos;église en ruines de Laimont (Meuse).
1916. 
Guerre 1914-1918.</Analyse>
		<Realise_en>1916</Realise_en>
		<Liste_des_auteurs>BERTHELÉ, Raoul</Liste_des_auteurs>
		<Type_Doc>NEGATIF N&amp;B</Type_Doc>
		<Support>VERRE</Support>
		<Technique>Photographie stéréo</Technique>
		<Format>4,5 x 10,7 cm</Format>
		<Cote>49Fi310</Cote>
		<Observations>Même cliché que les 49Fi334, 49Fi1739, 49Fi1745 et 49Fi1877/130.</Observations>
		<Origine>Don Faucher-Berhelé entré le 10/11/1978.</Origine>
		<Droits_Repro>Domaine public</Droits_Repro>
		<subject>EDIFICE CULTUEL;BIEN SINISTRE;SINISTRE;GUERRE 1914-1918;</subject>
		<geoname>LAIMONT (village);MEUSE (département);</geoname>
		<persname></persname>
		<corpname></corpname>
	</DocsFigures>
<DocsFigures>
		<Titre>Laimont. Eglise intérieur</Titre>
		<Analyse>Vue de l&apos;intérieur de l&apos;église en ruines de Laimont (Meuse).
1916. 
Guerre 1914-1918.</Analyse>
		<Realise_en>1916</Realise_en>
		<Liste_des_auteurs>BERTHELÉ, Raoul</Liste_des_auteurs>
		<Type_Doc>NEGATIF N&amp;B</Type_Doc>
		<Support>VERRE</Support>
		<Technique>Photographie stéréo</Technique>
		<Format>4,5 x 10,7 cm</Format>
		<Cote>49Fi311</Cote>
		<Observations>Même cliché que les 49Fi1595 et 49Fi1877/127.</Observations>
		<Origine>Don Faucher-Berhelé entré le 10/11/1978.</Origine>
		<Droits_Repro>Domaine public</Droits_Repro>
		<subject>EDIFICE CULTUEL;BIEN SINISTRE;SINISTRE;GUERRE 1914-1918;</subject>
		<geoname>LAIMONT (village);MEUSE (département);</geoname>
		<persname></persname>
		<corpname></corpname>
	</DocsFigures>
<DocsFigures>
		<Titre>Louppy-le-Petit [Louppy-sur-Chée]. Eglise</Titre>
		<Analyse>Vue d&apos;ensemble de l&apos;église de Louppy-sur-Chée (Meuse).
1916. 
Guerre 1914-1918.</Analyse>
		<Realise_en>1916</Realise_en>
		<Liste_des_auteurs>BERTHELÉ, Raoul</Liste_des_auteurs>
		<Type_Doc>NEGATIF N&amp;B</Type_Doc>
		<Support>VERRE</Support>
		<Technique>Photographie stéréo</Technique>
		<Format>4,5 x 10,7 cm</Format>
		<Cote>49Fi312</Cote>
		<Observations>Même cliché que le 49Fi1877/128</Observations>
		<Origine>Don Faucher-Berhelé entré le 10/11/1978.</Origine>
		<Droits_Repro>Domaine public</Droits_Repro>
		<subject>EDIFICE CULTUEL;BIEN SINISTRE;GUERRE 1914-1918;</subject>
		<geoname>LOUPPY-SUR-CHEE (hameau);MEUSE (département);LES HAUTS-DE-CHEE (village);</geoname>
		<persname></persname>
		<corpname></corpname>
	</DocsFigures>
<DocsFigures>
		<Titre>Louppy-le-Petit [Louppy-sur-Chée]. R. Berthelé</Titre>
		<Analyse>Vue d&apos;ensemble de Louppy-sur-Chée (Meuse).
1916. 
Guerre 1914-1918.
Au centre de la photo Raoul Berthelé.</Analyse>
		<Realise_en>1916</Realise_en>
		<Liste_des_auteurs>BERTHELÉ, Raoul</Liste_des_auteurs>
		<Type_Doc>NEGATIF N&amp;B</Type_Doc>
		<Support>VERRE</Support>
		<Technique>Photographie stéréo</Technique>
		<Format>4,5 x 10,7 cm</Format>
		<Cote>49Fi313</Cote>
		<Observations>Même cliché que le 49Fi1877/131</Observations>
		<Origine>Don Faucher-Berhelé entré le 10/11/1978.</Origine>
		<Droits_Repro>Domaine public</Droits_Repro>
		<subject>GUERRE 1914-1918;</subject>
		<geoname>MEUSE (département);LOUPPY-SUR-CHEE (hameau);LES HAUTS-DE-CHEE (village);</geoname>
		<persname>BERTHELE, Raoul;</persname>
		<corpname></corpname>
	</DocsFigures>
<DocsFigures>
		<Titre>Bar-le-Duc. Mlle Germaine</Titre>
		<Analyse>Portrait en buste de Mlle Germaine dans son salon à Bar-le-Duc (Meuse).
1916. 
Guerre 1914-1918.</Analyse>
		<Realise_en>1916</Realise_en>
		<Liste_des_auteurs>BERTHELÉ, Raoul</Liste_des_auteurs>
		<Type_Doc>NEGATIF N&amp;B</Type_Doc>
		<Support>VERRE</Support>
		<Technique>Photographie stéréo</Technique>
		<Format>4,5 x 10,7 cm</Format>
		<Cote>49Fi314</Cote>
		<Observations></Observations>
		<Origine>Don Faucher-Berhelé entré le 10/11/1978.</Origine>
		<Droits_Repro>Domaine public</Droits_Repro>
		<subject>GUERRE 1914-1918;</subject>
		<geoname>BAR-LE-DUC (ville);MEUSE (département);</geoname>
		<persname></persname>
		<corpname></corpname>
	</DocsFigures>
<DocsFigures>
		<Titre>Louppy-le-Petit [Louppy-sur-Chée]. Auto-canon de 37</Titre>
		<Analyse>Vue d&apos;ensemble d&apos;un auto-canon de 37 stationné à Louppy-sur-Chée (Meuse).
1916. 
Guerre 1914-1918.</Analyse>
		<Realise_en>1916</Realise_en>
		<Liste_des_auteurs>BERTHELÉ, Raoul</Liste_des_auteurs>
		<Type_Doc>NEGATIF N&amp;B</Type_Doc>
		<Support>VERRE</Support>
		<Technique>Photographie stéréo</Technique>
		<Format>4,5 x 10,7 cm</Format>
		<Cote>49Fi315</Cote>
		<Observations>Même cliché que le 49Fi1877/129</Observations>
		<Origine>Don Faucher-Berhelé entré le 10/11/1978.</Origine>
		<Droits_Repro>Domaine public</Droits_Repro>
		<subject>GUERRE 1914-1918;</subject>
		<geoname>MEUSE (département);LOUPPY-SUR-CHEE (hameau);LES HAUTS-DE-CHEE (village);</geoname>
		<persname></persname>
		<corpname></corpname>
	</DocsFigures>
<DocsFigures>
		<Titre>Louppy-le-Petit [Louppy-sur-Chée]. Auto-canon de 37</Titre>
		<Analyse>Détails d&apos;un auto-canon de 37 stationné à Louppy-sur-Chée (Meuse).
1916. 
Guerre 1914-1918.</Analyse>
		<Realise_en>1916</Realise_en>
		<Liste_des_auteurs>BERTHELÉ, Raoul</Liste_des_auteurs>
		<Type_Doc>NEGATIF N&amp;B</Type_Doc>
		<Support>VERRE</Support>
		<Technique>Photographie stéréo</Technique>
		<Format>4,5 x 10,7 cm</Format>
		<Cote>49Fi316</Cote>
		<Observations>Même cliché que le 49Fi1877/132</Observations>
		<Origine>Don Faucher-Berhelé entré le 10/11/1978.</Origine>
		<Droits_Repro>Domaine public</Droits_Repro>
		<subject>GUERRE 1914-1918;</subject>
		<geoname>MEUSE (département);LOUPPY-SUR-CHEE (hameau);LES HAUTS-DE-CHEE (village);</geoname>
		<persname></persname>
		<corpname></corpname>
	</DocsFigures>
<DocsFigures>
		<Titre>Mlle Germaine</Titre>
		<Analyse>Portrait en buste de Mlle Germaine dans son salon à Bar-le-Duc (Meuse).
1916. 
Guerre 1914-1918.</Analyse>
		<Realise_en>1916</Realise_en>
		<Liste_des_auteurs>BERTHELÉ, Raoul</Liste_des_auteurs>
		<Type_Doc>NEGATIF N&amp;B</Type_Doc>
		<Support>VERRE</Support>
		<Technique>Photographie stéréo</Technique>
		<Format>4,5 x 10,7 cm</Format>
		<Cote>49Fi317</Cote>
		<Observations></Observations>
		<Origine>Don Faucher-Berhelé entré le 10/11/1978.</Origine>
		<Droits_Repro>Domaine public</Droits_Repro>
		<subject>GUERRE 1914-1918;</subject>
		<geoname>BAR-LE-DUC (ville);MEUSE (département);</geoname>
		<persname></persname>
		<corpname></corpname>
	</DocsFigures>
<DocsFigures>
		<Titre>Mlle Germaine</Titre>
		<Analyse>Portrait en buste de Mlle Germaine dans son salon à Bar-le-Duc (Meuse).
1916. 
Guerre 1914-1918.</Analyse>
		<Realise_en>1916</Realise_en>
		<Liste_des_auteurs>BERTHELÉ, Raoul</Liste_des_auteurs>
		<Type_Doc>NEGATIF N&amp;B</Type_Doc>
		<Support>VERRE</Support>
		<Technique>Photographie stéréo</Technique>
		<Format>4,5 x 10,7 cm</Format>
		<Cote>49Fi318</Cote>
		<Observations></Observations>
		<Origine>Don Faucher-Berhelé entré le 10/11/1978.</Origine>
		<Droits_Repro>Domaine public</Droits_Repro>
		<subject>GUERRE 1914-1918;</subject>
		<geoname>BAR-LE-DUC (ville);MEUSE (département);</geoname>
		<persname></persname>
		<corpname></corpname>
	</DocsFigures>
<DocsFigures>
		<Titre>Dieue. Canal. Remorqueur</Titre>
		<Analyse>Vue d&apos;ensemble d&apos;un remorqueur sur un canal près de Dieue-sur-Meuse (Meuse).
Entre le 30 septembre 1916 et le 25 janvier 1917.
Guerre 1914-1918.</Analyse>
		<Realise_en></Realise_en>
		<Liste_des_auteurs>BERTHELÉ, Raoul</Liste_des_auteurs>
		<Type_Doc>NEGATIF N&amp;B</Type_Doc>
		<Support>VERRE</Support>
		<Technique>Photographie stéréo</Technique>
		<Format>4,5 x 10,7 cm</Format>
		<Cote>49Fi319</Cote>
		<Observations>Même cliché que le 49Fi1877/136</Observations>
		<Origine>Don Faucher-Berhelé entré le 10/11/1978.</Origine>
		<Droits_Repro>Domaine public</Droits_Repro>
		<subject>GUERRE 1914-1918;</subject>
		<geoname>DIEUE-SUR-MEUSE (village);MEUSE (département);</geoname>
		<persname></persname>
		<corpname></corpname>
	</DocsFigures>
<DocsFigures>
		<Titre>Dieue. Péniche. M. Pellegrin et M. Daumas</Titre>
		<Analyse>Photo de MM Daumas et Pellegrin posant sur une péniche près de Dieue-sur-Meuse (Meuse).
Entre le 30 septembre 1916 et le 25 janvier 1917.
Guerre 1914-1918.</Analyse>
		<Realise_en></Realise_en>
		<Liste_des_auteurs>BERTHELÉ, Raoul</Liste_des_auteurs>
		<Type_Doc>NEGATIF N&amp;B</Type_Doc>
		<Support>VERRE</Support>
		<Technique>Photographie stéréo</Technique>
		<Format>4,5 x 10,7 cm</Format>
		<Cote>49Fi320</Cote>
		<Observations>Même cliché que le 49Fi1877/134</Observations>
		<Origine>Don Faucher-Berhelé entré le 10/11/1978.</Origine>
		<Droits_Repro>Domaine public</Droits_Repro>
		<subject>GUERRE 1914-1918;</subject>
		<geoname>DIEUE-SUR-MEUSE (village);MEUSE (département);</geoname>
		<persname></persname>
		<corpname></corpname>
	</DocsFigures>
<DocsFigures>
		<Titre>Dieue. Meuse. Fils de fer barbelés</Titre>
		<Analyse>Vue d&apos;ensemble de fils de fer barbelés baignant dans les eaux de la Meuse suite à la sortie de son lit près de Dieue-sur-Meuse (Meuse).
Entre le 30 septembre 1916 et le 25 janvier 1917.
Guerre 1914-1918.</Analyse>
		<Realise_en></Realise_en>
		<Liste_des_auteurs>BERTHELÉ, Raoul</Liste_des_auteurs>
		<Type_Doc>NEGATIF N&amp;B</Type_Doc>
		<Support>VERRE</Support>
		<Technique>Photographie stéréo</Technique>
		<Format>4,5 x 10,7 cm</Format>
		<Cote>49Fi321</Cote>
		<Observations>Même cliché que le 49Fi1877/102</Observations>
		<Origine>Don Faucher-Berhelé entré le 10/11/1978.</Origine>
		<Droits_Repro>Domaine public</Droits_Repro>
		<subject>GUERRE 1914-1918;</subject>
		<geoname>DIEUE-SUR-MEUSE (village);MEUSE (département);</geoname>
		<persname></persname>
		<corpname></corpname>
	</DocsFigures>
<DocsFigures>
		<Titre>Dieue. Péniche sur le canal</Titre>
		<Analyse>Vue d&apos;ensemble d&apos;une péniche sur un canal près de Dieue-sur-Meuse (Meuse).
Entre le 30 septembre 1916 et le 25 janvier 1917.
Guerre 1914-1918.</Analyse>
		<Realise_en></Realise_en>
		<Liste_des_auteurs>BERTHELÉ, Raoul</Liste_des_auteurs>
		<Type_Doc>NEGATIF N&amp;B</Type_Doc>
		<Support>VERRE</Support>
		<Technique>Photographie stéréo</Technique>
		<Format>4,5 x 10,7 cm</Format>
		<Cote>49Fi322</Cote>
		<Observations>Même cliché que le 49Fi1877/133</Observations>
		<Origine>Don Faucher-Berhelé entré le 10/11/1978.</Origine>
		<Droits_Repro>Domaine public</Droits_Repro>
		<subject>GUERRE 1914-1918;</subject>
		<geoname>DIEUE-SUR-MEUSE (village);MEUSE (département);</geoname>
		<persname></persname>
		<corpname></corpname>
	</DocsFigures>
<DocsFigures>
		<Titre>Dieue. Passerelle sur la Meuse. Vue sur le village</Titre>
		<Analyse>Vue d&apos;ensemble du village de Dieue-sur-Meuse (Meuse) suite au débordement de la Meuse.
Entre le 30 septembre 1916 et le 25 janvier 1917.
Guerre 1914-1918.
Au premier plan vue de la passerelle qui traverse la rivière. </Analyse>
		<Realise_en></Realise_en>
		<Liste_des_auteurs>BERTHELÉ, Raoul</Liste_des_auteurs>
		<Type_Doc>NEGATIF N&amp;B</Type_Doc>
		<Support>VERRE</Support>
		<Technique>Photographie stéréo</Technique>
		<Format>4,5 x 10,7 cm</Format>
		<Cote>49Fi323</Cote>
		<Observations>Même cliché que les 49Fi671, 49Fi1603 et 49Fi1877/99.
La vue de droite est abimée.</Observations>
		<Origine>Don Faucher-Berhelé entré le 10/11/1978.</Origine>
		<Droits_Repro>Domaine public</Droits_Repro>
		<subject>GUERRE 1914-1918;</subject>
		<geoname>DIEUE-SUR-MEUSE (village);MEUSE (département);</geoname>
		<persname></persname>
		<corpname></corpname>
	</DocsFigures>
<DocsFigures>
		<Titre>Chardogne. Lavron. Bayol</Titre>
		<Analyse>Vue des militaires Bayol et Lavron posant à côté d&apos;un cheval à Chardogne (Meuse).
Novembre-décembre 1916. 
Guerre 1914-1918.</Analyse>
		<Realise_en>1916</Realise_en>
		<Liste_des_auteurs>BERTHELÉ, Raoul</Liste_des_auteurs>
		<Type_Doc>NEGATIF N&amp;B</Type_Doc>
		<Support>VERRE</Support>
		<Technique>Photographie stéréo</Technique>
		<Format>4,5 x 10,7 cm</Format>
		<Cote>49Fi324</Cote>
		<Observations>Même cliché que le 49Fi1819/1.</Observations>
		<Origine>Don Faucher-Berhelé entré le 10/11/1978.</Origine>
		<Droits_Repro>Domaine public</Droits_Repro>
		<subject>GUERRE 1914-1918;</subject>
		<geoname>CHARDOGNE (village);MEUSE (département);</geoname>
		<persname></persname>
		<corpname></corpname>
	</DocsFigures>
<DocsFigures>
		<Titre>Chardogne. Bayol</Titre>
		<Analyse>Vue du militaire Bayol posant à côté d&apos;un cheval à Chardogne (Meuse).
Novembre-décembre 1916. 
Guerre 1914-1918.</Analyse>
		<Realise_en>1916</Realise_en>
		<Liste_des_auteurs>BERTHELÉ, Raoul</Liste_des_auteurs>
		<Type_Doc>NEGATIF N&amp;B</Type_Doc>
		<Support>VERRE</Support>
		<Technique>Photographie stéréo</Technique>
		<Format>4,5 x 10,7 cm</Format>
		<Cote>49Fi325</Cote>
		<Observations>Même cliché que le 49Fi1819/2.</Observations>
		<Origine>Don Faucher-Berhelé entré le 10/11/1978.</Origine>
		<Droits_Repro>Domaine public</Droits_Repro>
		<subject>GUERRE 1914-1918;</subject>
		<geoname>CHARDOGNE (village);MEUSE (département);</geoname>
		<persname></persname>
		<corpname></corpname>
	</DocsFigures>
<DocsFigures>
		<Titre>Chardogne. R. Berthelé</Titre>
		<Analyse>Vue de Raoul Berthelé debout à côté d&apos;un cheval à Chardogne (Meuse).
Novembre-décembre 1916. 
Guerre 1914-1918.</Analyse>
		<Realise_en>1916</Realise_en>
		<Liste_des_auteurs>BERTHELÉ, Raoul</Liste_des_auteurs>
		<Type_Doc>NEGATIF N&amp;B</Type_Doc>
		<Support>VERRE</Support>
		<Technique>Photographie stéréo</Technique>
		<Format>4,5 x 10,7 cm</Format>
		<Cote>49Fi326</Cote>
		<Observations></Observations>
		<Origine>Don Faucher-Berhelé entré le 10/11/1978.</Origine>
		<Droits_Repro>Domaine public</Droits_Repro>
		<subject>GUERRE 1914-1918;</subject>
		<geoname>CHARDOGNE (village);MEUSE (département);</geoname>
		<persname>BERTHELE, Raoul;</persname>
		<corpname></corpname>
	</DocsFigures>
<DocsFigures>
		<Titre>Chardogne. Berthelé au coin du feu</Titre>
		<Analyse>Vue de Berthelé au coin du feu dans un bureau à Chardogne (Meuse).
Novembre-décembre 1916. 
Guerre 1914-1918.
Il utilise un soufflet pour raviver le feu.</Analyse>
		<Realise_en>1916</Realise_en>
		<Liste_des_auteurs>BERTHELÉ, Raoul</Liste_des_auteurs>
		<Type_Doc>NEGATIF N&amp;B</Type_Doc>
		<Support>VERRE</Support>
		<Technique>Photographie stéréo</Technique>
		<Format>4,5 x 10,7 cm</Format>
		<Cote>49Fi327</Cote>
		<Observations>Même cliché que le 49Fi1826/1.</Observations>
		<Origine>Don Faucher-Berhelé entré le 10/11/1978.</Origine>
		<Droits_Repro>Domaine public</Droits_Repro>
		<subject>GUERRE 1914-1918;</subject>
		<geoname>CHARDOGNE (village);MEUSE (département);</geoname>
		<persname></persname>
		<corpname></corpname>
	</DocsFigures>
<DocsFigures>
		<Titre>Chardogne. Bureau</Titre>
		<Analyse>Vue d&apos;officiers d&apos;administration travaillant dans un bureau à Chardogne (Meuse).
Novembre-décembre 1916. 
Guerre 1914-1918.</Analyse>
		<Realise_en>1916</Realise_en>
		<Liste_des_auteurs>BERTHELÉ, Raoul</Liste_des_auteurs>
		<Type_Doc>NEGATIF N&amp;B</Type_Doc>
		<Support>VERRE</Support>
		<Technique>Photographie stéréo</Technique>
		<Format>4,5 x 10,7 cm</Format>
		<Cote>49Fi328</Cote>
		<Observations>Même cliché que le 49Fi1826/2.</Observations>
		<Origine>Don Faucher-Berhelé entré le 10/11/1978.</Origine>
		<Droits_Repro>Domaine public</Droits_Repro>
		<subject>GUERRE 1914-1918;</subject>
		<geoname>CHARDOGNE (village);MEUSE (département);</geoname>
		<persname></persname>
		<corpname></corpname>
	</DocsFigures>
<DocsFigures>
		<Titre>Chardogne. R. Berthelé</Titre>
		<Analyse>Portrait en pied de Raoul Berthelé posant à côté d&apos;un cheval à Chardogne (Meuse).
Novembre-décembre 1916. 
Guerre 1914-1918.</Analyse>
		<Realise_en>1916</Realise_en>
		<Liste_des_auteurs>BERTHELÉ, Raoul</Liste_des_auteurs>
		<Type_Doc>NEGATIF N&amp;B</Type_Doc>
		<Support>VERRE</Support>
		<Technique>Photographie stéréo</Technique>
		<Format>4,5 x 10,7 cm</Format>
		<Cote>49Fi329</Cote>
		<Observations></Observations>
		<Origine>Don Faucher-Berhelé entré le 10/11/1978.</Origine>
		<Droits_Repro>Domaine public</Droits_Repro>
		<subject>GUERRE 1914-1918;</subject>
		<geoname>CHARDOGNE (village);MEUSE (département);</geoname>
		<persname>BERTHELE, Raoul;</persname>
		<corpname></corpname>
	</DocsFigures>
<DocsFigures>
		<Titre>Chardogne. Mme Dargent</Titre>
		<Analyse>Portrait de Mme Dargent posant à côté d&apos;un cheval à Chardogne (Meuse).
Novembre-décembre 1916. 
Guerre 1914-1918.</Analyse>
		<Realise_en>1916</Realise_en>
		<Liste_des_auteurs>BERTHELÉ, Raoul</Liste_des_auteurs>
		<Type_Doc>NEGATIF N&amp;B</Type_Doc>
		<Support>VERRE</Support>
		<Technique>Photographie stéréo</Technique>
		<Format>4,5 x 10,7 cm</Format>
		<Cote>49Fi330</Cote>
		<Observations></Observations>
		<Origine>Don Faucher-Berhelé entré le 10/11/1978.</Origine>
		<Droits_Repro>Domaine public</Droits_Repro>
		<subject>GUERRE 1914-1918;</subject>
		<geoname>CHARDOGNE (village);MEUSE (département);</geoname>
		<persname></persname>
		<corpname></corpname>
	</DocsFigures>
<DocsFigures>
		<Titre>Chardogne. Mme Dargent</Titre>
		<Analyse>Portrait de Mme Dargent posant à côté d&apos;une vache dans la cour d&apos;une ferme à Chardogne (Meuse).
Novembre-décembre 1916. 
Guerre 1914-1918.</Analyse>
		<Realise_en>1916</Realise_en>
		<Liste_des_auteurs>BERTHELÉ, Raoul</Liste_des_auteurs>
		<Type_Doc>NEGATIF N&amp;B</Type_Doc>
		<Support>VERRE</Support>
		<Technique>Photographie stéréo</Technique>
		<Format>4,5 x 10,7 cm</Format>
		<Cote>49Fi331</Cote>
		<Observations></Observations>
		<Origine>Don Faucher-Berhelé entré le 10/11/1978.</Origine>
		<Droits_Repro>Domaine public</Droits_Repro>
		<subject>GUERRE 1914-1918;</subject>
		<geoname>CHARDOGNE (village);MEUSE (département);</geoname>
		<persname></persname>
		<corpname></corpname>
	</DocsFigures>
<DocsFigures>
		<Titre>Chardogne. Mme Dargent</Titre>
		<Analyse>Vue de Mme Dargent en train de traire un vache dans la cour d&apos;une ferme à Chardogne (Meuse).
Novembre-décembre 1916. 
Guerre 1914-1918.</Analyse>
		<Realise_en>1916</Realise_en>
		<Liste_des_auteurs>BERTHELÉ, Raoul</Liste_des_auteurs>
		<Type_Doc>NEGATIF N&amp;B</Type_Doc>
		<Support>VERRE</Support>
		<Technique>Photographie stéréo</Technique>
		<Format>4,5 x 10,7 cm</Format>
		<Cote>49Fi332</Cote>
		<Observations></Observations>
		<Origine>Don Faucher-Berhelé entré le 10/11/1978.</Origine>
		<Droits_Repro>Domaine public</Droits_Repro>
		<subject>GUERRE 1914-1918;</subject>
		<geoname>CHARDOGNE (village);MEUSE (département);</geoname>
		<persname></persname>
		<corpname></corpname>
	</DocsFigures>
<DocsFigures>
		<Titre>Bar-le-Duc. Canal des usines. 18/10/16</Titre>
		<Analyse>&quot;f: 4,5, t:1/5 d&apos;h, (par la pluie)&quot;
Vue du canal des usines de Bar-le-Duc (Meuse).
18 octobre 1916. 
Guerre 1914-1918.
L&apos;auteur de la photo précise la focale et le temps de pose.</Analyse>
		<Realise_en>1916</Realise_en>
		<Liste_des_auteurs>BERTHELÉ, Raoul</Liste_des_auteurs>
		<Type_Doc>Positif N&amp;B</Type_Doc>
		<Support>VERRE</Support>
		<Technique>Photographie stéréo</Technique>
		<Format>4,5 x 10,7 cm</Format>
		<Cote>49Fi333</Cote>
		<Observations></Observations>
		<Origine>Don Faucher-Berhelé entré le 10/11/1978.</Origine>
		<Droits_Repro>Domaine public</Droits_Repro>
		<subject>GUERRE 1914-1918;</subject>
		<geoname>BAR-LE-DUC (ville);MEUSE (département);</geoname>
		<persname></persname>
		<corpname></corpname>
	</DocsFigures>
<DocsFigures>
		<Titre>Laimont. Intérieur de l&apos;église</Titre>
		<Analyse>Vue de l&apos;intérieur de l&apos;église en ruines de Laimont (Meuse).
1916. 
Guerre 1914-1918.</Analyse>
		<Realise_en>1916</Realise_en>
		<Liste_des_auteurs>BERTHELÉ, Raoul</Liste_des_auteurs>
		<Type_Doc>Positif N&amp;B</Type_Doc>
		<Support>VERRE</Support>
		<Technique>Photographie stéréo</Technique>
		<Format>4,5 x 10,7 cm</Format>
		<Cote>49Fi334</Cote>
		<Observations>Même cliché que les 49Fi310, 49Fi1739, 49Fi1745 et 49Fi1877/130.</Observations>
		<Origine>Don Faucher-Berhelé entré le 10/11/1978.</Origine>
		<Droits_Repro>Domaine public</Droits_Repro>
		<subject>EDIFICE CULTUEL;BIEN SINISTRE;SINISTRE;GUERRE 1914-1918;</subject>
		<geoname>LAIMONT (village);MEUSE (département);</geoname>
		<persname></persname>
		<corpname></corpname>
	</DocsFigures>
<DocsFigures>
		<Titre>Rembercourt. Intérieur de l&apos;église</Titre>
		<Analyse>Vue de l&apos;intérieur de l&apos;église de Rembercourt-aux-Pots (Meuse).
Octobre-novembre 1916. 
Guerre 1914-1918.</Analyse>
		<Realise_en>1916</Realise_en>
		<Liste_des_auteurs>BERTHELÉ, Raoul</Liste_des_auteurs>
		<Type_Doc>Positif N&amp;B</Type_Doc>
		<Support>VERRE</Support>
		<Technique>Photographie stéréo</Technique>
		<Format>4,5 x 10,7 cm</Format>
		<Cote>49Fi335</Cote>
		<Observations>Même cliché que les 49Fi664 et 1877/110.</Observations>
		<Origine>Don Faucher-Berhelé entré le 10/11/1978.</Origine>
		<Droits_Repro>Domaine public</Droits_Repro>
		<subject>EDIFICE CULTUEL;BIEN SINISTRE;GUERRE 1914-1918;</subject>
		<geoname>REMBERCOURT-AUX-POTS (hameau);MEUSE (département);REMBERCOURT-SOMMAISNE (village);</geoname>
		<persname></persname>
		<corpname></corpname>
	</DocsFigures>
<DocsFigures>
		<Titre>Fains. Bord de l&apos;Ornain. R. Berthelé</Titre>
		<Analyse>Raoul Berthelé en uniforme posant au bord de l&apos;Ornain à Fains-les-Sources (Meuse).
1916.
Guerre 1914-1918.</Analyse>
		<Realise_en>1916</Realise_en>
		<Liste_des_auteurs>BERTHELÉ, Raoul</Liste_des_auteurs>
		<Type_Doc>Positif N&amp;B</Type_Doc>
		<Support>VERRE</Support>
		<Technique>Photographie stéréo</Technique>
		<Format>4,5 x 10,7 cm</Format>
		<Cote>49Fi336</Cote>
		<Observations>Même cliché que les 49Fi444, 49Fi1828 et 49Fi1877/90.</Observations>
		<Origine>Don Faucher-Berhelé entré le 10/11/1978.</Origine>
		<Droits_Repro>Domaine public</Droits_Repro>
		<subject>GUERRE 1914-1918;</subject>
		<geoname>FAINS-VEEL (ville);MEUSE (département);FAINS-LES-SOURCES (hameau);</geoname>
		<persname>BERTHELE, Raoul;</persname>
		<corpname></corpname>
	</DocsFigures>
<DocsFigures>
		<Titre>Rembercourt. Eglise</Titre>
		<Analyse>Vue d&apos;ensemble de l&apos;église de Rembercourt-aux-Pots (Meuse).
Octobre-novembre 1916. 
Guerre 1914-1918.</Analyse>
		<Realise_en>1916</Realise_en>
		<Liste_des_auteurs>BERTHELÉ, Raoul</Liste_des_auteurs>
		<Type_Doc>Positif N&amp;B</Type_Doc>
		<Support>VERRE</Support>
		<Technique>Photographie stéréo</Technique>
		<Format>4,5 x 10,7 cm</Format>
		<Cote>49Fi337</Cote>
		<Observations>Même cliché que les 49Fi439, 49Fi1590 et 49Fi1877/109.</Observations>
		<Origine>Don Faucher-Berhelé entré le 10/11/1978.</Origine>
		<Droits_Repro>Domaine public</Droits_Repro>
		<subject>EDIFICE CULTUEL;BIEN SINISTRE;GUERRE 1914-1918;</subject>
		<geoname>REMBERCOURT-AUX-POTS (hameau);MEUSE (département);REMBERCOURT-SOMMAISNE (village);</geoname>
		<persname></persname>
		<corpname></corpname>
	</DocsFigures>
<DocsFigures>
		<Titre>Rembercourt. Eglise et cimetière</Titre>
		<Analyse>Vue d&apos;ensemble du cimetière et de l&apos;église en ruines de Rembercourt-aux-Pots (Meuse).
Octobre-novembre 1916. 
Guerre 1914-1918.</Analyse>
		<Realise_en>1916</Realise_en>
		<Liste_des_auteurs>BERTHELÉ, Raoul</Liste_des_auteurs>
		<Type_Doc>Positif N&amp;B</Type_Doc>
		<Support>VERRE</Support>
		<Technique>Photographie stéréo</Technique>
		<Format>4,5 x 10,7 cm</Format>
		<Cote>49Fi338</Cote>
		<Observations>Même cliché que les 49Fi443 et 49Fi1877/111.</Observations>
		<Origine>Don Faucher-Berhelé entré le 10/11/1978.</Origine>
		<Droits_Repro>Domaine public</Droits_Repro>
		<subject>EDIFICE CULTUEL;BIEN SINISTRE;CIMETIERE;SINISTRE;GUERRE 1914-1918;</subject>
		<geoname>REMBERCOURT-AUX-POTS (hameau);REMBERCOURT-SOMMAISNE (village);MEUSE (département);</geoname>
		<persname></persname>
		<corpname></corpname>
	</DocsFigures>
<DocsFigures>
		<Titre>Rampont. Canon de 400 (culasse)</Titre>
		<Analyse>Vue d&apos;ensemble d&apos;un canon de calibre 400 à Rampont (Meuse).
22 octobre 1916. 
Guerre 1914-1918.
On peut voir la culasse du canon (pièce d&apos;acier destinée à assurer l&apos;obturation de l&apos;orifice postérieur du canon).</Analyse>
		<Realise_en>1916</Realise_en>
		<Liste_des_auteurs>BERTHELÉ, Raoul</Liste_des_auteurs>
		<Type_Doc>Positif N&amp;B</Type_Doc>
		<Support>VERRE</Support>
		<Technique>Photographie stéréo</Technique>
		<Format>4,5 x 10,7 cm</Format>
		<Cote>49Fi339</Cote>
		<Observations>Même cliché que les 49Fi659, 49Fi1591 et 49Fi1877/107.</Observations>
		<Origine>Don Faucher-Berhelé entré le 10/11/1978.</Origine>
		<Droits_Repro>Domaine public</Droits_Repro>
		<subject>GUERRE 1914-1918;</subject>
		<geoname>SOUHESMES-RAMPONT (LES) (village);MEUSE (département);RAMPONT (hameau);</geoname>
		<persname></persname>
		<corpname></corpname>
	</DocsFigures>
<DocsFigures>
		<Titre>Chardogne. Pont</Titre>
		<Analyse>Chardogne (Meuse).
Novembre-décembre 1916. Guerre 1914-1918.
Vue de Raoul Berthelé posant au milieu d&apos;un pont.
Sur la gauche un homme portant une pelle sur l&apos;épaule.</Analyse>
		<Realise_en>1916</Realise_en>
		<Liste_des_auteurs>BERTHELÉ, Raoul</Liste_des_auteurs>
		<Type_Doc>Positif N&amp;B</Type_Doc>
		<Support>VERRE</Support>
		<Technique>Photographie stéréo</Technique>
		<Format>4,5 x 10,7 cm</Format>
		<Cote>49Fi340</Cote>
		<Observations>Même cliché que les 49Fi442, 49Fi1598 et 49Fi1877/119.</Observations>
		<Origine>Don Faucher-Berhelé entré le 10/11/1978.</Origine>
		<Droits_Repro>Domaine public</Droits_Repro>
		<subject>GUERRE 1914-1918;</subject>
		<geoname>CHARDOGNE (village);MEUSE (département);</geoname>
		<persname>BERTHELE, Raoul;</persname>
		<corpname></corpname>
	</DocsFigures>
<DocsFigures>
		<Titre>Bar-le-Duc. Canal des usines. 18/10/16</Titre>
		<Analyse>&quot;f: 4,5, t:1/5 d&apos;h, (par la pluie)&quot;
Vue du canal des usines de Bar-le-Duc (Meuse).
18 octobre 1916. 
Guerre 1914-1918.
L&apos;auteur de la photo précise la focale et le temps de pose.</Analyse>
		<Realise_en>1916</Realise_en>
		<Liste_des_auteurs>BERTHELÉ, Raoul</Liste_des_auteurs>
		<Type_Doc>Positif N&amp;B</Type_Doc>
		<Support>VERRE</Support>
		<Technique>Photographie stéréo</Technique>
		<Format>4,5 x 10,7 cm</Format>
		<Cote>49Fi341</Cote>
		<Observations></Observations>
		<Origine>Don Faucher-Berhelé entré le 10/11/1978.</Origine>
		<Droits_Repro>Domaine public</Droits_Repro>
		<subject>GUERRE 1914-1918;</subject>
		<geoname>BAR-LE-DUC (ville);MEUSE (département);</geoname>
		<persname></persname>
		<corpname></corpname>
	</DocsFigures>
<DocsFigures>
		<Titre>Chardogne. Clair de lune. 9/11/1916</Titre>
		<Analyse>&quot;f: 4,5, pose: 40 mins&quot;
Vue de Chardogne (Meuse) au clair de lune. 
9 novembre Novembre-décembre 1916. 
Guerre 1914-1918.
L&apos;auteur de la photo précise la focale et le temps de pose.</Analyse>
		<Realise_en>1916</Realise_en>
		<Liste_des_auteurs>BERTHELÉ, Raoul</Liste_des_auteurs>
		<Type_Doc>Positif N&amp;B</Type_Doc>
		<Support>VERRE</Support>
		<Technique>Photographie stéréo</Technique>
		<Format>4,5 x 10,7 cm</Format>
		<Cote>49Fi342</Cote>
		<Observations>Même cliché que les 49Fi445 et 49Fi1877/118.</Observations>
		<Origine>Don Faucher-Berhelé entré le 10/11/1978.</Origine>
		<Droits_Repro>Domaine public</Droits_Repro>
		<subject>GUERRE 1914-1918;</subject>
		<geoname>CHARDOGNE (village);MEUSE (département);</geoname>
		<persname></persname>
		<corpname></corpname>
	</DocsFigures>
<DocsFigures>
		<Titre>Chardogne. R. Berthelé</Titre>
		<Analyse>Vue de Raoul Berthelé lisant une lettre sur les bords d&apos;une rivière à Chardogne (Meuse).
Novembre-décembre 1916. 
Guerre 1914-1918.</Analyse>
		<Realise_en>1916</Realise_en>
		<Liste_des_auteurs>BERTHELÉ, Raoul</Liste_des_auteurs>
		<Type_Doc>Positif N&amp;B</Type_Doc>
		<Support>VERRE</Support>
		<Technique>Photographie stéréo</Technique>
		<Format>4,5 x 10,7 cm</Format>
		<Cote>49Fi343</Cote>
		<Observations>Même cliché que le 49Fi440.</Observations>
		<Origine>Don Faucher-Berhelé entré le 10/11/1978.</Origine>
		<Droits_Repro>Domaine public</Droits_Repro>
		<subject>GUERRE 1914-1918;</subject>
		<geoname>CHARDOGNE (village);MEUSE (département);</geoname>
		<persname>BERTHELE, Raoul;</persname>
		<corpname></corpname>
	</DocsFigures>
<DocsFigures>
		<Titre>Rembercourt. Intérieur de l&apos;église</Titre>
		<Analyse>Vue du choeur de l&apos;église de Rembercourt-aux-Pots (Meuse).
Octobre-novembre 1916. 
Guerre 1914-1918.</Analyse>
		<Realise_en>1916</Realise_en>
		<Liste_des_auteurs>BERTHELÉ, Raoul</Liste_des_auteurs>
		<Type_Doc>Positif N&amp;B</Type_Doc>
		<Support>VERRE</Support>
		<Technique>Photographie stéréo</Technique>
		<Format>4,5 x 10,7 cm</Format>
		<Cote>49Fi344</Cote>
		<Observations>Même cliché que les 49Fi663 et 49Fi1877/113.</Observations>
		<Origine>Don Faucher-Berhelé entré le 10/11/1978.</Origine>
		<Droits_Repro>Domaine public</Droits_Repro>
		<subject>EDIFICE CULTUEL;BIEN SINISTRE;GUERRE 1914-1918;</subject>
		<geoname>REMBERCOURT-AUX-POTS (hameau);MEUSE (département);REMBERCOURT-SOMMAISNE (village);</geoname>
		<persname></persname>
		<corpname></corpname>
	</DocsFigures>
<DocsFigures>
		<Titre>Behonne. Mlle Jeanne Liger</Titre>
		<Analyse>Portrait en pied de Mlle Jeanne Liger à Behonne (Meuse).
1916. 
Guerre 1914-1918.</Analyse>
		<Realise_en>1916</Realise_en>
		<Liste_des_auteurs>BERTHELÉ, Raoul</Liste_des_auteurs>
		<Type_Doc>NEGATIF N&amp;B</Type_Doc>
		<Support>VERRE</Support>
		<Technique>Photographie stéréo</Technique>
		<Format>4,5 x 10,7 cm</Format>
		<Cote>49Fi345</Cote>
		<Observations></Observations>
		<Origine>Don Faucher-Berhelé entré le 10/11/1978.</Origine>
		<Droits_Repro>Domaine public</Droits_Repro>
		<subject>GUERRE 1914-1918;</subject>
		<geoname>BEHONNE (village);MEUSE (département);</geoname>
		<persname></persname>
		<corpname></corpname>
	</DocsFigures>
<DocsFigures>
		<Titre>Behonne. Mlle Jeanne Liger</Titre>
		<Analyse>Portrait de Mlle Jeanne Liger assise dans l&apos;herbe à Behonne (Meuse).
1916. 
Guerre 1914-1918.</Analyse>
		<Realise_en>1916</Realise_en>
		<Liste_des_auteurs>BERTHELÉ, Raoul</Liste_des_auteurs>
		<Type_Doc>NEGATIF N&amp;B</Type_Doc>
		<Support>VERRE</Support>
		<Technique>Photographie stéréo</Technique>
		<Format>4,5 x 10,7 cm</Format>
		<Cote>49Fi346</Cote>
		<Observations></Observations>
		<Origine>Don Faucher-Berhelé entré le 10/11/1978.</Origine>
		<Droits_Repro>Domaine public</Droits_Repro>
		<subject>GUERRE 1914-1918;</subject>
		<geoname>BEHONNE (village);MEUSE (département);</geoname>
		<persname></persname>
		<corpname></corpname>
	</DocsFigures>
<DocsFigures>
		<Titre>Behonne. Mlle Jeanne Liger</Titre>
		<Analyse>Portrait de Mlle Jeanne Liger assise sur un manteau à Behonne (Meuse).
1916. 
Guerre 1914-1918.</Analyse>
		<Realise_en>1916</Realise_en>
		<Liste_des_auteurs>BERTHELÉ, Raoul</Liste_des_auteurs>
		<Type_Doc>NEGATIF N&amp;B</Type_Doc>
		<Support>VERRE</Support>
		<Technique>Photographie stéréo</Technique>
		<Format>4,5 x 10,7 cm</Format>
		<Cote>49Fi347</Cote>
		<Observations></Observations>
		<Origine>Don Faucher-Berhelé entré le 10/11/1978.</Origine>
		<Droits_Repro>Domaine public</Droits_Repro>
		<subject>GUERRE 1914-1918;</subject>
		<geoname>BEHONNE (village);MEUSE (département);</geoname>
		<persname></persname>
		<corpname></corpname>
	</DocsFigures>
<DocsFigures>
		<Titre>Behonne. R. Berthelé</Titre>
		<Analyse>Portrait en pied de Raoul Berthelé dans un sous-bois à Behonne (Meuse).
1916. 
Guerre 1914-1918.</Analyse>
		<Realise_en>1916</Realise_en>
		<Liste_des_auteurs>BERTHELÉ, Raoul</Liste_des_auteurs>
		<Type_Doc>NEGATIF N&amp;B</Type_Doc>
		<Support>VERRE</Support>
		<Technique>Photographie stéréo</Technique>
		<Format>4,5 x 10,7 cm</Format>
		<Cote>49Fi348</Cote>
		<Observations>Même cliché que le 49Fi1877/89</Observations>
		<Origine>Don Faucher-Berhelé entré le 10/11/1978.</Origine>
		<Droits_Repro>Domaine public</Droits_Repro>
		<subject>GUERRE 1914-1918;</subject>
		<geoname>BEHONNE (village);MEUSE (département);</geoname>
		<persname>BERTHELE, Raoul;</persname>
		<corpname></corpname>
	</DocsFigures>
<DocsFigures>
		<Titre>Behonne. Sous-bois. R. Berthelé</Titre>
		<Analyse>Portrait de Raoul Berthelé assis contre un arbre dans un sous-bois à Behonne (Meuse).
1916. 
Guerre 1914-1918.</Analyse>
		<Realise_en>1916</Realise_en>
		<Liste_des_auteurs>BERTHELÉ, Raoul</Liste_des_auteurs>
		<Type_Doc>NEGATIF N&amp;B</Type_Doc>
		<Support>VERRE</Support>
		<Technique>Photographie stéréo</Technique>
		<Format>4,5 x 10,7 cm</Format>
		<Cote>49Fi349</Cote>
		<Observations>Même cliché que le 49Fi1877/86</Observations>
		<Origine>Don Faucher-Berhelé entré le 10/11/1978.</Origine>
		<Droits_Repro>Domaine public</Droits_Repro>
		<subject>GUERRE 1914-1918;</subject>
		<geoname>BEHONNE (village);MEUSE (département);</geoname>
		<persname>BERTHELE, Raoul;</persname>
		<corpname></corpname>
	</DocsFigures>
<DocsFigures>
		<Titre>Behonne. Sous-bois. R. Berthelé</Titre>
		<Analyse>Portrait de Raoul Berthelé assis contre un arbre dans un sous-bois à Behonne (Meuse).
1916. 
Guerre 1914-1918.</Analyse>
		<Realise_en>1916</Realise_en>
		<Liste_des_auteurs>BERTHELÉ, Raoul</Liste_des_auteurs>
		<Type_Doc>NEGATIF N&amp;B</Type_Doc>
		<Support>VERRE</Support>
		<Technique>Photographie stéréo</Technique>
		<Format>4,5 x 10,7 cm</Format>
		<Cote>49Fi350</Cote>
		<Observations></Observations>
		<Origine>Don Faucher-Berhelé entré le 10/11/1978.</Origine>
		<Droits_Repro>Domaine public</Droits_Repro>
		<subject>GUERRE 1914-1918;</subject>
		<geoname>BEHONNE (village);MEUSE (département);</geoname>
		<persname>BERTHELE, Raoul;</persname>
		<corpname></corpname>
	</DocsFigures>
<DocsFigures>
		<Titre>Autrecourt. Pugnet escadrille V.114</Titre>
		<Analyse>Portrait de M. Pugnet de l&apos;escadrille V.114 près d&apos;Autrecourt-sur-Aire (Meuse).
1916. 
Guerre 1914-1918.</Analyse>
		<Realise_en>1916</Realise_en>
		<Liste_des_auteurs>BERTHELÉ, Raoul</Liste_des_auteurs>
		<Type_Doc>NEGATIF N&amp;B</Type_Doc>
		<Support>VERRE</Support>
		<Technique>Photographie stéréo</Technique>
		<Format>4,5 x 10,7 cm</Format>
		<Cote>49Fi351</Cote>
		<Observations>Même cliché que le 49Fi1877/88</Observations>
		<Origine>Don Faucher-Berhelé entré le 10/11/1978.</Origine>
		<Droits_Repro>Domaine public</Droits_Repro>
		<subject>GUERRE 1914-1918;</subject>
		<geoname>AUTRECOURT-SUR-AIRE (village);MEUSE (département);</geoname>
		<persname></persname>
		<corpname></corpname>
	</DocsFigures>
<DocsFigures>
		<Titre>Autrecourt. Escadr. V.114. Voisins sous Bessoneau [?]</Titre>
		<Analyse>Un avion (Voisin) de l&apos;escadrille V.114 garé dans un hangar à Autrecourt-sur-Aire (Meuse).
1916. 
Guerre 1914-1918.</Analyse>
		<Realise_en>1916</Realise_en>
		<Liste_des_auteurs>BERTHELÉ, Raoul</Liste_des_auteurs>
		<Type_Doc>NEGATIF N&amp;B</Type_Doc>
		<Support>VERRE</Support>
		<Technique>Photographie stéréo</Technique>
		<Format>4,5 x 10,7 cm</Format>
		<Cote>49Fi352</Cote>
		<Observations>Même cliché que le 49Fi1877/85</Observations>
		<Origine>Don Faucher-Berhelé entré le 10/11/1978.</Origine>
		<Droits_Repro>Domaine public</Droits_Repro>
		<subject>GARE;GUERRE 1914-1918;</subject>
		<geoname>AUTRECOURT-SUR-AIRE (village);MEUSE (département);</geoname>
		<persname></persname>
		<corpname></corpname>
	</DocsFigures>
<DocsFigures>
		<Titre>Lanvrecourt [Landrecourt]. Dépôt de munitions</Titre>
		<Analyse>Vue d&apos;ensemble d&apos;un dépôt de munitions à Landrecourt (Meuse).
1916. 
Guerre 1914-1918.</Analyse>
		<Realise_en>1916</Realise_en>
		<Liste_des_auteurs>BERTHELÉ, Raoul</Liste_des_auteurs>
		<Type_Doc>NEGATIF N&amp;B</Type_Doc>
		<Support>VERRE</Support>
		<Technique>Photographie stéréo</Technique>
		<Format>4,5 x 10,7 cm</Format>
		<Cote>49Fi353</Cote>
		<Observations>Même cliché que le 49Fi1877/84</Observations>
		<Origine>Don Faucher-Berhelé entré le 10/11/1978.</Origine>
		<Droits_Repro>Domaine public</Droits_Repro>
		<subject>GUERRE 1914-1918;</subject>
		<geoname>MEUSE (département);LANDRECOURT (hameau);LANDRECOURT-LEMPIRE (village);</geoname>
		<persname></persname>
		<corpname></corpname>
	</DocsFigures>
<DocsFigures>
		<Titre>Bar-le-Duc. L&apos;Ornain</Titre>
		<Analyse>Vue de la rivière de l&apos;Ornain prise depuis un pont à Bar-le-Duc (Meuse).
1916. 
Guerre 1914-1918.</Analyse>
		<Realise_en>1916</Realise_en>
		<Liste_des_auteurs>BERTHELÉ, Raoul</Liste_des_auteurs>
		<Type_Doc>NEGATIF N&amp;B</Type_Doc>
		<Support>VERRE</Support>
		<Technique>Photographie stéréo</Technique>
		<Format>4,5 x 10,7 cm</Format>
		<Cote>49Fi354</Cote>
		<Observations>Même cliché que les 49Fi1594 et 49Fi1877/78.</Observations>
		<Origine>Don Faucher-Berhelé entré le 10/11/1978.</Origine>
		<Droits_Repro>Domaine public</Droits_Repro>
		<subject>GUERRE 1914-1918;</subject>
		<geoname>BAR-LE-DUC (ville);MEUSE (département);</geoname>
		<persname></persname>
		<corpname></corpname>
	</DocsFigures>
<DocsFigures>
		<Titre>Bois de Lavoye. Sous-bois</Titre>
		<Analyse>Vue d&apos;un sous-bois avec une mare dans le bois de Lavoye (Meuse).
1916. 
Guerre 1914-1918.</Analyse>
		<Realise_en>1916</Realise_en>
		<Liste_des_auteurs>BERTHELÉ, Raoul</Liste_des_auteurs>
		<Type_Doc>NEGATIF N&amp;B</Type_Doc>
		<Support>VERRE</Support>
		<Technique>Photographie stéréo</Technique>
		<Format>4,5 x 10,7 cm</Format>
		<Cote>49Fi355</Cote>
		<Observations>Même cliché que le 49Fi1877/81</Observations>
		<Origine>Don Faucher-Berhelé entré le 10/11/1978.</Origine>
		<Droits_Repro>Domaine public</Droits_Repro>
		<subject>GUERRE 1914-1918;</subject>
		<geoname>MEUSE (département);LAVOYE (village);</geoname>
		<persname></persname>
		<corpname></corpname>
	</DocsFigures>
<DocsFigures>
		<Titre>Fleury. Escadrille V.114. Nouveau Voisin. R. B.</Titre>
		<Analyse>Raoul Berthelé pose devant un avion (nouveau Voisin) appartenant à l&apos;escadrille V.114 à Fleury-sur-Aire (Meuse).
1916. 
Guerre 1914-1918.</Analyse>
		<Realise_en>1916</Realise_en>
		<Liste_des_auteurs>BERTHELÉ, Raoul</Liste_des_auteurs>
		<Type_Doc>NEGATIF N&amp;B</Type_Doc>
		<Support>FILM</Support>
		<Technique>Photographie stéréo</Technique>
		<Format>4,5 x 10,7 cm</Format>
		<Cote>49Fi356</Cote>
		<Observations></Observations>
		<Origine>Don Faucher-Berhelé entré le 10/11/1978.</Origine>
		<Droits_Repro>Domaine public</Droits_Repro>
		<subject>GUERRE 1914-1918;</subject>
		<geoname>FLEURY-SUR-AIRE (hameau);MEUSE (département);NUBECOURT (village);</geoname>
		<persname>BERTHELE, Raoul;</persname>
		<corpname></corpname>
	</DocsFigures>
<DocsFigures>
		<Titre>Fleury. Escadrille V.114. Nouveau Voisin</Titre>
		<Analyse>Vue d&apos;ensemble d&apos;un avion (nouveau Voisin) de l&apos;escadrille V.114 basée à Fleury-sur-Aire (Meuse).
1916. 
Guerre 1914-1918.</Analyse>
		<Realise_en>1916</Realise_en>
		<Liste_des_auteurs>BERTHELÉ, Raoul</Liste_des_auteurs>
		<Type_Doc>NEGATIF N&amp;B</Type_Doc>
		<Support>FILM</Support>
		<Technique>Photographie stéréo</Technique>
		<Format>4,5 x 10,7 cm</Format>
		<Cote>49Fi357</Cote>
		<Observations></Observations>
		<Origine>Don Faucher-Berhelé entré le 10/11/1978.</Origine>
		<Droits_Repro>Domaine public</Droits_Repro>
		<subject>GUERRE 1914-1918;</subject>
		<geoname>FLEURY-SUR-AIRE (hameau);MEUSE (département);NUBECOURT (village);</geoname>
		<persname></persname>
		<corpname></corpname>
	</DocsFigures>
<DocsFigures>
		<Titre>Fleury. R. Berthelé</Titre>
		<Analyse>Photo de Raoul Berthelé observant le ciel avec des jumelles à Fleury-sur-Aire (Meuse).
1916. 
Guerre 1914-1918.</Analyse>
		<Realise_en>1916</Realise_en>
		<Liste_des_auteurs>BERTHELÉ, Raoul</Liste_des_auteurs>
		<Type_Doc>NEGATIF N&amp;B</Type_Doc>
		<Support>FILM</Support>
		<Technique>Photographie stéréo</Technique>
		<Format>4,5 x 10,7 cm</Format>
		<Cote>49Fi358</Cote>
		<Observations></Observations>
		<Origine>Don Faucher-Berhelé entré le 10/11/1978.</Origine>
		<Droits_Repro>Domaine public</Droits_Repro>
		<subject>GUERRE 1914-1918;</subject>
		<geoname>FLEURY-SUR-AIRE (hameau);MEUSE (département);NUBECOURT (village);</geoname>
		<persname>BERTHELE, Raoul;</persname>
		<corpname></corpname>
	</DocsFigures>
<DocsFigures>
		<Titre>Fleury. R. Berthelé</Titre>
		<Analyse>Photo de Raoul Berthelé en train de lire un document devant une tente à Fleury-sur-Aire (Meuse).
1916. 
Guerre 1914-1918.</Analyse>
		<Realise_en>1916</Realise_en>
		<Liste_des_auteurs>BERTHELÉ, Raoul</Liste_des_auteurs>
		<Type_Doc>NEGATIF N&amp;B</Type_Doc>
		<Support>FILM</Support>
		<Technique>Photographie stéréo</Technique>
		<Format>4,5 x 10,7 cm</Format>
		<Cote>49Fi359</Cote>
		<Observations></Observations>
		<Origine>Don Faucher-Berhelé entré le 10/11/1978.</Origine>
		<Droits_Repro>Domaine public</Droits_Repro>
		<subject>GUERRE 1914-1918;</subject>
		<geoname>FLEURY-SUR-AIRE (hameau);MEUSE (département);NUBECOURT (village);</geoname>
		<persname>BERTHELE, Raoul;</persname>
		<corpname></corpname>
	</DocsFigures>
<DocsFigures>
		<Titre>Fleury. R. Berthelé</Titre>
		<Analyse>Photo de Raoul Berthelé observant le ciel avec des jumelles à Fleury-sur-Aire (Meuse).
1916. 
Guerre 1914-1918.</Analyse>
		<Realise_en>1916</Realise_en>
		<Liste_des_auteurs>BERTHELÉ, Raoul</Liste_des_auteurs>
		<Type_Doc>NEGATIF N&amp;B</Type_Doc>
		<Support>FILM</Support>
		<Technique>Photographie stéréo</Technique>
		<Format>4,5 x 10,7 cm</Format>
		<Cote>49Fi360</Cote>
		<Observations></Observations>
		<Origine>Don Faucher-Berhelé entré le 10/11/1978.</Origine>
		<Droits_Repro>Domaine public</Droits_Repro>
		<subject>GUERRE 1914-1918;</subject>
		<geoname>FLEURY-SUR-AIRE (hameau);MEUSE (département);NUBECOURT (village);</geoname>
		<persname>BERTHELE, Raoul;</persname>
		<corpname></corpname>
	</DocsFigures>
<DocsFigures>
		<Titre>Fleury. Hôpital</Titre>
		<Analyse>Vue d&apos;ensemble de l&apos;hôpital d&apos;évacuation de Fleury-sur-Aire (Meuse).
1916. 
Guerre 1914-1918.</Analyse>
		<Realise_en>1916</Realise_en>
		<Liste_des_auteurs>BERTHELÉ, Raoul</Liste_des_auteurs>
		<Type_Doc>NEGATIF N&amp;B</Type_Doc>
		<Support>FILM</Support>
		<Technique>Photographie stéréo</Technique>
		<Format>4,5 x 10,7 cm</Format>
		<Cote>49Fi361</Cote>
		<Observations></Observations>
		<Origine>Don Faucher-Berhelé entré le 10/11/1978.</Origine>
		<Droits_Repro>Domaine public</Droits_Repro>
		<subject>SERVICE SANITAIRE MILITAIRE;GUERRE 1914-1918;</subject>
		<geoname>FLEURY-SUR-AIRE (hameau);MEUSE (département);NUBECOURT (village);</geoname>
		<persname></persname>
		<corpname></corpname>
	</DocsFigures>
<DocsFigures>
		<Titre>Fleury. R. B.</Titre>
		<Analyse>Photo de Raoul Berthelé en train de lire un document devant une tente à Fleury-sur-Aire (Meuse).
1916. 
Guerre 1914-1918.</Analyse>
		<Realise_en>1916</Realise_en>
		<Liste_des_auteurs>BERTHELÉ, Raoul</Liste_des_auteurs>
		<Type_Doc>NEGATIF N&amp;B</Type_Doc>
		<Support>FILM</Support>
		<Technique>Photographie stéréo</Technique>
		<Format>4,5 x 10,7 cm</Format>
		<Cote>49Fi362</Cote>
		<Observations></Observations>
		<Origine>Don Faucher-Berhelé entré le 10/11/1978.</Origine>
		<Droits_Repro>Domaine public</Droits_Repro>
		<subject>GUERRE 1914-1918;</subject>
		<geoname>FLEURY-SUR-AIRE (hameau);MEUSE (département);NUBECOURT (village);</geoname>
		<persname>BERTHELE, Raoul;</persname>
		<corpname></corpname>
	</DocsFigures>
<DocsFigures>
		<Titre>Fleury. R. B.</Titre>
		<Analyse>Photo de Raoul Berthelé en train de lire un document devant une tente à Fleury-sur-Aire (Meuse).
1916. 
Guerre 1914-1918.</Analyse>
		<Realise_en>1916</Realise_en>
		<Liste_des_auteurs>BERTHELÉ, Raoul</Liste_des_auteurs>
		<Type_Doc>NEGATIF N&amp;B</Type_Doc>
		<Support>FILM</Support>
		<Technique>Photographie stéréo</Technique>
		<Format>4,5 x 10,7 cm</Format>
		<Cote>49Fi363</Cote>
		<Observations></Observations>
		<Origine>Don Faucher-Berhelé entré le 10/11/1978.</Origine>
		<Droits_Repro>Domaine public</Droits_Repro>
		<subject>GUERRE 1914-1918;</subject>
		<geoname>MEUSE (département);FLEURY-SUR-AIRE (hameau);NUBECOURT (village);</geoname>
		<persname>BERTHELE, Raoul;</persname>
		<corpname></corpname>
	</DocsFigures>
<DocsFigures>
		<Titre>Salsogne. En Aisne. Vue d&apos;ensemble</Titre>
		<Analyse>Vue d&apos;ensemble du village de Ciry-Salsogne (Aisne).
1917. 
Guerre 1914-1918.</Analyse>
		<Realise_en>1917</Realise_en>
		<Liste_des_auteurs>BERTHELÉ, Raoul</Liste_des_auteurs>
		<Type_Doc>NEGATIF N&amp;B</Type_Doc>
		<Support>VERRE</Support>
		<Technique>Photographie stéréo</Technique>
		<Format>4,5 x 10,7 cm</Format>
		<Cote>49Fi364</Cote>
		<Observations></Observations>
		<Origine>Don Faucher-Berhelé entré le 10/11/1978.</Origine>
		<Droits_Repro>Domaine public</Droits_Repro>
		<subject>GUERRE 1914-1918;</subject>
		<geoname>AISNE (département);CIRY-SALSOGNE (village);</geoname>
		<persname></persname>
		<corpname></corpname>
	</DocsFigures>
<DocsFigures>
		<Titre>Bucy-le-Long. La gare</Titre>
		<Analyse>Vue de la gare de Bucy-le-Long (Aisne) détruite par un bombardement.
1917. 
Guerre 1914-1918.</Analyse>
		<Realise_en>1917</Realise_en>
		<Liste_des_auteurs>BERTHELÉ, Raoul</Liste_des_auteurs>
		<Type_Doc>NEGATIF N&amp;B</Type_Doc>
		<Support>VERRE</Support>
		<Technique>Photographie stéréo</Technique>
		<Format>4,5 x 10,7 cm</Format>
		<Cote>49Fi365</Cote>
		<Observations></Observations>
		<Origine>Don Faucher-Berhelé entré le 10/11/1978.</Origine>
		<Droits_Repro>Domaine public</Droits_Repro>
		<subject>GARE;BIEN SINISTRE;LIGNE DE CHEMIN DE FER;GUERRE 1914-1918;</subject>
		<geoname>AISNE (département);BUCY-LE-LONG (village);</geoname>
		<persname></persname>
		<corpname></corpname>
	</DocsFigures>
<DocsFigures>
		<Titre>Ambrief. Capitaines Colarvet et Cesari</Titre>
		<Analyse>Les capitaines Colarvet et Césari posent avec leurs chiens près d&apos;Ambrief (Aisne).
1917. 
Guerre 1914-1918.</Analyse>
		<Realise_en>1917</Realise_en>
		<Liste_des_auteurs>BERTHELÉ, Raoul</Liste_des_auteurs>
		<Type_Doc>NEGATIF N&amp;B</Type_Doc>
		<Support>VERRE</Support>
		<Technique>Photographie stéréo</Technique>
		<Format>4,5 x 10,7 cm</Format>
		<Cote>49Fi366</Cote>
		<Observations></Observations>
		<Origine>Don Faucher-Berhelé entré le 10/11/1978.</Origine>
		<Droits_Repro>Domaine public</Droits_Repro>
		<subject>GUERRE 1914-1918;</subject>
		<geoname>AISNE (département);AMBRIEF (village);</geoname>
		<persname></persname>
		<corpname></corpname>
	</DocsFigures>
<DocsFigures>
		<Titre>Ambrief. Capitaine Colarvet et Cesari</Titre>
		<Analyse>Les capitaines Colarvet et Césari posent avec leurs chiens près d&apos;Ambrief (Aisne).
1917. 
Guerre 1914-1918.</Analyse>
		<Realise_en>1917</Realise_en>
		<Liste_des_auteurs>BERTHELÉ, Raoul</Liste_des_auteurs>
		<Type_Doc>NEGATIF N&amp;B</Type_Doc>
		<Support>VERRE</Support>
		<Technique>Photographie stéréo</Technique>
		<Format>4,5 x 10,7 cm</Format>
		<Cote>49Fi367</Cote>
		<Observations></Observations>
		<Origine>Don Faucher-Berhelé entré le 10/11/1978.</Origine>
		<Droits_Repro>Domaine public</Droits_Repro>
		<subject>GUERRE 1914-1918;</subject>
		<geoname>AISNE (département);AMBRIEF (village);</geoname>
		<persname></persname>
		<corpname></corpname>
	</DocsFigures>
<DocsFigures>
		<Titre>Sous la Perrière. Train de 19. Cdt. de Chaumont</Titre>
		<Analyse>Vue du commandant de Chaumont entouré de militaires devant un wagon de train de 19 stationné à Sous-la-Perrière (Aisne).
1917. 
Guerre 1914-1918.</Analyse>
		<Realise_en>1917</Realise_en>
		<Liste_des_auteurs>BERTHELÉ, Raoul</Liste_des_auteurs>
		<Type_Doc>NEGATIF N&amp;B</Type_Doc>
		<Support>VERRE</Support>
		<Technique>Photographie stéréo</Technique>
		<Format>4,5 x 10,7 cm</Format>
		<Cote>49Fi368</Cote>
		<Observations></Observations>
		<Origine>Don Faucher-Berhelé entré le 10/11/1978.</Origine>
		<Droits_Repro>Domaine public</Droits_Repro>
		<subject>GUERRE 1914-1918;</subject>
		<geoname>AISNE (département);SOUS-LA-PERRIERE (lieu-dit);</geoname>
		<persname></persname>
		<corpname></corpname>
	</DocsFigures>
<DocsFigures>
		<Titre>Ambrief. Chienne du capitaine Césari</Titre>
		<Analyse>Photo de la chienne du capitaine Césari et un petit chien blanc à Ambrief (Aisne).
1917. 
Guerre 1914-1918.
Elle est tenue en laisse; au second plan une tente militaire.</Analyse>
		<Realise_en>1917</Realise_en>
		<Liste_des_auteurs>BERTHELÉ, Raoul</Liste_des_auteurs>
		<Type_Doc>NEGATIF N&amp;B</Type_Doc>
		<Support>VERRE</Support>
		<Technique>Photographie stéréo</Technique>
		<Format>4,5 x 10,7 cm</Format>
		<Cote>49Fi369</Cote>
		<Observations></Observations>
		<Origine>Don Faucher-Berhelé entré le 10/11/1978.</Origine>
		<Droits_Repro>Domaine public</Droits_Repro>
		<subject>GUERRE 1914-1918;</subject>
		<geoname>AISNE (département);AMBRIEF (village);</geoname>
		<persname></persname>
		<corpname></corpname>
	</DocsFigures>
<DocsFigures>
		<Titre>Sous la Perrière. Groupe Astor. Pièce de 194</Titre>
		<Analyse>Sous-la-Perrière Vue d&apos;ensemble d&apos;une pièce de calibre 194 appartenant au groupe Astor basé à Sous-la-Perrière (Aisne).
1917. 
Guerre 1914-1918.</Analyse>
		<Realise_en>1917</Realise_en>
		<Liste_des_auteurs>BERTHELÉ, Raoul</Liste_des_auteurs>
		<Type_Doc>NEGATIF N&amp;B</Type_Doc>
		<Support>VERRE</Support>
		<Technique>Photographie stéréo</Technique>
		<Format>4,5 x 10,7 cm</Format>
		<Cote>49Fi370</Cote>
		<Observations></Observations>
		<Origine>Don Faucher-Berhelé entré le 10/11/1978.</Origine>
		<Droits_Repro>Domaine public</Droits_Repro>
		<subject>GUERRE 1914-1918;</subject>
		<geoname>AISNE (département);SOUS-LA-PERRIERE (lieu-dit);</geoname>
		<persname></persname>
		<corpname></corpname>
	</DocsFigures>
<DocsFigures>
		<Titre>Brenelle. Ferme de Monthussard. DCA 129. Pièce de 75</Titre>
		<Analyse>&quot;Lieut. Disserteune&quot;.
Le Lieutenant Disserteune pose près d&apos;une pièce de calibre 75 de la DCA 129 à la ferme de Monthussard près de Brenelle (Aisne).
1917. 
Guerre 1914-1918.</Analyse>
		<Realise_en>1917</Realise_en>
		<Liste_des_auteurs>BERTHELÉ, Raoul</Liste_des_auteurs>
		<Type_Doc>NEGATIF N&amp;B</Type_Doc>
		<Support>VERRE</Support>
		<Technique>Photographie stéréo</Technique>
		<Format>4,5 x 10,7 cm</Format>
		<Cote>49Fi371</Cote>
		<Observations></Observations>
		<Origine>Don Faucher-Berhelé entré le 10/11/1978.</Origine>
		<Droits_Repro>Domaine public</Droits_Repro>
		<subject>GUERRE 1914-1918;</subject>
		<geoname>AISNE (département);BRENELLE (village);</geoname>
		<persname></persname>
		<corpname></corpname>
	</DocsFigures>
<DocsFigures>
		<Titre>Soucy. Poste de guet (DCA)</Titre>
		<Analyse>Vue d&apos;ensemble d&apos;un poste de guet de la DCA (défense contre les aéronefs) près de Soucy (Aisne).
1917. 
Guerre 1914-1918.</Analyse>
		<Realise_en>1917</Realise_en>
		<Liste_des_auteurs>BERTHELÉ, Raoul</Liste_des_auteurs>
		<Type_Doc>NEGATIF N&amp;B</Type_Doc>
		<Support>VERRE</Support>
		<Technique>Photographie stéréo</Technique>
		<Format>4,5 x 10,7 cm</Format>
		<Cote>49Fi372</Cote>
		<Observations></Observations>
		<Origine>Don Faucher-Berhelé entré le 10/11/1978.</Origine>
		<Droits_Repro>Domaine public</Droits_Repro>
		<subject>GUERRE 1914-1918;</subject>
		<geoname>AISNE (département);SOUCY (village);</geoname>
		<persname></persname>
		<corpname></corpname>
	</DocsFigures>
<DocsFigures>
		<Titre>Soucy. Boeufs à la herse</Titre>
		<Analyse>Vue d&apos;un paysan en train de labourer un champ avec une herse tirée par des boeufs près de Soucy (Aisne).
1917. 
Guerre 1914-1918.</Analyse>
		<Realise_en>1917</Realise_en>
		<Liste_des_auteurs>BERTHELÉ, Raoul</Liste_des_auteurs>
		<Type_Doc>NEGATIF N&amp;B</Type_Doc>
		<Support>VERRE</Support>
		<Technique>Photographie stéréo</Technique>
		<Format>4,5 x 10,7 cm</Format>
		<Cote>49Fi373</Cote>
		<Observations></Observations>
		<Origine>Don Faucher-Berhelé entré le 10/11/1978.</Origine>
		<Droits_Repro>Domaine public</Droits_Repro>
		<subject>GUERRE 1914-1918;</subject>
		<geoname>AISNE (département);SOUCY (village);</geoname>
		<persname></persname>
		<corpname></corpname>
	</DocsFigures>
<DocsFigures>
		<Titre>Berzy. 27/07/1917. R. B. Bain dans la Grise [Crise]</Titre>
		<Analyse>Raoul Berthelé se baignant dans la Crise près de Berzy-le-Sec (Aisne).
27 juillet 1917. 
Guerre 1914-1918.</Analyse>
		<Realise_en>1917</Realise_en>
		<Liste_des_auteurs>BERTHELÉ, Raoul</Liste_des_auteurs>
		<Type_Doc>NEGATIF N&amp;B</Type_Doc>
		<Support>VERRE</Support>
		<Technique>Photographie stéréo</Technique>
		<Format>4,5 x 10,7 cm</Format>
		<Cote>49Fi374</Cote>
		<Observations></Observations>
		<Origine>Don Faucher-Berhelé entré le 10/11/1978.</Origine>
		<Droits_Repro>Domaine public</Droits_Repro>
		<subject>GUERRE 1914-1918;</subject>
		<geoname>BERZY-LE-SEC (village);AISNE (département);</geoname>
		<persname>BERTHELE, Raoul;</persname>
		<corpname></corpname>
	</DocsFigures>
<DocsFigures>
		<Titre>Brenelle. Repérage de drachens</Titre>
		<Analyse>Poste de repérage de drachens (ballons cerf-volants) près de Brenelle (Aisne).
1917. 
Guerre 1914-1918.</Analyse>
		<Realise_en>1917</Realise_en>
		<Liste_des_auteurs>BERTHELÉ, Raoul</Liste_des_auteurs>
		<Type_Doc>NEGATIF N&amp;B</Type_Doc>
		<Support>VERRE</Support>
		<Technique>Photographie stéréo</Technique>
		<Format>4,5 x 10,7 cm</Format>
		<Cote>49Fi375</Cote>
		<Observations></Observations>
		<Origine>Don Faucher-Berhelé entré le 10/11/1978.</Origine>
		<Droits_Repro>Domaine public</Droits_Repro>
		<subject>GUERRE 1914-1918;</subject>
		<geoname>AISNE (département);BRENELLE (village);</geoname>
		<persname></persname>
		<corpname></corpname>
	</DocsFigures>
<DocsFigures>
		<Titre>Berzy. 27/07/1917. X. de Massia. Bain dans la Grise [Crise]</Titre>
		<Analyse>X. de Massia se baignant dans la Crise près de Berzy-le-Sec (Aisne).
27 juillet 1917. 
Guerre 1914-1918.</Analyse>
		<Realise_en>1917</Realise_en>
		<Liste_des_auteurs>BERTHELÉ, Raoul</Liste_des_auteurs>
		<Type_Doc>NEGATIF N&amp;B</Type_Doc>
		<Support>VERRE</Support>
		<Technique>Photographie stéréo</Technique>
		<Format>4,5 x 10,7 cm</Format>
		<Cote>49Fi376</Cote>
		<Observations></Observations>
		<Origine>Don Faucher-Berhelé entré le 10/11/1978.</Origine>
		<Droits_Repro>Domaine public</Droits_Repro>
		<subject>GUERRE 1914-1918;</subject>
		<geoname>BERZY-LE-SEC (village);AISNE (département);</geoname>
		<persname></persname>
		<corpname></corpname>
	</DocsFigures>
<DocsFigures>
		<Titre>Ambrief. Capitaine Colard</Titre>
		<Analyse>Le capitaine Colard dans une voiture avec deux autres capitaines près d&apos;Ambrief (Aisne).
1917. 
Guerre 1914-1918.</Analyse>
		<Realise_en>1917</Realise_en>
		<Liste_des_auteurs>BERTHELÉ, Raoul</Liste_des_auteurs>
		<Type_Doc>NEGATIF N&amp;B</Type_Doc>
		<Support>VERRE</Support>
		<Technique>Photographie stéréo</Technique>
		<Format>4,5 x 10,7 cm</Format>
		<Cote>49Fi377</Cote>
		<Observations></Observations>
		<Origine>Don Faucher-Berhelé entré le 10/11/1978.</Origine>
		<Droits_Repro>Domaine public</Droits_Repro>
		<subject>GUERRE 1914-1918;</subject>
		<geoname>AISNE (département);AMBRIEF (village);</geoname>
		<persname></persname>
		<corpname></corpname>
	</DocsFigures>
<DocsFigures>
		<Titre>Juvigny. Ballon 92</Titre>
		<Analyse>Vue d&apos;un ballon dirigeable 92 en plein vol près de Juvigny (Aisne).
1917. 
Guerre 1914-1918.</Analyse>
		<Realise_en>1917</Realise_en>
		<Liste_des_auteurs>BERTHELÉ, Raoul</Liste_des_auteurs>
		<Type_Doc>NEGATIF N&amp;B</Type_Doc>
		<Support>VERRE</Support>
		<Technique>Photographie stéréo</Technique>
		<Format>4,5 x 10,7 cm</Format>
		<Cote>49Fi378</Cote>
		<Observations></Observations>
		<Origine>Don Faucher-Berhelé entré le 10/11/1978.</Origine>
		<Droits_Repro>Domaine public</Droits_Repro>
		<subject>AERONEF;GUERRE 1914-1918;</subject>
		<geoname>AISNE (département);JUVIGNY (village);</geoname>
		<persname></persname>
		<corpname></corpname>
	</DocsFigures>
<DocsFigures>
		<Titre>Soissons. 2e grande canonnière fluviale. Pièce de 164.7</Titre>
		<Analyse>Canonnière fluviale baptisée &quot;Furieuse&quot; près de Soissons (Aisne). 
1917. 
Guerre 1914-1918.
Elle comprend une pièce de 164,7.</Analyse>
		<Realise_en>1917</Realise_en>
		<Liste_des_auteurs>BERTHELÉ, Raoul</Liste_des_auteurs>
		<Type_Doc>NEGATIF N&amp;B</Type_Doc>
		<Support>VERRE</Support>
		<Technique>Photographie stéréo</Technique>
		<Format>4,5 x 10,7 cm</Format>
		<Cote>49Fi379</Cote>
		<Observations></Observations>
		<Origine>Don Faucher-Berhelé entré le 10/11/1978.</Origine>
		<Droits_Repro>Domaine public</Droits_Repro>
		<subject>GUERRE 1914-1918;</subject>
		<geoname>AISNE (département);SOISSONS (ville);</geoname>
		<persname></persname>
		<corpname></corpname>
	</DocsFigures>
<DocsFigures>
		<Titre>Juvigny. Ballon 92. Atterrissage. Lt. Zernynck</Titre>
		<Analyse>Vue de l&apos;atterrissage d&apos;un ballon dirigeable 92 piloté par le lieutenant Zernynck près de Juvigny (Aisne).
1917. 
Guerre 1914-1918.
Le lieutenant Zernynck descend du dirigeable.</Analyse>
		<Realise_en>1917</Realise_en>
		<Liste_des_auteurs>BERTHELÉ, Raoul</Liste_des_auteurs>
		<Type_Doc>NEGATIF N&amp;B</Type_Doc>
		<Support>VERRE</Support>
		<Technique>Photographie stéréo</Technique>
		<Format>4,5 x 10,7 cm</Format>
		<Cote>49Fi380</Cote>
		<Observations>Même cliché que le 49Fi1841.</Observations>
		<Origine>Don Faucher-Berhelé entré le 10/11/1978.</Origine>
		<Droits_Repro>Domaine public</Droits_Repro>
		<subject>MILITAIRE;AERONEF;GUERRE 1914-1918;</subject>
		<geoname>AISNE (département);JUVIGNY (village);</geoname>
		<persname></persname>
		<corpname></corpname>
	</DocsFigures>
<DocsFigures>
		<Titre>Soissons. 147 DCA. 75 contre avions</Titre>
		<Analyse>Un canon de calibre 75 utilisé contre les avions au poste de DCA 147 près de Soissons (Aisne).
1917. 
Guerre 1914-1918.</Analyse>
		<Realise_en>1917</Realise_en>
		<Liste_des_auteurs>BERTHELÉ, Raoul</Liste_des_auteurs>
		<Type_Doc>NEGATIF N&amp;B</Type_Doc>
		<Support>VERRE</Support>
		<Technique>Photographie stéréo</Technique>
		<Format>4,5 x 10,7 cm</Format>
		<Cote>49Fi381</Cote>
		<Observations></Observations>
		<Origine>Don Faucher-Berhelé entré le 10/11/1978.</Origine>
		<Droits_Repro>Domaine public</Droits_Repro>
		<subject>GUERRE 1914-1918;</subject>
		<geoname>AISNE (département);SOISSONS (ville);</geoname>
		<persname></persname>
		<corpname></corpname>
	</DocsFigures>
<DocsFigures>
		<Titre>Saponay. Canon 75. Contre avions</Titre>
		<Analyse>Vue d&apos;un canon de calibre 75 utilisé  contre les avions près de Saponay (Aisne).
1917. 
Guerre 1914-1918.</Analyse>
		<Realise_en>1917</Realise_en>
		<Liste_des_auteurs>BERTHELÉ, Raoul</Liste_des_auteurs>
		<Type_Doc>NEGATIF N&amp;B</Type_Doc>
		<Support>VERRE</Support>
		<Technique>Photographie stéréo</Technique>
		<Format>4,5 x 10,7 cm</Format>
		<Cote>49Fi382</Cote>
		<Observations></Observations>
		<Origine>Don Faucher-Berhelé entré le 10/11/1978.</Origine>
		<Droits_Repro>Domaine public</Droits_Repro>
		<subject>GUERRE 1914-1918;</subject>
		<geoname>AISNE (département);SAPONAY (village);</geoname>
		<persname></persname>
		<corpname></corpname>
	</DocsFigures>
<DocsFigures>
		<Titre>Soissons. Cathédrale. Intérieur</Titre>
		<Analyse>Vue des dégâts dans la nef de la cathédrale de Soissons (Aisne), suite à un bombardement.
1917. 
Guerre 1914-1918.</Analyse>
		<Realise_en>1917</Realise_en>
		<Liste_des_auteurs>BERTHELÉ, Raoul</Liste_des_auteurs>
		<Type_Doc>NEGATIF N&amp;B</Type_Doc>
		<Support>VERRE</Support>
		<Technique>Photographie stéréo</Technique>
		<Format>4,5 x 10,7 cm</Format>
		<Cote>49Fi383</Cote>
		<Observations></Observations>
		<Origine>Don Faucher-Berhelé entré le 10/11/1978.</Origine>
		<Droits_Repro>Domaine public</Droits_Repro>
		<subject>GUERRE 1914-1918;</subject>
		<geoname>AISNE (département);SOISSONS (ville);</geoname>
		<persname></persname>
		<corpname></corpname>
	</DocsFigures>
<DocsFigures>
		<Titre>Soissons. Cathédrale. Intérieur</Titre>
		<Analyse>Un mur de la cathédrale de Soissons (Aisne) détruit par un bombardement.
1917. 
Guerre 1914-1918.</Analyse>
		<Realise_en>1917</Realise_en>
		<Liste_des_auteurs>BERTHELÉ, Raoul</Liste_des_auteurs>
		<Type_Doc>NEGATIF N&amp;B</Type_Doc>
		<Support>VERRE</Support>
		<Technique>Photographie stéréo</Technique>
		<Format>4,5 x 10,7 cm</Format>
		<Cote>49Fi384</Cote>
		<Observations></Observations>
		<Origine>Don Faucher-Berhelé entré le 10/11/1978.</Origine>
		<Droits_Repro>Domaine public</Droits_Repro>
		<subject>GUERRE 1914-1918;</subject>
		<geoname>AISNE (département);SOISSONS (ville);</geoname>
		<persname></persname>
		<corpname></corpname>
	</DocsFigures>
<DocsFigures>
		<Titre>Soissons. Canonnière fluviale</Titre>
		<Analyse>Vue d&apos;une canonnière fluviale bâptisée &quot;Furieuse&quot; près de Soissons (Aisne).
1917. 
Guerre 1914-1918.</Analyse>
		<Realise_en>1917</Realise_en>
		<Liste_des_auteurs>BERTHELÉ, Raoul</Liste_des_auteurs>
		<Type_Doc>NEGATIF N&amp;B</Type_Doc>
		<Support>VERRE</Support>
		<Technique>Photographie stéréo</Technique>
		<Format>4,5 x 10,7 cm</Format>
		<Cote>49Fi385</Cote>
		<Observations></Observations>
		<Origine>Don Faucher-Berhelé entré le 10/11/1978.</Origine>
		<Droits_Repro>Domaine public</Droits_Repro>
		<subject>GUERRE 1914-1918;</subject>
		<geoname>AISNE (département);SOISSONS (ville);</geoname>
		<persname></persname>
		<corpname></corpname>
	</DocsFigures>
<DocsFigures>
		<Titre>Juvigny. Ballon 92. Départ</Titre>
		<Analyse>Vue du décollage d&apos;un ballon dirigeable 92 près de Juvigny (Aisne).
1917. 
Guerre 1914-1918.</Analyse>
		<Realise_en>1917</Realise_en>
		<Liste_des_auteurs>BERTHELÉ, Raoul</Liste_des_auteurs>
		<Type_Doc>NEGATIF N&amp;B</Type_Doc>
		<Support>VERRE</Support>
		<Technique>Photographie stéréo</Technique>
		<Format>4,5 x 10,7 cm</Format>
		<Cote>49Fi386</Cote>
		<Observations>Même cliché que le 49Fi1840.</Observations>
		<Origine>Don Faucher-Berhelé entré le 10/11/1978.</Origine>
		<Droits_Repro>Domaine public</Droits_Repro>
		<subject>AERONEF;MILITAIRE;GUERRE 1914-1918;</subject>
		<geoname>AISNE (département);JUVIGNY (village);</geoname>
		<persname></persname>
		<corpname></corpname>
	</DocsFigures>
<DocsFigures>
		<Titre>Juvigny. Ballon 92</Titre>
		<Analyse>Vue d&apos;ensemble d&apos;un ballon dirigeable 92 près de Juvigny (Aisne).
1917. 
Guerre 1914-1918.</Analyse>
		<Realise_en>1917</Realise_en>
		<Liste_des_auteurs>BERTHELÉ, Raoul</Liste_des_auteurs>
		<Type_Doc>NEGATIF N&amp;B</Type_Doc>
		<Support>VERRE</Support>
		<Technique>Photographie stéréo</Technique>
		<Format>4,5 x 10,7 cm</Format>
		<Cote>49Fi387</Cote>
		<Observations>Même cliché que le 49Fi1596.</Observations>
		<Origine>Don Faucher-Berhelé entré le 10/11/1978.</Origine>
		<Droits_Repro>Domaine public</Droits_Repro>
		<subject>AERONEF;MILITAIRE;VEHICULE AUTOMOBILE;ANIMAL DE COMPAGNIE;ESPACE VERT;GUERRE 1914-1918;</subject>
		<geoname>AISNE (département);JUVIGNY (village);</geoname>
		<persname></persname>
		<corpname></corpname>
	</DocsFigures>
<DocsFigures>
		<Titre>Berzy. Téléphoto. 17/08/17. 13h30</Titre>
		<Analyse>&quot;[ouverture] f= 8&quot;
Vue panoramique de Berzy-le-Sec (Aisne) avec un téléobjectif.
17 août 1917 à 13 h 30. 
Guerre 1914-1918.</Analyse>
		<Realise_en>1917</Realise_en>
		<Liste_des_auteurs>BERTHELÉ, Raoul</Liste_des_auteurs>
		<Type_Doc>NEGATIF N&amp;B</Type_Doc>
		<Support>VERRE</Support>
		<Technique>Photographie stéréo</Technique>
		<Format>4,5 x 10,7 cm</Format>
		<Cote>49Fi388</Cote>
		<Observations></Observations>
		<Origine>Don Faucher-Berhelé entré le 10/11/1978.</Origine>
		<Droits_Repro>Domaine public</Droits_Repro>
		<subject>GUERRE 1914-1918;</subject>
		<geoname>AISNE (département);BERZY-LE-SEC (village);</geoname>
		<persname></persname>
		<corpname></corpname>
	</DocsFigures>
<DocsFigures>
		<Titre>Téléphotographie. Soissons. 17/08/17. 13h30</Titre>
		<Analyse>&quot;[vitesse] 1/5°, [ouverture] f=8&quot;
Vue panoramique de Soissons (Aisne) prise avec un téléobjectif. 
17 août 1917 à 13h30. 
Guerre 1914-1918.</Analyse>
		<Realise_en>1917</Realise_en>
		<Liste_des_auteurs>BERTHELÉ, Raoul</Liste_des_auteurs>
		<Type_Doc>NEGATIF N&amp;B</Type_Doc>
		<Support>VERRE</Support>
		<Technique>Photographie stéréo</Technique>
		<Format>4,5 x 10,7 cm</Format>
		<Cote>49Fi389</Cote>
		<Observations></Observations>
		<Origine>Don Faucher-Berhelé entré le 10/11/1978.</Origine>
		<Droits_Repro>Domaine public</Droits_Repro>
		<subject>GUERRE 1914-1918;</subject>
		<geoname>AISNE (département);SOISSONS (ville);</geoname>
		<persname></persname>
		<corpname></corpname>
	</DocsFigures>
<DocsFigures>
		<Titre>Berzy. 14/08/17. Alto-stratus. 8 h</Titre>
		<Analyse>&quot;f=4,5 [ouverture], 1/40e [vitesse] essais autochromes&quot;
Vue d&apos;ensemble de Berzy-le-Sec (Aisne) et de nuages (alto-stratus).
14 août 1917. Guerre 1914-1918.</Analyse>
		<Realise_en>1917</Realise_en>
		<Liste_des_auteurs>BERTHELÉ, Raoul</Liste_des_auteurs>
		<Type_Doc>NEGATIF N&amp;B</Type_Doc>
		<Support>VERRE</Support>
		<Technique>Photographie stéréo</Technique>
		<Format>4,5 x 10,7 cm</Format>
		<Cote>49Fi390</Cote>
		<Observations></Observations>
		<Origine>Don Faucher-Berhelé entré le 10/11/1978.</Origine>
		<Droits_Repro>Domaine public</Droits_Repro>
		<subject>GUERRE 1914-1918;</subject>
		<geoname>AISNE (département);BERZY-LE-SEC (village);</geoname>
		<persname></persname>
		<corpname></corpname>
	</DocsFigures>
<DocsFigures>
		<Titre>Berzy. 8h20. Alto-cumulus.</Titre>
		<Analyse>&quot;f= 16 [ouverture], 1/50e [vitesse]&quot;
Vue d&apos;un alto-cumulus au dessus de Berzy-le-Sec (Aisne) vers 8 h 20.
1917. 
Guerre 1914-1918.</Analyse>
		<Realise_en>1917</Realise_en>
		<Liste_des_auteurs>BERTHELÉ, Raoul</Liste_des_auteurs>
		<Type_Doc>NEGATIF N&amp;B</Type_Doc>
		<Support>VERRE</Support>
		<Technique>Photographie stéréo</Technique>
		<Format>4,5 x 10,7 cm</Format>
		<Cote>49Fi391</Cote>
		<Observations></Observations>
		<Origine>Don Faucher-Berhelé entré le 10/11/1978.</Origine>
		<Droits_Repro>Domaine public</Droits_Repro>
		<subject>GUERRE 1914-1918;</subject>
		<geoname>BERZY-LE-SEC (village);AISNE (département);</geoname>
		<persname></persname>
		<corpname></corpname>
	</DocsFigures>
<DocsFigures>
		<Titre>Berzy. 8h20. Alto-cumulus</Titre>
		<Analyse>&quot;f= 16 [ouverture], 1/50e [vitesse]&quot;
Vue d&apos;un alto-cumulus au dessus de Berzy-le-Sec (Aisne) vers  8 h 20.
1917. 
Guerre 1914-1918.</Analyse>
		<Realise_en>1917</Realise_en>
		<Liste_des_auteurs>BERTHELÉ, Raoul</Liste_des_auteurs>
		<Type_Doc>NEGATIF N&amp;B</Type_Doc>
		<Support>VERRE</Support>
		<Technique>Photographie stéréo</Technique>
		<Format>4,5 x 10,7 cm</Format>
		<Cote>49Fi392</Cote>
		<Observations></Observations>
		<Origine>Don Faucher-Berhelé entré le 10/11/1978.</Origine>
		<Droits_Repro>Domaine public</Droits_Repro>
		<subject>GUERRE 1914-1918;</subject>
		<geoname>BERZY-LE-SEC (village);AISNE (département);</geoname>
		<persname></persname>
		<corpname></corpname>
	</DocsFigures>
<DocsFigures>
		<Titre>Corbie. Gare d&apos;évacuation. Echernier. Blessés allemands</Titre>
		<Analyse>Vue d&apos;un officier français, Echernier, posant à côté de prisonniers allemands à la gare d&apos;évacuation de Corbie (Somme).
Juin 1915. 
Guerre 1914-1918.
Deux des prisonniers sont blessés à la tête.</Analyse>
		<Realise_en>1915</Realise_en>
		<Liste_des_auteurs>BERTHELÉ, Raoul</Liste_des_auteurs>
		<Type_Doc>NEGATIF N&amp;B</Type_Doc>
		<Support>VERRE</Support>
		<Technique>Photographie stéréo </Technique>
		<Format>4,5 x 10,7 cm</Format>
		<Cote>49Fi393</Cote>
		<Observations>Il manque la partie gauche de la stéréoscopie.
Même cliché que le 49Fi1874/10.</Observations>
		<Origine>Don Faucher-Berhelé entré le 10/11/1978.</Origine>
		<Droits_Repro>Domaine public</Droits_Repro>
		<subject>MILITAIRE;PRISONNIER DE GUERRE;GARE;VICTIME DE GUERRE;GUERRE 1914-1918;</subject>
		<geoname>SOMME (département);CORBIE (ville);</geoname>
		<persname></persname>
		<corpname></corpname>
	</DocsFigures>
<DocsFigures>
		<Titre>Berzy. 15/08/17. 17h. Cumulo-nimbus</Titre>
		<Analyse>&quot;f= 8 [ouverture], 1/40e (écrans) [vitesse]&quot;
Vue d&apos;un cumulo-nimbus au-dessus de Berzy-le-Sec (Aisne) vers 17 h.
15 août 1917. 
Guerre 1914-1918.</Analyse>
		<Realise_en>1917</Realise_en>
		<Liste_des_auteurs>BERTHELÉ, Raoul</Liste_des_auteurs>
		<Type_Doc>NEGATIF N&amp;B</Type_Doc>
		<Support>VERRE</Support>
		<Technique>Photographie stéréo</Technique>
		<Format>4,5 x 10,7 cm</Format>
		<Cote>49Fi394</Cote>
		<Observations></Observations>
		<Origine>Don Faucher-Berhelé entré le 10/11/1978.</Origine>
		<Droits_Repro>Domaine public</Droits_Repro>
		<subject>GUERRE 1914-1918;</subject>
		<geoname>BERZY-LE-SEC (village);AISNE (département);</geoname>
		<persname></persname>
		<corpname></corpname>
	</DocsFigures>
<DocsFigures>
		<Titre>Berzy. 01/11/17. R. B.  Ballon captif. Départ</Titre>
		<Analyse>Vue de Raoul Berthelé se préparant pour réaliser un sondage météorologique en ballon captif dans la commune de Berzy-le-Sec (Aisne).
1er novenbre 1917. 
Guerre 1914-1918.</Analyse>
		<Realise_en>1917</Realise_en>
		<Liste_des_auteurs>BERTHELÉ, Raoul</Liste_des_auteurs>
		<Type_Doc>Positif N&amp;B</Type_Doc>
		<Support>VERRE</Support>
		<Technique>Photographie stéréo</Technique>
		<Format>4,5 x 10,7 cm</Format>
		<Cote>49Fi395</Cote>
		<Observations></Observations>
		<Origine>Don Faucher-Berhelé entré le 10/11/1978.</Origine>
		<Droits_Repro>Domaine public</Droits_Repro>
		<subject>AERONEF;METEOROLOGIE;MILITAIRE;GUERRE 1914-1918;</subject>
		<geoname>BERZY-LE-SEC (village);AISNE (département);</geoname>
		<persname>BERTHELE, Raoul;</persname>
		<corpname></corpname>
	</DocsFigures>
<DocsFigures>
		<Titre>Berzy. R. B. en ballon captif</Titre>
		<Analyse>Raoul berthelé en ballon captif en train de réaliser un sondage  dans la commune de Berzy-le-Sec (Aisne).
1er novembre 1917. 
Guerre 1914-1918.</Analyse>
		<Realise_en>1917</Realise_en>
		<Liste_des_auteurs>BERTHELÉ, Raoul</Liste_des_auteurs>
		<Type_Doc>Positif N&amp;B</Type_Doc>
		<Support>VERRE</Support>
		<Technique>Photographie stéréo</Technique>
		<Format>4,5 x 10,7 cm</Format>
		<Cote>49Fi396</Cote>
		<Observations></Observations>
		<Origine>Don Faucher-Berhelé entré le 10/11/1978.</Origine>
		<Droits_Repro>Domaine public</Droits_Repro>
		<subject>GUERRE 1914-1918;</subject>
		<geoname>BERZY-LE-SEC (village);AISNE (département);</geoname>
		<persname>BERTHELE, Raoul;</persname>
		<corpname></corpname>
	</DocsFigures>
<DocsFigures>
		<Titre>Berzy. X. de Massia et R. B.</Titre>
		<Analyse>X. de Massia et Raoul Berthelé devant une tente à Berzy-le-Sec (Aisne).
1917. 
Guerre 1914-1918.</Analyse>
		<Realise_en>1917</Realise_en>
		<Liste_des_auteurs>BERTHELÉ, Raoul</Liste_des_auteurs>
		<Type_Doc>Positif N&amp;B</Type_Doc>
		<Support>VERRE</Support>
		<Technique>Photographie stéréo</Technique>
		<Format>4,5 x 10,7 cm</Format>
		<Cote>49Fi397</Cote>
		<Observations></Observations>
		<Origine>Don Faucher-Berhelé entré le 10/11/1978.</Origine>
		<Droits_Repro>Domaine public</Droits_Repro>
		<subject>GUERRE 1914-1918;</subject>
		<geoname>BERZY-LE-SEC (village);AISNE (département);</geoname>
		<persname>BERTHELE, Raoul;</persname>
		<corpname></corpname>
	</DocsFigures>
<DocsFigures>
		<Titre>Berzy. Téléphoto. Tranchées. 17/08/17. 13h30</Titre>
		<Analyse>&quot;f= 8 [ouverture], 1/22e [vitesse]&quot;
Vue d&apos;ensemble prise au téléobjectif de tranchées près de Berzy-le-Sec (Aisne).
17 août 1917 à 13 h 30. 
Guerre 1914-1918.</Analyse>
		<Realise_en>1917</Realise_en>
		<Liste_des_auteurs>BERTHELÉ, Raoul</Liste_des_auteurs>
		<Type_Doc>NEGATIF N&amp;B</Type_Doc>
		<Support>VERRE</Support>
		<Technique>Photographie stéréo</Technique>
		<Format>4,5 x 10,7 cm</Format>
		<Cote>49Fi398</Cote>
		<Observations></Observations>
		<Origine>Don Faucher-Berhelé entré le 10/11/1978.</Origine>
		<Droits_Repro>Domaine public</Droits_Repro>
		<subject>GUERRE 1914-1918;</subject>
		<geoname>BERZY-LE-SEC (village);AISNE (département);</geoname>
		<persname></persname>
		<corpname></corpname>
	</DocsFigures>
<DocsFigures>
		<Titre>Téléphotographie. Soissons. Cathédrale. 17/08/17. 13h30</Titre>
		<Analyse>&quot;f= 8 [ouverture], 1/22e [vitesse]&quot;
Vue panoramique de Soissons (Aisne) et de sa cathédrale prise au téléobjectif.
17 août 1917 à 13 h 30. 
Guerre 1914-1918.</Analyse>
		<Realise_en>1917</Realise_en>
		<Liste_des_auteurs>BERTHELÉ, Raoul</Liste_des_auteurs>
		<Type_Doc>NEGATIF N&amp;B</Type_Doc>
		<Support>VERRE</Support>
		<Technique>Photographie stéréo</Technique>
		<Format>4,5 x 10,7 cm</Format>
		<Cote>49Fi399</Cote>
		<Observations></Observations>
		<Origine>Don Faucher-Berhelé entré le 10/11/1978.</Origine>
		<Droits_Repro>Domaine public</Droits_Repro>
		<subject>GUERRE 1914-1918;</subject>
		<geoname>AISNE (département);SOISSONS (ville);</geoname>
		<persname></persname>
		<corpname></corpname>
	</DocsFigures>
<DocsFigures>
		<Titre>Berzy. 15/08/17. 13h35. Cumulus</Titre>
		<Analyse>&quot;f= 8 [ouverture], 1/50e (écrans)&quot;
Vue d&apos;un cumuluse au dessus de Berzy-le-Sec (Aisne).
15 août 1917 à 13 h 35. 
Guerre 1914-1918.</Analyse>
		<Realise_en>1917</Realise_en>
		<Liste_des_auteurs>BERTHELÉ, Raoul</Liste_des_auteurs>
		<Type_Doc>NEGATIF N&amp;B</Type_Doc>
		<Support>VERRE</Support>
		<Technique>Photographie stéréo</Technique>
		<Format>4,5 x 10,7 cm</Format>
		<Cote>49Fi400</Cote>
		<Observations>Lié à 49Fi1846</Observations>
		<Origine>Don Faucher-Berhelé entré le 10/11/1978.</Origine>
		<Droits_Repro>Domaine public</Droits_Repro>
		<subject>GUERRE 1914-1918;</subject>
		<geoname>BERZY-LE-SEC (village);AISNE (département);</geoname>
		<persname></persname>
		<corpname></corpname>
	</DocsFigures>
<DocsFigures>
		<Titre>Berzy. 15/08/17. 18h. Arc en ciel. Pluie</Titre>
		<Analyse>&quot;f= 8 [ouverture], 1/40e (écrans) [vitesse]&quot;
Arc en ciel au-dessus de Berzy-le-Sec (Aisne) par temps de pluie.
15 août 1917 à 18 h. 
Guerre 1914-1918.</Analyse>
		<Realise_en>1917</Realise_en>
		<Liste_des_auteurs>BERTHELÉ, Raoul</Liste_des_auteurs>
		<Type_Doc>NEGATIF N&amp;B</Type_Doc>
		<Support>VERRE</Support>
		<Technique>Photographie stéréo</Technique>
		<Format>4,5 x 10,7 cm</Format>
		<Cote>49Fi401</Cote>
		<Observations>Lié à 49Fi1847</Observations>
		<Origine>Don Faucher-Berhelé entré le 10/11/1978.</Origine>
		<Droits_Repro>Domaine public</Droits_Repro>
		<subject>GUERRE 1914-1918;</subject>
		<geoname>BERZY-LE-SEC (village);AISNE (département);</geoname>
		<persname></persname>
		<corpname></corpname>
	</DocsFigures>
<DocsFigures>
		<Titre>Berzy. 15/08/17. 18h. Cumulus. Contre-jour</Titre>
		<Analyse>&quot;f= 8 [ouverture], 1/50e [vitesse]&quot;.
Photo d&apos;un cumulus prise à contre-jour au-dessus de Berzy-le-Sec (Aisne).
15 août 1917 à 18 h. 
Guerre 1914-1918.</Analyse>
		<Realise_en>1917</Realise_en>
		<Liste_des_auteurs>BERTHELÉ, Raoul</Liste_des_auteurs>
		<Type_Doc>NEGATIF N&amp;B</Type_Doc>
		<Support>VERRE</Support>
		<Technique>Photographie stéréo</Technique>
		<Format>4,5 x 10,7 cm</Format>
		<Cote>49Fi402</Cote>
		<Observations></Observations>
		<Origine>Don Faucher-Berhelé entré le 10/11/1978.</Origine>
		<Droits_Repro>Domaine public</Droits_Repro>
		<subject>GUERRE 1914-1918;</subject>
		<geoname>BERZY-LE-SEC (village);AISNE (département);</geoname>
		<persname></persname>
		<corpname></corpname>
	</DocsFigures>
<DocsFigures>
		<Titre>Berzy. 13/08/17. Alto-cumulus. 18h30</Titre>
		<Analyse>&quot;f= 8 [ouverture], 1/40e [vitesse]&quot;
Alto-cumulus au-dessus de Berzy-le-Sec (Aisne).
13 août 1917 à 18 h 30. 
Guerre 1914-1918.</Analyse>
		<Realise_en>1917</Realise_en>
		<Liste_des_auteurs>BERTHELÉ, Raoul</Liste_des_auteurs>
		<Type_Doc>NEGATIF N&amp;B</Type_Doc>
		<Support>VERRE</Support>
		<Technique>Photographie stéréo</Technique>
		<Format>4,5 x 10,7 cm</Format>
		<Cote>49Fi403</Cote>
		<Observations></Observations>
		<Origine>Don Faucher-Berhelé entré le 10/11/1978.</Origine>
		<Droits_Repro>Domaine public</Droits_Repro>
		<subject>GUERRE 1914-1918;</subject>
		<geoname>BERZY-LE-SEC (village);AISNE (département);</geoname>
		<persname></persname>
		<corpname></corpname>
	</DocsFigures>
<DocsFigures>
		<Titre>Berzy. 9h. Cirrus.</Titre>
		<Analyse>&quot;f= 16 [ouverture], 1/50e [vitesse]&quot;
Cirrus au-dessus de Berzy-le-Sec (Aisne).
Un jour de 1917 à 9 h. 
Guerre 1914-1918.</Analyse>
		<Realise_en>1917</Realise_en>
		<Liste_des_auteurs>BERTHELÉ, Raoul</Liste_des_auteurs>
		<Type_Doc>NEGATIF N&amp;B</Type_Doc>
		<Support>VERRE</Support>
		<Technique>Photographie stéréo</Technique>
		<Format>4,5 x 10,7 cm</Format>
		<Cote>49Fi404</Cote>
		<Observations></Observations>
		<Origine>Don Faucher-Berhelé entré le 10/11/1978.</Origine>
		<Droits_Repro>Domaine public</Droits_Repro>
		<subject>GUERRE 1914-1918;</subject>
		<geoname>BERZY-LE-SEC (village);AISNE (département);</geoname>
		<persname></persname>
		<corpname></corpname>
	</DocsFigures>
<DocsFigures>
		<Titre>Berzy. 9h. Cirrus</Titre>
		<Analyse>&quot;f= 16 [ouverture], 1/50e [vitesse]&quot;
Cirrus au-dessus de Berzy-le-Sec (Aisne).
Un jour de 1917 à 9 h. 
Guerre 1914-1918.</Analyse>
		<Realise_en>1917</Realise_en>
		<Liste_des_auteurs>BERTHELÉ, Raoul</Liste_des_auteurs>
		<Type_Doc>NEGATIF N&amp;B</Type_Doc>
		<Support>VERRE</Support>
		<Technique>Photographie stéréo</Technique>
		<Format>4,5 x 10,7 cm</Format>
		<Cote>49Fi405</Cote>
		<Observations></Observations>
		<Origine>Don Faucher-Berhelé entré le 10/11/1978.</Origine>
		<Droits_Repro>Domaine public</Droits_Repro>
		<subject>GUERRE 1914-1918;</subject>
		<geoname>BERZY-LE-SEC (village);AISNE (département);</geoname>
		<persname></persname>
		<corpname></corpname>
	</DocsFigures>
<DocsFigures>
		<Titre>Berzy. Château. Cumulus</Titre>
		<Analyse>Vue d&apos;un cumulus au-dessus du château de Berzy-le-Sec (Aisne).
1917. 
Guerre 1914-1918.</Analyse>
		<Realise_en>1917</Realise_en>
		<Liste_des_auteurs>BERTHELÉ, Raoul</Liste_des_auteurs>
		<Type_Doc>NEGATIF N&amp;B</Type_Doc>
		<Support>VERRE</Support>
		<Technique>Photographie stéréo</Technique>
		<Format>4,5 x 10,7 cm</Format>
		<Cote>49Fi406</Cote>
		<Observations></Observations>
		<Origine>Don Faucher-Berhelé entré le 10/11/1978.</Origine>
		<Droits_Repro>Domaine public</Droits_Repro>
		<subject>GUERRE 1914-1918;</subject>
		<geoname>BERZY-LE-SEC (village);AISNE (département);</geoname>
		<persname></persname>
		<corpname></corpname>
	</DocsFigures>
<DocsFigures>
		<Titre>Les Sartelles. Abri R.B.</Titre>
		<Analyse>Photo de Raoul Berthelé posant devant l&apos;entrée d&apos;un abri au lieu-dit des Sartelles dans la commune de Thierville-sur-Meuse (Meuse).
1917. 
Guerre 1914-1918.</Analyse>
		<Realise_en>1917</Realise_en>
		<Liste_des_auteurs>BERTHELÉ, Raoul</Liste_des_auteurs>
		<Type_Doc>NEGATIF N&amp;B</Type_Doc>
		<Support>VERRE</Support>
		<Technique>Photographie stéréo</Technique>
		<Format>4,5 x 10,7 cm</Format>
		<Cote>49Fi407</Cote>
		<Observations>Même cliché que le 49Fi1878/33</Observations>
		<Origine>Don Faucher-Berhelé entré le 10/11/1978.</Origine>
		<Droits_Repro>Domaine public</Droits_Repro>
		<subject>ABRI;MILITAIRE;GUERRE 1914-1918;</subject>
		<geoname>MEUSE (département);LES SARTELLES (lieu-dit);THIERVILLE-SUR-MEUSE (ville);</geoname>
		<persname>BERTHELE, Raoul;</persname>
		<corpname></corpname>
	</DocsFigures>
<DocsFigures>
		<Titre>Berzy. Coucher de soleil</Titre>
		<Analyse>Vue d&apos;ensemble d&apos;un coucher de soleil dans les environs de Berzy-le-Sec (Aisne).
1917. 
Guerre 1914-1918.</Analyse>
		<Realise_en>1917</Realise_en>
		<Liste_des_auteurs>BERTHELÉ, Raoul</Liste_des_auteurs>
		<Type_Doc>NEGATIF N&amp;B</Type_Doc>
		<Support>VERRE</Support>
		<Technique>Photographie stéréo</Technique>
		<Format>4,5 x 10,7 cm</Format>
		<Cote>49Fi408</Cote>
		<Observations></Observations>
		<Origine>Don Faucher-Berhelé entré le 10/11/1978.</Origine>
		<Droits_Repro>Domaine public</Droits_Repro>
		<subject>GUERRE 1914-1918;</subject>
		<geoname>BERZY-LE-SEC (village);AISNE (département);</geoname>
		<persname></persname>
		<corpname></corpname>
	</DocsFigures>
<DocsFigures>
		<Titre>9/11/17. Nanteuil. Trou d&apos;obus</Titre>
		<Analyse>Vue d&apos;ensemble d&apos;un trou d&apos;obus à Nanteuil-la-Fosse (Aisne).
9 novembre 1917. 
Guerre 1914-1918.</Analyse>
		<Realise_en>1917</Realise_en>
		<Liste_des_auteurs>BERTHELÉ, Raoul</Liste_des_auteurs>
		<Type_Doc>NEGATIF N&amp;B</Type_Doc>
		<Support>VERRE</Support>
		<Technique>Photographie stéréo</Technique>
		<Format>4,5 x 10,7 cm</Format>
		<Cote>49Fi409</Cote>
		<Observations></Observations>
		<Origine>Don Faucher-Berhelé entré le 10/11/1978.</Origine>
		<Droits_Repro>Domaine public</Droits_Repro>
		<subject>GUERRE 1914-1918;</subject>
		<geoname>NANTEUIL-LA-FOSSE (village);AISNE (département);</geoname>
		<persname></persname>
		<corpname></corpname>
	</DocsFigures>
<DocsFigures>
		<Titre>Ferme de Vaurains. 9/11/17</Titre>
		<Analyse>Vue d&apos;ensemble des ruines de la ferme Vaurains, près de Vaudesson (Aisne),  après de nombreux bombardements.
9 novembre 1917. 
Guerre 1914-1918.</Analyse>
		<Realise_en>1917</Realise_en>
		<Liste_des_auteurs>BERTHELÉ, Raoul</Liste_des_auteurs>
		<Type_Doc>NEGATIF N&amp;B</Type_Doc>
		<Support>VERRE</Support>
		<Technique>Photographie stéréo</Technique>
		<Format>4,5 x 10,7 cm</Format>
		<Cote>49Fi410</Cote>
		<Observations></Observations>
		<Origine>Don Faucher-Berhelé entré le 10/11/1978.</Origine>
		<Droits_Repro>Domaine public</Droits_Repro>
		<subject>BATIMENT AGRICOLE;SINISTRE;BIEN SINISTRE;GUERRE 1914-1918;</subject>
		<geoname>AISNE (département);VAUDESSON (village);</geoname>
		<persname></persname>
		<corpname></corpname>
	</DocsFigures>
<DocsFigures>
		<Titre>La Cheppe. Camp d&apos;Attila. Entrepôt de matériel d&apos;artillerie</Titre>
		<Analyse>Vue d&apos;ensemble d&apos;un entrepôt de matériel d&apos;artillerie basé au camp d&apos;Attila près de La Cheppe (Marne).
1916. 
Guerre 1914-1918.</Analyse>
		<Realise_en>1916</Realise_en>
		<Liste_des_auteurs>BERTHELÉ, Raoul</Liste_des_auteurs>
		<Type_Doc>Positif N&amp;B</Type_Doc>
		<Support>VERRE</Support>
		<Technique>Photographie stéréo</Technique>
		<Format>4,5 x 10,7 cm</Format>
		<Cote>49Fi411</Cote>
		<Observations>Même cliché que les 49Fi510 et 49Fi1875/52.</Observations>
		<Origine>Don Faucher-Berhelé entré le 10/11/1978.</Origine>
		<Droits_Repro>Domaine public</Droits_Repro>
		<subject>GUERRE 1914-1918;</subject>
		<geoname>LA CHEPPE (village);MARNE (département);</geoname>
		<persname></persname>
		<corpname></corpname>
	</DocsFigures>
<DocsFigures>
		<Titre>Nanteuil la Fosse. 9/11/17. Le Fruty</Titre>
		<Analyse>Vue d&apos;ensemble d&apos;un no man&apos;s land au lieu-dit le Fruty près de Nanteuil-la-Fosse (Aisne).
9 novembre 1917. 
Guerre 1914-1918.</Analyse>
		<Realise_en>1917</Realise_en>
		<Liste_des_auteurs>BERTHELÉ, Raoul</Liste_des_auteurs>
		<Type_Doc>NEGATIF N&amp;B</Type_Doc>
		<Support>VERRE</Support>
		<Technique>Photographie stéréo</Technique>
		<Format>4,5 x 10,7 cm</Format>
		<Cote>49Fi412</Cote>
		<Observations></Observations>
		<Origine>Don Faucher-Berhelé entré le 10/11/1978.</Origine>
		<Droits_Repro>Domaine public</Droits_Repro>
		<subject>GUERRE 1914-1918;</subject>
		<geoname>NANTEUIL-LA-FOSSE (village);AISNE (département);</geoname>
		<persname></persname>
		<corpname></corpname>
	</DocsFigures>
<DocsFigures>
		<Titre>Braine. Canon de 37</Titre>
		<Analyse>Vue latérale d&apos;un canon de calibre 37 à Braine (Aisne).
1917. 
Guerre 1914-1918.           </Analyse>
		<Realise_en>1917</Realise_en>
		<Liste_des_auteurs>BERTHELÉ, Raoul</Liste_des_auteurs>
		<Type_Doc>NEGATIF N&amp;B</Type_Doc>
		<Support>VERRE</Support>
		<Technique>Photographie stéréo</Technique>
		<Format>4,5 x 10,7 cm</Format>
		<Cote>49Fi413</Cote>
		<Observations></Observations>
		<Origine>Don Faucher-Berhelé entré le 10/11/1978.</Origine>
		<Droits_Repro>Domaine public</Droits_Repro>
		<subject>GUERRE 1914-1918;</subject>
		<geoname>AISNE (département);BRAINE (ville);</geoname>
		<persname></persname>
		<corpname></corpname>
	</DocsFigures>
<DocsFigures>
		<Titre>Nanteuil la Fosse. 9/11/17. Le Fruty</Titre>
		<Analyse>Vue d&apos;ensemble d&apos;un no man&apos;s land au lieu-dit le Fruty près de Nanteuil-la-Fosse (Aisne).
9 novembre 1917. 
Guerre 1914-1918.</Analyse>
		<Realise_en>1917</Realise_en>
		<Liste_des_auteurs>BERTHELÉ, Raoul</Liste_des_auteurs>
		<Type_Doc>NEGATIF N&amp;B</Type_Doc>
		<Support>VERRE</Support>
		<Technique>Photographie stéréo</Technique>
		<Format>4,5 x 10,7 cm</Format>
		<Cote>49Fi414</Cote>
		<Observations></Observations>
		<Origine>Don Faucher-Berhelé entré le 10/11/1978.</Origine>
		<Droits_Repro>Domaine public</Droits_Repro>
		<subject>GUERRE 1914-1918;</subject>
		<geoname>NANTEUIL-LA-FOSSE (village);AISNE (département);</geoname>
		<persname></persname>
		<corpname></corpname>
	</DocsFigures>
<DocsFigures>
		<Titre>9/11/17. Ravin des Gobineaux. Abri boche</Titre>
		<Analyse>Vue d&apos;un abri allemand dans le ravin des Gobineaux près de Allemant (Aisne).
9 novembre 1917. 
Guerre 1914-1918.</Analyse>
		<Realise_en>1917</Realise_en>
		<Liste_des_auteurs>BERTHELÉ, Raoul</Liste_des_auteurs>
		<Type_Doc>NEGATIF N&amp;B</Type_Doc>
		<Support>VERRE</Support>
		<Technique>Photographie stéréo</Technique>
		<Format>4,5 x 10,7 cm</Format>
		<Cote>49Fi415</Cote>
		<Observations></Observations>
		<Origine>Don Faucher-Berhelé entré le 10/11/1978.</Origine>
		<Droits_Repro>Domaine public</Droits_Repro>
		<subject>ABRI;ETRANGER;GUERRE 1914-1918;</subject>
		<geoname>ALLEMANT (village);AISNE (département);GOBINEAUX (LES) (lieu-dit);</geoname>
		<persname></persname>
		<corpname></corpname>
	</DocsFigures>
<DocsFigures>
		<Titre>9/11/17. Nanteuil la Fosse. Repère de l&apos;ange gardien</Titre>
		<Analyse>Vue d&apos;ensemble du repère de l&apos;ange gardien près de Nanteuil-la-Fosse (Aisne).
9 novembre 1917. 
Guerre 1914-1918.</Analyse>
		<Realise_en>1917</Realise_en>
		<Liste_des_auteurs>BERTHELÉ, Raoul</Liste_des_auteurs>
		<Type_Doc>NEGATIF N&amp;B</Type_Doc>
		<Support>VERRE</Support>
		<Technique>Photographie stéréo</Technique>
		<Format>4,5 x 10,7 cm</Format>
		<Cote>49Fi416</Cote>
		<Observations></Observations>
		<Origine>Don Faucher-Berhelé entré le 10/11/1978.</Origine>
		<Droits_Repro>Domaine public</Droits_Repro>
		<subject>GUERRE 1914-1918;</subject>
		<geoname>NANTEUIL-LA-FOSSE (village);AISNE (département);</geoname>
		<persname></persname>
		<corpname></corpname>
	</DocsFigures>
<DocsFigures>
		<Titre>9/11/17. Ravin des Gobineaux. Abri boche. R. Berthelé</Titre>
		<Analyse>Raoul Berthelé pose devant un abri allemand dans le ravin des Gobineaux près de Allemant (Aisne).
9 novembre 1917. 
Guerre 1914-1918.</Analyse>
		<Realise_en>1917</Realise_en>
		<Liste_des_auteurs>BERTHELÉ, Raoul</Liste_des_auteurs>
		<Type_Doc>NEGATIF N&amp;B</Type_Doc>
		<Support>VERRE</Support>
		<Technique>Photographie stéréo</Technique>
		<Format>4,5 x 10,7 cm</Format>
		<Cote>49Fi417</Cote>
		<Observations></Observations>
		<Origine>Don Faucher-Berhelé entré le 10/11/1978.</Origine>
		<Droits_Repro>Domaine public</Droits_Repro>
		<subject>ABRI;ETRANGER;MILITAIRE;GUERRE 1914-1918;</subject>
		<geoname>ALLEMANT (village);AISNE (département);GOBINEAUX (LES) (lieu-dit);</geoname>
		<persname>BERTHELE, Raoul;</persname>
		<corpname></corpname>
	</DocsFigures>
<DocsFigures>
		<Titre>Nanteuil la Fosse. Tank démoli. 9/11/17</Titre>
		<Analyse>Vue d&apos;ensemble d&apos;un tank français modèle Saint-Chamond démoli à Nanteuil-la-Fosse (Aisne).
9 novembre 1917. 
Guerre 1914-1918.
Deux soldats posent à côté du tank.</Analyse>
		<Realise_en>1917</Realise_en>
		<Liste_des_auteurs>BERTHELÉ, Raoul</Liste_des_auteurs>
		<Type_Doc>NEGATIF N&amp;B</Type_Doc>
		<Support>VERRE</Support>
		<Technique>Photographie stéréo</Technique>
		<Format>4,5 x 10,7 cm</Format>
		<Cote>49Fi418</Cote>
		<Observations>Même cliché que le 49Fi108.</Observations>
		<Origine>Don Faucher-Berhelé entré le 10/11/1978.</Origine>
		<Droits_Repro>Domaine public</Droits_Repro>
		<subject>MILITAIRE;EQUIPEMENT MILITAIRE;GUERRE 1914-1918;</subject>
		<geoname>NANTEUIL-LA-FOSSE (village);AISNE (département);</geoname>
		<persname></persname>
		<corpname></corpname>
	</DocsFigures>
<DocsFigures>
		<Titre>Brenelle. Poste L (météorologique)</Titre>
		<Analyse>Brenelle (Aisne) installé dans un camion.
1917. 
Vue générale du poste L de sondage météorologique de Brenelle installé dans un camion.
Guerre 1914-1918.
Ce poste dépend de la station météorologique de la 6e armée commandée par le lieutenant Raoul Berthelé stationnée à de Berzy-le-Sec (Aisne).</Analyse>
		<Realise_en>1917</Realise_en>
		<Liste_des_auteurs>BERTHELÉ, Raoul</Liste_des_auteurs>
		<Type_Doc>NEGATIF N&amp;B</Type_Doc>
		<Support>VERRE</Support>
		<Technique>Photographie stéréo</Technique>
		<Format>4,5 x 10,7 cm</Format>
		<Cote>49Fi419</Cote>
		<Observations></Observations>
		<Origine>Don Faucher-Berhelé entré le 10/11/1978.</Origine>
		<Droits_Repro>Domaine public</Droits_Repro>
		<subject>INFRASTRUCTURE MILITAIRE;METEOROLOGIE;POIDS LOURD;GUERRE 1914-1918;</subject>
		<geoname>BRENELLE (village);AISNE (département);</geoname>
		<persname>BERTHELE, Raoul;</persname>
		<corpname></corpname>
	</DocsFigures>
<DocsFigures>
		<Titre>Berzy. Dubonis</Titre>
		<Analyse>Berzy-le-Sec (Aisne).
Ocotbre-novembre 1917.
Vue du militaire Dubonis debout à côté d&apos;un camion.
Guerre 1914-1918.
Ce poste dépend de la station météorologique de la 6e armée commandée par le lieutenant Raoul Berthelé stationnée à de Berzy-le-Sec (Aisne).</Analyse>
		<Realise_en>1917</Realise_en>
		<Liste_des_auteurs>BERTHELÉ, Raoul</Liste_des_auteurs>
		<Type_Doc>NEGATIF N&amp;B</Type_Doc>
		<Support>VERRE</Support>
		<Technique>Photographie stéréo</Technique>
		<Format>4,5 x 10,7 cm</Format>
		<Cote>49Fi420</Cote>
		<Observations></Observations>
		<Origine>Don Faucher-Berhelé entré le 10/11/1978.</Origine>
		<Droits_Repro>Domaine public</Droits_Repro>
		<subject>POIDS LOURD;METEOROLOGIE;INFRASTRUCTURE MILITAIRE;MILITAIRE;GUERRE 1914-1918;</subject>
		<geoname>BERZY-LE-SEC (village);AISNE (département);</geoname>
		<persname>BERTHELE, Raoul;</persname>
		<corpname></corpname>
	</DocsFigures>
<DocsFigures>
		<Titre>Jonchery. Boyaux et fils de fer</Titre>
		<Analyse>Vue d&apos;ensemble d&apos;un réseau de boyaux et de fils de fer dans les environs de Jonchery-sur-Suippe (Marne).
1916. 
Guerre 1914-1918.</Analyse>
		<Realise_en>1916</Realise_en>
		<Liste_des_auteurs>BERTHELÉ, Raoul</Liste_des_auteurs>
		<Type_Doc>NEGATIF N&amp;B</Type_Doc>
		<Support>VERRE</Support>
		<Technique>Photographie stéréo</Technique>
		<Format>4,5 x 10,7 cm</Format>
		<Cote>49Fi421</Cote>
		<Observations>Même cliché que le 49Fi1875/127.</Observations>
		<Origine>Don Faucher-Berhelé entré le 10/11/1978.</Origine>
		<Droits_Repro>Domaine public</Droits_Repro>
		<subject>FORTIFICATION;GUERRE 1914-1918;</subject>
		<geoname>MARNE (département);JONCHERY-SUR-SUIPPE (village);</geoname>
		<persname></persname>
		<corpname></corpname>
	</DocsFigures>
<DocsFigures>
		<Titre>Jonchery. Soldats creusant une tranchée</Titre>
		<Analyse>Vue d&apos;ensemble de soldats creusant un tranchée dans les environs de Jonchery-sur-Suippe (Marne).
1916. 
Guerre 1914-1918.</Analyse>
		<Realise_en>1916</Realise_en>
		<Liste_des_auteurs>BERTHELÉ, Raoul</Liste_des_auteurs>
		<Type_Doc>NEGATIF N&amp;B</Type_Doc>
		<Support>VERRE</Support>
		<Technique>Photographie stéréo</Technique>
		<Format>4,5 x 10,7 cm</Format>
		<Cote>49Fi422</Cote>
		<Observations>Même cliché que le 49Fi1875/122.</Observations>
		<Origine>Don Faucher-Berhelé entré le 10/11/1978.</Origine>
		<Droits_Repro>Domaine public</Droits_Repro>
		<subject>MILITAIRE;FORTIFICATION;GUERRE 1914-1918;</subject>
		<geoname>MARNE (département);JONCHERY-SUR-SUIPPE (village);</geoname>
		<persname></persname>
		<corpname></corpname>
	</DocsFigures>
<DocsFigures>
		<Titre>Cuperly. L&apos;infirmier Ruffin</Titre>
		<Analyse>Portrait en buste de l&apos;infirmier Ruffin à l&apos;hôpital de Cuperly (Marne).
1916. 
Guerre 1914-1918.</Analyse>
		<Realise_en>1916</Realise_en>
		<Liste_des_auteurs>BERTHELÉ, Raoul</Liste_des_auteurs>
		<Type_Doc>NEGATIF N&amp;B</Type_Doc>
		<Support>VERRE</Support>
		<Technique>Photographie stéréo</Technique>
		<Format>4,5 x 10,7 cm</Format>
		<Cote>49Fi423</Cote>
		<Observations>Même cliché que le 49Fi1875/118.</Observations>
		<Origine>Don Faucher-Berhelé entré le 10/11/1978.</Origine>
		<Droits_Repro>Domaine public</Droits_Repro>
		<subject>SERVICE SANITAIRE MILITAIRE;AUXILIAIRE MEDICAL;GUERRE 1914-1918;</subject>
		<geoname>CUPERLY (village);MARNE (département);</geoname>
		<persname></persname>
		<corpname></corpname>
	</DocsFigures>
<DocsFigures>
		<Titre>Cuperly. Calas mon ordonnance (sur la Fifille)</Titre>
		<Analyse>Portrait de Calas l&apos;ordonnance (militaire mis à la disposition d&apos;un officier pour son service personnel) de Raoul Berthelé sur un cheval nommé &quot;Fifille&quot; à Cuperly (Marne).
1916. 
Guerre 1914-1918.</Analyse>
		<Realise_en>1916</Realise_en>
		<Liste_des_auteurs>BERTHELÉ, Raoul</Liste_des_auteurs>
		<Type_Doc>NEGATIF N&amp;B</Type_Doc>
		<Support>VERRE</Support>
		<Technique>Photographie stéréo</Technique>
		<Format>4,5 x 10,7 cm</Format>
		<Cote>49Fi424</Cote>
		<Observations>Même cliché que le 49Fi1875/115.
La vue de doite est légerement abimée.</Observations>
		<Origine>Don Faucher-Berhelé entré le 10/11/1978.</Origine>
		<Droits_Repro>Domaine public</Droits_Repro>
		<subject>MILITAIRE;EQUIDE;TRANSPORT PAR ANIMAL;GUERRE 1914-1918;</subject>
		<geoname>CUPERLY (village);MARNE (département);</geoname>
		<persname></persname>
		<corpname></corpname>
	</DocsFigures>
<DocsFigures>
		<Titre>Jonchery. Abri souterrain. R. Berthelé</Titre>
		<Analyse>Raoul Berthelé posant devant un abri souterrain à Jonchery-sur-Suippe (Marne).
1916. 
Guerre 1914-1918.</Analyse>
		<Realise_en>1916</Realise_en>
		<Liste_des_auteurs>BERTHELÉ, Raoul</Liste_des_auteurs>
		<Type_Doc>NEGATIF N&amp;B</Type_Doc>
		<Support>VERRE</Support>
		<Technique>Photographie stéréo</Technique>
		<Format>4,5 x 10,7 cm</Format>
		<Cote>49Fi425</Cote>
		<Observations>Même cliché que le 49Fi1875/125.</Observations>
		<Origine>Don Faucher-Berhelé entré le 10/11/1978.</Origine>
		<Droits_Repro>Domaine public</Droits_Repro>
		<subject>ABRI;MILITAIRE;GUERRE 1914-1918;</subject>
		<geoname>MARNE (département);JONCHERY-SUR-SUIPPE (village);</geoname>
		<persname>BERTHELE, Raoul;</persname>
		<corpname></corpname>
	</DocsFigures>
<DocsFigures>
		<Titre>Le Bourget. Nouveau Caudron à deux moteurs (R.4)</Titre>
		<Analyse>Nouvel avion Caudron à deux moteurs stationné dans un hangar au Bourget (Seine-Saint-Denis).
1916. 
Guerre 1914-1918.</Analyse>
		<Realise_en>1916</Realise_en>
		<Liste_des_auteurs>BERTHELÉ, Raoul</Liste_des_auteurs>
		<Type_Doc>NEGATIF N&amp;B</Type_Doc>
		<Support>VERRE</Support>
		<Technique>Photographie stéréo</Technique>
		<Format>4,5 x 10,7 cm</Format>
		<Cote>49Fi426</Cote>
		<Observations>Même cliché que le 49Fi1875/111.</Observations>
		<Origine>Don Faucher-Berhelé entré le 10/11/1978.</Origine>
		<Droits_Repro>Domaine public</Droits_Repro>
		<subject>AERONEF;GUERRE 1914-1918;</subject>
		<geoname>SEINE-SAINT-DENIS (Département);BOURGET (LE) (ville);</geoname>
		<persname></persname>
		<corpname></corpname>
	</DocsFigures>
<DocsFigures>
		<Titre>Châlons. Mlle E. Jacquemin</Titre>
		<Analyse>Portrait de Mlle E. Jacquemin et d&apos;une autre femme assises sur un banc à Châlons-en-Champagne (Marne).
1916. 
Guerre 1914-1918.</Analyse>
		<Realise_en>1916</Realise_en>
		<Liste_des_auteurs>BERTHELÉ, Raoul</Liste_des_auteurs>
		<Type_Doc>NEGATIF N&amp;B</Type_Doc>
		<Support>VERRE</Support>
		<Technique>Photographie stéréo</Technique>
		<Format>4,5 x 10,7 cm</Format>
		<Cote>49Fi427</Cote>
		<Observations>Même cliché que le 49Fi1875/99.</Observations>
		<Origine>Don Faucher-Berhelé entré le 10/11/1978.</Origine>
		<Droits_Repro>Domaine public</Droits_Repro>
		<subject>FEMME;GUERRE 1914-1918;</subject>
		<geoname>CHALONS-EN-CHAMPAGNE (ville);MARNE (département);</geoname>
		<persname></persname>
		<corpname></corpname>
	</DocsFigures>
<DocsFigures>
		<Titre>Châlons. Mlle E. Jacquemin</Titre>
		<Analyse>Portrait de Mlle E. Jacquemin assise sur un banc à Châlons-en-Champagne (Marne).
1916. 
Guerre 1914-1918.</Analyse>
		<Realise_en>1916</Realise_en>
		<Liste_des_auteurs>BERTHELÉ, Raoul</Liste_des_auteurs>
		<Type_Doc>NEGATIF N&amp;B</Type_Doc>
		<Support>VERRE</Support>
		<Technique>Photographie stéréo</Technique>
		<Format>4,5 x 10,7 cm</Format>
		<Cote>49Fi428</Cote>
		<Observations>Même cliché que le 49Fi1875/102.</Observations>
		<Origine>Don Faucher-Berhelé entré le 10/11/1978.</Origine>
		<Droits_Repro>Domaine public</Droits_Repro>
		<subject>FEMME;GUERRE 1914-1918;</subject>
		<geoname>CHALONS-EN-CHAMPAGNE (ville);MARNE (département);</geoname>
		<persname></persname>
		<corpname></corpname>
	</DocsFigures>
<DocsFigures>
		<Titre>Evres. Roue pour monter l&apos;eau. Abreuvoir pour les chevaux. Calas</Titre>
		<Analyse>L&apos;ordonnance Calas posant devant un roue pour monter l&apos;eau à l&apos;abreuvoir des chevaux près de Evres (Meuse).
1916. 
Guerre 1914-1918.</Analyse>
		<Realise_en>1916</Realise_en>
		<Liste_des_auteurs>BERTHELÉ, Raoul</Liste_des_auteurs>
		<Type_Doc>NEGATIF N&amp;B</Type_Doc>
		<Support>VERRE</Support>
		<Technique>Photographie stéréo</Technique>
		<Format>4,5 x 10,7 cm</Format>
		<Cote>49Fi429</Cote>
		<Observations>Même cliché que le 49Fi1877/36.</Observations>
		<Origine>Don Faucher-Berhelé entré le 10/11/1978.</Origine>
		<Droits_Repro>Domaine public</Droits_Repro>
		<subject>GUERRE 1914-1918;</subject>
		<geoname>MEUSE (département);EVRES (village);</geoname>
		<persname></persname>
		<corpname></corpname>
	</DocsFigures>
<DocsFigures>
		<Titre>Sommes-Vesle. Biplan Nieuport. Sergent Colombe</Titre>
		<Analyse>Vue du sergent aviateur Colombe sortant d&apos;un avion biplan Nieuport de l&apos;escadrille N° 23 à Somme-Vesle (Marne).
1916. 
Guerre 1914-1918.</Analyse>
		<Realise_en>1916</Realise_en>
		<Liste_des_auteurs>BERTHELÉ, Raoul</Liste_des_auteurs>
		<Type_Doc>NEGATIF N&amp;B</Type_Doc>
		<Support>VERRE</Support>
		<Technique>Photographie stéréo</Technique>
		<Format>4,5 x 10,7 cm</Format>
		<Cote>49Fi430</Cote>
		<Observations>Même cliché que les 49Fi1874/38 et 49Fi1875/28.</Observations>
		<Origine>Don Faucher-Berhelé entré le 10/11/1978.</Origine>
		<Droits_Repro>Domaine public</Droits_Repro>
		<subject>AERONEF;MILITAIRE;GUERRE 1914-1918;</subject>
		<geoname>MARNE (département);SOMME-VESLE (village);</geoname>
		<persname></persname>
		<corpname></corpname>
	</DocsFigures>
<DocsFigures>
		<Titre>Somme-Vesle. Biplan Nieuport. le docteur Colombe et son frère</Titre>
		<Analyse>Le docteur Colombe et son frère posent devant un avion biplan Nieuport à Somme-Vesle (Marne).
1916. 
Guerre 1914-1918.</Analyse>
		<Realise_en>1916</Realise_en>
		<Liste_des_auteurs>BERTHELÉ, Raoul</Liste_des_auteurs>
		<Type_Doc>NEGATIF N&amp;B</Type_Doc>
		<Support>VERRE</Support>
		<Technique>Photographie stéréo</Technique>
		<Format>4,5 x 10,7 cm</Format>
		<Cote>49Fi431</Cote>
		<Observations>Même cliché que le 49Fi1874/39 et la 49Fi1875/25.</Observations>
		<Origine>Don Faucher-Berhelé entré le 10/11/1978.</Origine>
		<Droits_Repro>Domaine public</Droits_Repro>
		<subject>AERONEF;MILITAIRE;GUERRE 1914-1918;</subject>
		<geoname>MARNE (département);SOMME-VESLE (village);</geoname>
		<persname></persname>
		<corpname></corpname>
	</DocsFigures>
<DocsFigures>
		<Titre>La Cheppe</Titre>
		<Analyse>Officier posant à cheval près de La Cheppe (Marne).
1916. 
Guerre 1914-1918.</Analyse>
		<Realise_en>1916</Realise_en>
		<Liste_des_auteurs>BERTHELÉ, Raoul</Liste_des_auteurs>
		<Type_Doc>NEGATIF N&amp;B</Type_Doc>
		<Support>VERRE</Support>
		<Technique>Photographie stéréo</Technique>
		<Format>4,5 x 10,7 cm</Format>
		<Cote>49Fi432</Cote>
		<Observations>Même cliché que le 49Fi1875/133.</Observations>
		<Origine>Don Faucher-Berhelé entré le 10/11/1978.</Origine>
		<Droits_Repro>Domaine public</Droits_Repro>
		<subject>TRANSPORT PAR ANIMAL;EQUIDE;MILITAIRE;GUERRE 1914-1918;</subject>
		<geoname>LA CHEPPE (village);MARNE (département);</geoname>
		<persname></persname>
		<corpname></corpname>
	</DocsFigures>
<DocsFigures>
		<Titre>La Cheppe. Le chef artificier Sachy</Titre>
		<Analyse>Le chef artificier Sachy posant à cheval près de La Cheppe (Marne).
1916. 
Guerre 1914-1918.</Analyse>
		<Realise_en>1916</Realise_en>
		<Liste_des_auteurs>BERTHELÉ, Raoul</Liste_des_auteurs>
		<Type_Doc>NEGATIF N&amp;B</Type_Doc>
		<Support>VERRE</Support>
		<Technique>Photographie stéréo</Technique>
		<Format>4,5 x 10,7 cm</Format>
		<Cote>49Fi433</Cote>
		<Observations>Même cliché que le 49Fi1875/136.</Observations>
		<Origine>Don Faucher-Berhelé entré le 10/11/1978.</Origine>
		<Droits_Repro>Domaine public</Droits_Repro>
		<subject>TRANSPORT PAR ANIMAL;MILITAIRE;EQUIDE;GUERRE 1914-1918;</subject>
		<geoname>LA CHEPPE (village);MARNE (département);</geoname>
		<persname></persname>
		<corpname></corpname>
	</DocsFigures>
<DocsFigures>
		<Titre>La Cheppe. Groupe d&apos;artilleurs</Titre>
		<Analyse>Groupe d&apos;artilleurs posant avec le chef artificier Sachy à La Cheppe (Marne).
1916. 
Guerre 1914-1918.</Analyse>
		<Realise_en>1916</Realise_en>
		<Liste_des_auteurs>BERTHELÉ, Raoul</Liste_des_auteurs>
		<Type_Doc>NEGATIF N&amp;B</Type_Doc>
		<Support>VERRE</Support>
		<Technique>Photographie stéréo</Technique>
		<Format>4,5 x 10,7 cm</Format>
		<Cote>49Fi434</Cote>
		<Observations>Même cliché que le 49Fi1875/130.</Observations>
		<Origine>Don Faucher-Berhelé entré le 10/11/1978.</Origine>
		<Droits_Repro>Domaine public</Droits_Repro>
		<subject>MILITAIRE;GUERRE 1914-1918;</subject>
		<geoname>LA CHEPPE (village);MARNE (département);</geoname>
		<persname></persname>
		<corpname></corpname>
	</DocsFigures>
<DocsFigures>
		<Titre>La Cheppe. Camp d&apos;Attila. Explosion</Titre>
		<Analyse>Explosion au camp d&apos;Atilla près de La Cheppe (Marne).
1916.
Guerre 1914-1918.</Analyse>
		<Realise_en>1916</Realise_en>
		<Liste_des_auteurs>BERTHELÉ, Raoul</Liste_des_auteurs>
		<Type_Doc>Positif N&amp;B</Type_Doc>
		<Support>VERRE</Support>
		<Technique>Photographie stéréo</Technique>
		<Format>4,5 x 10,7 cm</Format>
		<Cote>49Fi435</Cote>
		<Observations>Plaque positive de la 49Fi516.</Observations>
		<Origine>Don Faucher-Berhelé entré le 10/11/1978.</Origine>
		<Droits_Repro>Domaine public</Droits_Repro>
		<subject>GUERRE 1914-1918;</subject>
		<geoname>LA CHEPPE (village);MARNE (département);</geoname>
		<persname></persname>
		<corpname></corpname>
	</DocsFigures>
<DocsFigures>
		<Titre>Châlons. Bord du canal. Mlle Raymonde Robain</Titre>
		<Analyse>Portrait en buste de Mlle Raymonde Robain posant au bord d&apos;un canal à Châlons-en-Champagne (Marne).
3 avril 1916. 
Guerre 1914-1918.</Analyse>
		<Realise_en>1916</Realise_en>
		<Liste_des_auteurs>BERTHELÉ, Raoul</Liste_des_auteurs>
		<Type_Doc>Positif N&amp;B</Type_Doc>
		<Support>VERRE</Support>
		<Technique>Photographie stéréo</Technique>
		<Format>4,5 x 10,7 cm</Format>
		<Cote>49Fi436</Cote>
		<Observations>Même cliché que les 49Fi1009 et 49Fi1876/29.</Observations>
		<Origine>Don Faucher-Berhelé entré le 10/11/1978.</Origine>
		<Droits_Repro>Domaine public</Droits_Repro>
		<subject>FEMME;GUERRE 1914-1918;</subject>
		<geoname>CHALONS-EN-CHAMPAGNE (ville);MARNE (département);</geoname>
		<persname></persname>
		<corpname></corpname>
	</DocsFigures>
<DocsFigures>
		<Titre>Escadrille V.21. Biplan Bréguet</Titre>
		<Analyse>Plan serré d&apos;un avion biplan Bréguet de l&apos;escadrille V.21 s&apos;appretant à décoller du terrain de Saint-Etienne-au-Temple (Marne).
1916. 
Guerre 1914-1918.</Analyse>
		<Realise_en>1916</Realise_en>
		<Liste_des_auteurs>BERTHELÉ, Raoul</Liste_des_auteurs>
		<Type_Doc>Positif N&amp;B</Type_Doc>
		<Support>VERRE</Support>
		<Technique>Photographie stéréo</Technique>
		<Format>4,5 x 10,7 cm</Format>
		<Cote>49Fi437</Cote>
		<Observations>Même cliché que le 49Fi1875/93.</Observations>
		<Origine>Don Faucher-Berhelé entré le 10/11/1978.</Origine>
		<Droits_Repro>Domaine public</Droits_Repro>
		<subject>AERONEF;GUERRE 1914-1918;</subject>
		<geoname>MARNE (département);SAINT-ETIENNE-AU-TEMPLE (village);</geoname>
		<persname></persname>
		<corpname></corpname>
	</DocsFigures>
<DocsFigures>
		<Titre>Aubercy. Centre d&apos;achat</Titre>
		<Analyse>Centre d&apos;achat pour l&apos;approvisionnement en nourriture au hameau d&apos;Aubercy (Meuse).
1916. 
Guerre 1914-1918.</Analyse>
		<Realise_en>1916</Realise_en>
		<Liste_des_auteurs>BERTHELÉ, Raoul</Liste_des_auteurs>
		<Type_Doc>NEGATIF N&amp;B</Type_Doc>
		<Support>VERRE</Support>
		<Technique>Photographie stéréo</Technique>
		<Format>4,5 x 10,7 cm</Format>
		<Cote>49Fi438</Cote>
		<Observations>Même cliché que le 49Fi187</Observations>
		<Origine>Don Faucher-Berhelé entré le 10/11/1978.</Origine>
		<Droits_Repro>Domaine public</Droits_Repro>
		<subject>RAVITAILLEMENT;*HOMME;COMMERCE ALIMENTAIRE;VIANDE;GUERRE 1914-1918;</subject>
		<geoname>MEUSE (département);AUBERCY (hameau);TRIAUCOURT-EN-ARGONNE (hameau);SEUIL-D&apos;ARGONNE (village);</geoname>
		<persname></persname>
		<corpname></corpname>
	</DocsFigures>
<DocsFigures>
		<Titre>Rembercourt. Eglise</Titre>
		<Analyse>Vue d&apos;ensemble de l&apos;église de Rembercourt-aux-Pots (Meuse).
Octobre-novembre 1916. 
Guerre 1914-1918.</Analyse>
		<Realise_en>1916</Realise_en>
		<Liste_des_auteurs>BERTHELÉ, Raoul</Liste_des_auteurs>
		<Type_Doc>NEGATIF N&amp;B</Type_Doc>
		<Support>VERRE</Support>
		<Technique>Photographie stéréo</Technique>
		<Format>4,5 x 10,7 cm</Format>
		<Cote>49Fi439</Cote>
		<Observations>Même cliché que les 49Fi337, 49Fi1590 et 49Fi1877/109.</Observations>
		<Origine>Don Faucher-Berhelé entré le 10/11/1978.</Origine>
		<Droits_Repro>Domaine public</Droits_Repro>
		<subject>EDIFICE CULTUEL;BIEN SINISTRE;GUERRE 1914-1918;</subject>
		<geoname>REMBERCOURT-AUX-POTS (hameau);MEUSE (département);REMBERCOURT-SOMMAISNE (village);</geoname>
		<persname></persname>
		<corpname></corpname>
	</DocsFigures>
<DocsFigures>
		<Titre>Chardogne. R B</Titre>
		<Analyse>Vue de Raoul Berthelé lisant une lettre sur les bords d&apos;une rivière à Chardogne (Meuse).
Novembre-décembre 1916.
Guerre 1914-1918.</Analyse>
		<Realise_en>1916</Realise_en>
		<Liste_des_auteurs>BERTHELÉ, Raoul</Liste_des_auteurs>
		<Type_Doc>NEGATIF N&amp;B</Type_Doc>
		<Support>VERRE</Support>
		<Technique>Photographie stéréo</Technique>
		<Format>4,5 x 10,7 cm</Format>
		<Cote>49Fi440</Cote>
		<Observations>Même cliché que le 49Fi443.</Observations>
		<Origine>Don Faucher-Berhelé entré le 10/11/1978.</Origine>
		<Droits_Repro>Domaine public</Droits_Repro>
		<subject>GUERRE 1914-1918;</subject>
		<geoname>CHARDOGNE (village);MEUSE (département);</geoname>
		<persname>BERTHELE, Raoul;</persname>
		<corpname></corpname>
	</DocsFigures>
<DocsFigures>
		<Titre>Fains. Bord de l&apos;Ornain</Titre>
		<Analyse>Vue des bords de l&apos;Ornain près de Fains-les-Sources (Meuse).
1916. 
Guerre 1914-1918.</Analyse>
		<Realise_en>1916</Realise_en>
		<Liste_des_auteurs>BERTHELÉ, Raoul</Liste_des_auteurs>
		<Type_Doc>NEGATIF N&amp;B</Type_Doc>
		<Support>VERRE</Support>
		<Technique>Photographie stéréo</Technique>
		<Format>4,5 x 10,7 cm</Format>
		<Cote>49Fi441</Cote>
		<Observations>Même cliché que les 49Fi1593 et 49Fi1877/87.</Observations>
		<Origine>Don Faucher-Berhelé entré le 10/11/1978.</Origine>
		<Droits_Repro>Domaine public</Droits_Repro>
		<subject>GUERRE 1914-1918;</subject>
		<geoname>FAINS-VEEL (ville);MEUSE (département);FAINS-LES-SOURCES (hameau);</geoname>
		<persname></persname>
		<corpname></corpname>
	</DocsFigures>
<DocsFigures>
		<Titre>Chardogne. Pont. R. B.</Titre>
		<Analyse>Vue de Raoul Berthelé posant au milieu d&apos;un pont à Chardogne (Meuse).
Novembre-décembre 1916. 
Guerre 1914-1918.
Sur la gauche un homme portant une pelle sur l&apos;épaule.</Analyse>
		<Realise_en>1916</Realise_en>
		<Liste_des_auteurs>BERTHELÉ, Raoul</Liste_des_auteurs>
		<Type_Doc>NEGATIF N&amp;B</Type_Doc>
		<Support>VERRE</Support>
		<Technique>Photographie stéréo</Technique>
		<Format>4,5 x 10,7 cm</Format>
		<Cote>49Fi442</Cote>
		<Observations>Même cliché que les 49Fi340, 49Fi1598 et 49Fi1877/119.</Observations>
		<Origine>Don Faucher-Berhelé entré le 10/11/1978.</Origine>
		<Droits_Repro>Domaine public</Droits_Repro>
		<subject>GUERRE 1914-1918;</subject>
		<geoname>CHARDOGNE (village);MEUSE (département);</geoname>
		<persname>BERTHELE, Raoul;</persname>
		<corpname></corpname>
	</DocsFigures>
<DocsFigures>
		<Titre>Rembercourt. Eglise et cimetière</Titre>
		<Analyse>Vue d&apos;ensemble de l&apos;église en ruines et du cimetière de Rembercourt-aux-Pots (Meuse).
Octobre-novembre 1916. 
Guerre 1914-1918.</Analyse>
		<Realise_en>1916</Realise_en>
		<Liste_des_auteurs>BERTHELÉ, Raoul</Liste_des_auteurs>
		<Type_Doc>NEGATIF N&amp;B</Type_Doc>
		<Support>VERRE</Support>
		<Technique>Photographie stéréo</Technique>
		<Format>4,5 x 10,7 cm</Format>
		<Cote>49Fi443</Cote>
		<Observations>Même cliché que les 49Fi338 et 49Fi1877/111.</Observations>
		<Origine>Don Faucher-Berhelé entré le 10/11/1978.</Origine>
		<Droits_Repro>Domaine public</Droits_Repro>
		<subject>EDIFICE CULTUEL;BIEN SINISTRE;CIMETIERE;SINISTRE;GUERRE 1914-1918;</subject>
		<geoname>REMBERCOURT-AUX-POTS (hameau);MEUSE (département);REMBERCOURT-SOMMAISNE (village);</geoname>
		<persname></persname>
		<corpname></corpname>
	</DocsFigures>
<DocsFigures>
		<Titre>Fains. Bord de l&apos;Ornain. R. Berthelé</Titre>
		<Analyse>Raoul Berthelé en uniforme posant au bord de l&apos;Ornain à Fains-les-Sources (Meuse).
1916.
Guerre 1914-1918.</Analyse>
		<Realise_en>1916</Realise_en>
		<Liste_des_auteurs>BERTHELÉ, Raoul</Liste_des_auteurs>
		<Type_Doc>NEGATIF N&amp;B</Type_Doc>
		<Support>VERRE</Support>
		<Technique>Photographie stéréo</Technique>
		<Format>4,5 x 10,7 cm</Format>
		<Cote>49Fi444</Cote>
		<Observations>Même cliché que les 49Fi1828, 49Fi336, 49Fi1877/90.</Observations>
		<Origine>Don Faucher-Berhelé entré le 10/11/1978.</Origine>
		<Droits_Repro>Domaine public</Droits_Repro>
		<subject>GUERRE 1914-1918;</subject>
		<geoname>FAINS-VEEL (ville);MEUSE (département);FAINS-LES-SOURCES (hameau);</geoname>
		<persname>BERTHELE, Raoul;</persname>
		<corpname></corpname>
	</DocsFigures>
<DocsFigures>
		<Titre>Chardogne. Photo faite au clair de lune</Titre>
		<Analyse>&quot;f=4,5 [ouverture], 40 mins [temps de pose]&quot;
Vue de Chardogne (Meuse) au clair de lune. 
9 novembre Novembre-décembre 1916.
Guerre 1914-1918.
Au premier plan un rivière et un pont, au second des maisons.</Analyse>
		<Realise_en>1916</Realise_en>
		<Liste_des_auteurs>BERTHELÉ, Raoul</Liste_des_auteurs>
		<Type_Doc>NEGATIF N&amp;B</Type_Doc>
		<Support>VERRE</Support>
		<Technique>Photographie stéréo</Technique>
		<Format>4,5 x 10,7 cm</Format>
		<Cote>49Fi445</Cote>
		<Observations>Même cliché que les 49Fi342 et 49Fi1877/118.</Observations>
		<Origine>Don Faucher-Berhelé entré le 10/11/1978.</Origine>
		<Droits_Repro>Domaine public</Droits_Repro>
		<subject>GUERRE 1914-1918;</subject>
		<geoname>CHARDOGNE (village);MEUSE (département);</geoname>
		<persname></persname>
		<corpname></corpname>
	</DocsFigures>
<DocsFigures>
		<Titre>Vaubecourt. Ruines de l&apos;église</Titre>
		<Analyse>Vue des ruines de l&apos;église de Vaubecourt  (Meuse) suite à un bombardement.
1916. 
Guerre 1914-1918.
Au centre les cloches de l&apos;église. </Analyse>
		<Realise_en>1916</Realise_en>
		<Liste_des_auteurs>BERTHELÉ, Raoul</Liste_des_auteurs>
		<Type_Doc>NEGATIF N&amp;B</Type_Doc>
		<Support>VERRE</Support>
		<Technique>Photographie stéréo</Technique>
		<Format>4,5 x 10,7 cm</Format>
		<Cote>49Fi446</Cote>
		<Observations>Même cliché que le 49Fi1876/78.</Observations>
		<Origine>Don Faucher-Berhelé entré le 10/11/1978.</Origine>
		<Droits_Repro>Domaine public</Droits_Repro>
		<subject>EDIFICE CULTUEL;BIEN SINISTRE;SINISTRE;GUERRE 1914-1918;</subject>
		<geoname>MEUSE (département);VAUBECOURT (village);</geoname>
		<persname></persname>
		<corpname></corpname>
	</DocsFigures>
<DocsFigures>
		<Titre>Souilly. Prisonniers allemands</Titre>
		<Analyse>Prisonniers allemands en corvée dans une carrière près de Souilly (Meuse).
1916. 
Guerre 1914-1918.</Analyse>
		<Realise_en>1916</Realise_en>
		<Liste_des_auteurs>BERTHELÉ, Raoul</Liste_des_auteurs>
		<Type_Doc>NEGATIF N&amp;B</Type_Doc>
		<Support>VERRE</Support>
		<Technique>Photographie stéréo</Technique>
		<Format>4,5 x 10,7 cm</Format>
		<Cote>49Fi447</Cote>
		<Observations>Même cliché que le 49Fi1876/103.</Observations>
		<Origine>Don Faucher-Berhelé entré le 10/11/1978.</Origine>
		<Droits_Repro>Domaine public</Droits_Repro>
		<subject>MILITAIRE;PRISONNIER DE GUERRE;GUERRE 1914-1918;</subject>
		<geoname>SOUILLY (village);MEUSE (département);</geoname>
		<persname></persname>
		<corpname></corpname>
	</DocsFigures>
<DocsFigures>
		<Titre>Louppy-le-Château. Ruines de l&apos;église</Titre>
		<Analyse>Vue des ruines de l&apos;église de Louppy-le-Château (Meuse), suite à un bombardement.
1916. 
Guerre 1914-1918.</Analyse>
		<Realise_en>1916</Realise_en>
		<Liste_des_auteurs>BERTHELÉ, Raoul</Liste_des_auteurs>
		<Type_Doc>NEGATIF N&amp;B</Type_Doc>
		<Support>VERRE</Support>
		<Technique>Photographie stéréo</Technique>
		<Format>4,5 x 10,7 cm</Format>
		<Cote>49Fi448</Cote>
		<Observations>Même cliché que le 49Fi1876/74.</Observations>
		<Origine>Don Faucher-Berhelé entré le 10/11/1978.</Origine>
		<Droits_Repro>Domaine public</Droits_Repro>
		<subject>EDIFICE CULTUEL;BIEN SINISTRE;SINISTRE;GUERRE 1914-1918;</subject>
		<geoname>MEUSE (département);LOUPPY-LE-CHATEAU (village);</geoname>
		<persname></persname>
		<corpname></corpname>
	</DocsFigures>
<DocsFigures>
		<Titre>Louppy-le-Petit [Louppy-sur-Chée]. Morceaux de la cloche</Titre>
		<Analyse>Vue des restes de la cloche de de l&apos;église de Louppy-sur-Chée (Meuse) suite à un bombardement.
1916. 
Guerre 1914-1918.</Analyse>
		<Realise_en>1916</Realise_en>
		<Liste_des_auteurs>BERTHELÉ, Raoul</Liste_des_auteurs>
		<Type_Doc>NEGATIF N&amp;B</Type_Doc>
		<Support>VERRE</Support>
		<Technique>Photographie stéréo</Technique>
		<Format>4,5 x 10,7 cm</Format>
		<Cote>49Fi449</Cote>
		<Observations></Observations>
		<Origine>Don Faucher-Berhelé entré le 10/11/1978.</Origine>
		<Droits_Repro>Domaine public</Droits_Repro>
		<subject>GUERRE 1914-1918;</subject>
		<geoname>MEUSE (département);LES HAUTS-DE-CHEE (village);LOUPPY-SUR-CHEE (hameau);</geoname>
		<persname></persname>
		<corpname></corpname>
	</DocsFigures>
<DocsFigures>
		<Titre>Fleury. HOE [hôpital d&apos;évacuation]. R. Berthelé</Titre>
		<Analyse>Portrait en pied de Raoul Berthelé à l&apos;hôpital d&apos;évacuation de Fleury-sur-Aire (Meuse).
1916. 
Guerre 1914-1918.</Analyse>
		<Realise_en>1916</Realise_en>
		<Liste_des_auteurs>BERTHELÉ, Raoul</Liste_des_auteurs>
		<Type_Doc>NEGATIF N&amp;B</Type_Doc>
		<Support>VERRE</Support>
		<Technique>Photographie stéréo</Technique>
		<Format>4,5 x 10,7 cm</Format>
		<Cote>49Fi450</Cote>
		<Observations>Même cliché que le 49Fi1876/97.</Observations>
		<Origine>Don Faucher-Berhelé entré le 10/11/1978.</Origine>
		<Droits_Repro>Domaine public</Droits_Repro>
		<subject>MILITAIRE;SERVICE SANITAIRE MILITAIRE;GUERRE 1914-1918;</subject>
		<geoname>FLEURY-SUR-AIRE (hameau);MEUSE (département);NUBECOURT (village);</geoname>
		<persname>BERTHELE, Raoul;</persname>
		<corpname></corpname>
	</DocsFigures>
<DocsFigures>
		<Titre>Chardogne. [Paysanne rentrant le foin]</Titre>
		<Analyse>Paysanne en train de rentrer le foin dans une grange à Chardogne (Meuse).
Novembre-décembre 1916. 
Guerre 1914-1918.</Analyse>
		<Realise_en>1916</Realise_en>
		<Liste_des_auteurs>BERTHELÉ, Raoul</Liste_des_auteurs>
		<Type_Doc>NEGATIF N&amp;B</Type_Doc>
		<Support>VERRE</Support>
		<Technique>Photographie stéréo</Technique>
		<Format>4,5 x 10,7 cm</Format>
		<Cote>49Fi451</Cote>
		<Observations></Observations>
		<Origine>Don Faucher-Berhelé entré le 10/11/1978.</Origine>
		<Droits_Repro>Domaine public</Droits_Repro>
		<subject>GUERRE 1914-1918;</subject>
		<geoname>CHARDOGNE (village);MEUSE (département);</geoname>
		<persname></persname>
		<corpname></corpname>
	</DocsFigures>
<DocsFigures>
		<Titre>Chardogne. [Cour d&apos;une ferme]</Titre>
		<Analyse>Cour d&apos;une ferme à Chardogne (Meuse).
Novembre-décembre 1916. 
Guerre 1914-1918.</Analyse>
		<Realise_en>1916</Realise_en>
		<Liste_des_auteurs>BERTHELÉ, Raoul</Liste_des_auteurs>
		<Type_Doc>NEGATIF N&amp;B</Type_Doc>
		<Support>VERRE</Support>
		<Technique>Photographie stéréo</Technique>
		<Format>4,5 x 10,7 cm</Format>
		<Cote>49Fi452</Cote>
		<Observations></Observations>
		<Origine>Don Faucher-Berhelé entré le 10/11/1978.</Origine>
		<Droits_Repro>Domaine public</Droits_Repro>
		<subject>GUERRE 1914-1918;</subject>
		<geoname>CHARDOGNE (village);MEUSE (département);</geoname>
		<persname></persname>
		<corpname></corpname>
	</DocsFigures>
<DocsFigures>
		<Titre>Chardogne. [Cour d&apos;une ferme]</Titre>
		<Analyse>Cour d&apos;une ferme à Chardogne (Meuse).
Novembre-décembre 1916. 
Guerre 1914-1918.</Analyse>
		<Realise_en>1916</Realise_en>
		<Liste_des_auteurs>BERTHELÉ, Raoul</Liste_des_auteurs>
		<Type_Doc>NEGATIF N&amp;B</Type_Doc>
		<Support>VERRE</Support>
		<Technique>Photographie stéréo</Technique>
		<Format>4,5 x 10,7 cm</Format>
		<Cote>49Fi453</Cote>
		<Observations></Observations>
		<Origine>Don Faucher-Berhelé entré le 10/11/1978.</Origine>
		<Droits_Repro>Domaine public</Droits_Repro>
		<subject>GUERRE 1914-1918;</subject>
		<geoname>CHARDOGNE (village);MEUSE (département);</geoname>
		<persname></persname>
		<corpname></corpname>
	</DocsFigures>
<DocsFigures>
		<Titre>Chardogne. [Portrait de M. Vannerot]</Titre>
		<Analyse>Portrait en buste d&apos;un jeune homme M. Varnerot en costume à Chardogne (Meuse).
Novembre-décembre 1916. 
Guerre 1914-1918.</Analyse>
		<Realise_en>1916</Realise_en>
		<Liste_des_auteurs>BERTHELÉ, Raoul</Liste_des_auteurs>
		<Type_Doc>NEGATIF N&amp;B</Type_Doc>
		<Support>VERRE</Support>
		<Technique>Photographie stéréo</Technique>
		<Format>4,5 x 10,7 cm</Format>
		<Cote>49Fi454</Cote>
		<Observations>Même cliché que le 49Fi1877/114.</Observations>
		<Origine>Don Faucher-Berhelé entré le 10/11/1978.</Origine>
		<Droits_Repro>Domaine public</Droits_Repro>
		<subject>GUERRE 1914-1918;</subject>
		<geoname>CHARDOGNE (village);MEUSE (département);</geoname>
		<persname></persname>
		<corpname></corpname>
	</DocsFigures>
<DocsFigures>
		<Titre>Chardogne. Chailun</Titre>
		<Analyse>Portrait du militaire Chailun à Chardogne (Meuse).
Novembre-décembre 1916. 
Guerre 1914-1918.</Analyse>
		<Realise_en>1916</Realise_en>
		<Liste_des_auteurs>BERTHELÉ, Raoul</Liste_des_auteurs>
		<Type_Doc>NEGATIF N&amp;B</Type_Doc>
		<Support>VERRE</Support>
		<Technique>Photographie stéréo</Technique>
		<Format>4,5 x 10,7 cm</Format>
		<Cote>49Fi455</Cote>
		<Observations></Observations>
		<Origine>Don Faucher-Berhelé entré le 10/11/1978.</Origine>
		<Droits_Repro>Domaine public</Droits_Repro>
		<subject>GUERRE 1914-1918;</subject>
		<geoname>CHARDOGNE (village);MEUSE (département);</geoname>
		<persname></persname>
		<corpname></corpname>
	</DocsFigures>
<DocsFigures>
		<Titre>Chardogne. Lever de lune</Titre>
		<Analyse>Vue d&apos;une route prise au lever de la lune près de Chardogne (Meuse).
Novembre-décembre 1916. 
Guerre 1914-1918.</Analyse>
		<Realise_en>1916</Realise_en>
		<Liste_des_auteurs>BERTHELÉ, Raoul</Liste_des_auteurs>
		<Type_Doc>NEGATIF N&amp;B</Type_Doc>
		<Support>VERRE</Support>
		<Technique>Photographie stéréo</Technique>
		<Format>4,5 x 10,7 cm</Format>
		<Cote>49Fi456</Cote>
		<Observations>Même cliché que le 49Fi1877/115.</Observations>
		<Origine>Don Faucher-Berhelé entré le 10/11/1978.</Origine>
		<Droits_Repro>Domaine public</Droits_Repro>
		<subject>GUERRE 1914-1918;</subject>
		<geoname>CHARDOGNE (village);MEUSE (département);</geoname>
		<persname></persname>
		<corpname></corpname>
	</DocsFigures>
<DocsFigures>
		<Titre>Chardogne. Mme Dargent</Titre>
		<Analyse>Portrait en pied de Mme Dargent à Chardogne (Meuse).
Novembre-décembre 1916. 
Guerre 1914-1918.</Analyse>
		<Realise_en>1916</Realise_en>
		<Liste_des_auteurs>BERTHELÉ, Raoul</Liste_des_auteurs>
		<Type_Doc>NEGATIF N&amp;B</Type_Doc>
		<Support>VERRE</Support>
		<Technique>Photographie stéréo</Technique>
		<Format>4,5 x 10,7 cm</Format>
		<Cote>49Fi457</Cote>
		<Observations></Observations>
		<Origine>Don Faucher-Berhelé entré le 10/11/1978.</Origine>
		<Droits_Repro>Domaine public</Droits_Repro>
		<subject>GUERRE 1914-1918;</subject>
		<geoname>CHARDOGNE (village);MEUSE (département);</geoname>
		<persname></persname>
		<corpname></corpname>
	</DocsFigures>
<DocsFigures>
		<Titre>Chardogne. Mme Dargent</Titre>
		<Analyse>Portrait en buste de Mme Dargent à Chardogne (Meuse).
Novembre-décembre 1916. 
Guerre 1914-1918.</Analyse>
		<Realise_en>1916</Realise_en>
		<Liste_des_auteurs>BERTHELÉ, Raoul</Liste_des_auteurs>
		<Type_Doc>NEGATIF N&amp;B</Type_Doc>
		<Support>VERRE</Support>
		<Technique>Photographie stéréo</Technique>
		<Format>4,5 x 10,7 cm</Format>
		<Cote>49Fi458</Cote>
		<Observations></Observations>
		<Origine>Don Faucher-Berhelé entré le 10/11/1978.</Origine>
		<Droits_Repro>Domaine public</Droits_Repro>
		<subject>GUERRE 1914-1918;</subject>
		<geoname>CHARDOGNE (village);MEUSE (département);</geoname>
		<persname></persname>
		<corpname></corpname>
	</DocsFigures>
<DocsFigures>
		<Titre>Chardogne. Intérieur de l&apos;église</Titre>
		<Analyse>Vue de la nef et choeur de l&apos;église de Chardogne (Meuse).
Novembre-décembre 1916. 
Guerre 1914-1918.                                                                                                                                                                                                                                                                                                                                                                                                                                                                                                                                                                                                                                                                                                                                                                                                                                                                                                                                                                                                                                                                                                                                                                                                                                                                                                                                  </Analyse>
		<Realise_en>1916</Realise_en>
		<Liste_des_auteurs>BERTHELÉ, Raoul</Liste_des_auteurs>
		<Type_Doc>NEGATIF N&amp;B</Type_Doc>
		<Support>VERRE</Support>
		<Technique>Photographie stéréo</Technique>
		<Format>4,5 x 10,7 cm</Format>
		<Cote>49Fi459</Cote>
		<Observations>Même cliché que le 49Fi1877/120.</Observations>
		<Origine>Don Faucher-Berhelé entré le 10/11/1978.</Origine>
		<Droits_Repro>Domaine public</Droits_Repro>
		<subject>EDIFICE CULTUEL;BIEN SINISTRE;GUERRE 1914-1918;</subject>
		<geoname>CHARDOGNE (village);MEUSE (département);</geoname>
		<persname></persname>
		<corpname></corpname>
	</DocsFigures>
<DocsFigures>
		<Titre>Chardogne. Ruines</Titre>
		<Analyse>Vue générale des ruines d&apos;une maison à Chardogne (Meuse).
Novembre-décembre 1916. 
Guerre 1914-1918.
Sur la vue de droite un homme et une femme apparaissent sur la gauche.</Analyse>
		<Realise_en>1916</Realise_en>
		<Liste_des_auteurs>BERTHELÉ, Raoul</Liste_des_auteurs>
		<Type_Doc>NEGATIF N&amp;B</Type_Doc>
		<Support>VERRE</Support>
		<Technique>Photographie stéréo</Technique>
		<Format>4,5 x 10,7 cm</Format>
		<Cote>49Fi460</Cote>
		<Observations></Observations>
		<Origine>Don Faucher-Berhelé entré le 10/11/1978.</Origine>
		<Droits_Repro>Domaine public</Droits_Repro>
		<subject>FEMME;*HOMME;SINISTRE;BIEN SINISTRE;GUERRE 1914-1918;</subject>
		<geoname>CHARDOGNE (village);MEUSE (département);</geoname>
		<persname></persname>
		<corpname></corpname>
	</DocsFigures>
<DocsFigures>
		<Titre>Chardogne. Ruines</Titre>
		<Analyse>Chardogne (Meuse).
Novembre-décembre 1916.
Vue de Raoul Berthelé posant au milieu de ruines recouvertes par la végétation.
Guerre 1914-1918.</Analyse>
		<Realise_en>1916</Realise_en>
		<Liste_des_auteurs>BERTHELÉ, Raoul</Liste_des_auteurs>
		<Type_Doc>NEGATIF N&amp;B</Type_Doc>
		<Support>VERRE</Support>
		<Technique>Photographie stéréo</Technique>
		<Format>4,5 x 10,7 cm</Format>
		<Cote>49Fi461</Cote>
		<Observations></Observations>
		<Origine>Don Faucher-Berhelé entré le 10/11/1978.</Origine>
		<Droits_Repro>Domaine public</Droits_Repro>
		<subject>MILITAIRE;SINISTRE;BIEN SINISTRE;GUERRE 1914-1918;</subject>
		<geoname>CHARDOGNE (village);MEUSE (département);</geoname>
		<persname>BERTHELE, Raoul;</persname>
		<corpname></corpname>
	</DocsFigures>
<DocsFigures>
		<Titre>Chardogne. R. Berthelé</Titre>
		<Analyse>Portrait de Raoul Berthelé assis sur une butte près de Chardogne (Meuse).
Novembre-décembre 1916. 
Guerre 1914-1918.</Analyse>
		<Realise_en>1916</Realise_en>
		<Liste_des_auteurs>BERTHELÉ, Raoul</Liste_des_auteurs>
		<Type_Doc>NEGATIF N&amp;B</Type_Doc>
		<Support>VERRE</Support>
		<Technique>Photographie stéréo</Technique>
		<Format>4,5 x 10,7 cm</Format>
		<Cote>49Fi462</Cote>
		<Observations></Observations>
		<Origine>Don Faucher-Berhelé entré le 10/11/1978.</Origine>
		<Droits_Repro>Domaine public</Droits_Repro>
		<subject>GUERRE 1914-1918;</subject>
		<geoname>CHARDOGNE (village);MEUSE (département);</geoname>
		<persname>BERTHELE, Raoul;</persname>
		<corpname></corpname>
	</DocsFigures>
<DocsFigures>
		<Titre>Chardogne [Raoul Berthelé]</Titre>
		<Analyse>Vue de Raoul Berthelé debout dans un champ s&apos;ouvrant sur la commune de Chardogne (Meuse).
Novembre-décembre 1916. 
Guerre 1914-1918.</Analyse>
		<Realise_en>1916</Realise_en>
		<Liste_des_auteurs>BERTHELÉ, Raoul</Liste_des_auteurs>
		<Type_Doc>NEGATIF N&amp;B</Type_Doc>
		<Support>VERRE</Support>
		<Technique>Photographie stéréo</Technique>
		<Format>4,5 x 10,7 cm</Format>
		<Cote>49Fi463</Cote>
		<Observations></Observations>
		<Origine>Don Faucher-Berhelé entré le 10/11/1978.</Origine>
		<Droits_Repro>Domaine public</Droits_Repro>
		<subject>GUERRE 1914-1918;</subject>
		<geoname>CHARDOGNE (village);MEUSE (département);</geoname>
		<persname>BERTHELE, Raoul;</persname>
		<corpname></corpname>
	</DocsFigures>
<DocsFigures>
		<Titre>Berzy. Ballon captif de 180m3 et son treuil</Titre>
		<Analyse>Vue d&apos;ensemble de militaires manoeuvrant un ballon captif de 180 m3  près de Berzy-le-Sec (Aisne).
1917. 
Guerre 1914-1918.
Opération réalisée dans le cadre d&apos;un sondage météorologique.</Analyse>
		<Realise_en>1917</Realise_en>
		<Liste_des_auteurs>BERTHELÉ, Raoul</Liste_des_auteurs>
		<Type_Doc>NEGATIF N&amp;B</Type_Doc>
		<Support>VERRE</Support>
		<Technique>Photographie stéréo</Technique>
		<Format>4,5 x 10,7 cm</Format>
		<Cote>49Fi464</Cote>
		<Observations></Observations>
		<Origine>Don Faucher-Berhelé entré le 10/11/1978.</Origine>
		<Droits_Repro>Domaine public</Droits_Repro>
		<subject>AERONEF;MILITAIRE;METEOROLOGIE;GUERRE 1914-1918;</subject>
		<geoname>BERZY-LE-SEC (village);AISNE (département);</geoname>
		<persname></persname>
		<corpname></corpname>
	</DocsFigures>
<DocsFigures>
		<Titre>Chardogne. R. Berthelé</Titre>
		<Analyse>Portrait en pied de Raoul Berthelé posant avec un mouton sur un chemin près de Chardogne (Meuse).
Novembre-décembre 1916. 
Guerre 1914-1918.</Analyse>
		<Realise_en>1916</Realise_en>
		<Liste_des_auteurs>BERTHELÉ, Raoul</Liste_des_auteurs>
		<Type_Doc>NEGATIF N&amp;B</Type_Doc>
		<Support>VERRE</Support>
		<Technique>Photographie stéréo</Technique>
		<Format>4,5 x 10,7 cm</Format>
		<Cote>49Fi465</Cote>
		<Observations>Même cliché que les 49Fi645 et 49Fi1877/124.</Observations>
		<Origine>Don Faucher-Berhelé entré le 10/11/1978.</Origine>
		<Droits_Repro>Domaine public</Droits_Repro>
		<subject>GUERRE 1914-1918;</subject>
		<geoname>CHARDOGNE (village);MEUSE (département);</geoname>
		<persname>BERTHELE, Raoul;</persname>
		<corpname></corpname>
	</DocsFigures>
<DocsFigures>
		<Titre>Berzy. 1/11/17. R. Berthelé en ballon captif</Titre>
		<Analyse>Raoul Berthelé en ballon captif à Berzy-le-Sec (Aisne).
1er novembre 1917. 
Guerre 1914-1918.
Opération effectuée dans le cadre d&apos;un sondage météorologique.</Analyse>
		<Realise_en>1917</Realise_en>
		<Liste_des_auteurs>BERTHELÉ, Raoul</Liste_des_auteurs>
		<Type_Doc>NEGATIF N&amp;B</Type_Doc>
		<Support>VERRE</Support>
		<Technique>Photographie stéréo</Technique>
		<Format>4,5 x 10,7 cm</Format>
		<Cote>49Fi466</Cote>
		<Observations></Observations>
		<Origine>Don Faucher-Berhelé entré le 10/11/1978.</Origine>
		<Droits_Repro>Domaine public</Droits_Repro>
		<subject>AERONEF;METEOROLOGIE;MILITAIRE;GUERRE 1914-1918;</subject>
		<geoname>BERZY-LE-SEC (village);AISNE (département);</geoname>
		<persname>BERTHELE, Raoul;</persname>
		<corpname></corpname>
	</DocsFigures>
<DocsFigures>
		<Titre>Berzy. 1/11/17. R. Berthelé en ballon captif. Départ</Titre>
		<Analyse>Raoul Berthelé en ballon captif sur le départ à Berzy-le-Sec (Aisne).
1er novembre 1917. 
Guerre 1914-1918.</Analyse>
		<Realise_en>1917</Realise_en>
		<Liste_des_auteurs>BERTHELÉ, Raoul</Liste_des_auteurs>
		<Type_Doc>NEGATIF N&amp;B</Type_Doc>
		<Support>VERRE</Support>
		<Technique>Photographie stéréo</Technique>
		<Format>4,5 x 10,7 cm</Format>
		<Cote>49Fi467</Cote>
		<Observations></Observations>
		<Origine>Don Faucher-Berhelé entré le 10/11/1978.</Origine>
		<Droits_Repro>Domaine public</Droits_Repro>
		<subject>GUERRE 1914-1918;</subject>
		<geoname>BERZY-LE-SEC (village);AISNE (département);</geoname>
		<persname>BERTHELE, Raoul;</persname>
		<corpname></corpname>
	</DocsFigures>
<DocsFigures>
		<Titre>Bois de Beaulieu. Fontaine la Blonde</Titre>
		<Analyse>Vue de la Fontaine la Blonde dans le bois de Beaulieu-en-Argonne (Meuse).
1917. 
Guerre 1914-1918.</Analyse>
		<Realise_en>1917</Realise_en>
		<Liste_des_auteurs>BERTHELÉ, Raoul</Liste_des_auteurs>
		<Type_Doc>NEGATIF N&amp;B</Type_Doc>
		<Support>VERRE</Support>
		<Technique>Photographie stéréo</Technique>
		<Format>4,5 x 10,7 cm</Format>
		<Cote>49Fi468</Cote>
		<Observations>Même cliché que le 49Fi1877/2.</Observations>
		<Origine>Don Faucher-Berhelé entré le 10/11/1978.</Origine>
		<Droits_Repro>Domaine public</Droits_Repro>
		<subject>GUERRE 1914-1918;</subject>
		<geoname>BEAULIEU-EN-ARGONNE (village);MEUSE (département);</geoname>
		<persname></persname>
		<corpname></corpname>
	</DocsFigures>
<DocsFigures>
		<Titre>Bois de Beaulieu. M. Fontanel</Titre>
		<Analyse>M. Fontanel avec un cheval dans le bois de Beaulieu-en-Argonne (Meuse).
1917. 
Guerre 1914-1918.</Analyse>
		<Realise_en>1917</Realise_en>
		<Liste_des_auteurs>BERTHELÉ, Raoul</Liste_des_auteurs>
		<Type_Doc>NEGATIF N&amp;B</Type_Doc>
		<Support>VERRE</Support>
		<Technique>Photographie stéréo</Technique>
		<Format>4,5 x 10,7 cm</Format>
		<Cote>49Fi469</Cote>
		<Observations>Même cliché que le 49Fi1877/4.</Observations>
		<Origine>Don Faucher-Berhelé entré le 10/11/1978.</Origine>
		<Droits_Repro>Domaine public</Droits_Repro>
		<subject>GUERRE 1914-1918;</subject>
		<geoname>BEAULIEU-EN-ARGONNE (village);MEUSE (département);</geoname>
		<persname></persname>
		<corpname></corpname>
	</DocsFigures>
<DocsFigures>
		<Titre>Bois de Beaulieu. R. Berthelé</Titre>
		<Analyse>Raoul Berthelé avec sa jument (Fifille) dans le bois de Beaulieu-en-Argonne (Meuse).
1917. 
Guerre 1914-1918.</Analyse>
		<Realise_en>1917</Realise_en>
		<Liste_des_auteurs>BERTHELÉ, Raoul</Liste_des_auteurs>
		<Type_Doc>NEGATIF N&amp;B</Type_Doc>
		<Support>VERRE</Support>
		<Technique>Photographie stéréo</Technique>
		<Format>4,5 x 10,7 cm</Format>
		<Cote>49Fi470</Cote>
		<Observations>Même cliché que le 49Fi1877/1.</Observations>
		<Origine>Don Faucher-Berhelé entré le 10/11/1978.</Origine>
		<Droits_Repro>Domaine public</Droits_Repro>
		<subject>GUERRE 1914-1918;</subject>
		<geoname>BEAULIEU-EN-ARGONNE (village);MEUSE (département);</geoname>
		<persname>BERTHELE, Raoul;</persname>
		<corpname></corpname>
	</DocsFigures>
<DocsFigures>
		<Titre>Bois de Beaulieu. R. Berthelé. Fontaine la Blonde</Titre>
		<Analyse>Raoul Berthelé à Fontaine la Blonde dans le bois de Beaulieu-en-Argonne (Meuse).
1917. 
Guerre 1914-1918.</Analyse>
		<Realise_en>1917</Realise_en>
		<Liste_des_auteurs>BERTHELÉ, Raoul</Liste_des_auteurs>
		<Type_Doc>NEGATIF N&amp;B</Type_Doc>
		<Support>VERRE</Support>
		<Technique>Photographie stéréo</Technique>
		<Format>4,5 x 10,7 cm</Format>
		<Cote>49Fi471</Cote>
		<Observations>Même cliché que le 49Fi1877/5.</Observations>
		<Origine>Don Faucher-Berhelé entré le 10/11/1978.</Origine>
		<Droits_Repro>Domaine public</Droits_Repro>
		<subject>GUERRE 1914-1918;</subject>
		<geoname>BEAULIEU-EN-ARGONNE (village);MEUSE (département);</geoname>
		<persname>BERTHELE, Raoul;</persname>
		<corpname></corpname>
	</DocsFigures>
<DocsFigures>
		<Titre>Berzy. Ballon captif de 180m3 avant le gonflement</Titre>
		<Analyse>Militaires s&apos;affairant autour d&apos;un ballon captif de 180 m3 avant le gonflement à Berzy-le-Sec (Aisne).
1917. 
Guerre 1914-1918.</Analyse>
		<Realise_en>1917</Realise_en>
		<Liste_des_auteurs>BERTHELÉ, Raoul</Liste_des_auteurs>
		<Type_Doc>NEGATIF N&amp;B</Type_Doc>
		<Support>VERRE</Support>
		<Technique>Photographie stéréo</Technique>
		<Format>4,5 x 10,7 cm</Format>
		<Cote>49Fi472</Cote>
		<Observations></Observations>
		<Origine>Don Faucher-Berhelé entré le 10/11/1978.</Origine>
		<Droits_Repro>Domaine public</Droits_Repro>
		<subject>GUERRE 1914-1918;</subject>
		<geoname>BERZY-LE-SEC (village);AISNE (département);</geoname>
		<persname></persname>
		<corpname></corpname>
	</DocsFigures>
<DocsFigures>
		<Titre>Berzy. Ballon captif de 180m3 en voie de gonflement</Titre>
		<Analyse>Militaires s&apos;affairant autour d&apos;un ballon captif de 180 m3 au cours du gonflement Berzy-le-Sec (Aisne).
1917. 
Guerre 1914-1918.</Analyse>
		<Realise_en>1917</Realise_en>
		<Liste_des_auteurs>BERTHELÉ, Raoul</Liste_des_auteurs>
		<Type_Doc>NEGATIF N&amp;B</Type_Doc>
		<Support>VERRE</Support>
		<Technique>Photographie stéréo</Technique>
		<Format>4,5 x 10,7 cm</Format>
		<Cote>49Fi473</Cote>
		<Observations></Observations>
		<Origine>Don Faucher-Berhelé entré le 10/11/1978.</Origine>
		<Droits_Repro>Domaine public</Droits_Repro>
		<subject>GUERRE 1914-1918;</subject>
		<geoname>BERZY-LE-SEC (village);AISNE (département);</geoname>
		<persname></persname>
		<corpname></corpname>
	</DocsFigures>
<DocsFigures>
		<Titre>Berzy. Lieutenant Baldit</Titre>
		<Analyse>Le lieutenant Baldit entouré de plusieurs militaires Berzy-le-Sec (Aisne).
1917. 
Guerre 1914-1918.</Analyse>
		<Realise_en>1917</Realise_en>
		<Liste_des_auteurs>BERTHELÉ, Raoul</Liste_des_auteurs>
		<Type_Doc>NEGATIF N&amp;B</Type_Doc>
		<Support>VERRE</Support>
		<Technique>Photographie stéréo</Technique>
		<Format>4,5 x 10,7 cm</Format>
		<Cote>49Fi474</Cote>
		<Observations></Observations>
		<Origine>Don Faucher-Berhelé entré le 10/11/1978.</Origine>
		<Droits_Repro>Domaine public</Droits_Repro>
		<subject>GUERRE 1914-1918;</subject>
		<geoname>BERZY-LE-SEC (village);AISNE (département);</geoname>
		<persname></persname>
		<corpname></corpname>
	</DocsFigures>
<DocsFigures>
		<Titre>Chardogne. R. Berthelé</Titre>
		<Analyse>Portrait en pied de Raoul Berthelé posant avec un mouton sur un chemin près de Chardogne (Meuse).
Novembre-décembre 1916. 
Guerre 1914-1918.</Analyse>
		<Realise_en>1916</Realise_en>
		<Liste_des_auteurs>BERTHELÉ, Raoul</Liste_des_auteurs>
		<Type_Doc>NEGATIF N&amp;B</Type_Doc>
		<Support>VERRE</Support>
		<Technique>Photographie stéréo</Technique>
		<Format>4,5 x 10,7 cm</Format>
		<Cote>49Fi475</Cote>
		<Observations>Même cliché que le 49Fi1877/121.</Observations>
		<Origine>Don Faucher-Berhelé entré le 10/11/1978.</Origine>
		<Droits_Repro>Domaine public</Droits_Repro>
		<subject>GUERRE 1914-1918;</subject>
		<geoname>CHARDOGNE (village);MEUSE (département);</geoname>
		<persname>BERTHELE, Raoul;</persname>
		<corpname></corpname>
	</DocsFigures>
<DocsFigures>
		<Titre>Cuperly. Hôpital. Salle 4. Blessés en traitement</Titre>
		<Analyse>Hôpital d&apos;évacuation de Cuperly (Marne).
1916. Guerre 1914-1918.
Vue perspective de la salle des blessés à l&apos;hôpital d&apos;évacuation.
Les blessés sont dans leurs lits.</Analyse>
		<Realise_en>1916</Realise_en>
		<Liste_des_auteurs>BERTHELÉ, Raoul</Liste_des_auteurs>
		<Type_Doc>NEGATIF N&amp;B</Type_Doc>
		<Support>VERRE</Support>
		<Technique>Photographie stéréo</Technique>
		<Format>4,5 x 10,7 cm</Format>
		<Cote>49Fi476</Cote>
		<Observations>Même cliché que le 49Fi1875/74.</Observations>
		<Origine>Don Faucher-Berhelé entré le 10/11/1978.</Origine>
		<Droits_Repro>Domaine public</Droits_Repro>
		<subject>MILITAIRE;SERVICE SANITAIRE MILITAIRE;VICTIME DE GUERRE;AUXILIAIRE MEDICAL;GUERRE 1914-1918;</subject>
		<geoname>CUPERLY (village);MARNE (département);</geoname>
		<persname></persname>
		<corpname></corpname>
	</DocsFigures>
<DocsFigures>
		<Titre>Cuperly. HOE [hôpital d&apos;évacuation]. Salle d&apos;opération. M. Séjournet</Titre>
		<Analyse>&quot;Trépanation&quot;.
Vue du docteur Séjournet, assisté de ses infirmiers, réalisant une trépanation dans la salle d&apos;opération de l&apos;hôpital d&apos;évacuation de Cuperly (Marne). 
1916. 
Guerre 1914-1918.</Analyse>
		<Realise_en>1916</Realise_en>
		<Liste_des_auteurs>BERTHELÉ, Raoul</Liste_des_auteurs>
		<Type_Doc>NEGATIF N&amp;B</Type_Doc>
		<Support>VERRE</Support>
		<Technique>Photographie stéréo</Technique>
		<Format>4,5 x 10,7 cm</Format>
		<Cote>49Fi477</Cote>
		<Observations>Même cliché que le 49Fi1875/80.</Observations>
		<Origine>Don Faucher-Berhelé entré le 10/11/1978.</Origine>
		<Droits_Repro>Domaine public</Droits_Repro>
		<subject>SERVICE SANITAIRE MILITAIRE;AUXILIAIRE MEDICAL;MEDECIN HOSPITALIER;VICTIME DE GUERRE;GUERRE 1914-1918;</subject>
		<geoname>CUPERLY (village);MARNE (département);</geoname>
		<persname></persname>
		<corpname></corpname>
	</DocsFigures>
<DocsFigures>
		<Titre>Somme-Suippes. Camp de prisonniers allemands</Titre>
		<Analyse>Vue perspective d&apos;un alignement de tentes dans un camp de prisonniers allemands à Somme-Suippe (Marne).
1916. 
Guerre 1914-1918.</Analyse>
		<Realise_en>1916</Realise_en>
		<Liste_des_auteurs>BERTHELÉ, Raoul</Liste_des_auteurs>
		<Type_Doc>NEGATIF N&amp;B</Type_Doc>
		<Support>VERRE</Support>
		<Technique>Photographie stéréo</Technique>
		<Format>4,5 x 10,7 cm</Format>
		<Cote>49Fi478</Cote>
		<Observations>Même cliché que le 49Fi1875/145.</Observations>
		<Origine>Don Faucher-Berhelé entré le 10/11/1978.</Origine>
		<Droits_Repro>Domaine public</Droits_Repro>
		<subject>MILITAIRE;PRISONNIER DE GUERRE;GUERRE 1914-1918;</subject>
		<geoname>MARNE (département);SOMME-SUIPPE (village);</geoname>
		<persname></persname>
		<corpname></corpname>
	</DocsFigures>
<DocsFigures>
		<Titre>Somme-Suippes. Prisonniers allemands</Titre>
		<Analyse>Portrait en pied de trois prisonniers allemands dans un camp de prisonniers à Somme-Suippe dans la Marne.
1916. 
Guerre 1914-1918.</Analyse>
		<Realise_en>1916</Realise_en>
		<Liste_des_auteurs>BERTHELÉ, Raoul</Liste_des_auteurs>
		<Type_Doc>NEGATIF N&amp;B</Type_Doc>
		<Support>VERRE</Support>
		<Technique>Photographie stéréo</Technique>
		<Format>4,5 x 10,7 cm</Format>
		<Cote>49Fi479</Cote>
		<Observations>Même cliché que le 49Fi1875/148.</Observations>
		<Origine>Don Faucher-Berhelé entré le 10/11/1978.</Origine>
		<Droits_Repro>Domaine public</Droits_Repro>
		<subject>MILITAIRE;PRISONNIER DE GUERRE;GUERRE 1914-1918;</subject>
		<geoname>MARNE (département);SOMME-SUIPPE (village);</geoname>
		<persname></persname>
		<corpname></corpname>
	</DocsFigures>
<DocsFigures>
		<Titre>Cuperly. HOE [hôpital d&apos;évacuation]. Salle de garde</Titre>
		<Analyse>Vue générale de l&apos;extérieur de la salle de garde de l&apos;hôpital d&apos;évacuation de Cuperly (Marne).
1916. 
Guerre 1914-1918.</Analyse>
		<Realise_en>1916</Realise_en>
		<Liste_des_auteurs>BERTHELÉ, Raoul</Liste_des_auteurs>
		<Type_Doc>NEGATIF N&amp;B</Type_Doc>
		<Support>VERRE</Support>
		<Technique>Photographie stéréo</Technique>
		<Format>4,5 x 10,7 cm</Format>
		<Cote>49Fi480</Cote>
		<Observations></Observations>
		<Origine>Don Faucher-Berhelé entré le 10/11/1978.</Origine>
		<Droits_Repro>Domaine public</Droits_Repro>
		<subject>SERVICE SANITAIRE MILITAIRE;GUERRE 1914-1918;</subject>
		<geoname>CUPERLY (village);MARNE (département);</geoname>
		<persname></persname>
		<corpname></corpname>
	</DocsFigures>
<DocsFigures>
		<Titre>Cuperly. HOE [hôpital d&apos;évacuation]. Cimetière</Titre>
		<Analyse>Vue de quelques tombes du cimetière de l&apos;hôpital d&apos;évacuation de Cuperly (Marne).
1916. 
Guerre 1914-1918.</Analyse>
		<Realise_en>1916</Realise_en>
		<Liste_des_auteurs>BERTHELÉ, Raoul</Liste_des_auteurs>
		<Type_Doc>NEGATIF N&amp;B</Type_Doc>
		<Support>VERRE</Support>
		<Technique>Photographie stéréo</Technique>
		<Format>4,5 x 10,7 cm</Format>
		<Cote>49Fi481</Cote>
		<Observations></Observations>
		<Origine>Don Faucher-Berhelé entré le 10/11/1978.</Origine>
		<Droits_Repro>Domaine public</Droits_Repro>
		<subject>SERVICE SANITAIRE MILITAIRE;MORT POUR LA FRANCE;CIMETIERE;GUERRE 1914-1918;</subject>
		<geoname>CUPERLY (village);MARNE (département);</geoname>
		<persname></persname>
		<corpname></corpname>
	</DocsFigures>
<DocsFigures>
		<Titre>Cuperly. Hôpital. Cuisine</Titre>
		<Analyse>Vue de la cuisine de l&apos;hôpital d&apos;évacuation de Cuperly (Marne) avec le cuisinier au fourneau.
1916. 
Guerre 1914-1918.</Analyse>
		<Realise_en>1916</Realise_en>
		<Liste_des_auteurs>BERTHELÉ, Raoul</Liste_des_auteurs>
		<Type_Doc>NEGATIF N&amp;B</Type_Doc>
		<Support>VERRE</Support>
		<Technique>Photographie stéréo</Technique>
		<Format>4,5 x 10,7 cm</Format>
		<Cote>49Fi482</Cote>
		<Observations></Observations>
		<Origine>Don Faucher-Berhelé entré le 10/11/1978.</Origine>
		<Droits_Repro>Domaine public</Droits_Repro>
		<subject>SERVICE SANITAIRE MILITAIRE;ALIMENTATION;GUERRE 1914-1918;</subject>
		<geoname>CUPERLY (village);MARNE (département);</geoname>
		<persname></persname>
		<corpname></corpname>
	</DocsFigures>
<DocsFigures>
		<Titre>Cuperly. HOE [hôpital d&apos;évacuation]. Salle d&apos;opération. M. Séjournet</Titre>
		<Analyse>Vue du docteur Séjournet, assisté de ses infirmiers, réalisant une trépanation dans la salle d&apos;opération de l&apos;hôpital d&apos;évacuation de Cuperly (Marne). 
1916. 
Guerre 1914-1918.</Analyse>
		<Realise_en>1916</Realise_en>
		<Liste_des_auteurs>BERTHELÉ, Raoul</Liste_des_auteurs>
		<Type_Doc>NEGATIF N&amp;B</Type_Doc>
		<Support>VERRE</Support>
		<Technique>Photographie stéréo</Technique>
		<Format>4,5 x 10,7 cm</Format>
		<Cote>49Fi483</Cote>
		<Observations>Même cliché que le 49Fi1875/83</Observations>
		<Origine>Don Faucher-Berhelé entré le 10/11/1978.</Origine>
		<Droits_Repro>Domaine public</Droits_Repro>
		<subject>SERVICE SANITAIRE MILITAIRE;MEDECIN HOSPITALIER;AUXILIAIRE MEDICAL;VICTIME DE GUERRE;MILITAIRE;GUERRE 1914-1918;</subject>
		<geoname>CUPERLY (village);MARNE (département);</geoname>
		<persname></persname>
		<corpname></corpname>
	</DocsFigures>
<DocsFigures>
		<Titre>Cuperly. Salle d&apos;opération</Titre>
		<Analyse>Vue de la salle d&apos;opération et des deux infirmiers assistants du docteur Séjournet à l&apos;hôpital d&apos;évacuation de Cuperly (Marne).
1916. 
Guerre 1914-1918.</Analyse>
		<Realise_en>1916</Realise_en>
		<Liste_des_auteurs>BERTHELÉ, Raoul</Liste_des_auteurs>
		<Type_Doc>NEGATIF N&amp;B</Type_Doc>
		<Support>VERRE</Support>
		<Technique>Photographie stéréo</Technique>
		<Format>4,5 x 10,7 cm</Format>
		<Cote>49Fi484</Cote>
		<Observations>Même cliché que le 49Fi1875/79.</Observations>
		<Origine>Don Faucher-Berhelé entré le 10/11/1978.</Origine>
		<Droits_Repro>Domaine public</Droits_Repro>
		<subject>SERVICE SANITAIRE MILITAIRE;AUXILIAIRE MEDICAL;MEDECIN HOSPITALIER;GUERRE 1914-1918;</subject>
		<geoname>CUPERLY (village);MARNE (département);</geoname>
		<persname></persname>
		<corpname></corpname>
	</DocsFigures>
<DocsFigures>
		<Titre>Cuperly. Vue d&apos;ensemble</Titre>
		<Analyse>Vue d&apos;ensemble de l&apos;hôpital d&apos;évacuation de Cuperly (Marne).
1916. 
Guerre 1914-1918.</Analyse>
		<Realise_en>1916</Realise_en>
		<Liste_des_auteurs>BERTHELÉ, Raoul</Liste_des_auteurs>
		<Type_Doc>NEGATIF N&amp;B</Type_Doc>
		<Support>VERRE</Support>
		<Technique>Photographie stéréo</Technique>
		<Format>4,5 x 10,7 cm</Format>
		<Cote>49Fi485</Cote>
		<Observations>Même cliché que le 49Fi1875/78.</Observations>
		<Origine>Don Faucher-Berhelé entré le 10/11/1978.</Origine>
		<Droits_Repro>Domaine public</Droits_Repro>
		<subject>SERVICE SANITAIRE MILITAIRE;GUERRE 1914-1918;</subject>
		<geoname>CUPERLY (village);MARNE (département);</geoname>
		<persname></persname>
		<corpname></corpname>
	</DocsFigures>
<DocsFigures>
		<Titre>Cuperly. Hôpital. Salle des pansements</Titre>
		<Analyse>Vue d&apos;ensemble de la salle des pansements à l&apos;hôpital d&apos;évacuation de Cuperly (Marne).
1916. 
Guerre 1914-1918.</Analyse>
		<Realise_en>1916</Realise_en>
		<Liste_des_auteurs>BERTHELÉ, Raoul</Liste_des_auteurs>
		<Type_Doc>NEGATIF N&amp;B</Type_Doc>
		<Support>VERRE</Support>
		<Technique>Photographie stéréo</Technique>
		<Format>4,5 x 10,7 cm</Format>
		<Cote>49Fi486</Cote>
		<Observations>Même cliché que le 49Fi1875/76.</Observations>
		<Origine>Don Faucher-Berhelé entré le 10/11/1978.</Origine>
		<Droits_Repro>Domaine public</Droits_Repro>
		<subject>SERVICE SANITAIRE MILITAIRE;GUERRE 1914-1918;</subject>
		<geoname>CUPERLY (village);MARNE (département);</geoname>
		<persname></persname>
		<corpname></corpname>
	</DocsFigures>
<DocsFigures>
		<Titre>Cuperly. Hôpital. La chapelle</Titre>
		<Analyse>Vue d&apos;ensemble de la chapelle de l&apos;hôpital d&apos;évacuation de Cuperly (Marne).
1916. 
Guerre 1914-1918.</Analyse>
		<Realise_en>1916</Realise_en>
		<Liste_des_auteurs>BERTHELÉ, Raoul</Liste_des_auteurs>
		<Type_Doc>NEGATIF N&amp;B</Type_Doc>
		<Support>VERRE</Support>
		<Technique>Photographie stéréo</Technique>
		<Format>4,5 x 10,7 cm</Format>
		<Cote>49Fi487</Cote>
		<Observations>Même cliché que le 49Fi1875/75.</Observations>
		<Origine>Don Faucher-Berhelé entré le 10/11/1978.</Origine>
		<Droits_Repro>Domaine public</Droits_Repro>
		<subject>SERVICE SANITAIRE MILITAIRE;EDIFICE CULTUEL;MILITAIRE;GUERRE 1914-1918;</subject>
		<geoname>CUPERLY (village);MARNE (département);</geoname>
		<persname></persname>
		<corpname></corpname>
	</DocsFigures>
<DocsFigures>
		<Titre>Cuperly. Hôpital salle de lecture des officiers</Titre>
		<Analyse>Vue de deux officiers,  Messieurs Vinon et Rousseau en train de lire dans la salle de lecture des officiers de l&apos;hôpital d&apos;évacuation de Cuperly (Marne).
1916. 
Guerre 1914-1918.</Analyse>
		<Realise_en>1916</Realise_en>
		<Liste_des_auteurs>BERTHELÉ, Raoul</Liste_des_auteurs>
		<Type_Doc>NEGATIF N&amp;B</Type_Doc>
		<Support>VERRE</Support>
		<Technique>Photographie stéréo</Technique>
		<Format>4,5 x 10,7 cm</Format>
		<Cote>49Fi488</Cote>
		<Observations>Même cliché que le 49Fi1875/77.</Observations>
		<Origine>Don Faucher-Berhelé entré le 10/11/1978.</Origine>
		<Droits_Repro>Domaine public</Droits_Repro>
		<subject>OFFICIER MILITAIRE;SERVICE SANITAIRE MILITAIRE;LITTERATURE;GUERRE 1914-1918;</subject>
		<geoname>CUPERLY (village);MARNE (département);</geoname>
		<persname></persname>
		<corpname></corpname>
	</DocsFigures>
<DocsFigures>
		<Titre>Cuperly. Hôpital. Bureau des entrées</Titre>
		<Analyse>Vue du bureau des entrées de l&apos;hôpital d&apos;évacuation de Cuperly (Marne).
1916. 
Guerre 1914-1918.
Le bureau d&apos;entrée est l&apos;endroit où des officiers et des médecins déterminent l&apos;état du blessé entrant.</Analyse>
		<Realise_en>1916</Realise_en>
		<Liste_des_auteurs>BERTHELÉ, Raoul</Liste_des_auteurs>
		<Type_Doc>NEGATIF N&amp;B</Type_Doc>
		<Support>VERRE</Support>
		<Technique>Photographie stéréo</Technique>
		<Format>4,5 x 10,7 cm</Format>
		<Cote>49Fi489</Cote>
		<Observations>Même cliché que le 49Fi1875/73.</Observations>
		<Origine>Don Faucher-Berhelé entré le 10/11/1978.</Origine>
		<Droits_Repro>Domaine public</Droits_Repro>
		<subject>MILITAIRE;SERVICE SANITAIRE MILITAIRE;VICTIME DE GUERRE;GUERRE 1914-1918;</subject>
		<geoname>CUPERLY (village);MARNE (département);</geoname>
		<persname></persname>
		<corpname>CROIX-ROUGE FRANCAISE;</corpname>
	</DocsFigures>
<DocsFigures>
		<Titre>Cuperly. Hôpital. Salle d&apos;opération. Autoclaves</Titre>
		<Analyse>Vue des autoclaves dans la salle d&apos;opération de l&apos;hôpital d&apos;évacuation de Cuperly (Marne).
1916. 
Guerre 1914-1918.
Les autoclaves sont des récipients à parrois épaisses et à fermeture hermétique utilisés pour réaliser la stérilisation à la vapeur.</Analyse>
		<Realise_en>1916</Realise_en>
		<Liste_des_auteurs>BERTHELÉ, Raoul</Liste_des_auteurs>
		<Type_Doc>NEGATIF N&amp;B</Type_Doc>
		<Support>VERRE</Support>
		<Technique>Photographie stéréo</Technique>
		<Format>4,5 x 10,7 cm</Format>
		<Cote>49Fi490</Cote>
		<Observations>Même cliché que le 49Fi1875/82.</Observations>
		<Origine>Don Faucher-Berhelé entré le 10/11/1978.</Origine>
		<Droits_Repro>Domaine public</Droits_Repro>
		<subject>SERVICE SANITAIRE MILITAIRE;GUERRE 1914-1918;</subject>
		<geoname>CUPERLY (village);MARNE (département);</geoname>
		<persname></persname>
		<corpname></corpname>
	</DocsFigures>
<DocsFigures>
		<Titre>Cuperly. Hôpital. Cabinet dentaire</Titre>
		<Analyse>Vue du cabinet dentaire de l&apos;hôpital d&apos;évacuation de Cuperly (Marne). 
1916. 
Guerre 1914-1918.
Au centre le fauteuil de soins.</Analyse>
		<Realise_en>1916</Realise_en>
		<Liste_des_auteurs>BERTHELÉ, Raoul</Liste_des_auteurs>
		<Type_Doc>NEGATIF N&amp;B</Type_Doc>
		<Support>VERRE</Support>
		<Technique>Photographie stéréo</Technique>
		<Format>4,5 x 10,7 cm</Format>
		<Cote>49Fi491</Cote>
		<Observations>Même cliché que le 49Fi1875/120.</Observations>
		<Origine>Don Faucher-Berhelé entré le 10/11/1978.</Origine>
		<Droits_Repro>Domaine public</Droits_Repro>
		<subject>SERVICE SANITAIRE MILITAIRE;GUERRE 1914-1918;</subject>
		<geoname>CUPERLY (village);MARNE (département);</geoname>
		<persname></persname>
		<corpname></corpname>
	</DocsFigures>
<DocsFigures>
		<Titre>Cuperly. Obus de 270</Titre>
		<Analyse>Vue d&apos;un entrepôt d&apos;obus de calibre 270 basé à Cuperly (Marne).
1916. 
Guerre 1914-1918.</Analyse>
		<Realise_en>1916</Realise_en>
		<Liste_des_auteurs>BERTHELÉ, Raoul</Liste_des_auteurs>
		<Type_Doc>NEGATIF N&amp;B</Type_Doc>
		<Support>VERRE</Support>
		<Technique>Photographie stéréo</Technique>
		<Format>4,5 x 10,7 cm</Format>
		<Cote>49Fi492</Cote>
		<Observations>Même cliché que le 49Fi1872/140.</Observations>
		<Origine>Don Faucher-Berhelé entré le 10/11/1978.</Origine>
		<Droits_Repro>Domaine public</Droits_Repro>
		<subject>GUERRE 1914-1918;</subject>
		<geoname>CUPERLY (village);MARNE (département);</geoname>
		<persname></persname>
		<corpname></corpname>
	</DocsFigures>
<DocsFigures>
		<Titre>Cuperly. HOE [hôpital d&apos;évacuation]. Blessés</Titre>
		<Analyse>Vue d&apos;un groupe de blessés à l&apos;hôpital d&apos;évacuation de Cuperly (Marne).
1915. 
Guerre 1914-1918.</Analyse>
		<Realise_en>1915</Realise_en>
		<Liste_des_auteurs>BERTHELÉ, Raoul</Liste_des_auteurs>
		<Type_Doc>NEGATIF N&amp;B</Type_Doc>
		<Support>VERRE</Support>
		<Technique>Photographie stéréo</Technique>
		<Format>4,5 x 10,7 cm</Format>
		<Cote>49Fi493</Cote>
		<Observations>Même cliché que le 49Fi1874/33.
Plaque positive 49Fi544.</Observations>
		<Origine>Don Faucher-Berhelé entré le 10/11/1978.</Origine>
		<Droits_Repro>Domaine public</Droits_Repro>
		<subject>MILITAIRE;SERVICE SANITAIRE MILITAIRE;VICTIME DE GUERRE;GUERRE 1914-1918;</subject>
		<geoname>CUPERLY (village);MARNE (département);</geoname>
		<persname></persname>
		<corpname></corpname>
	</DocsFigures>
<DocsFigures>
		<Titre>Somme-Vesle. Biplan SPAD</Titre>
		<Analyse>Vue d&apos;ensmeble d&apos;un avion biplan SPAD dans un champ d&apos;aviation à Somme-Vesle dans la Marne.
1915. 
Guerre 1914-1918.</Analyse>
		<Realise_en>1915</Realise_en>
		<Liste_des_auteurs>BERTHELÉ, Raoul</Liste_des_auteurs>
		<Type_Doc>NEGATIF N&amp;B</Type_Doc>
		<Support>VERRE</Support>
		<Technique>Photographie stéréo</Technique>
		<Format>4,5 x 10,7 cm</Format>
		<Cote>49Fi494</Cote>
		<Observations>Même cliché que le 49Fi1875/26.</Observations>
		<Origine>Don Faucher-Berhelé entré le 10/11/1978.</Origine>
		<Droits_Repro>Domaine public</Droits_Repro>
		<subject>GUERRE 1914-1918;</subject>
		<geoname>MARNE (département);SOMME-VESLE (village);</geoname>
		<persname></persname>
		<corpname></corpname>
	</DocsFigures>
<DocsFigures>
		<Titre>Somme-Vesle. Monocoque Morane</Titre>
		<Analyse>Vue d&apos;ensemble d&apos;un avion monocoque Morane dans un champ d&apos;aviation à Somme-Vesle dans la Marne.
1915. 
Guerre 1914-1918.</Analyse>
		<Realise_en>1915</Realise_en>
		<Liste_des_auteurs>BERTHELÉ, Raoul</Liste_des_auteurs>
		<Type_Doc>NEGATIF N&amp;B</Type_Doc>
		<Support>VERRE</Support>
		<Technique>Photographie stéréo</Technique>
		<Format>4,5 x 10,7 cm</Format>
		<Cote>49Fi495</Cote>
		<Observations>Même cliché que le 49Fi1875/27.</Observations>
		<Origine>Don Faucher-Berhelé entré le 10/11/1978.</Origine>
		<Droits_Repro>Domaine public</Droits_Repro>
		<subject>GUERRE 1914-1918;</subject>
		<geoname>MARNE (département);SOMME-VESLE (village);</geoname>
		<persname></persname>
		<corpname></corpname>
	</DocsFigures>
<DocsFigures>
		<Titre>Somme-Vesle. Biplan SPAD. R. Berthelé</Titre>
		<Analyse>Raoul Berthelé pose à côté d&apos;un avion biplan SPAD dans un champ d&apos;aviation à Somme-Vesle dans la Marne.
1915. 
Guerre 1914-1918.</Analyse>
		<Realise_en>1915</Realise_en>
		<Liste_des_auteurs>BERTHELÉ, Raoul</Liste_des_auteurs>
		<Type_Doc>NEGATIF N&amp;B</Type_Doc>
		<Support>VERRE</Support>
		<Technique>Photographie stéréo</Technique>
		<Format>4,5 x 10,7 cm</Format>
		<Cote>49Fi496</Cote>
		<Observations>Même cliché que le 49Fi1874/40 et de la 49Fi1875/29.</Observations>
		<Origine>Don Faucher-Berhelé entré le 10/11/1978.</Origine>
		<Droits_Repro>Domaine public</Droits_Repro>
		<subject>GUERRE 1914-1918;</subject>
		<geoname>MARNE (département);SOMME-VESLE (village);</geoname>
		<persname>BERTHELE, Raoul;</persname>
		<corpname></corpname>
	</DocsFigures>
<DocsFigures>
		<Titre>Cuperly. Escadrille ME 55. Lieutenant Simian</Titre>
		<Analyse>Vue du le lieutenant Simian pose à côté d&apos;un avion de l&apos;escadrille ME 55 dans un champ d&apos;aviation à Cuperly (Marne).
1915. 
Guerre 1914-1918.</Analyse>
		<Realise_en>1915</Realise_en>
		<Liste_des_auteurs>BERTHELÉ, Raoul</Liste_des_auteurs>
		<Type_Doc>NEGATIF N&amp;B</Type_Doc>
		<Support>VERRE</Support>
		<Technique>Photographie stéréo</Technique>
		<Format>4,5 x 10,7 cm</Format>
		<Cote>49Fi497</Cote>
		<Observations>Même cliché que le 49Fi1875/30.</Observations>
		<Origine>Don Faucher-Berhelé entré le 10/11/1978.</Origine>
		<Droits_Repro>Domaine public</Droits_Repro>
		<subject>GUERRE 1914-1918;</subject>
		<geoname>CUPERLY (village);MARNE (département);</geoname>
		<persname></persname>
		<corpname></corpname>
	</DocsFigures>
<DocsFigures>
		<Titre>Cuperly. Obus de 105</Titre>
		<Analyse>Vue d&apos;un dépôt d&apos;obus de calibre 105 à Cuperly (Marne). 
1915. 
Guerre 1914-1918.</Analyse>
		<Realise_en>1915</Realise_en>
		<Liste_des_auteurs>BERTHELÉ, Raoul</Liste_des_auteurs>
		<Type_Doc>NEGATIF N&amp;B</Type_Doc>
		<Support>VERRE</Support>
		<Technique>Photographie stéréo</Technique>
		<Format>4,5 x 10,7 cm</Format>
		<Cote>49Fi498</Cote>
		<Observations></Observations>
		<Origine>Don Faucher-Berhelé entré le 10/11/1978.</Origine>
		<Droits_Repro>Domaine public</Droits_Repro>
		<subject>GUERRE 1914-1918;</subject>
		<geoname>CUPERLY (village);MARNE (département);</geoname>
		<persname></persname>
		<corpname></corpname>
	</DocsFigures>
<DocsFigures>
		<Titre>Cuperly. Obus de 105</Titre>
		<Analyse>Vue d&apos;un dépôt d&apos;obus de calibre 105 à Cuperly (Marne). 
1915. 
Guerre 1914-1918.</Analyse>
		<Realise_en>1915</Realise_en>
		<Liste_des_auteurs>BERTHELÉ, Raoul</Liste_des_auteurs>
		<Type_Doc>NEGATIF N&amp;B</Type_Doc>
		<Support>VERRE</Support>
		<Technique>Photographie stéréo</Technique>
		<Format>4,5 x 10,7 cm</Format>
		<Cote>49Fi499</Cote>
		<Observations></Observations>
		<Origine>Don Faucher-Berhelé entré le 10/11/1978.</Origine>
		<Droits_Repro>Domaine public</Droits_Repro>
		<subject>GUERRE 1914-1918;</subject>
		<geoname>CUPERLY (village);MARNE (département);</geoname>
		<persname></persname>
		<corpname></corpname>
	</DocsFigures>
<DocsFigures>
		<Titre>Cuperly. 12/05/15. HOE [hôpital d&apos;évacuation]. Délégation russe.</Titre>
		<Analyse>Vue d&apos;une délégation russe comprenant la princesse Murat en visite à l&apos;hôpital d&apos;évacuation de Cuperly (Marne). 
12 mai 1915. 
Guerre 1914-1918.</Analyse>
		<Realise_en>1915</Realise_en>
		<Liste_des_auteurs>BERTHELÉ, Raoul</Liste_des_auteurs>
		<Type_Doc>NEGATIF N&amp;B</Type_Doc>
		<Support>VERRE</Support>
		<Technique>Photographie stéréo</Technique>
		<Format>4,5 x 10,7 cm</Format>
		<Cote>49Fi500</Cote>
		<Observations>Même cliché que le 49Fi1874/35 et de la 49Fi1875/20.
Voir la liste et la situation des différents protagonistes en 49Fi1874/35.</Observations>
		<Origine>Don Faucher-Berhelé entré le 10/11/1978.</Origine>
		<Droits_Repro>Domaine public</Droits_Repro>
		<subject>SERVICE SANITAIRE MILITAIRE;VISITE OFFICIELLE;MILITAIRE;GUERRE 1914-1918;</subject>
		<geoname>CUPERLY (village);MARNE (département);</geoname>
		<persname></persname>
		<corpname></corpname>
	</DocsFigures>
<DocsFigures>
		<Titre>Cuperly. 12/05/15. HOE [hôpital d&apos;évacuation]. Délégation russe</Titre>
		<Analyse>Vue d&apos;une délégation russe comprenant la princesse Murat en visite à l&apos;hôpital d&apos;évacuation de Cuperly (Marne). 
12 mai 1915. 
Guerre 1914-1918.</Analyse>
		<Realise_en>1915</Realise_en>
		<Liste_des_auteurs>BERTHELÉ, Raoul</Liste_des_auteurs>
		<Type_Doc>NEGATIF N&amp;B</Type_Doc>
		<Support>VERRE</Support>
		<Technique>Photographie stéréo</Technique>
		<Format>4,5 x 10,7 cm</Format>
		<Cote>49Fi501</Cote>
		<Observations>Même cliché que le 49Fi1874/36,de la 49Fi1893, et de la 49Fi1875/21.
Voir la liste et la situation des différents protagonistes en 49Fi1874/35.</Observations>
		<Origine>Don Faucher-Berhelé entré le 10/11/1978.</Origine>
		<Droits_Repro>Domaine public</Droits_Repro>
		<subject>SERVICE SANITAIRE MILITAIRE;VISITE OFFICIELLE;MILITAIRE;GUERRE 1914-1918;</subject>
		<geoname>CUPERLY (village);MARNE (département);</geoname>
		<persname></persname>
		<corpname></corpname>
	</DocsFigures>
<DocsFigures>
		<Titre>Cuperly. 12/05/15. HOE [hôpital d&apos;évacuation]. Délégation russe. Départ.</Titre>
		<Analyse>Vue du départ en voiture de la délégation russe en visite à l&apos;hôpital d&apos;évacuation de Cuperly (Marne). 
12 mai 1915. 
Guerre 1914-1918.</Analyse>
		<Realise_en>1915</Realise_en>
		<Liste_des_auteurs>BERTHELÉ, Raoul</Liste_des_auteurs>
		<Type_Doc>NEGATIF N&amp;B</Type_Doc>
		<Support>VERRE</Support>
		<Technique>Photographie stéréo</Technique>
		<Format>4,5 x 10,7 cm</Format>
		<Cote>49Fi502</Cote>
		<Observations>Même cliché que le 49Fi1875/23.</Observations>
		<Origine>Don Faucher-Berhelé entré le 10/11/1978.</Origine>
		<Droits_Repro>Domaine public</Droits_Repro>
		<subject>SERVICE SANITAIRE MILITAIRE;VISITE OFFICIELLE;MILITAIRE;GUERRE 1914-1918;</subject>
		<geoname>CUPERLY (village);MARNE (département);</geoname>
		<persname></persname>
		<corpname></corpname>
	</DocsFigures>
<DocsFigures>
		<Titre>Cuperly. 12/05/15. HOE [hôpital d&apos;évacuation]. Délégation russe. Départ.</Titre>
		<Analyse>Vue du départ en voiture de la délégation russe en visite à l&apos;hôpital d&apos;évacuation de Cuperly (Marne). 
12 mai 1915. 
Guerre 1914-1918.</Analyse>
		<Realise_en>1915</Realise_en>
		<Liste_des_auteurs>BERTHELÉ, Raoul</Liste_des_auteurs>
		<Type_Doc>NEGATIF N&amp;B</Type_Doc>
		<Support>VERRE</Support>
		<Technique>Photographie stéréo</Technique>
		<Format>4,5 x 10,7 cm</Format>
		<Cote>49Fi503</Cote>
		<Observations>Même cliché que le 49Fi1875/24.</Observations>
		<Origine>Don Faucher-Berhelé entré le 10/11/1978.</Origine>
		<Droits_Repro>Domaine public</Droits_Repro>
		<subject>SERVICE SANITAIRE MILITAIRE;VISITE OFFICIELLE;MILITAIRE;GUERRE 1914-1918;</subject>
		<geoname>CUPERLY (village);MARNE (département);</geoname>
		<persname></persname>
		<corpname></corpname>
	</DocsFigures>
<DocsFigures>
		<Titre>Cuperly. 12/05/15. HOE [hôpital d&apos;évacuation]. Délégation russe</Titre>
		<Analyse>Vue d&apos;une délégation russe en visite à l&apos;hôpital d&apos;évacuation de Cuperly (Marne). 
12 mai 1915. 
Guerre 1914-1918.</Analyse>
		<Realise_en>1915</Realise_en>
		<Liste_des_auteurs>BERTHELÉ, Raoul</Liste_des_auteurs>
		<Type_Doc>NEGATIF N&amp;B</Type_Doc>
		<Support>VERRE</Support>
		<Technique>Photographie stéréo</Technique>
		<Format>4,5 x 10,7 cm</Format>
		<Cote>49Fi504</Cote>
		<Observations>Même cliché que le 49Fi1875/19.</Observations>
		<Origine>Don Faucher-Berhelé entré le 10/11/1978.</Origine>
		<Droits_Repro>Domaine public</Droits_Repro>
		<subject>SERVICE SANITAIRE MILITAIRE;VISITE OFFICIELLE;MILITAIRE;GUERRE 1914-1918;</subject>
		<geoname>CUPERLY (village);MARNE (département);</geoname>
		<persname></persname>
		<corpname></corpname>
	</DocsFigures>
<DocsFigures>
		<Titre>Cuperly. Train blindé</Titre>
		<Analyse>Vue d&apos;un train blindé avec pièce d&apos;artillerie arrêté en gare de Cuperly (Marne).
1915.
Guerre 1914-1918.</Analyse>
		<Realise_en>1915</Realise_en>
		<Liste_des_auteurs>BERTHELÉ, Raoul</Liste_des_auteurs>
		<Type_Doc>NEGATIF N&amp;B</Type_Doc>
		<Support>VERRE</Support>
		<Technique>Photographie stéréo</Technique>
		<Format>4,5 x 10,7 cm</Format>
		<Cote>49Fi505</Cote>
		<Observations>Prise de vue sur plaque de verre à l&apos;envers.
Même cliché que les 49Fi530 et 49Fi1875/3.</Observations>
		<Origine>Don Faucher-Berhelé entré le 10/11/1978.</Origine>
		<Droits_Repro>Domaine public</Droits_Repro>
		<subject>GARE;GUERRE 1914-1918;</subject>
		<geoname>CUPERLY (village);MARNE (département);</geoname>
		<persname></persname>
		<corpname></corpname>
	</DocsFigures>
<DocsFigures>
		<Titre>Cuperly. Train blindé</Titre>
		<Analyse>Vue d&apos;ensemble d&apos;un train blindé en gare de Cuperly dans la Marne.
1915. 
Guerre 1914-1918.</Analyse>
		<Realise_en>1915</Realise_en>
		<Liste_des_auteurs>BERTHELÉ, Raoul</Liste_des_auteurs>
		<Type_Doc>NEGATIF N&amp;B</Type_Doc>
		<Support>VERRE</Support>
		<Technique>Photographie stéréo</Technique>
		<Format>4,5 x 10,7 cm</Format>
		<Cote>49Fi506</Cote>
		<Observations>Prise de vue sur plaque de verre à l&apos;envers.
Même cliché que les 49Fi531 et 49Fi1875/6.</Observations>
		<Origine>Don Faucher-Berhelé entré le 10/11/1978.</Origine>
		<Droits_Repro>Domaine public</Droits_Repro>
		<subject>GARE;GUERRE 1914-1918;</subject>
		<geoname>CUPERLY (village);MARNE (département);</geoname>
		<persname></persname>
		<corpname></corpname>
	</DocsFigures>
<DocsFigures>
		<Titre>Cuperly. HOE [hôpital d&apos;évacuation]. Blessés</Titre>
		<Analyse>Vue d&apos;un groupe de cinq soldats blessés à l&apos;hôpital d&apos;évacuation de Cuperly (Marne).
1916. 
Guerre 1914-1918.
Trois des blessés sont des goumiers.</Analyse>
		<Realise_en>1916</Realise_en>
		<Liste_des_auteurs>BERTHELÉ, Raoul</Liste_des_auteurs>
		<Type_Doc>NEGATIF N&amp;B</Type_Doc>
		<Support>VERRE</Support>
		<Technique>Photographie stéréo</Technique>
		<Format>4,5 x 10,7 cm</Format>
		<Cote>49Fi507</Cote>
		<Observations>Même cliché que le 49Fi1875/11.</Observations>
		<Origine>Don Faucher-Berhelé entré le 10/11/1978.</Origine>
		<Droits_Repro>Domaine public</Droits_Repro>
		<subject>MILITAIRE;SERVICE SANITAIRE MILITAIRE;VICTIME DE GUERRE;COLONIE;GUERRE 1914-1918;</subject>
		<geoname>CUPERLY (village);MARNE (département);</geoname>
		<persname></persname>
		<corpname></corpname>
	</DocsFigures>
<DocsFigures>
		<Titre>La Cheppe. Camp d&apos;Attila. Explosion</Titre>
		<Analyse>Explosion (essais) au camp d&apos;Attila près de la Cheppe dans la Marne.
1916. 
Guerre 1914-1918.</Analyse>
		<Realise_en>1916</Realise_en>
		<Liste_des_auteurs>BERTHELÉ, Raoul</Liste_des_auteurs>
		<Type_Doc>NEGATIF N&amp;B</Type_Doc>
		<Support>VERRE</Support>
		<Technique>Photographie stéréo</Technique>
		<Format>4,5 x 10,7 cm</Format>
		<Cote>49Fi508</Cote>
		<Observations>Même cliché que le 49Fi1875/50.</Observations>
		<Origine>Don Faucher-Berhelé entré le 10/11/1978.</Origine>
		<Droits_Repro>Domaine public</Droits_Repro>
		<subject>GUERRE 1914-1918;</subject>
		<geoname>LA CHEPPE (village);MARNE (département);</geoname>
		<persname></persname>
		<corpname></corpname>
	</DocsFigures>
<DocsFigures>
		<Titre>Cuperly. HOE [hôpital d&apos;évacuation]. Blessés</Titre>
		<Analyse>Portrait en pied de deux goumiers blessés à l&apos;hôpital de Cuperly (Marne).
1916. 
Guerre 1914-1918.</Analyse>
		<Realise_en>1916</Realise_en>
		<Liste_des_auteurs>BERTHELÉ, Raoul</Liste_des_auteurs>
		<Type_Doc>NEGATIF N&amp;B</Type_Doc>
		<Support>VERRE</Support>
		<Technique>Photographie stéréo</Technique>
		<Format>4,5 x 10,7 cm</Format>
		<Cote>49Fi509</Cote>
		<Observations>Même cliché que les 49Fi1874/31 et 49Fi1875/8.</Observations>
		<Origine>Don Faucher-Berhelé entré le 10/11/1978.</Origine>
		<Droits_Repro>Domaine public</Droits_Repro>
		<subject>MILITAIRE;SERVICE SANITAIRE MILITAIRE;VICTIME DE GUERRE;COLONIE;GUERRE 1914-1918;</subject>
		<geoname>CUPERLY (village);MARNE (département);</geoname>
		<persname></persname>
		<corpname></corpname>
	</DocsFigures>
<DocsFigures>
		<Titre>La Cheppe. Camp d&apos;Attila. Dépôt de matériel d&apos;artillerie</Titre>
		<Analyse>Vue d&apos;ensemble d&apos;un dépôt de matériel d&apos;artillerie au camp d&apos;Attila près de la Cheppe dans la Marne.
1916. 
Guerre 1914-1918.</Analyse>
		<Realise_en>1916</Realise_en>
		<Liste_des_auteurs>BERTHELÉ, Raoul</Liste_des_auteurs>
		<Type_Doc>NEGATIF N&amp;B</Type_Doc>
		<Support>VERRE</Support>
		<Technique>Photographie stéréo</Technique>
		<Format>4,5 x 10,7 cm</Format>
		<Cote>49Fi510</Cote>
		<Observations>Même cliché que les 49Fi411 et 49Fi1875/52.</Observations>
		<Origine>Don Faucher-Berhelé entré le 10/11/1978.</Origine>
		<Droits_Repro>Domaine public</Droits_Repro>
		<subject>GUERRE 1914-1918;</subject>
		<geoname>LA CHEPPE (village);MARNE (département);</geoname>
		<persname></persname>
		<corpname></corpname>
	</DocsFigures>
<DocsFigures>
		<Titre>La Cheppe. Camp d&apos;Attila. Torpilles aériennes</Titre>
		<Analyse>Torpilles aériennes dans un dépôt d&apos;artillerie situé dans le camp d&apos;Attila près de La Cheppe dans la Marne.
1916. 
Guerre 1914-1918.</Analyse>
		<Realise_en>1916</Realise_en>
		<Liste_des_auteurs>BERTHELÉ, Raoul</Liste_des_auteurs>
		<Type_Doc>NEGATIF N&amp;B</Type_Doc>
		<Support>VERRE</Support>
		<Technique>Photographie stéréo</Technique>
		<Format>4,5 x 10,7 cm</Format>
		<Cote>49Fi511</Cote>
		<Observations>Même cliché que le 49Fi1875/53.</Observations>
		<Origine>Don Faucher-Berhelé entré le 10/11/1978.</Origine>
		<Droits_Repro>Domaine public</Droits_Repro>
		<subject>GUERRE 1914-1918;</subject>
		<geoname>LA CHEPPE (village);MARNE (département);</geoname>
		<persname></persname>
		<corpname></corpname>
	</DocsFigures>
<DocsFigures>
		<Titre>La Cheppe. Camp d&apos;Attila. Bombes à gaz suffocants</Titre>
		<Analyse>Essais de bombes à gaz suffocants au camp d&apos;Attila près de La Cheppe dans la Marne.
1916. 
Guerre 1914-1918.</Analyse>
		<Realise_en>1916</Realise_en>
		<Liste_des_auteurs>BERTHELÉ, Raoul</Liste_des_auteurs>
		<Type_Doc>NEGATIF N&amp;B</Type_Doc>
		<Support>VERRE</Support>
		<Technique>Photographie stéréo</Technique>
		<Format>4,5 x 10,7 cm</Format>
		<Cote>49Fi512</Cote>
		<Observations>Même cliché que le 49Fi1875/54.</Observations>
		<Origine>Don Faucher-Berhelé entré le 10/11/1978.</Origine>
		<Droits_Repro>Domaine public</Droits_Repro>
		<subject>GUERRE 1914-1918;</subject>
		<geoname>LA CHEPPE (village);MARNE (département);</geoname>
		<persname></persname>
		<corpname></corpname>
	</DocsFigures>
<DocsFigures>
		<Titre>La Cheppe. Camp d&apos;Attila. Lance-bombes</Titre>
		<Analyse>Lance-bombes dans un dépôt d&apos;artillerie situé dans la camp d&apos;Attila près de La Cheppe dans la Marne.
1916. 
Guerre 1914-1918.</Analyse>
		<Realise_en>1916</Realise_en>
		<Liste_des_auteurs>BERTHELÉ, Raoul</Liste_des_auteurs>
		<Type_Doc>NEGATIF N&amp;B</Type_Doc>
		<Support>VERRE</Support>
		<Technique>Photographie stéréo</Technique>
		<Format>4,5 x 10,7 cm</Format>
		<Cote>49Fi513</Cote>
		<Observations>Même cliché que le 49Fi1875/55.</Observations>
		<Origine>Don Faucher-Berhelé entré le 10/11/1978.</Origine>
		<Droits_Repro>Domaine public</Droits_Repro>
		<subject>GUERRE 1914-1918;</subject>
		<geoname>LA CHEPPE (village);MARNE (département);</geoname>
		<persname></persname>
		<corpname></corpname>
	</DocsFigures>
<DocsFigures>
		<Titre>Cuperly. Officiers du 7e génie. Lieutenant Gallix</Titre>
		<Analyse>Portrait en pied de trois officiers du 7e génie, dont le Lieutenant Gallix, à Cuperly dans la Marne.
1916. 
Guerre 1914-1918.</Analyse>
		<Realise_en>1916</Realise_en>
		<Liste_des_auteurs>BERTHELÉ, Raoul</Liste_des_auteurs>
		<Type_Doc>NEGATIF N&amp;B</Type_Doc>
		<Support>VERRE</Support>
		<Technique>Photographie stéréo</Technique>
		<Format>4,5 x 10,7 cm</Format>
		<Cote>49Fi514</Cote>
		<Observations>Même cliché que le 49Fi1875/48.</Observations>
		<Origine>Don Faucher-Berhelé entré le 10/11/1978.</Origine>
		<Droits_Repro>Domaine public</Droits_Repro>
		<subject>GUERRE 1914-1918;</subject>
		<geoname>CUPERLY (village);MARNE (département);</geoname>
		<persname></persname>
		<corpname></corpname>
	</DocsFigures>
<DocsFigures>
		<Titre>Cuperly. Officiers du 7e génie. Lieutenant Gallix</Titre>
		<Analyse>Groupe d&apos;officiers du 7e génie, dont le Lieutenant Gallix, à Cuperly dans la Marne.
1916. 
Guerre 1914-1918.</Analyse>
		<Realise_en>1916</Realise_en>
		<Liste_des_auteurs>BERTHELÉ, Raoul</Liste_des_auteurs>
		<Type_Doc>NEGATIF N&amp;B</Type_Doc>
		<Support>VERRE</Support>
		<Technique>Photographie stéréo</Technique>
		<Format>4,5 x 10,7 cm</Format>
		<Cote>49Fi515</Cote>
		<Observations>Même cliché que le 49Fi1875/45.</Observations>
		<Origine>Don Faucher-Berhelé entré le 10/11/1978.</Origine>
		<Droits_Repro>Domaine public</Droits_Repro>
		<subject>GUERRE 1914-1918;</subject>
		<geoname>CUPERLY (village);MARNE (département);</geoname>
		<persname></persname>
		<corpname></corpname>
	</DocsFigures>
<DocsFigures>
		<Titre>La Cheppe. Camp d&apos;Attila. Explosion</Titre>
		<Analyse>Explosion (essais) au camp d&apos;Attila près de La Cheppe dans la Marne.
1916. 
Guerre 1914-1918.</Analyse>
		<Realise_en>1916</Realise_en>
		<Liste_des_auteurs>BERTHELÉ, Raoul</Liste_des_auteurs>
		<Type_Doc>NEGATIF N&amp;B</Type_Doc>
		<Support>VERRE</Support>
		<Technique>Photographie stéréo</Technique>
		<Format>4,5 x 10,7 cm</Format>
		<Cote>49Fi516</Cote>
		<Observations>Même cliché que le 49Fi1875/49 et de la 49Fi435.</Observations>
		<Origine>Don Faucher-Berhelé entré le 10/11/1978.</Origine>
		<Droits_Repro>Domaine public</Droits_Repro>
		<subject>GUERRE 1914-1918;</subject>
		<geoname>LA CHEPPE (village);MARNE (département);</geoname>
		<persname></persname>
		<corpname></corpname>
	</DocsFigures>
<DocsFigures>
		<Titre>La Cheppe. Camp d&apos;Attila. Explosion</Titre>
		<Analyse>Explosion (essais) au camp d&apos;Attila près de La Cheppe dans la Marne.
1916. 
Guerre 1914-1918.</Analyse>
		<Realise_en>1916</Realise_en>
		<Liste_des_auteurs>BERTHELÉ, Raoul</Liste_des_auteurs>
		<Type_Doc>NEGATIF N&amp;B</Type_Doc>
		<Support>VERRE</Support>
		<Technique>Photographie stéréo</Technique>
		<Format>4,5 x 10,7 cm</Format>
		<Cote>49Fi517</Cote>
		<Observations>Même cliché que le 49Fi1875/51.</Observations>
		<Origine>Don Faucher-Berhelé entré le 10/11/1978.</Origine>
		<Droits_Repro>Domaine public</Droits_Repro>
		<subject>GUERRE 1914-1918;</subject>
		<geoname>LA CHEPPE (village);MARNE (département);</geoname>
		<persname></persname>
		<corpname></corpname>
	</DocsFigures>
<DocsFigures>
		<Titre>Cuperly. Pièce marine de 164.7.</Titre>
		<Analyse>Pièce marine de calibre 164,7 à la gare de Cuperly dans la Marne.
1916. 
Guerre 1914-1918.</Analyse>
		<Realise_en>1916</Realise_en>
		<Liste_des_auteurs>BERTHELÉ, Raoul</Liste_des_auteurs>
		<Type_Doc>NEGATIF N&amp;B</Type_Doc>
		<Support>VERRE</Support>
		<Technique>Photographie stéréo</Technique>
		<Format>4,5 x 10,7 cm</Format>
		<Cote>49Fi518</Cote>
		<Observations>Même cliché que le 49Fi536 et de la 49Fi1875/44.</Observations>
		<Origine>Don Faucher-Berhelé entré le 10/11/1978.</Origine>
		<Droits_Repro>Domaine public</Droits_Repro>
		<subject>GARE;GUERRE 1914-1918;</subject>
		<geoname>CUPERLY (village);MARNE (département);</geoname>
		<persname></persname>
		<corpname></corpname>
	</DocsFigures>
<DocsFigures>
		<Titre>Cuperly. Pièce marine de 164.7.</Titre>
		<Analyse>Pièce marine de calibre 164,7 vue de face à la gare de Cuperly dans la Marne.
1916. 
Guerre 1914-1918.
Sur la gauche du canon , un soldat pose.</Analyse>
		<Realise_en>1916</Realise_en>
		<Liste_des_auteurs>BERTHELÉ, Raoul</Liste_des_auteurs>
		<Type_Doc>NEGATIF N&amp;B</Type_Doc>
		<Support>VERRE</Support>
		<Technique>Photographie stéréo</Technique>
		<Format>4,5 x 10,7 cm</Format>
		<Cote>49Fi519</Cote>
		<Observations>Même cliché que le 49Fi1875/47.</Observations>
		<Origine>Don Faucher-Berhelé entré le 10/11/1978.</Origine>
		<Droits_Repro>Domaine public</Droits_Repro>
		<subject>MILITAIRE;GARE;GUERRE 1914-1918;</subject>
		<geoname>CUPERLY (village);MARNE (département);</geoname>
		<persname></persname>
		<corpname></corpname>
	</DocsFigures>
<DocsFigures>
		<Titre>Cuperly. Mortier de 270</Titre>
		<Analyse>Mortier de calibre 270 à la gare de Cuperly dans la Marne.
1916. 
Guerre 1914-1918.</Analyse>
		<Realise_en>1916</Realise_en>
		<Liste_des_auteurs>BERTHELÉ, Raoul</Liste_des_auteurs>
		<Type_Doc>NEGATIF N&amp;B</Type_Doc>
		<Support>VERRE</Support>
		<Technique>Photographie stéréo</Technique>
		<Format>4,5 x 10,7 cm</Format>
		<Cote>49Fi520</Cote>
		<Observations>Même cliché que le 49Fi1875/31.</Observations>
		<Origine>Don Faucher-Berhelé entré le 10/11/1978.</Origine>
		<Droits_Repro>Domaine public</Droits_Repro>
		<subject>GARE;GUERRE 1914-1918;</subject>
		<geoname>CUPERLY (village);MARNE (département);</geoname>
		<persname></persname>
		<corpname></corpname>
	</DocsFigures>
<DocsFigures>
		<Titre>Cuperly. Plate-forme et support pour mortier de 270</Titre>
		<Analyse>Sous un léger camouflage, une plate forme et support pour transporter sur rail des mortiers de calibre 270, à la gare de Cuperly dans la Marne.
1916. 
Guerre 1914-1918.</Analyse>
		<Realise_en>1916</Realise_en>
		<Liste_des_auteurs>BERTHELÉ, Raoul</Liste_des_auteurs>
		<Type_Doc>NEGATIF N&amp;B</Type_Doc>
		<Support>VERRE</Support>
		<Technique>Photographie stéréo</Technique>
		<Format>4,5 x 10,7 cm</Format>
		<Cote>49Fi521</Cote>
		<Observations>Même cliché que le 49Fi1875/34.</Observations>
		<Origine>Don Faucher-Berhelé entré le 10/11/1978.</Origine>
		<Droits_Repro>Domaine public</Droits_Repro>
		<subject>GARE;GUERRE 1914-1918;</subject>
		<geoname>CUPERLY (village);MARNE (département);</geoname>
		<persname></persname>
		<corpname></corpname>
	</DocsFigures>
<DocsFigures>
		<Titre>Cuperly. Mortier de 270 (éclaté)</Titre>
		<Analyse>Gros plan d&apos;un mortier de calibre 270 éclaté à la gare de Cuperly dans la Marne.
1916. 
Guerre 1914-1918.</Analyse>
		<Realise_en>1916</Realise_en>
		<Liste_des_auteurs>BERTHELÉ, Raoul</Liste_des_auteurs>
		<Type_Doc>NEGATIF N&amp;B</Type_Doc>
		<Support>VERRE</Support>
		<Technique>Photographie stéréo</Technique>
		<Format>4,5 x 10,7 cm</Format>
		<Cote>49Fi522</Cote>
		<Observations>Même cliché que le 49Fi1875/35.</Observations>
		<Origine>Don Faucher-Berhelé entré le 10/11/1978.</Origine>
		<Droits_Repro>Domaine public</Droits_Repro>
		<subject>GARE;GUERRE 1914-1918;</subject>
		<geoname>CUPERLY (village);MARNE (département);</geoname>
		<persname></persname>
		<corpname></corpname>
	</DocsFigures>
<DocsFigures>
		<Titre>Cuperly. Douilles de 75</Titre>
		<Analyse>Douilles de calibre 75 chargée sur une plate-forme ferroviaire en gare de Cuperly dans la Marne.
1916. 
Guerre 1914-1918.</Analyse>
		<Realise_en>1916</Realise_en>
		<Liste_des_auteurs>BERTHELÉ, Raoul</Liste_des_auteurs>
		<Type_Doc>NEGATIF N&amp;B</Type_Doc>
		<Support>VERRE</Support>
		<Technique>Photographie stéréo</Technique>
		<Format>4,5 x 10,7 cm</Format>
		<Cote>49Fi523</Cote>
		<Observations>Même cliché que le 49Fi1875/33.</Observations>
		<Origine>Don Faucher-Berhelé entré le 10/11/1978.</Origine>
		<Droits_Repro>Domaine public</Droits_Repro>
		<subject>GARE;GUERRE 1914-1918;</subject>
		<geoname>CUPERLY (village);MARNE (département);</geoname>
		<persname></persname>
		<corpname></corpname>
	</DocsFigures>
<DocsFigures>
		<Titre>Cuperly. Obus de 105</Titre>
		<Analyse>Obus de calibre 105 chargés sur une plate-forme à la gare de Cuperly dans la Marne.
1916. 
Guerre 1914-1918.</Analyse>
		<Realise_en>1916</Realise_en>
		<Liste_des_auteurs>BERTHELÉ, Raoul</Liste_des_auteurs>
		<Type_Doc>NEGATIF N&amp;B</Type_Doc>
		<Support>VERRE</Support>
		<Technique>Photographie stéréo</Technique>
		<Format>4,5 x 10,7 cm</Format>
		<Cote>49Fi524</Cote>
		<Observations></Observations>
		<Origine>Don Faucher-Berhelé entré le 10/11/1978.</Origine>
		<Droits_Repro>Domaine public</Droits_Repro>
		<subject>GARE;GUERRE 1914-1918;</subject>
		<geoname>CUPERLY (village);MARNE (département);</geoname>
		<persname></persname>
		<corpname></corpname>
	</DocsFigures>
<DocsFigures>
		<Titre>Cuperly. Faux mortier de 270 (en bois)</Titre>
		<Analyse>Faux mortier de calibre 270 (en bois) chargé sur une plate-forme à la gare de Cuperly (Marne).
1916. 
Guerre 1914-1918.</Analyse>
		<Realise_en>1916</Realise_en>
		<Liste_des_auteurs>BERTHELÉ, Raoul</Liste_des_auteurs>
		<Type_Doc>NEGATIF N&amp;B</Type_Doc>
		<Support>VERRE</Support>
		<Technique>Photographie stéréo</Technique>
		<Format>4,5 x 10,7 cm</Format>
		<Cote>49Fi525</Cote>
		<Observations>Même cliché que le 49Fi1875/32.</Observations>
		<Origine>Don Faucher-Berhelé entré le 10/11/1978.</Origine>
		<Droits_Repro>Domaine public</Droits_Repro>
		<subject>GARE;GUERRE 1914-1918;</subject>
		<geoname>CUPERLY (village);MARNE (département);</geoname>
		<persname></persname>
		<corpname></corpname>
	</DocsFigures>
<DocsFigures>
		<Titre>Cuperly. Gare d&apos;évacuation</Titre>
		<Analyse>Soldats attendant en se ravitaillant le départ à la gare d&apos;évacuation de Cuperly (Marne). 
1916. 
Guerre 1914-1918.</Analyse>
		<Realise_en>1916</Realise_en>
		<Liste_des_auteurs>BERTHELÉ, Raoul</Liste_des_auteurs>
		<Type_Doc>NEGATIF N&amp;B</Type_Doc>
		<Support>VERRE</Support>
		<Technique>Photographie stéréo</Technique>
		<Format>4,5 x 10,7 cm</Format>
		<Cote>49Fi526</Cote>
		<Observations>Même cliché que le 49Fi1875/42.</Observations>
		<Origine>Don Faucher-Berhelé entré le 10/11/1978.</Origine>
		<Droits_Repro>Domaine public</Droits_Repro>
		<subject>MILITAIRE;ALIMENTATION;GARE;RAVITAILLEMENT;TRANSPORT FERROVIAIRE;VEHICULE A TRACTION ANIMALE;GUERRE 1914-1918;</subject>
		<geoname>CUPERLY (village);MARNE (département);</geoname>
		<persname></persname>
		<corpname></corpname>
	</DocsFigures>
<DocsFigures>
		<Titre>Cuperly. HOE [hôpital d&apos;évacuation]. Train d&apos;évacuation. Neige</Titre>
		<Analyse>Vue du train d&apos;évacuation sous la neige, arrêté à l&apos;hôpital d&apos;évacuation de Cuperly (Marne).
1915. 
Guerre 1914-1918.
Les HOE se trouvaient à proximité d&apos;un chemin de fer pour pouvoir évacuer les blessés plus rapidement.</Analyse>
		<Realise_en>1915</Realise_en>
		<Liste_des_auteurs>BERTHELÉ, Raoul</Liste_des_auteurs>
		<Type_Doc>NEGATIF N&amp;B</Type_Doc>
		<Support>VERRE</Support>
		<Technique>Photographie stéréo</Technique>
		<Format>4,5 x 10,7 cm</Format>
		<Cote>49Fi527</Cote>
		<Observations>Même cliché que le 49Fi1875/132.</Observations>
		<Origine>Don Faucher-Berhelé entré le 10/11/1978.</Origine>
		<Droits_Repro>Domaine public</Droits_Repro>
		<subject>SERVICE SANITAIRE MILITAIRE;LIGNE DE CHEMIN DE FER;TRANSPORT FERROVIAIRE;GUERRE 1914-1918;</subject>
		<geoname>CUPERLY (village);MARNE (département);</geoname>
		<persname></persname>
		<corpname></corpname>
	</DocsFigures>
<DocsFigures>
		<Titre>Cuperly. Hôpital. La neige</Titre>
		<Analyse>L&apos;hôpital d&apos;évacuation de Cuperly (Marne) sous la neige.
1915. 
Guerre 1914-1918.</Analyse>
		<Realise_en>1915</Realise_en>
		<Liste_des_auteurs>BERTHELÉ, Raoul</Liste_des_auteurs>
		<Type_Doc>NEGATIF N&amp;B</Type_Doc>
		<Support>VERRE</Support>
		<Technique>Photographie stéréo</Technique>
		<Format>4,5 x 10,7 cm</Format>
		<Cote>49Fi528</Cote>
		<Observations>Même cliché que le 49Fi1875/129.</Observations>
		<Origine>Don Faucher-Berhelé entré le 10/11/1978.</Origine>
		<Droits_Repro>Domaine public</Droits_Repro>
		<subject>SERVICE SANITAIRE MILITAIRE;GUERRE 1914-1918;</subject>
		<geoname>CUPERLY (village);MARNE (département);</geoname>
		<persname></persname>
		<corpname></corpname>
	</DocsFigures>
<DocsFigures>
		<Titre>Cuperly. Officiers du 7e Génie. Le lieutenant Gallix</Titre>
		<Analyse>Photo d&apos;officiers du 7e Génie militaire dont le lieutenant Gallix dans un campement près de Cuperly (Marne).
1915. 
Guerre 1914-1918.</Analyse>
		<Realise_en>1915</Realise_en>
		<Liste_des_auteurs>BERTHELÉ, Raoul</Liste_des_auteurs>
		<Type_Doc>Positif N&amp;B</Type_Doc>
		<Support>VERRE</Support>
		<Technique>Photographie stéréo</Technique>
		<Format>4,5 x 10,7 cm</Format>
		<Cote>49Fi529</Cote>
		<Observations></Observations>
		<Origine>Don Faucher-Berhelé entré le 10/11/1978.</Origine>
		<Droits_Repro>Domaine public</Droits_Repro>
		<subject>GUERRE 1914-1918;</subject>
		<geoname>CUPERLY (village);MARNE (département);</geoname>
		<persname></persname>
		<corpname></corpname>
	</DocsFigures>
<DocsFigures>
		<Titre>Cuperly. Train blindé</Titre>
		<Analyse>Vue d&apos;un train blindé avec pièce d&apos;artillerie arrêté en gare de Cuperly (Marne).
1915. 
Guerre 1914-1918.</Analyse>
		<Realise_en>1915</Realise_en>
		<Liste_des_auteurs>BERTHELÉ, Raoul</Liste_des_auteurs>
		<Type_Doc>Positif N&amp;B</Type_Doc>
		<Support>VERRE</Support>
		<Technique>Photographie stéréo</Technique>
		<Format>4,5 x 10,7 cm</Format>
		<Cote>49Fi530</Cote>
		<Observations>Même cliché que les 49Fi505 et 49Fi1875/3.</Observations>
		<Origine>Don Faucher-Berhelé entré le 10/11/1978.</Origine>
		<Droits_Repro>Domaine public</Droits_Repro>
		<subject>GARE;GUERRE 1914-1918;</subject>
		<geoname>CUPERLY (village);MARNE (département);</geoname>
		<persname></persname>
		<corpname></corpname>
	</DocsFigures>
<DocsFigures>
		<Titre>Cuperly. Train blindé</Titre>
		<Analyse>Photo d&apos;un train blindé avec pièce d&apos;artillerie arrêté en gare de Cuperly (Marne).
1916. 
Guerre 1914-1918.</Analyse>
		<Realise_en>1916</Realise_en>
		<Liste_des_auteurs>BERTHELÉ, Raoul</Liste_des_auteurs>
		<Type_Doc>Positif N&amp;B</Type_Doc>
		<Support>VERRE</Support>
		<Technique>Photographie stéréo</Technique>
		<Format>4,5 x 10,7 cm</Format>
		<Cote>49Fi531</Cote>
		<Observations>Même cliché que les 49Fi506 et 49Fi1875/6.</Observations>
		<Origine>Don Faucher-Berhelé entré le 10/11/1978.</Origine>
		<Droits_Repro>Domaine public</Droits_Repro>
		<subject>GARE;GUERRE 1914-1918;</subject>
		<geoname>CUPERLY (village);MARNE (département);</geoname>
		<persname></persname>
		<corpname></corpname>
	</DocsFigures>
<DocsFigures>
		<Titre>Cuperly. Obus de 270</Titre>
		<Analyse>Obus de calibre 270 qui ont été déchargés en gare de Cuperly (Marne). 
1916. 
Guerre 1914-1918.</Analyse>
		<Realise_en>1916</Realise_en>
		<Liste_des_auteurs>BERTHELÉ, Raoul</Liste_des_auteurs>
		<Type_Doc>Positif N&amp;B</Type_Doc>
		<Support>VERRE</Support>
		<Technique>Photographie stéréo</Technique>
		<Format>4,5 x 10,7 cm</Format>
		<Cote>49Fi532</Cote>
		<Observations></Observations>
		<Origine>Don Faucher-Berhelé entré le 10/11/1978.</Origine>
		<Droits_Repro>Domaine public</Droits_Repro>
		<subject>GARE;GUERRE 1914-1918;</subject>
		<geoname>MARNE (département);CUPERLY (village);</geoname>
		<persname></persname>
		<corpname></corpname>
	</DocsFigures>
<DocsFigures>
		<Titre>Cuperly. Mortier de 270</Titre>
		<Analyse>Mortier de calibre 270 chargé sur une plate-forme en gare de Cuperly (Marne).
1916. 
Guerre 1914-1918.</Analyse>
		<Realise_en>1916</Realise_en>
		<Liste_des_auteurs>BERTHELÉ, Raoul</Liste_des_auteurs>
		<Type_Doc>Positif N&amp;B</Type_Doc>
		<Support>VERRE</Support>
		<Technique>Photographie stéréo</Technique>
		<Format>4,5 x 10,7 cm</Format>
		<Cote>49Fi533</Cote>
		<Observations></Observations>
		<Origine>Don Faucher-Berhelé entré le 10/11/1978.</Origine>
		<Droits_Repro>Domaine public</Droits_Repro>
		<subject>GARE;GUERRE 1914-1918;</subject>
		<geoname>CUPERLY (village);MARNE (département);</geoname>
		<persname></persname>
		<corpname></corpname>
	</DocsFigures>
<DocsFigures>
		<Titre>Cuperly. Obus de 105</Titre>
		<Analyse>Obus de calibre 105 dans un dépôt d&apos;artillerie à Cuperly (Marne).
1916. 
Guerre 1914-1918.</Analyse>
		<Realise_en>1916</Realise_en>
		<Liste_des_auteurs>BERTHELÉ, Raoul</Liste_des_auteurs>
		<Type_Doc>Positif N&amp;B</Type_Doc>
		<Support>VERRE</Support>
		<Technique>Photographie stéréo</Technique>
		<Format>4,5 x 10,7 cm</Format>
		<Cote>49Fi534</Cote>
		<Observations>Même cliché que le 49Fi1875/2.</Observations>
		<Origine>Don Faucher-Berhelé entré le 10/11/1978.</Origine>
		<Droits_Repro>Domaine public</Droits_Repro>
		<subject>GUERRE 1914-1918;</subject>
		<geoname>CUPERLY (village);MARNE (département);</geoname>
		<persname></persname>
		<corpname></corpname>
	</DocsFigures>
<DocsFigures>
		<Titre>Cuperly. Obus de 105</Titre>
		<Analyse>Obus de calibre 105 dans un dépôt d&apos;artillerie à Cuperly (Marne).
1916. 
Guerre 1914-1918.</Analyse>
		<Realise_en>1916</Realise_en>
		<Liste_des_auteurs>BERTHELÉ, Raoul</Liste_des_auteurs>
		<Type_Doc>Positif N&amp;B</Type_Doc>
		<Support>VERRE</Support>
		<Technique>Photographie stéréo</Technique>
		<Format>4,5 x 10,7 cm</Format>
		<Cote>49Fi535</Cote>
		<Observations>Même cliché que le 49Fi1875/5.</Observations>
		<Origine>Don Faucher-Berhelé entré le 10/11/1978.</Origine>
		<Droits_Repro>Domaine public</Droits_Repro>
		<subject>GUERRE 1914-1918;</subject>
		<geoname>CUPERLY (village);MARNE (département);</geoname>
		<persname></persname>
		<corpname></corpname>
	</DocsFigures>
<DocsFigures>
		<Titre>Cuperly. Pièce marine de 164.7</Titre>
		<Analyse>Pièce marine de calibre 164,7 en gare de Cuperly (Marne).
1916. 
Guerre 1914-1918.</Analyse>
		<Realise_en>1916</Realise_en>
		<Liste_des_auteurs>BERTHELÉ, Raoul</Liste_des_auteurs>
		<Type_Doc>Positif N&amp;B</Type_Doc>
		<Support>VERRE</Support>
		<Technique>Photographie stéréo</Technique>
		<Format>4,5 x 10,7 cm</Format>
		<Cote>49Fi536</Cote>
		<Observations>Plaque positive de la 49Fi518.</Observations>
		<Origine>Don Faucher-Berhelé entré le 10/11/1978.</Origine>
		<Droits_Repro>Domaine public</Droits_Repro>
		<subject>GARE;GUERRE 1914-1918;</subject>
		<geoname>CUPERLY (village);MARNE (département);</geoname>
		<persname></persname>
		<corpname></corpname>
	</DocsFigures>
<DocsFigures>
		<Titre>Cuperly. Canon all. [allemand] démoli par nos obus</Titre>
		<Analyse>Vue d&apos;ensemble d&apos;un canon allemand démoli par des obus français à Cuperly (Marne).
1916. 
Guerre 1914-1918.</Analyse>
		<Realise_en>1916</Realise_en>
		<Liste_des_auteurs>BERTHELÉ, Raoul</Liste_des_auteurs>
		<Type_Doc>Positif N&amp;B</Type_Doc>
		<Support>VERRE</Support>
		<Technique>Photographie stéréo</Technique>
		<Format>4,5 x 10,7 cm</Format>
		<Cote>49Fi537</Cote>
		<Observations>Positif de la 49Fi627.</Observations>
		<Origine>Don Faucher-Berhelé entré le 10/11/1978.</Origine>
		<Droits_Repro>Domaine public</Droits_Repro>
		<subject>GUERRE 1914-1918;</subject>
		<geoname>CUPERLY (village);MARNE (département);</geoname>
		<persname></persname>
		<corpname></corpname>
	</DocsFigures>
<DocsFigures>
		<Titre>Cuperly. HOE [hôpital d&apos;évacuation]. Délégation russe</Titre>
		<Analyse>&quot;Le (m.) inspect. Béchard&quot;.
Visite d&apos;une délégation russe de l&apos;hôpital d&apos;évacuation de Cuperly (Marne).
31 mars 1916. 
Guerre 1914-1918.
De gauche à droite le colonel russe Osnobichine, le docteur Doyen fils, la princesse Eugénie Murat, le médecin Inspecteur Béchard, Madame Iswolsky, la princesse Michel Murat, Mme de Wienanosky.</Analyse>
		<Realise_en>1916</Realise_en>
		<Liste_des_auteurs>BERTHELÉ, Raoul</Liste_des_auteurs>
		<Type_Doc>Positif N&amp;B</Type_Doc>
		<Support>VERRE</Support>
		<Technique>Photographie stéréo</Technique>
		<Format>4,5 x 10,7 cm</Format>
		<Cote>49Fi538</Cote>
		<Observations></Observations>
		<Origine>Don Faucher-Berhelé entré le 10/11/1978.</Origine>
		<Droits_Repro>Domaine public</Droits_Repro>
		<subject>MILITAIRE;SERVICE SANITAIRE MILITAIRE;MEDECIN HOSPITALIER;VISITE OFFICIELLE;GUERRE 1914-1918;</subject>
		<geoname>CUPERLY (village);MARNE (département);</geoname>
		<persname></persname>
		<corpname></corpname>
	</DocsFigures>
<DocsFigures>
		<Titre>Cuperly. Canon all. [allemand] démoli par nos obus</Titre>
		<Analyse>Culasse arrière d&apos;un canon allemand démoli par des obus français à Cuperly (Marne).
1915. 
Guerre 1914-1918.</Analyse>
		<Realise_en>1915</Realise_en>
		<Liste_des_auteurs>BERTHELÉ, Raoul</Liste_des_auteurs>
		<Type_Doc>Positif N&amp;B</Type_Doc>
		<Support>VERRE</Support>
		<Technique>Photographie stéréo</Technique>
		<Format>4,5 x 10,7 cm</Format>
		<Cote>49Fi539</Cote>
		<Observations>Plaque positive de la 49Fi626.</Observations>
		<Origine>Don Faucher-Berhelé entré le 10/11/1978.</Origine>
		<Droits_Repro>Domaine public</Droits_Repro>
		<subject>GUERRE 1914-1918;</subject>
		<geoname>CUPERLY (village);MARNE (département);</geoname>
		<persname></persname>
		<corpname></corpname>
	</DocsFigures>
<DocsFigures>
		<Titre>Cuperly. Canon all. [allemand] 155</Titre>
		<Analyse>Vue d&apos;ensemble de deux canons allemands de calibre 155 à Cuperly (Marne).
1916. 
Guerre 1914-1918.</Analyse>
		<Realise_en>1916</Realise_en>
		<Liste_des_auteurs>BERTHELÉ, Raoul</Liste_des_auteurs>
		<Type_Doc>Positif N&amp;B</Type_Doc>
		<Support>VERRE</Support>
		<Technique>Photographie stéréo</Technique>
		<Format>4,5 x 10,7 cm</Format>
		<Cote>49Fi540</Cote>
		<Observations>Positif de la 49Fi620.</Observations>
		<Origine>Don Faucher-Berhelé entré le 10/11/1978.</Origine>
		<Droits_Repro>Domaine public</Droits_Repro>
		<subject>GUERRE 1914-1918;</subject>
		<geoname>CUPERLY (village);MARNE (département);</geoname>
		<persname></persname>
		<corpname></corpname>
	</DocsFigures>
<DocsFigures>
		<Titre>Cuperly. HOE [hôpital d&apos;évacuation]. Délégation russe. La princesse Murat</Titre>
		<Analyse>Visite d&apos;une délégation russe de l&apos;hôpital d&apos;évacuation de Cuperly (Marne).
31 mars 1916. 
Guerre 1914-1918.
De gauche à droite le docteur Doyen fils, Mme de Wienianosky, la princesse Michel Murat, le médecin inspecteur Béchard, Mme Iswolsky (de dos).</Analyse>
		<Realise_en>1916</Realise_en>
		<Liste_des_auteurs>BERTHELÉ, Raoul</Liste_des_auteurs>
		<Type_Doc>Positif N&amp;B</Type_Doc>
		<Support>VERRE</Support>
		<Technique>Photographie stéréo</Technique>
		<Format>4,5 x 10,7 cm</Format>
		<Cote>49Fi541</Cote>
		<Observations></Observations>
		<Origine>Don Faucher-Berhelé entré le 10/11/1978.</Origine>
		<Droits_Repro>Domaine public</Droits_Repro>
		<subject>MEDECIN HOSPITALIER;MILITAIRE;SERVICE SANITAIRE MILITAIRE;VISITE OFFICIELLE;GUERRE 1914-1918;</subject>
		<geoname>CUPERLY (village);MARNE (département);</geoname>
		<persname></persname>
		<corpname></corpname>
	</DocsFigures>
<DocsFigures>
		<Titre>Cuperly. Campement d&apos;artilleur</Titre>
		<Analyse>Vue d&apos;ensemble d&apos;un campement d&apos;artilleur à Cuperly (Marne).
1915. 
Guerre 1914-1918.</Analyse>
		<Realise_en>1915</Realise_en>
		<Liste_des_auteurs>BERTHELÉ, Raoul</Liste_des_auteurs>
		<Type_Doc>Positif N&amp;B</Type_Doc>
		<Support>VERRE</Support>
		<Technique>Photographie stéréo</Technique>
		<Format>4,5 x 10,7 cm</Format>
		<Cote>49Fi542</Cote>
		<Observations></Observations>
		<Origine>Don Faucher-Berhelé entré le 10/11/1978.</Origine>
		<Droits_Repro>Domaine public</Droits_Repro>
		<subject>GUERRE 1914-1918;</subject>
		<geoname>CUPERLY (village);MARNE (département);</geoname>
		<persname></persname>
		<corpname></corpname>
	</DocsFigures>
<DocsFigures>
		<Titre>Cuperly. Enterrement</Titre>
		<Analyse>Scène d&apos;enterrement dans le cimetière de l&apos;hôpital d&apos;évacuation de Cuperly (Marne).
1915. 
Guerre 1914-1918.</Analyse>
		<Realise_en>1915</Realise_en>
		<Liste_des_auteurs>BERTHELÉ, Raoul</Liste_des_auteurs>
		<Type_Doc>Positif N&amp;B</Type_Doc>
		<Support>VERRE</Support>
		<Technique>Photographie stéréo</Technique>
		<Format>4,5 x 10,7 cm</Format>
		<Cote>49Fi543</Cote>
		<Observations></Observations>
		<Origine>Don Faucher-Berhelé entré le 10/11/1978.</Origine>
		<Droits_Repro>Domaine public</Droits_Repro>
		<subject>SERVICE SANITAIRE MILITAIRE;CIMETIERE;MORT POUR LA FRANCE;MILITAIRE;GUERRE 1914-1918;</subject>
		<geoname>CUPERLY (village);MARNE (département);</geoname>
		<persname></persname>
		<corpname></corpname>
	</DocsFigures>
<DocsFigures>
		<Titre>Cuperly. Blessés</Titre>
		<Analyse>Groupe de blessés à l&apos;hôpital d&apos;évacuation de Cuperly (Marne) qui vont être évacués.
1915. 
Guerre 1914-1918.</Analyse>
		<Realise_en>1915</Realise_en>
		<Liste_des_auteurs>BERTHELÉ, Raoul</Liste_des_auteurs>
		<Type_Doc>Positif N&amp;B</Type_Doc>
		<Support>VERRE</Support>
		<Technique>Photographie stéréo</Technique>
		<Format>4,5 x 10,7 cm</Format>
		<Cote>49Fi544</Cote>
		<Observations></Observations>
		<Origine>Don Faucher-Berhelé entré le 10/11/1978.</Origine>
		<Droits_Repro>Domaine public</Droits_Repro>
		<subject>SERVICE SANITAIRE MILITAIRE;MILITAIRE;VICTIME DE GUERRE;GUERRE 1914-1918;</subject>
		<geoname>CUPERLY (village);MARNE (département);</geoname>
		<persname></persname>
		<corpname></corpname>
	</DocsFigures>
<DocsFigures>
		<Titre>Cuperly. HOE [hôpital d&apos;évacuation]. Délégation russe</Titre>
		<Analyse>&quot;Départ de la princesse Murat&quot;.
Départ de la princesse Murat (dans la voiture au premier plan) lors de la visite d&apos;une délégation russe de l&apos;hôpital d&apos;évacuation de Cuperly (Marne).
31 mars 1916. 
Guerre 1914-1918.</Analyse>
		<Realise_en>1916</Realise_en>
		<Liste_des_auteurs>BERTHELÉ, Raoul</Liste_des_auteurs>
		<Type_Doc>Positif N&amp;B</Type_Doc>
		<Support>VERRE</Support>
		<Technique>Photographie stéréo</Technique>
		<Format>4,5 x 10,7 cm</Format>
		<Cote>49Fi545</Cote>
		<Observations></Observations>
		<Origine>Don Faucher-Berhelé entré le 10/11/1978.</Origine>
		<Droits_Repro>Domaine public</Droits_Repro>
		<subject>SERVICE SANITAIRE MILITAIRE;VISITE OFFICIELLE;MILITAIRE;GUERRE 1914-1918;</subject>
		<geoname>CUPERLY (village);MARNE (département);</geoname>
		<persname></persname>
		<corpname></corpname>
	</DocsFigures>
<DocsFigures>
		<Titre>Suippes. 16/04/16. Jets de liquides enflammés</Titre>
		<Analyse>Essais de jets de liquides enflammés à Suippes (Marne).
16 avril 1916. 
Guerre 1914-1918.</Analyse>
		<Realise_en>1916</Realise_en>
		<Liste_des_auteurs>BERTHELÉ, Raoul</Liste_des_auteurs>
		<Type_Doc>NEGATIF N&amp;B</Type_Doc>
		<Support>VERRE</Support>
		<Technique>Photographie stéréo</Technique>
		<Format>4,5 x 10,7 cm</Format>
		<Cote>49Fi546</Cote>
		<Observations></Observations>
		<Origine>Don Faucher-Berhelé entré le 10/11/1978.</Origine>
		<Droits_Repro>Domaine public</Droits_Repro>
		<subject>GUERRE 1914-1918;</subject>
		<geoname>MARNE (département);SUIPPES (village);</geoname>
		<persname></persname>
		<corpname></corpname>
	</DocsFigures>
<DocsFigures>
		<Titre>Suippes. 16/04/16. Jets de liquides enflammés</Titre>
		<Analyse>Essais de jets de liquides enflammés à Suippes (Marne).
16 avril 1916. 
Guerre 1914-1918.</Analyse>
		<Realise_en>1916</Realise_en>
		<Liste_des_auteurs>BERTHELÉ, Raoul</Liste_des_auteurs>
		<Type_Doc>NEGATIF N&amp;B</Type_Doc>
		<Support>VERRE</Support>
		<Technique>Photographie stéréo</Technique>
		<Format>4,5 x 10,7 cm</Format>
		<Cote>49Fi547</Cote>
		<Observations>Même cliché que le 49Fi1876/57.</Observations>
		<Origine>Don Faucher-Berhelé entré le 10/11/1978.</Origine>
		<Droits_Repro>Domaine public</Droits_Repro>
		<subject>GUERRE 1914-1918;</subject>
		<geoname>MARNE (département);SUIPPES (village);</geoname>
		<persname></persname>
		<corpname></corpname>
	</DocsFigures>
<DocsFigures>
		<Titre>Cuperly. HOE [hôpital d&apos;évacuation]. 31/03/16. Visite de délégués étrangers</Titre>
		<Analyse>Groupe de délégués étrangers lors de la visite de l&apos;hôpital d&apos;évacuation de Cuperly (Marne).
31 mars 1916. 
Guerre 1914-1918.
Ils sont devant les douches.</Analyse>
		<Realise_en>1916</Realise_en>
		<Liste_des_auteurs>BERTHELÉ, Raoul</Liste_des_auteurs>
		<Type_Doc>NEGATIF N&amp;B</Type_Doc>
		<Support>VERRE</Support>
		<Technique>Photographie stéréo</Technique>
		<Format>4,5 x 10,7 cm</Format>
		<Cote>49Fi548</Cote>
		<Observations>Même cliché que le 49Fi1876/20.</Observations>
		<Origine>Don Faucher-Berhelé entré le 10/11/1978.</Origine>
		<Droits_Repro>Domaine public</Droits_Repro>
		<subject>VISITE OFFICIELLE;MILITAIRE;SERVICE SANITAIRE MILITAIRE;GUERRE 1914-1918;</subject>
		<geoname>CUPERLY (village);MARNE (département);</geoname>
		<persname></persname>
		<corpname></corpname>
	</DocsFigures>
<DocsFigures>
		<Titre>Cuperly. 27/03/16. Visite médecin Russe</Titre>
		<Analyse>Groupe de militaires lors de la visite d&apos;un médecin russe à l&apos;hôpital d&apos;évacuation de Cuperly (Marne).
27 mars 1916. 
Guerre 1914-1918.</Analyse>
		<Realise_en>1916</Realise_en>
		<Liste_des_auteurs>BERTHELÉ, Raoul</Liste_des_auteurs>
		<Type_Doc>NEGATIF N&amp;B</Type_Doc>
		<Support>VERRE</Support>
		<Technique>Photographie stéréo</Technique>
		<Format>4,5 x 10,7 cm</Format>
		<Cote>49Fi549</Cote>
		<Observations>Même cliché que le 49Fi1875/138.</Observations>
		<Origine>Don Faucher-Berhelé entré le 10/11/1978.</Origine>
		<Droits_Repro>Domaine public</Droits_Repro>
		<subject>AUXILIAIRE MEDICAL;SERVICE SANITAIRE MILITAIRE;MEDECIN HOSPITALIER;VISITE OFFICIELLE;MILITAIRE;GUERRE 1914-1918;</subject>
		<geoname>CUPERLY (village);MARNE (département);</geoname>
		<persname></persname>
		<corpname></corpname>
	</DocsFigures>
<DocsFigures>
		<Titre>Cuperly. HOE [hôpital d&apos;évacuation]. 31/03/16</Titre>
		<Analyse>&quot;Mr. Béchard Dr. du Sce. de Sté.&quot;.
Portrait en buste de M. Béchard, docteur du service de santé, réalisé lors de la visite de délégués étrangers à l&apos;hôpital d&apos;évacuation de Cuperly (Marne).
31 mars 1916. 
Guerre 1914-1918.</Analyse>
		<Realise_en>1916</Realise_en>
		<Liste_des_auteurs>BERTHELÉ, Raoul</Liste_des_auteurs>
		<Type_Doc>NEGATIF N&amp;B</Type_Doc>
		<Support>VERRE</Support>
		<Technique>Photographie stéréo</Technique>
		<Format>4,5 x 10,7 cm</Format>
		<Cote>49Fi550</Cote>
		<Observations>Même cliché que le 49Fi1876/14.</Observations>
		<Origine>Don Faucher-Berhelé entré le 10/11/1978.</Origine>
		<Droits_Repro>Domaine public</Droits_Repro>
		<subject>MEDECIN HOSPITALIER;SERVICE SANITAIRE MILITAIRE;VISITE OFFICIELLE;GUERRE 1914-1918;</subject>
		<geoname>CUPERLY (village);MARNE (département);</geoname>
		<persname></persname>
		<corpname></corpname>
	</DocsFigures>
<DocsFigures>
		<Titre>Cuperly. HOE [hôpital d&apos;évacuation]. 31/03/16. Visite de délélgués étrangers.</Titre>
		<Analyse>&quot;Le général Russe Arbelani&quot;.
Groupe de délégués étrangers lors de la visite de l&apos;hôpital d&apos;évacuation de Cuperly (Marne).
31 mars 1916. 
Guerre 1914-1918.
Au centre de la photo: le Général russe Arbelani.</Analyse>
		<Realise_en>1916</Realise_en>
		<Liste_des_auteurs>BERTHELÉ, Raoul</Liste_des_auteurs>
		<Type_Doc>NEGATIF N&amp;B</Type_Doc>
		<Support>VERRE</Support>
		<Technique>Photographie stéréo</Technique>
		<Format>4,5 x 10,7 cm</Format>
		<Cote>49Fi551</Cote>
		<Observations>Même cliché que le 49Fi1876/18.</Observations>
		<Origine>Don Faucher-Berhelé entré le 10/11/1978.</Origine>
		<Droits_Repro>Domaine public</Droits_Repro>
		<subject>MILITAIRE;SERVICE SANITAIRE MILITAIRE;VISITE OFFICIELLE;GUERRE 1914-1918;</subject>
		<geoname>CUPERLY (village);MARNE (département);</geoname>
		<persname></persname>
		<corpname></corpname>
	</DocsFigures>
<DocsFigures>
		<Titre>Cuperly. HOE [hôpital d&apos;évacuation]. 31/03/16</Titre>
		<Analyse>&quot;Visite de délégués étrangers. Départ&quot;.
Groupe de délégués étrangers lors de leur départ de l&apos;hôpital d&apos;évacuation de Cuperly (Marne)
31 mars 1916. 
Guerre 1914-1918.</Analyse>
		<Realise_en>1916</Realise_en>
		<Liste_des_auteurs>BERTHELÉ, Raoul</Liste_des_auteurs>
		<Type_Doc>NEGATIF N&amp;B</Type_Doc>
		<Support>VERRE</Support>
		<Technique>Photographie stéréo</Technique>
		<Format>4,5 x 10,7 cm</Format>
		<Cote>49Fi552</Cote>
		<Observations>Même cliché que le 49Fi1876/24.</Observations>
		<Origine>Don Faucher-Berhelé entré le 10/11/1978.</Origine>
		<Droits_Repro>Domaine public</Droits_Repro>
		<subject>SERVICE SANITAIRE MILITAIRE;VISITE OFFICIELLE;MILITAIRE;GUERRE 1914-1918;</subject>
		<geoname>CUPERLY (village);MARNE (département);</geoname>
		<persname></persname>
		<corpname></corpname>
	</DocsFigures>
<DocsFigures>
		<Titre>Cuperly. HOE [hôpital d&apos;évacuation]. 31/03/16. Visite de délégués étrangers</Titre>
		<Analyse>Groupe de délégués étrangers lors de la visite de l&apos;hôpital d&apos;évacuation de Cuperly (Marne).
31 mars 1916. 
Guerre 1914-1918.</Analyse>
		<Realise_en>1916</Realise_en>
		<Liste_des_auteurs>BERTHELÉ, Raoul</Liste_des_auteurs>
		<Type_Doc>NEGATIF N&amp;B</Type_Doc>
		<Support>VERRE</Support>
		<Technique>Photographie stéréo</Technique>
		<Format>4,5 x 10,7 cm</Format>
		<Cote>49Fi553</Cote>
		<Observations>Même cliché que le 49Fi1876/15.</Observations>
		<Origine>Don Faucher-Berhelé entré le 10/11/1978.</Origine>
		<Droits_Repro>Domaine public</Droits_Repro>
		<subject>SERVICE SANITAIRE MILITAIRE;VISITE OFFICIELLE;MILITAIRE;GUERRE 1914-1918;</subject>
		<geoname>CUPERLY (village);MARNE (département);</geoname>
		<persname></persname>
		<corpname></corpname>
	</DocsFigures>
<DocsFigures>
		<Titre>Cuperly. HOE [hôpital d&apos;évacuation]. 31/03/16. Visite de délégués étrangers</Titre>
		<Analyse>&quot;Groupe devant le bureau des entrées&quot;.
Groupe de délégués étrangers devant le bureau de entrées lors de la visite de l&apos;hôpital d&apos;évacuation de Cuperly (Marne).
31 mars 1916. 
Guerre 1914-1918.</Analyse>
		<Realise_en>1916</Realise_en>
		<Liste_des_auteurs>BERTHELÉ, Raoul</Liste_des_auteurs>
		<Type_Doc>NEGATIF N&amp;B</Type_Doc>
		<Support>VERRE</Support>
		<Technique>Photographie stéréo</Technique>
		<Format>4,5 x 10,7 cm</Format>
		<Cote>49Fi554</Cote>
		<Observations>Même cliché que le 49Fi1876/16.</Observations>
		<Origine>Don Faucher-Berhelé entré le 10/11/1978.</Origine>
		<Droits_Repro>Domaine public</Droits_Repro>
		<subject>SERVICE SANITAIRE MILITAIRE;VISITE OFFICIELLE;MILITAIRE;GUERRE 1914-1918;</subject>
		<geoname>CUPERLY (village);MARNE (département);</geoname>
		<persname></persname>
		<corpname></corpname>
	</DocsFigures>
<DocsFigures>
		<Titre>Cuperly. HOE [hôpital d&apos;évacuation]. 31/03/16. Visite de délégués étrangers</Titre>
		<Analyse>Groupe de délégués étrangers lors de la visite de l&apos;hôpital d&apos;évacuation de Cuperly (Marne).
31 mars 1916. 
Guerre 1914-1918.</Analyse>
		<Realise_en>1916</Realise_en>
		<Liste_des_auteurs>BERTHELÉ, Raoul</Liste_des_auteurs>
		<Type_Doc>NEGATIF N&amp;B</Type_Doc>
		<Support>VERRE</Support>
		<Technique>Photographie stéréo</Technique>
		<Format>4,5 x 10,7 cm</Format>
		<Cote>49Fi555</Cote>
		<Observations>Même cliché que le 49Fi1876/22.</Observations>
		<Origine>Don Faucher-Berhelé entré le 10/11/1978.</Origine>
		<Droits_Repro>Domaine public</Droits_Repro>
		<subject>SERVICE SANITAIRE MILITAIRE;VISITE OFFICIELLE;MILITAIRE;GUERRE 1914-1918;</subject>
		<geoname>CUPERLY (village);MARNE (département);</geoname>
		<persname></persname>
		<corpname></corpname>
	</DocsFigures>
<DocsFigures>
		<Titre>Cuperly. HOE [hôpital d&apos;évacuation]. 31/03/16. Visite de délégués étrangers</Titre>
		<Analyse>Groupe de délégués étrangers lors de la visite de l&apos;hôpital d&apos;évacuation de Cuperly (Marne).
31 mars 1916. 
Guerre 1914-1918.</Analyse>
		<Realise_en>1916</Realise_en>
		<Liste_des_auteurs>BERTHELÉ, Raoul</Liste_des_auteurs>
		<Type_Doc>NEGATIF N&amp;B</Type_Doc>
		<Support>VERRE</Support>
		<Technique>Photographie stéréo</Technique>
		<Format>4,5 x 10,7 cm</Format>
		<Cote>49Fi556</Cote>
		<Observations>Même cliché que le 49Fi1876/19.</Observations>
		<Origine>Don Faucher-Berhelé entré le 10/11/1978.</Origine>
		<Droits_Repro>Domaine public</Droits_Repro>
		<subject>SERVICE SANITAIRE MILITAIRE;VISITE OFFICIELLE;MILITAIRE;GUERRE 1914-1918;</subject>
		<geoname>CUPERLY (village);MARNE (département);</geoname>
		<persname></persname>
		<corpname></corpname>
	</DocsFigures>
<DocsFigures>
		<Titre>Cuperly. HOE. 31/03/16. M. Justin Godart</Titre>
		<Analyse>Groupe de délégués étrangers lors de la visite de l&apos;hôpital d&apos;évacuation de Cuperly (Marne).
31 mars 1916. 
Guerre 1914-1918.
Au centre M. Justin Godart.</Analyse>
		<Realise_en>1916</Realise_en>
		<Liste_des_auteurs>BERTHELÉ, Raoul</Liste_des_auteurs>
		<Type_Doc>NEGATIF N&amp;B</Type_Doc>
		<Support>VERRE</Support>
		<Technique>Photographie stéréo</Technique>
		<Format>4,5 x 10,7 cm</Format>
		<Cote>49Fi557</Cote>
		<Observations>Même cliché que le 49Fi1876/17.</Observations>
		<Origine>Don Faucher-Berhelé entré le 10/11/1978.</Origine>
		<Droits_Repro>Domaine public</Droits_Repro>
		<subject>SERVICE SANITAIRE MILITAIRE;VISITE OFFICIELLE;MILITAIRE;GUERRE 1914-1918;</subject>
		<geoname>CUPERLY (village);MARNE (département);</geoname>
		<persname></persname>
		<corpname></corpname>
	</DocsFigures>
<DocsFigures>
		<Titre>Cuperly. HOE [hôpital d&apos;évacuation]. 31/03/16. Visite de délégués étrangers</Titre>
		<Analyse>&quot;Groupe devant le bureau des entrées&quot;
Groupe de délégués étrangers devant le bureau des entrées lors de la visite de l&apos;hôpital d&apos;évacuation de Cuperly (Marne).
31 mars 1916. 
Guerre 1914-1918.</Analyse>
		<Realise_en>1916</Realise_en>
		<Liste_des_auteurs>BERTHELÉ, Raoul</Liste_des_auteurs>
		<Type_Doc>NEGATIF N&amp;B</Type_Doc>
		<Support>VERRE</Support>
		<Technique>Photographie stéréo</Technique>
		<Format>4,5 x 10,7 cm</Format>
		<Cote>49Fi558</Cote>
		<Observations>Même cliché que le 49Fi1876/13.</Observations>
		<Origine>Don Faucher-Berhelé entré le 10/11/1978.</Origine>
		<Droits_Repro>Domaine public</Droits_Repro>
		<subject>SERVICE SANITAIRE MILITAIRE;VISITE OFFICIELLE;MILITAIRE;GUERRE 1914-1918;</subject>
		<geoname>CUPERLY (village);MARNE (département);</geoname>
		<persname></persname>
		<corpname></corpname>
	</DocsFigures>
<DocsFigures>
		<Titre>Cuperly. HOE [hôpital d&apos;évacuation]. 31/03/16. Visite de délélgués étrangers</Titre>
		<Analyse>&quot;Le général Russe Arbelani&quot;.
Groupe de délégués étrangers passant devant une tente de l&apos;ambulance russe lors de la visite de l&apos;hôpital d&apos;évacuation de Cuperly (Marne).
31 mars 1916. 
Guerre 1914-1918.
Au centre Le général russe Arbelani. </Analyse>
		<Realise_en>1916</Realise_en>
		<Liste_des_auteurs>BERTHELÉ, Raoul</Liste_des_auteurs>
		<Type_Doc>NEGATIF N&amp;B</Type_Doc>
		<Support>VERRE</Support>
		<Technique>Photographie stéréo</Technique>
		<Format>4,5 x 10,7 cm</Format>
		<Cote>49Fi559</Cote>
		<Observations>Même cliché que le 49Fi1876/21.</Observations>
		<Origine>Don Faucher-Berhelé entré le 10/11/1978.</Origine>
		<Droits_Repro>Domaine public</Droits_Repro>
		<subject>MILITAIRE;SERVICE SANITAIRE MILITAIRE;VISITE OFFICIELLE;GUERRE 1914-1918;</subject>
		<geoname>CUPERLY (village);MARNE (département);</geoname>
		<persname></persname>
		<corpname></corpname>
	</DocsFigures>
<DocsFigures>
		<Titre>Suippes. Expériences. Jets de liquides enflammés</Titre>
		<Analyse>Militaires réalisant des expériences sur les jets de liquides enflammés près de Suippes (Marne).
1916. 
Guerre 1914-1918.</Analyse>
		<Realise_en>1916</Realise_en>
		<Liste_des_auteurs>BERTHELÉ, Raoul</Liste_des_auteurs>
		<Type_Doc>NEGATIF N&amp;B</Type_Doc>
		<Support>VERRE</Support>
		<Technique>Photographie stéréo</Technique>
		<Format>4,5 x 10,7 cm</Format>
		<Cote>49Fi560</Cote>
		<Observations>Même cliché que le 49Fi1876/56.
Même cliché que le 49Fi860.</Observations>
		<Origine>Don Faucher-Berhelé entré le 10/11/1978.</Origine>
		<Droits_Repro>Domaine public</Droits_Repro>
		<subject>GUERRE 1914-1918;</subject>
		<geoname>MARNE (département);SUIPPES (village);</geoname>
		<persname></persname>
		<corpname></corpname>
	</DocsFigures>
<DocsFigures>
		<Titre>Suippes. Expérience. Jets de liquides enflammés</Titre>
		<Analyse>Militaires réalisant des expériences sur les  jets de liquides enflammés près de Suippes (Marne).
1916. 
Guerre 1914-1918.</Analyse>
		<Realise_en>1916</Realise_en>
		<Liste_des_auteurs>BERTHELÉ, Raoul</Liste_des_auteurs>
		<Type_Doc>NEGATIF N&amp;B</Type_Doc>
		<Support>VERRE</Support>
		<Technique>Photographie stéréo</Technique>
		<Format>4,5 x 10,7 cm</Format>
		<Cote>49Fi561</Cote>
		<Observations>Même cliché que le 49Fi1876/55.</Observations>
		<Origine>Don Faucher-Berhelé entré le 10/11/1978.</Origine>
		<Droits_Repro>Domaine public</Droits_Repro>
		<subject>GUERRE 1914-1918;</subject>
		<geoname>MARNE (département);SUIPPES (village);</geoname>
		<persname></persname>
		<corpname></corpname>
	</DocsFigures>
<DocsFigures>
		<Titre>Suippes. Expérience. Jets de liquides enflammés</Titre>
		<Analyse>Militaires réalisant des expériences sur les jets de liquide enflammé près de Suippes (Marne).
1916. 
Guerre 1914-1918.</Analyse>
		<Realise_en>1916</Realise_en>
		<Liste_des_auteurs>BERTHELÉ, Raoul</Liste_des_auteurs>
		<Type_Doc>NEGATIF N&amp;B</Type_Doc>
		<Support>VERRE</Support>
		<Technique>Photographie stéréo</Technique>
		<Format>4,5 x 10,7 cm</Format>
		<Cote>49Fi562</Cote>
		<Observations></Observations>
		<Origine>Don Faucher-Berhelé entré le 10/11/1978.</Origine>
		<Droits_Repro>Domaine public</Droits_Repro>
		<subject>GUERRE 1914-1918;</subject>
		<geoname>MARNE (département);SUIPPES (village);</geoname>
		<persname></persname>
		<corpname></corpname>
	</DocsFigures>
<DocsFigures>
		<Titre>Suippes. Récipients pour jets de liquides enflammés</Titre>
		<Analyse>Militaires réalisant des expériences sur les récipients pour liquides enflammés à Suippes (Marne). 
1916. 
Guerre 1914-1918.
Sur la gauche de la photo: deux hommes qui manipulent un récipient pour jets de liquides enflammés.</Analyse>
		<Realise_en>1916</Realise_en>
		<Liste_des_auteurs>BERTHELÉ, Raoul</Liste_des_auteurs>
		<Type_Doc>NEGATIF N&amp;B</Type_Doc>
		<Support>VERRE</Support>
		<Technique>Photographie stéréo</Technique>
		<Format>4,5 x 10,7 cm</Format>
		<Cote>49Fi563</Cote>
		<Observations>Même cliché que le 49Fi1876/58.Même cliché que le 49Fi563.</Observations>
		<Origine>Don Faucher-Berhelé entré le 10/11/1978.</Origine>
		<Droits_Repro>Domaine public</Droits_Repro>
		<subject>GUERRE 1914-1918;</subject>
		<geoname>MARNE (département);SUIPPES (village);</geoname>
		<persname></persname>
		<corpname></corpname>
	</DocsFigures>
<DocsFigures>
		<Titre>Suippes. 25e chasseurs. Mitrailleuses</Titre>
		<Analyse>Transport de mitrailleuses lors du passage du 25e régiment de chasseurs à Suippes (Marne). 
1916. 
Guerre 1914-1918.</Analyse>
		<Realise_en>1916</Realise_en>
		<Liste_des_auteurs>BERTHELÉ, Raoul</Liste_des_auteurs>
		<Type_Doc>NEGATIF N&amp;B</Type_Doc>
		<Support>VERRE</Support>
		<Technique>Photographie stéréo</Technique>
		<Format>4,5 x 10,7 cm</Format>
		<Cote>49Fi564</Cote>
		<Observations></Observations>
		<Origine>Don Faucher-Berhelé entré le 10/11/1978.</Origine>
		<Droits_Repro>Domaine public</Droits_Repro>
		<subject>GUERRE 1914-1918;</subject>
		<geoname>MARNE (département);SUIPPES (village);</geoname>
		<persname></persname>
		<corpname></corpname>
	</DocsFigures>
<DocsFigures>
		<Titre>Suippes. 25e chasseurs</Titre>
		<Analyse>Passage des fantassins du 25e régiment de chasseurs à Suippes (Marne).
1916. 
Guerre 1914-1918.</Analyse>
		<Realise_en>1916</Realise_en>
		<Liste_des_auteurs>BERTHELÉ, Raoul</Liste_des_auteurs>
		<Type_Doc>NEGATIF N&amp;B</Type_Doc>
		<Support>VERRE</Support>
		<Technique>Photographie stéréo</Technique>
		<Format>4,5 x 10,7 cm</Format>
		<Cote>49Fi565</Cote>
		<Observations>Même cliché que le 49Fi1876/60.</Observations>
		<Origine>Don Faucher-Berhelé entré le 10/11/1978.</Origine>
		<Droits_Repro>Domaine public</Droits_Repro>
		<subject>GUERRE 1914-1918;</subject>
		<geoname>MARNE (département);SUIPPES (village);</geoname>
		<persname></persname>
		<corpname></corpname>
	</DocsFigures>
<DocsFigures>
		<Titre>Suippes. 25e chasseurs. Fanfare</Titre>
		<Analyse>Défilé avec fanfare du 25e régiment de chasseurs à Suippes (Marne). 
1916.
Guerre 1914-1918.
Au premier plan des tranchées.</Analyse>
		<Realise_en>1916</Realise_en>
		<Liste_des_auteurs>BERTHELÉ, Raoul</Liste_des_auteurs>
		<Type_Doc>NEGATIF N&amp;B</Type_Doc>
		<Support>VERRE</Support>
		<Technique>Photographie stéréo</Technique>
		<Format>4,5 x 10,7 cm</Format>
		<Cote>49Fi566</Cote>
		<Observations>Même cliché que le 49Fi1876/59.</Observations>
		<Origine>Don Faucher-Berhelé entré le 10/11/1978.</Origine>
		<Droits_Repro>Domaine public</Droits_Repro>
		<subject>GUERRE 1914-1918;</subject>
		<geoname>MARNE (département);SUIPPES (village);</geoname>
		<persname></persname>
		<corpname></corpname>
	</DocsFigures>
<DocsFigures>
		<Titre>Châlons. Cimetière. Tombe de marocain</Titre>
		<Analyse>Gros plan sur la tombe d&apos;un soldat marocain dans un cimetière militaire de Châlons-en-Champagne (Marne).
1916. 
Guerre 1914-1918.
Le soldat s&apos;appelle Abd el Kader ben Abd el Oual.</Analyse>
		<Realise_en>1916</Realise_en>
		<Liste_des_auteurs>BERTHELÉ, Raoul</Liste_des_auteurs>
		<Type_Doc>NEGATIF N&amp;B</Type_Doc>
		<Support>VERRE</Support>
		<Technique>Photographie stéréo</Technique>
		<Format>4,5 x 10,7 cm</Format>
		<Cote>49Fi567</Cote>
		<Observations>Même cliché que le 49Fi1870/116.</Observations>
		<Origine>Don Faucher-Berhelé entré le 10/11/1978.</Origine>
		<Droits_Repro>Domaine public</Droits_Repro>
		<subject>MILITAIRE;MORT POUR LA FRANCE;CIMETIERE MILITAIRE;GUERRE 1914-1918;</subject>
		<geoname>CHALONS-EN-CHAMPAGNE (ville);MARNE (département);</geoname>
		<persname></persname>
		<corpname></corpname>
	</DocsFigures>
<DocsFigures>
		<Titre>Châlons. Cimetière militaire</Titre>
		<Analyse>Vue d&apos;ensemble du cimetière militaire de Châlons-en-Champagne (Marne).
1916. 
Guerre 1914-1918.</Analyse>
		<Realise_en>1916</Realise_en>
		<Liste_des_auteurs>BERTHELÉ, Raoul</Liste_des_auteurs>
		<Type_Doc>NEGATIF N&amp;B</Type_Doc>
		<Support>VERRE</Support>
		<Technique>Photographie stéréo</Technique>
		<Format>4,5 x 10,7 cm</Format>
		<Cote>49Fi568</Cote>
		<Observations>Même cliché que le 49Fi1872/147.</Observations>
		<Origine>Don Faucher-Berhelé entré le 10/11/1978.</Origine>
		<Droits_Repro>Domaine public</Droits_Repro>
		<subject>CIMETIERE MILITAIRE;GUERRE 1914-1918;</subject>
		<geoname>CHALONS-EN-CHAMPAGNE (ville);MARNE (département);</geoname>
		<persname></persname>
		<corpname></corpname>
	</DocsFigures>
<DocsFigures>
		<Titre>Cuperly. Enterrement</Titre>
		<Analyse>Scène d&apos;enterrement dans le cimetière de l&apos;hôpital d&apos;évacuation de Cuperly (Marne).
1916. 
Guerre 1914-1918.</Analyse>
		<Realise_en>1916</Realise_en>
		<Liste_des_auteurs>BERTHELÉ, Raoul</Liste_des_auteurs>
		<Type_Doc>NEGATIF N&amp;B</Type_Doc>
		<Support>VERRE</Support>
		<Technique>Photographie stéréo</Technique>
		<Format>4,5 x 10,7 cm</Format>
		<Cote>49Fi569</Cote>
		<Observations>Même cliché que le 49Fi1874/32 et de la 49Fi1875/14.
Plaque positive 49Fi543.</Observations>
		<Origine>Don Faucher-Berhelé entré le 10/11/1978.</Origine>
		<Droits_Repro>Domaine public</Droits_Repro>
		<subject>SERVICE SANITAIRE MILITAIRE;MORT POUR LA FRANCE;MILITAIRE;CIMETIERE;GUERRE 1914-1918;</subject>
		<geoname>CUPERLY (village);MARNE (département);</geoname>
		<persname></persname>
		<corpname></corpname>
	</DocsFigures>
<DocsFigures>
		<Titre>Cuperly. HOE [hôpital d&apos;évacuation]. Enterrement</Titre>
		<Analyse>Transport d&apos;une dépouille pour l&apos;inhumer dans une fosse commune du cimetière de l&apos;hôpital d&apos;évacuation de Cuperly (Marne).
1916. 
Guerre 1914-1918.</Analyse>
		<Realise_en>1916</Realise_en>
		<Liste_des_auteurs>BERTHELÉ, Raoul</Liste_des_auteurs>
		<Type_Doc>NEGATIF N&amp;B</Type_Doc>
		<Support>VERRE</Support>
		<Technique>Photographie stéréo</Technique>
		<Format>4,5 x 10,7 cm</Format>
		<Cote>49Fi570</Cote>
		<Observations>Même cliché que le 49Fi1874/34 et de la 49Fi1875/16.</Observations>
		<Origine>Don Faucher-Berhelé entré le 10/11/1978.</Origine>
		<Droits_Repro>Domaine public</Droits_Repro>
		<subject>MORT POUR LA FRANCE;MILITAIRE;SERVICE SANITAIRE MILITAIRE;CIMETIERE;GUERRE 1914-1918;</subject>
		<geoname>CUPERLY (village);MARNE (département);</geoname>
		<persname></persname>
		<corpname></corpname>
	</DocsFigures>
<DocsFigures>
		<Titre>Cuperly. HOE [hôpital d&apos;évacuation]. Blessés</Titre>
		<Analyse>Blessés en attente d&apos;évacuation à l&apos;hôpital d&apos;évacuation de Cuperly (Marne).
1916. 
Guerre 1914-1918.</Analyse>
		<Realise_en>1916</Realise_en>
		<Liste_des_auteurs>BERTHELÉ, Raoul</Liste_des_auteurs>
		<Type_Doc>NEGATIF N&amp;B</Type_Doc>
		<Support>VERRE</Support>
		<Technique>Photographie stéréo</Technique>
		<Format>4,5 x 10,7 cm</Format>
		<Cote>49Fi571</Cote>
		<Observations>Même cliché que le 49Fi1875/12.</Observations>
		<Origine>Don Faucher-Berhelé entré le 10/11/1978.</Origine>
		<Droits_Repro>Domaine public</Droits_Repro>
		<subject>MILITAIRE;SERVICE SANITAIRE MILITAIRE;VICTIME DE GUERRE;VEHICULE AUTOMOBILE;GUERRE 1914-1918;</subject>
		<geoname>CUPERLY (village);MARNE (département);</geoname>
		<persname></persname>
		<corpname></corpname>
	</DocsFigures>
<DocsFigures>
		<Titre>Cuperly. Hôpital. Groupe electrogène</Titre>
		<Analyse>Groupe électrogène de l&apos;hôpital d&apos;évacuation de Cuperly (Marne).
1916. 
Guerre 1914-1918.</Analyse>
		<Realise_en>1916</Realise_en>
		<Liste_des_auteurs>BERTHELÉ, Raoul</Liste_des_auteurs>
		<Type_Doc>NEGATIF N&amp;B</Type_Doc>
		<Support>VERRE</Support>
		<Technique>Photographie stéréo</Technique>
		<Format>4,5 x 10,7 cm</Format>
		<Cote>49Fi572</Cote>
		<Observations>Même cliché que le 49Fi1875/117.</Observations>
		<Origine>Don Faucher-Berhelé entré le 10/11/1978.</Origine>
		<Droits_Repro>Domaine public</Droits_Repro>
		<subject>SERVICE SANITAIRE MILITAIRE;GUERRE 1914-1918;</subject>
		<geoname>CUPERLY (village);MARNE (département);</geoname>
		<persname></persname>
		<corpname></corpname>
	</DocsFigures>
<DocsFigures>
		<Titre>Cuperly. HOE [hôpital d&apos;évacuation]. Bureau des entrées</Titre>
		<Analyse>Militaires et brancardiers devant le bureau des entrées de l&apos;hôpital d&apos;évacuation de Cuperly (Marne).
1916. 
Guerre 1914-1918.
Le bureau des entrées est la salle où des officiers d&apos;administration et des médecins déterminent l&apos;état du blessé entrant.</Analyse>
		<Realise_en>1916</Realise_en>
		<Liste_des_auteurs>BERTHELÉ, Raoul</Liste_des_auteurs>
		<Type_Doc>NEGATIF N&amp;B</Type_Doc>
		<Support>VERRE</Support>
		<Technique>Photographie stéréo</Technique>
		<Format>4,5 x 10,7 cm</Format>
		<Cote>49Fi573</Cote>
		<Observations>Même cliché que le 49Fi1875/10.</Observations>
		<Origine>Don Faucher-Berhelé entré le 10/11/1978.</Origine>
		<Droits_Repro>Domaine public</Droits_Repro>
		<subject>MILITAIRE;SERVICE SANITAIRE MILITAIRE;AUXILIAIRE MEDICAL;VICTIME DE GUERRE;GUERRE 1914-1918;</subject>
		<geoname>CUPERLY (village);MARNE (département);</geoname>
		<persname></persname>
		<corpname></corpname>
	</DocsFigures>
<DocsFigures>
		<Titre>Cuperly. HOE [hôpital d&apos;évacuation]. Bureau des entrées</Titre>
		<Analyse>Militaires devant le bureau des entrées de l&apos;hôpital d&apos;évacuation de Cuperly (Marne).
1916. 
Guerre 1914-1918.
Le bureau des entrées est la salle où des officiers d&apos;administration et des médecins déterminent l&apos;état du blessé entrant.</Analyse>
		<Realise_en>1916</Realise_en>
		<Liste_des_auteurs>BERTHELÉ, Raoul</Liste_des_auteurs>
		<Type_Doc>NEGATIF N&amp;B</Type_Doc>
		<Support>VERRE</Support>
		<Technique>Photographie stéréo</Technique>
		<Format>4,5 x 10,7 cm</Format>
		<Cote>49Fi574</Cote>
		<Observations>Même cliché que le 49Fi1875/7.</Observations>
		<Origine>Don Faucher-Berhelé entré le 10/11/1978.</Origine>
		<Droits_Repro>Domaine public</Droits_Repro>
		<subject>MILITAIRE;SERVICE SANITAIRE MILITAIRE;VICTIME DE GUERRE;GUERRE 1914-1918;</subject>
		<geoname>CUPERLY (village);MARNE (département);</geoname>
		<persname></persname>
		<corpname></corpname>
	</DocsFigures>
<DocsFigures>
		<Titre>Cuperly. Enterrement</Titre>
		<Analyse>Transport d&apos;une dépouille pour l&apos;inhumer dans une fosse commune du cimetière de l&apos;hôpital d&apos;évacuation de Cuperly (Marne).
1916. 
Guerre 1914-1918.</Analyse>
		<Realise_en>1916</Realise_en>
		<Liste_des_auteurs>BERTHELÉ, Raoul</Liste_des_auteurs>
		<Type_Doc>NEGATIF N&amp;B</Type_Doc>
		<Support>VERRE</Support>
		<Technique>Photographie stéréo</Technique>
		<Format>4,5 x 10,7 cm</Format>
		<Cote>49Fi575</Cote>
		<Observations>Même cliché que le 49Fi1875/13.</Observations>
		<Origine>Don Faucher-Berhelé entré le 10/11/1978.</Origine>
		<Droits_Repro>Domaine public</Droits_Repro>
		<subject>SERVICE SANITAIRE MILITAIRE;MILITAIRE;VICTIME DE GUERRE;CIMETIERE;GUERRE 1914-1918;</subject>
		<geoname>CUPERLY (village);MARNE (département);</geoname>
		<persname></persname>
		<corpname></corpname>
	</DocsFigures>
<DocsFigures>
		<Titre>Cuperly. Cuisine des Territoriaux</Titre>
		<Analyse>Vue d&apos;ensemble d&apos;une cuisine des militaires des régiments territoriaux à Cuperly (Marne).
1916. 
Guerre 1914-1918.</Analyse>
		<Realise_en>1916</Realise_en>
		<Liste_des_auteurs>BERTHELÉ, Raoul</Liste_des_auteurs>
		<Type_Doc>NEGATIF N&amp;B</Type_Doc>
		<Support>VERRE</Support>
		<Technique>Photographie stéréo</Technique>
		<Format>4,5 x 10,7 cm</Format>
		<Cote>49Fi576</Cote>
		<Observations>Même cliché que le 49Fi1875/4.</Observations>
		<Origine>Don Faucher-Berhelé entré le 10/11/1978.</Origine>
		<Droits_Repro>Domaine public</Droits_Repro>
		<subject>GUERRE 1914-1918;</subject>
		<geoname>CUPERLY (village);MARNE (département);</geoname>
		<persname></persname>
		<corpname></corpname>
	</DocsFigures>
<DocsFigures>
		<Titre>Cuperly. Hôpital d&apos;évacuation</Titre>
		<Analyse>Vue d&apos;un militaire posant devant l&apos;hôpital d&apos;évacuation de Cuperly (Marne).
1916. 
Guerre 1914-1918.</Analyse>
		<Realise_en>1916</Realise_en>
		<Liste_des_auteurs>BERTHELÉ, Raoul</Liste_des_auteurs>
		<Type_Doc>NEGATIF N&amp;B</Type_Doc>
		<Support>VERRE</Support>
		<Technique>Photographie stéréo</Technique>
		<Format>4,5 x 10,7 cm</Format>
		<Cote>49Fi577</Cote>
		<Observations></Observations>
		<Origine>Don Faucher-Berhelé entré le 10/11/1978.</Origine>
		<Droits_Repro>Domaine public</Droits_Repro>
		<subject>MILITAIRE;SERVICE SANITAIRE MILITAIRE;GUERRE 1914-1918;</subject>
		<geoname>CUPERLY (village);MARNE (département);</geoname>
		<persname></persname>
		<corpname></corpname>
	</DocsFigures>
<DocsFigures>
		<Titre>St Etienne du Temple. Le moulin</Titre>
		<Analyse>Vue d&apos;ensemble du moulin détruit suite à un bombardement de Saint-Etienne-au-Temple (Marne).
1916. 
Guerre 1914-1918.</Analyse>
		<Realise_en>1916</Realise_en>
		<Liste_des_auteurs>BERTHELÉ, Raoul</Liste_des_auteurs>
		<Type_Doc>NEGATIF N&amp;B</Type_Doc>
		<Support>VERRE</Support>
		<Technique>Photographie stéréo</Technique>
		<Format>4,5 x 10,7 cm</Format>
		<Cote>49Fi578</Cote>
		<Observations>Même cliché que le 49Fi1872/141.</Observations>
		<Origine>Don Faucher-Berhelé entré le 10/11/1978.</Origine>
		<Droits_Repro>Domaine public</Droits_Repro>
		<subject>GUERRE 1914-1918;</subject>
		<geoname>MARNE (département);SAINT-ETIENNE-AU-TEMPLE (village);</geoname>
		<persname></persname>
		<corpname></corpname>
	</DocsFigures>
<DocsFigures>
		<Titre>Cuperly. Campement du 7e d&apos;Artillerie</Titre>
		<Analyse>Vue d&apos;ensemble du campement du 7e régiment d&apos;Artillerie basé à Cuperly (Marne).
1916. 
Guerre 1914-1918.</Analyse>
		<Realise_en>1916</Realise_en>
		<Liste_des_auteurs>BERTHELÉ, Raoul</Liste_des_auteurs>
		<Type_Doc>NEGATIF N&amp;B</Type_Doc>
		<Support>VERRE</Support>
		<Technique>Photographie stéréo</Technique>
		<Format>4,5 x 10,7 cm</Format>
		<Cote>49Fi579</Cote>
		<Observations>Même cliché que le 49Fi1872/143.</Observations>
		<Origine>Don Faucher-Berhelé entré le 10/11/1978.</Origine>
		<Droits_Repro>Domaine public</Droits_Repro>
		<subject>GUERRE 1914-1918;</subject>
		<geoname>CUPERLY (village);MARNE (département);</geoname>
		<persname></persname>
		<corpname></corpname>
	</DocsFigures>
<DocsFigures>
		<Titre>Cuperly. Campement du 7e d&apos;Artillerie</Titre>
		<Analyse>Vue d&apos;ensemble du campement du 7e régiment d&apos;Artillerie basé à Cuperly (Marne).
1916. 
Guerre 1914-1918.</Analyse>
		<Realise_en>1916</Realise_en>
		<Liste_des_auteurs>BERTHELÉ, Raoul</Liste_des_auteurs>
		<Type_Doc>NEGATIF N&amp;B</Type_Doc>
		<Support>VERRE</Support>
		<Technique>Photographie stéréo</Technique>
		<Format>4,5 x 10,7 cm</Format>
		<Cote>49Fi580</Cote>
		<Observations>Même cliché que le 49Fi1872/144.</Observations>
		<Origine>Don Faucher-Berhelé entré le 10/11/1978.</Origine>
		<Droits_Repro>Domaine public</Droits_Repro>
		<subject>GUERRE 1914-1918;</subject>
		<geoname>CUPERLY (village);MARNE (département);</geoname>
		<persname></persname>
		<corpname></corpname>
	</DocsFigures>
<DocsFigures>
		<Titre>Cuperly. Chevaux de l&apos;Ambulance</Titre>
		<Analyse>Chevaux de l&apos;Ambulance N° 15 de Cuperly (Marne) dans des boxs.
1916. 
Guerre 1914-1918.
A droite deux militaires.</Analyse>
		<Realise_en>1916</Realise_en>
		<Liste_des_auteurs>BERTHELÉ, Raoul</Liste_des_auteurs>
		<Type_Doc>NEGATIF N&amp;B</Type_Doc>
		<Support>VERRE</Support>
		<Technique>Photographie stéréo</Technique>
		<Format>4,5 x 10,7 cm</Format>
		<Cote>49Fi581</Cote>
		<Observations>Même cliché que le 49Fi1872/150.</Observations>
		<Origine>Don Faucher-Berhelé entré le 10/11/1978.</Origine>
		<Droits_Repro>Domaine public</Droits_Repro>
		<subject>GUERRE 1914-1918;</subject>
		<geoname>CUPERLY (village);MARNE (département);</geoname>
		<persname></persname>
		<corpname></corpname>
	</DocsFigures>
<DocsFigures>
		<Titre>Cuperly. R. Berthelé dans sa chambre</Titre>
		<Analyse>Raoul Berthelé couché dans sa chambre dans le pavillon des officiers de l&apos;Ambulance de Cuperly (Marne).
1916. 
Guerre 1914-1918.</Analyse>
		<Realise_en>1916</Realise_en>
		<Liste_des_auteurs>BERTHELÉ, Raoul</Liste_des_auteurs>
		<Type_Doc>NEGATIF N&amp;B</Type_Doc>
		<Support>VERRE</Support>
		<Technique>Photographie stéréo</Technique>
		<Format>4,5 x 10,7 cm</Format>
		<Cote>49Fi582</Cote>
		<Observations>Même cliché que le 49Fi1870/122.</Observations>
		<Origine>Don Faucher-Berhelé entré le 10/11/1978.</Origine>
		<Droits_Repro>Domaine public</Droits_Repro>
		<subject>GUERRE 1914-1918;</subject>
		<geoname>CUPERLY (village);MARNE (département);</geoname>
		<persname>BERTHELE, Raoul;</persname>
		<corpname></corpname>
	</DocsFigures>
<DocsFigures>
		<Titre>Cuperly. Construction de la cuisine des officiers</Titre>
		<Analyse>Construction de la cuisine de officiers de l&apos;Ambulance de Cuperly (Marne) par quatre soldats.
1915. 
Guerre 1914-1918.</Analyse>
		<Realise_en>1915</Realise_en>
		<Liste_des_auteurs>BERTHELÉ, Raoul</Liste_des_auteurs>
		<Type_Doc>NEGATIF N&amp;B</Type_Doc>
		<Support>VERRE</Support>
		<Technique>Photographie stéréo</Technique>
		<Format>4,5 x 10,7 cm</Format>
		<Cote>49Fi583</Cote>
		<Observations>La partie haute de la vue de gauche est obstruée.</Observations>
		<Origine>Don Faucher-Berhelé entré le 10/11/1978.</Origine>
		<Droits_Repro>Domaine public</Droits_Repro>
		<subject>MILITAIRE;GUERRE 1914-1918;</subject>
		<geoname>CUPERLY (village);MARNE (département);</geoname>
		<persname></persname>
		<corpname></corpname>
	</DocsFigures>
<DocsFigures>
		<Titre>Cuperly. Pavillon des officiers de l&apos;Ambulance. R. Berthelé</Titre>
		<Analyse>Raoul Berthelé posant à une des fenêtres du pavillon des officiers de l&apos;Amulance N°15 de Cuperly (Marne).
1915. 
Guerre 1914-1918.</Analyse>
		<Realise_en>1915</Realise_en>
		<Liste_des_auteurs>BERTHELÉ, Raoul</Liste_des_auteurs>
		<Type_Doc>NEGATIF N&amp;B</Type_Doc>
		<Support>VERRE</Support>
		<Technique>Photographie stéréo</Technique>
		<Format>4,5 x 10,7 cm</Format>
		<Cote>49Fi584</Cote>
		<Observations></Observations>
		<Origine>Don Faucher-Berhelé entré le 10/11/1978.</Origine>
		<Droits_Repro>Domaine public</Droits_Repro>
		<subject>GUERRE 1914-1918;</subject>
		<geoname>CUPERLY (village);MARNE (département);</geoname>
		<persname>BERTHELE, Raoul;</persname>
		<corpname></corpname>
	</DocsFigures>
<DocsFigures>
		<Titre>Cuperly. Hôpital d&apos;évacuation en construction</Titre>
		<Analyse>Vue d&apos;ensemble des travaux de construction de l&apos;hôpital d&apos;évacuation de Cuperly (Marne).
1915. 
Guerre 1914-1918.</Analyse>
		<Realise_en>1915</Realise_en>
		<Liste_des_auteurs>BERTHELÉ, Raoul</Liste_des_auteurs>
		<Type_Doc>NEGATIF N&amp;B</Type_Doc>
		<Support>VERRE</Support>
		<Technique>Photographie stéréo</Technique>
		<Format>4,5 x 10,7 cm</Format>
		<Cote>49Fi585</Cote>
		<Observations>Même cliché que le 49Fi1872/149.</Observations>
		<Origine>Don Faucher-Berhelé entré le 10/11/1978.</Origine>
		<Droits_Repro>Domaine public</Droits_Repro>
		<subject>SERVICE SANITAIRE MILITAIRE;CHANTIER;CONSTRUCTION;GUERRE 1914-1918;</subject>
		<geoname>CUPERLY (village);MARNE (département);</geoname>
		<persname></persname>
		<corpname></corpname>
	</DocsFigures>
<DocsFigures>
		<Titre>Châlons. Cimetière militaire</Titre>
		<Analyse>Vue d&apos;ensemble du cimetière militaire de Châlons-en-Champagne (Marne).
1916. 
Guerre 1914-1918.</Analyse>
		<Realise_en>1916</Realise_en>
		<Liste_des_auteurs>BERTHELÉ, Raoul</Liste_des_auteurs>
		<Type_Doc>NEGATIF N&amp;B</Type_Doc>
		<Support>VERRE</Support>
		<Technique>Photographie stéréo</Technique>
		<Format>4,5 x 10,7 cm</Format>
		<Cote>49Fi586</Cote>
		<Observations>Même cliché que le 49Fi1872/146.</Observations>
		<Origine>Don Faucher-Berhelé entré le 10/11/1978.</Origine>
		<Droits_Repro>Domaine public</Droits_Repro>
		<subject>CIMETIERE MILITAIRE;GUERRE 1914-1918;</subject>
		<geoname>CHALONS-EN-CHAMPAGNE (ville);MARNE (département);</geoname>
		<persname></persname>
		<corpname></corpname>
	</DocsFigures>
<DocsFigures>
		<Titre>Cuperly. 13/03/16. Enterrement</Titre>
		<Analyse>Dépôt d&apos;un cercueil dans une tombe au cimetière de l&apos;hôpital d&apos;évacuation de Cuperly (Marne).
13 mars 1916. 
Guerre 1914-1918.</Analyse>
		<Realise_en>1916</Realise_en>
		<Liste_des_auteurs>BERTHELÉ, Raoul</Liste_des_auteurs>
		<Type_Doc>NEGATIF N&amp;B</Type_Doc>
		<Support>VERRE</Support>
		<Technique>Photographie stéréo</Technique>
		<Format>4,5 x 10,7 cm</Format>
		<Cote>49Fi587</Cote>
		<Observations></Observations>
		<Origine>Don Faucher-Berhelé entré le 10/11/1978.</Origine>
		<Droits_Repro>Domaine public</Droits_Repro>
		<subject>SERVICE SANITAIRE MILITAIRE;MORT POUR LA FRANCE;MILITAIRE;CIMETIERE;GUERRE 1914-1918;</subject>
		<geoname>CUPERLY (village);MARNE (département);</geoname>
		<persname></persname>
		<corpname></corpname>
	</DocsFigures>
<DocsFigures>
		<Titre>Cuperly. 13/03/16. Enterrement</Titre>
		<Analyse>Transport d&apos;une dépouille pour l&apos;inhumer dans le cimetière de l&apos;hôpital d&apos;évacuation de Cuperly (Marne).
13 mars 1916. 
Guerre 1914-1918.</Analyse>
		<Realise_en>1916</Realise_en>
		<Liste_des_auteurs>BERTHELÉ, Raoul</Liste_des_auteurs>
		<Type_Doc>NEGATIF N&amp;B</Type_Doc>
		<Support>VERRE</Support>
		<Technique>Photographie stéréo</Technique>
		<Format>4,5 x 10,7 cm</Format>
		<Cote>49Fi588</Cote>
		<Observations>Même cliché que le 49Fi1875/152.</Observations>
		<Origine>Don Faucher-Berhelé entré le 10/11/1978.</Origine>
		<Droits_Repro>Domaine public</Droits_Repro>
		<subject>SERVICE SANITAIRE MILITAIRE;VEHICULE A TRACTION ANIMALE;MORT POUR LA FRANCE;MILITAIRE;GUERRE 1914-1918;</subject>
		<geoname>CUPERLY (village);MARNE (département);</geoname>
		<persname></persname>
		<corpname></corpname>
	</DocsFigures>
<DocsFigures>
		<Titre>Cuperly. Cimetière. Exhumation des Allemands. 27/03/16</Titre>
		<Analyse>Exhumation d&apos;une dépouille allemande par quatre soldats français au cimetière de l&apos;hôpital d&apos;évacuation de Cuperly (Marne).
27 mars 1916. 
Guerre 1914-1918.</Analyse>
		<Realise_en>1916</Realise_en>
		<Liste_des_auteurs>BERTHELÉ, Raoul</Liste_des_auteurs>
		<Type_Doc>NEGATIF N&amp;B</Type_Doc>
		<Support>VERRE</Support>
		<Technique>Photographie stéréo</Technique>
		<Format>4,5 x 10,7 cm</Format>
		<Cote>49Fi589</Cote>
		<Observations>Même cliché que le 49Fi1876/7.</Observations>
		<Origine>Don Faucher-Berhelé entré le 10/11/1978.</Origine>
		<Droits_Repro>Domaine public</Droits_Repro>
		<subject>SERVICE SANITAIRE MILITAIRE;DECES;MILITAIRE;CIMETIERE;ETRANGER;GUERRE 1914-1918;</subject>
		<geoname>CUPERLY (village);MARNE (département);</geoname>
		<persname></persname>
		<corpname></corpname>
	</DocsFigures>
<DocsFigures>
		<Titre>Cuperly. Cimetière. Exhumation des Allemands. 27/03/16</Titre>
		<Analyse>Exhumation d&apos;une dépouille allemande par trois soldats français au cimetière de l&apos;hôpital d&apos;évacuation de Cuperly (Marne).
27 mars 1916. 
Guerre 1914-1918.</Analyse>
		<Realise_en>1916</Realise_en>
		<Liste_des_auteurs>BERTHELÉ, Raoul</Liste_des_auteurs>
		<Type_Doc>NEGATIF N&amp;B</Type_Doc>
		<Support>VERRE</Support>
		<Technique>Photographie stéréo</Technique>
		<Format>4,5 x 10,7 cm</Format>
		<Cote>49Fi590</Cote>
		<Observations></Observations>
		<Origine>Don Faucher-Berhelé entré le 10/11/1978.</Origine>
		<Droits_Repro>Domaine public</Droits_Repro>
		<subject>SERVICE SANITAIRE MILITAIRE;DECES;MILITAIRE;CIMETIERE;ETRANGER;GUERRE 1914-1918;</subject>
		<geoname>CUPERLY (village);MARNE (département);</geoname>
		<persname></persname>
		<corpname></corpname>
	</DocsFigures>
<DocsFigures>
		<Titre>Cuperly. Prisonniers all. [allemands]</Titre>
		<Analyse>Prisonniers allemands en route pour le campement de prisonniers de Cuperly (Marne).
1916. 
Guerre 1914-1918.</Analyse>
		<Realise_en>1916</Realise_en>
		<Liste_des_auteurs>BERTHELÉ, Raoul</Liste_des_auteurs>
		<Type_Doc>NEGATIF N&amp;B</Type_Doc>
		<Support>VERRE</Support>
		<Technique>Photographie stéréo</Technique>
		<Format>4,5 x 10,7 cm</Format>
		<Cote>49Fi591</Cote>
		<Observations>Même cliché que le 49Fi1875/149.</Observations>
		<Origine>Don Faucher-Berhelé entré le 10/11/1978.</Origine>
		<Droits_Repro>Domaine public</Droits_Repro>
		<subject>MILITAIRE;PRISONNIER DE GUERRE;GUERRE 1914-1918;</subject>
		<geoname>CUPERLY (village);MARNE (département);</geoname>
		<persname></persname>
		<corpname></corpname>
	</DocsFigures>
<DocsFigures>
		<Titre>Cuperly. Prisonniers all. [allemands]</Titre>
		<Analyse>Cuperly (Marne).
1916.  Guerre 1914-1918.
Vue d&apos;ensemble d&apos;une colonne de prisonniers allemands marchant sur une route.</Analyse>
		<Realise_en>1916</Realise_en>
		<Liste_des_auteurs>BERTHELÉ, Raoul</Liste_des_auteurs>
		<Type_Doc>NEGATIF N&amp;B</Type_Doc>
		<Support>VERRE</Support>
		<Technique>Photographie stéréo</Technique>
		<Format>4,5 x 10,7 cm</Format>
		<Cote>49Fi592</Cote>
		<Observations>Même cliché que le 49Fi1875/150.</Observations>
		<Origine>Don Faucher-Berhelé entré le 10/11/1978.</Origine>
		<Droits_Repro>Domaine public</Droits_Repro>
		<subject>MILITAIRE;PRISONNIER DE GUERRE;GUERRE 1914-1918;</subject>
		<geoname>CUPERLY (village);MARNE (département);</geoname>
		<persname></persname>
		<corpname></corpname>
	</DocsFigures>
<DocsFigures>
		<Titre>Cuperly. Prisonniers all. [allemands]</Titre>
		<Analyse>Prisonniers allemands en route pour le campement de prisonniers de Cuperly (Marne).
1916. 
Guerre 1914-1918.</Analyse>
		<Realise_en>1916</Realise_en>
		<Liste_des_auteurs>BERTHELÉ, Raoul</Liste_des_auteurs>
		<Type_Doc>NEGATIF N&amp;B</Type_Doc>
		<Support>VERRE</Support>
		<Technique>Photographie stéréo</Technique>
		<Format>4,5 x 10,7 cm</Format>
		<Cote>49Fi593</Cote>
		<Observations>Même cliché que le 49Fi1875/147.</Observations>
		<Origine>Don Faucher-Berhelé entré le 10/11/1978.</Origine>
		<Droits_Repro>Domaine public</Droits_Repro>
		<subject>MILITAIRE;PRISONNIER DE GUERRE;GUERRE 1914-1918;</subject>
		<geoname>MARNE (département);CUPERLY (village);</geoname>
		<persname></persname>
		<corpname></corpname>
	</DocsFigures>
<DocsFigures>
		<Titre>Cuperly. Prisonniers all. [allemands]</Titre>
		<Analyse>Prisonniers allemands en route pour le campement de prisonniers de Cuperly (Marne).
1916. 
Guerre 1914-1918.</Analyse>
		<Realise_en>1916</Realise_en>
		<Liste_des_auteurs>BERTHELÉ, Raoul</Liste_des_auteurs>
		<Type_Doc>NEGATIF N&amp;B</Type_Doc>
		<Support>VERRE</Support>
		<Technique>Photographie stéréo</Technique>
		<Format>4,5 x 10,7 cm</Format>
		<Cote>49Fi594</Cote>
		<Observations>Même cliché que le 49Fi1875/146.</Observations>
		<Origine>Don Faucher-Berhelé entré le 10/11/1978.</Origine>
		<Droits_Repro>Domaine public</Droits_Repro>
		<subject>MILITAIRE;PRISONNIER DE GUERRE;GUERRE 1914-1918;</subject>
		<geoname>CUPERLY (village);MARNE (département);</geoname>
		<persname></persname>
		<corpname></corpname>
	</DocsFigures>
<DocsFigures>
		<Titre>Cuperly. Prisonniers all. [allemands]</Titre>
		<Analyse>Prisonniers allemands en route pour le campement de prisonniers de Cuperly (Marne).
1916. 
Guerre 1914-1918.</Analyse>
		<Realise_en>1916</Realise_en>
		<Liste_des_auteurs>BERTHELÉ, Raoul</Liste_des_auteurs>
		<Type_Doc>NEGATIF N&amp;B</Type_Doc>
		<Support>VERRE</Support>
		<Technique>Photographie stéréo</Technique>
		<Format>4,5 x 10,7 cm</Format>
		<Cote>49Fi595</Cote>
		<Observations>Même cliché que le 49Fi1875/151.</Observations>
		<Origine>Don Faucher-Berhelé entré le 10/11/1978.</Origine>
		<Droits_Repro>Domaine public</Droits_Repro>
		<subject>MILITAIRE;PRISONNIER DE GUERRE;GUERRE 1914-1918;</subject>
		<geoname>CUPERLY (village);MARNE (département);</geoname>
		<persname></persname>
		<corpname></corpname>
	</DocsFigures>
<DocsFigures>
		<Titre>Cuperly. Hôpital. Etuve à désinfection</Titre>
		<Analyse>Etuve à désinfection de l&apos;hôpital d&apos;évacuation de Cuperly (Marne).
1916. 
Guerre 1914-1918.</Analyse>
		<Realise_en>1916</Realise_en>
		<Liste_des_auteurs>BERTHELÉ, Raoul</Liste_des_auteurs>
		<Type_Doc>NEGATIF N&amp;B</Type_Doc>
		<Support>VERRE</Support>
		<Technique>Photographie stéréo</Technique>
		<Format>4,5 x 10,7 cm</Format>
		<Cote>49Fi596</Cote>
		<Observations>Même cliché que le 49Fi1875/114.
La vue de droite est abimée.</Observations>
		<Origine>Don Faucher-Berhelé entré le 10/11/1978.</Origine>
		<Droits_Repro>Domaine public</Droits_Repro>
		<subject>SERVICE SANITAIRE MILITAIRE;MILITAIRE;GUERRE 1914-1918;</subject>
		<geoname>CUPERLY (village);MARNE (département);</geoname>
		<persname></persname>
		<corpname></corpname>
	</DocsFigures>
<DocsFigures>
		<Titre>Cuperly. Cimetière. Exhumation des Allemands. 27/03/16</Titre>
		<Analyse>Exhumation d&apos;une dépouille allemande par quatre soldats français au cimetière de l&apos;hôpital d&apos;évacuation de Cuperly (Marne).
27 mars 1916. 
Guerre 1914-1918.</Analyse>
		<Realise_en>1916</Realise_en>
		<Liste_des_auteurs>BERTHELÉ, Raoul</Liste_des_auteurs>
		<Type_Doc>NEGATIF N&amp;B</Type_Doc>
		<Support>VERRE</Support>
		<Technique>Photographie stéréo</Technique>
		<Format>4,5 x 10,7 cm</Format>
		<Cote>49Fi597</Cote>
		<Observations>Même cliché que le 49Fi1876/9.</Observations>
		<Origine>Don Faucher-Berhelé entré le 10/11/1978.</Origine>
		<Droits_Repro>Domaine public</Droits_Repro>
		<subject>SERVICE SANITAIRE MILITAIRE;DECES;MILITAIRE;CIMETIERE;ETRANGER;GUERRE 1914-1918;</subject>
		<geoname>CUPERLY (village);MARNE (département);</geoname>
		<persname></persname>
		<corpname></corpname>
	</DocsFigures>
<DocsFigures>
		<Titre>Cuperly. Cimetière. Exhumation des Allemands. 27/03/16</Titre>
		<Analyse>&quot;Transport des cercueils&quot;.
Transport du cercueil d&apos;une dépouille allemande exhumée au cimetière de l&apos;hôpital d&apos;évacuation de Cuperly (Marne).
27 mars 1916. 
Guerre 1914-1918.</Analyse>
		<Realise_en>1916</Realise_en>
		<Liste_des_auteurs>BERTHELÉ, Raoul</Liste_des_auteurs>
		<Type_Doc>NEGATIF N&amp;B</Type_Doc>
		<Support>VERRE</Support>
		<Technique>Photographie stéréo</Technique>
		<Format>4,5 x 10,7 cm</Format>
		<Cote>49Fi598</Cote>
		<Observations>Même cliché que le 49Fi1876/6.</Observations>
		<Origine>Don Faucher-Berhelé entré le 10/11/1978.</Origine>
		<Droits_Repro>Domaine public</Droits_Repro>
		<subject>SERVICE SANITAIRE MILITAIRE;DECES;MILITAIRE;CIMETIERE;ETRANGER;GUERRE 1914-1918;</subject>
		<geoname>CUPERLY (village);MARNE (département);</geoname>
		<persname></persname>
		<corpname></corpname>
	</DocsFigures>
<DocsFigures>
		<Titre>Cuperly. Cimetière. Exhumation des Allemands. 27/03/16</Titre>
		<Analyse>Exhumation d&apos;une dépouille allemande par quatre soldats français au cimetière de l&apos;hôpital d&apos;évacuation de Cuperly (Marne).
27 mars 1916. 
Guerre 1914-1918.</Analyse>
		<Realise_en>1916</Realise_en>
		<Liste_des_auteurs>BERTHELÉ, Raoul</Liste_des_auteurs>
		<Type_Doc>NEGATIF N&amp;B</Type_Doc>
		<Support>VERRE</Support>
		<Technique>Photographie stéréo</Technique>
		<Format>4,5 x 10,7 cm</Format>
		<Cote>49Fi599</Cote>
		<Observations>Même cliché que le 49Fi1876/4.</Observations>
		<Origine>Don Faucher-Berhelé entré le 10/11/1978.</Origine>
		<Droits_Repro>Domaine public</Droits_Repro>
		<subject>SERVICE SANITAIRE MILITAIRE;DECES;CIMETIERE;MILITAIRE;ETRANGER;GUERRE 1914-1918;</subject>
		<geoname>CUPERLY (village);MARNE (département);</geoname>
		<persname></persname>
		<corpname></corpname>
	</DocsFigures>
<DocsFigures>
		<Titre>Cuperly. Cimetière. Exhumation des Allemands. 27/03/16</Titre>
		<Analyse>Exhumation d&apos;une dépouille allemande par quatre soldats français au cimetière de l&apos;hôpital d&apos;évacuation de Cuperly (Marne).
27 mars 1916. 
Guerre 1914-1918.</Analyse>
		<Realise_en>1916</Realise_en>
		<Liste_des_auteurs>BERTHELÉ, Raoul</Liste_des_auteurs>
		<Type_Doc>NEGATIF N&amp;B</Type_Doc>
		<Support>VERRE</Support>
		<Technique>Photographie stéréo</Technique>
		<Format>4,5 x 10,7 cm</Format>
		<Cote>49Fi600</Cote>
		<Observations>Même cliché que le 49Fi1876/3.</Observations>
		<Origine>Don Faucher-Berhelé entré le 10/11/1978.</Origine>
		<Droits_Repro>Domaine public</Droits_Repro>
		<subject>SERVICE SANITAIRE MILITAIRE;ETRANGER;MILITAIRE;CIMETIERE;DECES;GUERRE 1914-1918;</subject>
		<geoname>CUPERLY (village);MARNE (département);</geoname>
		<persname></persname>
		<corpname></corpname>
	</DocsFigures>
<DocsFigures>
		<Titre>Cuperly. Cimetière. Exhumation des Allemands. 27/03/16</Titre>
		<Analyse>Exhumation d&apos;une dépouille allemande par des soldats français au cimetière de l&apos;hôpital d&apos;évacuation de Cuperly (Marne).
27 mars 1916. 
Guerre 1914-1918.</Analyse>
		<Realise_en>1916</Realise_en>
		<Liste_des_auteurs>BERTHELÉ, Raoul</Liste_des_auteurs>
		<Type_Doc>NEGATIF N&amp;B</Type_Doc>
		<Support>VERRE</Support>
		<Technique>Photographie stéréo</Technique>
		<Format>4,5 x 10,7 cm</Format>
		<Cote>49Fi601</Cote>
		<Observations>Même cliché que le 49Fi1876/2.</Observations>
		<Origine>Don Faucher-Berhelé entré le 10/11/1978.</Origine>
		<Droits_Repro>Domaine public</Droits_Repro>
		<subject>SERVICE SANITAIRE MILITAIRE;DECES;CIMETIERE;MILITAIRE;ETRANGER;GUERRE 1914-1918;</subject>
		<geoname>CUPERLY (village);MARNE (département);</geoname>
		<persname></persname>
		<corpname></corpname>
	</DocsFigures>
<DocsFigures>
		<Titre>Cuperly. Cimetière. Exhumation des Allemands. 27/03/16</Titre>
		<Analyse>Exhumation d&apos;une dépouille allemande par des soldats français au cimetière de l&apos;hôpital d&apos;évacuation de Cuperly (Marne).
27 mars 1916. 
Guerre 1914-1918.</Analyse>
		<Realise_en>1916</Realise_en>
		<Liste_des_auteurs>BERTHELÉ, Raoul</Liste_des_auteurs>
		<Type_Doc>NEGATIF N&amp;B</Type_Doc>
		<Support>VERRE</Support>
		<Technique>Photographie stéréo</Technique>
		<Format>4,5 x 10,7 cm</Format>
		<Cote>49Fi602</Cote>
		<Observations>Même cliché que le 49Fi1876/8.</Observations>
		<Origine>Don Faucher-Berhelé entré le 10/11/1978.</Origine>
		<Droits_Repro>Domaine public</Droits_Repro>
		<subject>SERVICE SANITAIRE MILITAIRE;DECES;CIMETIERE;MILITAIRE;ETRANGER;GUERRE 1914-1918;</subject>
		<geoname>CUPERLY (village);MARNE (département);</geoname>
		<persname></persname>
		<corpname></corpname>
	</DocsFigures>
<DocsFigures>
		<Titre>Cuperly. Cimetière. Exhumation des Allemands. 27/03/16</Titre>
		<Analyse>Transport et exhumation de dépouilles allemandes au cimetière de l&apos;hôpital d&apos;évacuation de Cuperly (Marne).
27 mars 1916. 
Guerre 1914-1918.</Analyse>
		<Realise_en>1916</Realise_en>
		<Liste_des_auteurs>BERTHELÉ, Raoul</Liste_des_auteurs>
		<Type_Doc>NEGATIF N&amp;B</Type_Doc>
		<Support>VERRE</Support>
		<Technique>Photographie stéréo</Technique>
		<Format>4,5 x 10,7 cm</Format>
		<Cote>49Fi603</Cote>
		<Observations>Même cliché que le 49Fi1876/5.</Observations>
		<Origine>Don Faucher-Berhelé entré le 10/11/1978.</Origine>
		<Droits_Repro>Domaine public</Droits_Repro>
		<subject>SERVICE SANITAIRE MILITAIRE;DECES;CIMETIERE;MILITAIRE;ETRANGER;GUERRE 1914-1918;</subject>
		<geoname>CUPERLY (village);MARNE (département);</geoname>
		<persname></persname>
		<corpname></corpname>
	</DocsFigures>
<DocsFigures>
		<Titre>Suippes. Escadrille M.F.7. Biplan M. Farman. Lieutenant Marx</Titre>
		<Analyse>Le lieutenant Marx aux commandes d&apos;un avion biplan M. Farman de l&apos;Escadrille M.F.7 près de Suippes (Marne).
1916. 
Guerre 1914-1918.</Analyse>
		<Realise_en>1916</Realise_en>
		<Liste_des_auteurs>BERTHELÉ, Raoul</Liste_des_auteurs>
		<Type_Doc>NEGATIF N&amp;B</Type_Doc>
		<Support>VERRE</Support>
		<Technique>Photographie stéréo</Technique>
		<Format>4,5 x 10,7 cm</Format>
		<Cote>49Fi604</Cote>
		<Observations>Même cliché que le 49Fi1875/139.</Observations>
		<Origine>Don Faucher-Berhelé entré le 10/11/1978.</Origine>
		<Droits_Repro>Domaine public</Droits_Repro>
		<subject>GUERRE 1914-1918;</subject>
		<geoname>MARNE (département);SUIPPES (village);</geoname>
		<persname></persname>
		<corpname></corpname>
	</DocsFigures>
<DocsFigures>
		<Titre>Suippes. Escadrille M.F.7. Moteur Canton-Unnée 100HP sur Voisin</Titre>
		<Analyse>Plan rapproché d&apos;un moteur Canton-Unnée 100 HP monté sur un avion biplan Voisin de l&apos;Escadrille M.F.7 dans un champ d&apos;aviation près de Suippes (Marne).
1916. 
Guerre 1914-1918.</Analyse>
		<Realise_en>1916</Realise_en>
		<Liste_des_auteurs>BERTHELÉ, Raoul</Liste_des_auteurs>
		<Type_Doc>NEGATIF N&amp;B</Type_Doc>
		<Support>VERRE</Support>
		<Technique>Photographie stéréo</Technique>
		<Format>4,5 x 10,7 cm</Format>
		<Cote>49Fi605</Cote>
		<Observations></Observations>
		<Origine>Don Faucher-Berhelé entré le 10/11/1978.</Origine>
		<Droits_Repro>Domaine public</Droits_Repro>
		<subject>GUERRE 1914-1918;</subject>
		<geoname>MARNE (département);SUIPPES (village);</geoname>
		<persname></persname>
		<corpname></corpname>
	</DocsFigures>
<DocsFigures>
		<Titre>Châlons/St Memmie. 11/04/16. Aéro allemand Fokker. Queue</Titre>
		<Analyse>Plan rapproché de la queue d&apos;un avion allemand Fokker à Saint-Mémmie près de Châlons-en-Champagne (Marne).
11 avril 1916. 
Guerre 1914-1918.</Analyse>
		<Realise_en>1916</Realise_en>
		<Liste_des_auteurs>BERTHELÉ, Raoul</Liste_des_auteurs>
		<Type_Doc>NEGATIF N&amp;B</Type_Doc>
		<Support>VERRE</Support>
		<Technique>Photographie stéréo</Technique>
		<Format>4,5 x 10,7 cm</Format>
		<Cote>49Fi606</Cote>
		<Observations>Même cliché que le 49Fi1876/40.</Observations>
		<Origine>Don Faucher-Berhelé entré le 10/11/1978.</Origine>
		<Droits_Repro>Domaine public</Droits_Repro>
		<subject>GUERRE 1914-1918;</subject>
		<geoname>CHALONS-EN-CHAMPAGNE (ville);MARNE (département);</geoname>
		<persname></persname>
		<corpname></corpname>
	</DocsFigures>
<DocsFigures>
		<Titre>Châlons/St Memmie. 11/04/16. Aéro allemand Fokker</Titre>
		<Analyse>Vue d&apos;ensemble d&apos;un avion allemand Fokker à Saint-Memmie près de Châlons-en-Champagne (Marne).
11 avril 1916. 
Guerre 1914-1918.</Analyse>
		<Realise_en>1916</Realise_en>
		<Liste_des_auteurs>BERTHELÉ, Raoul</Liste_des_auteurs>
		<Type_Doc>NEGATIF N&amp;B</Type_Doc>
		<Support>VERRE</Support>
		<Technique>Photographie stéréo</Technique>
		<Format>4,5 x 10,7 cm</Format>
		<Cote>49Fi607</Cote>
		<Observations>Même cliché que le 49Fi1876/37.</Observations>
		<Origine>Don Faucher-Berhelé entré le 10/11/1978.</Origine>
		<Droits_Repro>Domaine public</Droits_Repro>
		<subject>GUERRE 1914-1918;</subject>
		<geoname>CHALONS-EN-CHAMPAGNE (ville);MARNE (département);</geoname>
		<persname></persname>
		<corpname></corpname>
	</DocsFigures>
<DocsFigures>
		<Titre>Châlons/St Memmie. 11/04/16. Aéro allemand Fokker. Moteur. Hélice</Titre>
		<Analyse>Plan rapproché du moteur et de l&apos;hélice d&apos;un avion allemand Fokker à Saint-Memmie près de Châlons-en-Champagne (Marne).
11 avril 1916. 
Guerre 1914-1918.</Analyse>
		<Realise_en>1916</Realise_en>
		<Liste_des_auteurs>BERTHELÉ, Raoul</Liste_des_auteurs>
		<Type_Doc>NEGATIF N&amp;B</Type_Doc>
		<Support>VERRE</Support>
		<Technique>Photographie stéréo</Technique>
		<Format>4,5 x 10,7 cm</Format>
		<Cote>49Fi608</Cote>
		<Observations>Même cliché que le 49Fi1876/38.</Observations>
		<Origine>Don Faucher-Berhelé entré le 10/11/1978.</Origine>
		<Droits_Repro>Domaine public</Droits_Repro>
		<subject>GUERRE 1914-1918;</subject>
		<geoname>CHALONS-EN-CHAMPAGNE (ville);MARNE (département);</geoname>
		<persname></persname>
		<corpname></corpname>
	</DocsFigures>
<DocsFigures>
		<Titre>Châlons/St Memmie. 11/04/16. Aéro allemand Fokker. Mitrailleuse</Titre>
		<Analyse>Plan rapproché de la mitrailleuse d&apos;un avion allemand Fokker à Saint-Memmie près de Châlons-en-Champagne (Marne).
11 avril 1916. 
Guerre 1914-1918.</Analyse>
		<Realise_en>1916</Realise_en>
		<Liste_des_auteurs>BERTHELÉ, Raoul</Liste_des_auteurs>
		<Type_Doc>NEGATIF N&amp;B</Type_Doc>
		<Support>VERRE</Support>
		<Technique>Photographie stéréo</Technique>
		<Format>4,5 x 10,7 cm</Format>
		<Cote>49Fi609</Cote>
		<Observations>Même cliché que le 49Fi1876/41.</Observations>
		<Origine>Don Faucher-Berhelé entré le 10/11/1978.</Origine>
		<Droits_Repro>Domaine public</Droits_Repro>
		<subject>GUERRE 1914-1918;</subject>
		<geoname>CHALONS-EN-CHAMPAGNE (ville);MARNE (département);</geoname>
		<persname></persname>
		<corpname></corpname>
	</DocsFigures>
<DocsFigures>
		<Titre>Châlons/St Memmie. 11/04/16. Aéro allemand Fokker. Place du pilote</Titre>
		<Analyse>Plan rapproché de la place du pilote d&apos;un avion allemand Fokker à Saint-Memmie près de Châlons-en-Champagne (Marne).
11 avril 1916. 
Guerre 1914-1918.
Au second plan une foule de civils observe l&apos;avion.</Analyse>
		<Realise_en>1916</Realise_en>
		<Liste_des_auteurs>BERTHELÉ, Raoul</Liste_des_auteurs>
		<Type_Doc>NEGATIF N&amp;B</Type_Doc>
		<Support>VERRE</Support>
		<Technique>Photographie stéréo</Technique>
		<Format>4,5 x 10,7 cm</Format>
		<Cote>49Fi610</Cote>
		<Observations>Même cliché que le 49Fi1876/39.</Observations>
		<Origine>Don Faucher-Berhelé entré le 10/11/1978.</Origine>
		<Droits_Repro>Domaine public</Droits_Repro>
		<subject>GUERRE 1914-1918;</subject>
		<geoname>CHALONS-EN-CHAMPAGNE (ville);MARNE (département);</geoname>
		<persname></persname>
		<corpname></corpname>
	</DocsFigures>
<DocsFigures>
		<Titre>Châlons/St Memmie. 11/04/16. Aéro allemand Fokker. Place du pilote. Commandes</Titre>
		<Analyse>Plan rapproché de la place du pilote et des commandes d&apos;un avion allemand Fokker à Saint-Memmie près de Châlons-en-Champagne (Marne).
11 avril 1916. 
Guerre 1914-1918.
Au second plan une foule de civils observe l&apos;avion.</Analyse>
		<Realise_en>1916</Realise_en>
		<Liste_des_auteurs>BERTHELÉ, Raoul</Liste_des_auteurs>
		<Type_Doc>NEGATIF N&amp;B</Type_Doc>
		<Support>VERRE</Support>
		<Technique>Photographie stéréo</Technique>
		<Format>4,5 x 10,7 cm</Format>
		<Cote>49Fi611</Cote>
		<Observations>Même cliché que le 49Fi1876/42.</Observations>
		<Origine>Don Faucher-Berhelé entré le 10/11/1978.</Origine>
		<Droits_Repro>Domaine public</Droits_Repro>
		<subject>GUERRE 1914-1918;</subject>
		<geoname>CHALONS-EN-CHAMPAGNE (ville);MARNE (département);</geoname>
		<persname></persname>
		<corpname></corpname>
	</DocsFigures>
<DocsFigures>
		<Titre>Cuperly. Escadrille Nieuport. Mitrailleuse Lewis sur Nieuport</Titre>
		<Analyse>Plan rapproché d&apos;une mitrailleuse Lewis sur un avion Nieuport à Cuperly (Marne)
1916. 
Guerre 1914-1918.</Analyse>
		<Realise_en>1916</Realise_en>
		<Liste_des_auteurs>BERTHELÉ, Raoul</Liste_des_auteurs>
		<Type_Doc>NEGATIF N&amp;B</Type_Doc>
		<Support>VERRE</Support>
		<Technique>Photographie stéréo</Technique>
		<Format>4,5 x 10,7 cm</Format>
		<Cote>49Fi612</Cote>
		<Observations>Même cliché que le 49Fi1876/32.</Observations>
		<Origine>Don Faucher-Berhelé entré le 10/11/1978.</Origine>
		<Droits_Repro>Domaine public</Droits_Repro>
		<subject>GUERRE 1914-1918;</subject>
		<geoname>CUPERLY (village);MARNE (département);</geoname>
		<persname></persname>
		<corpname></corpname>
	</DocsFigures>
<DocsFigures>
		<Titre>Gare de Cuperly. Nieuport démoli</Titre>
		<Analyse>Avion Nieuport qui s&apos;est écrasé dans la gare de Cuperly (Marne) suite à une rafale de mitrailleuse.
1916. 
Guerre 1914-1918.</Analyse>
		<Realise_en>1916</Realise_en>
		<Liste_des_auteurs>BERTHELÉ, Raoul</Liste_des_auteurs>
		<Type_Doc>NEGATIF N&amp;B</Type_Doc>
		<Support>VERRE</Support>
		<Technique>Photographie stéréo</Technique>
		<Format>4,5 x 10,7 cm</Format>
		<Cote>49Fi613</Cote>
		<Observations>Même cliché que le 49Fi1876/34.</Observations>
		<Origine>Don Faucher-Berhelé entré le 10/11/1978.</Origine>
		<Droits_Repro>Domaine public</Droits_Repro>
		<subject>GARE;GUERRE 1914-1918;</subject>
		<geoname>CUPERLY (village);MARNE (département);</geoname>
		<persname></persname>
		<corpname></corpname>
	</DocsFigures>
<DocsFigures>
		<Titre>Gare de Cuperly. Nieuport démoli</Titre>
		<Analyse>Avion Nieuport qui s&apos;est écrasé dans la gare de Cuperly (Marne) suite à une rafale de mitrailleuse.
1916. 
Guerre 1914-1918.
Sur la droite quatre militaires.</Analyse>
		<Realise_en>1916</Realise_en>
		<Liste_des_auteurs>BERTHELÉ, Raoul</Liste_des_auteurs>
		<Type_Doc>NEGATIF N&amp;B</Type_Doc>
		<Support>VERRE</Support>
		<Technique>Photographie stéréo</Technique>
		<Format>4,5 x 10,7 cm</Format>
		<Cote>49Fi614</Cote>
		<Observations>Même cliché que le 49Fi1876/31.</Observations>
		<Origine>Don Faucher-Berhelé entré le 10/11/1978.</Origine>
		<Droits_Repro>Domaine public</Droits_Repro>
		<subject>GARE;GUERRE 1914-1918;</subject>
		<geoname>CUPERLY (village);MARNE (département);</geoname>
		<persname></persname>
		<corpname></corpname>
	</DocsFigures>
<DocsFigures>
		<Titre>Suippes. Escadrille M.F.7. Biplan F.41</Titre>
		<Analyse>Vue d&apos;ensemble d&apos;un avion biplan F. 41 de l&apos;escadrille M.F.7 cantonnée à Suippes (Marne).
1916. 
Guerre 1914-1918.</Analyse>
		<Realise_en>1916</Realise_en>
		<Liste_des_auteurs>BERTHELÉ, Raoul</Liste_des_auteurs>
		<Type_Doc>NEGATIF N&amp;B</Type_Doc>
		<Support>VERRE</Support>
		<Technique>Photographie stéréo</Technique>
		<Format>4,5 x 10,7 cm</Format>
		<Cote>49Fi615</Cote>
		<Observations>Même cliché que le 49Fi1875/140.</Observations>
		<Origine>Don Faucher-Berhelé entré le 10/11/1978.</Origine>
		<Droits_Repro>Domaine public</Droits_Repro>
		<subject>GUERRE 1914-1918;</subject>
		<geoname>MARNE (département);SUIPPES (village);</geoname>
		<persname></persname>
		<corpname></corpname>
	</DocsFigures>
<DocsFigures>
		<Titre>Cuperly. Escadrille N. Biplan Nieuport au départ</Titre>
		<Analyse>Avion biplan Nieuport de l&apos;escadrille N. sur le départ à Cuperly (Marne).
1916. 
Guerre 1914-1918.</Analyse>
		<Realise_en>1916</Realise_en>
		<Liste_des_auteurs>BERTHELÉ, Raoul</Liste_des_auteurs>
		<Type_Doc>NEGATIF N&amp;B</Type_Doc>
		<Support>VERRE</Support>
		<Technique>Photographie stéréo</Technique>
		<Format>4,5 x 10,7 cm</Format>
		<Cote>49Fi616</Cote>
		<Observations>Même cliché que le 49Fi1875/141.</Observations>
		<Origine>Don Faucher-Berhelé entré le 10/11/1978.</Origine>
		<Droits_Repro>Domaine public</Droits_Repro>
		<subject>GUERRE 1914-1918;</subject>
		<geoname>CUPERLY (village);MARNE (département);</geoname>
		<persname></persname>
		<corpname></corpname>
	</DocsFigures>
<DocsFigures>
		<Titre>Cuperly. 1er novembre 1915. Cimetière de l&apos;HOE [hôpital d&apos;évacuation]</Titre>
		<Analyse>La Toussaint au cimetière de l&apos;hôpital d&apos;évacuation de Cuperly (Marne). 
1er novembre 1915. 
Guerre 1914-1918.
Un groupe de soldats visitent les tombes.</Analyse>
		<Realise_en>1915</Realise_en>
		<Liste_des_auteurs>BERTHELÉ, Raoul</Liste_des_auteurs>
		<Type_Doc>NEGATIF N&amp;B</Type_Doc>
		<Support>VERRE</Support>
		<Technique>Photographie stéréo</Technique>
		<Format>4,5 x 10,7 cm</Format>
		<Cote>49Fi617</Cote>
		<Observations>Même cliché que le 49Fi1875/46.</Observations>
		<Origine>Don Faucher-Berhelé entré le 10/11/1978.</Origine>
		<Droits_Repro>Domaine public</Droits_Repro>
		<subject>CEREMONIE PUBLIQUE;MILITAIRE;SERVICE SANITAIRE MILITAIRE;MORT POUR LA FRANCE;CIMETIERE;GUERRE 1914-1918;</subject>
		<geoname>CUPERLY (village);MARNE (département);</geoname>
		<persname></persname>
		<corpname></corpname>
	</DocsFigures>
<DocsFigures>
		<Titre>Cuperly. Prisonniers allemands en corvée</Titre>
		<Analyse>Prisonniers allemands en corvée de pommes de terre à Cuperly (Marne).
1915. 
Guerre 1914-1918.</Analyse>
		<Realise_en>1915</Realise_en>
		<Liste_des_auteurs>BERTHELÉ, Raoul</Liste_des_auteurs>
		<Type_Doc>NEGATIF N&amp;B</Type_Doc>
		<Support>VERRE</Support>
		<Technique>Photographie stéréo</Technique>
		<Format>4,5 x 10,7 cm</Format>
		<Cote>49Fi618</Cote>
		<Observations>Même cliché que le 49Fi1875/39.</Observations>
		<Origine>Don Faucher-Berhelé entré le 10/11/1978.</Origine>
		<Droits_Repro>Domaine public</Droits_Repro>
		<subject>MILITAIRE;PRISONNIER DE GUERRE;GUERRE 1914-1918;</subject>
		<geoname>CUPERLY (village);MARNE (département);</geoname>
		<persname></persname>
		<corpname></corpname>
	</DocsFigures>
<DocsFigures>
		<Titre>Cuperly. Prisonniers allemands Sckrefle Kurts</Titre>
		<Analyse>Prisonniers allemands Schrefle et Kurts en corvée à Cuperly (Marne).
1915. 
Guerre 1914-1918.</Analyse>
		<Realise_en>1915</Realise_en>
		<Liste_des_auteurs>BERTHELÉ, Raoul</Liste_des_auteurs>
		<Type_Doc>NEGATIF N&amp;B</Type_Doc>
		<Support>VERRE</Support>
		<Technique>Photographie stéréo</Technique>
		<Format>4,5 x 10,7 cm</Format>
		<Cote>49Fi619</Cote>
		<Observations></Observations>
		<Origine>Don Faucher-Berhelé entré le 10/11/1978.</Origine>
		<Droits_Repro>Domaine public</Droits_Repro>
		<subject>MILITAIRE;PRISONNIER DE GUERRE;GUERRE 1914-1918;</subject>
		<geoname>CUPERLY (village);MARNE (département);</geoname>
		<persname></persname>
		<corpname></corpname>
	</DocsFigures>
<DocsFigures>
		<Titre>Cuperly. Canon all. [allemand] de 155</Titre>
		<Analyse>Vue d&apos;ensemble de deux canons allemands de calibre 155 à Cuperly (Marne).
1915. 
Guerre 1914-1918.</Analyse>
		<Realise_en>1915</Realise_en>
		<Liste_des_auteurs>BERTHELÉ, Raoul</Liste_des_auteurs>
		<Type_Doc>NEGATIF N&amp;B</Type_Doc>
		<Support>VERRE</Support>
		<Technique>Photographie stéréo</Technique>
		<Format>4,5 x 10,7 cm</Format>
		<Cote>49Fi620</Cote>
		<Observations>Même cliché que le 49Fi540 et de la 49Fi1875/38.</Observations>
		<Origine>Don Faucher-Berhelé entré le 10/11/1978.</Origine>
		<Droits_Repro>Domaine public</Droits_Repro>
		<subject>GUERRE 1914-1918;</subject>
		<geoname>CUPERLY (village);MARNE (département);</geoname>
		<persname></persname>
		<corpname></corpname>
	</DocsFigures>
<DocsFigures>
		<Titre>[Vue d&apos;un champ]</Titre>
		<Analyse>Vue d&apos;une champ probablement réalisée avec un téléobjectif.
1916. 
Guerre 1914-1918.</Analyse>
		<Realise_en>1916</Realise_en>
		<Liste_des_auteurs>BERTHELÉ, Raoul</Liste_des_auteurs>
		<Type_Doc>NEGATIF N&amp;B</Type_Doc>
		<Support>VERRE</Support>
		<Technique>Photographie stéréo</Technique>
		<Format>4,5 x 10,7 cm</Format>
		<Cote>49Fi621</Cote>
		<Observations></Observations>
		<Origine>Don Faucher-Berhelé entré le 10/11/1978.</Origine>
		<Droits_Repro>Domaine public</Droits_Repro>
		<subject>GUERRE 1914-1918;</subject>
		<geoname></geoname>
		<persname></persname>
		<corpname></corpname>
	</DocsFigures>
<DocsFigures>
		<Titre>Cuperly. Prisonniers all. [allemands]</Titre>
		<Analyse>Prisonniers allemands en corvée en train de creuser à Cuperly (Marne).
1915. 
Guerre 1914-1918.</Analyse>
		<Realise_en>1916</Realise_en>
		<Liste_des_auteurs>BERTHELÉ, Raoul</Liste_des_auteurs>
		<Type_Doc>NEGATIF N&amp;B</Type_Doc>
		<Support>VERRE</Support>
		<Technique>Photographie stéréo</Technique>
		<Format>4,5 x 10,7 cm</Format>
		<Cote>49Fi622</Cote>
		<Observations></Observations>
		<Origine>Don Faucher-Berhelé entré le 10/11/1978.</Origine>
		<Droits_Repro>Domaine public</Droits_Repro>
		<subject>MILITAIRE;PRISONNIER DE GUERRE;GUERRE 1914-1918;</subject>
		<geoname>CUPERLY (village);MARNE (département);</geoname>
		<persname></persname>
		<corpname></corpname>
	</DocsFigures>
<DocsFigures>
		<Titre>Cuperly. HOE [hôpital d&apos;évacuation]. Salle de garde</Titre>
		<Analyse>Vue extérieure de la salle de garde de l&apos;hôpital d&apos;évacuation de Cuperly (Marne).
1915. 
Guerre 1914-1918.</Analyse>
		<Realise_en>1915</Realise_en>
		<Liste_des_auteurs>BERTHELÉ, Raoul</Liste_des_auteurs>
		<Type_Doc>NEGATIF N&amp;B</Type_Doc>
		<Support>VERRE</Support>
		<Technique>Photographie stéréo</Technique>
		<Format>4,5 x 10,7 cm</Format>
		<Cote>49Fi623</Cote>
		<Observations></Observations>
		<Origine>Don Faucher-Berhelé entré le 10/11/1978.</Origine>
		<Droits_Repro>Domaine public</Droits_Repro>
		<subject>SERVICE SANITAIRE MILITAIRE;GUERRE 1914-1918;</subject>
		<geoname>CUPERLY (village);MARNE (département);</geoname>
		<persname></persname>
		<corpname></corpname>
	</DocsFigures>
<DocsFigures>
		<Titre>Cuperly. Canon all. [allemand] de 155</Titre>
		<Analyse>Plan rapproché de l&apos;arrière d&apos;&apos;un canon allemand de calibre 155 à Cuperly (Marne).
1916. 
Guerre 1914-1918.</Analyse>
		<Realise_en>1916</Realise_en>
		<Liste_des_auteurs>BERTHELÉ, Raoul</Liste_des_auteurs>
		<Type_Doc>NEGATIF N&amp;B</Type_Doc>
		<Support>VERRE</Support>
		<Technique>Photographie stéréo</Technique>
		<Format>4,5 x 10,7 cm</Format>
		<Cote>49Fi624</Cote>
		<Observations>Même cliché que le 49Fi1875/41.</Observations>
		<Origine>Don Faucher-Berhelé entré le 10/11/1978.</Origine>
		<Droits_Repro>Domaine public</Droits_Repro>
		<subject>GUERRE 1914-1918;</subject>
		<geoname>CUPERLY (village);MARNE (département);</geoname>
		<persname></persname>
		<corpname></corpname>
	</DocsFigures>
<DocsFigures>
		<Titre>Cuperly. Prisonniers all. [allemands]</Titre>
		<Analyse>Prisonniers allemands en corvée participant à la construction de l&apos;hôpital de Cuperly (Marne).
1915. 
Guerre 1914-1918.</Analyse>
		<Realise_en>1915</Realise_en>
		<Liste_des_auteurs>BERTHELÉ, Raoul</Liste_des_auteurs>
		<Type_Doc>NEGATIF N&amp;B</Type_Doc>
		<Support>VERRE</Support>
		<Technique>Photographie stéréo</Technique>
		<Format>4,5 x 10,7 cm</Format>
		<Cote>49Fi625</Cote>
		<Observations></Observations>
		<Origine>Don Faucher-Berhelé entré le 10/11/1978.</Origine>
		<Droits_Repro>Domaine public</Droits_Repro>
		<subject>SERVICE SANITAIRE MILITAIRE;PRISONNIER DE GUERRE;TRAVAIL CONTRAINT;MILITAIRE;CONSTRUCTION;CHANTIER;GUERRE 1914-1918;</subject>
		<geoname>CUPERLY (village);MARNE (département);</geoname>
		<persname></persname>
		<corpname></corpname>
	</DocsFigures>
<DocsFigures>
		<Titre>Cuperly. Canon all. [allemand]</Titre>
		<Analyse>Culasse arrière d&apos;un canon allemand à Cuperly (Marne). 
1915. 
Guerre 1914-1918.</Analyse>
		<Realise_en>1915</Realise_en>
		<Liste_des_auteurs>BERTHELÉ, Raoul</Liste_des_auteurs>
		<Type_Doc>NEGATIF N&amp;B</Type_Doc>
		<Support>VERRE</Support>
		<Technique>Photographie stéréo</Technique>
		<Format>4,5 x 10,7 cm</Format>
		<Cote>49Fi626</Cote>
		<Observations>Même cliché que le 49Fi539 et de la 49Fi1875/40.</Observations>
		<Origine>Don Faucher-Berhelé entré le 10/11/1978.</Origine>
		<Droits_Repro>Domaine public</Droits_Repro>
		<subject>GUERRE 1914-1918;</subject>
		<geoname>CUPERLY (village);MARNE (département);</geoname>
		<persname></persname>
		<corpname></corpname>
	</DocsFigures>
<DocsFigures>
		<Titre>Cuperly. Canon all. [allemand]</Titre>
		<Analyse>Vue  d&apos;un canon allemand détérioré par nos obus à Cuperly (Marne). 
1916. 
Guerre 1914-1918.</Analyse>
		<Realise_en>1916</Realise_en>
		<Liste_des_auteurs>BERTHELÉ, Raoul</Liste_des_auteurs>
		<Type_Doc>NEGATIF N&amp;B</Type_Doc>
		<Support>VERRE</Support>
		<Technique>Photographie stéréo</Technique>
		<Format>4,5 x 10,7 cm</Format>
		<Cote>49Fi627</Cote>
		<Observations>Même cliché que le 49Fi537 etde la 49Fi1875/37.</Observations>
		<Origine>Don Faucher-Berhelé entré le 10/11/1978.</Origine>
		<Droits_Repro>Domaine public</Droits_Repro>
		<subject>GUERRE 1914-1918;</subject>
		<geoname>CUPERLY (village);MARNE (département);</geoname>
		<persname></persname>
		<corpname></corpname>
	</DocsFigures>
<DocsFigures>
		<Titre>Cuperly. Biplan Nieuport</Titre>
		<Analyse>Vue d&apos;un avion biplan Nieuport en plein vol au dessus de Cuperly (Marne).
1915. 
Guerre 1914-1918.</Analyse>
		<Realise_en>1915</Realise_en>
		<Liste_des_auteurs>BERTHELÉ, Raoul</Liste_des_auteurs>
		<Type_Doc>NEGATIF N&amp;B</Type_Doc>
		<Support>VERRE</Support>
		<Technique>Photographie stéréo</Technique>
		<Format>4,5 x 10,7 cm</Format>
		<Cote>49Fi628</Cote>
		<Observations>Même cliché que le 49Fi785 et de la 49Fi1875/43.</Observations>
		<Origine>Don Faucher-Berhelé entré le 10/11/1978.</Origine>
		<Droits_Repro>Domaine public</Droits_Repro>
		<subject>GUERRE 1914-1918;</subject>
		<geoname>CUPERLY (village);MARNE (département);</geoname>
		<persname></persname>
		<corpname></corpname>
	</DocsFigures>
<DocsFigures>
		<Titre>Sartelles. Abri. R. Berthelé</Titre>
		<Analyse>Raoul Berthelé pose devant l&apos;entrée d&apos;un abri au lieu-dit des Sartelles dans la commune de Thierville-sur-Meuse (Meuse).
1917. 
Guerre 1914-1918.</Analyse>
		<Realise_en>1917</Realise_en>
		<Liste_des_auteurs>BERTHELÉ, Raoul</Liste_des_auteurs>
		<Type_Doc>NEGATIF N&amp;B</Type_Doc>
		<Support>VERRE</Support>
		<Technique>Photographie stéréo</Technique>
		<Format>4,5 x 10,7 cm</Format>
		<Cote>49Fi629</Cote>
		<Observations>Même cliché que le 49Fi1878/36</Observations>
		<Origine>Don Faucher-Berhelé entré le 10/11/1978.</Origine>
		<Droits_Repro>Domaine public</Droits_Repro>
		<subject>ABRI;MILITAIRE;GUERRE 1914-1918;</subject>
		<geoname>MEUSE (département);LES SARTELLES (lieu-dit);THIERVILLE-SUR-MEUSE (ville);</geoname>
		<persname>BERTHELE, Raoul;</persname>
		<corpname></corpname>
	</DocsFigures>
<DocsFigures>
		<Titre>Dugny. RGA. Biplan Schmidt</Titre>
		<Analyse>Vue d&apos;un avion biplan Paul Schmitt venant de s&apos;écraser près de la RGA  (réserve générale de l&apos;aviation) à Dugny (Seine-Saint-Denis).
1917. 
Guerre 1914-1918.</Analyse>
		<Realise_en>1917</Realise_en>
		<Liste_des_auteurs>BERTHELÉ, Raoul</Liste_des_auteurs>
		<Type_Doc>NEGATIF N&amp;B</Type_Doc>
		<Support>VERRE</Support>
		<Technique>Photographie stéréo</Technique>
		<Format>4,5 x 10,7 cm</Format>
		<Cote>49Fi630</Cote>
		<Observations>Même cliché que le 49Fi1878/42</Observations>
		<Origine>Don Faucher-Berhelé entré le 10/11/1978.</Origine>
		<Droits_Repro>Domaine public</Droits_Repro>
		<subject>GUERRE 1914-1918;</subject>
		<geoname>DUGNY (ville);SEINE-SAINT-DENIS (Département);</geoname>
		<persname></persname>
		<corpname></corpname>
	</DocsFigures>
<DocsFigures>
		<Titre>Villers-Cotterêts. Forêt. X de Massia et Forès</Titre>
		<Analyse>X de Massia et Forès dans une voiture dans une forêt près de Villers-Cotterêts (Aisne).
1917. 
Guerre 1914-1918.</Analyse>
		<Realise_en>1917</Realise_en>
		<Liste_des_auteurs>BERTHELÉ, Raoul</Liste_des_auteurs>
		<Type_Doc>NEGATIF N&amp;B</Type_Doc>
		<Support>VERRE</Support>
		<Technique>Photographie stéréo</Technique>
		<Format>4,5 x 10,7 cm</Format>
		<Cote>49Fi631</Cote>
		<Observations></Observations>
		<Origine>Don Faucher-Berhelé entré le 10/11/1978.</Origine>
		<Droits_Repro>Domaine public</Droits_Repro>
		<subject>GUERRE 1914-1918;</subject>
		<geoname>VILLERS-COTTERETS (ville);AISNE (département);</geoname>
		<persname></persname>
		<corpname></corpname>
	</DocsFigures>
<DocsFigures>
		<Titre>Dugny. RGA. Biplans Sop With</Titre>
		<Analyse>Vue d&apos;ensemble de biplans anglais Sopwith à la RGA  (réserve générale de l&apos;aviation) à Dugny (Seine-Saint-Denis).
1917. 
Guerre 1914-1918.</Analyse>
		<Realise_en>1917</Realise_en>
		<Liste_des_auteurs>BERTHELÉ, Raoul</Liste_des_auteurs>
		<Type_Doc>NEGATIF N&amp;B</Type_Doc>
		<Support>VERRE</Support>
		<Technique>Photographie stéréo</Technique>
		<Format>4,5 x 10,7 cm</Format>
		<Cote>49Fi632</Cote>
		<Observations>Même cliché que le 49Fi1878/49
Attention la même image avec des noms d&apos;avions différents.</Observations>
		<Origine>Don Faucher-Berhelé entré le 10/11/1978.</Origine>
		<Droits_Repro>Domaine public</Droits_Repro>
		<subject>GUERRE 1914-1918;</subject>
		<geoname>DUGNY (ville);SEINE-SAINT-DENIS (Département);</geoname>
		<persname></persname>
		<corpname></corpname>
	</DocsFigures>
<DocsFigures>
		<Titre>Dugny. Météo. Abri anglais</Titre>
		<Analyse>Abris anglais à la station météo de Dugny (Seine-Saint-Denis).
1917. 
Guerre 1914-1918.</Analyse>
		<Realise_en>1917</Realise_en>
		<Liste_des_auteurs>BERTHELÉ, Raoul</Liste_des_auteurs>
		<Type_Doc>NEGATIF N&amp;B</Type_Doc>
		<Support>VERRE</Support>
		<Technique>Photographie stéréo</Technique>
		<Format>4,5 x 10,7 cm</Format>
		<Cote>49Fi633</Cote>
		<Observations>Même cliché que le 49Fi1878/48</Observations>
		<Origine>Don Faucher-Berhelé entré le 10/11/1978.</Origine>
		<Droits_Repro>Domaine public</Droits_Repro>
		<subject>METEOROLOGIE;ABRI;GUERRE 1914-1918;</subject>
		<geoname>SEINE-SAINT-DENIS (Département);DUGNY (ville);</geoname>
		<persname></persname>
		<corpname></corpname>
	</DocsFigures>
<DocsFigures>
		<Titre>Sartelles. Abri. R. Berthelé</Titre>
		<Analyse>Raoul Berthelé pose devant l&apos;entrée d&apos;un abri au lieu-dit des Sartelles dans la commune de Thierville-sur-Meuse (Meuse).
1917. 
Guerre 1914-1918.</Analyse>
		<Realise_en>1917</Realise_en>
		<Liste_des_auteurs>BERTHELÉ, Raoul</Liste_des_auteurs>
		<Type_Doc>Positif N&amp;B</Type_Doc>
		<Support>VERRE</Support>
		<Technique>Photographie stéréo</Technique>
		<Format>4,5 x 10,7 cm</Format>
		<Cote>49Fi634</Cote>
		<Observations></Observations>
		<Origine>Don Faucher-Berhelé entré le 10/11/1978.</Origine>
		<Droits_Repro>Domaine public</Droits_Repro>
		<subject>ABRI;MILITAIRE;GUERRE 1914-1918;</subject>
		<geoname>MEUSE (département);LES SARTELLES (lieu-dit);THIERVILLE-SUR-MEUSE (ville);</geoname>
		<persname>BERTHELE, Raoul;</persname>
		<corpname></corpname>
	</DocsFigures>
<DocsFigures>
		<Titre>Villers-Cotterêts. Forêt. X de Massia et R. Berthelé</Titre>
		<Analyse>X de Massia et Raoul Berthelé dans une voiture sur une route dans une forêt près de Villers-Cotterêts (Aisne).
1917. 
Guerre 1914-1918.</Analyse>
		<Realise_en>1917</Realise_en>
		<Liste_des_auteurs>BERTHELÉ, Raoul</Liste_des_auteurs>
		<Type_Doc>NEGATIF N&amp;B</Type_Doc>
		<Support>VERRE</Support>
		<Technique>Photographie stéréo</Technique>
		<Format>4,5 x 10,7 cm</Format>
		<Cote>49Fi635</Cote>
		<Observations></Observations>
		<Origine>Don Faucher-Berhelé entré le 10/11/1978.</Origine>
		<Droits_Repro>Domaine public</Droits_Repro>
		<subject>GUERRE 1914-1918;</subject>
		<geoname>VILLERS-COTTERETS (ville);AISNE (département);</geoname>
		<persname>BERTHELE, Raoul;</persname>
		<corpname></corpname>
	</DocsFigures>
<DocsFigures>
		<Titre>Dugny. Météo. R. Berthelé. Théodolite</Titre>
		<Analyse>Raoul Berthelé prenant des mesures à l&apos;aide d&apos;un théodolite à la station météorologique de Dugny (Seine-Saint-Denis).
1917. 
Guerre 1914-1918.
Le théodolithe est un instrument de mesure servant à mesurer les azimuts et les hauteurs.</Analyse>
		<Realise_en>1917</Realise_en>
		<Liste_des_auteurs>BERTHELÉ, Raoul</Liste_des_auteurs>
		<Type_Doc>NEGATIF N&amp;B</Type_Doc>
		<Support>VERRE</Support>
		<Technique>Photographie stéréo</Technique>
		<Format>4,5 x 10,7 cm</Format>
		<Cote>49Fi636</Cote>
		<Observations>Lié à 49Fi1724 et 49Fi1878/47 </Observations>
		<Origine>Don Faucher-Berhelé entré le 10/11/1978.</Origine>
		<Droits_Repro>Domaine public</Droits_Repro>
		<subject>METEOROLOGIE;MILITAIRE;SITE;POIDS-ET-MESURES;GUERRE 1914-1918;</subject>
		<geoname>DUGNY (ville);SEINE-SAINT-DENIS (Département);</geoname>
		<persname>BERTHELE, Raoul;</persname>
		<corpname></corpname>
	</DocsFigures>
<DocsFigures>
		<Titre>Berzy. X de Massia et R. Berthelé</Titre>
		<Analyse>X. de Massia et Raoul Berthelé discutant devant une tente anglaise à Berzy-le-Sec (Aisne).
1917. 
Guerre 1914-1918.</Analyse>
		<Realise_en>1917</Realise_en>
		<Liste_des_auteurs>BERTHELÉ, Raoul</Liste_des_auteurs>
		<Type_Doc>NEGATIF N&amp;B</Type_Doc>
		<Support>VERRE</Support>
		<Technique>Photographie stéréo</Technique>
		<Format>4,5 x 10,7 cm</Format>
		<Cote>49Fi637</Cote>
		<Observations></Observations>
		<Origine>Don Faucher-Berhelé entré le 10/11/1978.</Origine>
		<Droits_Repro>Domaine public</Droits_Repro>
		<subject>GUERRE 1914-1918;</subject>
		<geoname>BERZY-LE-SEC (village);AISNE (département);</geoname>
		<persname>BERTHELE, Raoul;</persname>
		<corpname></corpname>
	</DocsFigures>
<DocsFigures>
		<Titre>Villers-Cotterêts. Forêt. X de Massia et R. Berthelé</Titre>
		<Analyse>X de Massia et Raoul Berthelé dans une voiture sur une route dans une forêt près de Villers-Cotterêts (Aisne).
1917. 
Guerre 1914-1918.</Analyse>
		<Realise_en>1917</Realise_en>
		<Liste_des_auteurs>BERTHELÉ, Raoul</Liste_des_auteurs>
		<Type_Doc>NEGATIF N&amp;B</Type_Doc>
		<Support>VERRE</Support>
		<Technique>Photographie stéréo</Technique>
		<Format>4,5 x 10,7 cm</Format>
		<Cote>49Fi638</Cote>
		<Observations></Observations>
		<Origine>Don Faucher-Berhelé entré le 10/11/1978.</Origine>
		<Droits_Repro>Domaine public</Droits_Repro>
		<subject>GUERRE 1914-1918;</subject>
		<geoname>VILLERS-COTTERETS (ville);AISNE (département);</geoname>
		<persname>BERTHELE, Raoul;</persname>
		<corpname></corpname>
	</DocsFigures>
<DocsFigures>
		<Titre>Villers-Cotterêts. Forêt. Déjeuner. X de Massia et R. Berthelé</Titre>
		<Analyse>X de Massia et Raoul Berthelé déjeunent dans une forêt sur une route près de Villers-Cotterêts (Aisne).
1917. 
Guerre 1914-1918.</Analyse>
		<Realise_en>1917</Realise_en>
		<Liste_des_auteurs>BERTHELÉ, Raoul</Liste_des_auteurs>
		<Type_Doc>NEGATIF N&amp;B</Type_Doc>
		<Support>VERRE</Support>
		<Technique>Photographie stéréo</Technique>
		<Format>4,5 x 10,7 cm</Format>
		<Cote>49Fi639</Cote>
		<Observations></Observations>
		<Origine>Don Faucher-Berhelé entré le 10/11/1978.</Origine>
		<Droits_Repro>Domaine public</Droits_Repro>
		<subject>GUERRE 1914-1918;</subject>
		<geoname>VILLERS-COTTERETS (ville);AISNE (département);</geoname>
		<persname>BERTHELE, Raoul;</persname>
		<corpname></corpname>
	</DocsFigures>
<DocsFigures>
		<Titre>Villers-Cotterêts. Forêt. Déjeuner. X de Massia et R. B.</Titre>
		<Analyse>X de Massia et Raoul Berthelé déjeunent dans une forêt près de Villers-Cotterêts (Aisne).
1917. 
Guerre 1914-1918.</Analyse>
		<Realise_en>1917</Realise_en>
		<Liste_des_auteurs>BERTHELÉ, Raoul</Liste_des_auteurs>
		<Type_Doc>Positif N&amp;B</Type_Doc>
		<Support>VERRE</Support>
		<Technique>Photographie stéréo</Technique>
		<Format>4,5 x 10,7 cm</Format>
		<Cote>49Fi640</Cote>
		<Observations></Observations>
		<Origine>Don Faucher-Berhelé entré le 10/11/1978.</Origine>
		<Droits_Repro>Domaine public</Droits_Repro>
		<subject>GUERRE 1914-1918;</subject>
		<geoname>VILLERS-COTTERETS (ville);AISNE (département);</geoname>
		<persname>BERTHELE, Raoul;</persname>
		<corpname></corpname>
	</DocsFigures>
<DocsFigures>
		<Titre>Villers-Cotterêts. Forêt. X de Massia et R. B.</Titre>
		<Analyse>X de Massia et Raoul Berthelé dans une voiture dans une forêt près de Villers-Cotterêts (Aisne).
1917. 
Guerre 1914-1918.</Analyse>
		<Realise_en>1917</Realise_en>
		<Liste_des_auteurs>BERTHELÉ, Raoul</Liste_des_auteurs>
		<Type_Doc>Positif N&amp;B</Type_Doc>
		<Support>VERRE</Support>
		<Technique>Photographie stéréo</Technique>
		<Format>4,5 x 10,7 cm</Format>
		<Cote>49Fi641</Cote>
		<Observations></Observations>
		<Origine>Don Faucher-Berhelé entré le 10/11/1978.</Origine>
		<Droits_Repro>Domaine public</Droits_Repro>
		<subject>GUERRE 1914-1918;</subject>
		<geoname>VILLERS-COTTERETS (ville);AISNE (département);</geoname>
		<persname>BERTHELE, Raoul;</persname>
		<corpname></corpname>
	</DocsFigures>
<DocsFigures>
		<Titre>Villers-Cotterêts. Forêt. X de Massia et R. B.</Titre>
		<Analyse>X de Massia et Raoul Berthelé dans une voiture dans une forêt près de Villers-Cotterêts (Aisne).
1917. 
Guerre 1914-1918.</Analyse>
		<Realise_en>1917</Realise_en>
		<Liste_des_auteurs>BERTHELÉ, Raoul</Liste_des_auteurs>
		<Type_Doc>Positif N&amp;B</Type_Doc>
		<Support>VERRE</Support>
		<Technique>Photographie stéréo</Technique>
		<Format>4,5 x 10,7 cm</Format>
		<Cote>49Fi642</Cote>
		<Observations></Observations>
		<Origine>Don Faucher-Berhelé entré le 10/11/1978.</Origine>
		<Droits_Repro>Domaine public</Droits_Repro>
		<subject>GUERRE 1914-1918;</subject>
		<geoname>VILLERS-COTTERETS (ville);AISNE (département);</geoname>
		<persname>BERTHELE, Raoul;</persname>
		<corpname></corpname>
	</DocsFigures>
<DocsFigures>
		<Titre>Dugny. Météo. R.B. au théodolite</Titre>
		<Analyse>Vue de profil de Raoul Berthelé prenant des mesures à l&apos;aide d&apos;un théodolite à la station météorologique de Dugny (Seine-Saint-Denis).
1917. 
Guerre 1914-1918.
Le théodolite est un instrument de mesure servant à mesurer les azimuts et les hauteurs.</Analyse>
		<Realise_en>1917</Realise_en>
		<Liste_des_auteurs>BERTHELÉ, Raoul</Liste_des_auteurs>
		<Type_Doc>Positif N&amp;B</Type_Doc>
		<Support>VERRE</Support>
		<Technique>Photographie stéréo</Technique>
		<Format>4,5 x 10,7 cm</Format>
		<Cote>49Fi643</Cote>
		<Observations>Même cliché que les 49Fi636 et 49Fi1878/47.</Observations>
		<Origine>Don Faucher-Berhelé entré le 10/11/1978.</Origine>
		<Droits_Repro>Domaine public</Droits_Repro>
		<subject>METEOROLOGIE;MILITAIRE;GUERRE 1914-1918;</subject>
		<geoname>DUGNY (ville);SEINE-SAINT-DENIS (Département);</geoname>
		<persname>BERTHELE, Raoul;</persname>
		<corpname></corpname>
	</DocsFigures>
<DocsFigures>
		<Titre>[X. de Massia]</Titre>
		<Analyse>Portrait en pied de X de Massia et d&apos;un chien.
1917. 
Guerre 1914-1918.</Analyse>
		<Realise_en>1917</Realise_en>
		<Liste_des_auteurs>BERTHELÉ, Raoul</Liste_des_auteurs>
		<Type_Doc>Positif N&amp;B</Type_Doc>
		<Support>VERRE</Support>
		<Technique>Photographie stéréo</Technique>
		<Format>4,5 x 10,7 cm</Format>
		<Cote>49Fi644</Cote>
		<Observations></Observations>
		<Origine>Don Faucher-Berhelé entré le 10/11/1978.</Origine>
		<Droits_Repro>Domaine public</Droits_Repro>
		<subject>MILITAIRE;ANIMAL DE COMPAGNIE;GUERRE 1914-1918;</subject>
		<geoname></geoname>
		<persname></persname>
		<corpname></corpname>
	</DocsFigures>
<DocsFigures>
		<Titre>[Raoul Berthelé]</Titre>
		<Analyse>Portrait en pied de Raoul Berthelé posant avec un mouton sur un chemin près de Chardogne (Meuse).
Novembre-décembre 1916. 
Guerre 1914-1918.</Analyse>
		<Realise_en>1916</Realise_en>
		<Liste_des_auteurs>BERTHELÉ, Raoul</Liste_des_auteurs>
		<Type_Doc>Positif N&amp;B</Type_Doc>
		<Support>VERRE</Support>
		<Technique>Photographie stéréo</Technique>
		<Format>4,5 x 10,7 cm</Format>
		<Cote>49Fi645</Cote>
		<Observations>Même cliché que les 49Fi465 et 49Fi1877/124.</Observations>
		<Origine>Don Faucher-Berhelé entré le 10/11/1978.</Origine>
		<Droits_Repro>Domaine public</Droits_Repro>
		<subject>MILITAIRE;BETAIL;GUERRE 1914-1918;</subject>
		<geoname>CHARDOGNE (village);MEUSE (département);</geoname>
		<persname>BERTHELE, Raoul;</persname>
		<corpname></corpname>
	</DocsFigures>
<DocsFigures>
		<Titre>Berzy. 01/11/17. R. B. en ballon captif</Titre>
		<Analyse>Vue de Raoul Berthelé en ballon captif à Berzy-le-Sec (Aisne).
1er novembre 1917. 
Guerre 1914-1918.</Analyse>
		<Realise_en>1917</Realise_en>
		<Liste_des_auteurs>BERTHELÉ, Raoul</Liste_des_auteurs>
		<Type_Doc>NEGATIF N&amp;B</Type_Doc>
		<Support>VERRE</Support>
		<Technique>Photographie stéréo</Technique>
		<Format>4,5 x 10,7 cm</Format>
		<Cote>49Fi646</Cote>
		<Observations></Observations>
		<Origine>Don Faucher-Berhelé entré le 10/11/1978.</Origine>
		<Droits_Repro>Domaine public</Droits_Repro>
		<subject>AERONEF;MILITAIRE;SITE;GUERRE 1914-1918;</subject>
		<geoname>BERZY-LE-SEC (village);AISNE (département);</geoname>
		<persname>BERTHELE, Raoul;</persname>
		<corpname></corpname>
	</DocsFigures>
<DocsFigures>
		<Titre>Dugny. RGA. Biplan Morane</Titre>
		<Analyse>Vue d&apos;ensemble d&apos;un avion biplan Morane dans un champ d&apos;aviation de la RGA  (réserve générale de l&apos;aviation) à Dugny (Seine-Saint-Denis).
1917. 
Guerre 1914-1918.</Analyse>
		<Realise_en>1917</Realise_en>
		<Liste_des_auteurs>BERTHELÉ, Raoul</Liste_des_auteurs>
		<Type_Doc>NEGATIF N&amp;B</Type_Doc>
		<Support>VERRE</Support>
		<Technique>Photographie stéréo</Technique>
		<Format>4,5 x 10,7 cm</Format>
		<Cote>49Fi647</Cote>
		<Observations>Même cliché que le 49Fi1878/53</Observations>
		<Origine>Don Faucher-Berhelé entré le 10/11/1978.</Origine>
		<Droits_Repro>Domaine public</Droits_Repro>
		<subject>AERONEF;GUERRE 1914-1918;</subject>
		<geoname>DUGNY (ville);SEINE-SAINT-DENIS (Département);</geoname>
		<persname></persname>
		<corpname></corpname>
	</DocsFigures>
<DocsFigures>
		<Titre>Dugny. RGA. Biplan Moineau</Titre>
		<Analyse>Vue d&apos;ensemble d&apos;un avion biplan Moineau dans un champ d&apos;aviation de la RGA  (réserve générale de l&apos;aviation) à Dugny (Seine-Saint-Denis).
1917. 
Guerre 1914-1918.</Analyse>
		<Realise_en>1917</Realise_en>
		<Liste_des_auteurs>BERTHELÉ, Raoul</Liste_des_auteurs>
		<Type_Doc>NEGATIF N&amp;B</Type_Doc>
		<Support>VERRE</Support>
		<Technique>Photographie stéréo</Technique>
		<Format>4,5 x 10,7 cm</Format>
		<Cote>49Fi648</Cote>
		<Observations>Même cliché que le 49Fi1878/51</Observations>
		<Origine>Don Faucher-Berhelé entré le 10/11/1978.</Origine>
		<Droits_Repro>Domaine public</Droits_Repro>
		<subject>GUERRE 1914-1918;</subject>
		<geoname>DUGNY (ville);SEINE-SAINT-DENIS (Département);</geoname>
		<persname></persname>
		<corpname></corpname>
	</DocsFigures>
<DocsFigures>
		<Titre>Dugny. Météo. Salle des enregistreurs</Titre>
		<Analyse>Salle des enregistreurs de la station météorologique de la IVe Armée basée à Dugny (Seine-Saint-Denis).
1917. 
Guerre 1914-1918.</Analyse>
		<Realise_en>1917</Realise_en>
		<Liste_des_auteurs>BERTHELÉ, Raoul</Liste_des_auteurs>
		<Type_Doc>NEGATIF N&amp;B</Type_Doc>
		<Support>VERRE</Support>
		<Technique>Photographie stéréo</Technique>
		<Format>4,5 x 10,7 cm</Format>
		<Cote>49Fi649</Cote>
		<Observations>Même cliché que le 49Fi1878/44</Observations>
		<Origine>Don Faucher-Berhelé entré le 10/11/1978.</Origine>
		<Droits_Repro>Domaine public</Droits_Repro>
		<subject>METEOROLOGIE;GUERRE 1914-1918;</subject>
		<geoname>DUGNY (ville);SEINE-SAINT-DENIS (Département);</geoname>
		<persname></persname>
		<corpname></corpname>
	</DocsFigures>
<DocsFigures>
		<Titre>Dugny. RGA. Biplan Schmidt</Titre>
		<Analyse>Vue d&apos;un avion biplan Schmitt venant de s&apos;écraser près de la RGA  (réserve générale de l&apos;aviation) à Dugny (Seine-Saint-Denis).
1917. 
Guerre 1914-1918.</Analyse>
		<Realise_en>1917</Realise_en>
		<Liste_des_auteurs>BERTHELÉ, Raoul</Liste_des_auteurs>
		<Type_Doc>NEGATIF N&amp;B</Type_Doc>
		<Support>VERRE</Support>
		<Technique>Photographie stéréo</Technique>
		<Format>4,5 x 10,7 cm</Format>
		<Cote>49Fi650</Cote>
		<Observations>Même cliché que le 49Fi1878/39</Observations>
		<Origine>Don Faucher-Berhelé entré le 10/11/1978.</Origine>
		<Droits_Repro>Domaine public</Droits_Repro>
		<subject>GUERRE 1914-1918;</subject>
		<geoname>DUGNY (ville);SEINE-SAINT-DENIS (Département);</geoname>
		<persname></persname>
		<corpname></corpname>
	</DocsFigures>
<DocsFigures>
		<Titre>Dugny. Météo. Lnt. Rouch. cap. Gauthier. lieut. Baldit</Titre>
		<Analyse>Photo de groupe des lieutenants Rouch et Baldit et du capitaine Gauthier prise à la sation météorologique de la IVe Armée basée à Dugny (Seine-Saint-Denis).
1917. 
Guerre 1914-1918.
De gauche à droite: Lieutenant Rouch, capitaine Gauthier et lieutenant Baldit</Analyse>
		<Realise_en>1917</Realise_en>
		<Liste_des_auteurs>BERTHELÉ, Raoul</Liste_des_auteurs>
		<Type_Doc>NEGATIF N&amp;B</Type_Doc>
		<Support>VERRE</Support>
		<Technique>Photographie stéréo</Technique>
		<Format>4,5 x 10,7 cm</Format>
		<Cote>49Fi651</Cote>
		<Observations>Lié à 49Fi1875/45</Observations>
		<Origine>Don Faucher-Berhelé entré le 10/11/1978.</Origine>
		<Droits_Repro>Domaine public</Droits_Repro>
		<subject>METEOROLOGIE;OFFICIER MILITAIRE;GUERRE 1914-1918;</subject>
		<geoname>DUGNY (ville);SEINE-SAINT-DENIS (Département);</geoname>
		<persname></persname>
		<corpname></corpname>
	</DocsFigures>
<DocsFigures>
		<Titre>Dugny. Cap. [Capitaine] Prevost</Titre>
		<Analyse>Portrait en pied du capitaine Prévost en train de prendre une photo à Dugny (Seine-Saint-Denis).
1917. 
Guerre 1914-1918.</Analyse>
		<Realise_en>1917</Realise_en>
		<Liste_des_auteurs>BERTHELÉ, Raoul</Liste_des_auteurs>
		<Type_Doc>NEGATIF N&amp;B</Type_Doc>
		<Support>VERRE</Support>
		<Technique>Photographie stéréo</Technique>
		<Format>4,5 x 10,7 cm</Format>
		<Cote>49Fi652</Cote>
		<Observations>Même cliché que le 49Fi1878/55</Observations>
		<Origine>Don Faucher-Berhelé entré le 10/11/1978.</Origine>
		<Droits_Repro>Domaine public</Droits_Repro>
		<subject>GUERRE 1914-1918;</subject>
		<geoname>DUGNY (ville);SEINE-SAINT-DENIS (Département);</geoname>
		<persname></persname>
		<corpname></corpname>
	</DocsFigures>
<DocsFigures>
		<Titre>Dugny. Biplan Letors</Titre>
		<Analyse>Vue d&apos;ensemble d&apos;un avion biplan Letort dans un champ d&apos;aviation à Dugny (Seine-Saint-Denis).
1917. 
Guerre 1914-1918.</Analyse>
		<Realise_en>1917</Realise_en>
		<Liste_des_auteurs>BERTHELÉ, Raoul</Liste_des_auteurs>
		<Type_Doc>NEGATIF N&amp;B</Type_Doc>
		<Support>VERRE</Support>
		<Technique>Photographie stéréo</Technique>
		<Format>4,5 x 10,7 cm</Format>
		<Cote>49Fi653</Cote>
		<Observations>Même cliché que le 49Fi1878/50</Observations>
		<Origine>Don Faucher-Berhelé entré le 10/11/1978.</Origine>
		<Droits_Repro>Domaine public</Droits_Repro>
		<subject>GUERRE 1914-1918;</subject>
		<geoname>DUGNY (ville);SEINE-SAINT-DENIS (Département);</geoname>
		<persname></persname>
		<corpname></corpname>
	</DocsFigures>
<DocsFigures>
		<Titre>Bar-le-Duc. Canal des usines par la pluie</Titre>
		<Analyse>&quot;f; 4,5 [ouverture], 1/5e de seconde [vitesse]&quot;
Vue d&apos;ensemble du canal des usines à Bar-le-Duc (Meuse) par temps de pluie.
18 octobre 1916.
Guerre 1914-1918.
Raoul Berthelé précise la vitesse et l&apos;ouverture.</Analyse>
		<Realise_en>1916</Realise_en>
		<Liste_des_auteurs>BERTHELÉ, Raoul</Liste_des_auteurs>
		<Type_Doc>NEGATIF N&amp;B</Type_Doc>
		<Support>VERRE</Support>
		<Technique>Photographie stéréo</Technique>
		<Format>4,5 x 10,7 cm</Format>
		<Cote>49Fi654</Cote>
		<Observations>Même cliché que le 49Fi1877/105</Observations>
		<Origine>Don Faucher-Berhelé entré le 10/11/1978.</Origine>
		<Droits_Repro>Domaine public</Droits_Repro>
		<subject>GUERRE 1914-1918;</subject>
		<geoname>BAR-LE-DUC (ville);MEUSE (département);</geoname>
		<persname></persname>
		<corpname></corpname>
	</DocsFigures>
<DocsFigures>
		<Titre>Rampont. 22/10/16. Train blindé. Pièce de 400</Titre>
		<Analyse>Vue d&apos;ensemble d&apos;une pièce d&apos;artillerie de calibre 400 montée sur un train blindé à Rampont (Meuse).
22 octobre 1916. 
Guerre 1914-1918.</Analyse>
		<Realise_en>1916</Realise_en>
		<Liste_des_auteurs>BERTHELÉ, Raoul</Liste_des_auteurs>
		<Type_Doc>NEGATIF N&amp;B</Type_Doc>
		<Support>VERRE</Support>
		<Technique>Photographie stéréo</Technique>
		<Format>4,5 x 10,7 cm</Format>
		<Cote>49Fi655</Cote>
		<Observations>Même cliché que le 49Fi1877/108</Observations>
		<Origine>Don Faucher-Berhelé entré le 10/11/1978.</Origine>
		<Droits_Repro>Domaine public</Droits_Repro>
		<subject>GUERRE 1914-1918;</subject>
		<geoname>RAMPONT (hameau);MEUSE (département);SOUHESMES-RAMPONT (LES) (village);</geoname>
		<persname></persname>
		<corpname></corpname>
	</DocsFigures>
<DocsFigures>
		<Titre>Bar-le-Duc. Canal des usines par la pluie</Titre>
		<Analyse>&quot;f; 4,5 [ouverture], [vitesse] 1/5e de seconde&quot;
Vue d&apos;ensemble du canal des usines à Bar-le-Duc (Meuse) par temps de pluie.
18 octobre 1916.
Guerre 1914-1918.
Raoul Berthelé précise la vitesse et l&apos;ouverture.</Analyse>
		<Realise_en>1916</Realise_en>
		<Liste_des_auteurs>BERTHELÉ, Raoul</Liste_des_auteurs>
		<Type_Doc>NEGATIF N&amp;B</Type_Doc>
		<Support>VERRE</Support>
		<Technique>Photographie stéréo</Technique>
		<Format>4,5 x 10,7 cm</Format>
		<Cote>49Fi656</Cote>
		<Observations>Même cliché que le 49Fi1877/104</Observations>
		<Origine>Don Faucher-Berhelé entré le 10/11/1978.</Origine>
		<Droits_Repro>Domaine public</Droits_Repro>
		<subject>GUERRE 1914-1918;</subject>
		<geoname>BAR-LE-DUC (ville);MEUSE (département);</geoname>
		<persname></persname>
		<corpname></corpname>
	</DocsFigures>
<DocsFigures>
		<Titre>Bar-le-Duc. Canal des usines par la pluie</Titre>
		<Analyse>&quot;f; 4,5 [ouverture], [vitesse] 1/5e de seconde&quot;
Vue d&apos;ensemble du canal des usines à Bar-le-Duc (Meuse) par temps de pluie.
18 octobre 1916.
Guerre 1914-1918.
Raoul Berthelé précise la vitesse et l&apos;ouverture.</Analyse>
		<Realise_en>1916</Realise_en>
		<Liste_des_auteurs>BERTHELÉ, Raoul</Liste_des_auteurs>
		<Type_Doc>NEGATIF N&amp;B</Type_Doc>
		<Support>VERRE</Support>
		<Technique>Photographie stéréo</Technique>
		<Format>4,5 x 10,7 cm</Format>
		<Cote>49Fi657</Cote>
		<Observations>Même cliché que le 49Fi1877/103</Observations>
		<Origine>Don Faucher-Berhelé entré le 10/11/1978.</Origine>
		<Droits_Repro>Domaine public</Droits_Repro>
		<subject>GUERRE 1914-1918;</subject>
		<geoname>BAR-LE-DUC (ville);MEUSE (département);</geoname>
		<persname></persname>
		<corpname></corpname>
	</DocsFigures>
<DocsFigures>
		<Titre>Berzy. Station météo. Construction d&apos;un pied pour théodolite</Titre>
		<Analyse>Militaires construisant un pied de théodolite pour la station de météorologie basée à Berzy-le-Sec (Aisne).
1917. 
Guerre 1914-1918.
Les constructeurs semblent être Raoul Berthelé et X. de Massia.</Analyse>
		<Realise_en>1917</Realise_en>
		<Liste_des_auteurs>BERTHELÉ, Raoul</Liste_des_auteurs>
		<Type_Doc>NEGATIF N&amp;B</Type_Doc>
		<Support>VERRE</Support>
		<Technique>Photographie stéréo</Technique>
		<Format>4,5 x 10,7 cm</Format>
		<Cote>49Fi658</Cote>
		<Observations></Observations>
		<Origine>Don Faucher-Berhelé entré le 10/11/1978.</Origine>
		<Droits_Repro>Domaine public</Droits_Repro>
		<subject>METEOROLOGIE;MILITAIRE;CONSTRUCTION;GUERRE 1914-1918;</subject>
		<geoname>BERZY-LE-SEC (village);AISNE (département);</geoname>
		<persname>BERTHELE, Raoul;</persname>
		<corpname></corpname>
	</DocsFigures>
<DocsFigures>
		<Titre>Rampont. 22/10/16. Train blindé. Pièce de 400. Culasse</Titre>
		<Analyse>Vue de la culasse d&apos;un pièce d&apos;artillerie de calibre 400 montée sur d&apos;un train blindé à Rampont (Meuse).
22 octobre 1916. 
Guerre 1914-1918.</Analyse>
		<Realise_en>1917</Realise_en>
		<Liste_des_auteurs>BERTHELÉ, Raoul</Liste_des_auteurs>
		<Type_Doc>NEGATIF N&amp;B</Type_Doc>
		<Support>VERRE</Support>
		<Technique>Photographie stéréo</Technique>
		<Format>4,5 x 10,7 cm</Format>
		<Cote>49Fi659</Cote>
		<Observations>Même cliché que les 49Fi339, 49Fi1591 et 49Fi1877/107.</Observations>
		<Origine>Don Faucher-Berhelé entré le 10/11/1978.</Origine>
		<Droits_Repro>Domaine public</Droits_Repro>
		<subject>GUERRE 1914-1918;</subject>
		<geoname>RAMPONT (hameau);MEUSE (département);SOUHESMES-RAMPONT (LES) (village);</geoname>
		<persname></persname>
		<corpname></corpname>
	</DocsFigures>
<DocsFigures>
		<Titre>Rampont. 22/10/16. Train blindé. Canons de 400.</Titre>
		<Analyse>Vue d&apos;ensemble d&apos;un train blindé muni d&apos;un pièce d&apos;artillerie de calibre 400 à Rampont (Meuse).
22 octobre 1916. 
Guerre 1914-1918.</Analyse>
		<Realise_en>1916</Realise_en>
		<Liste_des_auteurs>BERTHELÉ, Raoul</Liste_des_auteurs>
		<Type_Doc>NEGATIF N&amp;B</Type_Doc>
		<Support>VERRE</Support>
		<Technique>Photographie stéréo</Technique>
		<Format>4,5 x 10,7 cm</Format>
		<Cote>49Fi660</Cote>
		<Observations>Même cliché que les 49Fi847, 49Fi1592 et 49Fi1877/106.</Observations>
		<Origine>Don Faucher-Berhelé entré le 10/11/1978.</Origine>
		<Droits_Repro>Domaine public</Droits_Repro>
		<subject>GUERRE 1914-1918;</subject>
		<geoname>RAMPONT (hameau);MEUSE (département);SOUHESMES-RAMPONT (LES) (village);</geoname>
		<persname></persname>
		<corpname></corpname>
	</DocsFigures>
<DocsFigures>
		<Titre>Rembercourt. Eglise. Cloche</Titre>
		<Analyse>Gros plan de la cloche de l&apos;église en ruines de Rembercourt-aux-Pots (Meuse).
Octobre-novembre 1916. 
Guerre 1914-1918.</Analyse>
		<Realise_en>1916</Realise_en>
		<Liste_des_auteurs>BERTHELÉ, Raoul</Liste_des_auteurs>
		<Type_Doc>NEGATIF N&amp;B</Type_Doc>
		<Support>VERRE</Support>
		<Technique>Photographie stéréo</Technique>
		<Format>4,5 x 10,7 cm</Format>
		<Cote>49Fi661</Cote>
		<Observations></Observations>
		<Origine>Don Faucher-Berhelé entré le 10/11/1978.</Origine>
		<Droits_Repro>Domaine public</Droits_Repro>
		<subject>EDIFICE CULTUEL;BIEN SINISTRE;SINISTRE;GUERRE 1914-1918;</subject>
		<geoname>REMBERCOURT-AUX-POTS (hameau);MEUSE (département);REMBERCOURT-SOMMAISNE (village);</geoname>
		<persname></persname>
		<corpname></corpname>
	</DocsFigures>
<DocsFigures>
		<Titre>Rembercourt. Eglise. Façade</Titre>
		<Analyse>Vue d&apos;ensemble de la façade de l&apos;église en ruines de Rembercourt-aux-Pots (Meuse).
Octobre-novembre 1916. 
Guerre 1914-1918.</Analyse>
		<Realise_en>1916</Realise_en>
		<Liste_des_auteurs>BERTHELÉ, Raoul</Liste_des_auteurs>
		<Type_Doc>NEGATIF N&amp;B</Type_Doc>
		<Support>VERRE</Support>
		<Technique>Photographie stéréo</Technique>
		<Format>4,5 x 10,7 cm</Format>
		<Cote>49Fi662</Cote>
		<Observations>Même cliché que le 49Fi1877/112.</Observations>
		<Origine>Don Faucher-Berhelé entré le 10/11/1978.</Origine>
		<Droits_Repro>Domaine public</Droits_Repro>
		<subject>EDIFICE CULTUEL;BIEN SINISTRE;SINISTRE;GUERRE 1914-1918;</subject>
		<geoname>REMBERCOURT-AUX-POTS (hameau);MEUSE (département);REMBERCOURT-SOMMAISNE (village);</geoname>
		<persname></persname>
		<corpname></corpname>
	</DocsFigures>
<DocsFigures>
		<Titre>Rembercourt. Eglise. Intérieur</Titre>
		<Analyse>Vue du choeur de l&apos;église de Rembercourt-aux-Pots (Meuse).
Octobre-novembre 1916.
Guerre 1914-1918.</Analyse>
		<Realise_en>1916</Realise_en>
		<Liste_des_auteurs>BERTHELÉ, Raoul</Liste_des_auteurs>
		<Type_Doc>NEGATIF N&amp;B</Type_Doc>
		<Support>VERRE</Support>
		<Technique>Photographie stéréo</Technique>
		<Format>4,5 x 10,7 cm</Format>
		<Cote>49Fi663</Cote>
		<Observations>Même cliché que les 49Fi344 et 49Fi1877/113.</Observations>
		<Origine>Don Faucher-Berhelé entré le 10/11/1978.</Origine>
		<Droits_Repro>Domaine public</Droits_Repro>
		<subject>EDIFICE CULTUEL;BIEN SINISTRE;GUERRE 1914-1918;</subject>
		<geoname>REMBERCOURT-AUX-POTS (hameau);MEUSE (département);REMBERCOURT-SOMMAISNE (village);</geoname>
		<persname></persname>
		<corpname></corpname>
	</DocsFigures>
<DocsFigures>
		<Titre>Rembercourt. Eglise. Intérieur</Titre>
		<Analyse>Vue de la nef de l&apos;église de Rembercourt-aux-Pots (Meuse).
Octobre-novembre 1916. 
Guerre 1914-1918.</Analyse>
		<Realise_en>1916</Realise_en>
		<Liste_des_auteurs>BERTHELÉ, Raoul</Liste_des_auteurs>
		<Type_Doc>NEGATIF N&amp;B</Type_Doc>
		<Support>VERRE</Support>
		<Technique>Photographie stéréo</Technique>
		<Format>4,5 x 10,7 cm</Format>
		<Cote>49Fi664</Cote>
		<Observations>Même cliché que les 49Fi335 et 49Fi1877/110.</Observations>
		<Origine>Don Faucher-Berhelé entré le 10/11/1978.</Origine>
		<Droits_Repro>Domaine public</Droits_Repro>
		<subject>EDIFICE CULTUEL;BIEN SINISTRE;GUERRE 1914-1918;</subject>
		<geoname>REMBERCOURT-AUX-POTS (hameau);MEUSE (département);REMBERCOURT-SOMMAISNE (village);</geoname>
		<persname></persname>
		<corpname></corpname>
	</DocsFigures>
<DocsFigures>
		<Titre>Dugny. RGA. Biplan SPAD</Titre>
		<Analyse>Vue d&apos;ensemble d&apos;un avion biplan SPAD dans un champ d&apos;aviation de la RGA (réserve générale de l&apos;aviation) à Dugny (Seine-Saint-Denis).
1917. 
Guerre 1914-1918.</Analyse>
		<Realise_en>1917</Realise_en>
		<Liste_des_auteurs>BERTHELÉ, Raoul</Liste_des_auteurs>
		<Type_Doc>NEGATIF N&amp;B</Type_Doc>
		<Support>VERRE</Support>
		<Technique>Photographie stéréo</Technique>
		<Format>4,5 x 10,7 cm</Format>
		<Cote>49Fi665</Cote>
		<Observations>Même cliché que le 49Fi1878/52</Observations>
		<Origine>Don Faucher-Berhelé entré le 10/11/1978.</Origine>
		<Droits_Repro>Domaine public</Droits_Repro>
		<subject>GUERRE 1914-1918;</subject>
		<geoname>DUGNY (ville);SEINE-SAINT-DENIS (Département);</geoname>
		<persname></persname>
		<corpname></corpname>
	</DocsFigures>
<DocsFigures>
		<Titre>Dieue. Bords de Meuse</Titre>
		<Analyse>Vue panoramique en contre jour des bords de la Meuse à Dieue-sur-Meuse (Meuse) au moment du coucher du soleil. 
Entre le 30 septembre 1916 et le 25 janvier 1917.
Guerre 1914-1918.
Sihouette fumant la pipe au centre de la photo.
Contre jour f=8. 1/40 de seconde.</Analyse>
		<Realise_en></Realise_en>
		<Liste_des_auteurs>BERTHELÉ, Raoul</Liste_des_auteurs>
		<Type_Doc>Positif N&amp;B</Type_Doc>
		<Support>VERRE</Support>
		<Technique>Photographie stéréo</Technique>
		<Format>4,5 x 10,7 cm</Format>
		<Cote>49Fi666</Cote>
		<Observations>Lié à 49Fi1877/135</Observations>
		<Origine>Don Faucher-Berhelé entré le 10/11/1978.</Origine>
		<Droits_Repro>Domaine public</Droits_Repro>
		<subject>GUERRE 1914-1918;</subject>
		<geoname>DIEUE-SUR-MEUSE (village);MEUSE (département);</geoname>
		<persname></persname>
		<corpname></corpname>
	</DocsFigures>
<DocsFigures>
		<Titre>Ippécourt. Caudron à deux moteurs démoli</Titre>
		<Analyse>Photo d&apos;un avion biplan Caudron à deux moteurs démoli suite à une rafale de mitrailleuse près d&apos;Ippécourt (Meuse).
1916. 
Guerre 1914-1918.</Analyse>
		<Realise_en>1916</Realise_en>
		<Liste_des_auteurs>BERTHELÉ, Raoul</Liste_des_auteurs>
		<Type_Doc>NEGATIF N&amp;B</Type_Doc>
		<Support>VERRE</Support>
		<Technique>Photographie stéréo</Technique>
		<Format>4,5 x 10,7 cm</Format>
		<Cote>49Fi667</Cote>
		<Observations>Même cliché que le 49Fi1876/109.</Observations>
		<Origine>Don Faucher-Berhelé entré le 10/11/1978.</Origine>
		<Droits_Repro>Domaine public</Droits_Repro>
		<subject>GUERRE 1914-1918;</subject>
		<geoname>MEUSE (département);IPPECOURT (village);</geoname>
		<persname></persname>
		<corpname></corpname>
	</DocsFigures>
<DocsFigures>
		<Titre>Fleury. Escadrille V. 114. Voisin démoli</Titre>
		<Analyse>Photo d&apos;un avion Voisin de l&apos;Escadrille V. 114, démoli suite à une rafale de mitrailleuse près de Fleury-sur-Aire (Meuse).
1916. 
Guerre 1914-1918.</Analyse>
		<Realise_en>1916</Realise_en>
		<Liste_des_auteurs>BERTHELÉ, Raoul</Liste_des_auteurs>
		<Type_Doc>NEGATIF N&amp;B</Type_Doc>
		<Support>VERRE</Support>
		<Technique>Photographie stéréo</Technique>
		<Format>4,5 x 10,7 cm</Format>
		<Cote>49Fi668</Cote>
		<Observations>Même cliché que le 49Fi1876/107.</Observations>
		<Origine>Don Faucher-Berhelé entré le 10/11/1978.</Origine>
		<Droits_Repro>Domaine public</Droits_Repro>
		<subject>GUERRE 1914-1918;</subject>
		<geoname>FLEURY-SUR-AIRE (hameau);MEUSE (département);NUBECOURT (village);</geoname>
		<persname></persname>
		<corpname></corpname>
	</DocsFigures>
<DocsFigures>
		<Titre>Ippécourt. Sénégalais</Titre>
		<Analyse>Ippécourt (Meuse).
1916.
Vue d&apos;ensemble d&apos;un groupe de soldats du 42e bataillon de tirailleurs sénégalais au repos le long d&apos;un ruisseau.
Guerre 1914-1918.</Analyse>
		<Realise_en>1916</Realise_en>
		<Liste_des_auteurs>BERTHELÉ, Raoul</Liste_des_auteurs>
		<Type_Doc>Positif N&amp;B</Type_Doc>
		<Support>VERRE</Support>
		<Technique>Photographie stéréo</Technique>
		<Format>4,5 x 10,7 cm</Format>
		<Cote>49Fi669</Cote>
		<Observations>Même cliché que les 49Fi697, 49Fi1877/29 et 49Fi1726.</Observations>
		<Origine>Don Faucher-Berhelé entré le 10/11/1978.</Origine>
		<Droits_Repro>Domaine public</Droits_Repro>
		<subject>MILITAIRE;COLONIE;GUERRE 1914-1918;</subject>
		<geoname>MEUSE (département);IPPECOURT (village);</geoname>
		<persname></persname>
		<corpname></corpname>
	</DocsFigures>
<DocsFigures>
		<Titre>Ippécourt. Type Wolof</Titre>
		<Analyse>Ippécourt (Meuse).
1916.
Portrait en buste d&apos;un soldat de type Wolof du 42e régiment de tirailleur sénégalais. 
Guerre 1914-1918.</Analyse>
		<Realise_en>1916</Realise_en>
		<Liste_des_auteurs>BERTHELÉ, Raoul</Liste_des_auteurs>
		<Type_Doc>Positif N&amp;B</Type_Doc>
		<Support>VERRE</Support>
		<Technique>Photographie stéréo</Technique>
		<Format>4,5 x 10,7 cm</Format>
		<Cote>49Fi670</Cote>
		<Observations>Même cliché que les 49Fi673, 49Fi707, 49Fi1877/30 et 49Fi1890.</Observations>
		<Origine>Don Faucher-Berhelé entré le 10/11/1978.</Origine>
		<Droits_Repro>Domaine public</Droits_Repro>
		<subject>MILITAIRE;COLONIE;GUERRE 1914-1918;</subject>
		<geoname>MEUSE (département);IPPECOURT (village);</geoname>
		<persname></persname>
		<corpname></corpname>
	</DocsFigures>
<DocsFigures>
		<Titre>Dieue. Passerelle sur la Meuse</Titre>
		<Analyse>Vue d&apos;ensemble d&apos;une passerelle sur la Meuse en crue à Dieue-sur-Meuse (Meuse).
Entre le 30 septembre 1916 et le 25 janvier 1917.
Guerre 1914-1918.</Analyse>
		<Realise_en></Realise_en>
		<Liste_des_auteurs>BERTHELÉ, Raoul</Liste_des_auteurs>
		<Type_Doc>Positif N&amp;B</Type_Doc>
		<Support>VERRE</Support>
		<Technique>Photographie stéréo</Technique>
		<Format>4,5 x 10,7 cm</Format>
		<Cote>49Fi671</Cote>
		<Observations>Même cliché que les 49Fi323, 49Fi1603 et 49Fi1877/99.</Observations>
		<Origine>Don Faucher-Berhelé entré le 10/11/1978.</Origine>
		<Droits_Repro>Domaine public</Droits_Repro>
		<subject>GUERRE 1914-1918;</subject>
		<geoname>DIEUE-SUR-MEUSE (village);MEUSE (département);</geoname>
		<persname></persname>
		<corpname></corpname>
	</DocsFigures>
<DocsFigures>
		<Titre>Ippécourt. Type Dahoméen</Titre>
		<Analyse>Portrait en buste d&apos;un soldat colonial Dahoméen à Ippécourt (Meuse).
1916. 
Guerre 1914-1918.</Analyse>
		<Realise_en>1916</Realise_en>
		<Liste_des_auteurs>BERTHELÉ, Raoul</Liste_des_auteurs>
		<Type_Doc>Positif N&amp;B</Type_Doc>
		<Support>VERRE</Support>
		<Technique>Photographie stéréo</Technique>
		<Format>4,5 x 10,7 cm</Format>
		<Cote>49Fi672</Cote>
		<Observations>Plaque positive de la 49Fi706.</Observations>
		<Origine>Don Faucher-Berhelé entré le 10/11/1978.</Origine>
		<Droits_Repro>Domaine public</Droits_Repro>
		<subject>MILITAIRE;GUERRE 1914-1918;</subject>
		<geoname>MEUSE (département);IPPECOURT (village);</geoname>
		<persname></persname>
		<corpname></corpname>
	</DocsFigures>
<DocsFigures>
		<Titre>Ippécourt. Type Wolof</Titre>
		<Analyse>Ippécourt (Meuse).
1916.
Portrait en buste d&apos;un soldat de type Wolof du 42e régiment de tirailleur sénégalais. 
Guerre 1914-1918.</Analyse>
		<Realise_en>1916</Realise_en>
		<Liste_des_auteurs>BERTHELÉ, Raoul</Liste_des_auteurs>
		<Type_Doc>Positif N&amp;B</Type_Doc>
		<Support>VERRE</Support>
		<Technique>Photographie stéréo</Technique>
		<Format>4,5 x 10,7 cm</Format>
		<Cote>49Fi673</Cote>
		<Observations>Même cliché que les 49Fi670, 49Fi707, 49Fi1877/30 et et 49Fi1890.</Observations>
		<Origine>Don Faucher-Berhelé entré le 10/11/1978.</Origine>
		<Droits_Repro>Domaine public</Droits_Repro>
		<subject>MILITAIRE;COLONIE;GUERRE 1914-1918;</subject>
		<geoname>MEUSE (département);IPPECOURT (village);</geoname>
		<persname></persname>
		<corpname></corpname>
	</DocsFigures>
<DocsFigures>
		<Titre>Heippes. 120 court</Titre>
		<Analyse>Plan rapproché d&apos;un canon de calibre 120 court à Heippes (Meuse).
1916. 
Guerre 1914-1918.</Analyse>
		<Realise_en>1916</Realise_en>
		<Liste_des_auteurs>BERTHELÉ, Raoul</Liste_des_auteurs>
		<Type_Doc>Positif N&amp;B</Type_Doc>
		<Support>VERRE</Support>
		<Technique>Photographie stéréo</Technique>
		<Format>4,5 x 10,7 cm</Format>
		<Cote>49Fi674</Cote>
		<Observations>Même cliché que le 49Fi1877/9.</Observations>
		<Origine>Don Faucher-Berhelé entré le 10/11/1978.</Origine>
		<Droits_Repro>Domaine public</Droits_Repro>
		<subject>GUERRE 1914-1918;</subject>
		<geoname>MEUSE (département);HEIPPES (village);</geoname>
		<persname></persname>
		<corpname></corpname>
	</DocsFigures>
<DocsFigures>
		<Titre>Ippécourt. Sénégalais</Titre>
		<Analyse>Ippécourt (Meuse).
1916.
Vue d&apos;ensemble de soldats du 42e bataillon de tirailleurs sénégalais au repos.
Certains ont enlevé leurs uniformes. 
Guerre 1914-1918.</Analyse>
		<Realise_en>1916</Realise_en>
		<Liste_des_auteurs>BERTHELÉ, Raoul</Liste_des_auteurs>
		<Type_Doc>Positif N&amp;B</Type_Doc>
		<Support>VERRE</Support>
		<Technique>Photographie stéréo</Technique>
		<Format>4,5 x 10,7 cm</Format>
		<Cote>49Fi675</Cote>
		<Observations>Même cliché que les 49Fi705 et 49Fi1877/26.</Observations>
		<Origine>Don Faucher-Berhelé entré le 10/11/1978.</Origine>
		<Droits_Repro>Domaine public</Droits_Repro>
		<subject>MILITAIRE;COLONIE;GUERRE 1914-1918;</subject>
		<geoname>MEUSE (département);IPPECOURT (village);</geoname>
		<persname></persname>
		<corpname></corpname>
	</DocsFigures>
<DocsFigures>
		<Titre>Fleury. Escadrille V. 114. Voisin démoli</Titre>
		<Analyse>Vue d&apos;ensemble d&apos;un avion Voisin de l&apos;Escadrille V. 114 démoli suite à une rafale de mitrailleuse près de Fleury-sur-Aire (Meuse).
1916. 
Guerre 1914-1918.</Analyse>
		<Realise_en>1916</Realise_en>
		<Liste_des_auteurs>BERTHELÉ, Raoul</Liste_des_auteurs>
		<Type_Doc>Positif N&amp;B</Type_Doc>
		<Support>VERRE</Support>
		<Technique>Photographie stéréo</Technique>
		<Format>4,5 x 10,7 cm</Format>
		<Cote>49Fi676</Cote>
		<Observations>Même cliché que le 49Fi1876/104.</Observations>
		<Origine>Don Faucher-Berhelé entré le 10/11/1978.</Origine>
		<Droits_Repro>Domaine public</Droits_Repro>
		<subject>GUERRE 1914-1918;</subject>
		<geoname>FLEURY-SUR-AIRE (hameau);MEUSE (département);NUBECOURT (village);</geoname>
		<persname></persname>
		<corpname></corpname>
	</DocsFigures>
<DocsFigures>
		<Titre>Dieue. 16/01/17. Général de Maud&apos;huy. Lieutenant de Vaisseau Hébert</Titre>
		<Analyse>&quot;Exercices de gymnastique&quot;
Exercices de gymnastique à Dieue-sur-Meuse (Meuse) en présence du général de Maud&apos;huy et du lieutenant de Vaisseau Hébert.
16 janvier 1917. 
Guerre 1914-1918. </Analyse>
		<Realise_en>1917</Realise_en>
		<Liste_des_auteurs>BERTHELÉ, Raoul</Liste_des_auteurs>
		<Type_Doc>Positif N&amp;B</Type_Doc>
		<Support>VERRE</Support>
		<Technique>Photographie stéréo</Technique>
		<Format>4,5 x 10,7 cm</Format>
		<Cote>49Fi677</Cote>
		<Observations></Observations>
		<Origine>Don Faucher-Berhelé entré le 10/11/1978.</Origine>
		<Droits_Repro>Domaine public</Droits_Repro>
		<subject>GUERRE 1914-1918;</subject>
		<geoname>DIEUE-SUR-MEUSE (village);MEUSE (département);</geoname>
		<persname></persname>
		<corpname></corpname>
	</DocsFigures>
<DocsFigures>
		<Titre>Terrain d&apos;atterrissage. Camp des Annamites. Escad. MF 2. 200m</Titre>
		<Analyse>Vue aérienne (prise à 200m d&apos;altitude) du terrain d&apos;atterrissage et du camp des Annamites (Indochinois) à Autrecourt-sur-Aire (Meuse).
24 juillet 1916.
Guerre 1914-1918.</Analyse>
		<Realise_en>1916</Realise_en>
		<Liste_des_auteurs>BERTHELÉ, Raoul</Liste_des_auteurs>
		<Type_Doc>Positif N&amp;B</Type_Doc>
		<Support>VERRE</Support>
		<Technique>Photographie stéréo</Technique>
		<Format>4,5 x 10,7 cm</Format>
		<Cote>49Fi678</Cote>
		<Observations>Même cliché que les 49Fi725 et 49Fi1877/60.</Observations>
		<Origine>Don Faucher-Berhelé entré le 10/11/1978.</Origine>
		<Droits_Repro>Domaine public</Droits_Repro>
		<subject>INFRASTRUCTURE MILITAIRE;COLONIE;GUERRE 1914-1918;</subject>
		<geoname>AUTRECOURT-SUR-AIRE (village);MEUSE (département);</geoname>
		<persname></persname>
		<corpname></corpname>
	</DocsFigures>
<DocsFigures>
		<Titre>Fleury sur Aire. Train blindé. Canon de 164.7</Titre>
		<Analyse>Vue d&apos;ensemble d&apos;un train blindé muni d&apos;un canon de 164,7 en gare de Fleury-sur-Aire (Meuse).
1916. 
Guerre 1914-1918.</Analyse>
		<Realise_en>1916</Realise_en>
		<Liste_des_auteurs>BERTHELÉ, Raoul</Liste_des_auteurs>
		<Type_Doc>Positif N&amp;B</Type_Doc>
		<Support>VERRE</Support>
		<Technique>Photographie stéréo</Technique>
		<Format>4,5 x 10,7 cm</Format>
		<Cote>49Fi679</Cote>
		<Observations>Même cliché que les 49Fi704 et 49Fi1877/37.</Observations>
		<Origine>Don Faucher-Berhelé entré le 10/11/1978.</Origine>
		<Droits_Repro>Domaine public</Droits_Repro>
		<subject>GARE;GUERRE 1914-1918;</subject>
		<geoname>FLEURY-SUR-AIRE (hameau);MEUSE (département);NUBECOURT (village);</geoname>
		<persname></persname>
		<corpname></corpname>
	</DocsFigures>
<DocsFigures>
		<Titre>Fleury. Escadrille MF2. M. Farman démoli</Titre>
		<Analyse>Vue d&apos;un avion (M. Farman) de l&apos;Escadrille MF 2, démoli suite à une rafale de mitrailleuse à Fleury-sur-Aire (Meuse).
1916. 
Guerre 1914-1918.</Analyse>
		<Realise_en>1916</Realise_en>
		<Liste_des_auteurs>BERTHELÉ, Raoul</Liste_des_auteurs>
		<Type_Doc>NEGATIF N&amp;B</Type_Doc>
		<Support>VERRE</Support>
		<Technique>Photographie stéréo</Technique>
		<Format>4,5 x 10,7 cm</Format>
		<Cote>49Fi680</Cote>
		<Observations>Même cliché que le 49Fi667.</Observations>
		<Origine>Don Faucher-Berhelé entré le 10/11/1978.</Origine>
		<Droits_Repro>Domaine public</Droits_Repro>
		<subject>GUERRE 1914-1918;</subject>
		<geoname>FLEURY-SUR-AIRE (hameau);MEUSE (département);NUBECOURT (village);</geoname>
		<persname></persname>
		<corpname></corpname>
	</DocsFigures>
<DocsFigures>
		<Titre>Fleury-sur-Aire. 28/05/16. M. Poincaré. Remise de décorations</Titre>
		<Analyse>M. Poincaré remet des décorations à des soldats à la gare de Fleury-sur-Aire (Meuse).
28 mai 1916. 
Guerre 1914-1918.</Analyse>
		<Realise_en>1916</Realise_en>
		<Liste_des_auteurs>BERTHELÉ, Raoul</Liste_des_auteurs>
		<Type_Doc>NEGATIF N&amp;B</Type_Doc>
		<Support>VERRE</Support>
		<Technique>Photographie stéréo</Technique>
		<Format>4,5 x 10,7 cm</Format>
		<Cote>49Fi681</Cote>
		<Observations>La vue de gauche est abimée.
Même cliché que le 49Fi1876/113.</Observations>
		<Origine>Don Faucher-Berhelé entré le 10/11/1978.</Origine>
		<Droits_Repro>Domaine public</Droits_Repro>
		<subject>MILITAIRE;GARE;GUERRE 1914-1918;</subject>
		<geoname>FLEURY-SUR-AIRE (hameau);MEUSE (département);NUBECOURT (village);</geoname>
		<persname>POINCARE, Raymond;</persname>
		<corpname></corpname>
	</DocsFigures>
<DocsFigures>
		<Titre>Fleury-sur-Aire. 28/05/16. M. Poincaré</Titre>
		<Analyse>Visite de M. Poincaré à l&apos;hôpital de Fleury-sur-Aire (Meuse).
28 mai 1916. 
Guerre 1914-1918.</Analyse>
		<Realise_en>1916</Realise_en>
		<Liste_des_auteurs>BERTHELÉ, Raoul</Liste_des_auteurs>
		<Type_Doc>NEGATIF N&amp;B</Type_Doc>
		<Support>VERRE</Support>
		<Technique>Photographie stéréo</Technique>
		<Format>4,5 x 10,7 cm</Format>
		<Cote>49Fi682</Cote>
		<Observations>Même cliché que le 49Fi1876/116.</Observations>
		<Origine>Don Faucher-Berhelé entré le 10/11/1978.</Origine>
		<Droits_Repro>Domaine public</Droits_Repro>
		<subject>SERVICE SANITAIRE MILITAIRE;VISITE OFFICIELLE;TRANSPORT FERROVIAIRE;PERSONNALITE;MILITAIRE;GUERRE 1914-1918;</subject>
		<geoname>FLEURY-SUR-AIRE (hameau);MEUSE (département);NUBECOURT (village);</geoname>
		<persname>POINCARE, Raymond;</persname>
		<corpname></corpname>
	</DocsFigures>
<DocsFigures>
		<Titre>Fleury-sur-Aire. 28/05/16. M. Poincaré. Déjeune</Titre>
		<Analyse>M. Poincaré déjeune dans un train à Fleury-sur-Aire (Meuse).
28 mai 1916. 
Guerre 1914-1918.</Analyse>
		<Realise_en>1916</Realise_en>
		<Liste_des_auteurs>BERTHELÉ, Raoul</Liste_des_auteurs>
		<Type_Doc>NEGATIF N&amp;B</Type_Doc>
		<Support>VERRE</Support>
		<Technique>Photographie stéréo</Technique>
		<Format>4,5 x 10,7 cm</Format>
		<Cote>49Fi683</Cote>
		<Observations>Même cliché que le 49Fi1876/110 et de la 49Fi1876/123.</Observations>
		<Origine>Don Faucher-Berhelé entré le 10/11/1978.</Origine>
		<Droits_Repro>Domaine public</Droits_Repro>
		<subject>GUERRE 1914-1918;</subject>
		<geoname>FLEURY-SUR-AIRE (hameau);MEUSE (département);NUBECOURT (village);</geoname>
		<persname>POINCARE, Raymond;</persname>
		<corpname></corpname>
	</DocsFigures>
<DocsFigures>
		<Titre>Fleury-sur-Aire. 28/05/16. M. Poincaré. Déjeune</Titre>
		<Analyse>Mr Poincaré déjeune dans un wagon à la gare de Fleury-sur-Aire (Meuse).
Le 28/05/1916.
Guerre 1914-1918.</Analyse>
		<Realise_en>1916</Realise_en>
		<Liste_des_auteurs>BERTHELÉ, Raoul</Liste_des_auteurs>
		<Type_Doc>NEGATIF N&amp;B</Type_Doc>
		<Support>VERRE</Support>
		<Technique>Photographie stéréo</Technique>
		<Format>4,5 x 10,7 cm</Format>
		<Cote>49Fi684</Cote>
		<Observations>Même cliché que le 49Fi1876/125.</Observations>
		<Origine>Don Faucher-Berhelé entré le 10/11/1978.</Origine>
		<Droits_Repro>Domaine public</Droits_Repro>
		<subject>GARE;GUERRE 1914-1918;</subject>
		<geoname>FLEURY-SUR-AIRE (hameau);MEUSE (département);NUBECOURT (village);</geoname>
		<persname>POINCARE, Raymond;</persname>
		<corpname></corpname>
	</DocsFigures>
<DocsFigures>
		<Titre>Fleury sur Aire. Tente anglaise. Raoul Berthelé</Titre>
		<Analyse>Raoul Berthelé pose devant l&apos;entrée d&apos;une tente anglaise à Fleury-sur-Aire (Meuse).
1916. 
Guerre 1914-1918.</Analyse>
		<Realise_en>1916</Realise_en>
		<Liste_des_auteurs>BERTHELÉ, Raoul</Liste_des_auteurs>
		<Type_Doc>NEGATIF N&amp;B</Type_Doc>
		<Support>VERRE</Support>
		<Technique>Photographie stéréo</Technique>
		<Format>4,5 x 10,7 cm</Format>
		<Cote>49Fi685</Cote>
		<Observations>Même cliché que le 49Fi1877/3.</Observations>
		<Origine>Don Faucher-Berhelé entré le 10/11/1978.</Origine>
		<Droits_Repro>Domaine public</Droits_Repro>
		<subject>GUERRE 1914-1918;</subject>
		<geoname>FLEURY-SUR-AIRE (hameau);MEUSE (département);NUBECOURT (village);</geoname>
		<persname>BERTHELE, Raoul;</persname>
		<corpname></corpname>
	</DocsFigures>
<DocsFigures>
		<Titre>Fleury. Escadrille MF2. M. Farman démoli</Titre>
		<Analyse>Un avion (M. Farman)  de l&apos;escadrille MF2, démoli suite une rafale de mitrailleuse près de Fleury-sur-Aire (Meuse).
1916. 
Guerre 1914-1918.</Analyse>
		<Realise_en>1916</Realise_en>
		<Liste_des_auteurs>BERTHELÉ, Raoul</Liste_des_auteurs>
		<Type_Doc>NEGATIF N&amp;B</Type_Doc>
		<Support>VERRE</Support>
		<Technique>Photographie stéréo</Technique>
		<Format>4,5 x 10,7 cm</Format>
		<Cote>49Fi686</Cote>
		<Observations>Plaque de verre casséeMême cliché que le 49Fi1876/105.</Observations>
		<Origine>Don Faucher-Berhelé entré le 10/11/1978.</Origine>
		<Droits_Repro>Domaine public</Droits_Repro>
		<subject>GUERRE 1914-1918;</subject>
		<geoname>FLEURY-SUR-AIRE (hameau);MEUSE (département);NUBECOURT (village);</geoname>
		<persname></persname>
		<corpname></corpname>
	</DocsFigures>
<DocsFigures>
		<Titre>Ippécourt. Caudron démoli</Titre>
		<Analyse>Avion (Caudron) démoli suite à une rafale de mitrailleuse chargé sur une plate-forme à Ippécourt (Meuse).
1916. 
Guerre 1914-1918.</Analyse>
		<Realise_en>1916</Realise_en>
		<Liste_des_auteurs>BERTHELÉ, Raoul</Liste_des_auteurs>
		<Type_Doc>NEGATIF N&amp;B</Type_Doc>
		<Support>VERRE</Support>
		<Technique>Photographie stéréo</Technique>
		<Format>4,5 x 10,7 cm</Format>
		<Cote>49Fi687</Cote>
		<Observations>Plaque de verre cassée.
Même cliché que le 49Fi1876/106.</Observations>
		<Origine>Don Faucher-Berhelé entré le 10/11/1978.</Origine>
		<Droits_Repro>Domaine public</Droits_Repro>
		<subject>GUERRE 1914-1918;</subject>
		<geoname>MEUSE (département);IPPECOURT (village);</geoname>
		<persname></persname>
		<corpname></corpname>
	</DocsFigures>
<DocsFigures>
		<Titre>Fleury sur Aire. 12e et 13e d&apos;Indochinois</Titre>
		<Analyse>Vue du départ en rang du 12e et 13e régiments coloniaux d&apos;Indochinois à Fleury-sur-Aire (Meuse).
25 juin 1916. 
Guerre 1914-1918.</Analyse>
		<Realise_en>1916</Realise_en>
		<Liste_des_auteurs>BERTHELÉ, Raoul</Liste_des_auteurs>
		<Type_Doc>NEGATIF N&amp;B</Type_Doc>
		<Support>VERRE</Support>
		<Technique>Photographie stéréo</Technique>
		<Format>4,5 x 10,7 cm</Format>
		<Cote>49Fi688</Cote>
		<Observations>Même cliché que le 49Fi1877/15.</Observations>
		<Origine>Don Faucher-Berhelé entré le 10/11/1978.</Origine>
		<Droits_Repro>Domaine public</Droits_Repro>
		<subject>ARMEE DE TERRE;MILITAIRE;COLONIE;GUERRE 1914-1918;</subject>
		<geoname>FLEURY-SUR-AIRE (hameau);MEUSE (département);NUBECOURT (village);</geoname>
		<persname></persname>
		<corpname></corpname>
	</DocsFigures>
<DocsFigures>
		<Titre>Fleury sur Aire. Indochinois</Titre>
		<Analyse>Campement d&apos;Indochinois à Fleury-sur-Aire (Meuse).
25 juin 1916. 
Guerre 1914-1918.</Analyse>
		<Realise_en>1916</Realise_en>
		<Liste_des_auteurs>BERTHELÉ, Raoul</Liste_des_auteurs>
		<Type_Doc>NEGATIF N&amp;B</Type_Doc>
		<Support>VERRE</Support>
		<Technique>Photographie stéréo</Technique>
		<Format>4,5 x 10,7 cm</Format>
		<Cote>49Fi689</Cote>
		<Observations>Même cliché que le 49Fi1877/23.</Observations>
		<Origine>Don Faucher-Berhelé entré le 10/11/1978.</Origine>
		<Droits_Repro>Domaine public</Droits_Repro>
		<subject>MILITAIRE;COLONIE;GUERRE 1914-1918;</subject>
		<geoname>FLEURY-SUR-AIRE (hameau);MEUSE (département);NUBECOURT (village);</geoname>
		<persname></persname>
		<corpname></corpname>
	</DocsFigures>
<DocsFigures>
		<Titre>Fleury sur Aire. 25/06/16. Indochinois</Titre>
		<Analyse>Campement d&apos;Indochinois basé à Fleury-sur-Aire (Meuse).
25 juin 1916. 
Guerre 1914-1918.</Analyse>
		<Realise_en>1916</Realise_en>
		<Liste_des_auteurs>BERTHELÉ, Raoul</Liste_des_auteurs>
		<Type_Doc>NEGATIF N&amp;B</Type_Doc>
		<Support>VERRE</Support>
		<Technique>Photographie stéréo</Technique>
		<Format>4,5 x 10,7 cm</Format>
		<Cote>49Fi690</Cote>
		<Observations>Même cliché que le 49Fi1877/22.</Observations>
		<Origine>Don Faucher-Berhelé entré le 10/11/1978.</Origine>
		<Droits_Repro>Domaine public</Droits_Repro>
		<subject>MILITAIRE;FORET;COLONIE;GUERRE 1914-1918;</subject>
		<geoname>FLEURY-SUR-AIRE (hameau);MEUSE (département);NUBECOURT (village);</geoname>
		<persname></persname>
		<corpname></corpname>
	</DocsFigures>
<DocsFigures>
		<Titre>Fleury sur Aire. 25/06/16. Cantonnement d&apos;Indochinois</Titre>
		<Analyse>Cantonnement d&apos;Indochinois basé à Fleury-sur-Aire (Meuse).
25 juin 1916. 
Guerre 1914-1918.
Les Indochinois sont en corvée.</Analyse>
		<Realise_en>1916</Realise_en>
		<Liste_des_auteurs>BERTHELÉ, Raoul</Liste_des_auteurs>
		<Type_Doc>NEGATIF N&amp;B</Type_Doc>
		<Support>VERRE</Support>
		<Technique>Photographie stéréo</Technique>
		<Format>4,5 x 10,7 cm</Format>
		<Cote>49Fi691</Cote>
		<Observations>Même cliché que le 49Fi1877/21.</Observations>
		<Origine>Don Faucher-Berhelé entré le 10/11/1978.</Origine>
		<Droits_Repro>Domaine public</Droits_Repro>
		<subject>MILITAIRE;COLONIE;GUERRE 1914-1918;</subject>
		<geoname>FLEURY-SUR-AIRE (hameau);MEUSE (département);NUBECOURT (village);</geoname>
		<persname></persname>
		<corpname></corpname>
	</DocsFigures>
<DocsFigures>
		<Titre>Fleury sur Aire. 25/06/16. Indochinois</Titre>
		<Analyse>Portrait en buste d&apos;un Indochinois à Fleury-sur-Aire (Meuse).
25 juin 1916. 
Guerre 1914-1918.</Analyse>
		<Realise_en>1916</Realise_en>
		<Liste_des_auteurs>BERTHELÉ, Raoul</Liste_des_auteurs>
		<Type_Doc>NEGATIF N&amp;B</Type_Doc>
		<Support>VERRE</Support>
		<Technique>Photographie stéréo</Technique>
		<Format>4,5 x 10,7 cm</Format>
		<Cote>49Fi692</Cote>
		<Observations>Même cliché que le 49Fi1877/19.</Observations>
		<Origine>Don Faucher-Berhelé entré le 10/11/1978.</Origine>
		<Droits_Repro>Domaine public</Droits_Repro>
		<subject>MILITAIRE;COLONIE;GUERRE 1914-1918;</subject>
		<geoname>FLEURY-SUR-AIRE (hameau);MEUSE (département);NUBECOURT (village);</geoname>
		<persname></persname>
		<corpname></corpname>
	</DocsFigures>
<DocsFigures>
		<Titre>Fleury-sur-Aire. 25/06/16. Indochinois. Bois de Waly</Titre>
		<Analyse>Départ du régiment d&apos;indochinois dans la forêt de Waly près de Fleury-sur-Aire (Meuse).
25 juin 1916. 
Guerre 1914-1918.</Analyse>
		<Realise_en>1916</Realise_en>
		<Liste_des_auteurs>BERTHELÉ, Raoul</Liste_des_auteurs>
		<Type_Doc>NEGATIF N&amp;B</Type_Doc>
		<Support>VERRE</Support>
		<Technique>Photographie stéréo</Technique>
		<Format>4,5 x 10,7 cm</Format>
		<Cote>49Fi693</Cote>
		<Observations>Même cliché que le 49Fi1877/18.</Observations>
		<Origine>Don Faucher-Berhelé entré le 10/11/1978.</Origine>
		<Droits_Repro>Domaine public</Droits_Repro>
		<subject>MILITAIRE;COLONIE;GUERRE 1914-1918;</subject>
		<geoname>MEUSE (département);FLEURY-SUR-AIRE (hameau);NUBECOURT (village);</geoname>
		<persname></persname>
		<corpname></corpname>
	</DocsFigures>
<DocsFigures>
		<Titre>Fleury sur Aire. 25/06/16. Indochinois faisant leur cuisine</Titre>
		<Analyse>Deux indochinois en train de faire leur cuisine dans un campement près de Fleury-sur-Aire (Meuse).
25 juin 1916. 
Guerre 1914-1918.</Analyse>
		<Realise_en>1916</Realise_en>
		<Liste_des_auteurs>BERTHELÉ, Raoul</Liste_des_auteurs>
		<Type_Doc>NEGATIF N&amp;B</Type_Doc>
		<Support>VERRE</Support>
		<Technique>Photographie stéréo</Technique>
		<Format>4,5 x 10,7 cm</Format>
		<Cote>49Fi694</Cote>
		<Observations>Même cliché que le 49Fi1877/13.</Observations>
		<Origine>Don Faucher-Berhelé entré le 10/11/1978.</Origine>
		<Droits_Repro>Domaine public</Droits_Repro>
		<subject>MILITAIRE;ALIMENTATION;RESTAURATION COLLECTIVE;COLONIE;GUERRE 1914-1918;</subject>
		<geoname>FLEURY-SUR-AIRE (hameau);MEUSE (département);NUBECOURT (village);</geoname>
		<persname></persname>
		<corpname></corpname>
	</DocsFigures>
<DocsFigures>
		<Titre>Fleury sur Aire. 25/06/16. Campement des Indochinois. Bois de Waly</Titre>
		<Analyse>Campement d&apos;Indochinois dans le bois Waly près de Fleury-sur-Aire (Meuse).
25 juin 1916. 
Guerre 1914-1918.</Analyse>
		<Realise_en>1916</Realise_en>
		<Liste_des_auteurs>BERTHELÉ, Raoul</Liste_des_auteurs>
		<Type_Doc>NEGATIF N&amp;B</Type_Doc>
		<Support>VERRE</Support>
		<Technique>Photographie stéréo</Technique>
		<Format>4,5 x 10,7 cm</Format>
		<Cote>49Fi695</Cote>
		<Observations>Même cliché que le 49Fi1877/24.</Observations>
		<Origine>Don Faucher-Berhelé entré le 10/11/1978.</Origine>
		<Droits_Repro>Domaine public</Droits_Repro>
		<subject>MILITAIRE;COLONIE;GUERRE 1914-1918;</subject>
		<geoname>FLEURY-SUR-AIRE (hameau);MEUSE (département);NUBECOURT (village);</geoname>
		<persname></persname>
		<corpname></corpname>
	</DocsFigures>
<DocsFigures>
		<Titre>Fleury-sur-Aire. 25/06/16. Indochinois. Bois de Waly</Titre>
		<Analyse>Indochinois en train de se reposer dans leur campement basé dans le bois de Waly près de Fleury-sur-Aire (Meuse).
25 juin 1916. 
Guerre 1914-1918.</Analyse>
		<Realise_en>1916</Realise_en>
		<Liste_des_auteurs>BERTHELÉ, Raoul</Liste_des_auteurs>
		<Type_Doc>NEGATIF N&amp;B</Type_Doc>
		<Support>VERRE</Support>
		<Technique>Photographie stéréo</Technique>
		<Format>4,5 x 10,7 cm</Format>
		<Cote>49Fi696</Cote>
		<Observations>Même cliché que le 49Fi1877/17.</Observations>
		<Origine>Don Faucher-Berhelé entré le 10/11/1978.</Origine>
		<Droits_Repro>Domaine public</Droits_Repro>
		<subject>MILITAIRE;COLONIE;GUERRE 1914-1918;</subject>
		<geoname>MEUSE (département);FLEURY-SUR-AIRE (hameau);NUBECOURT (village);</geoname>
		<persname></persname>
		<corpname></corpname>
	</DocsFigures>
<DocsFigures>
		<Titre>Ippécourt. Sénégalais</Titre>
		<Analyse>Ippécourt (Meuse).
1916.
Vue d&apos;ensemble d&apos;un groupe de soldats du 42e bataillon de tirailleurs sénégalais au repos le long d&apos;un ruisseau.
Guerre 1914-1918.</Analyse>
		<Realise_en>1916</Realise_en>
		<Liste_des_auteurs>BERTHELÉ, Raoul</Liste_des_auteurs>
		<Type_Doc>NEGATIF N&amp;B</Type_Doc>
		<Support>VERRE</Support>
		<Technique>Photographie stéréo</Technique>
		<Format>4,5 x 10,7 cm</Format>
		<Cote>49Fi697</Cote>
		<Observations>Même cliché que les 49Fi669, 49Fi1877/29 et 49Fi1726.</Observations>
		<Origine>Don Faucher-Berhelé entré le 10/11/1978.</Origine>
		<Droits_Repro>Domaine public</Droits_Repro>
		<subject>MILITAIRE;COURS D&apos;EAU;VETEMENT;COLONIE;GUERRE 1914-1918;</subject>
		<geoname>MEUSE (département);IPPECOURT (village);</geoname>
		<persname></persname>
		<corpname></corpname>
	</DocsFigures>
<DocsFigures>
		<Titre>Fleury s/Aire. Bain dans l&apos;Aire. G Parraud et R.B.</Titre>
		<Analyse>Raoul Berthelé et G. Parraud prennent un bain dans l&apos;Aire près de Fleury-sur-Aire (Meuse).
2 juillet 1916. 
Guerre 1914-1918.</Analyse>
		<Realise_en>1916</Realise_en>
		<Liste_des_auteurs>BERTHELÉ, Raoul</Liste_des_auteurs>
		<Type_Doc>NEGATIF N&amp;B</Type_Doc>
		<Support>VERRE</Support>
		<Technique>Photographie stéréo</Technique>
		<Format>4,5 x 10,7 cm</Format>
		<Cote>49Fi698</Cote>
		<Observations>Même cliché que le 49Fi1877/35.</Observations>
		<Origine>Don Faucher-Berhelé entré le 10/11/1978.</Origine>
		<Droits_Repro>Domaine public</Droits_Repro>
		<subject>GUERRE 1914-1918;</subject>
		<geoname>FLEURY-SUR-AIRE (hameau);MEUSE (département);NUBECOURT (village);</geoname>
		<persname>BERTHELE, Raoul;</persname>
		<corpname></corpname>
	</DocsFigures>
<DocsFigures>
		<Titre>Ippécourt. 42e de tirailleurs Sénégalais</Titre>
		<Analyse>Ippécourt (Meuse).
1916.
Vue d&apos;ensemble de soldats du 42e bataillon de tirailleurs sénégalais faisant leur lessive dans un ruisseau. 
Guerre 1914-1918.</Analyse>
		<Realise_en>1916</Realise_en>
		<Liste_des_auteurs>BERTHELÉ, Raoul</Liste_des_auteurs>
		<Type_Doc>NEGATIF N&amp;B</Type_Doc>
		<Support>VERRE</Support>
		<Technique>Photographie stéréo</Technique>
		<Format>4,5 x 10,7 cm</Format>
		<Cote>49Fi699</Cote>
		<Observations>Même cliché que le 49Fi1877/25.</Observations>
		<Origine>Don Faucher-Berhelé entré le 10/11/1978.</Origine>
		<Droits_Repro>Domaine public</Droits_Repro>
		<subject>MILITAIRE;COLONIE;GUERRE 1914-1918;</subject>
		<geoname>MEUSE (département);IPPECOURT (village);</geoname>
		<persname></persname>
		<corpname></corpname>
	</DocsFigures>
<DocsFigures>
		<Titre>Ippécourt. Sénégalais</Titre>
		<Analyse>Ippécourt (Meuse).
1916.
Vue d&apos;ensemble d&apos;un groupe de soldats du 42e bataillon de tirailleurs sénégalais au repos le long d&apos;un ruisseau.
Certains ont enlevé leur uniforme.
Guerre 1914-1918.</Analyse>
		<Realise_en>1916</Realise_en>
		<Liste_des_auteurs>BERTHELÉ, Raoul</Liste_des_auteurs>
		<Type_Doc>NEGATIF N&amp;B</Type_Doc>
		<Support>VERRE</Support>
		<Technique>Photographie stéréo</Technique>
		<Format>4,5 x 10,7 cm</Format>
		<Cote>49Fi700</Cote>
		<Observations>Même cliché que le 49Fi1877/28.</Observations>
		<Origine>Don Faucher-Berhelé entré le 10/11/1978.</Origine>
		<Droits_Repro>Domaine public</Droits_Repro>
		<subject>MILITAIRE;COLONIE;GUERRE 1914-1918;</subject>
		<geoname>MEUSE (département);IPPECOURT (village);</geoname>
		<persname></persname>
		<corpname></corpname>
	</DocsFigures>
<DocsFigures>
		<Titre>Fleury-sur-Aire. 25/06/16. Indochinois</Titre>
		<Analyse>Des Indochinois sont de corvée de cuisine dans un campement près de Fleury-sur-Aire (Meuse).
1916. 
Guerre 1914-1918.</Analyse>
		<Realise_en>1916</Realise_en>
		<Liste_des_auteurs>BERTHELÉ, Raoul</Liste_des_auteurs>
		<Type_Doc>NEGATIF N&amp;B</Type_Doc>
		<Support>VERRE</Support>
		<Technique>Photographie stéréo</Technique>
		<Format>4,5 x 10,7 cm</Format>
		<Cote>49Fi701</Cote>
		<Observations>Même cliché que le 49Fi1877/16.</Observations>
		<Origine>Don Faucher-Berhelé entré le 10/11/1978.</Origine>
		<Droits_Repro>Domaine public</Droits_Repro>
		<subject>MILITAIRE;ALIMENTATION;RESTAURATION COLLECTIVE;GUERRE 1914-1918;</subject>
		<geoname>MEUSE (département);FLEURY-SUR-AIRE (hameau);NUBECOURT (village);</geoname>
		<persname></persname>
		<corpname></corpname>
	</DocsFigures>
<DocsFigures>
		<Titre>Fleury-sur-Aire. 25/06/16. Indochinois</Titre>
		<Analyse>Régiment d&apos;Indochinois à Fleury-sur-Aire (Meuse).
25 juin 1916. 
Guerre 1914-1918.</Analyse>
		<Realise_en>1916</Realise_en>
		<Liste_des_auteurs>BERTHELÉ, Raoul</Liste_des_auteurs>
		<Type_Doc>NEGATIF N&amp;B</Type_Doc>
		<Support>VERRE</Support>
		<Technique>Photographie stéréo</Technique>
		<Format>4,5 x 10,7 cm</Format>
		<Cote>49Fi702</Cote>
		<Observations>Même cliché que le 49Fi1877/20.</Observations>
		<Origine>Don Faucher-Berhelé entré le 10/11/1978.</Origine>
		<Droits_Repro>Domaine public</Droits_Repro>
		<subject>MILITAIRE;COLONIE;GUERRE 1914-1918;</subject>
		<geoname>FLEURY-SUR-AIRE (hameau);MEUSE (département);NUBECOURT (village);</geoname>
		<persname></persname>
		<corpname></corpname>
	</DocsFigures>
<DocsFigures>
		<Titre>Fleury-sur-Aire. Adjudant indochinois</Titre>
		<Analyse>Portrait de l&apos;adjudant occidental d&apos;un régiment d&apos;Indochinois à Fleury-sur-Aire (Meuse).
1916. 
Guerre 1914-1918.</Analyse>
		<Realise_en>1916</Realise_en>
		<Liste_des_auteurs>BERTHELÉ, Raoul</Liste_des_auteurs>
		<Type_Doc>NEGATIF N&amp;B</Type_Doc>
		<Support>VERRE</Support>
		<Technique>Photographie stéréo</Technique>
		<Format>4,5 x 10,7 cm</Format>
		<Cote>49Fi703</Cote>
		<Observations>Même cliché que le 49Fi1877/14.</Observations>
		<Origine>Don Faucher-Berhelé entré le 10/11/1978.</Origine>
		<Droits_Repro>Domaine public</Droits_Repro>
		<subject>MILITAIRE;COLONIE;GUERRE 1914-1918;</subject>
		<geoname>FLEURY-SUR-AIRE (hameau);MEUSE (département);NUBECOURT (village);</geoname>
		<persname></persname>
		<corpname></corpname>
	</DocsFigures>
<DocsFigures>
		<Titre>Fleury sur Aire. Train blindé</Titre>
		<Analyse>Vue d&apos;ensemble d&apos;un train blindé muni d&apos;une pièce marine de 164,7 en gare de Fleury-sur-Aire (Meuse).
1916. 
Guerre 1914-1918.</Analyse>
		<Realise_en>1916</Realise_en>
		<Liste_des_auteurs>BERTHELÉ, Raoul</Liste_des_auteurs>
		<Type_Doc>NEGATIF N&amp;B</Type_Doc>
		<Support>VERRE</Support>
		<Technique>Photographie stéréo</Technique>
		<Format>4,5 x 10,7 cm</Format>
		<Cote>49Fi704</Cote>
		<Observations>Même cliché que les 49Fi679 et 49Fi1877/37.</Observations>
		<Origine>Don Faucher-Berhelé entré le 10/11/1978.</Origine>
		<Droits_Repro>Domaine public</Droits_Repro>
		<subject>GARE;GUERRE 1914-1918;</subject>
		<geoname>FLEURY-SUR-AIRE (hameau);MEUSE (département);NUBECOURT (village);</geoname>
		<persname></persname>
		<corpname></corpname>
	</DocsFigures>
<DocsFigures>
		<Titre>Ippécourt. 42e Sénégalais</Titre>
		<Analyse>Ippécourt (Meuse).
1916.
Vue d&apos;ensemble de soldats du 42e bataillon de tirailleurs sénégalais au repos.
Certains ont enlevé leurs uniformes. 
Guerre 1914-1918.</Analyse>
		<Realise_en>1916</Realise_en>
		<Liste_des_auteurs>BERTHELÉ, Raoul</Liste_des_auteurs>
		<Type_Doc>NEGATIF N&amp;B</Type_Doc>
		<Support>VERRE</Support>
		<Technique>Photographie stéréo</Technique>
		<Format>4,5 x 10,7 cm</Format>
		<Cote>49Fi705</Cote>
		<Observations>Même cliché que les 49Fi675 et 49Fi1877/26.</Observations>
		<Origine>Don Faucher-Berhelé entré le 10/11/1978.</Origine>
		<Droits_Repro>Domaine public</Droits_Repro>
		<subject>MILITAIRE;COLONIE;GUERRE 1914-1918;</subject>
		<geoname>MEUSE (département);IPPECOURT (village);</geoname>
		<persname></persname>
		<corpname></corpname>
	</DocsFigures>
<DocsFigures>
		<Titre>Ippécourt. 42e Sénégalais</Titre>
		<Analyse>Ippecourt (Meuse).
1916.
Portrait en plan taille d&apos;un soldat de type Dahoméen du 42e bataillon de tirailleurs Sénégalais.
Guerre 1914-1918.</Analyse>
		<Realise_en>1916</Realise_en>
		<Liste_des_auteurs>BERTHELÉ, Raoul</Liste_des_auteurs>
		<Type_Doc>NEGATIF N&amp;B</Type_Doc>
		<Support>VERRE</Support>
		<Technique>Photographie stéréo</Technique>
		<Format>4,5 x 10,7 cm</Format>
		<Cote>49Fi706</Cote>
		<Observations>Même cliché que le 49Fi1877/27. Même personnage que sur le cliché 49Fi712.</Observations>
		<Origine>Don Faucher-Berhelé entré le 10/11/1978.</Origine>
		<Droits_Repro>Domaine public</Droits_Repro>
		<subject>MILITAIRE;COLONIE;GUERRE 1914-1918;</subject>
		<geoname>MEUSE (département);IPPECOURT (village);</geoname>
		<persname></persname>
		<corpname></corpname>
	</DocsFigures>
<DocsFigures>
		<Titre>Ippécourt. 42e Sénégalais</Titre>
		<Analyse>Ippécourt (Meuse).
1916.
Portrait en buste d&apos;un soldat de type Wolof du 42e régiment de tirailleur sénégalais. 
Guerre 1914-1918.</Analyse>
		<Realise_en>1916</Realise_en>
		<Liste_des_auteurs>BERTHELÉ, Raoul</Liste_des_auteurs>
		<Type_Doc>NEGATIF N&amp;B</Type_Doc>
		<Support>VERRE</Support>
		<Technique>Photographie stéréo</Technique>
		<Format>4,5 x 10,7 cm</Format>
		<Cote>49Fi707</Cote>
		<Observations>Même cliché que les 49Fi670, 49Fi673, 49Fi1877/30 et 49Fi1890.</Observations>
		<Origine>Don Faucher-Berhelé entré le 10/11/1978.</Origine>
		<Droits_Repro>Domaine public</Droits_Repro>
		<subject>MILITAIRE;COLONIE;GUERRE 1914-1918;</subject>
		<geoname>MEUSE (département);IPPECOURT (village);</geoname>
		<persname></persname>
		<corpname></corpname>
	</DocsFigures>
<DocsFigures>
		<Titre>Fleury sur Aire. Train blindé</Titre>
		<Analyse>Vue d&apos;ensemble d&apos;un train blindé avec une pièce marine de 164,7  baptisé &quot;Lorraine&quot; à Fleury-sur-Aire (Meuse).
1916. 
Guerre 1914-1918.</Analyse>
		<Realise_en>1916</Realise_en>
		<Liste_des_auteurs>BERTHELÉ, Raoul</Liste_des_auteurs>
		<Type_Doc>NEGATIF N&amp;B</Type_Doc>
		<Support>VERRE</Support>
		<Technique>Photographie stéréo</Technique>
		<Format>4,5 x 10,7 cm</Format>
		<Cote>49Fi708</Cote>
		<Observations>Même cliché que le 49Fi1877/39.</Observations>
		<Origine>Don Faucher-Berhelé entré le 10/11/1978.</Origine>
		<Droits_Repro>Domaine public</Droits_Repro>
		<subject>GUERRE 1914-1918;</subject>
		<geoname>FLEURY-SUR-AIRE (hameau);MEUSE (département);NUBECOURT (village);</geoname>
		<persname></persname>
		<corpname></corpname>
	</DocsFigures>
<DocsFigures>
		<Titre>Fleury sur Aire. Train blindé</Titre>
		<Analyse>Vue d&apos;ensemble d&apos;un train blindé avec une pièce marine de 164,7  baptisé &quot;Lorraine&quot; à Fleury-sur-Aire (Meuse).
1916. 
Guerre 1914-1918.</Analyse>
		<Realise_en>1916</Realise_en>
		<Liste_des_auteurs>BERTHELÉ, Raoul</Liste_des_auteurs>
		<Type_Doc>NEGATIF N&amp;B</Type_Doc>
		<Support>VERRE</Support>
		<Technique>Photographie stéréo</Technique>
		<Format>4,5 x 10,7 cm</Format>
		<Cote>49Fi709</Cote>
		<Observations>Même cliché que le 49Fi1877/38.</Observations>
		<Origine>Don Faucher-Berhelé entré le 10/11/1978.</Origine>
		<Droits_Repro>Domaine public</Droits_Repro>
		<subject>GUERRE 1914-1918;</subject>
		<geoname>FLEURY-SUR-AIRE (hameau);MEUSE (département);NUBECOURT (village);</geoname>
		<persname></persname>
		<corpname></corpname>
	</DocsFigures>
<DocsFigures>
		<Titre>Fleury. R.B. Bombe d&apos;avion de 120</Titre>
		<Analyse>Raoul Berthelé pose à Fleury-sur-Aire (Meuse) en tenant une bombe d&apos;avion de 120.
1916. 
Guerre 1914-1918.</Analyse>
		<Realise_en>1916</Realise_en>
		<Liste_des_auteurs>BERTHELÉ, Raoul</Liste_des_auteurs>
		<Type_Doc>NEGATIF N&amp;B</Type_Doc>
		<Support>VERRE</Support>
		<Technique>Photographie stéréo</Technique>
		<Format>4,5 x 10,7 cm</Format>
		<Cote>49Fi710</Cote>
		<Observations>Même cliché que le 49Fi1877/12.</Observations>
		<Origine>Don Faucher-Berhelé entré le 10/11/1978.</Origine>
		<Droits_Repro>Domaine public</Droits_Repro>
		<subject>GUERRE 1914-1918;</subject>
		<geoname>FLEURY-SUR-AIRE (hameau);MEUSE (département);NUBECOURT (village);</geoname>
		<persname>BERTHELE, Raoul;</persname>
		<corpname></corpname>
	</DocsFigures>
<DocsFigures>
		<Titre>Ippécourt. Sénégalais</Titre>
		<Analyse>Ippécourt (Meuse).
1916.
Vue d&apos;un soldat du 42e régiment de tirailleur sénégalais en train de baigner dans un ruisseau. 
Guerre 1914-1918.</Analyse>
		<Realise_en>1916</Realise_en>
		<Liste_des_auteurs>BERTHELÉ, Raoul</Liste_des_auteurs>
		<Type_Doc>NEGATIF N&amp;B</Type_Doc>
		<Support>VERRE</Support>
		<Technique>Photographie stéréo</Technique>
		<Format>4,5 x 10,7 cm</Format>
		<Cote>49Fi711</Cote>
		<Observations>Même cliché que le 49Fi1877/34.</Observations>
		<Origine>Don Faucher-Berhelé entré le 10/11/1978.</Origine>
		<Droits_Repro>Domaine public</Droits_Repro>
		<subject>MILITAIRE;COLONIE;GUERRE 1914-1918;</subject>
		<geoname>MEUSE (département);IPPECOURT (village);</geoname>
		<persname></persname>
		<corpname></corpname>
	</DocsFigures>
<DocsFigures>
		<Titre>Ippécourt. Sénégalais</Titre>
		<Analyse>Ippécourt (Meuse).
1916.
Portrait en plan taille d&apos;un tirailleur sénégalais de type Dahoméen du 42e régiment de tirailleurs sénégalais.
Guerre 1914-1918.</Analyse>
		<Realise_en>1916</Realise_en>
		<Liste_des_auteurs>BERTHELÉ, Raoul</Liste_des_auteurs>
		<Type_Doc>NEGATIF N&amp;B</Type_Doc>
		<Support>VERRE</Support>
		<Technique>Photographie stéréo</Technique>
		<Format>4,5 x 10,7 cm</Format>
		<Cote>49Fi712</Cote>
		<Observations>Une seule image sur la stéréocope.
Même personnage que sur les clichés 49Fi706 et 49Fi1877/27..</Observations>
		<Origine>Don Faucher-Berhelé entré le 10/11/1978.</Origine>
		<Droits_Repro>Domaine public</Droits_Repro>
		<subject>COLONIE;MILITAIRE;GUERRE 1914-1918;</subject>
		<geoname>MEUSE (département);IPPECOURT (village);</geoname>
		<persname></persname>
		<corpname></corpname>
	</DocsFigures>
<DocsFigures>
		<Titre>Fleury. Canon</Titre>
		<Analyse>Vue d&apos;ensemble d&apos;un canon à Fleury-sur-Aire (Meuse).
1916. 
Guerre 1914-1918.</Analyse>
		<Realise_en>1916</Realise_en>
		<Liste_des_auteurs>BERTHELÉ, Raoul</Liste_des_auteurs>
		<Type_Doc>NEGATIF N&amp;B</Type_Doc>
		<Support>VERRE</Support>
		<Technique>Photographie stéréo</Technique>
		<Format>4,5 x 10,7 cm</Format>
		<Cote>49Fi713</Cote>
		<Observations>Même cliché que le 49Fi1877/8.</Observations>
		<Origine>Don Faucher-Berhelé entré le 10/11/1978.</Origine>
		<Droits_Repro>Domaine public</Droits_Repro>
		<subject>GUERRE 1914-1918;</subject>
		<geoname>MEUSE (département);FLEURY-SUR-AIRE (hameau);NUBECOURT (village);</geoname>
		<persname></persname>
		<corpname></corpname>
	</DocsFigures>
<DocsFigures>
		<Titre>Souilly. Canon</Titre>
		<Analyse>Vue d&apos;ensemble d&apos;un canon à Souilly (Meuse).
1916. 
Guerre 1914-1918.</Analyse>
		<Realise_en>1916</Realise_en>
		<Liste_des_auteurs>BERTHELÉ, Raoul</Liste_des_auteurs>
		<Type_Doc>NEGATIF N&amp;B</Type_Doc>
		<Support>VERRE</Support>
		<Technique>Photographie stéréo</Technique>
		<Format>4,5 x 10,7 cm</Format>
		<Cote>49Fi714</Cote>
		<Observations>Même cliché que le 49Fi1877/11.</Observations>
		<Origine>Don Faucher-Berhelé entré le 10/11/1978.</Origine>
		<Droits_Repro>Domaine public</Droits_Repro>
		<subject>GUERRE 1914-1918;</subject>
		<geoname>MEUSE (département);SOUILLY (village);</geoname>
		<persname></persname>
		<corpname></corpname>
	</DocsFigures>
<DocsFigures>
		<Titre>Fleury. 2/07/16. G Parraud</Titre>
		<Analyse>G Parraud en train de se baigner dans l&apos;Aire près de Fleury-sur-Aire (Meuse)
2 juilet1916. 
Guerre 1914-1918.</Analyse>
		<Realise_en>1916</Realise_en>
		<Liste_des_auteurs>BERTHELÉ, Raoul</Liste_des_auteurs>
		<Type_Doc>NEGATIF N&amp;B</Type_Doc>
		<Support>VERRE</Support>
		<Technique>Photographie stéréo</Technique>
		<Format>4,5 x 10,7 cm</Format>
		<Cote>49Fi715</Cote>
		<Observations>Même cliché que le 49Fi1877/32.</Observations>
		<Origine>Don Faucher-Berhelé entré le 10/11/1978.</Origine>
		<Droits_Repro>Domaine public</Droits_Repro>
		<subject>GUERRE 1914-1918;</subject>
		<geoname>FLEURY-SUR-AIRE (hameau);MEUSE (département);NUBECOURT (village);</geoname>
		<persname></persname>
		<corpname></corpname>
	</DocsFigures>
<DocsFigures>
		<Titre>Fleury. 2/07/16. G Parraud nage le crawl</Titre>
		<Analyse>G. Parraud qui nage le crawl dans l&apos;Aire près de Fleury-sur-Aire (Meuse).
2 juillet 1916. 
Guerre 1914-1918.</Analyse>
		<Realise_en>1916</Realise_en>
		<Liste_des_auteurs>BERTHELÉ, Raoul</Liste_des_auteurs>
		<Type_Doc>NEGATIF N&amp;B</Type_Doc>
		<Support>VERRE</Support>
		<Technique>Photographie stéréo</Technique>
		<Format>4,5 x 10,7 cm</Format>
		<Cote>49Fi716</Cote>
		<Observations>Même cliché que le 49Fi1877/33.</Observations>
		<Origine>Don Faucher-Berhelé entré le 10/11/1978.</Origine>
		<Droits_Repro>Domaine public</Droits_Repro>
		<subject>GUERRE 1914-1918;</subject>
		<geoname>FLEURY-SUR-AIRE (hameau);MEUSE (département);NUBECOURT (village);</geoname>
		<persname></persname>
		<corpname></corpname>
	</DocsFigures>
<DocsFigures>
		<Titre>En aéro. 24/07/16. Clermont en Argonne vu de 900m</Titre>
		<Analyse>Vue aérienne de Clermont-en-Argonne (Meuse) prise à 900m.
24 juillet 1916. 
Guerre 1914-1918.</Analyse>
		<Realise_en>1916</Realise_en>
		<Liste_des_auteurs>BERTHELÉ, Raoul</Liste_des_auteurs>
		<Type_Doc>NEGATIF N&amp;B</Type_Doc>
		<Support>VERRE</Support>
		<Technique>Photographie stéréo</Technique>
		<Format>4,5 x 10,7 cm</Format>
		<Cote>49Fi717</Cote>
		<Observations>Même cliché que le 49Fi1877/51.</Observations>
		<Origine>Don Faucher-Berhelé entré le 10/11/1978.</Origine>
		<Droits_Repro>Domaine public</Droits_Repro>
		<subject>GUERRE 1914-1918;</subject>
		<geoname>CLERMONT-EN-ARGONNE (village);MEUSE (département);</geoname>
		<persname></persname>
		<corpname></corpname>
	</DocsFigures>
<DocsFigures>
		<Titre>En aéro. 24/07/16. Gare et hôpital de Fleury sur Aire</Titre>
		<Analyse>Vue aérienne de la gare et de l&apos;hôpital de Fleury-sur-Aire (Meuse).
24 juillet 1916. 
Guerre 1914-1918.</Analyse>
		<Realise_en>1916</Realise_en>
		<Liste_des_auteurs>BERTHELÉ, Raoul</Liste_des_auteurs>
		<Type_Doc>NEGATIF N&amp;B</Type_Doc>
		<Support>VERRE</Support>
		<Technique>Photographie stéréo</Technique>
		<Format>4,5 x 10,7 cm</Format>
		<Cote>49Fi718</Cote>
		<Observations>Même cliché que le 49Fi1877/54</Observations>
		<Origine>Don Faucher-Berhelé entré le 10/11/1978.</Origine>
		<Droits_Repro>Domaine public</Droits_Repro>
		<subject>SERVICE SANITAIRE MILITAIRE;GARE;GUERRE 1914-1918;</subject>
		<geoname>FLEURY-SUR-AIRE (hameau);MEUSE (département);NUBECOURT (village);</geoname>
		<persname></persname>
		<corpname></corpname>
	</DocsFigures>
<DocsFigures>
		<Titre>En aéro. 24/07/16. Gare et hôpital de Fleury sur Aire</Titre>
		<Analyse>Vue aérienne de la gare et de l&apos;hôpital de Fleury-sur-Aire (Meuse).
24 juillet 1916. 
Guerre 1914-1918.</Analyse>
		<Realise_en>1916</Realise_en>
		<Liste_des_auteurs>BERTHELÉ, Raoul</Liste_des_auteurs>
		<Type_Doc>NEGATIF N&amp;B</Type_Doc>
		<Support>VERRE</Support>
		<Technique>Photographie stéréo</Technique>
		<Format>4,5 x 10,7 cm</Format>
		<Cote>49Fi719</Cote>
		<Observations>Même cliché que le 49Fi1877/56</Observations>
		<Origine>Don Faucher-Berhelé entré le 10/11/1978.</Origine>
		<Droits_Repro>Domaine public</Droits_Repro>
		<subject>SERVICE SANITAIRE MILITAIRE;GARE;GUERRE 1914-1918;</subject>
		<geoname>FLEURY-SUR-AIRE (hameau);MEUSE (département);NUBECOURT (village);</geoname>
		<persname></persname>
		<corpname></corpname>
	</DocsFigures>
<DocsFigures>
		<Titre>En aéro. 24/07/16. Carlingue Voisin. Sergent Brun. Au fond gare et hôpital.</Titre>
		<Analyse>&quot;Fleury 600m&quot;
Vue du Sergent Brun dans la carlingue du biplan Voisin. Vue aérienne de la gare et de l&apos;hôpital de Fleury-sur-Aire (Meuse) prise à 600m d&apos;altitude.
1916. 
Guerre 1914-1918.</Analyse>
		<Realise_en>1916</Realise_en>
		<Liste_des_auteurs>BERTHELÉ, Raoul</Liste_des_auteurs>
		<Type_Doc>NEGATIF N&amp;B</Type_Doc>
		<Support>VERRE</Support>
		<Technique>Photographie stéréo</Technique>
		<Format>4,5 x 10,7 cm</Format>
		<Cote>49Fi720</Cote>
		<Observations>Même cliché que le 49Fi1877/58</Observations>
		<Origine>Don Faucher-Berhelé entré le 10/11/1978.</Origine>
		<Droits_Repro>Domaine public</Droits_Repro>
		<subject>MILITAIRE;ARMEE DE L&apos;AIR;SERVICE SANITAIRE MILITAIRE;GARE;GUERRE 1914-1918;</subject>
		<geoname>FLEURY-SUR-AIRE (hameau);MEUSE (département);NUBECOURT (village);</geoname>
		<persname></persname>
		<corpname></corpname>
	</DocsFigures>
<DocsFigures>
		<Titre>En aéro. 24/07/16. Gare et HOE [hôpital d&apos;évacuation] de Fleury</Titre>
		<Analyse>Vue aérienne de la gare et de l&apos;hôpital d&apos;évacuation de Fleury-sur-Aire (Meuse).
24 juillet 1916. 
Guerre 1914-1918.</Analyse>
		<Realise_en>1916</Realise_en>
		<Liste_des_auteurs>BERTHELÉ, Raoul</Liste_des_auteurs>
		<Type_Doc>NEGATIF N&amp;B</Type_Doc>
		<Support>VERRE</Support>
		<Technique>Photographie stéréo</Technique>
		<Format>4,5 x 10,7 cm</Format>
		<Cote>49Fi721</Cote>
		<Observations>Même cliché que le 49Fi1877/55</Observations>
		<Origine>Don Faucher-Berhelé entré le 10/11/1978.</Origine>
		<Droits_Repro>Domaine public</Droits_Repro>
		<subject>SERVICE SANITAIRE MILITAIRE;GARE;GUERRE 1914-1918;</subject>
		<geoname>FLEURY-SUR-AIRE (hameau);MEUSE (département);NUBECOURT (village);</geoname>
		<persname></persname>
		<corpname></corpname>
	</DocsFigures>
<DocsFigures>
		<Titre>En aéro. 24/07/16. Clermont en Argonne</Titre>
		<Analyse>Vue aérienne de Clermont-en-Argonne (Meuse).
24 juillet 1916. 
Guerre 1914-1918.</Analyse>
		<Realise_en>1916</Realise_en>
		<Liste_des_auteurs>BERTHELÉ, Raoul</Liste_des_auteurs>
		<Type_Doc>NEGATIF N&amp;B</Type_Doc>
		<Support>VERRE</Support>
		<Technique>Photographie stéréo</Technique>
		<Format>4,5 x 10,7 cm</Format>
		<Cote>49Fi722</Cote>
		<Observations></Observations>
		<Origine>Don Faucher-Berhelé entré le 10/11/1978.</Origine>
		<Droits_Repro>Domaine public</Droits_Repro>
		<subject>GUERRE 1914-1918;</subject>
		<geoname>CLERMONT-EN-ARGONNE (village);MEUSE (département);</geoname>
		<persname></persname>
		<corpname></corpname>
	</DocsFigures>
<DocsFigures>
		<Titre>En aéro. 24/07/16. Clermont en Argonne</Titre>
		<Analyse>Vue aérienne de Clermont-en-Argonne (Meuse).
24 juillet 1916. 
Guerre 1914-1918.</Analyse>
		<Realise_en>1916</Realise_en>
		<Liste_des_auteurs>BERTHELÉ, Raoul</Liste_des_auteurs>
		<Type_Doc>NEGATIF N&amp;B</Type_Doc>
		<Support>VERRE</Support>
		<Technique>Photographie stéréo</Technique>
		<Format>4,5 x 10,7 cm</Format>
		<Cote>49Fi723</Cote>
		<Observations>Même cliché que le 49Fi1877/50.</Observations>
		<Origine>Don Faucher-Berhelé entré le 10/11/1978.</Origine>
		<Droits_Repro>Domaine public</Droits_Repro>
		<subject>GUERRE 1914-1918;</subject>
		<geoname>CLERMONT-EN-ARGONNE (village);MEUSE (département);</geoname>
		<persname></persname>
		<corpname></corpname>
	</DocsFigures>
<DocsFigures>
		<Titre>En aéro. 24/07/16. Rarécourt vu de 800m</Titre>
		<Analyse>Vue aérienne de Rarécourt (Meuse) prise à 800m d&apos;altitude.
24 juillet 1916. 
Guerre 1914-1918.</Analyse>
		<Realise_en>1916</Realise_en>
		<Liste_des_auteurs>BERTHELÉ, Raoul</Liste_des_auteurs>
		<Type_Doc>NEGATIF N&amp;B</Type_Doc>
		<Support>VERRE</Support>
		<Technique>Photographie stéréo</Technique>
		<Format>4,5 x 10,7 cm</Format>
		<Cote>49Fi724</Cote>
		<Observations>Même cliché que le 49Fi1877/49.</Observations>
		<Origine>Don Faucher-Berhelé entré le 10/11/1978.</Origine>
		<Droits_Repro>Domaine public</Droits_Repro>
		<subject>GUERRE 1914-1918;</subject>
		<geoname>MEUSE (département);RARECOURT (village);</geoname>
		<persname></persname>
		<corpname></corpname>
	</DocsFigures>
<DocsFigures>
		<Titre>En aéro. 24/07/16. Autrécourt. Terrain atterrissage. 200m</Titre>
		<Analyse>Vue aérienne de Autrécourt-sur-Aire (Meuse) et d&apos;un terrain d&apos;atterrissage prise à 200m d&apos;altitude.
24 juillet 1916. 
Guerre 1914-1918.</Analyse>
		<Realise_en>1916</Realise_en>
		<Liste_des_auteurs>BERTHELÉ, Raoul</Liste_des_auteurs>
		<Type_Doc>NEGATIF N&amp;B</Type_Doc>
		<Support>VERRE</Support>
		<Technique>Photographie stéréo</Technique>
		<Format>4,5 x 10,7 cm</Format>
		<Cote>49Fi725</Cote>
		<Observations>Même cliché que les 49Fi678 et 49Fi1877/60.</Observations>
		<Origine>Don Faucher-Berhelé entré le 10/11/1978.</Origine>
		<Droits_Repro>Domaine public</Droits_Repro>
		<subject>GUERRE 1914-1918;</subject>
		<geoname>AUTRECOURT-SUR-AIRE (village);MEUSE (département);</geoname>
		<persname></persname>
		<corpname></corpname>
	</DocsFigures>
<DocsFigures>
		<Titre>En aéro. 24/07/16. Aile de Voisin. Gare et hôpital de Fleury. 600m</Titre>
		<Analyse>Vue aérienne de la gare et de l&apos;hôpital de Fleury-sur-Aire (Meuse) prise à 600m d&apos;altitude.
24 juillet 1916. 
Guerre 1914-1918.
L&apos;aile de l&apos;avion coupe une partie de la vue.</Analyse>
		<Realise_en>1916</Realise_en>
		<Liste_des_auteurs>BERTHELÉ, Raoul</Liste_des_auteurs>
		<Type_Doc>NEGATIF N&amp;B</Type_Doc>
		<Support>VERRE</Support>
		<Technique>Photographie stéréo</Technique>
		<Format>4,5 x 10,7 cm</Format>
		<Cote>49Fi726</Cote>
		<Observations>Même cliché que le 49Fi1877/59</Observations>
		<Origine>Don Faucher-Berhelé entré le 10/11/1978.</Origine>
		<Droits_Repro>Domaine public</Droits_Repro>
		<subject>SERVICE SANITAIRE MILITAIRE;GARE;GUERRE 1914-1918;</subject>
		<geoname>FLEURY-SUR-AIRE (hameau);MEUSE (département);NUBECOURT (village);</geoname>
		<persname></persname>
		<corpname></corpname>
	</DocsFigures>
<DocsFigures>
		<Titre>En aéro. 24/07/16. Autrécourt. Champ d&apos;aviation</Titre>
		<Analyse>Vue aérienne d&apos;Autrécourt (Meuse) et d&apos;un champ d&apos;aviation.
24 juillet 1916. 
Guerre 1914-1918.</Analyse>
		<Realise_en>1916</Realise_en>
		<Liste_des_auteurs>BERTHELÉ, Raoul</Liste_des_auteurs>
		<Type_Doc>NEGATIF N&amp;B</Type_Doc>
		<Support>VERRE</Support>
		<Technique>Photographie stéréo</Technique>
		<Format>4,5 x 10,7 cm</Format>
		<Cote>49Fi727</Cote>
		<Observations>Même cliché que le 49Fi1877/53</Observations>
		<Origine>Don Faucher-Berhelé entré le 10/11/1978.</Origine>
		<Droits_Repro>Domaine public</Droits_Repro>
		<subject>GUERRE 1914-1918;</subject>
		<geoname>AUTRECOURT-SUR-AIRE (village);MEUSE (département);</geoname>
		<persname></persname>
		<corpname></corpname>
	</DocsFigures>
<DocsFigures>
		<Titre>En aéro. 24/07/16. Nubécourt. 500m</Titre>
		<Analyse>Vue aérienne de Nubécourt (Meuse) prise à 500m d&apos;altitude.
24 juillet 1916. 
Guerre 1914-1918.</Analyse>
		<Realise_en>1916</Realise_en>
		<Liste_des_auteurs>BERTHELÉ, Raoul</Liste_des_auteurs>
		<Type_Doc>NEGATIF N&amp;B</Type_Doc>
		<Support>VERRE</Support>
		<Technique>Photographie stéréo</Technique>
		<Format>4,5 x 10,7 cm</Format>
		<Cote>49Fi728</Cote>
		<Observations>Même cliché que le 49Fi1877/57</Observations>
		<Origine>Don Faucher-Berhelé entré le 10/11/1978.</Origine>
		<Droits_Repro>Domaine public</Droits_Repro>
		<subject>GUERRE 1914-1918;</subject>
		<geoname>NUBECOURT (village);MEUSE (département);</geoname>
		<persname></persname>
		<corpname></corpname>
	</DocsFigures>
<DocsFigures>
		<Titre>Amiens. 17/08/16. Somme. Bateau anglais</Titre>
		<Analyse>Bateau anglais sur la Somme à Amiens (Somme).
17 août 1916. 
Guerre 1914-1918.</Analyse>
		<Realise_en>1916</Realise_en>
		<Liste_des_auteurs>BERTHELÉ, Raoul</Liste_des_auteurs>
		<Type_Doc>NEGATIF N&amp;B</Type_Doc>
		<Support>VERRE</Support>
		<Technique>Photographie stéréo</Technique>
		<Format>4,5 x 10,7 cm</Format>
		<Cote>49Fi729</Cote>
		<Observations>Même cliché que le 49Fi1877/62</Observations>
		<Origine>Don Faucher-Berhelé entré le 10/11/1978.</Origine>
		<Droits_Repro>Domaine public</Droits_Repro>
		<subject>GUERRE 1914-1918;</subject>
		<geoname>AMIENS (ville);SOMME (département);</geoname>
		<persname></persname>
		<corpname></corpname>
	</DocsFigures>
<DocsFigures>
		<Titre>Amiens. 14/08/16. Sur la Somme. Cathédrale</Titre>
		<Analyse>Photo prise sur la Somme.
Vue panoramique de la vallée de la Somme et de la cathédrale d&apos;Amiens (Somme) en arrière plan.
14 août 1916. 
Guerre 1914-1918.</Analyse>
		<Realise_en>1916</Realise_en>
		<Liste_des_auteurs>BERTHELÉ, Raoul</Liste_des_auteurs>
		<Type_Doc>NEGATIF N&amp;B</Type_Doc>
		<Support>VERRE</Support>
		<Technique>Photographie stéréo</Technique>
		<Format>4,5 x 10,7 cm</Format>
		<Cote>49Fi730</Cote>
		<Observations>Même cliché que le 49Fi1877/65</Observations>
		<Origine>Don Faucher-Berhelé entré le 10/11/1978.</Origine>
		<Droits_Repro>Domaine public</Droits_Repro>
		<subject>GUERRE 1914-1918;</subject>
		<geoname>AMIENS (ville);SOMME (département);</geoname>
		<persname></persname>
		<corpname></corpname>
	</DocsFigures>
<DocsFigures>
		<Titre>Fleury. Escadrille MF 2. M Farman venant de capoter. Moteur Renault</Titre>
		<Analyse>Vue d&apos;un avion (biplan M. Farman) de l&apos;Escadrille MF 2, venant de capoter (se retourner) à Fleury-sur-Aire (Meuse).
Au premier plan vue du moteur Renault 12cyl. de l&apos;avion.
24/07/1916
Guerre 1914-1918.</Analyse>
		<Realise_en>1916</Realise_en>
		<Liste_des_auteurs>BERTHELÉ, Raoul</Liste_des_auteurs>
		<Type_Doc>NEGATIF N&amp;B</Type_Doc>
		<Support>VERRE</Support>
		<Technique>Photographie stéréo</Technique>
		<Format>4,5 x 10,7 cm</Format>
		<Cote>49Fi731</Cote>
		<Observations>Même cliché que le 49Fi1877/48.</Observations>
		<Origine>Don Faucher-Berhelé entré le 10/11/1978.</Origine>
		<Droits_Repro>Domaine public</Droits_Repro>
		<subject>GUERRE 1914-1918;</subject>
		<geoname>FLEURY-SUR-AIRE (hameau);MEUSE (département);NUBECOURT (village);</geoname>
		<persname></persname>
		<corpname></corpname>
	</DocsFigures>
<DocsFigures>
		<Titre>Fleury. 24/07/16. Escadrille MF 2. M Farman venant de capoter</Titre>
		<Analyse>Vue d&apos;un avion (biplan M. Farman) de l&apos;Escadrille MF 2, venant de capoter (se retourner) à Fleury-sur-Aire (Meuse).
24/07/16
Guerre 1914-1918.</Analyse>
		<Realise_en>1916</Realise_en>
		<Liste_des_auteurs>BERTHELÉ, Raoul</Liste_des_auteurs>
		<Type_Doc>NEGATIF N&amp;B</Type_Doc>
		<Support>VERRE</Support>
		<Technique>Photographie stéréo</Technique>
		<Format>4,5 x 10,7 cm</Format>
		<Cote>49Fi732</Cote>
		<Observations>Même cliché que le 49Fi1877/45.</Observations>
		<Origine>Don Faucher-Berhelé entré le 10/11/1978.</Origine>
		<Droits_Repro>Domaine public</Droits_Repro>
		<subject>GUERRE 1914-1918;</subject>
		<geoname>FLEURY-SUR-AIRE (hameau);MEUSE (département);NUBECOURT (village);</geoname>
		<persname></persname>
		<corpname></corpname>
	</DocsFigures>
<DocsFigures>
		<Titre>Fleury. X de Massia et R. Berthelé</Titre>
		<Analyse>X de Massia et Raoul Berthelé discutant dans un champs (avec tente anglaise et écuries en arrière plan) à Fleury-sur-Aire (Meuse).
1916. 
Guerre 1914-1918.</Analyse>
		<Realise_en>1916</Realise_en>
		<Liste_des_auteurs>BERTHELÉ, Raoul</Liste_des_auteurs>
		<Type_Doc>NEGATIF N&amp;B</Type_Doc>
		<Support>VERRE</Support>
		<Technique>Photographie stéréo</Technique>
		<Format>4,5 x 10,7 cm</Format>
		<Cote>49Fi733</Cote>
		<Observations>Même cliché que le 49Fi1877/77.
La vue de droite est voilée.</Observations>
		<Origine>Don Faucher-Berhelé entré le 10/11/1978.</Origine>
		<Droits_Repro>Domaine public</Droits_Repro>
		<subject>GUERRE 1914-1918;</subject>
		<geoname>FLEURY-SUR-AIRE (hameau);MEUSE (département);NUBECOURT (village);</geoname>
		<persname>BERTHELE, Raoul;</persname>
		<corpname></corpname>
	</DocsFigures>
<DocsFigures>
		<Titre>Fleury. X de Massia</Titre>
		<Analyse>Portrait en buste de X de Massia qui pose devant une tente anglaise à Fleury-sur-Aire (Meuse).
1916. 
Guerre 1914-1918.</Analyse>
		<Realise_en>1916</Realise_en>
		<Liste_des_auteurs>BERTHELÉ, Raoul</Liste_des_auteurs>
		<Type_Doc>NEGATIF N&amp;B</Type_Doc>
		<Support>VERRE</Support>
		<Technique>Photographie stéréo</Technique>
		<Format>4,5 x 10,7 cm</Format>
		<Cote>49Fi734</Cote>
		<Observations>Même cliché que le 49Fi1877/74.
La plaque est partiellement voilée</Observations>
		<Origine>Don Faucher-Berhelé entré le 10/11/1978.</Origine>
		<Droits_Repro>Domaine public</Droits_Repro>
		<subject>GUERRE 1914-1918;</subject>
		<geoname>FLEURY-SUR-AIRE (hameau);MEUSE (département);NUBECOURT (village);</geoname>
		<persname></persname>
		<corpname></corpname>
	</DocsFigures>
<DocsFigures>
		<Titre>Fleury. Nuit. Eclair</Titre>
		<Analyse>Photo d&apos;un éclair dans la nuit à Fleury-sur-Aire (Meuse).
1916. 
Guerre 1914-1918.</Analyse>
		<Realise_en>1916</Realise_en>
		<Liste_des_auteurs>BERTHELÉ, Raoul</Liste_des_auteurs>
		<Type_Doc>NEGATIF N&amp;B</Type_Doc>
		<Support>VERRE</Support>
		<Technique>Photographie stéréo</Technique>
		<Format>4,5 x 10,7 cm</Format>
		<Cote>49Fi735</Cote>
		<Observations>Même cliché que le 49Fi1877/75</Observations>
		<Origine>Don Faucher-Berhelé entré le 10/11/1978.</Origine>
		<Droits_Repro>Domaine public</Droits_Repro>
		<subject>GUERRE 1914-1918;</subject>
		<geoname>FLEURY-SUR-AIRE (hameau);MEUSE (département);NUBECOURT (village);</geoname>
		<persname></persname>
		<corpname></corpname>
	</DocsFigures>
<DocsFigures>
		<Titre>Vaubécourt. Cloche de l&apos;église</Titre>
		<Analyse>Gros plan sur les cloches de l&apos;église de Vaubécourt (Meuse).
1916. 
Guerre 1914-1918.</Analyse>
		<Realise_en>1916</Realise_en>
		<Liste_des_auteurs>BERTHELÉ, Raoul</Liste_des_auteurs>
		<Type_Doc>NEGATIF N&amp;B</Type_Doc>
		<Support>VERRE</Support>
		<Technique>Photographie stéréo</Technique>
		<Format>4,5 x 10,7 cm</Format>
		<Cote>49Fi736</Cote>
		<Observations>Même cliché que le 49Fi1876/76.</Observations>
		<Origine>Don Faucher-Berhelé entré le 10/11/1978.</Origine>
		<Droits_Repro>Domaine public</Droits_Repro>
		<subject>EDIFICE CULTUEL;BIEN SINISTRE;GUERRE 1914-1918;</subject>
		<geoname>VAUBECOURT (village);MEUSE (département);</geoname>
		<persname></persname>
		<corpname></corpname>
	</DocsFigures>
<DocsFigures>
		<Titre>Villers-Daucourt. Gare 75 sur plate-forme</Titre>
		<Analyse>Canon de 75 chargé sur une plate-forme dans une  gare entre Villers-en-Argonne et Daucourt (Marne).
1916. 
Guerre 1914-1918.</Analyse>
		<Realise_en>1916</Realise_en>
		<Liste_des_auteurs>BERTHELÉ, Raoul</Liste_des_auteurs>
		<Type_Doc>NEGATIF N&amp;B</Type_Doc>
		<Support>VERRE</Support>
		<Technique>Photographie stéréo</Technique>
		<Format>4,5 x 10,7 cm</Format>
		<Cote>49Fi737</Cote>
		<Observations>Même cliché que le 49Fi1876/85.</Observations>
		<Origine>Don Faucher-Berhelé entré le 10/11/1978.</Origine>
		<Droits_Repro>Domaine public</Droits_Repro>
		<subject>GARE;GUERRE 1914-1918;</subject>
		<geoname>MARNE (département);VILLERS-EN-ARGONNE (village);</geoname>
		<persname></persname>
		<corpname></corpname>
	</DocsFigures>
<DocsFigures>
		<Titre>Vaubécourt. Cloche</Titre>
		<Analyse>Gros plan de la cloche de l&apos;église de Vaubécourt (Meuse).
1916. 
Guerre 1914-1918.</Analyse>
		<Realise_en>1916</Realise_en>
		<Liste_des_auteurs>BERTHELÉ, Raoul</Liste_des_auteurs>
		<Type_Doc>NEGATIF N&amp;B</Type_Doc>
		<Support>VERRE</Support>
		<Technique>Photographie stéréo</Technique>
		<Format>4,5 x 10,7 cm</Format>
		<Cote>49Fi738</Cote>
		<Observations>Même cliché que le 49Fi1876/79.</Observations>
		<Origine>Don Faucher-Berhelé entré le 10/11/1978.</Origine>
		<Droits_Repro>Domaine public</Droits_Repro>
		<subject>GUERRE 1914-1918;</subject>
		<geoname>VAUBECOURT (village);MEUSE (département);</geoname>
		<persname></persname>
		<corpname></corpname>
	</DocsFigures>
<DocsFigures>
		<Titre>Fleury. Escadrille V 101. R. B</Titre>
		<Analyse>Raoul Berthelé dans un avion de l&apos;escadrille V 101 à Fleury-sur-Aire (Meuse).
1916. 
Guerre 1914-1918.</Analyse>
		<Realise_en>1916</Realise_en>
		<Liste_des_auteurs>BERTHELÉ, Raoul</Liste_des_auteurs>
		<Type_Doc>NEGATIF N&amp;B</Type_Doc>
		<Support>VERRE</Support>
		<Technique>Photographie stéréo</Technique>
		<Format>4,5 x 10,7 cm</Format>
		<Cote>49Fi739</Cote>
		<Observations>Même cliché que le 49Fi1876/114.</Observations>
		<Origine>Don Faucher-Berhelé entré le 10/11/1978.</Origine>
		<Droits_Repro>Domaine public</Droits_Repro>
		<subject>GUERRE 1914-1918;</subject>
		<geoname>FLEURY-SUR-AIRE (hameau);MEUSE (département);NUBECOURT (village);</geoname>
		<persname>BERTHELE, Raoul;</persname>
		<corpname></corpname>
	</DocsFigures>
<DocsFigures>
		<Titre>Fleury. Tente dortoir des officiers de la 15/16</Titre>
		<Analyse>Officiers de l&apos;Ambulance 15/16 en train de manger dans une tente dortoir à Fleury-sur-Aire (Meuse).
1916. 
Guerre 1914-1918.</Analyse>
		<Realise_en>1916</Realise_en>
		<Liste_des_auteurs>BERTHELÉ, Raoul</Liste_des_auteurs>
		<Type_Doc>NEGATIF N&amp;B</Type_Doc>
		<Support>VERRE</Support>
		<Technique>Photographie stéréo</Technique>
		<Format>4,5 x 10,7 cm</Format>
		<Cote>49Fi740</Cote>
		<Observations>Même cliché que le 49Fi1876/95.</Observations>
		<Origine>Don Faucher-Berhelé entré le 10/11/1978.</Origine>
		<Droits_Repro>Domaine public</Droits_Repro>
		<subject>GUERRE 1914-1918;</subject>
		<geoname>FLEURY-SUR-AIRE (hameau);MEUSE (département);NUBECOURT (village);</geoname>
		<persname></persname>
		<corpname></corpname>
	</DocsFigures>
<DocsFigures>
		<Titre>Louppy-le-Château. Cloche</Titre>
		<Analyse>Gros plan sur la cloche de l&apos;église de Louppy-le-Château (Meuse).
1916. 
Guerre 1914-1918.</Analyse>
		<Realise_en>1916</Realise_en>
		<Liste_des_auteurs>BERTHELÉ, Raoul</Liste_des_auteurs>
		<Type_Doc>NEGATIF N&amp;B</Type_Doc>
		<Support>VERRE</Support>
		<Technique>Photographie stéréo</Technique>
		<Format>4,5 x 10,7 cm</Format>
		<Cote>49Fi741</Cote>
		<Observations>Même cliché que le 49Fi1876/77.</Observations>
		<Origine>Don Faucher-Berhelé entré le 10/11/1978.</Origine>
		<Droits_Repro>Domaine public</Droits_Repro>
		<subject>GUERRE 1914-1918;</subject>
		<geoname>MEUSE (département);LOUPPY-LE-CHATEAU (village);</geoname>
		<persname></persname>
		<corpname></corpname>
	</DocsFigures>
<DocsFigures>
		<Titre>Les Islettes. Maison du général</Titre>
		<Analyse>Maison du général qui a été bombardée dans la commune des Islettes (Meuse).
1916. 
Guerre 1914-1918.</Analyse>
		<Realise_en>1916</Realise_en>
		<Liste_des_auteurs>BERTHELÉ, Raoul</Liste_des_auteurs>
		<Type_Doc>NEGATIF N&amp;B</Type_Doc>
		<Support>VERRE</Support>
		<Technique>Photographie stéréo</Technique>
		<Format>4,5 x 10,7 cm</Format>
		<Cote>49Fi742</Cote>
		<Observations>Même cliché que le 49Fi1876/81.</Observations>
		<Origine>Don Faucher-Berhelé entré le 10/11/1978.</Origine>
		<Droits_Repro>Domaine public</Droits_Repro>
		<subject>GUERRE 1914-1918;</subject>
		<geoname>MEUSE (département);LES ISLETTES (village);</geoname>
		<persname></persname>
		<corpname></corpname>
	</DocsFigures>
<DocsFigures>
		<Titre>Les Islettes. Maison en ruine</Titre>
		<Analyse>Ruines d&apos;une maison dans la commune des Islettes (Meuse).
1916. 
Guerre 1914-1918.</Analyse>
		<Realise_en>1916</Realise_en>
		<Liste_des_auteurs>BERTHELÉ, Raoul</Liste_des_auteurs>
		<Type_Doc>NEGATIF N&amp;B</Type_Doc>
		<Support>VERRE</Support>
		<Technique>Photographie stéréo</Technique>
		<Format>4,5 x 10,7 cm</Format>
		<Cote>49Fi743</Cote>
		<Observations>Même cliché que le 49Fi1876/84.</Observations>
		<Origine>Don Faucher-Berhelé entré le 10/11/1978.</Origine>
		<Droits_Repro>Domaine public</Droits_Repro>
		<subject>COMMUNE;SINISTRE;BIEN SINISTRE;GUERRE 1914-1918;</subject>
		<geoname>MEUSE (département);LES ISLETTES (village);</geoname>
		<persname></persname>
		<corpname></corpname>
	</DocsFigures>
<DocsFigures>
		<Titre>Fleury. Escadrille VB 105. Caporal Brocquet</Titre>
		<Analyse>Le caporal Brocquet pose dans un avion de l&apos;Escadrille VB 105 à Fleury-sur-Aire (Meuse).
1916. 
Guerre 1914-1918.</Analyse>
		<Realise_en>1916</Realise_en>
		<Liste_des_auteurs>BERTHELÉ, Raoul</Liste_des_auteurs>
		<Type_Doc>NEGATIF N&amp;B</Type_Doc>
		<Support>VERRE</Support>
		<Technique>Photographie stéréo</Technique>
		<Format>4,5 x 10,7 cm</Format>
		<Cote>49Fi744</Cote>
		<Observations>Même cliché que le 49Fi1876/111.</Observations>
		<Origine>Don Faucher-Berhelé entré le 10/11/1978.</Origine>
		<Droits_Repro>Domaine public</Droits_Repro>
		<subject>GUERRE 1914-1918;</subject>
		<geoname>FLEURY-SUR-AIRE (hameau);MEUSE (département);NUBECOURT (village);</geoname>
		<persname></persname>
		<corpname></corpname>
	</DocsFigures>
<DocsFigures>
		<Titre>Beauzée (Meuse). Attelage landais</Titre>
		<Analyse>Vue d&apos;ensemble d&apos;un attelage landais à Beauzée-sur-Aire (Meuse).
1916. 
Guerre 1914-1918.</Analyse>
		<Realise_en>1916</Realise_en>
		<Liste_des_auteurs>BERTHELÉ, Raoul</Liste_des_auteurs>
		<Type_Doc>NEGATIF N&amp;B</Type_Doc>
		<Support>VERRE</Support>
		<Technique>Photographie stéréo</Technique>
		<Format>4,5 x 10,7 cm</Format>
		<Cote>49Fi745</Cote>
		<Observations>Même cliché que le 49Fi1876/36.</Observations>
		<Origine>Don Faucher-Berhelé entré le 10/11/1978.</Origine>
		<Droits_Repro>Domaine public</Droits_Repro>
		<subject>GUERRE 1914-1918;</subject>
		<geoname>MEUSE (département);BEAUZEE-SUR-AIRE (hameau);BEAUSITE (village);</geoname>
		<persname></persname>
		<corpname></corpname>
	</DocsFigures>
<DocsFigures>
		<Titre>[Ferme de Piemont]. Voiture à tubes d&apos;hydrogène</Titre>
		<Analyse>Vue d&apos;un voiture à tubes d&apos;hydrogènes à la ferme de Piemont sur la commune de Suippes (Marne).
1916. 
Guerre 1914-1918.</Analyse>
		<Realise_en>1916</Realise_en>
		<Liste_des_auteurs>BERTHELÉ, Raoul</Liste_des_auteurs>
		<Type_Doc>NEGATIF N&amp;B</Type_Doc>
		<Support>VERRE</Support>
		<Technique>Photographie stéréo</Technique>
		<Format>4,5 x 10,7 cm</Format>
		<Cote>49Fi746</Cote>
		<Observations>Même cliché que le 49Fi1876/35.</Observations>
		<Origine>Don Faucher-Berhelé entré le 10/11/1978.</Origine>
		<Droits_Repro>Domaine public</Droits_Repro>
		<subject>GUERRE 1914-1918;</subject>
		<geoname>SUIPPES (village);MARNE (département);</geoname>
		<persname></persname>
		<corpname></corpname>
	</DocsFigures>
<DocsFigures>
		<Titre>Les Islettes. Projecteur</Titre>
		<Analyse>Photo d&apos;un projecteur aux Islettes (Meuse).
1916. 
Guerre 1914-1918.</Analyse>
		<Realise_en>1916</Realise_en>
		<Liste_des_auteurs>BERTHELÉ, Raoul</Liste_des_auteurs>
		<Type_Doc>NEGATIF N&amp;B</Type_Doc>
		<Support>VERRE</Support>
		<Technique>Photographie stéréo</Technique>
		<Format>4,5 x 10,7 cm</Format>
		<Cote>49Fi747</Cote>
		<Observations>Même cliché que le 49Fi1876/80.</Observations>
		<Origine>Don Faucher-Berhelé entré le 10/11/1978.</Origine>
		<Droits_Repro>Domaine public</Droits_Repro>
		<subject>GUERRE 1914-1918;</subject>
		<geoname>MEUSE (département);LES ISLETTES (village);</geoname>
		<persname></persname>
		<corpname></corpname>
	</DocsFigures>
<DocsFigures>
		<Titre>Les Islettes. Projecteurs</Titre>
		<Analyse>Plan rapproché d&apos;un projecteur aux Islettes (Meuse).
1916. 
Guerre 1914-1918.</Analyse>
		<Realise_en>1916</Realise_en>
		<Liste_des_auteurs>BERTHELÉ, Raoul</Liste_des_auteurs>
		<Type_Doc>NEGATIF N&amp;B</Type_Doc>
		<Support>VERRE</Support>
		<Technique>Photographie stéréo</Technique>
		<Format>4,5 x 10,7 cm</Format>
		<Cote>49Fi748</Cote>
		<Observations>Même cliché que le 49Fi1876/83.</Observations>
		<Origine>Don Faucher-Berhelé entré le 10/11/1978.</Origine>
		<Droits_Repro>Domaine public</Droits_Repro>
		<subject>GUERRE 1914-1918;</subject>
		<geoname>MEUSE (département);LES ISLETTES (village);</geoname>
		<persname></persname>
		<corpname></corpname>
	</DocsFigures>
<DocsFigures>
		<Titre>Souhesmes. Cadavre de cheval</Titre>
		<Analyse>Vue d&apos;un cadavre d&apos;un cheval sous la neige près des Souhesmes (Meuse).
1916. 
Guerre 1914-1918.</Analyse>
		<Realise_en>1916</Realise_en>
		<Liste_des_auteurs>BERTHELÉ, Raoul</Liste_des_auteurs>
		<Type_Doc>NEGATIF N&amp;B</Type_Doc>
		<Support>VERRE</Support>
		<Technique>Photographie stéréo</Technique>
		<Format>4,5 x 10,7 cm</Format>
		<Cote>49Fi749</Cote>
		<Observations>Même cliché que le 49Fi1878/5</Observations>
		<Origine>Don Faucher-Berhelé entré le 10/11/1978.</Origine>
		<Droits_Repro>Domaine public</Droits_Repro>
		<subject>DECES;EQUIDE;INTEMPERIES;GUERRE 1914-1918;</subject>
		<geoname>SOUHESMES (LES) (hameau);MEUSE (département);SOUHESMES-RAMPONT (LES) (village);</geoname>
		<persname></persname>
		<corpname></corpname>
	</DocsFigures>
<DocsFigures>
		<Titre>Fontaine Bouton [Routon]. Buanderie mécanique</Titre>
		<Analyse>Buanderie mécanique  (Service de Santé) du caporal Bayol à Fontaine-Routon près des Souhesmes (Meuse).
1916. 
Guerre 1914-1918.</Analyse>
		<Realise_en>1916</Realise_en>
		<Liste_des_auteurs>BERTHELÉ, Raoul</Liste_des_auteurs>
		<Type_Doc>NEGATIF N&amp;B</Type_Doc>
		<Support>VERRE</Support>
		<Technique>Photographie stéréo</Technique>
		<Format>4,5 x 10,7 cm</Format>
		<Cote>49Fi750</Cote>
		<Observations>Même cliché que le 49Fi1878/8</Observations>
		<Origine>Don Faucher-Berhelé entré le 10/11/1978.</Origine>
		<Droits_Repro>Domaine public</Droits_Repro>
		<subject>GUERRE 1914-1918;</subject>
		<geoname>SOUHESMES (LES) (hameau);FONTAINE-ROUTON (lieu-dit);MEUSE (département);SOUHESMES-RAMPONT (LES) (village);</geoname>
		<persname></persname>
		<corpname></corpname>
	</DocsFigures>
<DocsFigures>
		<Titre>Fontaine Bouton [Routon]. Cimetière</Titre>
		<Analyse>Vue d&apos;ensemble d&apos;un cimetière sous la neige à Fontaine-Routon près des Souhesmes (Meuse).
1916. 
Guerre 1914-1918.</Analyse>
		<Realise_en>1916</Realise_en>
		<Liste_des_auteurs>BERTHELÉ, Raoul</Liste_des_auteurs>
		<Type_Doc>NEGATIF N&amp;B</Type_Doc>
		<Support>VERRE</Support>
		<Technique>Photographie stéréo</Technique>
		<Format>4,5 x 10,7 cm</Format>
		<Cote>49Fi751</Cote>
		<Observations>Même cliché que le 49Fi1878/17</Observations>
		<Origine>Don Faucher-Berhelé entré le 10/11/1978.</Origine>
		<Droits_Repro>Domaine public</Droits_Repro>
		<subject>CIMETIERE MILITAIRE;MORT POUR LA FRANCE;INTEMPERIES;GUERRE 1914-1918;</subject>
		<geoname>SOUHESMES (LES) (hameau);FONTAINE-ROUTON (lieu-dit);MEUSE (département);SOUHESMES-RAMPONT (LES) (village);</geoname>
		<persname></persname>
		<corpname></corpname>
	</DocsFigures>
<DocsFigures>
		<Titre>Fontaine Bouton [Routon]. Troupeau de bétail. Abreuvoir</Titre>
		<Analyse>Vue d&apos;ensemble d&apos;un troupeau à l&apos;abreuvoir par temps de neige à Fontaine-Routon près des Souhesmes (Meuse).
1916. 
Guerre 1914-1918.</Analyse>
		<Realise_en>1916</Realise_en>
		<Liste_des_auteurs>BERTHELÉ, Raoul</Liste_des_auteurs>
		<Type_Doc>NEGATIF N&amp;B</Type_Doc>
		<Support>VERRE</Support>
		<Technique>Photographie stéréo</Technique>
		<Format>4,5 x 10,7 cm</Format>
		<Cote>49Fi752</Cote>
		<Observations>Même cliché que les 49Fi1589, 49Fi1844 et 49Fi1878/7.</Observations>
		<Origine>Don Faucher-Berhelé entré le 10/11/1978.</Origine>
		<Droits_Repro>Domaine public</Droits_Repro>
		<subject>GUERRE 1914-1918;</subject>
		<geoname>SOUHESMES (LES) (hameau);FONTAINE-ROUTON (lieu-dit);MEUSE (département);SOUHESMES-RAMPONT (LES) (village);</geoname>
		<persname></persname>
		<corpname></corpname>
	</DocsFigures>
<DocsFigures>
		<Titre>Fontaine Bouton [Routon]. M. Vidal</Titre>
		<Analyse>Vue de M. Vidal en train de discuter avec un soldat à Fontaine-Routon près des Souhesmes (Meuse).
1916. 
Guerre 1914-1918.</Analyse>
		<Realise_en>1916</Realise_en>
		<Liste_des_auteurs>BERTHELÉ, Raoul</Liste_des_auteurs>
		<Type_Doc>NEGATIF N&amp;B</Type_Doc>
		<Support>VERRE</Support>
		<Technique>Photographie stéréo</Technique>
		<Format>4,5 x 10,7 cm</Format>
		<Cote>49Fi753</Cote>
		<Observations>Même cliché que le 49Fi1878/9</Observations>
		<Origine>Don Faucher-Berhelé entré le 10/11/1978.</Origine>
		<Droits_Repro>Domaine public</Droits_Repro>
		<subject>MILITAIRE;GUERRE 1914-1918;</subject>
		<geoname>SOUHESMES (LES) (hameau);FONTAINE-ROUTON (lieu-dit);MEUSE (département);SOUHESMES-RAMPONT (LES) (village);</geoname>
		<persname></persname>
		<corpname></corpname>
	</DocsFigures>
<DocsFigures>
		<Titre>Fontaine Bouton [Routon]. M. Vidal</Titre>
		<Analyse>Portrait en pied de M. Vidal à Fontaine-Routon près des Souhesmes (Meuse).
1916. 
Guerre 1914-1918.</Analyse>
		<Realise_en>1916</Realise_en>
		<Liste_des_auteurs>BERTHELÉ, Raoul</Liste_des_auteurs>
		<Type_Doc>NEGATIF N&amp;B</Type_Doc>
		<Support>VERRE</Support>
		<Technique>Photographie stéréo</Technique>
		<Format>4,5 x 10,7 cm</Format>
		<Cote>49Fi754</Cote>
		<Observations>Même cliché que le 49Fi1878/12</Observations>
		<Origine>Don Faucher-Berhelé entré le 10/11/1978.</Origine>
		<Droits_Repro>Domaine public</Droits_Repro>
		<subject>GUERRE 1914-1918;</subject>
		<geoname>SOUHESMES (LES) (hameau);FONTAINE-ROUTON (lieu-dit);MEUSE (département);SOUHESMES-RAMPONT (LES) (village);</geoname>
		<persname></persname>
		<corpname></corpname>
	</DocsFigures>
<DocsFigures>
		<Titre>Fontaine Bouton [Routon]. Goli</Titre>
		<Analyse>Portrait de Goli le chien à Fontaine-Routon près des Souhesmes (Meuse).
1916. 
Guerre 1914-1918.</Analyse>
		<Realise_en>1916</Realise_en>
		<Liste_des_auteurs>BERTHELÉ, Raoul</Liste_des_auteurs>
		<Type_Doc>NEGATIF N&amp;B</Type_Doc>
		<Support>VERRE</Support>
		<Technique>Photographie stéréo</Technique>
		<Format>4,5 x 10,7 cm</Format>
		<Cote>49Fi755</Cote>
		<Observations>Même cliché que les 49Fi1585 et 49Fi1878/16.</Observations>
		<Origine>Don Faucher-Berhelé entré le 10/11/1978.</Origine>
		<Droits_Repro>Domaine public</Droits_Repro>
		<subject>GUERRE 1914-1918;</subject>
		<geoname>SOUHESMES (LES) (hameau);FONTAINE-ROUTON (lieu-dit);MEUSE (département);SOUHESMES-RAMPONT (LES) (village);</geoname>
		<persname></persname>
		<corpname></corpname>
	</DocsFigures>
<DocsFigures>
		<Titre>Fontaine Bouton [Routon]. Vue d&apos;ensemble du centre hospitalier</Titre>
		<Analyse>Vue d&apos;ensemble du centre hospitalier de Fontaine-Routon près des Souhesmes (Meuse) sous la neige.
1916. 
Guerre 1914-1918.</Analyse>
		<Realise_en>1916</Realise_en>
		<Liste_des_auteurs>BERTHELÉ, Raoul</Liste_des_auteurs>
		<Type_Doc>NEGATIF N&amp;B</Type_Doc>
		<Support>VERRE</Support>
		<Technique>Photographie stéréo</Technique>
		<Format>4,5 x 10,7 cm</Format>
		<Cote>49Fi756</Cote>
		<Observations>Même cliché que le 49Fi1878/10</Observations>
		<Origine>Don Faucher-Berhelé entré le 10/11/1978.</Origine>
		<Droits_Repro>Domaine public</Droits_Repro>
		<subject>GUERRE 1914-1918;</subject>
		<geoname>SOUHESMES (LES) (hameau);FONTAINE-ROUTON (lieu-dit);MEUSE (département);SOUHESMES-RAMPONT (LES) (village);</geoname>
		<persname></persname>
		<corpname></corpname>
	</DocsFigures>
<DocsFigures>
		<Titre>Fontaine Bouton [Routon]. Source prise d&apos;eau</Titre>
		<Analyse>La cabane de la source pour la prise d&apos;eau par temps de neige à Fontaine-Routon près des Souhesmes (Meuse).
1916. 
Guerre 1914-1918.</Analyse>
		<Realise_en>1916</Realise_en>
		<Liste_des_auteurs>BERTHELÉ, Raoul</Liste_des_auteurs>
		<Type_Doc>NEGATIF N&amp;B</Type_Doc>
		<Support>VERRE</Support>
		<Technique>Photographie stéréo</Technique>
		<Format>4,5 x 10,7 cm</Format>
		<Cote>49Fi757</Cote>
		<Observations>Même cliché que le 49Fi1878/11
Même cliché que le 49Fi1845</Observations>
		<Origine>Don Faucher-Berhelé entré le 10/11/1978.</Origine>
		<Droits_Repro>Domaine public</Droits_Repro>
		<subject>GUERRE 1914-1918;</subject>
		<geoname>SOUHESMES (LES) (hameau);FONTAINE-ROUTON (lieu-dit);MEUSE (département);SOUHESMES-RAMPONT (LES) (village);</geoname>
		<persname></persname>
		<corpname></corpname>
	</DocsFigures>
<DocsFigures>
		<Titre>Dugny. Château Humbert. Cygne</Titre>
		<Analyse>Vue d&apos;un d&apos;un cygne dans le bassin du parc du château du sénateur Charles Humbert, P.C. du Général Herr, à Dugny-sur-Meuse (Meuse).
1916. 
Guerre 1914-1918.</Analyse>
		<Realise_en>1916</Realise_en>
		<Liste_des_auteurs>BERTHELÉ, Raoul</Liste_des_auteurs>
		<Type_Doc>NEGATIF N&amp;B</Type_Doc>
		<Support>VERRE</Support>
		<Technique>Photographie stéréo</Technique>
		<Format>4,5 x 10,7 cm</Format>
		<Cote>49Fi758</Cote>
		<Observations>Même cliché que les 49Fi1599 et 49Fi1878/3.</Observations>
		<Origine>Don Faucher-Berhelé entré le 10/11/1978.</Origine>
		<Droits_Repro>Domaine public</Droits_Repro>
		<subject>GUERRE 1914-1918;</subject>
		<geoname>MEUSE (département);DUGNY-SUR-MEUSE (village);</geoname>
		<persname></persname>
		<corpname></corpname>
	</DocsFigures>
<DocsFigures>
		<Titre>Dugny. Cygne</Titre>
		<Analyse>Cygne dans le bassin du château du sénateur Charles Humbert. P.C. du Général Herr,  à Dugny-sur-Meuse (Meuse).
1916. 
Guerre 1914-1918.</Analyse>
		<Realise_en>1916</Realise_en>
		<Liste_des_auteurs>BERTHELÉ, Raoul</Liste_des_auteurs>
		<Type_Doc>NEGATIF N&amp;B</Type_Doc>
		<Support>VERRE</Support>
		<Technique>Photographie stéréo</Technique>
		<Format>4,5 x 10,7 cm</Format>
		<Cote>49Fi759</Cote>
		<Observations>Même cliché que le 49Fi1878/6</Observations>
		<Origine>Don Faucher-Berhelé entré le 10/11/1978.</Origine>
		<Droits_Repro>Domaine public</Droits_Repro>
		<subject>GUERRE 1914-1918;</subject>
		<geoname>MEUSE (département);DUGNY-SUR-MEUSE (village);</geoname>
		<persname></persname>
		<corpname></corpname>
	</DocsFigures>
<DocsFigures>
		<Titre>Dugny. Cygne</Titre>
		<Analyse>Cygne dans le bassin du château du sénateur Charles Humbert, P.C. du Général Herr,  à Dugny-sur-Meuse (Meuse).
1916. 
Guerre 1914-1918.</Analyse>
		<Realise_en>1916</Realise_en>
		<Liste_des_auteurs>BERTHELÉ, Raoul</Liste_des_auteurs>
		<Type_Doc>NEGATIF N&amp;B</Type_Doc>
		<Support>VERRE</Support>
		<Technique>Photographie stéréo</Technique>
		<Format>4,5 x 10,7 cm</Format>
		<Cote>49Fi760</Cote>
		<Observations></Observations>
		<Origine>Don Faucher-Berhelé entré le 10/11/1978.</Origine>
		<Droits_Repro>Domaine public</Droits_Repro>
		<subject>GUERRE 1914-1918;</subject>
		<geoname>MEUSE (département);DUGNY-SUR-MEUSE (village);</geoname>
		<persname></persname>
		<corpname></corpname>
	</DocsFigures>
<DocsFigures>
		<Titre>Ferme de Jonchery. Ruines</Titre>
		<Analyse>Ruines de la Ferme de Jonchery, près de Jonchery-sur-Suippes (Marne).
191. 
Guerre 1914-1918.</Analyse>
		<Realise_en>1916</Realise_en>
		<Liste_des_auteurs>BERTHELÉ, Raoul</Liste_des_auteurs>
		<Type_Doc>NEGATIF N&amp;B</Type_Doc>
		<Support>VERRE</Support>
		<Technique>Photographie stéréo</Technique>
		<Format>4,5 x 10,7 cm</Format>
		<Cote>49Fi761</Cote>
		<Observations>Même cliché que le 49Fi1875/121.
La partie haute de la plaque est abimée.</Observations>
		<Origine>Don Faucher-Berhelé entré le 10/11/1978.</Origine>
		<Droits_Repro>Domaine public</Droits_Repro>
		<subject>BATIMENT AGRICOLE;SINISTRE;BIEN SINISTRE;GUERRE 1914-1918;</subject>
		<geoname>MARNE (département);JONCHERY-SUR-SUIPPE (village);</geoname>
		<persname></persname>
		<corpname></corpname>
	</DocsFigures>
<DocsFigures>
		<Titre>Jonchery. Fils de fer</Titre>
		<Analyse>Vue d&apos;un terrain jonché de fils de fer barbelés près de Jonchery-sur-Suippe (Marne). 
1916. 
Guerre 1914-1918.</Analyse>
		<Realise_en>1916</Realise_en>
		<Liste_des_auteurs>BERTHELÉ, Raoul</Liste_des_auteurs>
		<Type_Doc>NEGATIF N&amp;B</Type_Doc>
		<Support>VERRE</Support>
		<Technique>Photographie stéréo</Technique>
		<Format>4,5 x 10,7 cm</Format>
		<Cote>49Fi762</Cote>
		<Observations>Même cliché que le 49Fi1875/23.</Observations>
		<Origine>Don Faucher-Berhelé entré le 10/11/1978.</Origine>
		<Droits_Repro>Domaine public</Droits_Repro>
		<subject>GUERRE 1914-1918;</subject>
		<geoname>MARNE (département);JONCHERY-SUR-SUIPPE (village);</geoname>
		<persname></persname>
		<corpname></corpname>
	</DocsFigures>
<DocsFigures>
		<Titre>Ferme de Jonchery. Ruines. Cantonnement</Titre>
		<Analyse>Vue des ruines de la ferme de Jonchery servant d&apos;abri pour les soldats, près de Jonchery-sur-Suippes (Marne).
1916. 
Guerre 1914-1918.</Analyse>
		<Realise_en>1916</Realise_en>
		<Liste_des_auteurs>BERTHELÉ, Raoul</Liste_des_auteurs>
		<Type_Doc>NEGATIF N&amp;B</Type_Doc>
		<Support>VERRE</Support>
		<Technique>Photographie stéréo</Technique>
		<Format>4,5 x 10,7 cm</Format>
		<Cote>49Fi763</Cote>
		<Observations>Même cliché que le 49Fi1875/124.</Observations>
		<Origine>Don Faucher-Berhelé entré le 10/11/1978.</Origine>
		<Droits_Repro>Domaine public</Droits_Repro>
		<subject>MILITAIRE;ABRI;BATIMENT AGRICOLE;SINISTRE;BIEN SINISTRE;GUERRE 1914-1918;</subject>
		<geoname>MARNE (département);JONCHERY-SUR-SUIPPE (village);</geoname>
		<persname></persname>
		<corpname></corpname>
	</DocsFigures>
<DocsFigures>
		<Titre>Ferme [de Vadenay]. Ballon [cerf-volant] à terre</Titre>
		<Analyse>Vue d&apos;un ballon captif de type Drachen à terre dans la ferme de Vadenay (Marne) au camp de Châlons-en-Champagne.
1916. 
Guerre 1914-1918.</Analyse>
		<Realise_en>1916</Realise_en>
		<Liste_des_auteurs>BERTHELÉ, Raoul</Liste_des_auteurs>
		<Type_Doc>NEGATIF N&amp;B</Type_Doc>
		<Support>VERRE</Support>
		<Technique>Photographie stéréo</Technique>
		<Format>4,5 x 10,7 cm</Format>
		<Cote>49Fi764</Cote>
		<Observations>Papier collé sur gélatine</Observations>
		<Origine>Don Faucher-Berhelé entré le 10/11/1978.</Origine>
		<Droits_Repro>Domaine public</Droits_Repro>
		<subject>GUERRE 1914-1918;</subject>
		<geoname>MARNE (département);VADENAY (village);</geoname>
		<persname></persname>
		<corpname></corpname>
	</DocsFigures>
<DocsFigures>
		<Titre>Cuperly. Cuisine.R. B. Brunel et Sévajols</Titre>
		<Analyse>MM. Berthelé, Brunel, Jugnot et Sévajols posent devant la cuisine des officiers de l&apos;Ambulance à Cuperly (Marne).
1916. 
Guerre 1914-1918.</Analyse>
		<Realise_en>1916</Realise_en>
		<Liste_des_auteurs>BERTHELÉ, Raoul</Liste_des_auteurs>
		<Type_Doc>NEGATIF N&amp;B</Type_Doc>
		<Support>VERRE</Support>
		<Technique>Photographie stéréo</Technique>
		<Format>4,5 x 10,7 cm</Format>
		<Cote>49Fi765</Cote>
		<Observations>Le papier collé sur la gélatine rend la partie haute de la plaque inutilisable.
Même cliché que le 49Fi1875/101.</Observations>
		<Origine>Don Faucher-Berhelé entré le 10/11/1978.</Origine>
		<Droits_Repro>Domaine public</Droits_Repro>
		<subject>GUERRE 1914-1918;</subject>
		<geoname>CUPERLY (village);MARNE (département);</geoname>
		<persname></persname>
		<corpname></corpname>
	</DocsFigures>
<DocsFigures>
		<Titre>Ferme [de Vadenay] . Ballon [Drachen]. Nacelle [?]</Titre>
		<Analyse>Vue d&apos;un ballon captif de type Drachen à terre à la ferme de Vadenay (Marne) au camp de Châlons-en-Champagne. 
1916.
Guerre 1914-1918.
Les soldats s&apos;affairent autour de la nacelle.</Analyse>
		<Realise_en>1916</Realise_en>
		<Liste_des_auteurs>BERTHELÉ, Raoul</Liste_des_auteurs>
		<Type_Doc>NEGATIF N&amp;B</Type_Doc>
		<Support>VERRE</Support>
		<Technique>Photographie stéréo</Technique>
		<Format>4,5 x 10,7 cm</Format>
		<Cote>49Fi766</Cote>
		<Observations>Le papier collé sur la gélatine rend la plaque  inutilisable.
Même cliché que le 49Fi18975/108.</Observations>
		<Origine>Don Faucher-Berhelé entré le 10/11/1978.</Origine>
		<Droits_Repro>Domaine public</Droits_Repro>
		<subject>MILITAIRE;GUERRE 1914-1918;</subject>
		<geoname>MARNE (département);VADENAY (village);</geoname>
		<persname></persname>
		<corpname></corpname>
	</DocsFigures>
<DocsFigures>
		<Titre>Ferme de Vadenay. Ballon Dracken</Titre>
		<Analyse>Vue d&apos;un ballon captif de type Drachen en vol au dessus de la ferme de Vadenay (Marne) au camp de Châlons-en-Champagne. 
1916.
Guerre 1914-1918.
On aperçoit distinctement la nacelle sous le ballon.</Analyse>
		<Realise_en>1916</Realise_en>
		<Liste_des_auteurs>BERTHELÉ, Raoul</Liste_des_auteurs>
		<Type_Doc>NEGATIF N&amp;B</Type_Doc>
		<Support>VERRE</Support>
		<Technique>Photographie stéréo</Technique>
		<Format>4,5 x 10,7 cm</Format>
		<Cote>49Fi767</Cote>
		<Observations>Le papier collé sur la gélatine rend la plaque presque inutilisable.
Même cliché que le 49Fi1875/107.</Observations>
		<Origine>Don Faucher-Berhelé entré le 10/11/1978.</Origine>
		<Droits_Repro>Domaine public</Droits_Repro>
		<subject>GUERRE 1914-1918;</subject>
		<geoname>MARNE (département);VADENAY (village);</geoname>
		<persname></persname>
		<corpname></corpname>
	</DocsFigures>
<DocsFigures>
		<Titre>Ferme de Vadenay. Ballon Dracken</Titre>
		<Analyse>Vue d&apos;un ballon captif de type Drachen en vol au dessus de la ferme de Vadenay (Marne) au camp de Châlons-en-Champagne.
1916.
Guerre 1914-1918.</Analyse>
		<Realise_en>1916</Realise_en>
		<Liste_des_auteurs>BERTHELÉ, Raoul</Liste_des_auteurs>
		<Type_Doc>NEGATIF N&amp;B</Type_Doc>
		<Support>VERRE</Support>
		<Technique>Photographie stéréo</Technique>
		<Format>4,5 x 10,7 cm</Format>
		<Cote>49Fi768</Cote>
		<Observations>Le papier collé sur la gélatine rend la plaque presque inutilisable.
Même cliché que le 49Fi1875/105.</Observations>
		<Origine>Don Faucher-Berhelé entré le 10/11/1978.</Origine>
		<Droits_Repro>Domaine public</Droits_Repro>
		<subject>GUERRE 1914-1918;</subject>
		<geoname>MARNE (département);VADENAY (village);</geoname>
		<persname></persname>
		<corpname></corpname>
	</DocsFigures>
<DocsFigures>
		<Titre>Ferme de Vadenay. Ballon Dracken</Titre>
		<Analyse>Vue d&apos;un ballon captif de type Drachen en vol au dessus de la ferme de Vadenay (Marne) au camp de Châlons-en-Champagne.
1916.
Guerre 1914-1918.</Analyse>
		<Realise_en>1916</Realise_en>
		<Liste_des_auteurs>BERTHELÉ, Raoul</Liste_des_auteurs>
		<Type_Doc>NEGATIF N&amp;B</Type_Doc>
		<Support>VERRE</Support>
		<Technique>Photographie stéréo</Technique>
		<Format>4,5 x 10,7 cm</Format>
		<Cote>49Fi769</Cote>
		<Observations>Le papier collé sur la  gélatine rend la plaque presque inutilisable.
Même cliché que le 49Fi1875/104.</Observations>
		<Origine>Don Faucher-Berhelé entré le 10/11/1978.</Origine>
		<Droits_Repro>Domaine public</Droits_Repro>
		<subject>GUERRE 1914-1918;</subject>
		<geoname>MARNE (département);VADENAY (village);</geoname>
		<persname></persname>
		<corpname></corpname>
	</DocsFigures>
<DocsFigures>
		<Titre>La Cheppe. Obus allemand. Obus à moitié éclaté</Titre>
		<Analyse>Vue de deux obus touvés près de La Cheppe (Marne).
1916.
Guerre 1914-1918.
Le premier est allemand,  le deuxième à moitié éclaté est Français  (à droite).</Analyse>
		<Realise_en>1916</Realise_en>
		<Liste_des_auteurs>BERTHELÉ, Raoul</Liste_des_auteurs>
		<Type_Doc>NEGATIF N&amp;B</Type_Doc>
		<Support>VERRE</Support>
		<Technique>Photographie stéréo</Technique>
		<Format>4,5 x 10,7 cm</Format>
		<Cote>49Fi770</Cote>
		<Observations>Le papier collé sur gélatine rend la plaque inutilisable.
Même cliché que le 49Fi1875/66.</Observations>
		<Origine>Don Faucher-Berhelé entré le 10/11/1978.</Origine>
		<Droits_Repro>Domaine public</Droits_Repro>
		<subject>GUERRE 1914-1918;</subject>
		<geoname>LA CHEPPE (village);MARNE (département);</geoname>
		<persname></persname>
		<corpname></corpname>
	</DocsFigures>
<DocsFigures>
		<Titre>Ferme de Vadenay. Mitrailleuse [Hotchkiss] protegeant [?]</Titre>
		<Analyse>Vue d&apos;un artilleur et d&apos;un mitrailleuse Hotchkiss dans la ferme de Vadenay (Marne) au camp de Châlons-en-Champagne.
1916. 
Guerre 1914-1918.</Analyse>
		<Realise_en>1916</Realise_en>
		<Liste_des_auteurs>BERTHELÉ, Raoul</Liste_des_auteurs>
		<Type_Doc>NEGATIF N&amp;B</Type_Doc>
		<Support>VERRE</Support>
		<Technique>Photographie stéréo</Technique>
		<Format>4,5 x 10,7 cm</Format>
		<Cote>49Fi771</Cote>
		<Observations>Papier collé sur gélatine.
Même cliché que le 1875/103.</Observations>
		<Origine>Don Faucher-Berhelé entré le 10/11/1978.</Origine>
		<Droits_Repro>Domaine public</Droits_Repro>
		<subject>GUERRE 1914-1918;</subject>
		<geoname>MARNE (département);VADENAY (village);</geoname>
		<persname></persname>
		<corpname></corpname>
	</DocsFigures>
<DocsFigures>
		<Titre>Ferme de Vadenay. Voiture  auto-treuil</Titre>
		<Analyse>Vue d&apos;une voiture auto-treuil d&apos;un ballon captif de type Drachen stationnée dans la ferme de Vadenay (Marne) au camp de Châlons-en-Champagne.
1916. 
Guerre 1914-1918.</Analyse>
		<Realise_en>1916</Realise_en>
		<Liste_des_auteurs>BERTHELÉ, Raoul</Liste_des_auteurs>
		<Type_Doc>NEGATIF N&amp;B</Type_Doc>
		<Support>VERRE</Support>
		<Technique>Photographie stéréo</Technique>
		<Format>4,5 x 10,7 cm</Format>
		<Cote>49Fi772</Cote>
		<Observations>Papier collé sur gélatine.
Même cliché que le 49Fi1875/106.</Observations>
		<Origine>Don Faucher-Berhelé entré le 10/11/1978.</Origine>
		<Droits_Repro>Domaine public</Droits_Repro>
		<subject>GUERRE 1914-1918;</subject>
		<geoname>MARNE (département);VADENAY (village);</geoname>
		<persname></persname>
		<corpname></corpname>
	</DocsFigures>
<DocsFigures>
		<Titre>La Cheppe. Mitrailleuse Hotchkiss</Titre>
		<Analyse>Vue d&apos;un groupe d&apos;artilleurs et d&apos;une mitrailleuse Hotchkiss près de La Cheppe (Marne).
1916. 
Guerre 1914-1918.</Analyse>
		<Realise_en>1916</Realise_en>
		<Liste_des_auteurs>BERTHELÉ, Raoul</Liste_des_auteurs>
		<Type_Doc>NEGATIF N&amp;B</Type_Doc>
		<Support>VERRE</Support>
		<Technique>Photographie stéréo</Technique>
		<Format>4,5 x 10,7 cm</Format>
		<Cote>49Fi773</Cote>
		<Observations>Le papier collé sur la gélatine rend la partie haute de la plaque inutilisable.
Même cliché que le 49Fi1875/81.</Observations>
		<Origine>Don Faucher-Berhelé entré le 10/11/1978.</Origine>
		<Droits_Repro>Domaine public</Droits_Repro>
		<subject>GUERRE 1914-1918;</subject>
		<geoname>LA CHEPPE (village);MARNE (département);</geoname>
		<persname></persname>
		<corpname></corpname>
	</DocsFigures>
<DocsFigures>
		<Titre>La Cheppe. Lance-bombe</Titre>
		<Analyse>Vue d&apos;un lance-bombe &quot;Sauterelle&quot;  près de La Cheppe (Marne).
1916. 
Guerre 1914-1918.</Analyse>
		<Realise_en>1916</Realise_en>
		<Liste_des_auteurs>BERTHELÉ, Raoul</Liste_des_auteurs>
		<Type_Doc>NEGATIF N&amp;B</Type_Doc>
		<Support>VERRE</Support>
		<Technique>Photographie stéréo</Technique>
		<Format>4,5 x 10,7 cm</Format>
		<Cote>49Fi774</Cote>
		<Observations>Le papier collé sur la gélatine rend la plaque partiellement inutilisable.
Même cliché que le 49Fi1875/69.</Observations>
		<Origine>Don Faucher-Berhelé entré le 10/11/1978.</Origine>
		<Droits_Repro>Domaine public</Droits_Repro>
		<subject>GUERRE 1914-1918;</subject>
		<geoname>LA CHEPPE (village);MARNE (département);</geoname>
		<persname></persname>
		<corpname></corpname>
	</DocsFigures>
<DocsFigures>
		<Titre>La Cheppe. Lance bombe.</Titre>
		<Analyse>Vue d&apos;un lance-bombe près de La Cheppe (Marne).
1916. 
Guerre 1914-1918.</Analyse>
		<Realise_en>1916</Realise_en>
		<Liste_des_auteurs>BERTHELÉ, Raoul</Liste_des_auteurs>
		<Type_Doc>NEGATIF N&amp;B</Type_Doc>
		<Support>VERRE</Support>
		<Technique>Photographie stéréo</Technique>
		<Format>4,5 x 10,7 cm</Format>
		<Cote>49Fi775</Cote>
		<Observations>Le papier collé sur la gélatine rend la plaque inutilisable.
Même cliché que le 49Fi1875/72.</Observations>
		<Origine>Don Faucher-Berhelé entré le 10/11/1978.</Origine>
		<Droits_Repro>Domaine public</Droits_Repro>
		<subject>GUERRE 1914-1918;</subject>
		<geoname>LA CHEPPE (village);MARNE (département);</geoname>
		<persname></persname>
		<corpname></corpname>
	</DocsFigures>
<DocsFigures>
		<Titre>La Cheppe. Camp d&apos;Attila. Groupe d&apos;artilleurs</Titre>
		<Analyse>Photo d&apos;un groupe d&apos;artilleurs au camp d&apos;Attila près de La Cheppe (Marne).
1916. 
Guerre 1914-1918.</Analyse>
		<Realise_en>1916</Realise_en>
		<Liste_des_auteurs>BERTHELÉ, Raoul</Liste_des_auteurs>
		<Type_Doc>NEGATIF N&amp;B</Type_Doc>
		<Support>VERRE</Support>
		<Technique>Photographie stéréo</Technique>
		<Format>4,5 x 10,7 cm</Format>
		<Cote>49Fi776</Cote>
		<Observations>Papier collé sur la gélatine gélatine rendant la plaque inutilisable.
Même cliché que le 49Fi1875/58.</Observations>
		<Origine>Don Faucher-Berhelé entré le 10/11/1978.</Origine>
		<Droits_Repro>Domaine public</Droits_Repro>
		<subject>GUERRE 1914-1918;</subject>
		<geoname>LA CHEPPE (village);MARNE (département);</geoname>
		<persname></persname>
		<corpname></corpname>
	</DocsFigures>
<DocsFigures>
		<Titre>Cuperly. Obus de 370</Titre>
		<Analyse>Obus de 370 chargés sur une plate-forme en gare de Cuperly (Marne).
1916. 
Guerre 1914-1918.</Analyse>
		<Realise_en>1916</Realise_en>
		<Liste_des_auteurs>BERTHELÉ, Raoul</Liste_des_auteurs>
		<Type_Doc>NEGATIF N&amp;B</Type_Doc>
		<Support>VERRE</Support>
		<Technique>Photographie stéréo</Technique>
		<Format>4,5 x 10,7 cm</Format>
		<Cote>49Fi777</Cote>
		<Observations>Le papier collé sur la  gélatine rend la plaque presque inutilisable.
Même cliché que le 49Fi1875/116.</Observations>
		<Origine>Don Faucher-Berhelé entré le 10/11/1978.</Origine>
		<Droits_Repro>Domaine public</Droits_Repro>
		<subject>GARE;GUERRE 1914-1918;</subject>
		<geoname>CUPERLY (village);MARNE (département);</geoname>
		<persname></persname>
		<corpname></corpname>
	</DocsFigures>
<DocsFigures>
		<Titre>Jonchery. Fils de fer barbelés</Titre>
		<Analyse>Vue d&apos;un terrain jonché de fils de fer barbelés près de Jonchery-sur-Suippe (Marne). 
1916. 
Guerre 1914-1918.</Analyse>
		<Realise_en>1916</Realise_en>
		<Liste_des_auteurs>BERTHELÉ, Raoul</Liste_des_auteurs>
		<Type_Doc>NEGATIF N&amp;B</Type_Doc>
		<Support>VERRE</Support>
		<Technique>Photographie stéréo</Technique>
		<Format>4,5 x 10,7 cm</Format>
		<Cote>49Fi778</Cote>
		<Observations>Papier collé sur la gélatine dans la partie haute de la plaque..
Même cliché que le 49Fi1875/126.</Observations>
		<Origine>Don Faucher-Berhelé entré le 10/11/1978.</Origine>
		<Droits_Repro>Domaine public</Droits_Repro>
		<subject>GUERRE 1914-1918;</subject>
		<geoname>MARNE (département);JONCHERY-SUR-SUIPPE (village);</geoname>
		<persname></persname>
		<corpname></corpname>
	</DocsFigures>
<DocsFigures>
		<Titre>Gare de Saleux. 3e chasseur d&apos;Afrique. [Ravitaillement]</Titre>
		<Analyse>Vue de voitures de ravitaillement du 3e régiment de chasseur d&apos;Afrique en gare de Saleux (Somme).
avril-juin 1915. 
Guerre 1914-1918.</Analyse>
		<Realise_en>1915</Realise_en>
		<Liste_des_auteurs>BERTHELÉ, Raoul</Liste_des_auteurs>
		<Type_Doc>Positif N&amp;B</Type_Doc>
		<Support>VERRE</Support>
		<Technique>Photographie stéréo</Technique>
		<Format>4,5 x 10,7 cm</Format>
		<Cote>49Fi779</Cote>
		<Observations>Même cliché que les 49Fi832 et 49Fi1872/56.</Observations>
		<Origine>Don Faucher-Berhelé entré le 10/11/1978.</Origine>
		<Droits_Repro>Domaine public</Droits_Repro>
		<subject>RAVITAILLEMENT;MILITAIRE;VEHICULE A TRACTION ANIMALE;GUERRE 1914-1918;</subject>
		<geoname>SALEUX (ville);SOMME (département);</geoname>
		<persname></persname>
		<corpname></corpname>
	</DocsFigures>
<DocsFigures>
		<Titre>Saleux. Goumier</Titre>
		<Analyse>Portrait à cheval d&apos;un Goumier lors du passage de son régiment à Saleux (Somme).
Mai-Juin 1915. 
Guerre 1914-1918.</Analyse>
		<Realise_en>1915</Realise_en>
		<Liste_des_auteurs>BERTHELÉ, Raoul</Liste_des_auteurs>
		<Type_Doc>Positif N&amp;B</Type_Doc>
		<Support>VERRE</Support>
		<Technique>Photographie stéréo</Technique>
		<Format>4,5 x 10,7 cm</Format>
		<Cote>49Fi780</Cote>
		<Observations>Même cliché que 49Fi822.</Observations>
		<Origine>Don Faucher-Berhelé entré le 10/11/1978.</Origine>
		<Droits_Repro>Domaine public</Droits_Repro>
		<subject>COLONIE;EQUIDE;TRANSPORT PAR ANIMAL;MILITAIRE;GUERRE 1914-1918;</subject>
		<geoname>SALEUX (ville);SOMME (département);</geoname>
		<persname></persname>
		<corpname></corpname>
	</DocsFigures>
<DocsFigures>
		<Titre>Cuperly. HOE. Auto pour couper les fils de fer</Titre>
		<Analyse>Vue d&apos;une voiture qui sert à ouvrir le passage dans les no man&apos;s land.
Photo prise à l&apos;hôpital d&apos;évacuation de Cuperly (Marne).
1915. 
Guerre 1914-1918.</Analyse>
		<Realise_en>1915</Realise_en>
		<Liste_des_auteurs>BERTHELÉ, Raoul</Liste_des_auteurs>
		<Type_Doc>NEGATIF N&amp;B</Type_Doc>
		<Support>VERRE</Support>
		<Technique>Photographie stéréo</Technique>
		<Format>4,5 x 10,7 cm</Format>
		<Cote>49Fi781</Cote>
		<Observations>Même cliché que le 49fi1875/128.</Observations>
		<Origine>Don Faucher-Berhelé entré le 10/11/1978.</Origine>
		<Droits_Repro>Domaine public</Droits_Repro>
		<subject>VEHICULE AUTOMOBILE;SERVICE SANITAIRE MILITAIRE;MILITAIRE;OPERATION MILITAIRE;GUERRE 1914-1918;</subject>
		<geoname>CUPERLY (village);MARNE (département);</geoname>
		<persname></persname>
		<corpname></corpname>
	</DocsFigures>
<DocsFigures>
		<Titre>Saleux. Passage de goumiers</Titre>
		<Analyse>Vue de goumiers lors de leur passage à Saleux (Somme).
Mai-juin 1915.
Guerre 1914-1918.</Analyse>
		<Realise_en>1915</Realise_en>
		<Liste_des_auteurs>BERTHELÉ, Raoul</Liste_des_auteurs>
		<Type_Doc>NEGATIF N&amp;B</Type_Doc>
		<Support>VERRE</Support>
		<Technique>Photographie stéréo</Technique>
		<Format>4,5 x 10,7 cm</Format>
		<Cote>49Fi782</Cote>
		<Observations>Le haut de la plaque est trés abîmé.
Même cliché que le 49Fi1870/17.</Observations>
		<Origine>Don Faucher-Berhelé entré le 10/11/1978.</Origine>
		<Droits_Repro>Domaine public</Droits_Repro>
		<subject>COLONIE;MILITAIRE;EQUIDE;TRANSPORT PAR ANIMAL;GUERRE 1914-1918;</subject>
		<geoname>SALEUX (ville);SOMME (département);</geoname>
		<persname></persname>
		<corpname></corpname>
	</DocsFigures>
<DocsFigures>
		<Titre>Cuperly. R.B. Retour de l&apos;approvisionnement</Titre>
		<Analyse>Vue de Raoul Berthelé conduisant une charette revenant de l&apos;approvisionnement à Cuperly (Marne).
Juin 1915. 
Guerre 1914-1918.</Analyse>
		<Realise_en>1915</Realise_en>
		<Liste_des_auteurs>BERTHELÉ, Raoul</Liste_des_auteurs>
		<Type_Doc>Positif N&amp;B</Type_Doc>
		<Support>VERRE</Support>
		<Technique>Photographie stéréo</Technique>
		<Format>4,5 x 10,7 cm</Format>
		<Cote>49Fi783</Cote>
		<Observations>Même cliché que les 49Fi58 et 49Fi1859/1.</Observations>
		<Origine>Don Faucher-Berhelé entré le 10/11/1978.</Origine>
		<Droits_Repro>Domaine public</Droits_Repro>
		<subject>GUERRE 1914-1918;</subject>
		<geoname>CUPERLY (village);MARNE (département);</geoname>
		<persname>BERTHELE, Raoul;</persname>
		<corpname></corpname>
	</DocsFigures>
<DocsFigures>
		<Titre>Saleux. Passage du 4e d&apos;artillerie</Titre>
		<Analyse>Passage du 4e régiment d&apos;artillerie à Saleux (Somme).
1915. 
Guerre 1914-1918.</Analyse>
		<Realise_en>1915</Realise_en>
		<Liste_des_auteurs>BERTHELÉ, Raoul</Liste_des_auteurs>
		<Type_Doc>NEGATIF N&amp;B</Type_Doc>
		<Support>VERRE</Support>
		<Technique>Photographie stéréo</Technique>
		<Format>4,5 x 10,7 cm</Format>
		<Cote>49Fi784</Cote>
		<Observations></Observations>
		<Origine>Don Faucher-Berhelé entré le 10/11/1978.</Origine>
		<Droits_Repro>Domaine public</Droits_Repro>
		<subject>GUERRE 1914-1918;</subject>
		<geoname>SALEUX (ville);SOMME (département);</geoname>
		<persname></persname>
		<corpname></corpname>
	</DocsFigures>
<DocsFigures>
		<Titre>Cuperly. Biplan Nieuport</Titre>
		<Analyse>Vue d&apos;un avion (biplan Nieuport) en plein vol dans le ciel de Cuperly (Marne).
1915.
Guerre 1914-1918.</Analyse>
		<Realise_en>1915</Realise_en>
		<Liste_des_auteurs>BERTHELÉ, Raoul</Liste_des_auteurs>
		<Type_Doc>Positif N&amp;B</Type_Doc>
		<Support>VERRE</Support>
		<Technique>Photographie stéréo</Technique>
		<Format>4,5 x 10,7 cm</Format>
		<Cote>49Fi785</Cote>
		<Observations>Plaque positive de la 49Fi628.</Observations>
		<Origine>Don Faucher-Berhelé entré le 10/11/1978.</Origine>
		<Droits_Repro>Domaine public</Droits_Repro>
		<subject>GUERRE 1914-1918;</subject>
		<geoname>CUPERLY (village);MARNE (département);</geoname>
		<persname></persname>
		<corpname></corpname>
	</DocsFigures>
<DocsFigures>
		<Titre>Cuperly. Blessés allemands</Titre>
		<Analyse>Deux prisonniers transportent un blessé allemand sous la surveillance d&apos;un officier français à l&apos;hôpital d&apos;évacuation de Cuperly (Marne).
Entre 1915 et 1916. 
Guerre 1914-1918.</Analyse>
		<Realise_en></Realise_en>
		<Liste_des_auteurs>BERTHELÉ, Raoul</Liste_des_auteurs>
		<Type_Doc>Positif N&amp;B</Type_Doc>
		<Support>VERRE</Support>
		<Technique>Photographie stéréo</Technique>
		<Format>4,5 x 10,7 cm</Format>
		<Cote>49Fi786</Cote>
		<Observations>Même cliché que le 49Fi1879/78.</Observations>
		<Origine>Don Faucher-Berhelé entré le 10/11/1978.</Origine>
		<Droits_Repro>Domaine public</Droits_Repro>
		<subject>SERVICE SANITAIRE MILITAIRE;PRISONNIER DE GUERRE;OFFICIER MILITAIRE;MILITAIRE;VICTIME DE GUERRE;ETRANGER;GUERRE 1914-1918;</subject>
		<geoname>CUPERLY (village);MARNE (département);</geoname>
		<persname></persname>
		<corpname></corpname>
	</DocsFigures>
<DocsFigures>
		<Titre>Cuperly. Campement dans le bois</Titre>
		<Analyse>Vue d&apos;un campement dans un bois et des soldats qui le composent dans les environs de Cuperly (Marne).
Entre 1915 et 1916. 
Guerre 1914-1918.</Analyse>
		<Realise_en></Realise_en>
		<Liste_des_auteurs>BERTHELÉ, Raoul</Liste_des_auteurs>
		<Type_Doc>Positif N&amp;B</Type_Doc>
		<Support>VERRE</Support>
		<Technique>Photographie stéréo</Technique>
		<Format>4,5 x 10,7 cm</Format>
		<Cote>49Fi787</Cote>
		<Observations></Observations>
		<Origine>Don Faucher-Berhelé entré le 10/11/1978.</Origine>
		<Droits_Repro>Domaine public</Droits_Repro>
		<subject>MILITAIRE;GUERRE 1914-1918;</subject>
		<geoname>CUPERLY (village);MARNE (département);</geoname>
		<persname></persname>
		<corpname></corpname>
	</DocsFigures>
<DocsFigures>
		<Titre>Cuperly. Popote de la 15/16. Photo [?] My</Titre>
		<Analyse>Popote des officiers de l&apos;Ambulance 15/16 de Cuperly (Marne).
Entre 1915 et 1916. 
Guerre 1914-1918.</Analyse>
		<Realise_en></Realise_en>
		<Liste_des_auteurs>BERTHELÉ, Raoul</Liste_des_auteurs>
		<Type_Doc>NEGATIF N&amp;B</Type_Doc>
		<Support>VERRE</Support>
		<Technique>Photographie stéréo</Technique>
		<Format>4,5 x 10,7 cm</Format>
		<Cote>49Fi788</Cote>
		<Observations></Observations>
		<Origine>Don Faucher-Berhelé entré le 10/11/1978.</Origine>
		<Droits_Repro>Domaine public</Droits_Repro>
		<subject>GUERRE 1914-1918;</subject>
		<geoname>CUPERLY (village);MARNE (département);</geoname>
		<persname></persname>
		<corpname></corpname>
	</DocsFigures>
<DocsFigures>
		<Titre>Cuperly. HOE. Visite de M. Barthou</Titre>
		<Analyse>Visite de M. Barthou à l&apos;hôpital d&apos;évacuation de Cuperly (Marne).
1916. 
Guerre 1914-1918.</Analyse>
		<Realise_en>1916</Realise_en>
		<Liste_des_auteurs>BERTHELÉ, Raoul</Liste_des_auteurs>
		<Type_Doc>NEGATIF N&amp;B</Type_Doc>
		<Support>VERRE</Support>
		<Technique>Photographie stéréo</Technique>
		<Format>4,5 x 10,7 cm</Format>
		<Cote>49Fi789</Cote>
		<Observations>Même cliché que le 49Fi1875/134.</Observations>
		<Origine>Don Faucher-Berhelé entré le 10/11/1978.</Origine>
		<Droits_Repro>Domaine public</Droits_Repro>
		<subject>SERVICE SANITAIRE MILITAIRE;MILITAIRE;VISITE OFFICIELLE;GUERRE 1914-1918;</subject>
		<geoname>CUPERLY (village);MARNE (département);</geoname>
		<persname></persname>
		<corpname></corpname>
	</DocsFigures>
<DocsFigures>
		<Titre>Cuperly. HOE. M Tonton. Poutrin et Fontaine</Titre>
		<Analyse>MM. Tonton, Poutrin et Fontaine en train de discuter à l&apos;hôpital d&apos;évacuation de Cuperly (Marne).
1916. 
Guerre 1914-1918.</Analyse>
		<Realise_en>1916</Realise_en>
		<Liste_des_auteurs>BERTHELÉ, Raoul</Liste_des_auteurs>
		<Type_Doc>NEGATIF N&amp;B</Type_Doc>
		<Support>VERRE</Support>
		<Technique>Photographie stéréo</Technique>
		<Format>4,5 x 10,7 cm</Format>
		<Cote>49Fi790</Cote>
		<Observations>Même cliché que le 49Fi1875/137.</Observations>
		<Origine>Don Faucher-Berhelé entré le 10/11/1978.</Origine>
		<Droits_Repro>Domaine public</Droits_Repro>
		<subject>SERVICE SANITAIRE MILITAIRE;MILITAIRE;GUERRE 1914-1918;</subject>
		<geoname>CUPERLY (village);MARNE (département);</geoname>
		<persname></persname>
		<corpname></corpname>
	</DocsFigures>
<DocsFigures>
		<Titre>Cuperly. RB. La Fifille</Titre>
		<Analyse>Vue de Raoul Berthelé posant à côté de son cheval appelé &quot;Fifille&quot;  à Cuperly (Marne).
1916. 
Guerre 1914-1918.</Analyse>
		<Realise_en>1916</Realise_en>
		<Liste_des_auteurs>BERTHELÉ, Raoul</Liste_des_auteurs>
		<Type_Doc>NEGATIF N&amp;B</Type_Doc>
		<Support>VERRE</Support>
		<Technique>Photographie stéréo</Technique>
		<Format>4,5 x 10,7 cm</Format>
		<Cote>49Fi791</Cote>
		<Observations></Observations>
		<Origine>Don Faucher-Berhelé entré le 10/11/1978.</Origine>
		<Droits_Repro>Domaine public</Droits_Repro>
		<subject>GUERRE 1914-1918;</subject>
		<geoname>CUPERLY (village);MARNE (département);</geoname>
		<persname>BERTHELE, Raoul;</persname>
		<corpname></corpname>
	</DocsFigures>
<DocsFigures>
		<Titre>Cuperly. RB. La Fifille</Titre>
		<Analyse>Vue de Raoul Berthelé posant à côté de son cheval appelé &quot;Fifille&quot;  à Cuperly (Marne).
1916. 
Guerre 1914-1918.</Analyse>
		<Realise_en>1916</Realise_en>
		<Liste_des_auteurs>BERTHELÉ, Raoul</Liste_des_auteurs>
		<Type_Doc>NEGATIF N&amp;B</Type_Doc>
		<Support>VERRE</Support>
		<Technique>Photographie stéréo</Technique>
		<Format>4,5 x 10,7 cm</Format>
		<Cote>49Fi792</Cote>
		<Observations></Observations>
		<Origine>Don Faucher-Berhelé entré le 10/11/1978.</Origine>
		<Droits_Repro>Domaine public</Droits_Repro>
		<subject>GUERRE 1914-1918;</subject>
		<geoname>CUPERLY (village);MARNE (département);</geoname>
		<persname>BERTHELE, Raoul;</persname>
		<corpname></corpname>
	</DocsFigures>
<DocsFigures>
		<Titre>Cuperly. RB. La Fifille</Titre>
		<Analyse>Vue de Raoul Berthelé posant à côté de son cheval appelé &quot;Fifille&quot;  à Cuperly (Marne).
1916. 
Guerre 1914-1918.</Analyse>
		<Realise_en>1916</Realise_en>
		<Liste_des_auteurs>BERTHELÉ, Raoul</Liste_des_auteurs>
		<Type_Doc>NEGATIF N&amp;B</Type_Doc>
		<Support>VERRE</Support>
		<Technique>Photographie stéréo</Technique>
		<Format>4,5 x 10,7 cm</Format>
		<Cote>49Fi793</Cote>
		<Observations></Observations>
		<Origine>Don Faucher-Berhelé entré le 10/11/1978.</Origine>
		<Droits_Repro>Domaine public</Droits_Repro>
		<subject>GUERRE 1914-1918;</subject>
		<geoname>CUPERLY (village);MARNE (département);</geoname>
		<persname>BERTHELE, Raoul;</persname>
		<corpname></corpname>
	</DocsFigures>
<DocsFigures>
		<Titre>Saleux. Usine Cosserat. M. Teissier et Albarède</Titre>
		<Analyse>MM. Teissier et Albarède posent devant l&apos;usine Cosserat à Saleux (Somme).
1915. 
Guerre 1914-1918.</Analyse>
		<Realise_en>1915</Realise_en>
		<Liste_des_auteurs>BERTHELÉ, Raoul</Liste_des_auteurs>
		<Type_Doc>NEGATIF N&amp;B</Type_Doc>
		<Support>VERRE</Support>
		<Technique>Photographie stéréo</Technique>
		<Format>4,5 x 10,7 cm</Format>
		<Cote>49Fi794</Cote>
		<Observations>Même cliché que le 49Fi843.</Observations>
		<Origine>Don Faucher-Berhelé entré le 10/11/1978.</Origine>
		<Droits_Repro>Domaine public</Droits_Repro>
		<subject>GUERRE 1914-1918;</subject>
		<geoname>SALEUX (ville);SOMME (département);</geoname>
		<persname></persname>
		<corpname></corpname>
	</DocsFigures>
<DocsFigures>
		<Titre>Amiens. La Hotoie. R. Berthelé</Titre>
		<Analyse>Raoul Berthelé pose dans le parc de La Hotoie à Amiens (Somme);
1915. 
Guerre 1914-1918.</Analyse>
		<Realise_en>1915</Realise_en>
		<Liste_des_auteurs>BERTHELÉ, Raoul</Liste_des_auteurs>
		<Type_Doc>NEGATIF N&amp;B</Type_Doc>
		<Support>VERRE</Support>
		<Technique>Photographie stéréo</Technique>
		<Format>4,5 x 10,7 cm</Format>
		<Cote>49Fi795</Cote>
		<Observations></Observations>
		<Origine>Don Faucher-Berhelé entré le 10/11/1978.</Origine>
		<Droits_Repro>Domaine public</Droits_Repro>
		<subject>GUERRE 1914-1918;</subject>
		<geoname>AMIENS (ville);SOMME (département);</geoname>
		<persname>BERTHELE, Raoul;</persname>
		<corpname></corpname>
	</DocsFigures>
<DocsFigures>
		<Titre>Saleux. 120 court</Titre>
		<Analyse>Canon de 120 court chargé sur une plate-forme à Saleux (Somme).
1915. 
Guerre 1914-1918.</Analyse>
		<Realise_en>1915</Realise_en>
		<Liste_des_auteurs>BERTHELÉ, Raoul</Liste_des_auteurs>
		<Type_Doc>Positif N&amp;B</Type_Doc>
		<Support>VERRE</Support>
		<Technique>Photographie stéréo</Technique>
		<Format>4,5 x 10,7 cm</Format>
		<Cote>49Fi796</Cote>
		<Observations></Observations>
		<Origine>Don Faucher-Berhelé entré le 10/11/1978.</Origine>
		<Droits_Repro>Domaine public</Droits_Repro>
		<subject>GUERRE 1914-1918;</subject>
		<geoname>SALEUX (ville);SOMME (département);</geoname>
		<persname></persname>
		<corpname></corpname>
	</DocsFigures>
<DocsFigures>
		<Titre>Saleux. 120 long</Titre>
		<Analyse>Vue d&apos;un canon de 120 long à Saleux (Somme).
1915. 
Guerre 1914-1918.</Analyse>
		<Realise_en>1915</Realise_en>
		<Liste_des_auteurs>BERTHELÉ, Raoul</Liste_des_auteurs>
		<Type_Doc>Positif N&amp;B</Type_Doc>
		<Support>VERRE</Support>
		<Technique>Photographie stéréo</Technique>
		<Format>4,5 x 10,7 cm</Format>
		<Cote>49Fi797</Cote>
		<Observations></Observations>
		<Origine>Don Faucher-Berhelé entré le 10/11/1978.</Origine>
		<Droits_Repro>Domaine public</Droits_Repro>
		<subject>GUERRE 1914-1918;</subject>
		<geoname>SALEUX (ville);SOMME (département);</geoname>
		<persname></persname>
		<corpname></corpname>
	</DocsFigures>
<DocsFigures>
		<Titre>Dieue. Vue par la neige. R.B</Titre>
		<Analyse>Vue panoramique de Dieue-sur-Meuse (Meuse) sous la neige.
Entre le 30 septembre 1916 et le 25 janvier 1917.
Guerre 1914-1918.
Au premier plan Raoul Berthelé.</Analyse>
		<Realise_en></Realise_en>
		<Liste_des_auteurs>BERTHELÉ, Raoul</Liste_des_auteurs>
		<Type_Doc>Positif N&amp;B</Type_Doc>
		<Support>VERRE</Support>
		<Technique>Photographie stéréo</Technique>
		<Format>4,5 x 10,7 cm</Format>
		<Cote>49Fi798</Cote>
		<Observations>Même cliché que les 49Fi1601 et 49Fi1877/126.</Observations>
		<Origine>Don Faucher-Berhelé entré le 10/11/1978.</Origine>
		<Droits_Repro>Domaine public</Droits_Repro>
		<subject>GUERRE 1914-1918;</subject>
		<geoname>DIEUE-SUR-MEUSE (village);MEUSE (département);</geoname>
		<persname>BERTHELE, Raoul;</persname>
		<corpname></corpname>
	</DocsFigures>
<DocsFigures>
		<Titre>Saleux. Usine Poiret</Titre>
		<Analyse>Vue d&apos;ensemble de l&apos;usine Poiret à Saleux (Somme).
1915. 
Guerre 1914-1918.
Une ouvrière pose en premier plan.</Analyse>
		<Realise_en>1915</Realise_en>
		<Liste_des_auteurs>BERTHELÉ, Raoul</Liste_des_auteurs>
		<Type_Doc>Positif N&amp;B</Type_Doc>
		<Support>VERRE</Support>
		<Technique>Photographie stéréo</Technique>
		<Format>4,5 x 10,7 cm</Format>
		<Cote>49Fi799</Cote>
		<Observations>Plaque positive lié à la 49Fi1874/30.</Observations>
		<Origine>Don Faucher-Berhelé entré le 10/11/1978.</Origine>
		<Droits_Repro>Domaine public</Droits_Repro>
		<subject>GUERRE 1914-1918;</subject>
		<geoname>SALEUX (ville);SOMME (département);</geoname>
		<persname></persname>
		<corpname></corpname>
	</DocsFigures>
<DocsFigures>
		<Titre>Forêt de Wailly. Le vieux chêne</Titre>
		<Analyse>Soldats qui posent dans la forêt de Wailly près d&apos;Amiens (Somme) devant le vieux chêne. 
1915. 
Guerre 1914-1918.</Analyse>
		<Realise_en>1915</Realise_en>
		<Liste_des_auteurs>BERTHELÉ, Raoul</Liste_des_auteurs>
		<Type_Doc>Positif N&amp;B</Type_Doc>
		<Support>VERRE</Support>
		<Technique>Photographie stéréo</Technique>
		<Format>4,5 x 10,7 cm</Format>
		<Cote>49Fi800</Cote>
		<Observations>Plaque négatif au 49Fi82. Tirage contact au 49Fi1872/51.</Observations>
		<Origine>Don Faucher-Berhelé entré le 10/11/1978.</Origine>
		<Droits_Repro>Domaine public</Droits_Repro>
		<subject>MILITAIRE;GUERRE 1914-1918;</subject>
		<geoname>WAILLY (hameau);SOMME (département);AMIENS (ville);</geoname>
		<persname></persname>
		<corpname></corpname>
	</DocsFigures>
<DocsFigures>
		<Titre>Cuperly. Escadrille MF 55. Lieutenant Siméan</Titre>
		<Analyse>Le lieutenant Siméan de l&apos;Escadrille MF 55 pose devant un avion dans un champ d&apos;aviation à Cuperly (Marne).
Entre 1915 et 1916. 
Guerre 1914-1918.</Analyse>
		<Realise_en></Realise_en>
		<Liste_des_auteurs>BERTHELÉ, Raoul</Liste_des_auteurs>
		<Type_Doc>Positif N&amp;B</Type_Doc>
		<Support>VERRE</Support>
		<Technique>Photographie stéréo</Technique>
		<Format>4,5 x 10,7 cm</Format>
		<Cote>49Fi801</Cote>
		<Observations></Observations>
		<Origine>Don Faucher-Berhelé entré le 10/11/1978.</Origine>
		<Droits_Repro>Domaine public</Droits_Repro>
		<subject>GUERRE 1914-1918;</subject>
		<geoname>CUPERLY (village);MARNE (département);</geoname>
		<persname></persname>
		<corpname></corpname>
	</DocsFigures>
<DocsFigures>
		<Titre>Amiens. Abattoir. La caporal Jacquet</Titre>
		<Analyse>Le caporal Jacquet tient par une corde un vache dans la cour de l&apos;abattoir d&apos;Amiens (Somme).
1915. 
Guerre 1914-1918.</Analyse>
		<Realise_en>1915</Realise_en>
		<Liste_des_auteurs>BERTHELÉ, Raoul</Liste_des_auteurs>
		<Type_Doc>NEGATIF N&amp;B</Type_Doc>
		<Support>VERRE</Support>
		<Technique>Photographie stéréo</Technique>
		<Format>4,5 x 10,7 cm</Format>
		<Cote>49Fi802</Cote>
		<Observations></Observations>
		<Origine>Don Faucher-Berhelé entré le 10/11/1978.</Origine>
		<Droits_Repro>Domaine public</Droits_Repro>
		<subject>GUERRE 1914-1918;</subject>
		<geoname>AMIENS (ville);SOMME (département);</geoname>
		<persname></persname>
		<corpname></corpname>
	</DocsFigures>
<DocsFigures>
		<Titre>Saleux. Passage du 4e d&apos;artillerie. 120 long. Camion-tracteur</Titre>
		<Analyse>Passage du 4e régiment d&apos;artillerie avec un canon de 120 long et un camion-tracteur à Saleux (Somme).
1915. 
Guerre 1914-1918.</Analyse>
		<Realise_en>1915</Realise_en>
		<Liste_des_auteurs>BERTHELÉ, Raoul</Liste_des_auteurs>
		<Type_Doc>NEGATIF N&amp;B</Type_Doc>
		<Support>VERRE</Support>
		<Technique>Photographie stéréo</Technique>
		<Format>4,5 x 10,7 cm</Format>
		<Cote>49Fi803</Cote>
		<Observations>Même cliché que le 49Fi1870/73.</Observations>
		<Origine>Don Faucher-Berhelé entré le 10/11/1978.</Origine>
		<Droits_Repro>Domaine public</Droits_Repro>
		<subject>GUERRE 1914-1918;</subject>
		<geoname>SALEUX (ville);SOMME (département);</geoname>
		<persname></persname>
		<corpname></corpname>
	</DocsFigures>
<DocsFigures>
		<Titre>Saleux. Passage du 4e d&apos;artillerie. 120 long</Titre>
		<Analyse>Passage du 4e régiment d&apos;artillerie avec un canon de 120 long et un camion-tracteur à Saleux (Somme).
1915. 
Guerre 1914-1918.</Analyse>
		<Realise_en>1915</Realise_en>
		<Liste_des_auteurs>BERTHELÉ, Raoul</Liste_des_auteurs>
		<Type_Doc>NEGATIF N&amp;B</Type_Doc>
		<Support>VERRE</Support>
		<Technique>Photographie stéréo</Technique>
		<Format>4,5 x 10,7 cm</Format>
		<Cote>49Fi804</Cote>
		<Observations>Même cliché que le 49Fi1870/74.</Observations>
		<Origine>Don Faucher-Berhelé entré le 10/11/1978.</Origine>
		<Droits_Repro>Domaine public</Droits_Repro>
		<subject>GUERRE 1914-1918;</subject>
		<geoname>SALEUX (ville);SOMME (département);</geoname>
		<persname></persname>
		<corpname></corpname>
	</DocsFigures>
<DocsFigures>
		<Titre>Forêt de Wailly. Vieux chêne</Titre>
		<Analyse>Vue du vieux chêne dans la forêt de Wailly près d&apos;Amiens (Somme).
1915. 
Guerre 1914-1918.</Analyse>
		<Realise_en>1915</Realise_en>
		<Liste_des_auteurs>BERTHELÉ, Raoul</Liste_des_auteurs>
		<Type_Doc>NEGATIF N&amp;B</Type_Doc>
		<Support>VERRE</Support>
		<Technique>Photographie stéréo</Technique>
		<Format>4,5 x 10,7 cm</Format>
		<Cote>49Fi805</Cote>
		<Observations></Observations>
		<Origine>Don Faucher-Berhelé entré le 10/11/1978.</Origine>
		<Droits_Repro>Domaine public</Droits_Repro>
		<subject>GUERRE 1914-1918;</subject>
		<geoname>WAILLY (hameau);SOMME (département);AMIENS (ville);</geoname>
		<persname></persname>
		<corpname></corpname>
	</DocsFigures>
<DocsFigures>
		<Titre>Forêt de Wailly près de Saleux</Titre>
		<Analyse>Officiers (dont Raoul Berthelé) devant une cabane dans le bois de Wailly près d&apos;Amiens  (Somme).
1915. 
Guerre 1914-1918.</Analyse>
		<Realise_en>1915</Realise_en>
		<Liste_des_auteurs>BERTHELÉ, Raoul</Liste_des_auteurs>
		<Type_Doc>NEGATIF N&amp;B</Type_Doc>
		<Support>VERRE</Support>
		<Technique>Photographie stéréo</Technique>
		<Format>4,5 x 10,7 cm</Format>
		<Cote>49Fi806</Cote>
		<Observations></Observations>
		<Origine>Don Faucher-Berhelé entré le 10/11/1978.</Origine>
		<Droits_Repro>Domaine public</Droits_Repro>
		<subject>GUERRE 1914-1918;</subject>
		<geoname>WAILLY (hameau);SOMME (département);AMIENS (ville);</geoname>
		<persname>BERTHELE, Raoul;</persname>
		<corpname></corpname>
	</DocsFigures>
<DocsFigures>
		<Titre>Forêt de Wailly. Groupe d&apos;officiers</Titre>
		<Analyse>Officiers en train de déjeuner devant la cabane du charbonnier dans la forêt de Wailly près d&apos;Amiens (Somme).
1915. 
Guerre 1914-1918.</Analyse>
		<Realise_en>1915</Realise_en>
		<Liste_des_auteurs>BERTHELÉ, Raoul</Liste_des_auteurs>
		<Type_Doc>NEGATIF N&amp;B</Type_Doc>
		<Support>VERRE</Support>
		<Technique>Photographie stéréo</Technique>
		<Format>4,5 x 10,7 cm</Format>
		<Cote>49Fi807</Cote>
		<Observations></Observations>
		<Origine>Don Faucher-Berhelé entré le 10/11/1978.</Origine>
		<Droits_Repro>Domaine public</Droits_Repro>
		<subject>GUERRE 1914-1918;</subject>
		<geoname>WAILLY (hameau);SOMME (département);AMIENS (ville);</geoname>
		<persname></persname>
		<corpname></corpname>
	</DocsFigures>
<DocsFigures>
		<Titre>Forêt de Wailly près de Saleux. Maison de charbonnier</Titre>
		<Analyse>Officiers en train de déjeuner devant la cabane du charbonnier dans la forêt de Wailly près d&apos;Amiens  (Somme).
1915. 
Guerre 1914-1918.</Analyse>
		<Realise_en>1915</Realise_en>
		<Liste_des_auteurs>BERTHELÉ, Raoul</Liste_des_auteurs>
		<Type_Doc>NEGATIF N&amp;B</Type_Doc>
		<Support>VERRE</Support>
		<Technique>Photographie stéréo</Technique>
		<Format>4,5 x 10,7 cm</Format>
		<Cote>49Fi808</Cote>
		<Observations></Observations>
		<Origine>Don Faucher-Berhelé entré le 10/11/1978.</Origine>
		<Droits_Repro>Domaine public</Droits_Repro>
		<subject>GUERRE 1914-1918;</subject>
		<geoname>WAILLY (hameau);SOMME (département);AMIENS (ville);</geoname>
		<persname></persname>
		<corpname></corpname>
	</DocsFigures>
<DocsFigures>
		<Titre>Forêt des Hospices d&apos;Amiens</Titre>
		<Analyse>Vue de la forêt des Hospices à Amiens (Somme).
1915. 
Guerre 1914-1918.</Analyse>
		<Realise_en>1915</Realise_en>
		<Liste_des_auteurs>BERTHELÉ, Raoul</Liste_des_auteurs>
		<Type_Doc>NEGATIF N&amp;B</Type_Doc>
		<Support>VERRE</Support>
		<Technique>Photographie stéréo</Technique>
		<Format>4,5 x 10,7 cm</Format>
		<Cote>49Fi809</Cote>
		<Observations></Observations>
		<Origine>Don Faucher-Berhelé entré le 10/11/1978.</Origine>
		<Droits_Repro>Domaine public</Droits_Repro>
		<subject>GUERRE 1914-1918;</subject>
		<geoname>AMIENS (ville);SOMME (département);</geoname>
		<persname></persname>
		<corpname></corpname>
	</DocsFigures>
<DocsFigures>
		<Titre>Corbie. Gare. Hôpital d&apos;évacuation</Titre>
		<Analyse>Evacuation de blessés à la gare de l&apos;hôpital d&apos;évacuation de Corbie (Somme).
1915. 
Guerre 1914-1918.</Analyse>
		<Realise_en>1915</Realise_en>
		<Liste_des_auteurs>BERTHELÉ, Raoul</Liste_des_auteurs>
		<Type_Doc>NEGATIF N&amp;B</Type_Doc>
		<Support>VERRE</Support>
		<Technique>Photographie stéréo</Technique>
		<Format>4,5 x 10,7 cm</Format>
		<Cote>49Fi810</Cote>
		<Observations></Observations>
		<Origine>Don Faucher-Berhelé entré le 10/11/1978.</Origine>
		<Droits_Repro>Domaine public</Droits_Repro>
		<subject>MILITAIRE;SERVICE SANITAIRE MILITAIRE;VICTIME DE GUERRE;GARE;GUERRE 1914-1918;</subject>
		<geoname>CORBIE (ville);SOMME (département);</geoname>
		<persname></persname>
		<corpname></corpname>
	</DocsFigures>
<DocsFigures>
		<Titre>Amiens. Abattoir. La caporal Jacquet</Titre>
		<Analyse>Le caporal Jacquet pose à côté d&apos;une vache et d&apos;un veau aux abattoirs d&apos;Amiens (Somme).
1915.
 Guerre 1914-1918.</Analyse>
		<Realise_en>1915</Realise_en>
		<Liste_des_auteurs>BERTHELÉ, Raoul</Liste_des_auteurs>
		<Type_Doc>NEGATIF N&amp;B</Type_Doc>
		<Support>VERRE</Support>
		<Technique>Photographie stéréo</Technique>
		<Format>4,5 x 10,7 cm</Format>
		<Cote>49Fi811</Cote>
		<Observations></Observations>
		<Origine>Don Faucher-Berhelé entré le 10/11/1978.</Origine>
		<Droits_Repro>Domaine public</Droits_Repro>
		<subject>GUERRE 1914-1918;</subject>
		<geoname>AMIENS (ville);SOMME (département);</geoname>
		<persname></persname>
		<corpname></corpname>
	</DocsFigures>
<DocsFigures>
		<Titre>Amiens. M. Farman. P. Descoings et R. Berthelé. Atterrissage</Titre>
		<Analyse>Paul Descoings aux commandes d&apos;un biplan M. Farman accompagné de Raoul Berthelé à l&apos;atterrissage près d&apos;Amiens (Somme).
1915. 
Guerre 1914-1918.</Analyse>
		<Realise_en>1915</Realise_en>
		<Liste_des_auteurs>BERTHELÉ, Raoul</Liste_des_auteurs>
		<Type_Doc>NEGATIF N&amp;B</Type_Doc>
		<Support>VERRE</Support>
		<Technique>Photographie stéréo</Technique>
		<Format>4,5 x 10,7 cm</Format>
		<Cote>49Fi812</Cote>
		<Observations></Observations>
		<Origine>Don Faucher-Berhelé entré le 10/11/1978.</Origine>
		<Droits_Repro>Domaine public</Droits_Repro>
		<subject>GUERRE 1914-1918;</subject>
		<geoname>AMIENS (ville);SOMME (département);</geoname>
		<persname>BERTHELE, Raoul;</persname>
		<corpname></corpname>
	</DocsFigures>
<DocsFigures>
		<Titre>Amiens. M. Farman. P. Descoings et R. Berthelé</Titre>
		<Analyse>Paul Descoings aux commandes d&apos;un biplan M. Farman accompagné de Raoul Berthelé à l&apos;atterrissage près d&apos;Amiens (Somme).
1915. 
Guerre 1914-1918.</Analyse>
		<Realise_en>1915</Realise_en>
		<Liste_des_auteurs>BERTHELÉ, Raoul</Liste_des_auteurs>
		<Type_Doc>NEGATIF N&amp;B</Type_Doc>
		<Support>VERRE</Support>
		<Technique>Photographie stéréo</Technique>
		<Format>4,5 x 10,7 cm</Format>
		<Cote>49Fi813</Cote>
		<Observations></Observations>
		<Origine>Don Faucher-Berhelé entré le 10/11/1978.</Origine>
		<Droits_Repro>Domaine public</Droits_Repro>
		<subject>GUERRE 1914-1918;</subject>
		<geoname>AMIENS (ville);SOMME (département);</geoname>
		<persname>BERTHELE, Raoul;</persname>
		<corpname></corpname>
	</DocsFigures>
<DocsFigures>
		<Titre>Amiens. M. Farman. P. Descoings et R. Berthelé</Titre>
		<Analyse>Paul Descoings aux commandes d&apos;un biplan M. Farman accompagné de Raoul Berthelé après l&apos;atterrissage près d&apos;Amiens (Somme).
1915. 
Guerre 1914-1918.</Analyse>
		<Realise_en>1915</Realise_en>
		<Liste_des_auteurs>BERTHELÉ, Raoul</Liste_des_auteurs>
		<Type_Doc>NEGATIF N&amp;B</Type_Doc>
		<Support>VERRE</Support>
		<Technique>Photographie stéréo</Technique>
		<Format>4,5 x 10,7 cm</Format>
		<Cote>49Fi814</Cote>
		<Observations></Observations>
		<Origine>Don Faucher-Berhelé entré le 10/11/1978.</Origine>
		<Droits_Repro>Domaine public</Droits_Repro>
		<subject>GUERRE 1914-1918;</subject>
		<geoname>AMIENS (ville);SOMME (département);</geoname>
		<persname>BERTHELE, Raoul;</persname>
		<corpname></corpname>
	</DocsFigures>
<DocsFigures>
		<Titre>Amiens. 13/04/15. Bénédiction de l&apos;appareil M. Farman de P. Descoings</Titre>
		<Analyse>Bénédiction par M. Serajols de l&apos;appareil M. Farman de Paul Descoings dans un champ d&apos;aviation près d&apos;Amiens (Somme).
13 avril 1915. 
Guerre 1914-1918.</Analyse>
		<Realise_en>1915</Realise_en>
		<Liste_des_auteurs>BERTHELÉ, Raoul</Liste_des_auteurs>
		<Type_Doc>NEGATIF N&amp;B</Type_Doc>
		<Support>VERRE</Support>
		<Technique>Photographie stéréo</Technique>
		<Format>4,5 x 10,7 cm</Format>
		<Cote>49Fi815</Cote>
		<Observations></Observations>
		<Origine>Don Faucher-Berhelé entré le 10/11/1978.</Origine>
		<Droits_Repro>Domaine public</Droits_Repro>
		<subject>GUERRE 1914-1918;</subject>
		<geoname>AMIENS (ville);SOMME (département);</geoname>
		<persname></persname>
		<corpname></corpname>
	</DocsFigures>
<DocsFigures>
		<Titre>Amiens. Champ d&apos;aviation. Biplan Nieuport</Titre>
		<Analyse>Vue d&apos;un (avion) biplan Nieuport dans un champ d&apos;aviation près d&apos;Amiens (Somme).
1915. 
Guerre 1914-1918.</Analyse>
		<Realise_en>1915</Realise_en>
		<Liste_des_auteurs>BERTHELÉ, Raoul</Liste_des_auteurs>
		<Type_Doc>NEGATIF N&amp;B</Type_Doc>
		<Support>VERRE</Support>
		<Technique>Photographie stéréo</Technique>
		<Format>4,5 x 10,7 cm</Format>
		<Cote>49Fi816</Cote>
		<Observations></Observations>
		<Origine>Don Faucher-Berhelé entré le 10/11/1978.</Origine>
		<Droits_Repro>Domaine public</Droits_Repro>
		<subject>GUERRE 1914-1918;</subject>
		<geoname>AMIENS (ville);SOMME (département);</geoname>
		<persname></persname>
		<corpname></corpname>
	</DocsFigures>
<DocsFigures>
		<Titre>Saleux. Usine Cosserat. Concierge</Titre>
		<Analyse>Photo du bébé de la concierge de l&apos;usine de Cosserat à Saleux (Somme).
1915. 
Guerre 1914-1918.</Analyse>
		<Realise_en>1915</Realise_en>
		<Liste_des_auteurs>BERTHELÉ, Raoul</Liste_des_auteurs>
		<Type_Doc>NEGATIF N&amp;B</Type_Doc>
		<Support>VERRE</Support>
		<Technique>Photographie stéréo</Technique>
		<Format>4,5 x 10,7 cm</Format>
		<Cote>49Fi817</Cote>
		<Observations></Observations>
		<Origine>Don Faucher-Berhelé entré le 10/11/1978.</Origine>
		<Droits_Repro>Domaine public</Droits_Repro>
		<subject>GUERRE 1914-1918;</subject>
		<geoname>SALEUX (ville);SOMME (département);</geoname>
		<persname></persname>
		<corpname></corpname>
	</DocsFigures>
<DocsFigures>
		<Titre>Saleux. Usine Cosserat. Concierge</Titre>
		<Analyse>Photo du bébé de la concierge de l&apos;usine de Cosserat à Saleux (Somme).
1915. 
Guerre 1914-1918.</Analyse>
		<Realise_en>1915</Realise_en>
		<Liste_des_auteurs>BERTHELÉ, Raoul</Liste_des_auteurs>
		<Type_Doc>NEGATIF N&amp;B</Type_Doc>
		<Support>VERRE</Support>
		<Technique>Photographie stéréo</Technique>
		<Format>4,5 x 10,7 cm</Format>
		<Cote>49Fi818</Cote>
		<Observations></Observations>
		<Origine>Don Faucher-Berhelé entré le 10/11/1978.</Origine>
		<Droits_Repro>Domaine public</Droits_Repro>
		<subject>GUERRE 1914-1918;</subject>
		<geoname>SALEUX (ville);SOMME (département);</geoname>
		<persname></persname>
		<corpname></corpname>
	</DocsFigures>
<DocsFigures>
		<Titre>Saleux. Usine Cosserat. Concierge</Titre>
		<Analyse>Photo de la concierge portant son bébé de l&apos;usine de Cosserat à Saleux (Somme).
1915. 
Guerre 1914-1918.</Analyse>
		<Realise_en>1915</Realise_en>
		<Liste_des_auteurs>BERTHELÉ, Raoul</Liste_des_auteurs>
		<Type_Doc>NEGATIF N&amp;B</Type_Doc>
		<Support>VERRE</Support>
		<Technique>Photographie stéréo</Technique>
		<Format>4,5 x 10,7 cm</Format>
		<Cote>49Fi819</Cote>
		<Observations></Observations>
		<Origine>Don Faucher-Berhelé entré le 10/11/1978.</Origine>
		<Droits_Repro>Domaine public</Droits_Repro>
		<subject>GUERRE 1914-1918;</subject>
		<geoname>SALEUX (ville);SOMME (département);</geoname>
		<persname></persname>
		<corpname></corpname>
	</DocsFigures>
<DocsFigures>
		<Titre>Amiens. Mlle Edith Thomas</Titre>
		<Analyse>Portrait de Mlle Edith Thomas assise dans un fauteuil et tenant un livre dans sa chambre à Amiens (Somme).
1915. 
Guerre 1914-1918.</Analyse>
		<Realise_en>1915</Realise_en>
		<Liste_des_auteurs>BERTHELÉ, Raoul</Liste_des_auteurs>
		<Type_Doc>NEGATIF N&amp;B</Type_Doc>
		<Support>VERRE</Support>
		<Technique>Photographie stéréo</Technique>
		<Format>4,5 x 10,7 cm</Format>
		<Cote>49Fi820</Cote>
		<Observations></Observations>
		<Origine>Don Faucher-Berhelé entré le 10/11/1978.</Origine>
		<Droits_Repro>Domaine public</Droits_Repro>
		<subject>GUERRE 1914-1918;</subject>
		<geoname>AMIENS (ville);SOMME (département);</geoname>
		<persname></persname>
		<corpname></corpname>
	</DocsFigures>
<DocsFigures>
		<Titre>Saleux. 236e d&apos;infanterie</Titre>
		<Analyse>Passage du 236e régiment d&apos;infanterie à Saleux (Somme).
1915. 
Guerre 1914-1918.</Analyse>
		<Realise_en>1915</Realise_en>
		<Liste_des_auteurs>BERTHELÉ, Raoul</Liste_des_auteurs>
		<Type_Doc>NEGATIF N&amp;B</Type_Doc>
		<Support>VERRE</Support>
		<Technique>Photographie stéréo</Technique>
		<Format>4,5 x 10,7 cm</Format>
		<Cote>49Fi821</Cote>
		<Observations></Observations>
		<Origine>Don Faucher-Berhelé entré le 10/11/1978.</Origine>
		<Droits_Repro>Domaine public</Droits_Repro>
		<subject>ARMEE DE TERRE;MILITAIRE;EQUIPEMENT MILITAIRE;CHEMIN RURAL;HABITAT RURAL;GUERRE 1914-1918;</subject>
		<geoname>SALEUX (ville);SOMME (département);</geoname>
		<persname></persname>
		<corpname></corpname>
	</DocsFigures>
<DocsFigures>
		<Titre>Saleux. Passage de goumiers</Titre>
		<Analyse>Portrait à cheval d&apos;un goumier lors du passage de son régiment à Saleux (Somme).
Mai-Juin 1915. 
Guerre 1914-1918.</Analyse>
		<Realise_en>1915</Realise_en>
		<Liste_des_auteurs>BERTHELÉ, Raoul</Liste_des_auteurs>
		<Type_Doc>NEGATIF N&amp;B</Type_Doc>
		<Support>VERRE</Support>
		<Technique>Photographie stéréo</Technique>
		<Format>4,5 x 10,7 cm</Format>
		<Cote>49Fi822</Cote>
		<Observations>Même cliché que le 49Fi780.</Observations>
		<Origine>Don Faucher-Berhelé entré le 10/11/1978.</Origine>
		<Droits_Repro>Domaine public</Droits_Repro>
		<subject>MILITAIRE;ARMEE DE TERRE;EQUIDE;TRANSPORT PAR ANIMAL;ENFANT;HABITAT RURAL;COLONIE;GUERRE 1914-1918;</subject>
		<geoname>SALEUX (ville);SOMME (département);</geoname>
		<persname></persname>
		<corpname></corpname>
	</DocsFigures>
<DocsFigures>
		<Titre>Saleux. Usine Cosserat</Titre>
		<Analyse>Vue d&apos;ensemble de l&apos;usine Cosserat à Saleux (Somme).
Mai-juin 1915. 
Guerre 1914-1918.</Analyse>
		<Realise_en>1915</Realise_en>
		<Liste_des_auteurs>BERTHELÉ, Raoul</Liste_des_auteurs>
		<Type_Doc>NEGATIF N&amp;B</Type_Doc>
		<Support>VERRE</Support>
		<Technique>Photographie stéréo</Technique>
		<Format>4,5 x 10,7 cm</Format>
		<Cote>49Fi823</Cote>
		<Observations>Partie haute de la plaque dégradée.
Même cliché que le 49Fi1870/14.</Observations>
		<Origine>Don Faucher-Berhelé entré le 10/11/1978.</Origine>
		<Droits_Repro>Domaine public</Droits_Repro>
		<subject>GUERRE 1914-1918;</subject>
		<geoname>SALEUX (ville);SOMME (département);</geoname>
		<persname></persname>
		<corpname></corpname>
	</DocsFigures>
<DocsFigures>
		<Titre>Saleux. M. Teissier. Fontanel et Albarède</Titre>
		<Analyse>MM. Teissier, Fontanel et Albarède en train de discuter sur une place à Saleux (Somme).
1915. 
Guerre 1914-1918.</Analyse>
		<Realise_en>1915</Realise_en>
		<Liste_des_auteurs>BERTHELÉ, Raoul</Liste_des_auteurs>
		<Type_Doc>NEGATIF N&amp;B</Type_Doc>
		<Support>VERRE</Support>
		<Technique>Photographie stéréo</Technique>
		<Format>4,5 x 10,7 cm</Format>
		<Cote>49Fi824</Cote>
		<Observations></Observations>
		<Origine>Don Faucher-Berhelé entré le 10/11/1978.</Origine>
		<Droits_Repro>Domaine public</Droits_Repro>
		<subject>GUERRE 1914-1918;</subject>
		<geoname>SALEUX (ville);SOMME (département);</geoname>
		<persname></persname>
		<corpname></corpname>
	</DocsFigures>
<DocsFigures>
		<Titre>[Saleux. M. Teissier] Caucanas et Albarède</Titre>
		<Analyse>MM. Teissier, Caucanas et Albarède sur une charette à Saleux (Somme).
1915. 
Guerre 1914-1918.</Analyse>
		<Realise_en>1915</Realise_en>
		<Liste_des_auteurs>BERTHELÉ, Raoul</Liste_des_auteurs>
		<Type_Doc>NEGATIF N&amp;B</Type_Doc>
		<Support>VERRE</Support>
		<Technique>Photographie stéréo</Technique>
		<Format>4,5 x 10,7 cm</Format>
		<Cote>49Fi825</Cote>
		<Observations></Observations>
		<Origine>Don Faucher-Berhelé entré le 10/11/1978.</Origine>
		<Droits_Repro>Domaine public</Droits_Repro>
		<subject>GUERRE 1914-1918;</subject>
		<geoname>SALEUX (ville);SOMME (département);</geoname>
		<persname></persname>
		<corpname></corpname>
	</DocsFigures>
<DocsFigures>
		<Titre>Saleux. Groupes d&apos;officiers de l&apos;ambulance</Titre>
		<Analyse>Photo de groupe: les officiers de l&apos;ambulance Berthelé, Caucanas, Teissier et Albarède à Saleux (Somme).
1915. 
Guerre 1914-1918.</Analyse>
		<Realise_en>1915</Realise_en>
		<Liste_des_auteurs>BERTHELÉ, Raoul</Liste_des_auteurs>
		<Type_Doc>NEGATIF N&amp;B</Type_Doc>
		<Support>VERRE</Support>
		<Technique>Photographie stéréo</Technique>
		<Format>4,5 x 10,7 cm</Format>
		<Cote>49Fi826</Cote>
		<Observations></Observations>
		<Origine>Don Faucher-Berhelé entré le 10/11/1978.</Origine>
		<Droits_Repro>Domaine public</Droits_Repro>
		<subject>GUERRE 1914-1918;</subject>
		<geoname>SALEUX (ville);SOMME (département);</geoname>
		<persname></persname>
		<corpname></corpname>
	</DocsFigures>
<DocsFigures>
		<Titre>Saleux. Usine Cosserat. Teissier. Caucanas et Albarède</Titre>
		<Analyse>Les officiers Teissier, Caucanas et Albarède posent sur un pont de l&apos;usine Cosserat à Saleux (Somme).
1915. 
Guerre 1914-1918.</Analyse>
		<Realise_en>1915</Realise_en>
		<Liste_des_auteurs>BERTHELÉ, Raoul</Liste_des_auteurs>
		<Type_Doc>NEGATIF N&amp;B</Type_Doc>
		<Support>VERRE</Support>
		<Technique>Photographie stéréo</Technique>
		<Format>4,5 x 10,7 cm</Format>
		<Cote>49Fi827</Cote>
		<Observations></Observations>
		<Origine>Don Faucher-Berhelé entré le 10/11/1978.</Origine>
		<Droits_Repro>Domaine public</Droits_Repro>
		<subject>GUERRE 1914-1918;</subject>
		<geoname>SALEUX (ville);SOMME (département);</geoname>
		<persname></persname>
		<corpname></corpname>
	</DocsFigures>
<DocsFigures>
		<Titre>Saleux. Usine Poiret. Albarède. Teissier et Caucanas en canot</Titre>
		<Analyse>MM. Teissier, Caucanas et Albarède en canot sur le bassin de l&apos;usine Poiret à Saleux (Somme).
1915. 
Guerre 1914-1918.</Analyse>
		<Realise_en>1915</Realise_en>
		<Liste_des_auteurs>BERTHELÉ, Raoul</Liste_des_auteurs>
		<Type_Doc>NEGATIF N&amp;B</Type_Doc>
		<Support>VERRE</Support>
		<Technique>Photographie stéréo</Technique>
		<Format>4,5 x 10,7 cm</Format>
		<Cote>49Fi828</Cote>
		<Observations></Observations>
		<Origine>Don Faucher-Berhelé entré le 10/11/1978.</Origine>
		<Droits_Repro>Domaine public</Droits_Repro>
		<subject>GUERRE 1914-1918;</subject>
		<geoname>SALEUX (ville);SOMME (département);</geoname>
		<persname></persname>
		<corpname></corpname>
	</DocsFigures>
<DocsFigures>
		<Titre>Saleux. Cour intérieure de l&apos;hôpital. Albarède. Teissier et Caucanas</Titre>
		<Analyse>MM. Teissier, Albarède et Caucanas dans la cour intérieure de l&apos;hôpital de Saleux (Somme).
1915. 
Guerre 1914-1918.</Analyse>
		<Realise_en>1915</Realise_en>
		<Liste_des_auteurs>BERTHELÉ, Raoul</Liste_des_auteurs>
		<Type_Doc>NEGATIF N&amp;B</Type_Doc>
		<Support>VERRE</Support>
		<Technique>Photographie stéréo</Technique>
		<Format>4,5 x 10,7 cm</Format>
		<Cote>49Fi829</Cote>
		<Observations></Observations>
		<Origine>Don Faucher-Berhelé entré le 10/11/1978.</Origine>
		<Droits_Repro>Domaine public</Droits_Repro>
		<subject>MILITAIRE;SERVICE SANITAIRE MILITAIRE;GUERRE 1914-1918;</subject>
		<geoname>SALEUX (ville);SOMME (département);</geoname>
		<persname></persname>
		<corpname></corpname>
	</DocsFigures>
<DocsFigures>
		<Titre>Saleux. Hôpital. Salle 10</Titre>
		<Analyse>Vue de la salle 10 de l&apos;hôpital de Saleux (Sommes).
1915. 
Guerre 1914-1918.
Dans la chambre se trouvent des blessés et des infirmiers.</Analyse>
		<Realise_en>1915</Realise_en>
		<Liste_des_auteurs>BERTHELÉ, Raoul</Liste_des_auteurs>
		<Type_Doc>NEGATIF N&amp;B</Type_Doc>
		<Support>VERRE</Support>
		<Technique>Photographie stéréo</Technique>
		<Format>4,5 x 10,7 cm</Format>
		<Cote>49Fi830</Cote>
		<Observations></Observations>
		<Origine>Don Faucher-Berhelé entré le 10/11/1978.</Origine>
		<Droits_Repro>Domaine public</Droits_Repro>
		<subject>MILITAIRE;SERVICE SANITAIRE MILITAIRE;AUXILIAIRE MEDICAL;VICTIME DE GUERRE;GUERRE 1914-1918;</subject>
		<geoname>SALEUX (ville);SOMME (département);</geoname>
		<persname></persname>
		<corpname></corpname>
	</DocsFigures>
<DocsFigures>
		<Titre>Gare de Saleux. Ravitaillement. 14/06/15</Titre>
		<Analyse>Vue de chariots et de wagons en cours de chargement à la gare de ravitaillement de Saleux (Somme).
14 juin 1915. 
Guerre 1914-1918.</Analyse>
		<Realise_en>1915</Realise_en>
		<Liste_des_auteurs>BERTHELÉ, Raoul</Liste_des_auteurs>
		<Type_Doc>NEGATIF N&amp;B</Type_Doc>
		<Support>VERRE</Support>
		<Technique>Photographie stéréo</Technique>
		<Format>4,5 x 10,7 cm</Format>
		<Cote>49Fi831</Cote>
		<Observations>Même cliché que les 49Fi125, 49Fi1872/57 et 49Fi1874/13.</Observations>
		<Origine>Don Faucher-Berhelé entré le 10/11/1978.</Origine>
		<Droits_Repro>Domaine public</Droits_Repro>
		<subject>MILITAIRE;RAVITAILLEMENT;TRANSPORT FERROVIAIRE;VEHICULE A TRACTION ANIMALE;GUERRE 1914-1918;</subject>
		<geoname>SALEUX (ville);SOMME (département);</geoname>
		<persname></persname>
		<corpname></corpname>
	</DocsFigures>
<DocsFigures>
		<Titre>Gare de Saleux. 3e chass[eur] d&apos;Afrique. Ravitaillement</Titre>
		<Analyse>Vue de voitures de ravitaillement du 3e régiment de chasseur d&apos;Afrique en gare de Saleux (Somme).
Avril-juin 1915. 
Guerre 1914-1918.</Analyse>
		<Realise_en>1915</Realise_en>
		<Liste_des_auteurs>BERTHELÉ, Raoul</Liste_des_auteurs>
		<Type_Doc>NEGATIF N&amp;B</Type_Doc>
		<Support>VERRE</Support>
		<Technique>Photographie stéréo</Technique>
		<Format>4,5 x 10,7 cm</Format>
		<Cote>49Fi832</Cote>
		<Observations>Même cliché que les 49Fi779 et 49Fi1872/56.</Observations>
		<Origine>Don Faucher-Berhelé entré le 10/11/1978.</Origine>
		<Droits_Repro>Domaine public</Droits_Repro>
		<subject>RAVITAILLEMENT;MILITAIRE;VEHICULE A TRACTION ANIMALE;GUERRE 1914-1918;</subject>
		<geoname>SALEUX (ville);SOMME (département);</geoname>
		<persname></persname>
		<corpname></corpname>
	</DocsFigures>
<DocsFigures>
		<Titre>Saleux. Passage de goumiers</Titre>
		<Analyse>Vue de goumiers lors de leur passage à Saleux (Somme).
Mai-juin 1915.
Guerre 1914-1918.</Analyse>
		<Realise_en>1915</Realise_en>
		<Liste_des_auteurs>BERTHELÉ, Raoul</Liste_des_auteurs>
		<Type_Doc>NEGATIF N&amp;B</Type_Doc>
		<Support>VERRE</Support>
		<Technique>Photographie stéréo</Technique>
		<Format>4,5 x 10,7 cm</Format>
		<Cote>49Fi833</Cote>
		<Observations>La plaque est trés abîmée quasiment illisible.
Même cliché que le 49Fi1870/18.</Observations>
		<Origine>Don Faucher-Berhelé entré le 10/11/1978.</Origine>
		<Droits_Repro>Domaine public</Droits_Repro>
		<subject>COLONIE;MILITAIRE;EQUIDE;TRANSPORT PAR ANIMAL;GUERRE 1914-1918;</subject>
		<geoname>SALEUX (ville);SOMME (département);</geoname>
		<persname></persname>
		<corpname></corpname>
	</DocsFigures>
<DocsFigures>
		<Titre>Saleux. Cour de l&apos;hôpital</Titre>
		<Analyse>MM. Caucanas, Teissier  et Albarède dans la cour de l&apos;hôpital de Saleux (Somme).
1915. 
Guerre 1914-1918.</Analyse>
		<Realise_en>1915</Realise_en>
		<Liste_des_auteurs>BERTHELÉ, Raoul</Liste_des_auteurs>
		<Type_Doc>NEGATIF N&amp;B</Type_Doc>
		<Support>VERRE</Support>
		<Technique>Photographie stéréo</Technique>
		<Format>4,5 x 10,7 cm</Format>
		<Cote>49Fi834</Cote>
		<Observations></Observations>
		<Origine>Don Faucher-Berhelé entré le 10/11/1978.</Origine>
		<Droits_Repro>Domaine public</Droits_Repro>
		<subject>MILITAIRE;SERVICE SANITAIRE MILITAIRE;GUERRE 1914-1918;</subject>
		<geoname>SALEUX (ville);SOMME (département);</geoname>
		<persname></persname>
		<corpname></corpname>
	</DocsFigures>
<DocsFigures>
		<Titre>Saleux. M. Colombe</Titre>
		<Analyse>Portrait en pied de l&apos;aviateur Colombe à Saleux (Somme). 
1915. 
Guerre 1914-1918.</Analyse>
		<Realise_en>1915</Realise_en>
		<Liste_des_auteurs>BERTHELÉ, Raoul</Liste_des_auteurs>
		<Type_Doc>NEGATIF N&amp;B</Type_Doc>
		<Support>VERRE</Support>
		<Technique>Photographie stéréo</Technique>
		<Format>4,5 x 10,7 cm</Format>
		<Cote>49Fi835</Cote>
		<Observations></Observations>
		<Origine>Don Faucher-Berhelé entré le 10/11/1978.</Origine>
		<Droits_Repro>Domaine public</Droits_Repro>
		<subject>GUERRE 1914-1918;</subject>
		<geoname>SALEUX (ville);SOMME (département);</geoname>
		<persname></persname>
		<corpname></corpname>
	</DocsFigures>
<DocsFigures>
		<Titre>Saleux. Le pansage</Titre>
		<Analyse>Pansage des chevaux de l&apos;ambulance de l&apos;hôpital de Saleux (Somme).
1915. 
Guerre 1914-1918.</Analyse>
		<Realise_en>1915</Realise_en>
		<Liste_des_auteurs>BERTHELÉ, Raoul</Liste_des_auteurs>
		<Type_Doc>NEGATIF N&amp;B</Type_Doc>
		<Support>VERRE</Support>
		<Technique>Photographie stéréo</Technique>
		<Format>4,5 x 10,7 cm</Format>
		<Cote>49Fi836</Cote>
		<Observations></Observations>
		<Origine>Don Faucher-Berhelé entré le 10/11/1978.</Origine>
		<Droits_Repro>Domaine public</Droits_Repro>
		<subject>SERVICE SANITAIRE MILITAIRE;VEHICULE A TRACTION ANIMALE;MILITAIRE;GUERRE 1914-1918;</subject>
		<geoname>SALEUX (ville);SOMME (département);</geoname>
		<persname></persname>
		<corpname></corpname>
	</DocsFigures>
<DocsFigures>
		<Titre>Saleux. M. Albarède. Mon cheval. M. Garic</Titre>
		<Analyse>MM. Albarède et Garic posant à côté du cheval de Raoul Berthelé à Saleux (Somme).
1915. 
Guerre 1914-1918.</Analyse>
		<Realise_en>1915</Realise_en>
		<Liste_des_auteurs>BERTHELÉ, Raoul</Liste_des_auteurs>
		<Type_Doc>NEGATIF N&amp;B</Type_Doc>
		<Support>VERRE</Support>
		<Technique>Photographie stéréo</Technique>
		<Format>4,5 x 10,7 cm</Format>
		<Cote>49Fi837</Cote>
		<Observations>Papier collé sur gélatine.</Observations>
		<Origine>Don Faucher-Berhelé entré le 10/11/1978.</Origine>
		<Droits_Repro>Domaine public</Droits_Repro>
		<subject>GUERRE 1914-1918;</subject>
		<geoname>SALEUX (ville);SOMME (département);</geoname>
		<persname>BERTHELE, Raoul;</persname>
		<corpname></corpname>
	</DocsFigures>
<DocsFigures>
		<Titre>Saleux. Le soldat [?]</Titre>
		<Analyse>Portrait d&apos;un soldat à cheval dans une rue de Saleux (Somme).
1915. 
Guerre 1914-1918.</Analyse>
		<Realise_en>1915</Realise_en>
		<Liste_des_auteurs>BERTHELÉ, Raoul</Liste_des_auteurs>
		<Type_Doc>NEGATIF N&amp;B</Type_Doc>
		<Support>VERRE</Support>
		<Technique>Photographie stéréo</Technique>
		<Format>4,5 x 10,7 cm</Format>
		<Cote>49Fi838</Cote>
		<Observations>Papier collé sur gélatine</Observations>
		<Origine>Don Faucher-Berhelé entré le 10/11/1978.</Origine>
		<Droits_Repro>Domaine public</Droits_Repro>
		<subject>MILITAIRE;GUERRE 1914-1918;</subject>
		<geoname>SALEUX (ville);SOMME (département);</geoname>
		<persname></persname>
		<corpname></corpname>
	</DocsFigures>
<DocsFigures>
		<Titre>Saleux. Mon cheval</Titre>
		<Analyse>Cheval de Raoul Berthelé dans une rue de Saleux (Somme).
1915. 
Guerre 1914-1918.</Analyse>
		<Realise_en>1915</Realise_en>
		<Liste_des_auteurs>BERTHELÉ, Raoul</Liste_des_auteurs>
		<Type_Doc>NEGATIF N&amp;B</Type_Doc>
		<Support>VERRE</Support>
		<Technique>Photographie stéréo</Technique>
		<Format>4,5 x 10,7 cm</Format>
		<Cote>49Fi839</Cote>
		<Observations>Papier collé sur gélatine.</Observations>
		<Origine>Don Faucher-Berhelé entré le 10/11/1978.</Origine>
		<Droits_Repro>Domaine public</Droits_Repro>
		<subject>GUERRE 1914-1918;</subject>
		<geoname>SALEUX (ville);SOMME (département);</geoname>
		<persname>BERTHELE, Raoul;</persname>
		<corpname></corpname>
	</DocsFigures>
<DocsFigures>
		<Titre>Saleux. Hôpital. M. Teissier</Titre>
		<Analyse>Le médecin Aide-Major Teissier posant à côté d&apos;un malade à l&apos;hôpital de Saleux (Somme).
1915. 
Guerre 1914-1918.</Analyse>
		<Realise_en>1915</Realise_en>
		<Liste_des_auteurs>BERTHELÉ, Raoul</Liste_des_auteurs>
		<Type_Doc>NEGATIF N&amp;B</Type_Doc>
		<Support>VERRE</Support>
		<Technique>Photographie stéréo</Technique>
		<Format>4,5 x 10,7 cm</Format>
		<Cote>49Fi840</Cote>
		<Observations></Observations>
		<Origine>Don Faucher-Berhelé entré le 10/11/1978.</Origine>
		<Droits_Repro>Domaine public</Droits_Repro>
		<subject>MILITAIRE;SERVICE SANITAIRE MILITAIRE;MEDECIN HOSPITALIER;VICTIME DE GUERRE;GUERRE 1914-1918;</subject>
		<geoname>SALEUX (ville);SOMME (département);</geoname>
		<persname></persname>
		<corpname></corpname>
	</DocsFigures>
<DocsFigures>
		<Titre>Saleux [?]</Titre>
		<Analyse>Passage d&apos;un régiment (?) à Saleux (Somme). 
1915. 
Guerre 1914-1918.</Analyse>
		<Realise_en>1915</Realise_en>
		<Liste_des_auteurs>BERTHELÉ, Raoul</Liste_des_auteurs>
		<Type_Doc>NEGATIF N&amp;B</Type_Doc>
		<Support>VERRE</Support>
		<Technique>Photographie stéréo</Technique>
		<Format>4,5 x 10,7 cm</Format>
		<Cote>49Fi841</Cote>
		<Observations>Papier collé sur gélatine.</Observations>
		<Origine>Don Faucher-Berhelé entré le 10/11/1978.</Origine>
		<Droits_Repro>Domaine public</Droits_Repro>
		<subject>GUERRE 1914-1918;</subject>
		<geoname>SALEUX (ville);SOMME (département);</geoname>
		<persname></persname>
		<corpname></corpname>
	</DocsFigures>
<DocsFigures>
		<Titre>Saleux. 236e d&apos;infanterie de passage</Titre>
		<Analyse>Passage du 236e régiment d&apos;infanterie à Saleux (Somme).
1915. 
Guerre 1914-1918.</Analyse>
		<Realise_en>1915</Realise_en>
		<Liste_des_auteurs>BERTHELÉ, Raoul</Liste_des_auteurs>
		<Type_Doc>NEGATIF N&amp;B</Type_Doc>
		<Support>VERRE</Support>
		<Technique>Photographie stéréo</Technique>
		<Format>4,5 x 10,7 cm</Format>
		<Cote>49Fi842</Cote>
		<Observations>Papier collé sur gélatine.</Observations>
		<Origine>Don Faucher-Berhelé entré le 10/11/1978.</Origine>
		<Droits_Repro>Domaine public</Droits_Repro>
		<subject>GUERRE 1914-1918;</subject>
		<geoname>SALEUX (ville);SOMME (département);</geoname>
		<persname></persname>
		<corpname></corpname>
	</DocsFigures>
<DocsFigures>
		<Titre>Saleux. Usine Cosserat. M. Teissier et Albarède</Titre>
		<Analyse>MM. Albarède et Teissier posent devant l&apos;usine Cosserat à Saleux (Somme).
1915. 
Guerre 1914-1918.</Analyse>
		<Realise_en>1915</Realise_en>
		<Liste_des_auteurs>BERTHELÉ, Raoul</Liste_des_auteurs>
		<Type_Doc>NEGATIF N&amp;B</Type_Doc>
		<Support>VERRE</Support>
		<Technique>Photographie stéréo</Technique>
		<Format>4,5 x 10,7 cm</Format>
		<Cote>49Fi843</Cote>
		<Observations>Papier collé sur gélatine.
Même cliché que le 49Fi794.</Observations>
		<Origine>Don Faucher-Berhelé entré le 10/11/1978.</Origine>
		<Droits_Repro>Domaine public</Droits_Repro>
		<subject>GUERRE 1914-1918;</subject>
		<geoname>SALEUX (ville);SOMME (département);</geoname>
		<persname></persname>
		<corpname></corpname>
	</DocsFigures>
<DocsFigures>
		<Titre>Saleux. M. Domergue</Titre>
		<Analyse>L&apos;ambulancier Domergue pose entre deux ambulances à l&apos;hôpital de Saleux (Somme).
1915. 
Guerre 1914-1918.</Analyse>
		<Realise_en>1915</Realise_en>
		<Liste_des_auteurs>BERTHELÉ, Raoul</Liste_des_auteurs>
		<Type_Doc>NEGATIF N&amp;B</Type_Doc>
		<Support>VERRE</Support>
		<Technique>Photographie stéréo</Technique>
		<Format>4,5 x 10,7 cm</Format>
		<Cote>49Fi844</Cote>
		<Observations>Papier collé sur gélatine.</Observations>
		<Origine>Don Faucher-Berhelé entré le 10/11/1978.</Origine>
		<Droits_Repro>Domaine public</Droits_Repro>
		<subject>SERVICE SANITAIRE MILITAIRE;TRANSPORT SANITAIRE;GUERRE 1914-1918;</subject>
		<geoname>SALEUX (ville);SOMME (département);</geoname>
		<persname></persname>
		<corpname></corpname>
	</DocsFigures>
<DocsFigures>
		<Titre>Revigny. Auto-canon 75</Titre>
		<Analyse>Plan rapproché d&apos;un auto-canon de 75 à Revigny-sur-Ornain (Meuse).
Entre 1915. 
Guerre 1914-1918.</Analyse>
		<Realise_en>1915</Realise_en>
		<Liste_des_auteurs>BERTHELÉ, Raoul</Liste_des_auteurs>
		<Type_Doc>Positif N&amp;B</Type_Doc>
		<Support>VERRE</Support>
		<Technique>Photographie stéréo</Technique>
		<Format>4,5 x 10,7 cm</Format>
		<Cote>49Fi845</Cote>
		<Observations></Observations>
		<Origine>Don Faucher-Berhelé entré le 10/11/1978.</Origine>
		<Droits_Repro>Domaine public</Droits_Repro>
		<subject>GUERRE 1914-1918;</subject>
		<geoname>MEUSE (département);REVIGNY-SUR-ORNAIN (ville);</geoname>
		<persname></persname>
		<corpname></corpname>
	</DocsFigures>
<DocsFigures>
		<Titre>Sermaize</Titre>
		<Analyse>Vue des ruines de Sermaize-les-bains (Marne).
1915. 
Guerre 1914-1918.</Analyse>
		<Realise_en>1915</Realise_en>
		<Liste_des_auteurs>BERTHELÉ, Raoul</Liste_des_auteurs>
		<Type_Doc>Positif N&amp;B</Type_Doc>
		<Support>VERRE</Support>
		<Technique>Photographie stéréo</Technique>
		<Format>4,5 x 10,7 cm</Format>
		<Cote>49Fi846</Cote>
		<Observations>Lié à 49Fi1879/34 et 49Fi854.</Observations>
		<Origine>Don Faucher-Berhelé entré le 10/11/1978.</Origine>
		<Droits_Repro>Domaine public</Droits_Repro>
		<subject>SINISTRE;BIEN SINISTRE;GUERRE 1914-1918;</subject>
		<geoname>SERMAIZE-LES-BAINS (ville);MARNE (département);</geoname>
		<persname></persname>
		<corpname></corpname>
	</DocsFigures>
<DocsFigures>
		<Titre>Rampont. Canons de 400</Titre>
		<Analyse>Vue d&apos;ensemble d&apos;un train blindé muni d&apos;un pièce d&apos;artillerie de calibre 400 à Rampont (Meuse).
22 octobre 1916.
Guerre 1914-1918.</Analyse>
		<Realise_en>1916</Realise_en>
		<Liste_des_auteurs>BERTHELÉ, Raoul</Liste_des_auteurs>
		<Type_Doc>Positif N&amp;B</Type_Doc>
		<Support>VERRE</Support>
		<Technique>Photographie stéréo</Technique>
		<Format>4,5 x 10,7 cm</Format>
		<Cote>49Fi847</Cote>
		<Observations>Même cliché que les 49Fi660, 49Fi1592 et 49Fi1877/106.</Observations>
		<Origine>Don Faucher-Berhelé entré le 10/11/1978.</Origine>
		<Droits_Repro>Domaine public</Droits_Repro>
		<subject>GUERRE 1914-1918;</subject>
		<geoname>RAMPONT (hameau);MEUSE (département);SOUHESMES-RAMPONT (LES) (village);</geoname>
		<persname></persname>
		<corpname></corpname>
	</DocsFigures>
<DocsFigures>
		<Titre>Sermaize. Usine en ruine. 23/08/15</Titre>
		<Analyse>Ruines de l&apos;usine de Sermaize-les-bains (Marne).
23 août 1915. 
Guerre 1914-1918.</Analyse>
		<Realise_en>1915</Realise_en>
		<Liste_des_auteurs>BERTHELÉ, Raoul</Liste_des_auteurs>
		<Type_Doc>NEGATIF N&amp;B</Type_Doc>
		<Support>VERRE</Support>
		<Technique>Photographie stéréo</Technique>
		<Format>4,5 x 10,7 cm</Format>
		<Cote>49Fi848</Cote>
		<Observations></Observations>
		<Origine>Don Faucher-Berhelé entré le 10/11/1978.</Origine>
		<Droits_Repro>Domaine public</Droits_Repro>
		<subject>BATIMENT INDUSTRIEL;SINISTRE;BIEN SINISTRE;GUERRE 1914-1918;</subject>
		<geoname>SERMAIZE-LES-BAINS (ville);MARNE (département);</geoname>
		<persname></persname>
		<corpname></corpname>
	</DocsFigures>
<DocsFigures>
		<Titre>Sermaize. Ruines. 23/08/15</Titre>
		<Analyse>Ruines de Sermaize-les-bains (Marne).
23 août 1915. 
Guerre 1914-1918.</Analyse>
		<Realise_en>1915</Realise_en>
		<Liste_des_auteurs>BERTHELÉ, Raoul</Liste_des_auteurs>
		<Type_Doc>NEGATIF N&amp;B</Type_Doc>
		<Support>VERRE</Support>
		<Technique>Photographie stéréo</Technique>
		<Format>4,5 x 10,7 cm</Format>
		<Cote>49Fi849</Cote>
		<Observations></Observations>
		<Origine>Don Faucher-Berhelé entré le 10/11/1978.</Origine>
		<Droits_Repro>Domaine public</Droits_Repro>
		<subject>SINISTRE;BIEN SINISTRE;GUERRE 1914-1918;</subject>
		<geoname>SERMAIZE-LES-BAINS (ville);MARNE (département);</geoname>
		<persname></persname>
		<corpname></corpname>
	</DocsFigures>
<DocsFigures>
		<Titre>Sermaize. Ruines</Titre>
		<Analyse>Ruines de Sermaize-les-bains (Marne).
23 août 1915. 
Guerre 1914-1918.</Analyse>
		<Realise_en>1915</Realise_en>
		<Liste_des_auteurs>BERTHELÉ, Raoul</Liste_des_auteurs>
		<Type_Doc>NEGATIF N&amp;B</Type_Doc>
		<Support>VERRE</Support>
		<Technique>Photographie stéréo</Technique>
		<Format>4,5 x 10,7 cm</Format>
		<Cote>49Fi850</Cote>
		<Observations></Observations>
		<Origine>Don Faucher-Berhelé entré le 10/11/1978.</Origine>
		<Droits_Repro>Domaine public</Droits_Repro>
		<subject>SINISTRE;BIEN SINISTRE;GUERRE 1914-1918;</subject>
		<geoname>SERMAIZE-LES-BAINS (ville);MARNE (département);</geoname>
		<persname></persname>
		<corpname></corpname>
	</DocsFigures>
<DocsFigures>
		<Titre>Sermaize. Ruines</Titre>
		<Analyse>Ruines de Sermaize-les-bains (Marne).
23 août 1915. 
Guerre 1914-1918.</Analyse>
		<Realise_en>1915</Realise_en>
		<Liste_des_auteurs>BERTHELÉ, Raoul</Liste_des_auteurs>
		<Type_Doc>NEGATIF N&amp;B</Type_Doc>
		<Support>VERRE</Support>
		<Technique>Photographie stéréo</Technique>
		<Format>4,5 x 10,7 cm</Format>
		<Cote>49Fi851</Cote>
		<Observations>Même cliché que le 49Fi1872/132.</Observations>
		<Origine>Don Faucher-Berhelé entré le 10/11/1978.</Origine>
		<Droits_Repro>Domaine public</Droits_Repro>
		<subject>SINISTRE;BIEN SINISTRE;GUERRE 1914-1918;</subject>
		<geoname>SERMAIZE-LES-BAINS (ville);MARNE (département);</geoname>
		<persname></persname>
		<corpname></corpname>
	</DocsFigures>
<DocsFigures>
		<Titre>Vavray-le-Grand. Ruines</Titre>
		<Analyse>Ruines de Vavray-le-Grand (Marne).
1915. 
Guerre 1914-1918.</Analyse>
		<Realise_en>1915</Realise_en>
		<Liste_des_auteurs>BERTHELÉ, Raoul</Liste_des_auteurs>
		<Type_Doc>NEGATIF N&amp;B</Type_Doc>
		<Support>VERRE</Support>
		<Technique>Photographie stéréo</Technique>
		<Format>4,5 x 10,7 cm</Format>
		<Cote>49Fi852</Cote>
		<Observations>Papier collé sur la gélatine.
Même cliché que le 49Fi1872/128.</Observations>
		<Origine>Don Faucher-Berhelé entré le 10/11/1978.</Origine>
		<Droits_Repro>Domaine public</Droits_Repro>
		<subject>SINISTRE;BIEN SINISTRE;GUERRE 1914-1918;</subject>
		<geoname>MARNE (département);VAVRAY-LE-GRAND (village);</geoname>
		<persname></persname>
		<corpname></corpname>
	</DocsFigures>
<DocsFigures>
		<Titre>Sermaize. Ruines. 23/08/15. Usine</Titre>
		<Analyse>Ruines de l&apos;usine de Sermaize-les-bains (Marne).
23 août 1915. 
Guerre 1914-1918.</Analyse>
		<Realise_en>1915</Realise_en>
		<Liste_des_auteurs>BERTHELÉ, Raoul</Liste_des_auteurs>
		<Type_Doc>NEGATIF N&amp;B</Type_Doc>
		<Support>VERRE</Support>
		<Technique>Photographie stéréo</Technique>
		<Format>4,5 x 10,7 cm</Format>
		<Cote>49Fi853</Cote>
		<Observations>Même cliché que le 49Fi1872/137.</Observations>
		<Origine>Don Faucher-Berhelé entré le 10/11/1978.</Origine>
		<Droits_Repro>Domaine public</Droits_Repro>
		<subject>BATIMENT INDUSTRIEL;SINISTRE;BIEN SINISTRE;GUERRE 1914-1918;</subject>
		<geoname>SERMAIZE-LES-BAINS (ville);MARNE (département);</geoname>
		<persname></persname>
		<corpname></corpname>
	</DocsFigures>
<DocsFigures>
		<Titre>Sermaize. Ruines. 23/08/15</Titre>
		<Analyse>Ruines de Sermaize-les-bains (Marne).
23 août 1915. 
Guerre 1914-1918.</Analyse>
		<Realise_en>1915</Realise_en>
		<Liste_des_auteurs>BERTHELÉ, Raoul</Liste_des_auteurs>
		<Type_Doc>NEGATIF N&amp;B</Type_Doc>
		<Support>VERRE</Support>
		<Technique>Photographie stéréo</Technique>
		<Format>4,5 x 10,7 cm</Format>
		<Cote>49Fi854</Cote>
		<Observations>Même cliché que le 49Fi1872/129.
Luiè à 49Fi846 et 49Fi1879/34</Observations>
		<Origine>Don Faucher-Berhelé entré le 10/11/1978.</Origine>
		<Droits_Repro>Domaine public</Droits_Repro>
		<subject>SINISTRE;BIEN SINISTRE;GUERRE 1914-1918;</subject>
		<geoname>SERMAIZE-LES-BAINS (ville);MARNE (département);</geoname>
		<persname></persname>
		<corpname></corpname>
	</DocsFigures>
<DocsFigures>
		<Titre>Revigny. 23/08/15. Ruines</Titre>
		<Analyse>Ruines de Revigny-sur-Ornain (Meuse).
23 août 1915. 
Guerre 1914-1918.</Analyse>
		<Realise_en>1915</Realise_en>
		<Liste_des_auteurs>BERTHELÉ, Raoul</Liste_des_auteurs>
		<Type_Doc>NEGATIF N&amp;B</Type_Doc>
		<Support>VERRE</Support>
		<Technique>Photographie stéréo</Technique>
		<Format>4,5 x 10,7 cm</Format>
		<Cote>49Fi855</Cote>
		<Observations>Même cliché que le 49Fi1872/138.</Observations>
		<Origine>Don Faucher-Berhelé entré le 10/11/1978.</Origine>
		<Droits_Repro>Domaine public</Droits_Repro>
		<subject>SINISTRE;BIEN SINISTRE;GUERRE 1914-1918;</subject>
		<geoname>MEUSE (département);REVIGNY-SUR-ORNAIN (ville);</geoname>
		<persname></persname>
		<corpname></corpname>
	</DocsFigures>
<DocsFigures>
		<Titre>Bronne. Tranchées allemandes. R.B.</Titre>
		<Analyse>Raoul Berthelé dans une tranchée allemande à Bronne (Marne).
1915. 
Guerre 1914-1918.</Analyse>
		<Realise_en>1915</Realise_en>
		<Liste_des_auteurs>BERTHELÉ, Raoul</Liste_des_auteurs>
		<Type_Doc>NEGATIF N&amp;B</Type_Doc>
		<Support>VERRE</Support>
		<Technique>Photographie stéréo</Technique>
		<Format>4,5 x 10,7 cm</Format>
		<Cote>49Fi856</Cote>
		<Observations>Même cliché que le 49Fi1872/142 et de la 49Fi858 .
La vue de droite est en mauvais état.</Observations>
		<Origine>Don Faucher-Berhelé entré le 10/11/1978.</Origine>
		<Droits_Repro>Domaine public</Droits_Repro>
		<subject>GUERRE 1914-1918;</subject>
		<geoname>BRONNE (hameau);MARNE (département);</geoname>
		<persname>BERTHELE, Raoul;</persname>
		<corpname></corpname>
	</DocsFigures>
<DocsFigures>
		<Titre>Sermaize. Ruines. 23/08/15</Titre>
		<Analyse>Ruines de Sermaize-les-bains (Marne).
23 août 1915. 
Guerre 1914-1918.</Analyse>
		<Realise_en>1915</Realise_en>
		<Liste_des_auteurs>BERTHELÉ, Raoul</Liste_des_auteurs>
		<Type_Doc>NEGATIF N&amp;B</Type_Doc>
		<Support>VERRE</Support>
		<Technique>Photographie stéréo</Technique>
		<Format>4,5 x 10,7 cm</Format>
		<Cote>49Fi857</Cote>
		<Observations>Même cliché que le 49Fi1872/136.</Observations>
		<Origine>Don Faucher-Berhelé entré le 10/11/1978.</Origine>
		<Droits_Repro>Domaine public</Droits_Repro>
		<subject>SINISTRE;BIEN SINISTRE;GUERRE 1914-1918;</subject>
		<geoname>SERMAIZE-LES-BAINS (ville);MARNE (département);</geoname>
		<persname></persname>
		<corpname></corpname>
	</DocsFigures>
<DocsFigures>
		<Titre>Bronne</Titre>
		<Analyse>Raoul Berthelé dans une tranchée allemande à Bronne (Marne).
Guerre 1914-1918.</Analyse>
		<Realise_en>1915</Realise_en>
		<Liste_des_auteurs>BERTHELÉ, Raoul</Liste_des_auteurs>
		<Type_Doc>Positif N&amp;B</Type_Doc>
		<Support>VERRE</Support>
		<Technique>Photographie stéréo</Technique>
		<Format>4,5 x 10,7 cm</Format>
		<Cote>49Fi858</Cote>
		<Observations>Plaque positive de la 49Fi856.</Observations>
		<Origine>Don Faucher-Berhelé entré le 10/11/1978.</Origine>
		<Droits_Repro>Domaine public</Droits_Repro>
		<subject>GUERRE 1914-1918;</subject>
		<geoname>BRONNE (hameau);MARNE (département);</geoname>
		<persname>BERTHELE, Raoul;</persname>
		<corpname></corpname>
	</DocsFigures>
<DocsFigures>
		<Titre>Amiens. La Hotoie. Mlle Delagarde</Titre>
		<Analyse>Portrait de Mlle Delagarde dans le parc de La Hotoie à Amiens (Somme).
1915. 
Guerre 1914-1918.</Analyse>
		<Realise_en>1915</Realise_en>
		<Liste_des_auteurs>BERTHELÉ, Raoul</Liste_des_auteurs>
		<Type_Doc>Positif N&amp;B</Type_Doc>
		<Support>VERRE</Support>
		<Technique>Photographie stéréo</Technique>
		<Format>4,5 x 10,7 cm</Format>
		<Cote>49Fi859</Cote>
		<Observations></Observations>
		<Origine>Don Faucher-Berhelé entré le 10/11/1978.</Origine>
		<Droits_Repro>Domaine public</Droits_Repro>
		<subject>GUERRE 1914-1918;</subject>
		<geoname>AMIENS (ville);SOMME (département);</geoname>
		<persname></persname>
		<corpname></corpname>
	</DocsFigures>
<DocsFigures>
		<Titre>Suippes. Jets de liquide enflammé</Titre>
		<Analyse>Expérimentation à Suippes (Marne) de jets de liquide enflammé.
1915. 
Guerre 1914-1918.</Analyse>
		<Realise_en>1915</Realise_en>
		<Liste_des_auteurs>BERTHELÉ, Raoul</Liste_des_auteurs>
		<Type_Doc>Positif N&amp;B</Type_Doc>
		<Support>VERRE</Support>
		<Technique>Photographie stéréo</Technique>
		<Format>4,5 x 10,7 cm</Format>
		<Cote>49Fi860</Cote>
		<Observations>Plaque positive de la 49Fi560.</Observations>
		<Origine>Don Faucher-Berhelé entré le 10/11/1978.</Origine>
		<Droits_Repro>Domaine public</Droits_Repro>
		<subject>GUERRE 1914-1918;</subject>
		<geoname>MARNE (département);SUIPPES (village);</geoname>
		<persname></persname>
		<corpname></corpname>
	</DocsFigures>
<DocsFigures>
		<Titre>Saleux. Mlle Cornu. 20/06/15</Titre>
		<Analyse>Portrait de Mlle Cornu portant un bouquet de fleurs des champs à Saleux (Somme).
1915. 
Guerre 1914-1918.</Analyse>
		<Realise_en>1915</Realise_en>
		<Liste_des_auteurs>BERTHELÉ, Raoul</Liste_des_auteurs>
		<Type_Doc>Positif N&amp;B</Type_Doc>
		<Support>VERRE</Support>
		<Technique>Photographie stéréo</Technique>
		<Format>4,5 x 10,7 cm</Format>
		<Cote>49Fi861</Cote>
		<Observations>Même cliché que le 49Fi1872/85.</Observations>
		<Origine>Don Faucher-Berhelé entré le 10/11/1978.</Origine>
		<Droits_Repro>Domaine public</Droits_Repro>
		<subject>GUERRE 1914-1918;</subject>
		<geoname>SALEUX (ville);SOMME (département);</geoname>
		<persname></persname>
		<corpname></corpname>
	</DocsFigures>
<DocsFigures>
		<Titre>Longueau. Embarquement</Titre>
		<Analyse>Embarquement d&apos;ambulances sur des plates-formes en gare de Longueau (Somme).
1915. 
Guerre 1914-1918.</Analyse>
		<Realise_en>1915</Realise_en>
		<Liste_des_auteurs>BERTHELÉ, Raoul</Liste_des_auteurs>
		<Type_Doc>Positif N&amp;B</Type_Doc>
		<Support>VERRE</Support>
		<Technique>Photographie stéréo</Technique>
		<Format>4,5 x 10,7 cm</Format>
		<Cote>49Fi862</Cote>
		<Observations>Même cliché que le 49Fi1872/127.</Observations>
		<Origine>Don Faucher-Berhelé entré le 10/11/1978.</Origine>
		<Droits_Repro>Domaine public</Droits_Repro>
		<subject>GARE;GUERRE 1914-1918;</subject>
		<geoname>LONGUEAU (ville);SOMME (département);</geoname>
		<persname></persname>
		<corpname></corpname>
	</DocsFigures>
<DocsFigures>
		<Titre>Revigny</Titre>
		<Analyse>Ruines de Revigny-sur-Ornain (Meuse).
1915. 
Guerre 1914-1918.</Analyse>
		<Realise_en>1915</Realise_en>
		<Liste_des_auteurs>BERTHELÉ, Raoul</Liste_des_auteurs>
		<Type_Doc>Positif N&amp;B</Type_Doc>
		<Support>VERRE</Support>
		<Technique>Photographie stéréo</Technique>
		<Format>4,5 x 10,7 cm</Format>
		<Cote>49Fi863</Cote>
		<Observations>Lié à 49Fi1872/135</Observations>
		<Origine>Don Faucher-Berhelé entré le 10/11/1978.</Origine>
		<Droits_Repro>Domaine public</Droits_Repro>
		<subject>SINISTRE;BIEN SINISTRE;GUERRE 1914-1918;</subject>
		<geoname>MEUSE (département);REVIGNY-SUR-ORNAIN (ville);</geoname>
		<persname></persname>
		<corpname></corpname>
	</DocsFigures>
<DocsFigures>
		<Titre>Sermaize. Usine</Titre>
		<Analyse>Ruines de Sermaize-les-Bains (Marne).
1915. 
Guerre 1914-1918.</Analyse>
		<Realise_en>1915</Realise_en>
		<Liste_des_auteurs>BERTHELÉ, Raoul</Liste_des_auteurs>
		<Type_Doc>Positif N&amp;B</Type_Doc>
		<Support>VERRE</Support>
		<Technique>Photographie stéréo</Technique>
		<Format>4,5 x 10,7 cm</Format>
		<Cote>49Fi864</Cote>
		<Observations>Lié à 49Fi1872/134 et à 49Fi1879/36</Observations>
		<Origine>Don Faucher-Berhelé entré le 10/11/1978.</Origine>
		<Droits_Repro>Domaine public</Droits_Repro>
		<subject>SINISTRE;BATIMENT INDUSTRIEL;BIEN SINISTRE;GUERRE 1914-1918;</subject>
		<geoname>SERMAIZE-LES-BAINS (ville);MARNE (département);</geoname>
		<persname></persname>
		<corpname></corpname>
	</DocsFigures>
<DocsFigures>
		<Titre>Bassin de natation. Concours de plongeons</Titre>
		<Analyse>Concours de plongeons dans le bassin de natation d&apos;Amiens (Somme).
1915. 
Guerre 1914-1918.</Analyse>
		<Realise_en>1915</Realise_en>
		<Liste_des_auteurs>BERTHELÉ, Raoul</Liste_des_auteurs>
		<Type_Doc>Positif N&amp;B</Type_Doc>
		<Support>VERRE</Support>
		<Technique>Photographie stéréo</Technique>
		<Format>4,5 x 10,7 cm</Format>
		<Cote>49Fi865</Cote>
		<Observations>La plaque est cassée en plusieurs morceaux.
Lié à 49Fi1872/115</Observations>
		<Origine>Don Faucher-Berhelé entré le 10/11/1978.</Origine>
		<Droits_Repro>Domaine public</Droits_Repro>
		<subject>GUERRE 1914-1918;</subject>
		<geoname>AMIENS (ville);SOMME (département);</geoname>
		<persname></persname>
		<corpname></corpname>
	</DocsFigures>
<DocsFigures>
		<Titre>Sermaize</Titre>
		<Analyse>Ruines de Sermaize-les-bains (Marne).
1915. 
Guerre 1914-1918.</Analyse>
		<Realise_en>1915</Realise_en>
		<Liste_des_auteurs>BERTHELÉ, Raoul</Liste_des_auteurs>
		<Type_Doc>Positif N&amp;B</Type_Doc>
		<Support>VERRE</Support>
		<Technique>Photographie stéréo</Technique>
		<Format>4,5 x 10,7 cm</Format>
		<Cote>49Fi866</Cote>
		<Observations>Lié à 49Fi1872/132</Observations>
		<Origine>Don Faucher-Berhelé entré le 10/11/1978.</Origine>
		<Droits_Repro>Domaine public</Droits_Repro>
		<subject>SINISTRE;BIEN SINISTRE;GUERRE 1914-1918;</subject>
		<geoname>SERMAIZE-LES-BAINS (ville);MARNE (département);</geoname>
		<persname></persname>
		<corpname></corpname>
	</DocsFigures>
<DocsFigures>
		<Titre>Saleux. Hôpital. Arrivée de blessés et de malades</Titre>
		<Analyse>Arrivée de blessés et de malades à l&apos;hôpital de Saleux (Somme).
1915. 
Guerre 1914-1918.</Analyse>
		<Realise_en>1915</Realise_en>
		<Liste_des_auteurs>BERTHELÉ, Raoul</Liste_des_auteurs>
		<Type_Doc>Positif N&amp;B</Type_Doc>
		<Support>VERRE</Support>
		<Technique>Photographie stéréo</Technique>
		<Format>4,5 x 10,7 cm</Format>
		<Cote>49Fi867</Cote>
		<Observations></Observations>
		<Origine>Don Faucher-Berhelé entré le 10/11/1978.</Origine>
		<Droits_Repro>Domaine public</Droits_Repro>
		<subject>MILITAIRE;SERVICE SANITAIRE MILITAIRE;VICTIME DE GUERRE;GUERRE 1914-1918;</subject>
		<geoname>SALEUX (ville);SOMME (département);</geoname>
		<persname></persname>
		<corpname></corpname>
	</DocsFigures>
<DocsFigures>
		<Titre>Revigny</Titre>
		<Analyse>Ruines de Revigny-sur-Ornain (Meuse).
1915. 
Guerre 1914-1918.</Analyse>
		<Realise_en>1915</Realise_en>
		<Liste_des_auteurs>BERTHELÉ, Raoul</Liste_des_auteurs>
		<Type_Doc>Positif N&amp;B</Type_Doc>
		<Support>VERRE</Support>
		<Technique>Photographie stéréo</Technique>
		<Format>4,5 x 10,7 cm</Format>
		<Cote>49Fi868</Cote>
		<Observations>Lié à 49Fi1872/138</Observations>
		<Origine>Don Faucher-Berhelé entré le 10/11/1978.</Origine>
		<Droits_Repro>Domaine public</Droits_Repro>
		<subject>BIEN SINISTRE;SINISTRE;GUERRE 1914-1918;</subject>
		<geoname>MEUSE (département);REVIGNY-SUR-ORNAIN (ville);</geoname>
		<persname></persname>
		<corpname></corpname>
	</DocsFigures>
<DocsFigures>
		<Titre>Sermaize</Titre>
		<Analyse>Ruines de Sermaize-les-bains (Marne).
1915. 
Guerre 1914-1918.</Analyse>
		<Realise_en>1915</Realise_en>
		<Liste_des_auteurs>BERTHELÉ, Raoul</Liste_des_auteurs>
		<Type_Doc>Positif N&amp;B</Type_Doc>
		<Support>VERRE</Support>
		<Technique>Photographie stéréo</Technique>
		<Format>4,5 x 10,7 cm</Format>
		<Cote>49Fi869</Cote>
		<Observations>Lié à 49Fi1872/133
Lié à la 49Fi1879/38</Observations>
		<Origine>Don Faucher-Berhelé entré le 10/11/1978.</Origine>
		<Droits_Repro>Domaine public</Droits_Repro>
		<subject>BIEN SINISTRE;SINISTRE;GUERRE 1914-1918;</subject>
		<geoname>SERMAIZE-LES-BAINS (ville);MARNE (département);</geoname>
		<persname></persname>
		<corpname></corpname>
	</DocsFigures>
<DocsFigures>
		<Titre>Sermaize</Titre>
		<Analyse>Ruines de Sermaize-les-bains (Marne).
1915. 
Guerre 1914-1918.</Analyse>
		<Realise_en>1915</Realise_en>
		<Liste_des_auteurs>BERTHELÉ, Raoul</Liste_des_auteurs>
		<Type_Doc>Positif N&amp;B</Type_Doc>
		<Support>VERRE</Support>
		<Technique>Photographie stéréo</Technique>
		<Format>4,5 x 10,7 cm</Format>
		<Cote>49Fi870</Cote>
		<Observations>Lié à 49Fi1872/136</Observations>
		<Origine>Don Faucher-Berhelé entré le 10/11/1978.</Origine>
		<Droits_Repro>Domaine public</Droits_Repro>
		<subject>BIEN SINISTRE;SINISTRE;GUERRE 1914-1918;</subject>
		<geoname>SERMAIZE-LES-BAINS (ville);MARNE (département);</geoname>
		<persname></persname>
		<corpname></corpname>
	</DocsFigures>
<DocsFigures>
		<Titre>Cuperly. Nieuport</Titre>
		<Analyse>Vue d&apos;un avion (Nieuport) dans un champ d&apos;aviation à Cuperly (Marne).
Entre 1915 et 1916. 
Guerre 1914-1918.</Analyse>
		<Realise_en>1915</Realise_en>
		<Liste_des_auteurs>BERTHELÉ, Raoul</Liste_des_auteurs>
		<Type_Doc>Positif N&amp;B</Type_Doc>
		<Support>VERRE</Support>
		<Technique>Photographie stéréo</Technique>
		<Format>4,5 x 10,7 cm</Format>
		<Cote>49Fi871</Cote>
		<Observations></Observations>
		<Origine>Don Faucher-Berhelé entré le 10/11/1978.</Origine>
		<Droits_Repro>Domaine public</Droits_Repro>
		<subject>GUERRE 1914-1918;</subject>
		<geoname>CUPERLY (village);MARNE (département);</geoname>
		<persname></persname>
		<corpname></corpname>
	</DocsFigures>
<DocsFigures>
		<Titre>Saleux. M. Cazals au galop</Titre>
		<Analyse>M. Cazals au galop à Saleux (Somme).
1915. 
Guerre 1914-1918.</Analyse>
		<Realise_en>1915</Realise_en>
		<Liste_des_auteurs>BERTHELÉ, Raoul</Liste_des_auteurs>
		<Type_Doc>Positif N&amp;B</Type_Doc>
		<Support>VERRE</Support>
		<Technique>Photographie stéréo</Technique>
		<Format>4,5 x 10,7 cm</Format>
		<Cote>49Fi872</Cote>
		<Observations></Observations>
		<Origine>Don Faucher-Berhelé entré le 10/11/1978.</Origine>
		<Droits_Repro>Domaine public</Droits_Repro>
		<subject>GUERRE 1914-1918;</subject>
		<geoname>SALEUX (ville);SOMME (département);</geoname>
		<persname></persname>
		<corpname></corpname>
	</DocsFigures>
<DocsFigures>
		<Titre>Saleux. Ouvriers de l&apos;usine de Cosserat</Titre>
		<Analyse>Photo d&apos;un groupe d&apos;ouvrières de l&apos;usine Cosserat à Saleux (Somme).
1915. 
Guerre 1914-1918.</Analyse>
		<Realise_en>1915</Realise_en>
		<Liste_des_auteurs>BERTHELÉ, Raoul</Liste_des_auteurs>
		<Type_Doc>NEGATIF N&amp;B</Type_Doc>
		<Support>VERRE</Support>
		<Technique>Photographie stéréo</Technique>
		<Format>4,5 x 10,7 cm</Format>
		<Cote>49Fi873</Cote>
		<Observations></Observations>
		<Origine>Don Faucher-Berhelé entré le 10/11/1978.</Origine>
		<Droits_Repro>Domaine public</Droits_Repro>
		<subject>GUERRE 1914-1918;</subject>
		<geoname>SALEUX (ville);SOMME (département);</geoname>
		<persname></persname>
		<corpname></corpname>
	</DocsFigures>
<DocsFigures>
		<Titre>Saleux. Brunel. Bruel et [?]</Titre>
		<Analyse>Photo des officiers Bruel, Brunel et [?] à Saleux (Somme).
1915. 
Guerre 1914-1918.</Analyse>
		<Realise_en>1915</Realise_en>
		<Liste_des_auteurs>BERTHELÉ, Raoul</Liste_des_auteurs>
		<Type_Doc>NEGATIF N&amp;B</Type_Doc>
		<Support>VERRE</Support>
		<Technique>Photographie stéréo</Technique>
		<Format>4,5 x 10,7 cm</Format>
		<Cote>49Fi874</Cote>
		<Observations></Observations>
		<Origine>Don Faucher-Berhelé entré le 10/11/1978.</Origine>
		<Droits_Repro>Domaine public</Droits_Repro>
		<subject>GUERRE 1914-1918;</subject>
		<geoname>SALEUX (ville);SOMME (département);</geoname>
		<persname></persname>
		<corpname></corpname>
	</DocsFigures>
<DocsFigures>
		<Titre>Saleux. Mon secrétaire Sévajols</Titre>
		<Analyse>Le secrétaire M. Sévajols de Raoul Berthelé au bureau d&apos;approvisionnement de Saleux (Somme).
1915. 
Guerre 1914-1918.</Analyse>
		<Realise_en>1915</Realise_en>
		<Liste_des_auteurs>BERTHELÉ, Raoul</Liste_des_auteurs>
		<Type_Doc>NEGATIF N&amp;B</Type_Doc>
		<Support>VERRE</Support>
		<Technique>Photographie stéréo</Technique>
		<Format>4,5 x 10,7 cm</Format>
		<Cote>49Fi875</Cote>
		<Observations></Observations>
		<Origine>Don Faucher-Berhelé entré le 10/11/1978.</Origine>
		<Droits_Repro>Domaine public</Droits_Repro>
		<subject>GUERRE 1914-1918;</subject>
		<geoname>SALEUX (ville);SOMME (département);</geoname>
		<persname>BERTHELE, Raoul;</persname>
		<corpname></corpname>
	</DocsFigures>
<DocsFigures>
		<Titre>Ferme des Wacques. 14/04/16</Titre>
		<Analyse>Ruines de la ferme des Wacques dans les environs de Souain (Marne).
14 avril 1916. 
Guerre 1914-1918.</Analyse>
		<Realise_en>1916</Realise_en>
		<Liste_des_auteurs>BERTHELÉ, Raoul</Liste_des_auteurs>
		<Type_Doc>NEGATIF N&amp;B</Type_Doc>
		<Support>VERRE</Support>
		<Technique>Photographie stéréo</Technique>
		<Format>4,5 x 10,7 cm</Format>
		<Cote>49Fi876</Cote>
		<Observations>Même cliché que le 49Fi1876/46.</Observations>
		<Origine>Don Faucher-Berhelé entré le 10/11/1978.</Origine>
		<Droits_Repro>Domaine public</Droits_Repro>
		<subject>BATIMENT AGRICOLE;BIEN SINISTRE;SINISTRE;GUERRE 1914-1918;</subject>
		<geoname>MARNE (département);SOUAIN (hameau);SOUAIN-PERTHES-LES-HURLUS (village);</geoname>
		<persname></persname>
		<corpname></corpname>
	</DocsFigures>
<DocsFigures>
		<Titre>Souain. 14/04/16. Bois d&apos;obus. Pièce de 105.</Titre>
		<Analyse>Canon de 105 près de Souain (Marne).
14 avril 1916. 
Guerre 1914-1918.</Analyse>
		<Realise_en>1916</Realise_en>
		<Liste_des_auteurs>BERTHELÉ, Raoul</Liste_des_auteurs>
		<Type_Doc>NEGATIF N&amp;B</Type_Doc>
		<Support>VERRE</Support>
		<Technique>Photographie stéréo</Technique>
		<Format>4,5 x 10,7 cm</Format>
		<Cote>49Fi877</Cote>
		<Observations>Même cliché que le 49Fi1876/51.
Même cliché que le 49Fi910</Observations>
		<Origine>Don Faucher-Berhelé entré le 10/11/1978.</Origine>
		<Droits_Repro>Domaine public</Droits_Repro>
		<subject>GUERRE 1914-1918;</subject>
		<geoname>MARNE (département);SOUAIN (hameau);SOUAIN-PERTHES-LES-HURLUS (village);</geoname>
		<persname></persname>
		<corpname></corpname>
	</DocsFigures>
<DocsFigures>
		<Titre>Souain. 14/04/16. Pièce de 90</Titre>
		<Analyse>Canon de 90 près de Souain (Marne).
14 avril 1916. 
Guerre 1914-1918.</Analyse>
		<Realise_en>1916</Realise_en>
		<Liste_des_auteurs>BERTHELÉ, Raoul</Liste_des_auteurs>
		<Type_Doc>NEGATIF N&amp;B</Type_Doc>
		<Support>VERRE</Support>
		<Technique>Photographie stéréo</Technique>
		<Format>4,5 x 10,7 cm</Format>
		<Cote>49Fi878</Cote>
		<Observations>Même cliché que le 49Fi1876/53.
Même cliché que le 49Fi901</Observations>
		<Origine>Don Faucher-Berhelé entré le 10/11/1978.</Origine>
		<Droits_Repro>Domaine public</Droits_Repro>
		<subject>GUERRE 1914-1918;</subject>
		<geoname>MARNE (département);SOUAIN (hameau);SOUAIN-PERTHES-LES-HURLUS (village);</geoname>
		<persname></persname>
		<corpname></corpname>
	</DocsFigures>
<DocsFigures>
		<Titre>Souain. 14/04/16. Pièce de 75</Titre>
		<Analyse>Canon de 75 près de Souain (Marne).
14 avril 1916. 
Guerre 1914-1918.</Analyse>
		<Realise_en>1916</Realise_en>
		<Liste_des_auteurs>BERTHELÉ, Raoul</Liste_des_auteurs>
		<Type_Doc>NEGATIF N&amp;B</Type_Doc>
		<Support>VERRE</Support>
		<Technique>Photographie stéréo</Technique>
		<Format>4,5 x 10,7 cm</Format>
		<Cote>49Fi879</Cote>
		<Observations>Même cliché que le 49Fi1876/50.
Même cliché que le 49Fi900.</Observations>
		<Origine>Don Faucher-Berhelé entré le 10/11/1978.</Origine>
		<Droits_Repro>Domaine public</Droits_Repro>
		<subject>GUERRE 1914-1918;</subject>
		<geoname>MARNE (département);SOUAIN (hameau);SOUAIN-PERTHES-LES-HURLUS (village);</geoname>
		<persname></persname>
		<corpname></corpname>
	</DocsFigures>
<DocsFigures>
		<Titre>Souain. 14/04/16. Intérieur de l&apos;Eglise. R.B</Titre>
		<Analyse>Raoul Berthelé pose dans les ruines de l&apos;église de Souain (Marne).
14 avril 1916. 
Guerre 1914-1918.</Analyse>
		<Realise_en>1916</Realise_en>
		<Liste_des_auteurs>BERTHELÉ, Raoul</Liste_des_auteurs>
		<Type_Doc>NEGATIF N&amp;B</Type_Doc>
		<Support>VERRE</Support>
		<Technique>Photographie stéréo</Technique>
		<Format>4,5 x 10,7 cm</Format>
		<Cote>49Fi880</Cote>
		<Observations>Même cliché que le 49Fi1876/46.
Même cliché que le 49Fi1876/43.</Observations>
		<Origine>Don Faucher-Berhelé entré le 10/11/1978.</Origine>
		<Droits_Repro>Domaine public</Droits_Repro>
		<subject>EDIFICE CULTUEL;BIEN SINISTRE;SINISTRE;GUERRE 1914-1918;</subject>
		<geoname>MARNE (département);SOUAIN (hameau);SOUAIN-PERTHES-LES-HURLUS (village);</geoname>
		<persname>BERTHELE, Raoul;</persname>
		<corpname></corpname>
	</DocsFigures>
<DocsFigures>
		<Titre>14/04/16. Ferme des Wacques. Pont sur l&apos;Ain</Titre>
		<Analyse>Pont sur l&apos;Ain près de la ferme des Wacques, près de Souain (Marne).
14 avril 1916. 
Guerre 1914-1918.</Analyse>
		<Realise_en>1916</Realise_en>
		<Liste_des_auteurs>BERTHELÉ, Raoul</Liste_des_auteurs>
		<Type_Doc>NEGATIF N&amp;B</Type_Doc>
		<Support>VERRE</Support>
		<Technique>Photographie stéréo</Technique>
		<Format>4,5 x 10,7 cm</Format>
		<Cote>49Fi881</Cote>
		<Observations></Observations>
		<Origine>Don Faucher-Berhelé entré le 10/11/1978.</Origine>
		<Droits_Repro>Domaine public</Droits_Repro>
		<subject>GUERRE 1914-1918;</subject>
		<geoname>MARNE (département);SOUAIN-PERTHES-LES-HURLUS (village);SOUAIN (hameau);</geoname>
		<persname></persname>
		<corpname></corpname>
	</DocsFigures>
<DocsFigures>
		<Titre>Souain. 14/04/16. Bois d&apos;obus. Pièce de 105</Titre>
		<Analyse>Pièce de 105 près de Souain (Marne).
14 avril 1916. 
Guerre 1914-1918.</Analyse>
		<Realise_en>1916</Realise_en>
		<Liste_des_auteurs>BERTHELÉ, Raoul</Liste_des_auteurs>
		<Type_Doc>NEGATIF N&amp;B</Type_Doc>
		<Support>VERRE</Support>
		<Technique>Photographie stéréo</Technique>
		<Format>4,5 x 10,7 cm</Format>
		<Cote>49Fi882</Cote>
		<Observations>Même cliché que le 49Fi1876/54.</Observations>
		<Origine>Don Faucher-Berhelé entré le 10/11/1978.</Origine>
		<Droits_Repro>Domaine public</Droits_Repro>
		<subject>GUERRE 1914-1918;</subject>
		<geoname>MARNE (département);SOUAIN (hameau);SOUAIN-PERTHES-LES-HURLUS (village);</geoname>
		<persname></persname>
		<corpname></corpname>
	</DocsFigures>
<DocsFigures>
		<Titre>Souain. 14/04/16. Eglise. Cloche dans les décombres</Titre>
		<Analyse>Cloche dans les décombres de l&apos;église de Souain (Marne).
14 avril 1916. 
Guerre 1914-1918.</Analyse>
		<Realise_en>1916</Realise_en>
		<Liste_des_auteurs>BERTHELÉ, Raoul</Liste_des_auteurs>
		<Type_Doc>NEGATIF N&amp;B</Type_Doc>
		<Support>VERRE</Support>
		<Technique>Photographie stéréo</Technique>
		<Format>4,5 x 10,7 cm</Format>
		<Cote>49Fi883</Cote>
		<Observations>Même cliché que le 49Fi1876/48.</Observations>
		<Origine>Don Faucher-Berhelé entré le 10/11/1978.</Origine>
		<Droits_Repro>Domaine public</Droits_Repro>
		<subject>EDIFICE CULTUEL;BIEN SINISTRE;GUERRE 1914-1918;</subject>
		<geoname>MARNE (département);SOUAIN (hameau);SOUAIN-PERTHES-LES-HURLUS (village);</geoname>
		<persname></persname>
		<corpname></corpname>
	</DocsFigures>
<DocsFigures>
		<Titre>Souain. 14/04/16. Eglise. Cloche par terre</Titre>
		<Analyse>Cloche dans les décombres de l&apos;église de Souain (Marne).
14 avril 1916. 
Guerre 1914-1918.</Analyse>
		<Realise_en>1916</Realise_en>
		<Liste_des_auteurs>BERTHELÉ, Raoul</Liste_des_auteurs>
		<Type_Doc>NEGATIF N&amp;B</Type_Doc>
		<Support>VERRE</Support>
		<Technique>Photographie stéréo</Technique>
		<Format>4,5 x 10,7 cm</Format>
		<Cote>49Fi884</Cote>
		<Observations>Même cliché que le 49Fi1876/45.</Observations>
		<Origine>Don Faucher-Berhelé entré le 10/11/1978.</Origine>
		<Droits_Repro>Domaine public</Droits_Repro>
		<subject>EDIFICE CULTUEL;BIEN SINISTRE;GUERRE 1914-1918;</subject>
		<geoname>MARNE (département);SOUAIN (hameau);SOUAIN-PERTHES-LES-HURLUS (village);</geoname>
		<persname></persname>
		<corpname></corpname>
	</DocsFigures>
<DocsFigures>
		<Titre>Souain. 14/04/16. Eglise</Titre>
		<Analyse>Vue d&apos;ensemble des ruines de l&apos;église de Souain (Marne).
14 avril 1916. 
Guerre 1914-1918.</Analyse>
		<Realise_en>1916</Realise_en>
		<Liste_des_auteurs>BERTHELÉ, Raoul</Liste_des_auteurs>
		<Type_Doc>NEGATIF N&amp;B</Type_Doc>
		<Support>VERRE</Support>
		<Technique>Photographie stéréo</Technique>
		<Format>4,5 x 10,7 cm</Format>
		<Cote>49Fi885</Cote>
		<Observations></Observations>
		<Origine>Don Faucher-Berhelé entré le 10/11/1978.</Origine>
		<Droits_Repro>Domaine public</Droits_Repro>
		<subject>EDIFICE CULTUEL;BIEN SINISTRE;SINISTRE;GUERRE 1914-1918;</subject>
		<geoname>MARNE (département);SOUAIN-PERTHES-LES-HURLUS (village);SOUAIN (hameau);</geoname>
		<persname></persname>
		<corpname></corpname>
	</DocsFigures>
<DocsFigures>
		<Titre>Souain. Eglise</Titre>
		<Analyse>Vue d&apos;ensemble des ruines de l&apos;église de Souain (Marne).
14 avril 1916. 
Guerre 1914-1918.</Analyse>
		<Realise_en>1916</Realise_en>
		<Liste_des_auteurs>BERTHELÉ, Raoul</Liste_des_auteurs>
		<Type_Doc>NEGATIF N&amp;B</Type_Doc>
		<Support>VERRE</Support>
		<Technique>Photographie stéréo</Technique>
		<Format>4,5 x 10,7 cm</Format>
		<Cote>49Fi886</Cote>
		<Observations>Même cliché que le 49Fi1876/44.</Observations>
		<Origine>Don Faucher-Berhelé entré le 10/11/1978.</Origine>
		<Droits_Repro>Domaine public</Droits_Repro>
		<subject>EDIFICE CULTUEL;BIEN SINISTRE;SINISTRE;GUERRE 1914-1918;</subject>
		<geoname>MARNE (département);SOUAIN (hameau);SOUAIN-PERTHES-LES-HURLUS (village);</geoname>
		<persname></persname>
		<corpname></corpname>
	</DocsFigures>
<DocsFigures>
		<Titre>Nogentel. La chapelle</Titre>
		<Analyse>Chapelle de la famille Vomarne/Berthelé dans le parc de la maison Vomarne à Nogentel (Aisne).
15 avril 1916. 
Guerre 1914-1918.
Joseph Berthelé et Raoul Berthelé y sont enterrés.</Analyse>
		<Realise_en>1916</Realise_en>
		<Liste_des_auteurs>BERTHELÉ, Raoul</Liste_des_auteurs>
		<Type_Doc>NEGATIF N&amp;B</Type_Doc>
		<Support>VERRE</Support>
		<Technique>Photographie stéréo</Technique>
		<Format>4,5 x 10,7 cm</Format>
		<Cote>49Fi887</Cote>
		<Observations>Même cliché que le 49Fi1876/66.</Observations>
		<Origine>Don Faucher-Berhelé entré le 10/11/1978.</Origine>
		<Droits_Repro>Domaine public</Droits_Repro>
		<subject>GUERRE 1914-1918;</subject>
		<geoname>AISNE (département);NOGENTEL (village);</geoname>
		<persname>BERTHELE, Raoul;</persname>
		<corpname></corpname>
	</DocsFigures>
<DocsFigures>
		<Titre>Nogentel. 15/04/16. Le canal</Titre>
		<Analyse>Vue du canal qui passe dans le jardin de la maison Vomarne à Nogentel (Aisne).
15 avril 1916. 
Guerre 1914-1918.</Analyse>
		<Realise_en>1916</Realise_en>
		<Liste_des_auteurs>BERTHELÉ, Raoul</Liste_des_auteurs>
		<Type_Doc>NEGATIF N&amp;B</Type_Doc>
		<Support>VERRE</Support>
		<Technique>Photographie stéréo</Technique>
		<Format>4,5 x 10,7 cm</Format>
		<Cote>49Fi888</Cote>
		<Observations></Observations>
		<Origine>Don Faucher-Berhelé entré le 10/11/1978.</Origine>
		<Droits_Repro>Domaine public</Droits_Repro>
		<subject>GUERRE 1914-1918;</subject>
		<geoname>AISNE (département);NOGENTEL (village);</geoname>
		<persname></persname>
		<corpname></corpname>
	</DocsFigures>
<DocsFigures>
		<Titre>Nogentel. 15/04/16. Albéric</Titre>
		<Analyse>Albéric Vomarne ( l&apos;oncle maternel de Raoul Berthelé) avec André et Jean dans un sous bois à Nogentel (Aisne).
15 avril 1916. 
Guerre 1914-1918.</Analyse>
		<Realise_en>1916</Realise_en>
		<Liste_des_auteurs>BERTHELÉ, Raoul</Liste_des_auteurs>
		<Type_Doc>NEGATIF N&amp;B</Type_Doc>
		<Support>VERRE</Support>
		<Technique>Photographie stéréo</Technique>
		<Format>4,5 x 10,7 cm</Format>
		<Cote>49Fi889</Cote>
		<Observations>Même cliché que le 49Fi1876/70.</Observations>
		<Origine>Don Faucher-Berhelé entré le 10/11/1978.</Origine>
		<Droits_Repro>Domaine public</Droits_Repro>
		<subject>GUERRE 1914-1918;</subject>
		<geoname>AISNE (département);NOGENTEL (village);</geoname>
		<persname>BERTHELE, Raoul;</persname>
		<corpname></corpname>
	</DocsFigures>
<DocsFigures>
		<Titre>Nogentel. 15/04/16. R. B. et Jean</Titre>
		<Analyse>Raoul Berthelé et son neveu Jean dans le jardin de la maison Vomarne à Nogentel (Aisne).
14 avril 1916. 
Guerre 1914-1918.</Analyse>
		<Realise_en>1916</Realise_en>
		<Liste_des_auteurs>BERTHELÉ, Raoul</Liste_des_auteurs>
		<Type_Doc>NEGATIF N&amp;B</Type_Doc>
		<Support>VERRE</Support>
		<Technique>Photographie stéréo</Technique>
		<Format>4,5 x 10,7 cm</Format>
		<Cote>49Fi890</Cote>
		<Observations>Même cliché que le 49Fi1876/68.</Observations>
		<Origine>Don Faucher-Berhelé entré le 10/11/1978.</Origine>
		<Droits_Repro>Domaine public</Droits_Repro>
		<subject>GUERRE 1914-1918;</subject>
		<geoname>AISNE (département);NOGENTEL (village);</geoname>
		<persname>BERTHELE, Raoul;</persname>
		<corpname></corpname>
	</DocsFigures>
<DocsFigures>
		<Titre>Nogentel. 15/04/16. R. B.. Jean et André</Titre>
		<Analyse>Jean et André les neveux de Raoul Berthelé dans le jardin de la maison Vomarne à Nogentel (Aisne). 
15 avril 1916. 
Guerre 1914-1918.</Analyse>
		<Realise_en>1916</Realise_en>
		<Liste_des_auteurs>BERTHELÉ, Raoul</Liste_des_auteurs>
		<Type_Doc>NEGATIF N&amp;B</Type_Doc>
		<Support>VERRE</Support>
		<Technique>Photographie stéréo</Technique>
		<Format>4,5 x 10,7 cm</Format>
		<Cote>49Fi891</Cote>
		<Observations>Même cliché que le 49Fi1876/69</Observations>
		<Origine>Don Faucher-Berhelé entré le 10/11/1978.</Origine>
		<Droits_Repro>Domaine public</Droits_Repro>
		<subject>GUERRE 1914-1918;</subject>
		<geoname>AISNE (département);NOGENTEL (village);</geoname>
		<persname>BERTHELE, Raoul;</persname>
		<corpname></corpname>
	</DocsFigures>
<DocsFigures>
		<Titre>Nogentel. 15/04/16. RB</Titre>
		<Analyse>Raoul Berthelé sur un âne dans le jardin de la maison Vomarne à Nogentel (Aisne).
15 avril 1916. 
Guerre 1914-1918.</Analyse>
		<Realise_en>1916</Realise_en>
		<Liste_des_auteurs>BERTHELÉ, Raoul</Liste_des_auteurs>
		<Type_Doc>NEGATIF N&amp;B</Type_Doc>
		<Support>VERRE</Support>
		<Technique>Photographie stéréo</Technique>
		<Format>4,5 x 10,7 cm</Format>
		<Cote>49Fi892</Cote>
		<Observations>Même cliché que le 49Fi1876/67.</Observations>
		<Origine>Don Faucher-Berhelé entré le 10/11/1978.</Origine>
		<Droits_Repro>Domaine public</Droits_Repro>
		<subject>GUERRE 1914-1918;</subject>
		<geoname>AISNE (département);NOGENTEL (village);</geoname>
		<persname>BERTHELE, Raoul;</persname>
		<corpname></corpname>
	</DocsFigures>
<DocsFigures>
		<Titre>Nogentel. 15/04/16. Jean sur l&apos;âne</Titre>
		<Analyse>Jean le neveu de Raoul Berthelé sur un âne dans le jardin de la maison Vomarne à Nogentel (Aisne).
15 avril 1916. 
Guerre 1914-1918.</Analyse>
		<Realise_en>1916</Realise_en>
		<Liste_des_auteurs>BERTHELÉ, Raoul</Liste_des_auteurs>
		<Type_Doc>NEGATIF N&amp;B</Type_Doc>
		<Support>VERRE</Support>
		<Technique>Photographie stéréo</Technique>
		<Format>4,5 x 10,7 cm</Format>
		<Cote>49Fi893</Cote>
		<Observations>Même cliché que le 49Fi1876/64.</Observations>
		<Origine>Don Faucher-Berhelé entré le 10/11/1978.</Origine>
		<Droits_Repro>Domaine public</Droits_Repro>
		<subject>GUERRE 1914-1918;</subject>
		<geoname>AISNE (département);NOGENTEL (village);</geoname>
		<persname>BERTHELE, Raoul;</persname>
		<corpname></corpname>
	</DocsFigures>
<DocsFigures>
		<Titre>Nogentel. 15/04/16. Groupe: G.-M.. Albéric. [?]</Titre>
		<Analyse>La grand-mère Vomarne, Albéric Vomarne, Jean et André dans le jardin de la maison Vomarne à Nogentel (Aisne).
15 avril 1916. 
Guerre 1914-1918.</Analyse>
		<Realise_en>1916</Realise_en>
		<Liste_des_auteurs>BERTHELÉ, Raoul</Liste_des_auteurs>
		<Type_Doc>NEGATIF N&amp;B</Type_Doc>
		<Support>VERRE</Support>
		<Technique>Photographie stéréo</Technique>
		<Format>4,5 x 10,7 cm</Format>
		<Cote>49Fi894</Cote>
		<Observations>Même cliché que le 49Fi1876/63.</Observations>
		<Origine>Don Faucher-Berhelé entré le 10/11/1978.</Origine>
		<Droits_Repro>Domaine public</Droits_Repro>
		<subject>GUERRE 1914-1918;</subject>
		<geoname>AISNE (département);NOGENTEL (village);</geoname>
		<persname></persname>
		<corpname></corpname>
	</DocsFigures>
<DocsFigures>
		<Titre>Château-Thierry. 15/04/16. Grand-mère B</Titre>
		<Analyse>Portrait en buste de la grand-mère Berthelé à Château-Thierry (Aisne).
15 avril 19aisn
16. 
Guerre 1914-1918.</Analyse>
		<Realise_en>1916</Realise_en>
		<Liste_des_auteurs>BERTHELÉ, Raoul</Liste_des_auteurs>
		<Type_Doc>NEGATIF N&amp;B</Type_Doc>
		<Support>VERRE</Support>
		<Technique>Photographie stéréo</Technique>
		<Format>4,5 x 10,7 cm</Format>
		<Cote>49Fi895</Cote>
		<Observations>Même cliché que le 49Fi1876/62.</Observations>
		<Origine>Don Faucher-Berhelé entré le 10/11/1978.</Origine>
		<Droits_Repro>Domaine public</Droits_Repro>
		<subject>GUERRE 1914-1918;</subject>
		<geoname>AISNE (département);CHATEAU-THIERRY (ville);</geoname>
		<persname></persname>
		<corpname></corpname>
	</DocsFigures>
<DocsFigures>
		<Titre>Château-Thierry. 15/04/16. Grand-mère B et sa garde</Titre>
		<Analyse>La grand-mère Berthelé et sa garde à Château-Thierry (Aisne).
15 avril 1916. 
Guerre 1914-1918.</Analyse>
		<Realise_en>1916</Realise_en>
		<Liste_des_auteurs>BERTHELÉ, Raoul</Liste_des_auteurs>
		<Type_Doc>NEGATIF N&amp;B</Type_Doc>
		<Support>VERRE</Support>
		<Technique>Photographie stéréo</Technique>
		<Format>4,5 x 10,7 cm</Format>
		<Cote>49Fi896</Cote>
		<Observations></Observations>
		<Origine>Don Faucher-Berhelé entré le 10/11/1978.</Origine>
		<Droits_Repro>Domaine public</Droits_Repro>
		<subject>GUERRE 1914-1918;</subject>
		<geoname>AISNE (département);CHATEAU-THIERRY (ville);</geoname>
		<persname></persname>
		<corpname></corpname>
	</DocsFigures>
<DocsFigures>
		<Titre>Souain. 14/04/16. Pièce de 155 long</Titre>
		<Analyse>Canon de 155 long à Souain (Marne).
14 avril 1916. 
Guerre 1914-1918.</Analyse>
		<Realise_en>1916</Realise_en>
		<Liste_des_auteurs>BERTHELÉ, Raoul</Liste_des_auteurs>
		<Type_Doc>NEGATIF N&amp;B</Type_Doc>
		<Support>VERRE</Support>
		<Technique>Photographie stéréo</Technique>
		<Format>4,5 x 10,7 cm</Format>
		<Cote>49Fi897</Cote>
		<Observations>Même cliché que le 49Fi1876/52.
Même cliché que le 49Fi902</Observations>
		<Origine>Don Faucher-Berhelé entré le 10/11/1978.</Origine>
		<Droits_Repro>Domaine public</Droits_Repro>
		<subject>GUERRE 1914-1918;</subject>
		<geoname>MARNE (département);SOUAIN (hameau);SOUAIN-PERTHES-LES-HURLUS (village);</geoname>
		<persname></persname>
		<corpname></corpname>
	</DocsFigures>
<DocsFigures>
		<Titre>Somme-Vesle. Escadrille N23. MM. M. Colombe et J. Colombe. Biplan Nieuport</Titre>
		<Analyse>MM. Colombe devant un avion (biplan Nieuport)  de l&apos;escadrille N23 près de Somme-Vesle (Marne).
1915. 
Guerre 1914-1918.</Analyse>
		<Realise_en>1915</Realise_en>
		<Liste_des_auteurs>BERTHELÉ, Raoul</Liste_des_auteurs>
		<Type_Doc>Positif N&amp;B</Type_Doc>
		<Support>VERRE</Support>
		<Technique>Photographie stéréo</Technique>
		<Format>4,5 x 10,7 cm</Format>
		<Cote>49Fi898</Cote>
		<Observations></Observations>
		<Origine>Don Faucher-Berhelé entré le 10/11/1978.</Origine>
		<Droits_Repro>Domaine public</Droits_Repro>
		<subject>GUERRE 1914-1918;</subject>
		<geoname>MARNE (département);SOMME-VESLE (village);</geoname>
		<persname></persname>
		<corpname></corpname>
	</DocsFigures>
<DocsFigures>
		<Titre>Somme-Vesle. Escadrille N23.Le sergent aviateur  M. Colombe à l&apos;atterrissage</Titre>
		<Analyse>&quot;Biplan Nieuport&quot;
Le sergent aviateur M. Colombe de l&apos;escadrille N23, lors d&apos;un atterrissage dans un champ d&apos;aviation près de Somme-Vesle (Marne).
1915. 
Guerre 1914-1918.</Analyse>
		<Realise_en>1915</Realise_en>
		<Liste_des_auteurs>BERTHELÉ, Raoul</Liste_des_auteurs>
		<Type_Doc>Positif N&amp;B</Type_Doc>
		<Support>VERRE</Support>
		<Technique>Photographie stéréo</Technique>
		<Format>4,5 x 10,7 cm</Format>
		<Cote>49Fi899</Cote>
		<Observations></Observations>
		<Origine>Don Faucher-Berhelé entré le 10/11/1978.</Origine>
		<Droits_Repro>Domaine public</Droits_Repro>
		<subject>GUERRE 1914-1918;</subject>
		<geoname>MARNE (département);SOMME-VESLE (village);</geoname>
		<persname></persname>
		<corpname></corpname>
	</DocsFigures>
<DocsFigures>
		<Titre>Souain. Canon de 75</Titre>
		<Analyse>Vue de la culasse d&apos;un canon de 75 à Souain (Marne).
1915. 
Guerre 1914-1918.</Analyse>
		<Realise_en>1915</Realise_en>
		<Liste_des_auteurs>BERTHELÉ, Raoul</Liste_des_auteurs>
		<Type_Doc>Positif N&amp;B</Type_Doc>
		<Support>VERRE</Support>
		<Technique>Photographie stéréo</Technique>
		<Format>4,5 x 10,7 cm</Format>
		<Cote>49Fi900</Cote>
		<Observations>Positif de la 49Fi879.</Observations>
		<Origine>Don Faucher-Berhelé entré le 10/11/1978.</Origine>
		<Droits_Repro>Domaine public</Droits_Repro>
		<subject>GUERRE 1914-1918;</subject>
		<geoname>MARNE (département);SOUAIN (hameau);SOUAIN-PERTHES-LES-HURLUS (village);</geoname>
		<persname></persname>
		<corpname></corpname>
	</DocsFigures>
<DocsFigures>
		<Titre>Souain. Pièce de 90</Titre>
		<Analyse>Vue de la culasse d&apos;un canon de 90 à Souain (Marne).
1915. 
Guerre 1914-1918.</Analyse>
		<Realise_en>1915</Realise_en>
		<Liste_des_auteurs>BERTHELÉ, Raoul</Liste_des_auteurs>
		<Type_Doc>Positif N&amp;B</Type_Doc>
		<Support>VERRE</Support>
		<Technique>Photographie stéréo</Technique>
		<Format>4,5 x 10,7 cm</Format>
		<Cote>49Fi901</Cote>
		<Observations>Plaque positive de la 49Fi878.</Observations>
		<Origine>Don Faucher-Berhelé entré le 10/11/1978.</Origine>
		<Droits_Repro>Domaine public</Droits_Repro>
		<subject>GUERRE 1914-1918;</subject>
		<geoname>MARNE (département);SOUAIN (hameau);SOUAIN-PERTHES-LES-HURLUS (village);</geoname>
		<persname></persname>
		<corpname></corpname>
	</DocsFigures>
<DocsFigures>
		<Titre>Souain. Canon de 155</Titre>
		<Analyse>Vue de la culasse d&apos;un canon de 155 à Souain (Marne).
1915. 
Guerre 1914-1918.</Analyse>
		<Realise_en>1915</Realise_en>
		<Liste_des_auteurs>BERTHELÉ, Raoul</Liste_des_auteurs>
		<Type_Doc>Positif N&amp;B</Type_Doc>
		<Support>VERRE</Support>
		<Technique>Photographie stéréo</Technique>
		<Format>4,5 x 10,7 cm</Format>
		<Cote>49Fi902</Cote>
		<Observations>Plaque positive de la 49Fi897.</Observations>
		<Origine>Don Faucher-Berhelé entré le 10/11/1978.</Origine>
		<Droits_Repro>Domaine public</Droits_Repro>
		<subject>GUERRE 1914-1918;</subject>
		<geoname>MARNE (département);SOUAIN (hameau);SOUAIN-PERTHES-LES-HURLUS (village);</geoname>
		<persname></persname>
		<corpname></corpname>
	</DocsFigures>
<DocsFigures>
		<Titre>Souain. Cloche</Titre>
		<Analyse>Cloche dans les décombres de l&apos;église de Souain (Marne).
1915. 
Guerre 1914-1918.</Analyse>
		<Realise_en>1915</Realise_en>
		<Liste_des_auteurs>BERTHELÉ, Raoul</Liste_des_auteurs>
		<Type_Doc>Positif N&amp;B</Type_Doc>
		<Support>VERRE</Support>
		<Technique>Photographie stéréo</Technique>
		<Format>4,5 x 10,7 cm</Format>
		<Cote>49Fi903</Cote>
		<Observations></Observations>
		<Origine>Don Faucher-Berhelé entré le 10/11/1978.</Origine>
		<Droits_Repro>Domaine public</Droits_Repro>
		<subject>GUERRE 1914-1918;</subject>
		<geoname>MARNE (département);SOUAIN (hameau);SOUAIN-PERTHES-LES-HURLUS (village);</geoname>
		<persname></persname>
		<corpname></corpname>
	</DocsFigures>
<DocsFigures>
		<Titre>Souain. Ruines de l&apos;église</Titre>
		<Analyse>Vue d&apos;ensemble des ruines de l&apos;église de Souain (Marne).
1915. 
Guerre 1914-1918.</Analyse>
		<Realise_en>1915</Realise_en>
		<Liste_des_auteurs>BERTHELÉ, Raoul</Liste_des_auteurs>
		<Type_Doc>Positif N&amp;B</Type_Doc>
		<Support>VERRE</Support>
		<Technique>Photographie stéréo</Technique>
		<Format>4,5 x 10,7 cm</Format>
		<Cote>49Fi904</Cote>
		<Observations></Observations>
		<Origine>Don Faucher-Berhelé entré le 10/11/1978.</Origine>
		<Droits_Repro>Domaine public</Droits_Repro>
		<subject>EDIFICE CULTUEL;BIEN SINISTRE;SINISTRE;GUERRE 1914-1918;</subject>
		<geoname>MARNE (département);SOUAIN (hameau);SOUAIN-PERTHES-LES-HURLUS (village);</geoname>
		<persname></persname>
		<corpname></corpname>
	</DocsFigures>
<DocsFigures>
		<Titre>Souain. Cloche</Titre>
		<Analyse>Plan rapproché d&apos;une cloche dans les décombres de l&apos;église de Souain (Marne).
1915. 
Guerre 1914-1918.</Analyse>
		<Realise_en>1915</Realise_en>
		<Liste_des_auteurs>BERTHELÉ, Raoul</Liste_des_auteurs>
		<Type_Doc>Positif N&amp;B</Type_Doc>
		<Support>VERRE</Support>
		<Technique>Photographie stéréo</Technique>
		<Format>4,5 x 10,7 cm</Format>
		<Cote>49Fi905</Cote>
		<Observations></Observations>
		<Origine>Don Faucher-Berhelé entré le 10/11/1978.</Origine>
		<Droits_Repro>Domaine public</Droits_Repro>
		<subject>GUERRE 1914-1918;</subject>
		<geoname>MARNE (département);SOUAIN (hameau);SOUAIN-PERTHES-LES-HURLUS (village);</geoname>
		<persname></persname>
		<corpname></corpname>
	</DocsFigures>
<DocsFigures>
		<Titre>Berzy. Sondage. X de Massia. R. Berthelé. Millet et Noyer</Titre>
		<Analyse>Sondage météorologique à Berzy-le-Sec (Aisne) effectué par MM. Berthelé, De Massia, Millet et Noyer.
1917. 
Guerre 1914-1918.</Analyse>
		<Realise_en>1917</Realise_en>
		<Liste_des_auteurs>BERTHELÉ, Raoul</Liste_des_auteurs>
		<Type_Doc>NEGATIF N&amp;B</Type_Doc>
		<Support>VERRE</Support>
		<Technique>Photographie stéréo</Technique>
		<Format>4,5 x 10,7 cm</Format>
		<Cote>49Fi906</Cote>
		<Observations></Observations>
		<Origine>Don Faucher-Berhelé entré le 10/11/1978.</Origine>
		<Droits_Repro>Domaine public</Droits_Repro>
		<subject>METEOROLOGIE;MILITAIRE;GUERRE 1914-1918;</subject>
		<geoname>AISNE (département);BERZY-LE-SEC (village);</geoname>
		<persname></persname>
		<corpname></corpname>
	</DocsFigures>
<DocsFigures>
		<Titre>Souain. Ferme des Wacques</Titre>
		<Analyse>Vue d&apos;ensemble des ruines de la ferme des Wacques près de Souain (Marne).
1915. 
Guerre 1914-1918.</Analyse>
		<Realise_en>1915</Realise_en>
		<Liste_des_auteurs>BERTHELÉ, Raoul</Liste_des_auteurs>
		<Type_Doc>Positif N&amp;B</Type_Doc>
		<Support>VERRE</Support>
		<Technique>Photographie stéréo</Technique>
		<Format>4,5 x 10,7 cm</Format>
		<Cote>49Fi907</Cote>
		<Observations></Observations>
		<Origine>Don Faucher-Berhelé entré le 10/11/1978.</Origine>
		<Droits_Repro>Domaine public</Droits_Repro>
		<subject>BATIMENT INDUSTRIEL;BIEN SINISTRE;SINISTRE;GUERRE 1914-1918;</subject>
		<geoname>MARNE (département);SOUAIN-PERTHES-LES-HURLUS (village);SOUAIN (hameau);</geoname>
		<persname></persname>
		<corpname></corpname>
	</DocsFigures>
<DocsFigures>
		<Titre>Louppy-le-Petit [Louppy-sur-Chée]. Eglise</Titre>
		<Analyse>Vue d&apos;ensemble des ruines de l&apos;église de Louppy-sur-Chée (Meuse) suite à un bombardement.
Entre 1915 et 1916. 
Guerre 1914-1918.</Analyse>
		<Realise_en></Realise_en>
		<Liste_des_auteurs>BERTHELÉ, Raoul</Liste_des_auteurs>
		<Type_Doc>Positif N&amp;B</Type_Doc>
		<Support>VERRE</Support>
		<Technique>Photographie stéréo</Technique>
		<Format>4,5 x 10,7 cm</Format>
		<Cote>49Fi908</Cote>
		<Observations></Observations>
		<Origine>Don Faucher-Berhelé entré le 10/11/1978.</Origine>
		<Droits_Repro>Domaine public</Droits_Repro>
		<subject>EDIFICE CULTUEL;BIEN SINISTRE;SINISTRE;GUERRE 1914-1918;</subject>
		<geoname>MEUSE (département);LOUPPY-SUR-CHEE (hameau);LES HAUTS-DE-CHEE (village);</geoname>
		<persname></persname>
		<corpname></corpname>
	</DocsFigures>
<DocsFigures>
		<Titre>Souain. Eglise. RB</Titre>
		<Analyse>Raoul Berthelé pose dans les ruines de l&apos;église de Souain (Marne).
1915. 
Guerre 1914-1918.</Analyse>
		<Realise_en>1915</Realise_en>
		<Liste_des_auteurs>BERTHELÉ, Raoul</Liste_des_auteurs>
		<Type_Doc>Positif N&amp;B</Type_Doc>
		<Support>VERRE</Support>
		<Technique>Photographie stéréo</Technique>
		<Format>4,5 x 10,7 cm</Format>
		<Cote>49Fi909</Cote>
		<Observations></Observations>
		<Origine>Don Faucher-Berhelé entré le 10/11/1978.</Origine>
		<Droits_Repro>Domaine public</Droits_Repro>
		<subject>EDIFICE CULTUEL;BIEN SINISTRE;MILITAIRE;SINISTRE;GUERRE 1914-1918;</subject>
		<geoname>MARNE (département);SOUAIN (hameau);SOUAIN-PERTHES-LES-HURLUS (village);</geoname>
		<persname>BERTHELE, Raoul;</persname>
		<corpname></corpname>
	</DocsFigures>
<DocsFigures>
		<Titre>Souain. Pièce de 105</Titre>
		<Analyse>Culasse d&apos;une pièce de 105 à Souain (Marne).
1915. 
Guerre 1914-1918.</Analyse>
		<Realise_en>1915</Realise_en>
		<Liste_des_auteurs>BERTHELÉ, Raoul</Liste_des_auteurs>
		<Type_Doc>Positif N&amp;B</Type_Doc>
		<Support>VERRE</Support>
		<Technique>Photographie stéréo</Technique>
		<Format>4,5 x 10,7 cm</Format>
		<Cote>49Fi910</Cote>
		<Observations>Positif de la 49Fi877.</Observations>
		<Origine>Don Faucher-Berhelé entré le 10/11/1978.</Origine>
		<Droits_Repro>Domaine public</Droits_Repro>
		<subject>GUERRE 1914-1918;</subject>
		<geoname>MARNE (département);SOUAIN (hameau);SOUAIN-PERTHES-LES-HURLUS (village);</geoname>
		<persname></persname>
		<corpname></corpname>
	</DocsFigures>
<DocsFigures>
		<Titre>Ravin des Gobineaux. 09/11/17.</Titre>
		<Analyse>Vue panoramique du ravin des Gobineaux à Allemant (Aisne) dévasté par de nombreux bombardements.
9 novembre 1917. 
Guerre 1914-1918.</Analyse>
		<Realise_en>1917</Realise_en>
		<Liste_des_auteurs>BERTHELÉ, Raoul</Liste_des_auteurs>
		<Type_Doc>NEGATIF N&amp;B</Type_Doc>
		<Support>VERRE</Support>
		<Technique>Photographie stéréo</Technique>
		<Format>4,5 x 10,7 cm</Format>
		<Cote>49Fi911</Cote>
		<Observations></Observations>
		<Origine>Don Faucher-Berhelé entré le 10/11/1978.</Origine>
		<Droits_Repro>Domaine public</Droits_Repro>
		<subject>GUERRE 1914-1918;</subject>
		<geoname>AISNE (département);ALLEMANT (village);GOBINEAUX (LES) (lieu-dit);</geoname>
		<persname></persname>
		<corpname></corpname>
	</DocsFigures>
<DocsFigures>
		<Titre>09/11/17. Nanteuil la Fosse. Tank démoli</Titre>
		<Analyse>Vue de détail d&apos;un tank français modèle Saint-Chamond démoli à Nanteuil-la-Fosse (Aisne).
9 novembre 1917. 
Guerre 1914-1918.</Analyse>
		<Realise_en>1917</Realise_en>
		<Liste_des_auteurs>BERTHELÉ, Raoul</Liste_des_auteurs>
		<Type_Doc>NEGATIF N&amp;B</Type_Doc>
		<Support>VERRE</Support>
		<Technique>Photographie stéréo</Technique>
		<Format>4,5 x 10,7 cm</Format>
		<Cote>49Fi912</Cote>
		<Observations></Observations>
		<Origine>Don Faucher-Berhelé entré le 10/11/1978.</Origine>
		<Droits_Repro>Domaine public</Droits_Repro>
		<subject>EQUIPEMENT MILITAIRE;BIEN SINISTRE;GUERRE 1914-1918;</subject>
		<geoname>AISNE (département);NANTEUIL-LA-FOSSE (village);</geoname>
		<persname></persname>
		<corpname></corpname>
	</DocsFigures>
<DocsFigures>
		<Titre>RB au galop</Titre>
		<Analyse>Vue de Raoul Berthelé à cheval au galop dans un champ à Fleury-sur-Aire (Meuse).
1916.
Guerre 1914-1918.</Analyse>
		<Realise_en>1916</Realise_en>
		<Liste_des_auteurs>BERTHELÉ, Raoul</Liste_des_auteurs>
		<Type_Doc>Positif N&amp;B</Type_Doc>
		<Support>VERRE</Support>
		<Technique>Photographie stéréo</Technique>
		<Format>4,5 x 10,7 cm</Format>
		<Cote>49Fi913</Cote>
		<Observations>Même cliché que les 49Fi942, 49Fi1821, 49Fi1877/83.</Observations>
		<Origine>Don Faucher-Berhelé entré le 10/11/1978.</Origine>
		<Droits_Repro>Domaine public</Droits_Repro>
		<subject>GUERRE 1914-1918;</subject>
		<geoname>MEUSE (département);FLEURY-SUR-AIRE (hameau);NUBECOURT (village);</geoname>
		<persname>BERTHELE, Raoul;</persname>
		<corpname></corpname>
	</DocsFigures>
<DocsFigures>
		<Titre>[Photo de famille]</Titre>
		<Analyse>Vue de deux enfants Raoul Berthelé et sa soeur Beatrix assis au bord de l&apos;eau.
Début du vingtième siècle.</Analyse>
		<Realise_en></Realise_en>
		<Liste_des_auteurs>None</Liste_des_auteurs>
		<Type_Doc>NEGATIF N&amp;B</Type_Doc>
		<Support>VERRE</Support>
		<Technique>Photographie stéréo</Technique>
		<Format>4,5 x 10,7 cm</Format>
		<Cote>49Fi914</Cote>
		<Observations>Images inexploitables.</Observations>
		<Origine>Don Faucher-Berhelé entré le 10/11/1978.</Origine>
		<Droits_Repro>Domaine public</Droits_Repro>
		<subject>GUERRE 1914-1918;</subject>
		<geoname></geoname>
		<persname>BERTHELE, Raoul;</persname>
		<corpname></corpname>
	</DocsFigures>
<DocsFigures>
		<Titre>[Photo de famille]</Titre>
		<Analyse>Vue d&apos;une famille assise dans un champ.
Début vingtième siècle.</Analyse>
		<Realise_en></Realise_en>
		<Liste_des_auteurs>None</Liste_des_auteurs>
		<Type_Doc>NEGATIF N&amp;B</Type_Doc>
		<Support>VERRE</Support>
		<Technique>Photographie stéréo</Technique>
		<Format>4,5 x 10,7 cm</Format>
		<Cote>49Fi915</Cote>
		<Observations>Une seule vue.</Observations>
		<Origine>Don Faucher-Berhelé entré le 10/11/1978.</Origine>
		<Droits_Repro>Domaine public</Droits_Repro>
		<subject>GUERRE 1914-1918;</subject>
		<geoname></geoname>
		<persname></persname>
		<corpname></corpname>
	</DocsFigures>
<DocsFigures>
		<Titre>[Photo de famille]</Titre>
		<Analyse>Vue de deux enfants sur des rochers.
Début vingtième siècle.</Analyse>
		<Realise_en></Realise_en>
		<Liste_des_auteurs>None</Liste_des_auteurs>
		<Type_Doc>NEGATIF N&amp;B</Type_Doc>
		<Support>VERRE</Support>
		<Technique>Photographie stéréo</Technique>
		<Format>4,5 x 10,7 cm</Format>
		<Cote>49Fi916</Cote>
		<Observations>Superposition d&apos;image sur une vue.</Observations>
		<Origine>Don Faucher-Berhelé entré le 10/11/1978.</Origine>
		<Droits_Repro>Domaine public</Droits_Repro>
		<subject>GUERRE 1914-1918;</subject>
		<geoname></geoname>
		<persname></persname>
		<corpname></corpname>
	</DocsFigures>
<DocsFigures>
		<Titre>[Photo de famille]</Titre>
		<Analyse>Vue de deux enfants assis sur des rochers.
Début du vingtième siècle.</Analyse>
		<Realise_en></Realise_en>
		<Liste_des_auteurs>None</Liste_des_auteurs>
		<Type_Doc>NEGATIF N&amp;B</Type_Doc>
		<Support>VERRE</Support>
		<Technique>Photographie stéréo</Technique>
		<Format>4,5 x 10,7 cm</Format>
		<Cote>49Fi917</Cote>
		<Observations></Observations>
		<Origine>Don Faucher-Berhelé entré le 10/11/1978.</Origine>
		<Droits_Repro>Domaine public</Droits_Repro>
		<subject>GUERRE 1914-1918;</subject>
		<geoname></geoname>
		<persname></persname>
		<corpname></corpname>
	</DocsFigures>
<DocsFigures>
		<Titre>[Photo de famille]</Titre>
		<Analyse>Vue d&apos;une femme assise dans l&apos;herbe  tenant sa petite fille dans ses bras.
Début du vingtième siècle.</Analyse>
		<Realise_en></Realise_en>
		<Liste_des_auteurs>None</Liste_des_auteurs>
		<Type_Doc>NEGATIF N&amp;B</Type_Doc>
		<Support>VERRE</Support>
		<Technique>Photographie stéréo</Technique>
		<Format>4,5 x 10,7 cm</Format>
		<Cote>49Fi918/1</Cote>
		<Observations></Observations>
		<Origine>Don Faucher-Berhelé entré le 10/11/1978.</Origine>
		<Droits_Repro>Domaine public</Droits_Repro>
		<subject>GUERRE 1914-1918;</subject>
		<geoname></geoname>
		<persname></persname>
		<corpname></corpname>
	</DocsFigures>
<DocsFigures>
		<Titre>[Photo de famille]</Titre>
		<Analyse>Vue d&apos;un garçon tenant un chien sur ses épaules.
Début vingtième siècle.</Analyse>
		<Realise_en></Realise_en>
		<Liste_des_auteurs>None</Liste_des_auteurs>
		<Type_Doc>NEGATIF N&amp;B</Type_Doc>
		<Support>VERRE</Support>
		<Technique>Photographie stéréo</Technique>
		<Format>4,5 x 10,7 cm</Format>
		<Cote>49Fi918/2</Cote>
		<Observations></Observations>
		<Origine>Don Faucher-Berhelé entré le 10/11/1978.</Origine>
		<Droits_Repro>Domaine public</Droits_Repro>
		<subject>GUERRE 1914-1918;</subject>
		<geoname></geoname>
		<persname></persname>
		<corpname></corpname>
	</DocsFigures>
<DocsFigures>
		<Titre>Nanteuil la Fosse. Trou d&apos;obus</Titre>
		<Analyse>Trou d&apos;obus à Nanteuil la Fosse (Aisne).
1917. 
Guerre 1914-1918.</Analyse>
		<Realise_en>1917</Realise_en>
		<Liste_des_auteurs>BERTHELÉ, Raoul</Liste_des_auteurs>
		<Type_Doc>Positif N&amp;B</Type_Doc>
		<Support>VERRE</Support>
		<Technique>Photographie stéréo</Technique>
		<Format>4,5 x 10,7 cm</Format>
		<Cote>49Fi919</Cote>
		<Observations></Observations>
		<Origine>Don Faucher-Berhelé entré le 10/11/1978.</Origine>
		<Droits_Repro>Domaine public</Droits_Repro>
		<subject>GUERRE 1914-1918;</subject>
		<geoname>AISNE (département);NANTEUIL-LA-FOSSE (village);</geoname>
		<persname></persname>
		<corpname></corpname>
	</DocsFigures>
<DocsFigures>
		<Titre>Craonne. X de Massia</Titre>
		<Analyse>X. De Massia pose sur un chemin qui mène à Craonne (Aisne).
Le paysage est dévasté.
1917. 
Guerre 1914-1918.</Analyse>
		<Realise_en>1917</Realise_en>
		<Liste_des_auteurs>BERTHELÉ, Raoul</Liste_des_auteurs>
		<Type_Doc>Positif N&amp;B</Type_Doc>
		<Support>VERRE</Support>
		<Technique>Photographie stéréo</Technique>
		<Format>4,5 x 10,7 cm</Format>
		<Cote>49Fi920</Cote>
		<Observations></Observations>
		<Origine>Don Faucher-Berhelé entré le 10/11/1978.</Origine>
		<Droits_Repro>Domaine public</Droits_Repro>
		<subject>SITE;GUERRE 1914-1918;</subject>
		<geoname>AISNE (département);CRAONNE (village);</geoname>
		<persname></persname>
		<corpname></corpname>
	</DocsFigures>
<DocsFigures>
		<Titre>Craonne</Titre>
		<Analyse>Vue de X. de Massia posant au milieu des ruines de Craonne (Aisne).
1917. 
Guerre 1914-1918.</Analyse>
		<Realise_en>1917</Realise_en>
		<Liste_des_auteurs>BERTHELÉ, Raoul</Liste_des_auteurs>
		<Type_Doc>Positif N&amp;B</Type_Doc>
		<Support>VERRE</Support>
		<Technique>Photographie stéréo</Technique>
		<Format>4,5 x 10,7 cm</Format>
		<Cote>49Fi921</Cote>
		<Observations></Observations>
		<Origine>Don Faucher-Berhelé entré le 10/11/1978.</Origine>
		<Droits_Repro>Domaine public</Droits_Repro>
		<subject>MILITAIRE;BIEN SINISTRE;SINISTRE;GUERRE 1914-1918;</subject>
		<geoname>AISNE (département);CRAONNE (village);</geoname>
		<persname></persname>
		<corpname></corpname>
	</DocsFigures>
<DocsFigures>
		<Titre>Soissons</Titre>
		<Analyse>Vue de l&apos;église Saint-Pierre de Soissons (Aisne).
1917. 
Guerre 1914-1918.</Analyse>
		<Realise_en>1917</Realise_en>
		<Liste_des_auteurs>BERTHELÉ, Raoul</Liste_des_auteurs>
		<Type_Doc>NEGATIF N&amp;B</Type_Doc>
		<Support>VERRE</Support>
		<Technique>Photographie stéréo</Technique>
		<Format>4,5 x 10,7 cm</Format>
		<Cote>49Fi922</Cote>
		<Observations></Observations>
		<Origine>Don Faucher-Berhelé entré le 10/11/1978.</Origine>
		<Droits_Repro>Domaine public</Droits_Repro>
		<subject>GUERRE 1914-1918;</subject>
		<geoname>AISNE (département);SOISSONS (ville);</geoname>
		<persname></persname>
		<corpname></corpname>
	</DocsFigures>
<DocsFigures>
		<Titre>Soissons. Cathédrale</Titre>
		<Analyse>Vue de la cathédrale Saint-Gervais Saint-Protais de Soissons (Aisne) au boud d&apos;une rue.
1917. 
Guerre 1914-1918.</Analyse>
		<Realise_en>1917</Realise_en>
		<Liste_des_auteurs>BERTHELÉ, Raoul</Liste_des_auteurs>
		<Type_Doc>NEGATIF N&amp;B</Type_Doc>
		<Support>VERRE</Support>
		<Technique>Photographie stéréo</Technique>
		<Format>4,5 x 10,7 cm</Format>
		<Cote>49Fi923</Cote>
		<Observations></Observations>
		<Origine>Don Faucher-Berhelé entré le 10/11/1978.</Origine>
		<Droits_Repro>Domaine public</Droits_Repro>
		<subject>GUERRE 1914-1918;</subject>
		<geoname>AISNE (département);SOISSONS (ville);</geoname>
		<persname></persname>
		<corpname></corpname>
	</DocsFigures>
<DocsFigures>
		<Titre>Soissons. Cathédrale. Intérieur</Titre>
		<Analyse>Vue des destructions à l&apos;intérieur de la cathédrale Saint-Gervais Saint-Protais de Soissons (Aisne).
1917. 
Guerre 1914-1918.</Analyse>
		<Realise_en>1917</Realise_en>
		<Liste_des_auteurs>BERTHELÉ, Raoul</Liste_des_auteurs>
		<Type_Doc>NEGATIF N&amp;B</Type_Doc>
		<Support>VERRE</Support>
		<Technique>Photographie stéréo</Technique>
		<Format>4,5 x 10,7 cm</Format>
		<Cote>49Fi924</Cote>
		<Observations></Observations>
		<Origine>Don Faucher-Berhelé entré le 10/11/1978.</Origine>
		<Droits_Repro>Domaine public</Droits_Repro>
		<subject>EDIFICE CULTUEL;BIEN SINISTRE;GUERRE 1914-1918;</subject>
		<geoname>AISNE (département);SOISSONS (ville);</geoname>
		<persname></persname>
		<corpname></corpname>
	</DocsFigures>
<DocsFigures>
		<Titre>Soissons. Cathédrale. Intérieur</Titre>
		<Analyse>Vue des destructions à l&apos;intérieur de la cathédrale Saint-Gervais Saint-Protais de Soissons (Aisne).
1917. 
Guerre 1914-1918.</Analyse>
		<Realise_en>1915</Realise_en>
		<Liste_des_auteurs>BERTHELÉ, Raoul</Liste_des_auteurs>
		<Type_Doc>NEGATIF N&amp;B</Type_Doc>
		<Support>VERRE</Support>
		<Technique>Photographie stéréo</Technique>
		<Format>4,5 x 10,7 cm</Format>
		<Cote>49Fi925</Cote>
		<Observations></Observations>
		<Origine>Don Faucher-Berhelé entré le 10/11/1978.</Origine>
		<Droits_Repro>Domaine public</Droits_Repro>
		<subject>GUERRE 1914-1918;</subject>
		<geoname>AISNE (département);SOISSONS (ville);</geoname>
		<persname></persname>
		<corpname></corpname>
	</DocsFigures>
<DocsFigures>
		<Titre>Soissons. St Paul. Ruines</Titre>
		<Analyse>Vue des ruines de l&apos;église Saint-Paul à Soissons (Aisne).
1917. 
Guerre 1914-1918.</Analyse>
		<Realise_en>1917</Realise_en>
		<Liste_des_auteurs>BERTHELÉ, Raoul</Liste_des_auteurs>
		<Type_Doc>NEGATIF N&amp;B</Type_Doc>
		<Support>VERRE</Support>
		<Technique>Photographie stéréo</Technique>
		<Format>4,5 x 10,7 cm</Format>
		<Cote>49Fi926</Cote>
		<Observations></Observations>
		<Origine>Don Faucher-Berhelé entré le 10/11/1978.</Origine>
		<Droits_Repro>Domaine public</Droits_Repro>
		<subject>EDIFICE CULTUEL;BIEN SINISTRE;SINISTRE;GUERRE 1914-1918;</subject>
		<geoname>AISNE (département);SOISSONS (ville);</geoname>
		<persname></persname>
		<corpname></corpname>
	</DocsFigures>
<DocsFigures>
		<Titre>Soissons. St Paul. Ruines. Tranchées françaises</Titre>
		<Analyse>Tranchée française cachée dans les ruines de l&apos;église Saint-Paul à Soissons (Aisne).
1917. 
Guerre 1914-1918.</Analyse>
		<Realise_en>1917</Realise_en>
		<Liste_des_auteurs>BERTHELÉ, Raoul</Liste_des_auteurs>
		<Type_Doc>NEGATIF N&amp;B</Type_Doc>
		<Support>VERRE</Support>
		<Technique>Photographie stéréo</Technique>
		<Format>4,5 x 10,7 cm</Format>
		<Cote>49Fi927</Cote>
		<Observations></Observations>
		<Origine>Don Faucher-Berhelé entré le 10/11/1978.</Origine>
		<Droits_Repro>Domaine public</Droits_Repro>
		<subject>ABRI;EDIFICE CULTUEL;BIEN SINISTRE;SINISTRE;GUERRE 1914-1918;</subject>
		<geoname>AISNE (département);SOISSONS (ville);</geoname>
		<persname></persname>
		<corpname></corpname>
	</DocsFigures>
<DocsFigures>
		<Titre>Berzy-le-Sec. Station météo. Sondage. X de Massia. RB. sergent Millet et Noyer</Titre>
		<Analyse>Sondage météorologique à Berzy-le-Sec (Aisne) effectué par MM. Berthelé, De Massia, Millet et Noyer.
1917. 
Guerre 1914-1918.</Analyse>
		<Realise_en>1917</Realise_en>
		<Liste_des_auteurs>BERTHELÉ, Raoul</Liste_des_auteurs>
		<Type_Doc>Positif N&amp;B</Type_Doc>
		<Support>VERRE</Support>
		<Technique>Photographie stéréo</Technique>
		<Format>4,5 x 10,7 cm</Format>
		<Cote>49Fi928</Cote>
		<Observations></Observations>
		<Origine>Don Faucher-Berhelé entré le 10/11/1978.</Origine>
		<Droits_Repro>Domaine public</Droits_Repro>
		<subject>METEOROLOGIE;MILITAIRE;GUERRE 1914-1918;</subject>
		<geoname>AISNE (département);BERZY-LE-SEC (village);</geoname>
		<persname></persname>
		<corpname></corpname>
	</DocsFigures>
<DocsFigures>
		<Titre>Ravin des Gobineaux</Titre>
		<Analyse>Vue panoramique du paysage dévasté du ravin des Gobineaux près de Allemant (Aisne).
1917. 
Guerre 1914-1918.</Analyse>
		<Realise_en>1917</Realise_en>
		<Liste_des_auteurs>BERTHELÉ, Raoul</Liste_des_auteurs>
		<Type_Doc>Positif N&amp;B</Type_Doc>
		<Support>VERRE</Support>
		<Technique>Photographie stéréo</Technique>
		<Format>4,5 x 10,7 cm</Format>
		<Cote>49Fi929</Cote>
		<Observations></Observations>
		<Origine>Don Faucher-Berhelé entré le 10/11/1978.</Origine>
		<Droits_Repro>Domaine public</Droits_Repro>
		<subject>SITE;SINISTRE;GUERRE 1914-1918;</subject>
		<geoname>AISNE (département);ALLEMANT (village);GOBINEAUX (LES) (lieu-dit);</geoname>
		<persname></persname>
		<corpname></corpname>
	</DocsFigures>
<DocsFigures>
		<Titre>Course de natation. Camon-Amiens. 11/07/15. Départ</Titre>
		<Analyse>Départ de la course de natation entre Camon et Amiens (Somme).
11 juillet 1915. 
Guerre 1914-1918.</Analyse>
		<Realise_en>1915</Realise_en>
		<Liste_des_auteurs>BERTHELÉ, Raoul</Liste_des_auteurs>
		<Type_Doc>Positif N&amp;B</Type_Doc>
		<Support>VERRE</Support>
		<Technique>Photographie stéréo</Technique>
		<Format>4,5 x 10,7 cm</Format>
		<Cote>49Fi930</Cote>
		<Observations></Observations>
		<Origine>Don Faucher-Berhelé entré le 10/11/1978.</Origine>
		<Droits_Repro>Domaine public</Droits_Repro>
		<subject>GUERRE 1914-1918;</subject>
		<geoname>SOMME (département);AMIENS (ville);</geoname>
		<persname></persname>
		<corpname></corpname>
	</DocsFigures>
<DocsFigures>
		<Titre>Soissons. St Paul. Ruines</Titre>
		<Analyse>Ruines de l&apos;église Saint-Paul à Soissons (Aisne).
1917. 
Guerre 1914-1918.</Analyse>
		<Realise_en>1917</Realise_en>
		<Liste_des_auteurs>BERTHELÉ, Raoul</Liste_des_auteurs>
		<Type_Doc>Positif N&amp;B</Type_Doc>
		<Support>VERRE</Support>
		<Technique>Photographie stéréo</Technique>
		<Format>4,5 x 10,7 cm</Format>
		<Cote>49Fi931</Cote>
		<Observations></Observations>
		<Origine>Don Faucher-Berhelé entré le 10/11/1978.</Origine>
		<Droits_Repro>Domaine public</Droits_Repro>
		<subject>EDIFICE CULTUEL;BIEN SINISTRE;SINISTRE;GUERRE 1914-1918;</subject>
		<geoname>AISNE (département);SOISSONS (ville);</geoname>
		<persname></persname>
		<corpname></corpname>
	</DocsFigures>
<DocsFigures>
		<Titre>Soissons. St Paul. Tranchées françaises (1ères lignes)</Titre>
		<Analyse>Tranchées françaises (1ères lignes) cachées dans les ruines de l&apos;église Saint-Paul à Soissons (Aisne).
1917. 
Guerre 1914-1918.</Analyse>
		<Realise_en>1917</Realise_en>
		<Liste_des_auteurs>BERTHELÉ, Raoul</Liste_des_auteurs>
		<Type_Doc>Positif N&amp;B</Type_Doc>
		<Support>VERRE</Support>
		<Technique>Photographie stéréo</Technique>
		<Format>4,5 x 10,7 cm</Format>
		<Cote>49Fi932</Cote>
		<Observations></Observations>
		<Origine>Don Faucher-Berhelé entré le 10/11/1978.</Origine>
		<Droits_Repro>Domaine public</Droits_Repro>
		<subject>ABRI;EDIFICE CULTUEL;BIEN SINISTRE;SINISTRE;GUERRE 1914-1918;</subject>
		<geoname>AISNE (département);SOISSONS (ville);</geoname>
		<persname></persname>
		<corpname></corpname>
	</DocsFigures>
<DocsFigures>
		<Titre>Amiens. 11/07/15. Bassin de natation. Plongeon de Tourbier</Titre>
		<Analyse>Plongeon de M. Tourbier dans le bassin de natation d&apos;Amiens (Somme).
11 juillet 1915. 
Guerre 1914-1918.</Analyse>
		<Realise_en>1915</Realise_en>
		<Liste_des_auteurs>BERTHELÉ, Raoul</Liste_des_auteurs>
		<Type_Doc>Positif N&amp;B</Type_Doc>
		<Support>VERRE</Support>
		<Technique>Photographie stéréo</Technique>
		<Format>4,5 x 10,7 cm</Format>
		<Cote>49Fi933</Cote>
		<Observations></Observations>
		<Origine>Don Faucher-Berhelé entré le 10/11/1978.</Origine>
		<Droits_Repro>Domaine public</Droits_Repro>
		<subject>GUERRE 1914-1918;</subject>
		<geoname>SOMME (département);AMIENS (ville);</geoname>
		<persname></persname>
		<corpname></corpname>
	</DocsFigures>
<DocsFigures>
		<Titre>Soissons. St Paul. Tranchées françaises (1ères lignes)</Titre>
		<Analyse>Tranchées françaises (1ères lignes) cachées dans les ruines de l&apos;église Saint-Paul à Soissons (Aisne).
1917. 
Guerre 1914-1918.</Analyse>
		<Realise_en>1917</Realise_en>
		<Liste_des_auteurs>BERTHELÉ, Raoul</Liste_des_auteurs>
		<Type_Doc>NEGATIF N&amp;B</Type_Doc>
		<Support>VERRE</Support>
		<Technique>Photographie stéréo</Technique>
		<Format>4,5 x 10,7 cm</Format>
		<Cote>49Fi934</Cote>
		<Observations></Observations>
		<Origine>Don Faucher-Berhelé entré le 10/11/1978.</Origine>
		<Droits_Repro>Domaine public</Droits_Repro>
		<subject>ABRI;EDIFICE CULTUEL;BIEN SINISTRE;SINISTRE;GUERRE 1914-1918;</subject>
		<geoname>SOISSONS (ville);AISNE (département);</geoname>
		<persname></persname>
		<corpname></corpname>
	</DocsFigures>
<DocsFigures>
		<Titre>Revigny. 23/08/15. Ruines</Titre>
		<Analyse>Ruines de Revigny-sur-Ornain (Meuse).
23 août 1915. 
Guerre 1914-1918.</Analyse>
		<Realise_en>1915</Realise_en>
		<Liste_des_auteurs>BERTHELÉ, Raoul</Liste_des_auteurs>
		<Type_Doc>NEGATIF N&amp;B</Type_Doc>
		<Support>VERRE</Support>
		<Technique>Photographie stéréo</Technique>
		<Format>4,5 x 10,7 cm</Format>
		<Cote>49Fi935</Cote>
		<Observations></Observations>
		<Origine>Don Faucher-Berhelé entré le 10/11/1978.</Origine>
		<Droits_Repro>Domaine public</Droits_Repro>
		<subject>BIEN SINISTRE;SINISTRE;GUERRE 1914-1918;</subject>
		<geoname>MEUSE (département);REVIGNY-SUR-ORNAIN (ville);</geoname>
		<persname></persname>
		<corpname></corpname>
	</DocsFigures>
<DocsFigures>
		<Titre>Revigny. Auto-canon. Pièce de 75</Titre>
		<Analyse>Auto-canon (pièce de 75) à Revigny-sur-Ornain (Meuse).
1915. 
Guerre 1914-1918.</Analyse>
		<Realise_en>1915</Realise_en>
		<Liste_des_auteurs>BERTHELÉ, Raoul</Liste_des_auteurs>
		<Type_Doc>NEGATIF N&amp;B</Type_Doc>
		<Support>VERRE</Support>
		<Technique>Photographie stéréo</Technique>
		<Format>4,5 x 10,7 cm</Format>
		<Cote>49Fi936</Cote>
		<Observations>Même cliché que le 49Fi1877/42.</Observations>
		<Origine>Don Faucher-Berhelé entré le 10/11/1978.</Origine>
		<Droits_Repro>Domaine public</Droits_Repro>
		<subject>GUERRE 1914-1918;</subject>
		<geoname>MEUSE (département);REVIGNY-SUR-ORNAIN (ville);</geoname>
		<persname></persname>
		<corpname></corpname>
	</DocsFigures>
<DocsFigures>
		<Titre>Revigny. Auto-canon. Pièce de 75</Titre>
		<Analyse>Auto-canon (pièce de 75) à Revigny-sur-Ornain (Meuse).
1915. 
Guerre 1914-1918.</Analyse>
		<Realise_en>1915</Realise_en>
		<Liste_des_auteurs>BERTHELÉ, Raoul</Liste_des_auteurs>
		<Type_Doc>NEGATIF N&amp;B</Type_Doc>
		<Support>VERRE</Support>
		<Technique>Photographie stéréo</Technique>
		<Format>4,5 x 10,7 cm</Format>
		<Cote>49Fi937</Cote>
		<Observations>Même cliché que le 49Fi1877/41.</Observations>
		<Origine>Don Faucher-Berhelé entré le 10/11/1978.</Origine>
		<Droits_Repro>Domaine public</Droits_Repro>
		<subject>GUERRE 1914-1918;</subject>
		<geoname>MEUSE (département);REVIGNY-SUR-ORNAIN (ville);</geoname>
		<persname></persname>
		<corpname></corpname>
	</DocsFigures>
<DocsFigures>
		<Titre>Heippes. 01/07/16. Canon 120 court</Titre>
		<Analyse>Canon de 120 court à Heippes (Meuse).
1er juillet 1916. 
Guerre 1914-1918.</Analyse>
		<Realise_en>1916</Realise_en>
		<Liste_des_auteurs>BERTHELÉ, Raoul</Liste_des_auteurs>
		<Type_Doc>NEGATIF N&amp;B</Type_Doc>
		<Support>VERRE</Support>
		<Technique>Photographie stéréo</Technique>
		<Format>4,5 x 10,7 cm</Format>
		<Cote>49Fi938</Cote>
		<Observations></Observations>
		<Origine>Don Faucher-Berhelé entré le 10/11/1978.</Origine>
		<Droits_Repro>Domaine public</Droits_Repro>
		<subject>GUERRE 1914-1918;</subject>
		<geoname>MEUSE (département);HEIPPES (village);</geoname>
		<persname></persname>
		<corpname></corpname>
	</DocsFigures>
<DocsFigures>
		<Titre>Bois de Beaulieu. RB</Titre>
		<Analyse>Raoul Berthelé en train de lire dans le bois de Beaulieu-en-Argonne (Meuse).
1916. 
Guerre 1914-1918.</Analyse>
		<Realise_en>1916</Realise_en>
		<Liste_des_auteurs>BERTHELÉ, Raoul</Liste_des_auteurs>
		<Type_Doc>NEGATIF N&amp;B</Type_Doc>
		<Support>VERRE</Support>
		<Technique>Photographie stéréo</Technique>
		<Format>4,5 x 10,7 cm</Format>
		<Cote>49Fi939</Cote>
		<Observations></Observations>
		<Origine>Don Faucher-Berhelé entré le 10/11/1978.</Origine>
		<Droits_Repro>Domaine public</Droits_Repro>
		<subject>GUERRE 1914-1918;</subject>
		<geoname>MEUSE (département);BEAULIEU-EN-ARGONNE (village);</geoname>
		<persname>BERTHELE, Raoul;</persname>
		<corpname></corpname>
	</DocsFigures>
<DocsFigures>
		<Titre>Bois de Beaulieu. Calas</Titre>
		<Analyse>Bois de Beaulieu-en-Argonne (Meuse).
1916.
Vue de Calas l&apos;ordonnance de Raoul Berthelé à cheval.
Guerre 1914-1918.</Analyse>
		<Realise_en>1916</Realise_en>
		<Liste_des_auteurs>BERTHELÉ, Raoul</Liste_des_auteurs>
		<Type_Doc>NEGATIF N&amp;B</Type_Doc>
		<Support>VERRE</Support>
		<Technique>Photographie stéréo</Technique>
		<Format>4,5 x 10,7 cm</Format>
		<Cote>49Fi940</Cote>
		<Observations>Même cliché que le 49Fi1877/79</Observations>
		<Origine>Don Faucher-Berhelé entré le 10/11/1978.</Origine>
		<Droits_Repro>Domaine public</Droits_Repro>
		<subject>GUERRE 1914-1918;</subject>
		<geoname>MEUSE (département);BEAULIEU-EN-ARGONNE (village);</geoname>
		<persname></persname>
		<corpname></corpname>
	</DocsFigures>
<DocsFigures>
		<Titre>Fleury. Calas au galop</Titre>
		<Analyse>Fleury-sur-Aire (Meuse).
1916. 
Vue de Calas (ordonnance de Raoul Berthelé) au galop sur un cheval.
Guerre 1914-1918.</Analyse>
		<Realise_en>1916</Realise_en>
		<Liste_des_auteurs>BERTHELÉ, Raoul</Liste_des_auteurs>
		<Type_Doc>NEGATIF N&amp;B</Type_Doc>
		<Support>VERRE</Support>
		<Technique>Photographie stéréo</Technique>
		<Format>4,5 x 10,7 cm</Format>
		<Cote>49Fi941</Cote>
		<Observations>Même cliché que le 49Fi1877/80</Observations>
		<Origine>Don Faucher-Berhelé entré le 10/11/1978.</Origine>
		<Droits_Repro>Domaine public</Droits_Repro>
		<subject>GUERRE 1914-1918;</subject>
		<geoname>MEUSE (département);FLEURY-SUR-AIRE (hameau);NUBECOURT (village);</geoname>
		<persname></persname>
		<corpname></corpname>
	</DocsFigures>
<DocsFigures>
		<Titre>Fleury. R Berthelé au galop</Titre>
		<Analyse>Vue de Raoul Berthelé à cheval au galop dans un champ à Fleury-sur-Aire (Meuse).
1916. 
Guerre 1914-1918.</Analyse>
		<Realise_en>1916</Realise_en>
		<Liste_des_auteurs>BERTHELÉ, Raoul</Liste_des_auteurs>
		<Type_Doc>NEGATIF N&amp;B</Type_Doc>
		<Support>VERRE</Support>
		<Technique>Photographie stéréo</Technique>
		<Format>4,5 x 10,7 cm</Format>
		<Cote>49Fi942</Cote>
		<Observations>Même cliché que les 49Fi913, 49Fi1821 et 49Fi1877/83.</Observations>
		<Origine>Don Faucher-Berhelé entré le 10/11/1978.</Origine>
		<Droits_Repro>Domaine public</Droits_Repro>
		<subject>GUERRE 1914-1918;</subject>
		<geoname>MEUSE (département);FLEURY-SUR-AIRE (hameau);NUBECOURT (village);</geoname>
		<persname>BERTHELE, Raoul;</persname>
		<corpname></corpname>
	</DocsFigures>
<DocsFigures>
		<Titre>Bois de Beaulieu. RB</Titre>
		<Analyse>Vue de Raoul Berthelé posant à cheval dans le bois de Beaulieu-en-Argonne (Meuse).
10 septembre 1916. 
Guerre 1914-1918.</Analyse>
		<Realise_en>1916</Realise_en>
		<Liste_des_auteurs>BERTHELÉ, Raoul</Liste_des_auteurs>
		<Type_Doc>NEGATIF N&amp;B</Type_Doc>
		<Support>VERRE</Support>
		<Technique>Photographie stéréo</Technique>
		<Format>4,5 x 10,7 cm</Format>
		<Cote>49Fi943</Cote>
		<Observations>Même cliché que les 49Fi116, 49Fi1822 et 49Fi1877/82.</Observations>
		<Origine>Don Faucher-Berhelé entré le 10/11/1978.</Origine>
		<Droits_Repro>Domaine public</Droits_Repro>
		<subject>GUERRE 1914-1918;</subject>
		<geoname>MEUSE (département);BEAULIEU-EN-ARGONNE (village);</geoname>
		<persname>BERTHELE, Raoul;</persname>
		<corpname></corpname>
	</DocsFigures>
<DocsFigures>
		<Titre>Bois de Beaulieu. RB</Titre>
		<Analyse>Raoul Berthelé au bois de Beaulieu-en-Argonne (Meuse).
Guerre 1914-1918.
NUMERISATION A REVOIR;</Analyse>
		<Realise_en>1916</Realise_en>
		<Liste_des_auteurs>BERTHELÉ, Raoul</Liste_des_auteurs>
		<Type_Doc>NEGATIF N&amp;B</Type_Doc>
		<Support>VERRE</Support>
		<Technique>Photographie stéréo</Technique>
		<Format>4,5 x 10,7 cm</Format>
		<Cote>49Fi944</Cote>
		<Observations></Observations>
		<Origine>Don Faucher-Berhelé entré le 10/11/1978.</Origine>
		<Droits_Repro>Domaine public</Droits_Repro>
		<subject>GUERRE 1914-1918;</subject>
		<geoname>BEAULIEU-EN-ARGONNE (village);MEUSE (rue de la);</geoname>
		<persname>BERTHELE, Raoul;</persname>
		<corpname></corpname>
	</DocsFigures>
<DocsFigures>
		<Titre>Bois de Beaulieu. RB</Titre>
		<Analyse>Raoul Berthelé pose à côté de son cheval dans le bois de Beaulieu-en-Argonne (Meuse).
1916. 
Guerre 1914-1918.</Analyse>
		<Realise_en>1916</Realise_en>
		<Liste_des_auteurs>BERTHELÉ, Raoul</Liste_des_auteurs>
		<Type_Doc>NEGATIF N&amp;B</Type_Doc>
		<Support>VERRE</Support>
		<Technique>Photographie stéréo</Technique>
		<Format>4,5 x 10,7 cm</Format>
		<Cote>49Fi945</Cote>
		<Observations></Observations>
		<Origine>Don Faucher-Berhelé entré le 10/11/1978.</Origine>
		<Droits_Repro>Domaine public</Droits_Repro>
		<subject>GUERRE 1914-1918;</subject>
		<geoname>MEUSE (département);BEAULIEU-EN-ARGONNE (village);</geoname>
		<persname>BERTHELE, Raoul;</persname>
		<corpname></corpname>
	</DocsFigures>
<DocsFigures>
		<Titre>Bois de Beaulieu. RB</Titre>
		<Analyse>Raoul Berthelé pose à côté de son cheval dans le bois de Beaulieu-en-Argonne (Meuse).
1916. 
Guerre 1914-1918.</Analyse>
		<Realise_en>1916</Realise_en>
		<Liste_des_auteurs>BERTHELÉ, Raoul</Liste_des_auteurs>
		<Type_Doc>NEGATIF N&amp;B</Type_Doc>
		<Support>VERRE</Support>
		<Technique>Photographie stéréo</Technique>
		<Format>4,5 x 10,7 cm</Format>
		<Cote>49Fi946</Cote>
		<Observations></Observations>
		<Origine>Don Faucher-Berhelé entré le 10/11/1978.</Origine>
		<Droits_Repro>Domaine public</Droits_Repro>
		<subject>GUERRE 1914-1918;</subject>
		<geoname>MEUSE (département);BEAULIEU-EN-ARGONNE (village);</geoname>
		<persname>BERTHELE, Raoul;</persname>
		<corpname></corpname>
	</DocsFigures>
<DocsFigures>
		<Titre>Fleury. Escadrille V114. Carlingue et instruments à bord</Titre>
		<Analyse>Vue en plongée de la carlingue et des instruments de bord d&apos;un avion Voisin de l&apos;escadrille V114 à  Fleury-sur-Aire (Meuse).
1916. 
Guerre 1914-1918.</Analyse>
		<Realise_en>1916</Realise_en>
		<Liste_des_auteurs>BERTHELÉ, Raoul</Liste_des_auteurs>
		<Type_Doc>NEGATIF N&amp;B</Type_Doc>
		<Support>VERRE</Support>
		<Technique>Photographie stéréo</Technique>
		<Format>4,5 x 10,7 cm</Format>
		<Cote>49Fi947</Cote>
		<Observations>Même cliché que le 49Fi1877/47.</Observations>
		<Origine>Don Faucher-Berhelé entré le 10/11/1978.</Origine>
		<Droits_Repro>Domaine public</Droits_Repro>
		<subject>GUERRE 1914-1918;</subject>
		<geoname>MEUSE (département);FLEURY-SUR-AIRE (hameau);NUBECOURT (village);</geoname>
		<persname></persname>
		<corpname></corpname>
	</DocsFigures>
<DocsFigures>
		<Titre>Fleury. Escadrille V114. Chargement d&apos;une bombe.  Gros. RB.</Titre>
		<Analyse>Fleury-sur-Aire (Meuse).
1916.
Vue de Raoul Berthelé et Gros en train de charger une bombe.
Guerre 1914-1918.</Analyse>
		<Realise_en>1916</Realise_en>
		<Liste_des_auteurs>BERTHELÉ, Raoul</Liste_des_auteurs>
		<Type_Doc>NEGATIF N&amp;B</Type_Doc>
		<Support>VERRE</Support>
		<Technique>Photographie stéréo</Technique>
		<Format>4,5 x 10,7 cm</Format>
		<Cote>49Fi948</Cote>
		<Observations>Même cliché que le 49Fi1877/44.</Observations>
		<Origine>Don Faucher-Berhelé entré le 10/11/1978.</Origine>
		<Droits_Repro>Domaine public</Droits_Repro>
		<subject>MILITAIRE;EQUIPEMENT MILITAIRE;GUERRE 1914-1918;</subject>
		<geoname>MEUSE (département);FLEURY-SUR-AIRE (hameau);NUBECOURT (village);</geoname>
		<persname>BERTHELE, Raoul;</persname>
		<corpname></corpname>
	</DocsFigures>
<DocsFigures>
		<Titre>Revigny. Auto-canon (27e section) pièce de 75</Titre>
		<Analyse>Auto-canon (pièce de 75) à Revigny-sur-Ornain (Meuse).
1915. 
Guerre 1914-1918.</Analyse>
		<Realise_en>1915</Realise_en>
		<Liste_des_auteurs>BERTHELÉ, Raoul</Liste_des_auteurs>
		<Type_Doc>NEGATIF N&amp;B</Type_Doc>
		<Support>VERRE</Support>
		<Technique>Photographie stéréo</Technique>
		<Format>4,5 x 10,7 cm</Format>
		<Cote>49Fi949</Cote>
		<Observations>Même cliché que le 49Fi1877/40.</Observations>
		<Origine>Don Faucher-Berhelé entré le 10/11/1978.</Origine>
		<Droits_Repro>Domaine public</Droits_Repro>
		<subject>GUERRE 1914-1918;</subject>
		<geoname>MEUSE (département);REVIGNY-SUR-ORNAIN (ville);</geoname>
		<persname></persname>
		<corpname></corpname>
	</DocsFigures>
<DocsFigures>
		<Titre>Laheycourt. Ruines de l&apos;hôtel de ville</Titre>
		<Analyse>Ruines de l&apos;hôtel de ville de Laheycourt (Meuse).
1916. 
Guerre 1914-1918.</Analyse>
		<Realise_en>1916</Realise_en>
		<Liste_des_auteurs>BERTHELÉ, Raoul</Liste_des_auteurs>
		<Type_Doc>NEGATIF N&amp;B</Type_Doc>
		<Support>VERRE</Support>
		<Technique>Photographie stéréo</Technique>
		<Format>4,5 x 10,7 cm</Format>
		<Cote>49Fi950</Cote>
		<Observations>Même cliché que le 49Fi1877/46.</Observations>
		<Origine>Don Faucher-Berhelé entré le 10/11/1978.</Origine>
		<Droits_Repro>Domaine public</Droits_Repro>
		<subject>BIEN SINISTRE;SINISTRE;GUERRE 1914-1918;</subject>
		<geoname>MEUSE (département);LAHEYCOURT (village);</geoname>
		<persname></persname>
		<corpname></corpname>
	</DocsFigures>
<DocsFigures>
		<Titre>Revigny. Eglise</Titre>
		<Analyse>Vue d&apos;ensemble des ruines de l&apos;Eglise de Revigny-sur-Ornain (Meuse).
1915. 
Guerre 1914-1918.</Analyse>
		<Realise_en>1915</Realise_en>
		<Liste_des_auteurs>BERTHELÉ, Raoul</Liste_des_auteurs>
		<Type_Doc>NEGATIF N&amp;B</Type_Doc>
		<Support>VERRE</Support>
		<Technique>Photographie stéréo</Technique>
		<Format>4,5 x 10,7 cm</Format>
		<Cote>49Fi951</Cote>
		<Observations>Même cliché que le 49Fi1877/6.</Observations>
		<Origine>Don Faucher-Berhelé entré le 10/11/1978.</Origine>
		<Droits_Repro>Domaine public</Droits_Repro>
		<subject>EDIFICE CULTUEL;BIEN SINISTRE;SINISTRE;GUERRE 1914-1918;</subject>
		<geoname>MEUSE (département);REVIGNY-SUR-ORNAIN (ville);</geoname>
		<persname></persname>
		<corpname></corpname>
	</DocsFigures>
<DocsFigures>
		<Titre>Laheycourt. Eglise</Titre>
		<Analyse>Vue d&apos;ensemble de l&apos;église de Laheycourt (Meuse).
1916. 
Guerre 1914-1918.</Analyse>
		<Realise_en>1916</Realise_en>
		<Liste_des_auteurs>BERTHELÉ, Raoul</Liste_des_auteurs>
		<Type_Doc>NEGATIF N&amp;B</Type_Doc>
		<Support>VERRE</Support>
		<Technique>Photographie stéréo</Technique>
		<Format>4,5 x 10,7 cm</Format>
		<Cote>49Fi952</Cote>
		<Observations>Même cliché que le 49Fi1877/43.</Observations>
		<Origine>Don Faucher-Berhelé entré le 10/11/1978.</Origine>
		<Droits_Repro>Domaine public</Droits_Repro>
		<subject>EDIFICE CULTUEL;BIEN SINISTRE;GUERRE 1914-1918;</subject>
		<geoname>MEUSE (département);LAHEYCOURT (village);</geoname>
		<persname></persname>
		<corpname></corpname>
	</DocsFigures>
<DocsFigures>
		<Titre>Fleury. RB</Titre>
		<Analyse>Portrait en buste de Raoul Berthelé avec en arrière-plan l&apos;église de Fleury-sur-Aire (Meuse).
1916. 
Guerre 1914-1918.</Analyse>
		<Realise_en>1916</Realise_en>
		<Liste_des_auteurs>BERTHELÉ, Raoul</Liste_des_auteurs>
		<Type_Doc>NEGATIF N&amp;B</Type_Doc>
		<Support>VERRE</Support>
		<Technique>Photographie stéréo</Technique>
		<Format>4,5 x 10,7 cm</Format>
		<Cote>49Fi953</Cote>
		<Observations></Observations>
		<Origine>Don Faucher-Berhelé entré le 10/11/1978.</Origine>
		<Droits_Repro>Domaine public</Droits_Repro>
		<subject>GUERRE 1914-1918;</subject>
		<geoname>MEUSE (département);FLEURY-SUR-AIRE (hameau);NUBECOURT (village);</geoname>
		<persname>BERTHELE, Raoul;</persname>
		<corpname></corpname>
	</DocsFigures>
<DocsFigures>
		<Titre>Fleury. P. Domergue</Titre>
		<Analyse>Portrait en buste de M. Domergue avec en arrière-plan Fleury-sur-Aire (Meuse).
1916. 
Guerre 1914-1918.</Analyse>
		<Realise_en>1916</Realise_en>
		<Liste_des_auteurs>BERTHELÉ, Raoul</Liste_des_auteurs>
		<Type_Doc>NEGATIF N&amp;B</Type_Doc>
		<Support>VERRE</Support>
		<Technique>Photographie stéréo</Technique>
		<Format>4,5 x 10,7 cm</Format>
		<Cote>49Fi954</Cote>
		<Observations>Même cliché que le 49Fi1877/76</Observations>
		<Origine>Don Faucher-Berhelé entré le 10/11/1978.</Origine>
		<Droits_Repro>Domaine public</Droits_Repro>
		<subject>GUERRE 1914-1918;</subject>
		<geoname>MEUSE (département);FLEURY-SUR-AIRE (hameau);NUBECOURT (village);</geoname>
		<persname></persname>
		<corpname></corpname>
	</DocsFigures>
<DocsFigures>
		<Titre>Fleury. P. Domergue</Titre>
		<Analyse>Portrait en buste de M. Domergue avec en arrière-plan Fleury-sur-Aire (Meuse).
1916. 
Guerre 1914-1918.</Analyse>
		<Realise_en>1916</Realise_en>
		<Liste_des_auteurs>BERTHELÉ, Raoul</Liste_des_auteurs>
		<Type_Doc>NEGATIF N&amp;B</Type_Doc>
		<Support>VERRE</Support>
		<Technique>Photographie stéréo</Technique>
		<Format>4,5 x 10,7 cm</Format>
		<Cote>49Fi955</Cote>
		<Observations>Même cliché que le 49Fi1877/73</Observations>
		<Origine>Don Faucher-Berhelé entré le 10/11/1978.</Origine>
		<Droits_Repro>Domaine public</Droits_Repro>
		<subject>GUERRE 1914-1918;</subject>
		<geoname>MEUSE (département);FLEURY-SUR-AIRE (hameau);NUBECOURT (village);</geoname>
		<persname></persname>
		<corpname></corpname>
	</DocsFigures>
<DocsFigures>
		<Titre>Palavas. Béatrix. 22/07/15</Titre>
		<Analyse>Béatrix Berthelé prenant un bain de mer à Palavas-les-Flots (Hérault).
22 juillet 1915. 
Guerre 1914-1918.</Analyse>
		<Realise_en>1915</Realise_en>
		<Liste_des_auteurs>BERTHELÉ, Raoul</Liste_des_auteurs>
		<Type_Doc>NEGATIF N&amp;B</Type_Doc>
		<Support>VERRE</Support>
		<Technique>Photographie stéréo</Technique>
		<Format>4,5 x 10,7 cm</Format>
		<Cote>49Fi956</Cote>
		<Observations></Observations>
		<Origine>Don Faucher-Berhelé entré le 10/11/1978.</Origine>
		<Droits_Repro>Domaine public</Droits_Repro>
		<subject>GUERRE 1914-1918;</subject>
		<geoname>HERAULT (département);PALAVAS-LES-FLOTS (ville);</geoname>
		<persname></persname>
		<corpname></corpname>
	</DocsFigures>
<DocsFigures>
		<Titre>Château-Thierry. 28/07/15. Grand-mère Berthelé</Titre>
		<Analyse>Portrait de la grand-mère Berthelé dans son jardin à Château-Thierry (Aisne).
28 juillet 1915. 
Guerre 1914-1918.</Analyse>
		<Realise_en>1915</Realise_en>
		<Liste_des_auteurs>BERTHELÉ, Raoul</Liste_des_auteurs>
		<Type_Doc>NEGATIF N&amp;B</Type_Doc>
		<Support>VERRE</Support>
		<Technique>Photographie stéréo</Technique>
		<Format>4,5 x 10,7 cm</Format>
		<Cote>49Fi957</Cote>
		<Observations>Même cliché que le 49Fi1874/27.</Observations>
		<Origine>Don Faucher-Berhelé entré le 10/11/1978.</Origine>
		<Droits_Repro>Domaine public</Droits_Repro>
		<subject>GUERRE 1914-1918;</subject>
		<geoname>AISNE (département);CHATEAU-THIERRY (ville);</geoname>
		<persname></persname>
		<corpname></corpname>
	</DocsFigures>
<DocsFigures>
		<Titre>Palavas. 24/07/15. Suzanne Luthard et Béatrix</Titre>
		<Analyse>Suzanne Luthard et Béatrix Berthelé sur la plage à Palavas-les-Flots (Hérault).
24 juillet 1915. 
Guerre 1914-1918.</Analyse>
		<Realise_en>1915</Realise_en>
		<Liste_des_auteurs>BERTHELÉ, Raoul</Liste_des_auteurs>
		<Type_Doc>NEGATIF N&amp;B</Type_Doc>
		<Support>VERRE</Support>
		<Technique>Photographie stéréo</Technique>
		<Format>4,5 x 10,7 cm</Format>
		<Cote>49Fi958</Cote>
		<Observations></Observations>
		<Origine>Don Faucher-Berhelé entré le 10/11/1978.</Origine>
		<Droits_Repro>Domaine public</Droits_Repro>
		<subject>GUERRE 1914-1918;</subject>
		<geoname>HERAULT (département);PALAVAS-LES-FLOTS (ville);</geoname>
		<persname></persname>
		<corpname></corpname>
	</DocsFigures>
<DocsFigures>
		<Titre>Montpellier. Léon Bouquet</Titre>
		<Analyse>Portrait en pied de Léon Bouquet à Montpellier (Hérault).
Juillet 1915. 
Guerre 1914-1918.</Analyse>
		<Realise_en>1915</Realise_en>
		<Liste_des_auteurs>BERTHELÉ, Raoul</Liste_des_auteurs>
		<Type_Doc>NEGATIF N&amp;B</Type_Doc>
		<Support>VERRE</Support>
		<Technique>Photographie stéréo</Technique>
		<Format>4,5 x 10,7 cm</Format>
		<Cote>49Fi959</Cote>
		<Observations></Observations>
		<Origine>Don Faucher-Berhelé entré le 10/11/1978.</Origine>
		<Droits_Repro>Domaine public</Droits_Repro>
		<subject>GUERRE 1914-1918;</subject>
		<geoname>HERAULT (département);MONTPELLIER (ville);</geoname>
		<persname></persname>
		<corpname></corpname>
	</DocsFigures>
<DocsFigures>
		<Titre>[Mlle Cornu déguisée en officier]</Titre>
		<Analyse>Portrait en pied de Mlle Cornu déguisée en officier.
1915. 
Guerre 1914-1918.</Analyse>
		<Realise_en>1915</Realise_en>
		<Liste_des_auteurs>BERTHELÉ, Raoul</Liste_des_auteurs>
		<Type_Doc>NEGATIF N&amp;B</Type_Doc>
		<Support>VERRE</Support>
		<Technique>Photographie stéréo</Technique>
		<Format>4,5 x 10,7 cm</Format>
		<Cote>49Fi960</Cote>
		<Observations></Observations>
		<Origine>Don Faucher-Berhelé entré le 10/11/1978.</Origine>
		<Droits_Repro>Domaine public</Droits_Repro>
		<subject>GUERRE 1914-1918;</subject>
		<geoname></geoname>
		<persname></persname>
		<corpname></corpname>
	</DocsFigures>
<DocsFigures>
		<Titre>[Mlle Delagarde ?]</Titre>
		<Analyse>Portrait en pied de Mlle Delagarde (?).
1915. 
Guerre 1914-1918.</Analyse>
		<Realise_en>1915</Realise_en>
		<Liste_des_auteurs>BERTHELÉ, Raoul</Liste_des_auteurs>
		<Type_Doc>NEGATIF N&amp;B</Type_Doc>
		<Support>VERRE</Support>
		<Technique>Photographie stéréo</Technique>
		<Format>4,5 x 10,7 cm</Format>
		<Cote>49Fi961</Cote>
		<Observations></Observations>
		<Origine>Don Faucher-Berhelé entré le 10/11/1978.</Origine>
		<Droits_Repro>Domaine public</Droits_Repro>
		<subject>GUERRE 1914-1918;</subject>
		<geoname></geoname>
		<persname></persname>
		<corpname></corpname>
	</DocsFigures>
<DocsFigures>
		<Titre>Amiens. Biplan M. Farman. RB</Titre>
		<Analyse>Portrait de Raoul Berthelé prêt à monter dans un biplan M. Farman dans les environs d&apos;Amiens (Somme).
1915. 
Guerre 1914-1918.</Analyse>
		<Realise_en>1915</Realise_en>
		<Liste_des_auteurs>BERTHELÉ, Raoul</Liste_des_auteurs>
		<Type_Doc>NEGATIF N&amp;B</Type_Doc>
		<Support>VERRE</Support>
		<Technique>Photographie stéréo</Technique>
		<Format>4,5 x 10,7 cm</Format>
		<Cote>49Fi962</Cote>
		<Observations>Papier collé sur la gélatine.</Observations>
		<Origine>Don Faucher-Berhelé entré le 10/11/1978.</Origine>
		<Droits_Repro>Domaine public</Droits_Repro>
		<subject>GUERRE 1914-1918;</subject>
		<geoname>SOMME (département);AMIENS (ville);</geoname>
		<persname>BERTHELE, Raoul;</persname>
		<corpname></corpname>
	</DocsFigures>
<DocsFigures>
		<Titre>Amiens. Hortillonnage. RB en canot</Titre>
		<Analyse>Raoul Berthelé en canot dans un hortillonnage près d&apos;Amiens (Somme).
1915. 
Guerre 1914-1918.</Analyse>
		<Realise_en>1915</Realise_en>
		<Liste_des_auteurs>BERTHELÉ, Raoul</Liste_des_auteurs>
		<Type_Doc>NEGATIF N&amp;B</Type_Doc>
		<Support>VERRE</Support>
		<Technique>Photographie stéréo</Technique>
		<Format>4,5 x 10,7 cm</Format>
		<Cote>49Fi963</Cote>
		<Observations>Papier collé sur la gélatine.</Observations>
		<Origine>Don Faucher-Berhelé entré le 10/11/1978.</Origine>
		<Droits_Repro>Domaine public</Droits_Repro>
		<subject>GUERRE 1914-1918;</subject>
		<geoname>SOMME (département);AMIENS (ville);</geoname>
		<persname>BERTHELE, Raoul;</persname>
		<corpname></corpname>
	</DocsFigures>
<DocsFigures>
		<Titre>Amiens. Hortillonnage. RB</Titre>
		<Analyse>Portrait de Raoul Berthelé assis dans l&apos;herbe dans un hortillonnage près d&apos;Amiens (Somme).
1915. 
Guerre 1914-1918.</Analyse>
		<Realise_en>1915</Realise_en>
		<Liste_des_auteurs>BERTHELÉ, Raoul</Liste_des_auteurs>
		<Type_Doc>NEGATIF N&amp;B</Type_Doc>
		<Support>VERRE</Support>
		<Technique>Photographie stéréo</Technique>
		<Format>4,5 x 10,7 cm</Format>
		<Cote>49Fi964</Cote>
		<Observations>Papier collé sur la gélatine.</Observations>
		<Origine>Don Faucher-Berhelé entré le 10/11/1978.</Origine>
		<Droits_Repro>Domaine public</Droits_Repro>
		<subject>GUERRE 1914-1918;</subject>
		<geoname>SOMME (département);AMIENS (ville);</geoname>
		<persname>BERTHELE, Raoul;</persname>
		<corpname></corpname>
	</DocsFigures>
<DocsFigures>
		<Titre>Saleux. Usine Poiret. Départ des malades</Titre>
		<Analyse>Départ des malades en charette près de l&apos;usine Poiret à Saleux (Somme).
1915. 
Guerre 1914-1918.</Analyse>
		<Realise_en>1915</Realise_en>
		<Liste_des_auteurs>BERTHELÉ, Raoul</Liste_des_auteurs>
		<Type_Doc>NEGATIF N&amp;B</Type_Doc>
		<Support>VERRE</Support>
		<Technique>Photographie stéréo</Technique>
		<Format>4,5 x 10,7 cm</Format>
		<Cote>49Fi965</Cote>
		<Observations>Papier collé sur la gélatine.</Observations>
		<Origine>Don Faucher-Berhelé entré le 10/11/1978.</Origine>
		<Droits_Repro>Domaine public</Droits_Repro>
		<subject>GUERRE 1914-1918;</subject>
		<geoname>SOMME (département);SALEUX (ville);</geoname>
		<persname></persname>
		<corpname></corpname>
	</DocsFigures>
<DocsFigures>
		<Titre>Saleux RB et son cheval</Titre>
		<Analyse>Raoul Berthelé pose à côté de son cheval &quot;Fifille&quot; dans une rue de Saleux (Somme).
1915. 
Guerre 1914-1918.</Analyse>
		<Realise_en>1915</Realise_en>
		<Liste_des_auteurs>BERTHELÉ, Raoul</Liste_des_auteurs>
		<Type_Doc>NEGATIF N&amp;B</Type_Doc>
		<Support>VERRE</Support>
		<Technique>Photographie stéréo</Technique>
		<Format>4,5 x 10,7 cm</Format>
		<Cote>49Fi966</Cote>
		<Observations>Papier collé sur la gélatine.</Observations>
		<Origine>Don Faucher-Berhelé entré le 10/11/1978.</Origine>
		<Droits_Repro>Domaine public</Droits_Repro>
		<subject>GUERRE 1914-1918;</subject>
		<geoname>SOMME (département);SALEUX (ville);</geoname>
		<persname>BERTHELE, Raoul;</persname>
		<corpname></corpname>
	</DocsFigures>
<DocsFigures>
		<Titre>Saleux RB et son cheval</Titre>
		<Analyse>Raoul Berthelé donne à manger à son cheval &quot;Fifille&quot; dans une rue de Saleux (Somme).
1915. 
Guerre 1914-1918.</Analyse>
		<Realise_en>1915</Realise_en>
		<Liste_des_auteurs>BERTHELÉ, Raoul</Liste_des_auteurs>
		<Type_Doc>NEGATIF N&amp;B</Type_Doc>
		<Support>VERRE</Support>
		<Technique>Photographie stéréo</Technique>
		<Format>4,5 x 10,7 cm</Format>
		<Cote>49Fi967</Cote>
		<Observations></Observations>
		<Origine>Don Faucher-Berhelé entré le 10/11/1978.</Origine>
		<Droits_Repro>Domaine public</Droits_Repro>
		<subject>GUERRE 1914-1918;</subject>
		<geoname>SOMME (département);SALEUX (ville);</geoname>
		<persname>BERTHELE, Raoul;</persname>
		<corpname></corpname>
	</DocsFigures>
<DocsFigures>
		<Titre>Amiens. Hortillonnage. RB</Titre>
		<Analyse>Raoul Berthelé pose au milieu des branches dans un hortillonnage près d&apos;Amiens (Somme).
1915. 
Guerre 1914-1918.</Analyse>
		<Realise_en>1915</Realise_en>
		<Liste_des_auteurs>BERTHELÉ, Raoul</Liste_des_auteurs>
		<Type_Doc>NEGATIF N&amp;B</Type_Doc>
		<Support>VERRE</Support>
		<Technique>Photographie stéréo</Technique>
		<Format>4,5 x 10,7 cm</Format>
		<Cote>49Fi968</Cote>
		<Observations></Observations>
		<Origine>Don Faucher-Berhelé entré le 10/11/1978.</Origine>
		<Droits_Repro>Domaine public</Droits_Repro>
		<subject>GUERRE 1914-1918;</subject>
		<geoname>SOMME (département);AMIENS (ville);</geoname>
		<persname>BERTHELE, Raoul;</persname>
		<corpname></corpname>
	</DocsFigures>
<DocsFigures>
		<Titre>Saleux. RB et son cheval</Titre>
		<Analyse>Raoul Berthelé pose à cheval dans une rue de Saleux (Somme).
1915. 
Guerre 1914-1918.</Analyse>
		<Realise_en>1915</Realise_en>
		<Liste_des_auteurs>BERTHELÉ, Raoul</Liste_des_auteurs>
		<Type_Doc>NEGATIF N&amp;B</Type_Doc>
		<Support>VERRE</Support>
		<Technique>Photographie stéréo</Technique>
		<Format>4,5 x 10,7 cm</Format>
		<Cote>49Fi969</Cote>
		<Observations></Observations>
		<Origine>Don Faucher-Berhelé entré le 10/11/1978.</Origine>
		<Droits_Repro>Domaine public</Droits_Repro>
		<subject>GUERRE 1914-1918;</subject>
		<geoname>SOMME (département);SALEUX (ville);</geoname>
		<persname>BERTHELE, Raoul;</persname>
		<corpname></corpname>
	</DocsFigures>
<DocsFigures>
		<Titre>Saleux RB et son cheval</Titre>
		<Analyse>Raoul Berthelé en train de monter son don cheval dans une rue de Saleux (Somme).
1915. 
Guerre 1914-1918.</Analyse>
		<Realise_en>1915</Realise_en>
		<Liste_des_auteurs>BERTHELÉ, Raoul</Liste_des_auteurs>
		<Type_Doc>NEGATIF N&amp;B</Type_Doc>
		<Support>VERRE</Support>
		<Technique>Photographie stéréo</Technique>
		<Format>4,5 x 10,7 cm</Format>
		<Cote>49Fi970</Cote>
		<Observations></Observations>
		<Origine>Don Faucher-Berhelé entré le 10/11/1978.</Origine>
		<Droits_Repro>Domaine public</Droits_Repro>
		<subject>GUERRE 1914-1918;</subject>
		<geoname>SOMME (département);SALEUX (ville);</geoname>
		<persname>BERTHELE, Raoul;</persname>
		<corpname></corpname>
	</DocsFigures>
<DocsFigures>
		<Titre>Saleux. RB</Titre>
		<Analyse>Raoul Berthelé pose devant l&apos;entrée de son bureau de l&apos;approvisionnement à Saleux (Somme).
1915. 
Guerre 1914-1918.</Analyse>
		<Realise_en>1915</Realise_en>
		<Liste_des_auteurs>BERTHELÉ, Raoul</Liste_des_auteurs>
		<Type_Doc>NEGATIF N&amp;B</Type_Doc>
		<Support>VERRE</Support>
		<Technique>Photographie stéréo</Technique>
		<Format>4,5 x 10,7 cm</Format>
		<Cote>49Fi971</Cote>
		<Observations></Observations>
		<Origine>Don Faucher-Berhelé entré le 10/11/1978.</Origine>
		<Droits_Repro>Domaine public</Droits_Repro>
		<subject>GUERRE 1914-1918;</subject>
		<geoname>SOMME (département);SALEUX (ville);</geoname>
		<persname>BERTHELE, Raoul;</persname>
		<corpname></corpname>
	</DocsFigures>
<DocsFigures>
		<Titre>Saleux. RB et son cheval</Titre>
		<Analyse>Raoul Berthelé pose à côté de son cheval &quot;Fifille&quot; à Saleux (Somme).
1915. 
Guerre 1914-1918.</Analyse>
		<Realise_en>1915</Realise_en>
		<Liste_des_auteurs>BERTHELÉ, Raoul</Liste_des_auteurs>
		<Type_Doc>NEGATIF N&amp;B</Type_Doc>
		<Support>VERRE</Support>
		<Technique>Photographie stéréo</Technique>
		<Format>4,5 x 10,7 cm</Format>
		<Cote>49Fi972</Cote>
		<Observations></Observations>
		<Origine>Don Faucher-Berhelé entré le 10/11/1978.</Origine>
		<Droits_Repro>Domaine public</Droits_Repro>
		<subject>GUERRE 1914-1918;</subject>
		<geoname>SOMME (département);SALEUX (ville);</geoname>
		<persname>BERTHELE, Raoul;</persname>
		<corpname></corpname>
	</DocsFigures>
<DocsFigures>
		<Titre>Amiens. Hortillonnage. RB en canot</Titre>
		<Analyse>Raoul Berthelé pose en canot dans un hortillonnage près d&apos;Amiens (Somme).
1915. 
Guerre 1914-1918.</Analyse>
		<Realise_en>1915</Realise_en>
		<Liste_des_auteurs>BERTHELÉ, Raoul</Liste_des_auteurs>
		<Type_Doc>NEGATIF N&amp;B</Type_Doc>
		<Support>VERRE</Support>
		<Technique>Photographie stéréo</Technique>
		<Format>4,5 x 10,7 cm</Format>
		<Cote>49Fi973</Cote>
		<Observations></Observations>
		<Origine>Don Faucher-Berhelé entré le 10/11/1978.</Origine>
		<Droits_Repro>Domaine public</Droits_Repro>
		<subject>GUERRE 1914-1918;</subject>
		<geoname>SOMME (département);AMIENS (ville);</geoname>
		<persname>BERTHELE, Raoul;</persname>
		<corpname></corpname>
	</DocsFigures>
<DocsFigures>
		<Titre>Amiens. Hortillonnage. RB</Titre>
		<Analyse>Portrait en pied de Raoul Berthelé dans un hortillonnage près d&apos;Amiens (Somme).
1915. 
Guerre 1914-1918.</Analyse>
		<Realise_en>1915</Realise_en>
		<Liste_des_auteurs>BERTHELÉ, Raoul</Liste_des_auteurs>
		<Type_Doc>NEGATIF N&amp;B</Type_Doc>
		<Support>VERRE</Support>
		<Technique>Photographie stéréo</Technique>
		<Format>4,5 x 10,7 cm</Format>
		<Cote>49Fi974</Cote>
		<Observations></Observations>
		<Origine>Don Faucher-Berhelé entré le 10/11/1978.</Origine>
		<Droits_Repro>Domaine public</Droits_Repro>
		<subject>GUERRE 1914-1918;</subject>
		<geoname>SOMME (département);AMIENS (ville);</geoname>
		<persname>BERTHELE, Raoul;</persname>
		<corpname></corpname>
	</DocsFigures>
<DocsFigures>
		<Titre>Amiens. RB en canot</Titre>
		<Analyse>Portrait de Raoul Berthelé en canot dans un horillonnage près d&apos;Amiens (Somme).
1915. 
Guerre 1914-1918.</Analyse>
		<Realise_en>1915</Realise_en>
		<Liste_des_auteurs>BERTHELÉ, Raoul</Liste_des_auteurs>
		<Type_Doc>NEGATIF N&amp;B</Type_Doc>
		<Support>VERRE</Support>
		<Technique>Photographie stéréo</Technique>
		<Format>4,5 x 10,7 cm</Format>
		<Cote>49Fi975</Cote>
		<Observations></Observations>
		<Origine>Don Faucher-Berhelé entré le 10/11/1978.</Origine>
		<Droits_Repro>Domaine public</Droits_Repro>
		<subject>GUERRE 1914-1918;</subject>
		<geoname>SOMME (département);AMIENS (ville);</geoname>
		<persname>BERTHELE, Raoul;</persname>
		<corpname></corpname>
	</DocsFigures>
<DocsFigures>
		<Titre>Amiens. Hortillonnage. RB</Titre>
		<Analyse>Portrait de Raoul Berthelé en canot en train de ramer dans un horillonnage près d&apos;Amiens (Somme).
1915. 
Guerre 1914-1918.
Il est accompagné de Mlle Delagarde.</Analyse>
		<Realise_en>1915</Realise_en>
		<Liste_des_auteurs>BERTHELÉ, Raoul</Liste_des_auteurs>
		<Type_Doc>NEGATIF N&amp;B</Type_Doc>
		<Support>VERRE</Support>
		<Technique>Photographie stéréo</Technique>
		<Format>4,5 x 10,7 cm</Format>
		<Cote>49Fi976</Cote>
		<Observations></Observations>
		<Origine>Don Faucher-Berhelé entré le 10/11/1978.</Origine>
		<Droits_Repro>Domaine public</Droits_Repro>
		<subject>GUERRE 1914-1918;</subject>
		<geoname>SOMME (département);AMIENS (ville);</geoname>
		<persname>BERTHELE, Raoul;</persname>
		<corpname></corpname>
	</DocsFigures>
<DocsFigures>
		<Titre>Amiens. La Hotoie. RB</Titre>
		<Analyse>Raoul Berthelé assis sur un banc dans le parc de La Hotoie à Amiens (Somme). 
1915. 
Guerre 1914-1918.</Analyse>
		<Realise_en>1915</Realise_en>
		<Liste_des_auteurs>BERTHELÉ, Raoul</Liste_des_auteurs>
		<Type_Doc>NEGATIF N&amp;B</Type_Doc>
		<Support>VERRE</Support>
		<Technique>Photographie stéréo</Technique>
		<Format>4,5 x 10,7 cm</Format>
		<Cote>49Fi977</Cote>
		<Observations></Observations>
		<Origine>Don Faucher-Berhelé entré le 10/11/1978.</Origine>
		<Droits_Repro>Domaine public</Droits_Repro>
		<subject>GUERRE 1914-1918;</subject>
		<geoname>SOMME (département);AMIENS (ville);</geoname>
		<persname>BERTHELE, Raoul;</persname>
		<corpname></corpname>
	</DocsFigures>
<DocsFigures>
		<Titre>Amiens. La Hotoie. RB</Titre>
		<Analyse>Raoul Berthelé pose sous un saule pleureur dans le parc de La Hotoie à Amiens (Somme).
1915. 
Guerre 1914-1918.</Analyse>
		<Realise_en>1915</Realise_en>
		<Liste_des_auteurs>BERTHELÉ, Raoul</Liste_des_auteurs>
		<Type_Doc>NEGATIF N&amp;B</Type_Doc>
		<Support>VERRE</Support>
		<Technique>Photographie stéréo</Technique>
		<Format>4,5 x 10,7 cm</Format>
		<Cote>49Fi978</Cote>
		<Observations></Observations>
		<Origine>Don Faucher-Berhelé entré le 10/11/1978.</Origine>
		<Droits_Repro>Domaine public</Droits_Repro>
		<subject>GUERRE 1914-1918;</subject>
		<geoname>SOMME (département);AMIENS (ville);</geoname>
		<persname>BERTHELE, Raoul;</persname>
		<corpname></corpname>
	</DocsFigures>
<DocsFigures>
		<Titre>Nogentel. Grand-mère Vomarne. 29/07/15</Titre>
		<Analyse>La grand-mère Vomarne pose devant le perron de sa maison à Nogentel (Aisne).
29 juillet 1915. 
Guerre 1914-1918. </Analyse>
		<Realise_en>1915</Realise_en>
		<Liste_des_auteurs>BERTHELÉ, Raoul</Liste_des_auteurs>
		<Type_Doc>NEGATIF N&amp;B</Type_Doc>
		<Support>VERRE</Support>
		<Technique>Photographie stéréo</Technique>
		<Format>4,5 x 10,7 cm</Format>
		<Cote>49Fi979</Cote>
		<Observations>Même cliché que le 49Fi1874/28.</Observations>
		<Origine>Don Faucher-Berhelé entré le 10/11/1978.</Origine>
		<Droits_Repro>Domaine public</Droits_Repro>
		<subject>GUERRE 1914-1918;</subject>
		<geoname>AISNE (département);MARNE (département);</geoname>
		<persname></persname>
		<corpname></corpname>
	</DocsFigures>
<DocsFigures>
		<Titre>Nogentel. Grand-mère Vomarne. 29/07/15</Titre>
		<Analyse>La grand-mère Vomarne pose dans le jardin de sa maison à Nogentel (Aisne).
29 juillet 1915. 
Guerre 1914-1918. </Analyse>
		<Realise_en>1915</Realise_en>
		<Liste_des_auteurs>BERTHELÉ, Raoul</Liste_des_auteurs>
		<Type_Doc>NEGATIF N&amp;B</Type_Doc>
		<Support>VERRE</Support>
		<Technique>Photographie stéréo</Technique>
		<Format>4,5 x 10,7 cm</Format>
		<Cote>49Fi980</Cote>
		<Observations></Observations>
		<Origine>Don Faucher-Berhelé entré le 10/11/1978.</Origine>
		<Droits_Repro>Domaine public</Droits_Repro>
		<subject>GUERRE 1914-1918;</subject>
		<geoname>AISNE (département);MARNE (département);</geoname>
		<persname></persname>
		<corpname></corpname>
	</DocsFigures>
<DocsFigures>
		<Titre>Palavas. 22/07/15. Béatrix</Titre>
		<Analyse>Béatrix Berthelé pose sur une jetée à Palavas-les-Flots (Hérault).
22 juillet 1915. 
Guerre 1914-1918. </Analyse>
		<Realise_en>1915</Realise_en>
		<Liste_des_auteurs>BERTHELÉ, Raoul</Liste_des_auteurs>
		<Type_Doc>NEGATIF N&amp;B</Type_Doc>
		<Support>VERRE</Support>
		<Technique>Photographie stéréo</Technique>
		<Format>4,5 x 10,7 cm</Format>
		<Cote>49Fi981</Cote>
		<Observations></Observations>
		<Origine>Don Faucher-Berhelé entré le 10/11/1978.</Origine>
		<Droits_Repro>Domaine public</Droits_Repro>
		<subject>GUERRE 1914-1918;</subject>
		<geoname>HERAULT (département);PALAVAS-LES-FLOTS (ville);</geoname>
		<persname></persname>
		<corpname></corpname>
	</DocsFigures>
<DocsFigures>
		<Titre>Palavas. 22/07/15. Béatrix</Titre>
		<Analyse>Béatrix Berthelé pose sur une jetée à Palavas-les-Flots (Hérault).
22 juillet 1915. 
Guerre 1914-1918. </Analyse>
		<Realise_en>1915</Realise_en>
		<Liste_des_auteurs>BERTHELÉ, Raoul</Liste_des_auteurs>
		<Type_Doc>NEGATIF N&amp;B</Type_Doc>
		<Support>VERRE</Support>
		<Technique>Photographie stéréo</Technique>
		<Format>4,5 x 10,7 cm</Format>
		<Cote>49Fi982</Cote>
		<Observations></Observations>
		<Origine>Don Faucher-Berhelé entré le 10/11/1978.</Origine>
		<Droits_Repro>Domaine public</Droits_Repro>
		<subject>GUERRE 1914-1918;</subject>
		<geoname>HERAULT (département);PALAVAS-LES-FLOTS (ville);</geoname>
		<persname></persname>
		<corpname></corpname>
	</DocsFigures>
<DocsFigures>
		<Titre>Palavas. 24/07/15. Docteur de Mélevieille. Suzanne Luthard et Béatrix</Titre>
		<Analyse>Le docteur de Mélevieille, Suzanne Luthard et Béatrix Berthelé sur une plage à Palavas-les-Flots (Hérault).
24 juillet 1915. 
Guerre 1914-1918. </Analyse>
		<Realise_en>1915</Realise_en>
		<Liste_des_auteurs>BERTHELÉ, Raoul</Liste_des_auteurs>
		<Type_Doc>NEGATIF N&amp;B</Type_Doc>
		<Support>VERRE</Support>
		<Technique>Photographie stéréo</Technique>
		<Format>4,5 x 10,7 cm</Format>
		<Cote>49Fi983</Cote>
		<Observations></Observations>
		<Origine>Don Faucher-Berhelé entré le 10/11/1978.</Origine>
		<Droits_Repro>Domaine public</Droits_Repro>
		<subject>GUERRE 1914-1918;</subject>
		<geoname>HERAULT (département);PALAVAS-LES-FLOTS (ville);</geoname>
		<persname></persname>
		<corpname></corpname>
	</DocsFigures>
<DocsFigures>
		<Titre>Montpellier. Rimbaud. Béatrix</Titre>
		<Analyse>Béatrix Berthelé pose au bord du Lez au lieu-dit Rimbaud à Montpellier (Hérault).
Juillet 1915. 
Guerre 1914-1918. </Analyse>
		<Realise_en>1915</Realise_en>
		<Liste_des_auteurs>BERTHELÉ, Raoul</Liste_des_auteurs>
		<Type_Doc>NEGATIF N&amp;B</Type_Doc>
		<Support>VERRE</Support>
		<Technique>Photographie stéréo</Technique>
		<Format>4,5 x 10,7 cm</Format>
		<Cote>49Fi984</Cote>
		<Observations></Observations>
		<Origine>Don Faucher-Berhelé entré le 10/11/1978.</Origine>
		<Droits_Repro>Domaine public</Droits_Repro>
		<subject>GUERRE 1914-1918;</subject>
		<geoname>HERAULT (département);MONTPELLIER (ville);</geoname>
		<persname></persname>
		<corpname></corpname>
	</DocsFigures>
<DocsFigures>
		<Titre>Montpellier. Rimbaud. RB</Titre>
		<Analyse>Raoul Berthelé en canot sur le Lez au lieu-dit Rimbaud à Montpellier (Hérault). 
Juillet 1915. 
Guerre 1914-1918. </Analyse>
		<Realise_en>1915</Realise_en>
		<Liste_des_auteurs>BERTHELÉ, Raoul</Liste_des_auteurs>
		<Type_Doc>NEGATIF N&amp;B</Type_Doc>
		<Support>VERRE</Support>
		<Technique>Photographie stéréo</Technique>
		<Format>4,5 x 10,7 cm</Format>
		<Cote>49Fi985</Cote>
		<Observations></Observations>
		<Origine>Don Faucher-Berhelé entré le 10/11/1978.</Origine>
		<Droits_Repro>Domaine public</Droits_Repro>
		<subject>GUERRE 1914-1918;</subject>
		<geoname>HERAULT (département);MONTPELLIER (ville);</geoname>
		<persname>BERTHELE, Raoul;</persname>
		<corpname></corpname>
	</DocsFigures>
<DocsFigures>
		<Titre>Montpellier. Rimbaud. RB</Titre>
		<Analyse>Raoul Berthelé en canot sur le Lez au lieu-dit Rimbaud à Montpellier (Hérault). 
Juillet 1915.
Guerre 1914-1918. </Analyse>
		<Realise_en>1915</Realise_en>
		<Liste_des_auteurs>BERTHELÉ, Raoul</Liste_des_auteurs>
		<Type_Doc>NEGATIF N&amp;B</Type_Doc>
		<Support>VERRE</Support>
		<Technique>Photographie stéréo</Technique>
		<Format>4,5 x 10,7 cm</Format>
		<Cote>49Fi986</Cote>
		<Observations></Observations>
		<Origine>Don Faucher-Berhelé entré le 10/11/1978.</Origine>
		<Droits_Repro>Domaine public</Droits_Repro>
		<subject>GUERRE 1914-1918;</subject>
		<geoname>HERAULT (département);MONTPELLIER (ville);</geoname>
		<persname>BERTHELE, Raoul;</persname>
		<corpname></corpname>
	</DocsFigures>
<DocsFigures>
		<Titre>St Memmie</Titre>
		<Analyse>Trois femmes posent dans une rue à Saint-Memmie (Marne).
1915. 
Guerre 1914-1918. </Analyse>
		<Realise_en>1915</Realise_en>
		<Liste_des_auteurs>BERTHELÉ, Raoul</Liste_des_auteurs>
		<Type_Doc>NEGATIF N&amp;B</Type_Doc>
		<Support>VERRE</Support>
		<Technique>Photographie stéréo</Technique>
		<Format>4,5 x 10,7 cm</Format>
		<Cote>49Fi987</Cote>
		<Observations></Observations>
		<Origine>Don Faucher-Berhelé entré le 10/11/1978.</Origine>
		<Droits_Repro>Domaine public</Droits_Repro>
		<subject>FEMME;GUERRE 1914-1918;</subject>
		<geoname>MARNE (département);SAINT-MEMMIE (ville);</geoname>
		<persname></persname>
		<corpname></corpname>
	</DocsFigures>
<DocsFigures>
		<Titre>Montpellier. Béatrix et M. Cavillier</Titre>
		<Analyse>Béatrix Berthelé et M. Cavillier (le jardinier) posent dans le jardin de la maison Berthelé à Montpellier (Hérault).
Juillet 1915. 
Guerre 1914-1918. </Analyse>
		<Realise_en>1915</Realise_en>
		<Liste_des_auteurs>BERTHELÉ, Raoul</Liste_des_auteurs>
		<Type_Doc>NEGATIF N&amp;B</Type_Doc>
		<Support>VERRE</Support>
		<Technique>Photographie stéréo</Technique>
		<Format>4,5 x 10,7 cm</Format>
		<Cote>49Fi988</Cote>
		<Observations></Observations>
		<Origine>Don Faucher-Berhelé entré le 10/11/1978.</Origine>
		<Droits_Repro>Domaine public</Droits_Repro>
		<subject>GUERRE 1914-1918;</subject>
		<geoname>MONTPELLIER (ville);HERAULT (département);</geoname>
		<persname></persname>
		<corpname></corpname>
	</DocsFigures>
<DocsFigures>
		<Titre>Montpellier. J. Berthelé</Titre>
		<Analyse>Montpellier (Hérault).
Juillet 1915.
Portrait en pied de Joseph Berthelé le père de Raoul Berthelé, déguisé en officier dans le jardin de sa maison.
Guerre 1914-1918. </Analyse>
		<Realise_en>1915</Realise_en>
		<Liste_des_auteurs>BERTHELÉ, Raoul</Liste_des_auteurs>
		<Type_Doc>NEGATIF N&amp;B</Type_Doc>
		<Support>VERRE</Support>
		<Technique>Photographie stéréo</Technique>
		<Format>4,5 x 10,7 cm</Format>
		<Cote>49Fi989</Cote>
		<Observations>Même cliché que le 49Fi1875/64 et de la 49Fi995.</Observations>
		<Origine>Don Faucher-Berhelé entré le 10/11/1978.</Origine>
		<Droits_Repro>Domaine public</Droits_Repro>
		<subject>GUERRE 1914-1918;</subject>
		<geoname>MONTPELLIER (ville);HERAULT (département);</geoname>
		<persname>BERTHELE, Raoul;</persname>
		<corpname></corpname>
	</DocsFigures>
<DocsFigures>
		<Titre>Montpellier. Béatrix</Titre>
		<Analyse>Portrait en buste de Béatrix Berthelé tenant un canard dans ses bras à Montpellier (Hérault)
Juillet 1915. 
Guerre 1914-1918. </Analyse>
		<Realise_en>1915</Realise_en>
		<Liste_des_auteurs>BERTHELÉ, Raoul</Liste_des_auteurs>
		<Type_Doc>NEGATIF N&amp;B</Type_Doc>
		<Support>VERRE</Support>
		<Technique>Photographie stéréo</Technique>
		<Format>4,5 x 10,7 cm</Format>
		<Cote>49Fi990</Cote>
		<Observations>Même cliché que le 49Fi1875/61.</Observations>
		<Origine>Don Faucher-Berhelé entré le 10/11/1978.</Origine>
		<Droits_Repro>Domaine public</Droits_Repro>
		<subject>GUERRE 1914-1918;</subject>
		<geoname>MONTPELLIER (ville);HERAULT (département);</geoname>
		<persname></persname>
		<corpname></corpname>
	</DocsFigures>
<DocsFigures>
		<Titre>Montpellier. J. Berthelé</Titre>
		<Analyse>Portrait de Joseph Berthelé (archiviste départemental de l&apos;Hérault) dans son bureau à Montpellier (Hérault).
Juillet 1915. 
Guerre 1914-1918. </Analyse>
		<Realise_en>1915</Realise_en>
		<Liste_des_auteurs>BERTHELÉ, Raoul</Liste_des_auteurs>
		<Type_Doc>NEGATIF N&amp;B</Type_Doc>
		<Support>VERRE</Support>
		<Technique>Photographie stéréo</Technique>
		<Format>4,5 x 10,7 cm</Format>
		<Cote>49Fi991</Cote>
		<Observations>Même cliché que le 49Fi1875/65.</Observations>
		<Origine>Don Faucher-Berhelé entré le 10/11/1978.</Origine>
		<Droits_Repro>Domaine public</Droits_Repro>
		<subject>GUERRE 1914-1918;</subject>
		<geoname>MONTPELLIER (ville);HERAULT (département);</geoname>
		<persname></persname>
		<corpname></corpname>
	</DocsFigures>
<DocsFigures>
		<Titre>[Homme assis à un bureau]</Titre>
		<Analyse>Homme dans un bureau à Montpellier (Hérault). (Archives?)
1915. 
Guerre 1914-1918. </Analyse>
		<Realise_en>1915</Realise_en>
		<Liste_des_auteurs>BERTHELÉ, Raoul</Liste_des_auteurs>
		<Type_Doc>NEGATIF N&amp;B</Type_Doc>
		<Support>VERRE</Support>
		<Technique>Photographie stéréo</Technique>
		<Format>4,5 x 10,7 cm</Format>
		<Cote>49Fi992</Cote>
		<Observations></Observations>
		<Origine>Don Faucher-Berhelé entré le 10/11/1978.</Origine>
		<Droits_Repro>Domaine public</Droits_Repro>
		<subject>GUERRE 1914-1918;</subject>
		<geoname>MONTPELLIER (ville);HERAULT (département);</geoname>
		<persname></persname>
		<corpname></corpname>
	</DocsFigures>
<DocsFigures>
		<Titre>Montpellier. RB</Titre>
		<Analyse>Portrait en pied de Raoul Berthelé dans le jardin de la maison familiale à Montpellier (Hérault).
Juillet 1915. 
Guerre 1914-1918. </Analyse>
		<Realise_en>1915</Realise_en>
		<Liste_des_auteurs>BERTHELÉ, Raoul</Liste_des_auteurs>
		<Type_Doc>NEGATIF N&amp;B</Type_Doc>
		<Support>VERRE</Support>
		<Technique>Photographie stéréo</Technique>
		<Format>4,5 x 10,7 cm</Format>
		<Cote>49Fi993</Cote>
		<Observations>Même cliché que le 49Fi1875/63.</Observations>
		<Origine>Don Faucher-Berhelé entré le 10/11/1978.</Origine>
		<Droits_Repro>Domaine public</Droits_Repro>
		<subject>GUERRE 1914-1918;</subject>
		<geoname>MONTPELLIER (ville);HERAULT (département);</geoname>
		<persname>BERTHELE, Raoul;</persname>
		<corpname></corpname>
	</DocsFigures>
<DocsFigures>
		<Titre>Montpellier. M. Cavillier et Béatrix</Titre>
		<Analyse>Béatrix Berthelé et M. Cavillier (le jardinier) posent dans le jardin de la maison Berthelé à Montpellier (Hérault).
Juillet 1915. 
Guerre 1914-1918. </Analyse>
		<Realise_en>1915</Realise_en>
		<Liste_des_auteurs>BERTHELÉ, Raoul</Liste_des_auteurs>
		<Type_Doc>NEGATIF N&amp;B</Type_Doc>
		<Support>VERRE</Support>
		<Technique>Photographie stéréo</Technique>
		<Format>4,5 x 10,7 cm</Format>
		<Cote>49Fi994</Cote>
		<Observations>Même cliché que le 49Fi1875/62.</Observations>
		<Origine>Don Faucher-Berhelé entré le 10/11/1978.</Origine>
		<Droits_Repro>Domaine public</Droits_Repro>
		<subject>GUERRE 1914-1918;</subject>
		<geoname>MONTPELLIER (ville);HERAULT (département);</geoname>
		<persname></persname>
		<corpname></corpname>
	</DocsFigures>
<DocsFigures>
		<Titre>Montpellier.Papa</Titre>
		<Analyse>Portrait en pied de Joseph Berthelé le père de Raoul Berthelé, déguisé en officier dans le jardin de sa maison à Montpellier (Hérault).
Juillet 1915. 
Guerre 1914-1918. </Analyse>
		<Realise_en>1915</Realise_en>
		<Liste_des_auteurs>BERTHELÉ, Raoul</Liste_des_auteurs>
		<Type_Doc>Positif N&amp;B</Type_Doc>
		<Support>VERRE</Support>
		<Technique>Photographie stéréo</Technique>
		<Format>4,5 x 10,7 cm</Format>
		<Cote>49Fi995</Cote>
		<Observations>Plaque de verre positive de la 49Fi989.</Observations>
		<Origine>Don Faucher-Berhelé entré le 10/11/1978.</Origine>
		<Droits_Repro>Domaine public</Droits_Repro>
		<subject>GUERRE 1914-1918;</subject>
		<geoname>MONTPELLIER (ville);HERAULT (département);</geoname>
		<persname></persname>
		<corpname></corpname>
	</DocsFigures>
<DocsFigures>
		<Titre>Montpellier. Béatrix</Titre>
		<Analyse>Portrait en buste de Béatrix Berthelé tenant un canard dans ses bras à Montpellier (Hérault)
Juillet 1915. 
Guerre 1914-1918. </Analyse>
		<Realise_en>1915</Realise_en>
		<Liste_des_auteurs>BERTHELÉ, Raoul</Liste_des_auteurs>
		<Type_Doc>NEGATIF N&amp;B</Type_Doc>
		<Support>VERRE</Support>
		<Technique>Photographie stéréo</Technique>
		<Format>4,5 x 10,7 cm</Format>
		<Cote>49Fi996</Cote>
		<Observations></Observations>
		<Origine>Don Faucher-Berhelé entré le 10/11/1978.</Origine>
		<Droits_Repro>Domaine public</Droits_Repro>
		<subject>GUERRE 1914-1918;</subject>
		<geoname>MONTPELLIER (ville);HERAULT (département);</geoname>
		<persname></persname>
		<corpname></corpname>
	</DocsFigures>
<DocsFigures>
		<Titre>Montpellier. Rimbaud. Beatrix</Titre>
		<Analyse>Béatrix Berthelé pose au bord du Lez au lieu-dit Rimbaud à Montpellier (Hérault).
Juillet 1915. 
Guerre 1914-1918. </Analyse>
		<Realise_en>1915</Realise_en>
		<Liste_des_auteurs>BERTHELÉ, Raoul</Liste_des_auteurs>
		<Type_Doc>NEGATIF N&amp;B</Type_Doc>
		<Support>VERRE</Support>
		<Technique>Photographie stéréo</Technique>
		<Format>4,5 x 10,7 cm</Format>
		<Cote>49Fi997</Cote>
		<Observations></Observations>
		<Origine>Don Faucher-Berhelé entré le 10/11/1978.</Origine>
		<Droits_Repro>Domaine public</Droits_Repro>
		<subject>GUERRE 1914-1918;</subject>
		<geoname>MONTPELLIER (ville);HERAULT (département);</geoname>
		<persname></persname>
		<corpname></corpname>
	</DocsFigures>
<DocsFigures>
		<Titre>Montpellier. Rimbaud. RB</Titre>
		<Analyse>Raoul Berthelé en canot sur le Lez au lieu-dit Rimbaud à Montpellier (Hérault). 
Juillet 1915. 
Guerre 1914-1918. </Analyse>
		<Realise_en>1915</Realise_en>
		<Liste_des_auteurs>BERTHELÉ, Raoul</Liste_des_auteurs>
		<Type_Doc>NEGATIF N&amp;B</Type_Doc>
		<Support>VERRE</Support>
		<Technique>Photographie stéréo</Technique>
		<Format>4,5 x 10,7 cm</Format>
		<Cote>49Fi998</Cote>
		<Observations></Observations>
		<Origine>Don Faucher-Berhelé entré le 10/11/1978.</Origine>
		<Droits_Repro>Domaine public</Droits_Repro>
		<subject>GUERRE 1914-1918;</subject>
		<geoname>MONTPELLIER (ville);HERAULT (département);</geoname>
		<persname>BERTHELE, Raoul;</persname>
		<corpname></corpname>
	</DocsFigures>
<DocsFigures>
		<Titre>Château-Thierry. 28/07/15. Grand-mère Berthelé</Titre>
		<Analyse>Portrait de la grand-mère Berthelé dans son jardin à Château-Thierry (Aisne).
28 juillet 1915.
Guerre 1914-1918. </Analyse>
		<Realise_en>1915</Realise_en>
		<Liste_des_auteurs>BERTHELÉ, Raoul</Liste_des_auteurs>
		<Type_Doc>NEGATIF N&amp;B</Type_Doc>
		<Support>VERRE</Support>
		<Technique>Photographie stéréo</Technique>
		<Format>4,5 x 10,7 cm</Format>
		<Cote>49Fi999</Cote>
		<Observations></Observations>
		<Origine>Don Faucher-Berhelé entré le 10/11/1978.</Origine>
		<Droits_Repro>Domaine public</Droits_Repro>
		<subject>GUERRE 1914-1918;</subject>
		<geoname>AISNE (département);CHATEAU-THIERRY (ville);</geoname>
		<persname></persname>
		<corpname></corpname>
	</DocsFigures>
<DocsFigures>
		<Titre>Paris. Jardin du Luxembourg. J. Cornu</Titre>
		<Analyse>Mlle Cornu pose dans le jardin du Luxembourg à Paris.
1916. 
Guerre 1914-1918. </Analyse>
		<Realise_en>1916</Realise_en>
		<Liste_des_auteurs>BERTHELÉ, Raoul</Liste_des_auteurs>
		<Type_Doc>NEGATIF N&amp;B</Type_Doc>
		<Support>VERRE</Support>
		<Technique>Photographie stéréo</Technique>
		<Format>4,5 x 10,7 cm</Format>
		<Cote>49Fi1000</Cote>
		<Observations>Même cliché que le 49Fi1875/135.</Observations>
		<Origine>Don Faucher-Berhelé entré le 10/11/1978.</Origine>
		<Droits_Repro>Domaine public</Droits_Repro>
		<subject>GUERRE 1914-1918;</subject>
		<geoname>PARIS (ville);</geoname>
		<persname></persname>
		<corpname></corpname>
	</DocsFigures>
<DocsFigures>
		<Titre>Paris. Jardin du Luxembourg. J. Cornu et Albéric</Titre>
		<Analyse>Albéric Vomarne et Jeanne Cornu posent dans le jardin du Luxembourg à Paris.
1916. 
Guerre 1914-1918. </Analyse>
		<Realise_en>1916</Realise_en>
		<Liste_des_auteurs>BERTHELÉ, Raoul</Liste_des_auteurs>
		<Type_Doc>NEGATIF N&amp;B</Type_Doc>
		<Support>VERRE</Support>
		<Technique>Photographie stéréo</Technique>
		<Format>4,5 x 10,7 cm</Format>
		<Cote>49Fi1001</Cote>
		<Observations>Même cliché que le 49Fi1876/122.</Observations>
		<Origine>Don Faucher-Berhelé entré le 10/11/1978.</Origine>
		<Droits_Repro>Domaine public</Droits_Repro>
		<subject>GUERRE 1914-1918;</subject>
		<geoname>PARIS (ville);</geoname>
		<persname></persname>
		<corpname></corpname>
	</DocsFigures>
<DocsFigures>
		<Titre>C. 86. Paris. Jeanne Cornu</Titre>
		<Analyse>Jeanne Cornu couchée dans un hôtel à Paris.
1916.
Guerre 1914-1918. </Analyse>
		<Realise_en>1916</Realise_en>
		<Liste_des_auteurs>BERTHELÉ, Raoul</Liste_des_auteurs>
		<Type_Doc>NEGATIF N&amp;B</Type_Doc>
		<Support>VERRE</Support>
		<Technique>Photographie stéréo</Technique>
		<Format>4,5 x 10,7 cm</Format>
		<Cote>49Fi1002</Cote>
		<Observations></Observations>
		<Origine>Don Faucher-Berhelé entré le 10/11/1978.</Origine>
		<Droits_Repro>Domaine public</Droits_Repro>
		<subject>GUERRE 1914-1918;</subject>
		<geoname>PARIS (ville);</geoname>
		<persname></persname>
		<corpname></corpname>
	</DocsFigures>
<DocsFigures>
		<Titre>Châlons canal. Melle Marguerite Mathon. Cathédrale.</Titre>
		<Analyse>Portrait en pied de Mllle Marguerite Mathon à Châlons-en-Champagne (Marne) sur les bords du canal.
1916. 
Guerre 1914-1918. 
En arrière plan la cathédrale.</Analyse>
		<Realise_en>1916</Realise_en>
		<Liste_des_auteurs>BERTHELÉ, Raoul</Liste_des_auteurs>
		<Type_Doc>NEGATIF N&amp;B</Type_Doc>
		<Support>VERRE</Support>
		<Technique>Photographie stéréo</Technique>
		<Format>4,5 x 10,7 cm</Format>
		<Cote>49Fi1003</Cote>
		<Observations>Même cliché que le 49Fi1875/142.</Observations>
		<Origine>Don Faucher-Berhelé entré le 10/11/1978.</Origine>
		<Droits_Repro>Domaine public</Droits_Repro>
		<subject>GUERRE 1914-1918;</subject>
		<geoname>CHALONS-EN-CHAMPAGNE (ville);MARNE (département);</geoname>
		<persname></persname>
		<corpname></corpname>
	</DocsFigures>
<DocsFigures>
		<Titre>Châlons. Bords du canal. Mlle Marguerite Mathon</Titre>
		<Analyse>Portrait en pied de Mllle Marguerite Mathon à Châlons-en-Champagne (Marne).
1916. 
Guerre 1914-1918. </Analyse>
		<Realise_en>1916</Realise_en>
		<Liste_des_auteurs>BERTHELÉ, Raoul</Liste_des_auteurs>
		<Type_Doc>NEGATIF N&amp;B</Type_Doc>
		<Support>VERRE</Support>
		<Technique>Photographie stéréo</Technique>
		<Format>4,5 x 10,7 cm</Format>
		<Cote>49Fi1004</Cote>
		<Observations>Même cliché que le 49Fi1875/143.</Observations>
		<Origine>Don Faucher-Berhelé entré le 10/11/1978.</Origine>
		<Droits_Repro>Domaine public</Droits_Repro>
		<subject>GUERRE 1914-1918;</subject>
		<geoname>MARNE (département);CHALONS-EN-CHAMPAGNE (ville);</geoname>
		<persname></persname>
		<corpname></corpname>
	</DocsFigures>
<DocsFigures>
		<Titre>Châlons. Jardin. 26/03/16. Mlle Marguerite Mathon</Titre>
		<Analyse>Portrait de Mlle Marguerite Mathon assise sur un banc dans un jardin à Châlons-en-Champagne (Marne).
26 mars 1916. 
Guerre 1914-1918. </Analyse>
		<Realise_en>1916</Realise_en>
		<Liste_des_auteurs>BERTHELÉ, Raoul</Liste_des_auteurs>
		<Type_Doc>NEGATIF N&amp;B</Type_Doc>
		<Support>VERRE</Support>
		<Technique>Photographie stéréo</Technique>
		<Format>4,5 x 10,7 cm</Format>
		<Cote>49Fi1005</Cote>
		<Observations>Même cliché que le 49Fi1875/144.</Observations>
		<Origine>Don Faucher-Berhelé entré le 10/11/1978.</Origine>
		<Droits_Repro>Domaine public</Droits_Repro>
		<subject>GUERRE 1914-1918;</subject>
		<geoname>MARNE (département);CHALONS-EN-CHAMPAGNE (ville);</geoname>
		<persname></persname>
		<corpname></corpname>
	</DocsFigures>
<DocsFigures>
		<Titre>Châlons. 03/04/16. Mlle Raymonde Robain. Bords du canal</Titre>
		<Analyse>Portrait en pied de Mllle Raymonde Robain au bord du canal à Châlons-en-Champagne (Marne).
3 avril 1916. 
Guerre 1914-1918. </Analyse>
		<Realise_en>1916</Realise_en>
		<Liste_des_auteurs>BERTHELÉ, Raoul</Liste_des_auteurs>
		<Type_Doc>NEGATIF N&amp;B</Type_Doc>
		<Support>VERRE</Support>
		<Technique>Photographie stéréo</Technique>
		<Format>4,5 x 10,7 cm</Format>
		<Cote>49Fi1006</Cote>
		<Observations>Même cliché que le 49Fi1876/26.</Observations>
		<Origine>Don Faucher-Berhelé entré le 10/11/1978.</Origine>
		<Droits_Repro>Domaine public</Droits_Repro>
		<subject>GUERRE 1914-1918;</subject>
		<geoname>MARNE (département);CHALONS-EN-CHAMPAGNE (ville);</geoname>
		<persname></persname>
		<corpname></corpname>
	</DocsFigures>
<DocsFigures>
		<Titre>Châlons. 03/04/16. Mlle Raymonde Robain. Bords du canal</Titre>
		<Analyse>Portrait de Mllle Marguerite Robain couchée dans l&apos;herbe au bord du canal à Châlons-en-Champagne (Marne).
3 avril 1916. 
Guerre 1914-1918. </Analyse>
		<Realise_en>1916</Realise_en>
		<Liste_des_auteurs>BERTHELÉ, Raoul</Liste_des_auteurs>
		<Type_Doc>NEGATIF N&amp;B</Type_Doc>
		<Support>VERRE</Support>
		<Technique>Photographie stéréo</Technique>
		<Format>4,5 x 10,7 cm</Format>
		<Cote>49Fi1007</Cote>
		<Observations>Même cliché que le 49Fi1876/27.</Observations>
		<Origine>Don Faucher-Berhelé entré le 10/11/1978.</Origine>
		<Droits_Repro>Domaine public</Droits_Repro>
		<subject>GUERRE 1914-1918;</subject>
		<geoname>MARNE (département);CHALONS-EN-CHAMPAGNE (ville);</geoname>
		<persname></persname>
		<corpname></corpname>
	</DocsFigures>
<DocsFigures>
		<Titre>Châlons. 03/04/16. Mlle Raymonde Robain. Bords du canal</Titre>
		<Analyse>Portrait en pied de Mllle Marguerite Robain au bord du canal à Châlons-en-Champagne (Marne).
3 avril 1916. 
Guerre 1914-1918. </Analyse>
		<Realise_en>1916</Realise_en>
		<Liste_des_auteurs>BERTHELÉ, Raoul</Liste_des_auteurs>
		<Type_Doc>NEGATIF N&amp;B</Type_Doc>
		<Support>VERRE</Support>
		<Technique>Photographie stéréo</Technique>
		<Format>4,5 x 10,7 cm</Format>
		<Cote>49Fi1008</Cote>
		<Observations>Même cliché que le 49Fi1876/30.</Observations>
		<Origine>Don Faucher-Berhelé entré le 10/11/1978.</Origine>
		<Droits_Repro>Domaine public</Droits_Repro>
		<subject>GUERRE 1914-1918;</subject>
		<geoname>MARNE (département);CHALONS-EN-CHAMPAGNE (ville);</geoname>
		<persname></persname>
		<corpname></corpname>
	</DocsFigures>
<DocsFigures>
		<Titre>Châlons. 03/04/16. Mlle Raymonde Robain. Bords du canal</Titre>
		<Analyse>Portrait en buste de Mllle Raymonde Robain au bord du canal à Châlons-en-Champagne (Marne).
3 avril 1916. 
Guerre 1914-1918. </Analyse>
		<Realise_en>1916</Realise_en>
		<Liste_des_auteurs>BERTHELÉ, Raoul</Liste_des_auteurs>
		<Type_Doc>NEGATIF N&amp;B</Type_Doc>
		<Support>VERRE</Support>
		<Technique>Photographie stéréo</Technique>
		<Format>4,5 x 10,7 cm</Format>
		<Cote>49Fi1009</Cote>
		<Observations>Même cliché que les 49Fi436 et 49Fi1876/29.</Observations>
		<Origine>Don Faucher-Berhelé entré le 10/11/1978.</Origine>
		<Droits_Repro>Domaine public</Droits_Repro>
		<subject>GUERRE 1914-1918;</subject>
		<geoname>MARNE (département);CHALONS-EN-CHAMPAGNE (ville);</geoname>
		<persname></persname>
		<corpname></corpname>
	</DocsFigures>
<DocsFigures>
		<Titre>Cuperly. RB. La Fifille</Titre>
		<Analyse>Raoul Berthelé pose à côté de son cheval &quot;Fifille&quot; à Cuperly (Marne).
1916. 
Guerre 1914-1918. </Analyse>
		<Realise_en>1916</Realise_en>
		<Liste_des_auteurs>BERTHELÉ, Raoul</Liste_des_auteurs>
		<Type_Doc>NEGATIF N&amp;B</Type_Doc>
		<Support>VERRE</Support>
		<Technique>Photographie stéréo</Technique>
		<Format>4,5 x 10,7 cm</Format>
		<Cote>49Fi1010</Cote>
		<Observations>Même cliché que le 49Fi1876/28.</Observations>
		<Origine>Don Faucher-Berhelé entré le 10/11/1978.</Origine>
		<Droits_Repro>Domaine public</Droits_Repro>
		<subject>GUERRE 1914-1918;</subject>
		<geoname>MARNE (département);CUPERLY (village);</geoname>
		<persname>BERTHELE, Raoul;</persname>
		<corpname></corpname>
	</DocsFigures>
<DocsFigures>
		<Titre>Cuperly. Ma chambre. Table de travail</Titre>
		<Analyse>Table de travail de Raoul Berthelé à Cuperly (Marne).
1916. 
Guerre 1914-1918. </Analyse>
		<Realise_en>1916</Realise_en>
		<Liste_des_auteurs>BERTHELÉ, Raoul</Liste_des_auteurs>
		<Type_Doc>NEGATIF N&amp;B</Type_Doc>
		<Support>VERRE</Support>
		<Technique>Photographie stéréo</Technique>
		<Format>4,5 x 10,7 cm</Format>
		<Cote>49Fi1011</Cote>
		<Observations></Observations>
		<Origine>Don Faucher-Berhelé entré le 10/11/1978.</Origine>
		<Droits_Repro>Domaine public</Droits_Repro>
		<subject>GUERRE 1914-1918;</subject>
		<geoname>MARNE (département);CUPERLY (village);</geoname>
		<persname>BERTHELE, Raoul;</persname>
		<corpname></corpname>
	</DocsFigures>
<DocsFigures>
		<Titre>Cuperly. HOE. M. Fontaine</Titre>
		<Analyse>M. Fontaine à cheval à l&apos;hôpital d&apos;évacuation de Cuperly (Marne).
1916. 
Guerre 1914-1918. </Analyse>
		<Realise_en>1916</Realise_en>
		<Liste_des_auteurs>BERTHELÉ, Raoul</Liste_des_auteurs>
		<Type_Doc>NEGATIF N&amp;B</Type_Doc>
		<Support>VERRE</Support>
		<Technique>Photographie stéréo</Technique>
		<Format>4,5 x 10,7 cm</Format>
		<Cote>49Fi1012</Cote>
		<Observations>Même cliché que le 49Fi1875/154.</Observations>
		<Origine>Don Faucher-Berhelé entré le 10/11/1978.</Origine>
		<Droits_Repro>Domaine public</Droits_Repro>
		<subject>SERVICE SANITAIRE MILITAIRE;TRANSPORT PAR ANIMAL;MILITAIRE;GUERRE 1914-1918;</subject>
		<geoname>MARNE (département);CUPERLY (village);</geoname>
		<persname></persname>
		<corpname></corpname>
	</DocsFigures>
<DocsFigures>
		<Titre>Camp de Châlons. M. Fontaine</Titre>
		<Analyse>M. Fontaine à cheval au camp de Châlons-en-Champagne (Marne).
1916. 
Guerre 1914-1918. </Analyse>
		<Realise_en>1916</Realise_en>
		<Liste_des_auteurs>BERTHELÉ, Raoul</Liste_des_auteurs>
		<Type_Doc>NEGATIF N&amp;B</Type_Doc>
		<Support>VERRE</Support>
		<Technique>Photographie stéréo</Technique>
		<Format>4,5 x 10,7 cm</Format>
		<Cote>49Fi1013</Cote>
		<Observations>Même cliché que le 49Fi1876/10</Observations>
		<Origine>Don Faucher-Berhelé entré le 10/11/1978.</Origine>
		<Droits_Repro>Domaine public</Droits_Repro>
		<subject>GUERRE 1914-1918;</subject>
		<geoname>MARNE (département);CHALONS-EN-CHAMPAGNE (ville);</geoname>
		<persname></persname>
		<corpname></corpname>
	</DocsFigures>
<DocsFigures>
		<Titre>Camp de Châlons. M. Fontaine</Titre>
		<Analyse>M. Fontaine à cheval au camp de Châlons-en-Champagne (Marne).
1916. 
Guerre 1914-1918. </Analyse>
		<Realise_en>1916</Realise_en>
		<Liste_des_auteurs>BERTHELÉ, Raoul</Liste_des_auteurs>
		<Type_Doc>NEGATIF N&amp;B</Type_Doc>
		<Support>VERRE</Support>
		<Technique>Photographie stéréo</Technique>
		<Format>4,5 x 10,7 cm</Format>
		<Cote>49Fi1014</Cote>
		<Observations>Même cliché que le 49Fi1876/11</Observations>
		<Origine>Don Faucher-Berhelé entré le 10/11/1978.</Origine>
		<Droits_Repro>Domaine public</Droits_Repro>
		<subject>GUERRE 1914-1918;</subject>
		<geoname>MARNE (département);CHALONS-EN-CHAMPAGNE (ville);</geoname>
		<persname></persname>
		<corpname></corpname>
	</DocsFigures>
<DocsFigures>
		<Titre>Ville-sur-Cousances. Ambulances 3/15. 10/15. 15/15</Titre>
		<Analyse>Vue des ambulances 3/15, 10/15 et 15/15 à Ville-sur-Cousances (Meuse).
Septembre-octobre 1916. 
Guerre 1914-1918.</Analyse>
		<Realise_en>1916</Realise_en>
		<Liste_des_auteurs>BERTHELÉ, Raoul</Liste_des_auteurs>
		<Type_Doc>NEGATIF N&amp;B</Type_Doc>
		<Support>VERRE</Support>
		<Technique>Photographie stéréo</Technique>
		<Format>4,5 x 10,7 cm</Format>
		<Cote>49Fi1015</Cote>
		<Observations>Même cliché que les 49Fi1587 et 49Fi1877/91.</Observations>
		<Origine>Don Faucher-Berhelé entré le 10/11/1978.</Origine>
		<Droits_Repro>Domaine public</Droits_Repro>
		<subject>GUERRE 1914-1918;</subject>
		<geoname>MEUSE (département);VILLE-SUR-COUSANCES (village);</geoname>
		<persname></persname>
		<corpname></corpname>
	</DocsFigures>
<DocsFigures>
		<Titre>Paris. 10/10/16. Bois de Boulogne. Marie-Louise Delagarde</Titre>
		<Analyse>Marie-Louise Delagarde en canot au bois de Boulogne à Paris.
10 octobre 1916. 
Guerre 1914-1918.
Elle donne à manger à un cygne.</Analyse>
		<Realise_en>1916</Realise_en>
		<Liste_des_auteurs>BERTHELÉ, Raoul</Liste_des_auteurs>
		<Type_Doc>NEGATIF N&amp;B</Type_Doc>
		<Support>VERRE</Support>
		<Technique>Photographie stéréo</Technique>
		<Format>4,5 x 10,7 cm</Format>
		<Cote>49Fi1016</Cote>
		<Observations>Même cliché que le 49Fi1877/98</Observations>
		<Origine>Don Faucher-Berhelé entré le 10/11/1978.</Origine>
		<Droits_Repro>Domaine public</Droits_Repro>
		<subject>GUERRE 1914-1918;</subject>
		<geoname>PARIS (ville);</geoname>
		<persname></persname>
		<corpname></corpname>
	</DocsFigures>
<DocsFigures>
		<Titre>Paris. 10/10/16. Bois de Boulogne. Marie-Louise Delagarde</Titre>
		<Analyse>Marie-Louise Delagarde en canot au bois de Boulogne à Paris.
10 octobre 1916. 
Guerre 1914-1918.
Elle donne à manger à un cygne.</Analyse>
		<Realise_en>1916</Realise_en>
		<Liste_des_auteurs>BERTHELÉ, Raoul</Liste_des_auteurs>
		<Type_Doc>NEGATIF N&amp;B</Type_Doc>
		<Support>VERRE</Support>
		<Technique>Photographie stéréo</Technique>
		<Format>4,5 x 10,7 cm</Format>
		<Cote>49Fi1017</Cote>
		<Observations>Même cliché que le 49Fi1877/100</Observations>
		<Origine>Don Faucher-Berhelé entré le 10/11/1978.</Origine>
		<Droits_Repro>Domaine public</Droits_Repro>
		<subject>GUERRE 1914-1918;</subject>
		<geoname>PARIS (ville);</geoname>
		<persname></persname>
		<corpname></corpname>
	</DocsFigures>
<DocsFigures>
		<Titre>Paris. 10/10/16. Bois de Boulogne. Marie-Louise Delagarde</Titre>
		<Analyse>Marie-Louise Delagarde en canot au bois de Boulogne à Paris.
10 octobre 1916. 
Guerre 1914-1918.
Elle donne à manger à un cygne.</Analyse>
		<Realise_en>1916</Realise_en>
		<Liste_des_auteurs>BERTHELÉ, Raoul</Liste_des_auteurs>
		<Type_Doc>NEGATIF N&amp;B</Type_Doc>
		<Support>VERRE</Support>
		<Technique>Photographie stéréo</Technique>
		<Format>4,5 x 10,7 cm</Format>
		<Cote>49Fi1018</Cote>
		<Observations>Même cliché que le 49Fi1877/97</Observations>
		<Origine>Don Faucher-Berhelé entré le 10/11/1978.</Origine>
		<Droits_Repro>Domaine public</Droits_Repro>
		<subject>GUERRE 1914-1918;</subject>
		<geoname>PARIS (ville);</geoname>
		<persname></persname>
		<corpname></corpname>
	</DocsFigures>
<DocsFigures>
		<Titre>Paris. 10/10/16. Dirigeable</Titre>
		<Analyse>Dirigeable dans le ciel de Paris.
10 octobre 1916. 
Guerre 1914-1918.</Analyse>
		<Realise_en>1916</Realise_en>
		<Liste_des_auteurs>BERTHELÉ, Raoul</Liste_des_auteurs>
		<Type_Doc>NEGATIF N&amp;B</Type_Doc>
		<Support>VERRE</Support>
		<Technique>Photographie stéréo</Technique>
		<Format>4,5 x 10,7 cm</Format>
		<Cote>49Fi1019</Cote>
		<Observations></Observations>
		<Origine>Don Faucher-Berhelé entré le 10/11/1978.</Origine>
		<Droits_Repro>Domaine public</Droits_Repro>
		<subject>AERONEF;GUERRE 1914-1918;</subject>
		<geoname>PARIS (ville);</geoname>
		<persname></persname>
		<corpname></corpname>
	</DocsFigures>
<DocsFigures>
		<Titre>Ville-sur-Cousances. M. Lalanne. Pharmacien-major</Titre>
		<Analyse>Portrait en buste de M. Lalanne pharmacien-major à Ville-sur-Cousances (Meuse).
Septembre-octobre 1916.
Guerre 1914-1918.</Analyse>
		<Realise_en>1916</Realise_en>
		<Liste_des_auteurs>BERTHELÉ, Raoul</Liste_des_auteurs>
		<Type_Doc>NEGATIF N&amp;B</Type_Doc>
		<Support>VERRE</Support>
		<Technique>Photographie stéréo</Technique>
		<Format>4,5 x 10,7 cm</Format>
		<Cote>49Fi1020</Cote>
		<Observations>Même cliché que le 49Fi1877/92.</Observations>
		<Origine>Don Faucher-Berhelé entré le 10/11/1978.</Origine>
		<Droits_Repro>Domaine public</Droits_Repro>
		<subject>GUERRE 1914-1918;</subject>
		<geoname>MEUSE (département);VILLE-SUR-COUSANCES (village);</geoname>
		<persname></persname>
		<corpname></corpname>
	</DocsFigures>
<DocsFigures>
		<Titre>Ville-sur-Cousances. Mr Lalanne</Titre>
		<Analyse>Portrait en buste de M. Lalanne pharmacien-major à Ville-sur-Cousances (Meuse).
Septembre-octobre 1916.
Guerre 1914-1918.</Analyse>
		<Realise_en>1916</Realise_en>
		<Liste_des_auteurs>BERTHELÉ, Raoul</Liste_des_auteurs>
		<Type_Doc>NEGATIF N&amp;B</Type_Doc>
		<Support>VERRE</Support>
		<Technique>Photographie stéréo</Technique>
		<Format>4,5 x 10,7 cm</Format>
		<Cote>49Fi1021</Cote>
		<Observations>Même cliché que le 49Fi1877/95.</Observations>
		<Origine>Don Faucher-Berhelé entré le 10/11/1978.</Origine>
		<Droits_Repro>Domaine public</Droits_Repro>
		<subject>GUERRE 1914-1918;</subject>
		<geoname>MEUSE (département);VILLE-SUR-COUSANCES (village);</geoname>
		<persname></persname>
		<corpname></corpname>
	</DocsFigures>
<DocsFigures>
		<Titre>Château-Thierry. Grand-mère Berthelé et sa garde. 09/10/16</Titre>
		<Analyse>Château-Thierry (Aisne). Grand-mère Berthelé et sa garde. 
9 octobre 1916.
Guerre 1914-1918.</Analyse>
		<Realise_en>1916</Realise_en>
		<Liste_des_auteurs>BERTHELÉ, Raoul</Liste_des_auteurs>
		<Type_Doc>NEGATIF N&amp;B</Type_Doc>
		<Support>VERRE</Support>
		<Technique>Photographie stéréo</Technique>
		<Format>4,5 x 10,7 cm</Format>
		<Cote>49Fi1022</Cote>
		<Observations>Même cliché que le 49Fi1877/93</Observations>
		<Origine>Don Faucher-Berhelé entré le 10/11/1978.</Origine>
		<Droits_Repro>Domaine public</Droits_Repro>
		<subject>GUERRE 1914-1918;</subject>
		<geoname>AISNE (département);CHATEAU-THIERRY (ville);</geoname>
		<persname></persname>
		<corpname></corpname>
	</DocsFigures>
<DocsFigures>
		<Titre>Paris. 10/10/16. Dirigeable survolant Paris</Titre>
		<Analyse>Dirigeable dans le ciel de Paris.
10 octobre 1916. 
Guerre 1914-1918.</Analyse>
		<Realise_en>1916</Realise_en>
		<Liste_des_auteurs>BERTHELÉ, Raoul</Liste_des_auteurs>
		<Type_Doc>NEGATIF N&amp;B</Type_Doc>
		<Support>VERRE</Support>
		<Technique>Photographie stéréo</Technique>
		<Format>4,5 x 10,7 cm</Format>
		<Cote>49Fi1023</Cote>
		<Observations></Observations>
		<Origine>Don Faucher-Berhelé entré le 10/11/1978.</Origine>
		<Droits_Repro>Domaine public</Droits_Repro>
		<subject>AERONEF;GUERRE 1914-1918;</subject>
		<geoname>PARIS (ville);</geoname>
		<persname></persname>
		<corpname></corpname>
	</DocsFigures>
<DocsFigures>
		<Titre>Paris. 10/10/16. Dirigeable</Titre>
		<Analyse>Dirigeable dans le ciel de Paris.
10 octobre 1916. 
Guerre 1914-1918.</Analyse>
		<Realise_en>1916</Realise_en>
		<Liste_des_auteurs>BERTHELÉ, Raoul</Liste_des_auteurs>
		<Type_Doc>NEGATIF N&amp;B</Type_Doc>
		<Support>VERRE</Support>
		<Technique>Photographie stéréo</Technique>
		<Format>4,5 x 10,7 cm</Format>
		<Cote>49Fi1024</Cote>
		<Observations>Même cliché que le 49Fi1877/96
Une seule vue, celle de droite</Observations>
		<Origine>Don Faucher-Berhelé entré le 10/11/1978.</Origine>
		<Droits_Repro>Domaine public</Droits_Repro>
		<subject>AERONEF;GUERRE 1914-1918;</subject>
		<geoname>PARIS (ville);</geoname>
		<persname></persname>
		<corpname></corpname>
	</DocsFigures>
<DocsFigures>
		<Titre>Paris. 10/10/16. Bois de Boulogne. RB</Titre>
		<Analyse>Raoul Berthelé donnant à manger à des cygnes au bois de Boulogne à Paris.
10 octobre 1916. 
Guerre 1914-1918.</Analyse>
		<Realise_en>1916</Realise_en>
		<Liste_des_auteurs>BERTHELÉ, Raoul</Liste_des_auteurs>
		<Type_Doc>NEGATIF N&amp;B</Type_Doc>
		<Support>VERRE</Support>
		<Technique>Photographie stéréo</Technique>
		<Format>4,5 x 10,7 cm</Format>
		<Cote>49Fi1025</Cote>
		<Observations>Même cliché que le 49Fi1877/101</Observations>
		<Origine>Don Faucher-Berhelé entré le 10/11/1978.</Origine>
		<Droits_Repro>Domaine public</Droits_Repro>
		<subject>GUERRE 1914-1918;</subject>
		<geoname>PARIS (ville);</geoname>
		<persname>BERTHELE, Raoul;</persname>
		<corpname></corpname>
	</DocsFigures>
<DocsFigures>
		<Titre>Ville-sur-Cousances. Baraque des officiers</Titre>
		<Analyse>Vue d&apos;ensemble du baraquement des officiers à Ville-sur-Cousances (Meuse).
Septembre-octobre 1916. 
Guerre 1914-1918.</Analyse>
		<Realise_en>1916</Realise_en>
		<Liste_des_auteurs>BERTHELÉ, Raoul</Liste_des_auteurs>
		<Type_Doc>NEGATIF N&amp;B</Type_Doc>
		<Support>VERRE</Support>
		<Technique>Photographie stéréo</Technique>
		<Format>4,5 x 10,7 cm</Format>
		<Cote>49Fi1026</Cote>
		<Observations>Même cliché que les 49Fi1588 et 49Fi1877/93.</Observations>
		<Origine>Don Faucher-Berhelé entré le 10/11/1978.</Origine>
		<Droits_Repro>Domaine public</Droits_Repro>
		<subject>GUERRE 1914-1918;</subject>
		<geoname>MEUSE (département);VILLE-SUR-COUSANCES (village);</geoname>
		<persname></persname>
		<corpname></corpname>
	</DocsFigures>
<DocsFigures>
		<Titre>Paris. Mlle J. Cornu</Titre>
		<Analyse>Portrait de Mlle J. Cornu dans une rue à Paris.
1916. 
Guerre 1914-1918.</Analyse>
		<Realise_en>1916</Realise_en>
		<Liste_des_auteurs>BERTHELÉ, Raoul</Liste_des_auteurs>
		<Type_Doc>NEGATIF N&amp;B</Type_Doc>
		<Support>VERRE</Support>
		<Technique>Photographie stéréo</Technique>
		<Format>4,5 x 10,7 cm</Format>
		<Cote>49Fi1027</Cote>
		<Observations>Même cliché que le 49Fi1875/109.</Observations>
		<Origine>Don Faucher-Berhelé entré le 10/11/1978.</Origine>
		<Droits_Repro>Domaine public</Droits_Repro>
		<subject>GUERRE 1914-1918;</subject>
		<geoname>PARIS (ville);</geoname>
		<persname></persname>
		<corpname></corpname>
	</DocsFigures>
<DocsFigures>
		<Titre>Paris. Mlle J. Cornu</Titre>
		<Analyse>Portrait de Mlle J. Cornu à côté d&apos;une voiture dans une rue à Paris.
1916. 
Guerre 1914-1918.</Analyse>
		<Realise_en>1916</Realise_en>
		<Liste_des_auteurs>BERTHELÉ, Raoul</Liste_des_auteurs>
		<Type_Doc>NEGATIF N&amp;B</Type_Doc>
		<Support>VERRE</Support>
		<Technique>Photographie stéréo</Technique>
		<Format>4,5 x 10,7 cm</Format>
		<Cote>49Fi1028</Cote>
		<Observations>Même cliché que le 49Fi1875/112.</Observations>
		<Origine>Don Faucher-Berhelé entré le 10/11/1978.</Origine>
		<Droits_Repro>Domaine public</Droits_Repro>
		<subject>GUERRE 1914-1918;</subject>
		<geoname>PARIS (ville);</geoname>
		<persname></persname>
		<corpname></corpname>
	</DocsFigures>
<DocsFigures>
		<Titre>Paris rue des 2 bouls. J. Cornu</Titre>
		<Analyse>J. Cornu pose devant l&apos;entrée de l&apos;hôtel des commerçants dans la rue des 2 Bouls à Paris.
1916. 
Guerre 1914-1918.</Analyse>
		<Realise_en>1916</Realise_en>
		<Liste_des_auteurs>BERTHELÉ, Raoul</Liste_des_auteurs>
		<Type_Doc>NEGATIF N&amp;B</Type_Doc>
		<Support>VERRE</Support>
		<Technique>Photographie stéréo</Technique>
		<Format>4,5 x 10,7 cm</Format>
		<Cote>49Fi1029</Cote>
		<Observations>Même cliché que le 49Fi1875/110.</Observations>
		<Origine>Don Faucher-Berhelé entré le 10/11/1978.</Origine>
		<Droits_Repro>Domaine public</Droits_Repro>
		<subject>GUERRE 1914-1918;</subject>
		<geoname>PARIS (ville);</geoname>
		<persname></persname>
		<corpname></corpname>
	</DocsFigures>
<DocsFigures>
		<Titre>Paris. Albéric Vomarne</Titre>
		<Analyse>Albéric Vomarne posant à côté d&apos;une voiture à Paris.
1916. 
Guerre 1914-1918.</Analyse>
		<Realise_en>1916</Realise_en>
		<Liste_des_auteurs>BERTHELÉ, Raoul</Liste_des_auteurs>
		<Type_Doc>NEGATIF N&amp;B</Type_Doc>
		<Support>VERRE</Support>
		<Technique>Photographie stéréo</Technique>
		<Format>4,5 x 10,7 cm</Format>
		<Cote>49Fi1030</Cote>
		<Observations>Même cliché que le 49Fi1875/113.</Observations>
		<Origine>Don Faucher-Berhelé entré le 10/11/1978.</Origine>
		<Droits_Repro>Domaine public</Droits_Repro>
		<subject>GUERRE 1914-1918;</subject>
		<geoname>PARIS (ville);</geoname>
		<persname></persname>
		<corpname></corpname>
	</DocsFigures>
<DocsFigures>
		<Titre>Paris. Bois de Boulogne. Mlle Jeanne Cornu</Titre>
		<Analyse>Mlle Jeanne Cornu se promène sur une allée au bord de l&apos;eau dans le bois de Boulogne à Paris en hiver.
1916. 
Guerre 1914-1918.</Analyse>
		<Realise_en>1916</Realise_en>
		<Liste_des_auteurs>BERTHELÉ, Raoul</Liste_des_auteurs>
		<Type_Doc>NEGATIF N&amp;B</Type_Doc>
		<Support>VERRE</Support>
		<Technique>Photographie stéréo</Technique>
		<Format>4,5 x 10,7 cm</Format>
		<Cote>49Fi1031</Cote>
		<Observations>Même cliché que le 49Fi1875/67.</Observations>
		<Origine>Don Faucher-Berhelé entré le 10/11/1978.</Origine>
		<Droits_Repro>Domaine public</Droits_Repro>
		<subject>GUERRE 1914-1918;</subject>
		<geoname>PARIS (ville);</geoname>
		<persname></persname>
		<corpname></corpname>
	</DocsFigures>
<DocsFigures>
		<Titre>Paris. Bois de Boulogne. RB</Titre>
		<Analyse>Raoul Berthelé donnant à manger à des cygnes au bois de Boulogne à Paris.
1916. 
Guerre 1914-1918.</Analyse>
		<Realise_en>1916</Realise_en>
		<Liste_des_auteurs>BERTHELÉ, Raoul</Liste_des_auteurs>
		<Type_Doc>NEGATIF N&amp;B</Type_Doc>
		<Support>VERRE</Support>
		<Technique>Photographie stéréo</Technique>
		<Format>4,5 x 10,7 cm</Format>
		<Cote>49Fi1032</Cote>
		<Observations>Même cliché que le 49Fi1875/71.</Observations>
		<Origine>Don Faucher-Berhelé entré le 10/11/1978.</Origine>
		<Droits_Repro>Domaine public</Droits_Repro>
		<subject>GUERRE 1914-1918;</subject>
		<geoname>PARIS (ville);</geoname>
		<persname>BERTHELE, Raoul;</persname>
		<corpname></corpname>
	</DocsFigures>
<DocsFigures>
		<Titre>Paris. Bois de Boulogne. Mlle Jeanne Cornu</Titre>
		<Analyse>Mlle Jeanne Cornu donnant à manger à des cygnes au bois de Boulogne à Paris.
1916. 
Guerre 1914-1918.</Analyse>
		<Realise_en>1916</Realise_en>
		<Liste_des_auteurs>BERTHELÉ, Raoul</Liste_des_auteurs>
		<Type_Doc>NEGATIF N&amp;B</Type_Doc>
		<Support>VERRE</Support>
		<Technique>Photographie stéréo</Technique>
		<Format>4,5 x 10,7 cm</Format>
		<Cote>49Fi1033</Cote>
		<Observations>Même cliché que le 49Fi1875/68.</Observations>
		<Origine>Don Faucher-Berhelé entré le 10/11/1978.</Origine>
		<Droits_Repro>Domaine public</Droits_Repro>
		<subject>GUERRE 1914-1918;</subject>
		<geoname>PARIS (ville);</geoname>
		<persname></persname>
		<corpname></corpname>
	</DocsFigures>
<DocsFigures>
		<Titre>Paris. Bois de Boulogne. Mlle Jeanne Cornu</Titre>
		<Analyse>Mlle Jeanne Cornu donnant à manger à des cygnes au bois de Boulogne à Paris.
1916. 
Guerre 1914-1918.</Analyse>
		<Realise_en>1916</Realise_en>
		<Liste_des_auteurs>BERTHELÉ, Raoul</Liste_des_auteurs>
		<Type_Doc>NEGATIF N&amp;B</Type_Doc>
		<Support>VERRE</Support>
		<Technique>Photographie stéréo</Technique>
		<Format>4,5 x 10,7 cm</Format>
		<Cote>49Fi1034</Cote>
		<Observations>Même cliché que le 49Fi1875/70.</Observations>
		<Origine>Don Faucher-Berhelé entré le 10/11/1978.</Origine>
		<Droits_Repro>Domaine public</Droits_Repro>
		<subject>GUERRE 1914-1918;</subject>
		<geoname>PARIS (ville);</geoname>
		<persname></persname>
		<corpname></corpname>
	</DocsFigures>
<DocsFigures>
		<Titre>Bossey. Mme Torrigiotti et RB</Titre>
		<Analyse>Raoul Berthelé et Mme Torrigiotti à la gare de Bossey (Haute-Savoie)
1916. 
Guerre 1914-1918.</Analyse>
		<Realise_en>1916</Realise_en>
		<Liste_des_auteurs>BERTHELÉ, Raoul</Liste_des_auteurs>
		<Type_Doc>NEGATIF N&amp;B</Type_Doc>
		<Support>VERRE</Support>
		<Technique>Photographie stéréo</Technique>
		<Format>4,5 x 10,7 cm</Format>
		<Cote>49Fi1035</Cote>
		<Observations>Même cliché que le 49Fi1877/69</Observations>
		<Origine>Don Faucher-Berhelé entré le 10/11/1978.</Origine>
		<Droits_Repro>Domaine public</Droits_Repro>
		<subject>GARE;GUERRE 1914-1918;</subject>
		<geoname>BOSSEY (village);HAUTE-SAVOIE (département);</geoname>
		<persname>BERTHELE, Raoul;</persname>
		<corpname></corpname>
	</DocsFigures>
<DocsFigures>
		<Titre>Bossey. Famille Perrin</Titre>
		<Analyse>Photo de la famille Perrin dans son salon à Bossey (Haute-Savoie).
1916. 
Guerre 1914-1918.</Analyse>
		<Realise_en>1916</Realise_en>
		<Liste_des_auteurs>BERTHELÉ, Raoul</Liste_des_auteurs>
		<Type_Doc>NEGATIF N&amp;B</Type_Doc>
		<Support>VERRE</Support>
		<Technique>Photographie stéréo</Technique>
		<Format>4,5 x 10,7 cm</Format>
		<Cote>49Fi1036</Cote>
		<Observations>Même cliché que le 49Fi1877/70</Observations>
		<Origine>Don Faucher-Berhelé entré le 10/11/1978.</Origine>
		<Droits_Repro>Domaine public</Droits_Repro>
		<subject>GUERRE 1914-1918;</subject>
		<geoname>HAUTE-SAVOIE (département);BOSSEY (village);</geoname>
		<persname></persname>
		<corpname></corpname>
	</DocsFigures>
<DocsFigures>
		<Titre>Bossey. Gare. Famille Perrin. RB. Salève</Titre>
		<Analyse>Photo de la famille Perrin à la Gare de Bossey (Haute-Savoie).
1916. 
Guerre 1914-1918.</Analyse>
		<Realise_en>1916</Realise_en>
		<Liste_des_auteurs>BERTHELÉ, Raoul</Liste_des_auteurs>
		<Type_Doc>NEGATIF N&amp;B</Type_Doc>
		<Support>VERRE</Support>
		<Technique>Photographie stéréo</Technique>
		<Format>4,5 x 10,7 cm</Format>
		<Cote>49Fi1037</Cote>
		<Observations>Même cliché que le 49Fi1877/68</Observations>
		<Origine>Don Faucher-Berhelé entré le 10/11/1978.</Origine>
		<Droits_Repro>Domaine public</Droits_Repro>
		<subject>GARE;GUERRE 1914-1918;</subject>
		<geoname>HAUTE-SAVOIE (département);BOSSEY (village);</geoname>
		<persname></persname>
		<corpname></corpname>
	</DocsFigures>
<DocsFigures>
		<Titre>Bossey. Emile Perrin</Titre>
		<Analyse>Portrait en buste d&apos;Emile Perrin enfant à Bossey (Haute-Savoie).
1916. 
Guerre 1914-1918.</Analyse>
		<Realise_en>1916</Realise_en>
		<Liste_des_auteurs>BERTHELÉ, Raoul</Liste_des_auteurs>
		<Type_Doc>NEGATIF N&amp;B</Type_Doc>
		<Support>VERRE</Support>
		<Technique>Photographie stéréo</Technique>
		<Format>4,5 x 10,7 cm</Format>
		<Cote>49Fi1038</Cote>
		<Observations>Même cliché que le 49Fi1877/67</Observations>
		<Origine>Don Faucher-Berhelé entré le 10/11/1978.</Origine>
		<Droits_Repro>Domaine public</Droits_Repro>
		<subject>ENFANT;GUERRE 1914-1918;</subject>
		<geoname>HAUTE-SAVOIE (département);BOSSEY (village);</geoname>
		<persname></persname>
		<corpname></corpname>
	</DocsFigures>
<DocsFigures>
		<Titre>Bossey. Mme Perrin et RB</Titre>
		<Analyse>Raoul Berthelé pose avec Mme Perrin à la gare de Bossey-Veyrier (Haute-Savoie).
1916. 
Guerre 1914-1918.</Analyse>
		<Realise_en>1916</Realise_en>
		<Liste_des_auteurs>BERTHELÉ, Raoul</Liste_des_auteurs>
		<Type_Doc>NEGATIF N&amp;B</Type_Doc>
		<Support>VERRE</Support>
		<Technique>Photographie stéréo</Technique>
		<Format>4,5 x 10,7 cm</Format>
		<Cote>49Fi1039</Cote>
		<Observations>Même cliché que le 49Fi1877/71</Observations>
		<Origine>Don Faucher-Berhelé entré le 10/11/1978.</Origine>
		<Droits_Repro>Domaine public</Droits_Repro>
		<subject>GARE;GUERRE 1914-1918;</subject>
		<geoname>HAUTE-SAVOIE (département);BOSSEY (village);</geoname>
		<persname>BERTHELE, Raoul;</persname>
		<corpname></corpname>
	</DocsFigures>
<DocsFigures>
		<Titre>Paris. Bois de Boulogne. Marthe Boullet</Titre>
		<Analyse>Mlle Marthe Boullet en train de donner à manger à des cygnes au bois de Boulogne à Paris.
Août 1916. 
Guerre 1914-1918.</Analyse>
		<Realise_en>1916</Realise_en>
		<Liste_des_auteurs>BERTHELÉ, Raoul</Liste_des_auteurs>
		<Type_Doc>NEGATIF N&amp;B</Type_Doc>
		<Support>VERRE</Support>
		<Technique>Photographie stéréo</Technique>
		<Format>4,5 x 10,7 cm</Format>
		<Cote>49Fi1040</Cote>
		<Observations>La plaque est voilée.</Observations>
		<Origine>Don Faucher-Berhelé entré le 10/11/1978.</Origine>
		<Droits_Repro>Domaine public</Droits_Repro>
		<subject>GUERRE 1914-1918;</subject>
		<geoname>PARIS (ville);</geoname>
		<persname></persname>
		<corpname></corpname>
	</DocsFigures>
<DocsFigures>
		<Titre>Paris. Bois de Boulogne. RB en canot</Titre>
		<Analyse>Raoul Berthelé en canot au bois de Boulogne à Paris.
Août 1916. 
Guerre 1914-1918.</Analyse>
		<Realise_en>1916</Realise_en>
		<Liste_des_auteurs>BERTHELÉ, Raoul</Liste_des_auteurs>
		<Type_Doc>NEGATIF N&amp;B</Type_Doc>
		<Support>VERRE</Support>
		<Technique>Photographie stéréo</Technique>
		<Format>4,5 x 10,7 cm</Format>
		<Cote>49Fi1041</Cote>
		<Observations>Plaque voilée, inutilisable.</Observations>
		<Origine>Don Faucher-Berhelé entré le 10/11/1978.</Origine>
		<Droits_Repro>Domaine public</Droits_Repro>
		<subject>GUERRE 1914-1918;</subject>
		<geoname>PARIS (ville);</geoname>
		<persname>BERTHELE, Raoul;</persname>
		<corpname></corpname>
	</DocsFigures>
<DocsFigures>
		<Titre>Train Amiens. Mme Marthe Boullet</Titre>
		<Analyse>Mlle Marthe Boullet sur le point de prendre le train à Amiens (Somme).
16 août 1916. 
Guerre 1914-1918.</Analyse>
		<Realise_en>1916</Realise_en>
		<Liste_des_auteurs>BERTHELÉ, Raoul</Liste_des_auteurs>
		<Type_Doc>NEGATIF N&amp;B</Type_Doc>
		<Support>VERRE</Support>
		<Technique>Photographie stéréo</Technique>
		<Format>4,5 x 10,7 cm</Format>
		<Cote>49Fi1042</Cote>
		<Observations>Même cliché que le 49Fi1877/61</Observations>
		<Origine>Don Faucher-Berhelé entré le 10/11/1978.</Origine>
		<Droits_Repro>Domaine public</Droits_Repro>
		<subject>GUERRE 1914-1918;</subject>
		<geoname>SOMME (département);AMIENS (ville);</geoname>
		<persname></persname>
		<corpname></corpname>
	</DocsFigures>
<DocsFigures>
		<Titre>Mme Marthe Boullet. 16/08/16 (Train Amiens)</Titre>
		<Analyse>Mlle Marthe Boullet dans le train à destination d&apos;Amiens (Somme).
16 août 1916. 
Guerre 1914-1918.</Analyse>
		<Realise_en>1916</Realise_en>
		<Liste_des_auteurs>BERTHELÉ, Raoul</Liste_des_auteurs>
		<Type_Doc>NEGATIF N&amp;B</Type_Doc>
		<Support>VERRE</Support>
		<Technique>Photographie stéréo</Technique>
		<Format>4,5 x 10,7 cm</Format>
		<Cote>49Fi1043</Cote>
		<Observations>Même cliché que le 49Fi1877/64</Observations>
		<Origine>Don Faucher-Berhelé entré le 10/11/1978.</Origine>
		<Droits_Repro>Domaine public</Droits_Repro>
		<subject>GUERRE 1914-1918;</subject>
		<geoname>SOMME (département);AMIENS (ville);</geoname>
		<persname></persname>
		<corpname></corpname>
	</DocsFigures>
<DocsFigures>
		<Titre>Paris. Mme Marthe Boullet</Titre>
		<Analyse>Portrait en buste de Mme Marthe Boullet à Paris.
Août 1916. 
Guerre 1914-1918.</Analyse>
		<Realise_en>1916</Realise_en>
		<Liste_des_auteurs>BERTHELÉ, Raoul</Liste_des_auteurs>
		<Type_Doc>NEGATIF N&amp;B</Type_Doc>
		<Support>VERRE</Support>
		<Technique>Photographie stéréo</Technique>
		<Format>4,5 x 10,7 cm</Format>
		<Cote>49Fi1044</Cote>
		<Observations>Même cliché que le 49Fi1877/72.
La vue de droite est inutilisable.</Observations>
		<Origine>Don Faucher-Berhelé entré le 10/11/1978.</Origine>
		<Droits_Repro>Domaine public</Droits_Repro>
		<subject>GUERRE 1914-1918;</subject>
		<geoname>PARIS (ville);</geoname>
		<persname></persname>
		<corpname></corpname>
	</DocsFigures>
<DocsFigures>
		<Titre>Paris. Mme Marthe Boullet</Titre>
		<Analyse>Portrait en pied de Mme Marthe Boullet à Paris.
Août 1916. 
Guerre 1914-1918.</Analyse>
		<Realise_en>1916</Realise_en>
		<Liste_des_auteurs>BERTHELÉ, Raoul</Liste_des_auteurs>
		<Type_Doc>NEGATIF N&amp;B</Type_Doc>
		<Support>VERRE</Support>
		<Technique>Photographie stéréo</Technique>
		<Format>4,5 x 10,7 cm</Format>
		<Cote>49Fi1045</Cote>
		<Observations>Même cliché que le 49Fi1877/66</Observations>
		<Origine>Don Faucher-Berhelé entré le 10/11/1978.</Origine>
		<Droits_Repro>Domaine public</Droits_Repro>
		<subject>GUERRE 1914-1918;</subject>
		<geoname>PARIS (ville);</geoname>
		<persname></persname>
		<corpname></corpname>
	</DocsFigures>
<DocsFigures>
		<Titre>Terny. Pièces de 240. 08/05/18. Cap. Féraud</Titre>
		<Analyse>Vue panoramique d&apos;une pièce d&apos;artillerie de 240 à Terny-Sorny (Aisne) devant laquelle pose le capitaine Féraud.
8 mai 1918. 
Guerre 1914-1918.</Analyse>
		<Realise_en>1918</Realise_en>
		<Liste_des_auteurs>BERTHELÉ, Raoul</Liste_des_auteurs>
		<Type_Doc>NEGATIF N&amp;B</Type_Doc>
		<Support>VERRE</Support>
		<Technique>Photographie</Technique>
		<Format>5,5 x 12,5 cm</Format>
		<Cote>49Fi1046</Cote>
		<Observations></Observations>
		<Origine>Don Faucher-Berhelé entré le 10/11/1978.</Origine>
		<Droits_Repro>Domaine public</Droits_Repro>
		<subject>GUERRE 1914-1918;</subject>
		<geoname>TERNY-SORNY (village);AISNE (département);</geoname>
		<persname></persname>
		<corpname></corpname>
	</DocsFigures>
<DocsFigures>
		<Titre>Terny. Pièces de 240. 08/05/18</Titre>
		<Analyse>Vue d&apos;une pièce d&apos;artillerie de 240 à Terny-Sorny (Aisne).
8 mai 1918. 
Guerre 1914-1918.</Analyse>
		<Realise_en>1918</Realise_en>
		<Liste_des_auteurs>BERTHELÉ, Raoul</Liste_des_auteurs>
		<Type_Doc>NEGATIF N&amp;B</Type_Doc>
		<Support>VERRE</Support>
		<Technique>Photographie stéréo</Technique>
		<Format>5,5 x 12,5 cm</Format>
		<Cote>49Fi1047</Cote>
		<Observations></Observations>
		<Origine>Don Faucher-Berhelé entré le 10/11/1978.</Origine>
		<Droits_Repro>Domaine public</Droits_Repro>
		<subject>GUERRE 1914-1918;</subject>
		<geoname>AISNE (département);TERNY-SORNY (village);</geoname>
		<persname></persname>
		<corpname></corpname>
	</DocsFigures>
<DocsFigures>
		<Titre>Maison Rouge. Pièce de 155. GP Filloux</Titre>
		<Analyse>Un soldat pose à côté d&apos;une pièce de 155 grande potée Fillioux à Maison-Rouge près de Tracy-le-Mont (Oise).
1918.
Guerre 1914-1918.</Analyse>
		<Realise_en>1918</Realise_en>
		<Liste_des_auteurs>BERTHELÉ, Raoul</Liste_des_auteurs>
		<Type_Doc>NEGATIF N&amp;B</Type_Doc>
		<Support>VERRE</Support>
		<Technique>Photographie</Technique>
		<Format>5,5 x 12,5 cm</Format>
		<Cote>49Fi1048</Cote>
		<Observations></Observations>
		<Origine>Don Faucher-Berhelé entré le 10/11/1978.</Origine>
		<Droits_Repro>Domaine public</Droits_Repro>
		<subject>MILITAIRE;GUERRE 1914-1918;</subject>
		<geoname>OISE (département);TRACY-LE-MONT (village);</geoname>
		<persname></persname>
		<corpname></corpname>
	</DocsFigures>
<DocsFigures>
		<Titre>Maison Rouge. Pièce de 155. GP Filloux. RB et adj Poirsin</Titre>
		<Analyse>L&apos;ajudant Poirsin montre à Raoul Berthelé la culasse de la pièce de 155 grande portée Fillioux à la Maison Rouge près de Tracy-le-Mont (Oise).
1918. 
Guerre 1914-1918.</Analyse>
		<Realise_en>1918</Realise_en>
		<Liste_des_auteurs>BERTHELÉ, Raoul</Liste_des_auteurs>
		<Type_Doc>NEGATIF N&amp;B</Type_Doc>
		<Support>VERRE</Support>
		<Technique>Photographie stéréo</Technique>
		<Format>5,5 x 12,5 cm</Format>
		<Cote>49Fi1049</Cote>
		<Observations></Observations>
		<Origine>Don Faucher-Berhelé entré le 10/11/1978.</Origine>
		<Droits_Repro>Domaine public</Droits_Repro>
		<subject>GUERRE 1914-1918;</subject>
		<geoname>OISE (département);TRACY-LE-MONT (village);</geoname>
		<persname>BERTHELE, Raoul;</persname>
		<corpname></corpname>
	</DocsFigures>
<DocsFigures>
		<Titre>Maison Rouge. Pièce de 155. GP Filloux</Titre>
		<Analyse>Pièce de 155 grande portée Fillioux à la Maison Rouge près de Tracy-le-Mont (Oise).
1918. 
Guerre 1914-1918.</Analyse>
		<Realise_en>1918</Realise_en>
		<Liste_des_auteurs>BERTHELÉ, Raoul</Liste_des_auteurs>
		<Type_Doc>NEGATIF N&amp;B</Type_Doc>
		<Support>VERRE</Support>
		<Technique>Photographie stéréo</Technique>
		<Format>5,5 x 12,5 cm</Format>
		<Cote>49Fi1050</Cote>
		<Observations></Observations>
		<Origine>Don Faucher-Berhelé entré le 10/11/1978.</Origine>
		<Droits_Repro>Domaine public</Droits_Repro>
		<subject>GUERRE 1914-1918;</subject>
		<geoname>OISE (département);TRACY-LE-MONT (village);</geoname>
		<persname></persname>
		<corpname></corpname>
	</DocsFigures>
<DocsFigures>
		<Titre>Maison-Rouge. Pièce de 155. GP Filloux. Conte</Titre>
		<Analyse>Roger Conte à côté d&apos;une pièce de 155 grande portée Fillioux à la Maison Rouge près de Tracy-le-Mont (Oise).
1918. 
Guerre 1914-1918.</Analyse>
		<Realise_en>1918</Realise_en>
		<Liste_des_auteurs>BERTHELÉ, Raoul</Liste_des_auteurs>
		<Type_Doc>NEGATIF N&amp;B</Type_Doc>
		<Support>VERRE</Support>
		<Technique>Photographie</Technique>
		<Format>5,5 x 12,5 cm</Format>
		<Cote>49Fi1051</Cote>
		<Observations></Observations>
		<Origine>Don Faucher-Berhelé entré le 10/11/1978.</Origine>
		<Droits_Repro>Domaine public</Droits_Repro>
		<subject>GUERRE 1914-1918;</subject>
		<geoname>OISE (département);TRACY-LE-MONT (village);</geoname>
		<persname></persname>
		<corpname></corpname>
	</DocsFigures>
<DocsFigures>
		<Titre>Maison-Rouge. Culasse de 155. GP F</Titre>
		<Analyse>Culasse de la pièce de 155 grande portée Fillioux à la Maison Rouge près de Tracy-le-Mont (Oise).
1918. 
Guerre 1914-1918.</Analyse>
		<Realise_en>1918</Realise_en>
		<Liste_des_auteurs>BERTHELÉ, Raoul</Liste_des_auteurs>
		<Type_Doc>NEGATIF N&amp;B</Type_Doc>
		<Support>VERRE</Support>
		<Technique>Photographie stéréo</Technique>
		<Format>5,5 x 12,5 cm</Format>
		<Cote>49Fi1052</Cote>
		<Observations></Observations>
		<Origine>Don Faucher-Berhelé entré le 10/11/1978.</Origine>
		<Droits_Repro>Domaine public</Droits_Repro>
		<subject>GUERRE 1914-1918;</subject>
		<geoname>OISE (département);TRACY-LE-MONT (village);</geoname>
		<persname></persname>
		<corpname></corpname>
	</DocsFigures>
<DocsFigures>
		<Titre>Ferme de la Maison Rouge près de Tracy le Mont</Titre>
		<Analyse>Ruines de la ferme de la Maison Rouge près de Tracy-le-Mont (Oise).
1918. 
Guerre 1914-1918.</Analyse>
		<Realise_en>1918</Realise_en>
		<Liste_des_auteurs>BERTHELÉ, Raoul</Liste_des_auteurs>
		<Type_Doc>NEGATIF N&amp;B</Type_Doc>
		<Support>VERRE</Support>
		<Technique>Photographie stéréo</Technique>
		<Format>5,5 x 12,5 cm</Format>
		<Cote>49Fi1053</Cote>
		<Observations></Observations>
		<Origine>Don Faucher-Berhelé entré le 10/11/1978.</Origine>
		<Droits_Repro>Domaine public</Droits_Repro>
		<subject>BATIMENT AGRICOLE;BIEN SINISTRE;SINISTRE;GUERRE 1914-1918;</subject>
		<geoname>OISE (département);TRACY-LE-MONT (village);</geoname>
		<persname></persname>
		<corpname></corpname>
	</DocsFigures>
<DocsFigures>
		<Titre>Ferme de la Maison Rouge près de Tracy le Mont</Titre>
		<Analyse>Vue panoramique des ruines de la ferme de la Maison Rouge près de Tracy-le-Mont (Oise).
1918. 
Guerre 1914-1918.</Analyse>
		<Realise_en>1917</Realise_en>
		<Liste_des_auteurs>BERTHELÉ, Raoul</Liste_des_auteurs>
		<Type_Doc>NEGATIF N&amp;B</Type_Doc>
		<Support>VERRE</Support>
		<Technique>Photographie</Technique>
		<Format>5,5 x 12,5 cm</Format>
		<Cote>49Fi1054</Cote>
		<Observations></Observations>
		<Origine>Don Faucher-Berhelé entré le 10/11/1978.</Origine>
		<Droits_Repro>Domaine public</Droits_Repro>
		<subject>BATIMENT AGRICOLE;BIEN SINISTRE;SINISTRE;GUERRE 1914-1918;</subject>
		<geoname>OISE (département);TRACY-LE-MONT (village);</geoname>
		<persname></persname>
		<corpname></corpname>
	</DocsFigures>
<DocsFigures>
		<Titre>Belleu. Laboratoire de chimie. RB</Titre>
		<Analyse>Raoul Berthelé jouant avec un chien à Belleu (Aisne) à côté d&apos;un laboratoire de chimie.
1918. 
Guerre 1914-1918.</Analyse>
		<Realise_en>1918</Realise_en>
		<Liste_des_auteurs>BERTHELÉ, Raoul</Liste_des_auteurs>
		<Type_Doc>NEGATIF N&amp;B</Type_Doc>
		<Support>VERRE</Support>
		<Technique>Photographie stéréo</Technique>
		<Format>5,5 x 12,5 cm</Format>
		<Cote>49Fi1055</Cote>
		<Observations></Observations>
		<Origine>Don Faucher-Berhelé entré le 10/11/1978.</Origine>
		<Droits_Repro>Domaine public</Droits_Repro>
		<subject>GUERRE 1914-1918;</subject>
		<geoname>AISNE (département);BELLEU (ville);</geoname>
		<persname>BERTHELE, Raoul;</persname>
		<corpname></corpname>
	</DocsFigures>
<DocsFigures>
		<Titre>Audignicourt. Eglise</Titre>
		<Analyse>Façade de l&apos;église d&apos;Audignicourt (Aisne).
1918. 
Guerre 1914-1918.</Analyse>
		<Realise_en>1918</Realise_en>
		<Liste_des_auteurs>BERTHELÉ, Raoul</Liste_des_auteurs>
		<Type_Doc>NEGATIF N&amp;B</Type_Doc>
		<Support>VERRE</Support>
		<Technique>Photographie</Technique>
		<Format>5,5 x 12,5 cm</Format>
		<Cote>49Fi1056</Cote>
		<Observations></Observations>
		<Origine>Don Faucher-Berhelé entré le 10/11/1978.</Origine>
		<Droits_Repro>Domaine public</Droits_Repro>
		<subject>EDIFICE CULTUEL;BIEN SINISTRE;GUERRE 1914-1918;</subject>
		<geoname>AISNE (département);AUDIGNICOURT (village);</geoname>
		<persname></persname>
		<corpname></corpname>
	</DocsFigures>
<DocsFigures>
		<Titre>Chaudun. 19/04/18. Escadrille Br 128. Cap Rocard</Titre>
		<Analyse>Capitaine Rocard de l&apos;Escadrille Br 128 à Chaudun (Aisne).
19 avril 1918. 
Guerre 1914-1918.</Analyse>
		<Realise_en>1918</Realise_en>
		<Liste_des_auteurs>BERTHELÉ, Raoul</Liste_des_auteurs>
		<Type_Doc>NEGATIF N&amp;B</Type_Doc>
		<Support>VERRE</Support>
		<Technique>Photographie stéréo</Technique>
		<Format>5,5 x 12,5 cm</Format>
		<Cote>49Fi1057</Cote>
		<Observations></Observations>
		<Origine>Don Faucher-Berhelé entré le 10/11/1978.</Origine>
		<Droits_Repro>Domaine public</Droits_Repro>
		<subject>GUERRE 1914-1918;</subject>
		<geoname>AISNE (département);CHAUDUN (village);</geoname>
		<persname></persname>
		<corpname></corpname>
	</DocsFigures>
<DocsFigures>
		<Titre>Audignicourt. Eglise</Titre>
		<Analyse>Vue d&apos;ensemble de l&apos;église d&apos;Audignicourt (Aisne).
1918. 
Guerre 1914-1918.</Analyse>
		<Realise_en>1917</Realise_en>
		<Liste_des_auteurs>BERTHELÉ, Raoul</Liste_des_auteurs>
		<Type_Doc>NEGATIF N&amp;B</Type_Doc>
		<Support>VERRE</Support>
		<Technique>Photographie stéréo</Technique>
		<Format>5,5 x 12,5 cm</Format>
		<Cote>49Fi1058</Cote>
		<Observations></Observations>
		<Origine>Don Faucher-Berhelé entré le 10/11/1978.</Origine>
		<Droits_Repro>Domaine public</Droits_Repro>
		<subject>EDIFICE CULTUEL;BIEN SINISTRE;GUERRE 1914-1918;</subject>
		<geoname>AISNE (département);AUDIGNICOURT (village);</geoname>
		<persname></persname>
		<corpname></corpname>
	</DocsFigures>
<DocsFigures>
		<Titre>[Canon sur plate-forme]</Titre>
		<Analyse>Vue d&apos;ensemble d&apos;un canon  de calibre 340 chargé sur une plate-forme dans une gare entre Missy-sur-Aisne et Condé-sur-Aisne (Aisne).
1918. 
Guerre 1914-1918.</Analyse>
		<Realise_en>1918</Realise_en>
		<Liste_des_auteurs>BERTHELÉ, Raoul</Liste_des_auteurs>
		<Type_Doc>NEGATIF N&amp;B</Type_Doc>
		<Support>VERRE</Support>
		<Technique>Photographie stéréo</Technique>
		<Format>5,5 x 12,5 cm</Format>
		<Cote>49Fi1059</Cote>
		<Observations></Observations>
		<Origine>Don Faucher-Berhelé entré le 10/11/1978.</Origine>
		<Droits_Repro>Domaine public</Droits_Repro>
		<subject>GARE;GUERRE 1914-1918;</subject>
		<geoname>AISNE (département);MISSY-SUR-AISNE (village);CONDE-SUR-AISNE (village);</geoname>
		<persname></persname>
		<corpname></corpname>
	</DocsFigures>
<DocsFigures>
		<Titre>Rosières. Breguet démoli. 12/04/18</Titre>
		<Analyse>Avion Bréguet XIV démoli suite à une rafale de mitrailleuse près de Rozières-sur-Crise (Aisne).
12 avril 1918. 
Guerre 1914-1918.</Analyse>
		<Realise_en>1918</Realise_en>
		<Liste_des_auteurs>BERTHELÉ, Raoul</Liste_des_auteurs>
		<Type_Doc>NEGATIF N&amp;B</Type_Doc>
		<Support>VERRE</Support>
		<Technique>Photographie stéréo</Technique>
		<Format>5,5 x 12,5 cm</Format>
		<Cote>49Fi1060</Cote>
		<Observations></Observations>
		<Origine>Don Faucher-Berhelé entré le 10/11/1978.</Origine>
		<Droits_Repro>Domaine public</Droits_Repro>
		<subject>AERONEF;BIEN SINISTRE;GUERRE 1914-1918;</subject>
		<geoname>AISNE (département);ROZIERES-SUR-CRISE (village);</geoname>
		<persname></persname>
		<corpname></corpname>
	</DocsFigures>
<DocsFigures>
		<Titre>Berzy. Vue prise de Belleu à la jumelle</Titre>
		<Analyse>Vue de Berzy prise de Belleu (Aisne) à l&apos;aide de jumelles.
1918. 
Guerre 1914-1918.</Analyse>
		<Realise_en>1918</Realise_en>
		<Liste_des_auteurs>BERTHELÉ, Raoul</Liste_des_auteurs>
		<Type_Doc>NEGATIF N&amp;B</Type_Doc>
		<Support>VERRE</Support>
		<Technique>Photographie stéréo</Technique>
		<Format>5,5 x 12,5 cm</Format>
		<Cote>49Fi1061</Cote>
		<Observations></Observations>
		<Origine>Don Faucher-Berhelé entré le 10/11/1978.</Origine>
		<Droits_Repro>Domaine public</Droits_Repro>
		<subject>GUERRE 1914-1918;</subject>
		<geoname>AISNE (département);BELLEU (ville);</geoname>
		<persname></persname>
		<corpname></corpname>
	</DocsFigures>
<DocsFigures>
		<Titre>[Ruines d&apos;une église]</Titre>
		<Analyse>Vue panoramique des ruines d&apos;une église.
Entre 1914 et 1918. 
Guerre 1914-1918.</Analyse>
		<Realise_en></Realise_en>
		<Liste_des_auteurs>BERTHELÉ, Raoul</Liste_des_auteurs>
		<Type_Doc>NEGATIF N&amp;B</Type_Doc>
		<Support>VERRE</Support>
		<Technique>Photographie</Technique>
		<Format>5,5 x 12,5 cm</Format>
		<Cote>49Fi1062</Cote>
		<Observations></Observations>
		<Origine>Don Faucher-Berhelé entré le 10/11/1978.</Origine>
		<Droits_Repro>Domaine public</Droits_Repro>
		<subject>EDIFICE CULTUEL;BIEN SINISTRE;SINISTRE;GUERRE 1914-1918;</subject>
		<geoname></geoname>
		<persname></persname>
		<corpname></corpname>
	</DocsFigures>
<DocsFigures>
		<Titre>[Ruines d&apos;une église]</Titre>
		<Analyse>Ruines d&apos;une église.
Entre 1914 et 1918. 
Guerre 1914-1918.</Analyse>
		<Realise_en></Realise_en>
		<Liste_des_auteurs>BERTHELÉ, Raoul</Liste_des_auteurs>
		<Type_Doc>NEGATIF N&amp;B</Type_Doc>
		<Support>VERRE</Support>
		<Technique>Photographie stéréo</Technique>
		<Format>5,5 x 12,5 cm</Format>
		<Cote>49Fi1063</Cote>
		<Observations></Observations>
		<Origine>Don Faucher-Berhelé entré le 10/11/1978.</Origine>
		<Droits_Repro>Domaine public</Droits_Repro>
		<subject>EDIFICE CULTUEL;BIEN SINISTRE;SINISTRE;GUERRE 1914-1918;</subject>
		<geoname></geoname>
		<persname></persname>
		<corpname></corpname>
	</DocsFigures>
<DocsFigures>
		<Titre>Tracy le Mont. Parc d&apos;Offémont. Ruines de Ste Croix. 12/04/18</Titre>
		<Analyse>Vestiges du prieuré de Sainte-Croix dans le parc d&apos;Offémont à Tracy-le-Mont (Oise).
12 avril 1918. 
Guerre 1914-1918.</Analyse>
		<Realise_en>1918</Realise_en>
		<Liste_des_auteurs>BERTHELÉ, Raoul</Liste_des_auteurs>
		<Type_Doc>NEGATIF N&amp;B</Type_Doc>
		<Support>VERRE</Support>
		<Technique>Photographie</Technique>
		<Format>5,5 x 12,5 cm</Format>
		<Cote>49Fi1064</Cote>
		<Observations></Observations>
		<Origine>Don Faucher-Berhelé entré le 10/11/1978.</Origine>
		<Droits_Repro>Domaine public</Droits_Repro>
		<subject>SINISTRE;BIEN SINISTRE;GUERRE 1914-1918;</subject>
		<geoname>OISE (département);TRACY-LE-MONT (village);</geoname>
		<persname></persname>
		<corpname></corpname>
	</DocsFigures>
<DocsFigures>
		<Titre>[Ruines. Raoul Berthelé tenant un appareil photo]</Titre>
		<Analyse>Raoul Berthelé tenant un apareil photo devant des vestiges du prieuré de Sainte-Croix dans le parc d&apos;Offémont à Tracy-le-Mont (Oise).
12 avril 1918. 
Guerre 1914-1918.
Raoul Berthelé tient un appareil photo.</Analyse>
		<Realise_en>1918</Realise_en>
		<Liste_des_auteurs>BERTHELÉ, Raoul</Liste_des_auteurs>
		<Type_Doc>NEGATIF N&amp;B</Type_Doc>
		<Support>VERRE</Support>
		<Technique>Photographie stéréo</Technique>
		<Format>5,5 x 12,5 cm</Format>
		<Cote>49Fi1065</Cote>
		<Observations></Observations>
		<Origine>Don Faucher-Berhelé entré le 10/11/1978.</Origine>
		<Droits_Repro>Domaine public</Droits_Repro>
		<subject>SINISTRE;BIEN SINISTRE;GUERRE 1914-1918;</subject>
		<geoname>OISE (département);TRACY-LE-MONT (village);</geoname>
		<persname>BERTHELE, Raoul;</persname>
		<corpname></corpname>
	</DocsFigures>
<DocsFigures>
		<Titre>Tracy le Mont. Parc d&apos;Offémont. Ruines de Ste Croix. 12/04/18</Titre>
		<Analyse>Vestiges du prieuré de Sainte-Croix dans le parc d&apos;Offémont à Tracy-le-Mont (Oise).
12 avril 1918. 
Guerre 1914-1918.</Analyse>
		<Realise_en>1918</Realise_en>
		<Liste_des_auteurs>BERTHELÉ, Raoul</Liste_des_auteurs>
		<Type_Doc>NEGATIF N&amp;B</Type_Doc>
		<Support>VERRE</Support>
		<Technique>Photographie stéréo</Technique>
		<Format>5,5 x 12,5 cm</Format>
		<Cote>49Fi1066</Cote>
		<Observations></Observations>
		<Origine>Don Faucher-Berhelé entré le 10/11/1978.</Origine>
		<Droits_Repro>Domaine public</Droits_Repro>
		<subject>SINISTRE;BIEN SINISTRE;GUERRE 1914-1918;</subject>
		<geoname>TRACY-LE-MONT (village);OISE (département);</geoname>
		<persname></persname>
		<corpname></corpname>
	</DocsFigures>
<DocsFigures>
		<Titre>Ferme de Confrécourt près de Vic sur Aisne</Titre>
		<Analyse>Ruines de la ferme de Confrécourt près de Vic-sur-Aisne (Aisne).
1918. 
Guerre 1914-1918.</Analyse>
		<Realise_en>1918</Realise_en>
		<Liste_des_auteurs>BERTHELÉ, Raoul</Liste_des_auteurs>
		<Type_Doc>NEGATIF N&amp;B</Type_Doc>
		<Support>VERRE</Support>
		<Technique>Photographie stéréo</Technique>
		<Format>5,5 x 12,5 cm</Format>
		<Cote>49Fi1067</Cote>
		<Observations></Observations>
		<Origine>Don Faucher-Berhelé entré le 10/11/1978.</Origine>
		<Droits_Repro>Domaine public</Droits_Repro>
		<subject>SINISTRE;BIEN SINISTRE;GUERRE 1914-1918;</subject>
		<geoname>AISNE (département);VIC-SUR-AISNE (village);</geoname>
		<persname></persname>
		<corpname></corpname>
	</DocsFigures>
<DocsFigures>
		<Titre>Berny-Rivière. Abris boches</Titre>
		<Analyse>Vue d&apos;ensemble de deux abris boches près de Berny-Rivière (Aisne).
1918. 
Guerre 1914-1918.</Analyse>
		<Realise_en>1918</Realise_en>
		<Liste_des_auteurs>BERTHELÉ, Raoul</Liste_des_auteurs>
		<Type_Doc>NEGATIF N&amp;B</Type_Doc>
		<Support>VERRE</Support>
		<Technique>Photographie</Technique>
		<Format>5,5 x 12,5 cm</Format>
		<Cote>49Fi1068</Cote>
		<Observations></Observations>
		<Origine>Don Faucher-Berhelé entré le 10/11/1978.</Origine>
		<Droits_Repro>Domaine public</Droits_Repro>
		<subject>ABRI;ETRANGER;GUERRE 1914-1918;</subject>
		<geoname>AISNE (département);BERNY-RIVIERE (village);</geoname>
		<persname></persname>
		<corpname></corpname>
	</DocsFigures>
<DocsFigures>
		<Titre>Mercin-Pommier. Centre de triage. Canons boches. R. Berthelé</Titre>
		<Analyse>Vue panoramique du centre de triage de Mercin-Pommier conservant des canons boches dans la commune de Mercin-et-Vaux (Aisne).
1918. 
Guerre 1914-1918.
Raoul Berthelé observe un canon allemand.</Analyse>
		<Realise_en>1918</Realise_en>
		<Liste_des_auteurs>BERTHELÉ, Raoul</Liste_des_auteurs>
		<Type_Doc>NEGATIF N&amp;B</Type_Doc>
		<Support>VERRE</Support>
		<Technique>Photographie</Technique>
		<Format>5,5 x 12,5 cm</Format>
		<Cote>49Fi1069</Cote>
		<Observations></Observations>
		<Origine>Don Faucher-Berhelé entré le 10/11/1978.</Origine>
		<Droits_Repro>Domaine public</Droits_Repro>
		<subject>GUERRE 1914-1918;</subject>
		<geoname>MERCIN-ET-VAUX (village);AISNE (département);</geoname>
		<persname>BERTHELE, Raoul;</persname>
		<corpname></corpname>
	</DocsFigures>
<DocsFigures>
		<Titre>Orsay. 24/03/18. Tante Orphise. Adèle. Maurice. Albéric et Marie</Titre>
		<Analyse>Photo de famille ( tante Orphise, Adèle, Maurice, Albéric et Marie) prise à Orsay (Essonne).
24 mars 1918. 
Guerre 1914-1918.</Analyse>
		<Realise_en>1918</Realise_en>
		<Liste_des_auteurs>BERTHELÉ, Raoul</Liste_des_auteurs>
		<Type_Doc>NEGATIF N&amp;B</Type_Doc>
		<Support>VERRE</Support>
		<Technique>Photographie stéréo</Technique>
		<Format>5,5 x 12,5 cm</Format>
		<Cote>49Fi1070</Cote>
		<Observations></Observations>
		<Origine>Don Faucher-Berhelé entré le 10/11/1978.</Origine>
		<Droits_Repro>Domaine public</Droits_Repro>
		<subject>GUERRE 1914-1918;</subject>
		<geoname>ORSAY (ville);ESSONNE (département);</geoname>
		<persname></persname>
		<corpname></corpname>
	</DocsFigures>
<DocsFigures>
		<Titre>Orsay. 24/03/18. Albéric et Raoul</Titre>
		<Analyse>Raoul et son oncle Albéric déguisés, à Orsay (Essonne).
24 mars 1918. 
Guerre 1914-1918.</Analyse>
		<Realise_en>1918</Realise_en>
		<Liste_des_auteurs>BERTHELÉ, Raoul</Liste_des_auteurs>
		<Type_Doc>NEGATIF N&amp;B</Type_Doc>
		<Support>VERRE</Support>
		<Technique>Photographie stéréo</Technique>
		<Format>5,5 x 12,5 cm</Format>
		<Cote>49Fi1071</Cote>
		<Observations></Observations>
		<Origine>Don Faucher-Berhelé entré le 10/11/1978.</Origine>
		<Droits_Repro>Domaine public</Droits_Repro>
		<subject>GUERRE 1914-1918;</subject>
		<geoname>ORSAY (ville);ESSONNE (département);</geoname>
		<persname></persname>
		<corpname></corpname>
	</DocsFigures>
<DocsFigures>
		<Titre>Septmonts. Donjon</Titre>
		<Analyse>Vue panoramique du donjon de Septmonts (Aisne).
1918. 
Guerre 1914-1918.</Analyse>
		<Realise_en>1918</Realise_en>
		<Liste_des_auteurs>BERTHELÉ, Raoul</Liste_des_auteurs>
		<Type_Doc>NEGATIF N&amp;B</Type_Doc>
		<Support>VERRE</Support>
		<Technique>Photographie</Technique>
		<Format>5,5 x 12,5 cm</Format>
		<Cote>49Fi1072</Cote>
		<Observations></Observations>
		<Origine>Don Faucher-Berhelé entré le 10/11/1978.</Origine>
		<Droits_Repro>Domaine public</Droits_Repro>
		<subject>GUERRE 1914-1918;</subject>
		<geoname>AISNE (département);SEPTMONTS (village);</geoname>
		<persname></persname>
		<corpname></corpname>
	</DocsFigures>
<DocsFigures>
		<Titre>Septmonts. Vue panoramique</Titre>
		<Analyse>Vue panoramique du village de Septmonts (Aisne).
1918. 
Guerre 1914-1918.</Analyse>
		<Realise_en>1917</Realise_en>
		<Liste_des_auteurs>BERTHELÉ, Raoul</Liste_des_auteurs>
		<Type_Doc>NEGATIF N&amp;B</Type_Doc>
		<Support>VERRE</Support>
		<Technique>Photographie</Technique>
		<Format>5,5 x 12,5 cm</Format>
		<Cote>49Fi1073</Cote>
		<Observations></Observations>
		<Origine>Don Faucher-Berhelé entré le 10/11/1978.</Origine>
		<Droits_Repro>Domaine public</Droits_Repro>
		<subject>GUERRE 1914-1918;</subject>
		<geoname>AISNE (département);SEPTMONTS (village);</geoname>
		<persname></persname>
		<corpname></corpname>
	</DocsFigures>
<DocsFigures>
		<Titre>Septmonts. Donjon</Titre>
		<Analyse>Vue panoramique du donjon de Septmonts (Aisne).
1918. 
Guerre 1914-1918.</Analyse>
		<Realise_en>1917</Realise_en>
		<Liste_des_auteurs>BERTHELÉ, Raoul</Liste_des_auteurs>
		<Type_Doc>NEGATIF N&amp;B</Type_Doc>
		<Support>VERRE</Support>
		<Technique>Photographie</Technique>
		<Format>5,5 x 12,5 cm</Format>
		<Cote>49Fi1074</Cote>
		<Observations></Observations>
		<Origine>Don Faucher-Berhelé entré le 10/11/1978.</Origine>
		<Droits_Repro>Domaine public</Droits_Repro>
		<subject>GUERRE 1914-1918;</subject>
		<geoname>AISNE (département);SEPTMONTS (village);</geoname>
		<persname></persname>
		<corpname></corpname>
	</DocsFigures>
<DocsFigures>
		<Titre>Berzy. Petit ballon captif. 180 m3 et son treuil</Titre>
		<Analyse>Vue panoramique d&apos;un petit ballon captif de 180 m3 et de son treuil à Berzy-le-Sec (Aisne).
1917. 
Guerre 1914-1918.</Analyse>
		<Realise_en>1917</Realise_en>
		<Liste_des_auteurs>BERTHELÉ, Raoul</Liste_des_auteurs>
		<Type_Doc>NEGATIF N&amp;B</Type_Doc>
		<Support>VERRE</Support>
		<Technique>Photographie</Technique>
		<Format>5,5 x 12,5 cm</Format>
		<Cote>49Fi1075</Cote>
		<Observations>Même cliché que le 49Fi1608.</Observations>
		<Origine>Don Faucher-Berhelé entré le 10/11/1978.</Origine>
		<Droits_Repro>Domaine public</Droits_Repro>
		<subject>GUERRE 1914-1918;</subject>
		<geoname>AISNE (département);BERZY-LE-SEC (village);</geoname>
		<persname></persname>
		<corpname></corpname>
	</DocsFigures>
<DocsFigures>
		<Titre>11/11/17. Fismes. Tante Orphise. Adèle. Maurice et Clothilde</Titre>
		<Analyse>Photo de famille (tante Orphise, Adèle, Maurice et Clothilde) prise à Fismes (Marne).
11 novembre 1917. 
Guerre 1914-1918.</Analyse>
		<Realise_en>1917</Realise_en>
		<Liste_des_auteurs>BERTHELÉ, Raoul</Liste_des_auteurs>
		<Type_Doc>NEGATIF N&amp;B</Type_Doc>
		<Support>VERRE</Support>
		<Technique>Photographie stéréo</Technique>
		<Format>5,5 x 12,5 cm</Format>
		<Cote>49Fi1076</Cote>
		<Observations></Observations>
		<Origine>Don Faucher-Berhelé entré le 10/11/1978.</Origine>
		<Droits_Repro>Domaine public</Droits_Repro>
		<subject>GUERRE 1914-1918;</subject>
		<geoname>MARNE (département);FISMES (ville);</geoname>
		<persname></persname>
		<corpname></corpname>
	</DocsFigures>
<DocsFigures>
		<Titre>11/11/17. Fismes. Tante Orphise. Adèle. Maurice et Clothilde</Titre>
		<Analyse>Photo de famille (tante Orphise, Adèle, Maurice et Clothilde) prise à Fismes (Marne).
11 novembre 1917. 
Guerre 1914-1918.</Analyse>
		<Realise_en>1917</Realise_en>
		<Liste_des_auteurs>BERTHELÉ, Raoul</Liste_des_auteurs>
		<Type_Doc>NEGATIF N&amp;B</Type_Doc>
		<Support>VERRE</Support>
		<Technique>Photographie stéréo</Technique>
		<Format>5,5 x 12,5 cm</Format>
		<Cote>49Fi1077</Cote>
		<Observations></Observations>
		<Origine>Don Faucher-Berhelé entré le 10/11/1978.</Origine>
		<Droits_Repro>Domaine public</Droits_Repro>
		<subject>GUERRE 1914-1918;</subject>
		<geoname>MARNE (département);FISMES (ville);</geoname>
		<persname></persname>
		<corpname></corpname>
	</DocsFigures>
<DocsFigures>
		<Titre>[Avion biplan]</Titre>
		<Analyse>Vue de face d&apos;un avion biplan.
Entre 1914 et 1918. 
Guerre 1914-1918.</Analyse>
		<Realise_en></Realise_en>
		<Liste_des_auteurs>BERTHELÉ, Raoul</Liste_des_auteurs>
		<Type_Doc>NEGATIF N&amp;B</Type_Doc>
		<Support>VERRE</Support>
		<Technique>Photographie</Technique>
		<Format>5,5 x 12,5 cm</Format>
		<Cote>49Fi1078</Cote>
		<Observations></Observations>
		<Origine>Don Faucher-Berhelé entré le 10/11/1978.</Origine>
		<Droits_Repro>Domaine public</Droits_Repro>
		<subject>GUERRE 1914-1918;</subject>
		<geoname></geoname>
		<persname></persname>
		<corpname></corpname>
	</DocsFigures>
<DocsFigures>
		<Titre>15/11/17. Chaudun. Escuade SPA 65. Biplan allemand Albatros</Titre>
		<Analyse>Biplan allemand Albatros dans un champ d&apos;aviation à Chaudun (Aisne) de l&apos;escuade SPA  65 .
15 novembre 1917. 
Guerre 1914-1918.</Analyse>
		<Realise_en>1917</Realise_en>
		<Liste_des_auteurs>BERTHELÉ, Raoul</Liste_des_auteurs>
		<Type_Doc>NEGATIF N&amp;B</Type_Doc>
		<Support>VERRE</Support>
		<Technique>Photographie</Technique>
		<Format>5,5 x 12,5 cm</Format>
		<Cote>49Fi1079</Cote>
		<Observations></Observations>
		<Origine>Don Faucher-Berhelé entré le 10/11/1978.</Origine>
		<Droits_Repro>Domaine public</Droits_Repro>
		<subject>GUERRE 1914-1918;</subject>
		<geoname>AISNE (département);CHAUDUN (village);</geoname>
		<persname></persname>
		<corpname></corpname>
	</DocsFigures>
<DocsFigures>
		<Titre>15/11/17. Chaudun. Escuade SPA 65. Biplan allemand Albatros. RB</Titre>
		<Analyse>Raoul Berthelé dans un biplan allemand Albatros dans un champ d&apos;aviation à Chaudun (Aisne) de l&apos;escuade SPA  65 .
15 novembre 1917. 
Guerre 1914-1918.</Analyse>
		<Realise_en>1917</Realise_en>
		<Liste_des_auteurs>BERTHELÉ, Raoul</Liste_des_auteurs>
		<Type_Doc>NEGATIF N&amp;B</Type_Doc>
		<Support>VERRE</Support>
		<Technique>Photographie stéréo</Technique>
		<Format>5,5 x 12,5 cm</Format>
		<Cote>49Fi1080</Cote>
		<Observations></Observations>
		<Origine>Don Faucher-Berhelé entré le 10/11/1978.</Origine>
		<Droits_Repro>Domaine public</Droits_Repro>
		<subject>GUERRE 1914-1918;</subject>
		<geoname>AISNE (département);CHAUDUN (village);</geoname>
		<persname>BERTHELE, Raoul;</persname>
		<corpname></corpname>
	</DocsFigures>
<DocsFigures>
		<Titre>15/11/17. Chaudun. Escuade SPA 65. Biplan allemand Albatros</Titre>
		<Analyse>Biplan allemand Albatros dans un champ d&apos;aviation à Chaudun (Aisne) de l&apos;escuade SPA  65 .
15 novembre 1917. 
Guerre 1914-1918.</Analyse>
		<Realise_en>1917</Realise_en>
		<Liste_des_auteurs>BERTHELÉ, Raoul</Liste_des_auteurs>
		<Type_Doc>NEGATIF N&amp;B</Type_Doc>
		<Support>VERRE</Support>
		<Technique>Photographie stéréo</Technique>
		<Format>5,5 x 12,5 cm</Format>
		<Cote>49Fi1081</Cote>
		<Observations></Observations>
		<Origine>Don Faucher-Berhelé entré le 10/11/1978.</Origine>
		<Droits_Repro>Domaine public</Droits_Repro>
		<subject>GUERRE 1914-1918;</subject>
		<geoname>AISNE (département);CHAUDUN (village);</geoname>
		<persname></persname>
		<corpname></corpname>
	</DocsFigures>
<DocsFigures>
		<Titre>Berzy. 01/11/17. En ballon captif et treuil</Titre>
		<Analyse>Vue aérienne prise par Raoul Berthelé en ballon captif à Berzy-le-Sec (Aisne).
1er novembre 1917. 
Guerre 1914-1918.</Analyse>
		<Realise_en>1917</Realise_en>
		<Liste_des_auteurs>BERTHELÉ, Raoul</Liste_des_auteurs>
		<Type_Doc>NEGATIF N&amp;B</Type_Doc>
		<Support>VERRE</Support>
		<Technique>Photographie stéréo</Technique>
		<Format>5,5 x 12,5 cm</Format>
		<Cote>49Fi1082</Cote>
		<Observations></Observations>
		<Origine>Don Faucher-Berhelé entré le 10/11/1978.</Origine>
		<Droits_Repro>Domaine public</Droits_Repro>
		<subject>GUERRE 1914-1918;</subject>
		<geoname>AISNE (département);BERZY-LE-SEC (village);</geoname>
		<persname>BERTHELE, Raoul;</persname>
		<corpname></corpname>
	</DocsFigures>
<DocsFigures>
		<Titre>Berzy. Petit ballon captif de 180 m3</Titre>
		<Analyse>Vue d&apos;ensemble d&apos;un petit ballon captif de 180 m3 à Berzy-le-Sec (Aisne).
1917. 
Guerre 1914-1918.</Analyse>
		<Realise_en>1917</Realise_en>
		<Liste_des_auteurs>BERTHELÉ, Raoul</Liste_des_auteurs>
		<Type_Doc>NEGATIF N&amp;B</Type_Doc>
		<Support>VERRE</Support>
		<Technique>Photographie stéréo</Technique>
		<Format>5,5 x 12,5 cm</Format>
		<Cote>49Fi1083</Cote>
		<Observations></Observations>
		<Origine>Don Faucher-Berhelé entré le 10/11/1978.</Origine>
		<Droits_Repro>Domaine public</Droits_Repro>
		<subject>GUERRE 1914-1918;</subject>
		<geoname>AISNE (département);BERZY-LE-SEC (village);</geoname>
		<persname></persname>
		<corpname></corpname>
	</DocsFigures>
<DocsFigures>
		<Titre>Berzy. Station météorologique</Titre>
		<Analyse>Vue panoramique de la station météorologique de Berzy-le-Sec (Aisne).
1917. 
Guerre 1914-1918.</Analyse>
		<Realise_en>1917</Realise_en>
		<Liste_des_auteurs>BERTHELÉ, Raoul</Liste_des_auteurs>
		<Type_Doc>NEGATIF N&amp;B</Type_Doc>
		<Support>VERRE</Support>
		<Technique>Photographie</Technique>
		<Format>5,5 x 12,5 cm</Format>
		<Cote>49Fi1084</Cote>
		<Observations></Observations>
		<Origine>Don Faucher-Berhelé entré le 10/11/1978.</Origine>
		<Droits_Repro>Domaine public</Droits_Repro>
		<subject>METEOROLOGIE;MILITAIRE;GUERRE 1914-1918;</subject>
		<geoname>AISNE (département);BERZY-LE-SEC (village);</geoname>
		<persname></persname>
		<corpname></corpname>
	</DocsFigures>
<DocsFigures>
		<Titre>Eglise de Presles et Boves</Titre>
		<Analyse>Vue panomramique verticale des ruine de l&apos;église de Presles-et-Boves (Aisne).
1917. 
Guerre 1914-1918.</Analyse>
		<Realise_en>1917</Realise_en>
		<Liste_des_auteurs>BERTHELÉ, Raoul</Liste_des_auteurs>
		<Type_Doc>NEGATIF N&amp;B</Type_Doc>
		<Support>VERRE</Support>
		<Technique>Photographie</Technique>
		<Format>5,5 x 12,5 cm</Format>
		<Cote>49Fi1085</Cote>
		<Observations>Même cliché que le 49Fi1770.</Observations>
		<Origine>Don Faucher-Berhelé entré le 10/11/1978.</Origine>
		<Droits_Repro>Domaine public</Droits_Repro>
		<subject>EDIFICE CULTUEL;BIEN SINISTRE;SINISTRE;GUERRE 1914-1918;</subject>
		<geoname>AISNE (département);PRESLES-ET-BOVES (village);</geoname>
		<persname></persname>
		<corpname></corpname>
	</DocsFigures>
<DocsFigures>
		<Titre>Eglise de Presles et Boves</Titre>
		<Analyse>Vue panoramique verticale des ruines de l&apos;église de Presles-et-Boves (Aisne).
1917. 
Guerre 1914-1918.</Analyse>
		<Realise_en>1917</Realise_en>
		<Liste_des_auteurs>BERTHELÉ, Raoul</Liste_des_auteurs>
		<Type_Doc>NEGATIF N&amp;B</Type_Doc>
		<Support>VERRE</Support>
		<Technique>Photographie</Technique>
		<Format>5,5 x 12,5 cm</Format>
		<Cote>49Fi1086</Cote>
		<Observations>Même cliché que le 49Fi1606.</Observations>
		<Origine>Don Faucher-Berhelé entré le 10/11/1978.</Origine>
		<Droits_Repro>Domaine public</Droits_Repro>
		<subject>EDIFICE CULTUEL;BIEN SINISTRE;SINISTRE;GUERRE 1914-1918;</subject>
		<geoname>AISNE (département);PRESLES-ET-BOVES (village);</geoname>
		<persname></persname>
		<corpname></corpname>
	</DocsFigures>
<DocsFigures>
		<Titre>Eglise de Presles et Boves</Titre>
		<Analyse>Vue panoramique des ruines de l&apos;église de Presles-et-Boves (Aisne).
1917. 
Guerre 1914-1918.</Analyse>
		<Realise_en>1917</Realise_en>
		<Liste_des_auteurs>BERTHELÉ, Raoul</Liste_des_auteurs>
		<Type_Doc>NEGATIF N&amp;B</Type_Doc>
		<Support>VERRE</Support>
		<Technique>Photographie</Technique>
		<Format>5,5 x 12,5 cm</Format>
		<Cote>49Fi1087</Cote>
		<Observations>Même cliché que le 49Fi1181.</Observations>
		<Origine>Don Faucher-Berhelé entré le 10/11/1978.</Origine>
		<Droits_Repro>Domaine public</Droits_Repro>
		<subject>EDIFICE CULTUEL;BIEN SINISTRE;SINISTRE;GUERRE 1914-1918;</subject>
		<geoname>AISNE (département);PRESLES-ET-BOVES (village);</geoname>
		<persname></persname>
		<corpname></corpname>
	</DocsFigures>
<DocsFigures>
		<Titre>Eglise de Presles et Boves</Titre>
		<Analyse>Vue des ruines de l&apos;église de Presles-et-Boves (Aisne).
1917. 
Guerre 1914-1918.</Analyse>
		<Realise_en>1917</Realise_en>
		<Liste_des_auteurs>BERTHELÉ, Raoul</Liste_des_auteurs>
		<Type_Doc>NEGATIF N&amp;B</Type_Doc>
		<Support>VERRE</Support>
		<Technique>Photographie stéréo</Technique>
		<Format>5,5 x 12,5 cm</Format>
		<Cote>49Fi1088</Cote>
		<Observations></Observations>
		<Origine>Don Faucher-Berhelé entré le 10/11/1978.</Origine>
		<Droits_Repro>Domaine public</Droits_Repro>
		<subject>EDIFICE CULTUEL;BIEN SINISTRE;SINISTRE;GUERRE 1914-1918;</subject>
		<geoname>AISNE (département);PRESLES-ET-BOVES (village);</geoname>
		<persname></persname>
		<corpname></corpname>
	</DocsFigures>
<DocsFigures>
		<Titre>May en Multien. Camions démolis par une bombe d&apos;avion</Titre>
		<Analyse>Camion démoli par une bombe d&apos;avion à May-en-Multien (Seine-et-Marne).
1918. 
Guerre 1914-1918.</Analyse>
		<Realise_en>1918</Realise_en>
		<Liste_des_auteurs>BERTHELÉ, Raoul</Liste_des_auteurs>
		<Type_Doc>NEGATIF N&amp;B</Type_Doc>
		<Support>VERRE</Support>
		<Technique>Photographie stéréo</Technique>
		<Format>5,5 x 12,5 cm</Format>
		<Cote>49Fi1089</Cote>
		<Observations></Observations>
		<Origine>Don Faucher-Berhelé entré le 10/11/1978.</Origine>
		<Droits_Repro>Domaine public</Droits_Repro>
		<subject>GUERRE 1914-1918;</subject>
		<geoname>SEINE-ET-MARNE (département);MAY-EN-MULTIEN (village);MARNE (département);</geoname>
		<persname></persname>
		<corpname></corpname>
	</DocsFigures>
<DocsFigures>
		<Titre>May en Multien. Camions démolis par une bombe d&apos;avion</Titre>
		<Analyse>Camion démoli par une bombe d&apos;avion à May-en-Multien (Seine-et-Marne).
1918. 
Guerre 1914-1918.</Analyse>
		<Realise_en>1918</Realise_en>
		<Liste_des_auteurs>BERTHELÉ, Raoul</Liste_des_auteurs>
		<Type_Doc>NEGATIF N&amp;B</Type_Doc>
		<Support>VERRE</Support>
		<Technique>Photographie stéréo</Technique>
		<Format>5,5 x 12,5 cm</Format>
		<Cote>49Fi1090</Cote>
		<Observations></Observations>
		<Origine>Don Faucher-Berhelé entré le 10/11/1978.</Origine>
		<Droits_Repro>Domaine public</Droits_Repro>
		<subject>GUERRE 1914-1918;</subject>
		<geoname>SEINE-ET-MARNE (département);MAY-EN-MULTIEN (village);MARNE (département);</geoname>
		<persname></persname>
		<corpname></corpname>
	</DocsFigures>
<DocsFigures>
		<Titre>Berzy. 27/07/17. R. Berthelé. Médecin-alpin!</Titre>
		<Analyse>Raoul Berthelé pose en habit de médecin alpin à Berzy-le-Sec (Aisne).
27 juillet 1917. 
Guerre 1914-1918.</Analyse>
		<Realise_en>1917</Realise_en>
		<Liste_des_auteurs>BERTHELÉ, Raoul</Liste_des_auteurs>
		<Type_Doc>NEGATIF N&amp;B</Type_Doc>
		<Support>VERRE</Support>
		<Technique>Photographie stéréo</Technique>
		<Format>4,5 x 10,7 cm</Format>
		<Cote>49Fi1091</Cote>
		<Observations></Observations>
		<Origine>Don Faucher-Berhelé entré le 10/11/1978.</Origine>
		<Droits_Repro>Domaine public</Droits_Repro>
		<subject>GUERRE 1914-1918;</subject>
		<geoname>AISNE (département);BERZY-LE-SEC (village);</geoname>
		<persname>BERTHELE, Raoul;</persname>
		<corpname></corpname>
	</DocsFigures>
<DocsFigures>
		<Titre>Missy-Condé. Pièce de 340. Gr Maurer</Titre>
		<Analyse>&quot;.... boche Perort. f. 6.3 1/10&quot;
Canon de calibre 340 appelé &quot;la Finette&quot; entre Missy-sur-Aisne et Condé-sur-Aisne (Aisne).
1918. 
Guerre 1914-1918.</Analyse>
		<Realise_en>1918</Realise_en>
		<Liste_des_auteurs>BERTHELÉ, Raoul</Liste_des_auteurs>
		<Type_Doc>NEGATIF N&amp;B</Type_Doc>
		<Support>VERRE</Support>
		<Technique>Photographie</Technique>
		<Format>5,5 x 12,5 cm</Format>
		<Cote>49Fi1092</Cote>
		<Observations></Observations>
		<Origine>Don Faucher-Berhelé entré le 10/11/1978.</Origine>
		<Droits_Repro>Domaine public</Droits_Repro>
		<subject>GUERRE 1914-1918;</subject>
		<geoname>AISNE (département);MISSY-SUR-AISNE (village);CONDE-SUR-AISNE (village);</geoname>
		<persname></persname>
		<corpname></corpname>
	</DocsFigures>
<DocsFigures>
		<Titre>Sancy. Pièce de 155</Titre>
		<Analyse>Pièce de 155 &quot;la Jeannette&quot; à Saucy-les-Cheminots (Aisne).
1918. 
Guerre 1914-1918.</Analyse>
		<Realise_en>1918</Realise_en>
		<Liste_des_auteurs>BERTHELÉ, Raoul</Liste_des_auteurs>
		<Type_Doc>NEGATIF N&amp;B</Type_Doc>
		<Support>VERRE</Support>
		<Technique>Photographie stéréo</Technique>
		<Format>5,5 x 12,5 cm</Format>
		<Cote>49Fi1093</Cote>
		<Observations></Observations>
		<Origine>Don Faucher-Berhelé entré le 10/11/1978.</Origine>
		<Droits_Repro>Domaine public</Droits_Repro>
		<subject>GUERRE 1914-1918;</subject>
		<geoname>AISNE (département);SANCY-LES-CHEMINOTS (village);</geoname>
		<persname></persname>
		<corpname></corpname>
	</DocsFigures>
<DocsFigures>
		<Titre>Sancy. Ruines du village</Titre>
		<Analyse>Vue panoramique de ruines du village de Sancy-les-Cheminots (Aisne).
1918.
Guerre 1914-1918.</Analyse>
		<Realise_en>1918</Realise_en>
		<Liste_des_auteurs>BERTHELÉ, Raoul</Liste_des_auteurs>
		<Type_Doc>NEGATIF N&amp;B</Type_Doc>
		<Support>VERRE</Support>
		<Technique>Photographie</Technique>
		<Format>5,5 x 12,5 cm</Format>
		<Cote>49Fi1094</Cote>
		<Observations></Observations>
		<Origine>Don Faucher-Berhelé entré le 10/11/1978.</Origine>
		<Droits_Repro>Domaine public</Droits_Repro>
		<subject>SINISTRE;BIEN SINISTRE;GUERRE 1914-1918;</subject>
		<geoname>AISNE (département);SANCY-LES-CHEMINOTS (village);</geoname>
		<persname></persname>
		<corpname></corpname>
	</DocsFigures>
<DocsFigures>
		<Titre>Nanteuil. Canon de 240 en camouflé</Titre>
		<Analyse>Vue d&apos;un canon de 240 camouflé à Nanteuil-la-Fosse (Aisne).
1918. 
Guerre 1914-1918.</Analyse>
		<Realise_en>1918</Realise_en>
		<Liste_des_auteurs>BERTHELÉ, Raoul</Liste_des_auteurs>
		<Type_Doc>NEGATIF N&amp;B</Type_Doc>
		<Support>VERRE</Support>
		<Technique>Photographie stéréo</Technique>
		<Format>5,5 x 12,5 cm</Format>
		<Cote>49Fi1095</Cote>
		<Observations></Observations>
		<Origine>Don Faucher-Berhelé entré le 10/11/1978.</Origine>
		<Droits_Repro>Domaine public</Droits_Repro>
		<subject>GUERRE 1914-1918;</subject>
		<geoname>AISNE (département);NANTEUIL-LA-FOSSE (village);</geoname>
		<persname></persname>
		<corpname></corpname>
	</DocsFigures>
<DocsFigures>
		<Titre>Château de Gèvre. Interrogatoir des prisonniers</Titre>
		<Analyse>Interrogatoire de prisonniers allemands au château de Gèvres à Crouy-sur-Ourcq (Seine-et-Marne).
Entre 1914 et 1918. 
Guerre 1914-1918.</Analyse>
		<Realise_en></Realise_en>
		<Liste_des_auteurs>BERTHELÉ, Raoul</Liste_des_auteurs>
		<Type_Doc>NEGATIF N&amp;B</Type_Doc>
		<Support>VERRE</Support>
		<Technique>Photographie stéréo</Technique>
		<Format>5,5 x 12,5 cm</Format>
		<Cote>49Fi1096</Cote>
		<Observations></Observations>
		<Origine>Don Faucher-Berhelé entré le 10/11/1978.</Origine>
		<Droits_Repro>Domaine public</Droits_Repro>
		<subject>MILITAIRE;PRISONNIER DE GUERRE;GUERRE 1914-1918;</subject>
		<geoname>SEINE-ET-MARNE (département);CROUY-SUR-OURCQ (village);</geoname>
		<persname></persname>
		<corpname></corpname>
	</DocsFigures>
<DocsFigures>
		<Titre>Meaux. Soldats américains</Titre>
		<Analyse>Soldats américains sur le bord d&apos;une route près de Meaux (Seine-et-Marne).
1918. 
Guerre 1914-1918.</Analyse>
		<Realise_en>1918</Realise_en>
		<Liste_des_auteurs>BERTHELÉ, Raoul</Liste_des_auteurs>
		<Type_Doc>NEGATIF N&amp;B</Type_Doc>
		<Support>VERRE</Support>
		<Technique>Photographie stéréo</Technique>
		<Format>5,5 x 12,5 cm</Format>
		<Cote>49Fi1097</Cote>
		<Observations></Observations>
		<Origine>Don Faucher-Berhelé entré le 10/11/1978.</Origine>
		<Droits_Repro>Domaine public</Droits_Repro>
		<subject>MILITAIRE;GUERRE 1914-1918;</subject>
		<geoname>MEAUX (ville);SEINE-ET-MARNE (département);MARNE (département);</geoname>
		<persname></persname>
		<corpname></corpname>
	</DocsFigures>
<DocsFigures>
		<Titre>Charupien. Biplan Bréguet. 8/03/18</Titre>
		<Analyse>Vue d&apos;ensemble d&apos;un avion biplan Bréguet à Champien (Somme).
8 mars 1918. 
Guerre 1914-1918.</Analyse>
		<Realise_en>1918</Realise_en>
		<Liste_des_auteurs>BERTHELÉ, Raoul</Liste_des_auteurs>
		<Type_Doc>NEGATIF N&amp;B</Type_Doc>
		<Support>VERRE</Support>
		<Technique>Photographie</Technique>
		<Format>5,5 x 12,5 cm</Format>
		<Cote>49Fi1098</Cote>
		<Observations></Observations>
		<Origine>Don Faucher-Berhelé entré le 10/11/1978.</Origine>
		<Droits_Repro>Domaine public</Droits_Repro>
		<subject>GUERRE 1914-1918;</subject>
		<geoname>CHAMPIEN (village);SOMME (département);</geoname>
		<persname></persname>
		<corpname></corpname>
	</DocsFigures>
<DocsFigures>
		<Titre>Berzy. 09/03/18. RB en voiture Delage</Titre>
		<Analyse>Vue panoramique de Raoul Berthelé en voiture Delage à Berzy-le-Sec (Aisne).
9 mars 1918. 
Guerre 1914-1918.</Analyse>
		<Realise_en>1918</Realise_en>
		<Liste_des_auteurs>BERTHELÉ, Raoul</Liste_des_auteurs>
		<Type_Doc>NEGATIF N&amp;B</Type_Doc>
		<Support>VERRE</Support>
		<Technique>Photographie stéréo</Technique>
		<Format>5,5 x 12,5 cm</Format>
		<Cote>49Fi1099</Cote>
		<Observations>Même cliché que les 49Fi1756 et 49Fi1795.</Observations>
		<Origine>Don Faucher-Berhelé entré le 10/11/1978.</Origine>
		<Droits_Repro>Domaine public</Droits_Repro>
		<subject>GUERRE 1914-1918;</subject>
		<geoname>AISNE (département);BERZY-LE-SEC (village);</geoname>
		<persname>BERTHELE, Raoul;</persname>
		<corpname></corpname>
	</DocsFigures>
<DocsFigures>
		<Titre>Berzy le Sec. Rue qui allait à la station météo</Titre>
		<Analyse>Vue de maisons en ruines le long de la rue conduisant à la station météorologique de Berzy-le-Sec (Aisne) 
1918.
Guerre 1914-1918.</Analyse>
		<Realise_en>1918</Realise_en>
		<Liste_des_auteurs>BERTHELÉ, Raoul</Liste_des_auteurs>
		<Type_Doc>NEGATIF N&amp;B</Type_Doc>
		<Support>VERRE</Support>
		<Technique>Photographie stéréo</Technique>
		<Format>5,7 x 12,7 cm</Format>
		<Cote>49Fi1100</Cote>
		<Observations></Observations>
		<Origine>Don Faucher-Berhelé entré le 10/11/1978.</Origine>
		<Droits_Repro>Domaine public</Droits_Repro>
		<subject>BIEN SINISTRE;GUERRE 1914-1918;</subject>
		<geoname>BERZY-LE-SEC (village);AISNE (département);</geoname>
		<persname></persname>
		<corpname></corpname>
	</DocsFigures>
<DocsFigures>
		<Titre>Berzy le Sec. ruines de la maison de Mr Leveau.</Titre>
		<Analyse>Suite à des bombardements à Berzy-le-Sec (Aisne), la maison de Mr Leveau  n&apos;est plus qu&apos;un amas de ruines
1918
Guerre 1914-1918.</Analyse>
		<Realise_en>1918</Realise_en>
		<Liste_des_auteurs>BERTHELÉ, Raoul</Liste_des_auteurs>
		<Type_Doc>NEGATIF N&amp;B</Type_Doc>
		<Support>VERRE</Support>
		<Technique>Photographie stéréo</Technique>
		<Format>5,7 x 12,7 cm</Format>
		<Cote>49Fi1101</Cote>
		<Observations></Observations>
		<Origine>Don Faucher-Berhelé entré le 10/11/1978.</Origine>
		<Droits_Repro>Domaine public</Droits_Repro>
		<subject>SINISTRE;BIEN SINISTRE;GUERRE 1914-1918;</subject>
		<geoname>BERZY-LE-SEC (village);AISNE (département);</geoname>
		<persname></persname>
		<corpname></corpname>
	</DocsFigures>
<DocsFigures>
		<Titre>Berzy le Sec. ruines de l&apos;église.</Titre>
		<Analyse>Suite à des bombardements à Berzy-le-Sec (Aisne) , l&apos;église n&apos;est plus qu&apos;un amas de ruines et le clocher décapité.
1918
Guerre 1914-1918.</Analyse>
		<Realise_en>1918</Realise_en>
		<Liste_des_auteurs>BERTHELÉ, Raoul</Liste_des_auteurs>
		<Type_Doc>NEGATIF N&amp;B</Type_Doc>
		<Support>VERRE</Support>
		<Technique>Photographie stéréo</Technique>
		<Format>5,7 x 12,7 cm</Format>
		<Cote>49Fi1102</Cote>
		<Observations></Observations>
		<Origine>Don Faucher-Berhelé entré le 10/11/1978.</Origine>
		<Droits_Repro>Domaine public</Droits_Repro>
		<subject>EDIFICE CULTUEL;BIEN SINISTRE;SINISTRE;GUERRE 1914-1918;</subject>
		<geoname>BERZY-LE-SEC (village);AISNE (département);</geoname>
		<persname></persname>
		<corpname></corpname>
	</DocsFigures>
<DocsFigures>
		<Titre>Berzy le Sec. ruines de la station météo.</Titre>
		<Analyse>Vue panoramique de la station météorologique de Berzy-le-Sec (Aisne) en ruine suite à des bombardements.
1918
Guerre 1914-1918.</Analyse>
		<Realise_en>1918</Realise_en>
		<Liste_des_auteurs>BERTHELÉ, Raoul</Liste_des_auteurs>
		<Type_Doc>NEGATIF N&amp;B</Type_Doc>
		<Support>VERRE</Support>
		<Technique>Photographie N&amp;B</Technique>
		<Format>5,7 x 12,7 cm</Format>
		<Cote>49Fi1103</Cote>
		<Observations></Observations>
		<Origine>Don Faucher-Berhelé entré le 10/11/1978.</Origine>
		<Droits_Repro>Domaine public</Droits_Repro>
		<subject>SINISTRE;BIEN SINISTRE;METEOROLOGIE;GUERRE 1914-1918;</subject>
		<geoname>BERZY-LE-SEC (village);AISNE (département);</geoname>
		<persname></persname>
		<corpname></corpname>
	</DocsFigures>
<DocsFigures>
		<Titre>Berzy le Sec. ruines de la maison de Mme Saigny.</Titre>
		<Analyse>La maison en ruine de Mme Savigny à Berzy-le-Sec (Aisne) suite à des bombardements.
1918
Guerre 1914-1918.</Analyse>
		<Realise_en>1918</Realise_en>
		<Liste_des_auteurs>BERTHELÉ, Raoul</Liste_des_auteurs>
		<Type_Doc>NEGATIF N&amp;B</Type_Doc>
		<Support>VERRE</Support>
		<Technique>Photographie stéréo</Technique>
		<Format>5,7 x 12,7 cm</Format>
		<Cote>49Fi1104</Cote>
		<Observations></Observations>
		<Origine>Don Faucher-Berhelé entré le 10/11/1978.</Origine>
		<Droits_Repro>Domaine public</Droits_Repro>
		<subject>SINISTRE;BIEN SINISTRE;GUERRE 1914-1918;</subject>
		<geoname>BERZY-LE-SEC (village);AISNE (département);</geoname>
		<persname></persname>
		<corpname></corpname>
	</DocsFigures>
<DocsFigures>
		<Titre>Berzy le Sec. ruines de la station météorologique.</Titre>
		<Analyse>Ruines de la station météorologique de Berzy-le-Sec (Aisne) suite à des bombardements.
1918
Guerre 1914-1918.</Analyse>
		<Realise_en>1918</Realise_en>
		<Liste_des_auteurs>BERTHELÉ, Raoul</Liste_des_auteurs>
		<Type_Doc>NEGATIF N&amp;B</Type_Doc>
		<Support>VERRE</Support>
		<Technique>Photographie stéréo</Technique>
		<Format>5,7 x 12,7 cm</Format>
		<Cote>49Fi1105</Cote>
		<Observations></Observations>
		<Origine>Don Faucher-Berhelé entré le 10/11/1978.</Origine>
		<Droits_Repro>Domaine public</Droits_Repro>
		<subject>SINISTRE;BIEN SINISTRE;METEOROLOGIE;GUERRE 1914-1918;</subject>
		<geoname>BERZY-LE-SEC (village);AISNE (département);</geoname>
		<persname></persname>
		<corpname></corpname>
	</DocsFigures>
<DocsFigures>
		<Titre>Une rue de Fismettes le 18/9/18.</Titre>
		<Analyse>Vue d&apos;un soldat posant au milieu des gravats d&apos;une rue de Fismettes (Marne) complètement ravagée par les bombardements.
18 septembre 1918
Guerre 1914-1918.</Analyse>
		<Realise_en>1918</Realise_en>
		<Liste_des_auteurs>BERTHELÉ, Raoul</Liste_des_auteurs>
		<Type_Doc>NEGATIF N&amp;B</Type_Doc>
		<Support>VERRE</Support>
		<Technique>Photographie stéréo</Technique>
		<Format>5,7 x 12,7 cm</Format>
		<Cote>49Fi1106</Cote>
		<Observations></Observations>
		<Origine>Don Faucher-Berhelé entré le 10/11/1978.</Origine>
		<Droits_Repro>Domaine public</Droits_Repro>
		<subject>MILITAIRE;VOIE COMMUNALE;BIEN SINISTRE;GUERRE 1914-1918;</subject>
		<geoname>MARNE (département);FISMETTES (hameau);FISMES (ville);</geoname>
		<persname></persname>
		<corpname></corpname>
	</DocsFigures>
<DocsFigures>
		<Titre>Fismes passage à niveau de la route allant à Fismettes. 18/9/18</Titre>
		<Analyse>A Fismes (Marne), le passage à niveau de la route allant à Fismettes est complètement ravagé par les bombardements.
18 septembre 1918.
Guerre 1914-1918.
En arrière plan le village.</Analyse>
		<Realise_en>1918</Realise_en>
		<Liste_des_auteurs>BERTHELÉ, Raoul</Liste_des_auteurs>
		<Type_Doc>NEGATIF N&amp;B</Type_Doc>
		<Support>VERRE</Support>
		<Technique>Photographie stéréo</Technique>
		<Format>5,7 x 12,7 cm</Format>
		<Cote>49Fi1107</Cote>
		<Observations></Observations>
		<Origine>Don Faucher-Berhelé entré le 10/11/1978.</Origine>
		<Droits_Repro>Domaine public</Droits_Repro>
		<subject>GUERRE 1914-1918;</subject>
		<geoname>FISMES (ville);MARNE (département);</geoname>
		<persname></persname>
		<corpname></corpname>
	</DocsFigures>
<DocsFigures>
		<Titre>Fismes. la maison de tante Orphise.18/9/18</Titre>
		<Analyse>La maison de tante Orphise détruite par des bombardements à Fismes (Marne).
18 septembre 1918.
Guerre 1914-1918.</Analyse>
		<Realise_en>1918</Realise_en>
		<Liste_des_auteurs>BERTHELÉ, Raoul</Liste_des_auteurs>
		<Type_Doc>NEGATIF N&amp;B</Type_Doc>
		<Support>VERRE</Support>
		<Technique>Photographie stéréo</Technique>
		<Format>5,7 x 12,7 cm</Format>
		<Cote>49Fi1108</Cote>
		<Observations></Observations>
		<Origine>Don Faucher-Berhelé entré le 10/11/1978.</Origine>
		<Droits_Repro>Domaine public</Droits_Repro>
		<subject>GUERRE 1914-1918;</subject>
		<geoname>FISMES (ville);MARNE (département);</geoname>
		<persname></persname>
		<corpname></corpname>
	</DocsFigures>
<DocsFigures>
		<Titre>Soissons. Intérieur de la ville le 12/9/18</Titre>
		<Analyse>Une rue de Soissons (Aisne) partiellement détruite par des bombardements.
12 septembre 1918.
Guerre 1914-1918.</Analyse>
		<Realise_en>1918</Realise_en>
		<Liste_des_auteurs>BERTHELÉ, Raoul</Liste_des_auteurs>
		<Type_Doc>NEGATIF N&amp;B</Type_Doc>
		<Support>VERRE</Support>
		<Technique>Photographie stéréo</Technique>
		<Format>5,7 x 12,7 cm</Format>
		<Cote>49Fi1109</Cote>
		<Observations></Observations>
		<Origine>Don Faucher-Berhelé entré le 10/11/1978.</Origine>
		<Droits_Repro>Domaine public</Droits_Repro>
		<subject>GUERRE 1914-1918;</subject>
		<geoname>SOISSONS (ville);AISNE (département);</geoname>
		<persname></persname>
		<corpname></corpname>
	</DocsFigures>
<DocsFigures>
		<Titre>Cramaille. carcasse d&apos;un aéro Voisin écrasé R.B.</Titre>
		<Analyse>Vue panoramique où Raoul Berthelé pose devant la carcasse métallique d&apos;un biplan Voisin qui s&apos;est écrasé à Cramaille dans l&apos;Aisne.
1918
Guerre 1914-1918.</Analyse>
		<Realise_en>1918</Realise_en>
		<Liste_des_auteurs>BERTHELÉ, Raoul</Liste_des_auteurs>
		<Type_Doc>NEGATIF N&amp;B</Type_Doc>
		<Support>VERRE</Support>
		<Technique>Photographie N&amp;B</Technique>
		<Format>5,7 x 12,7 cm</Format>
		<Cote>49Fi1110</Cote>
		<Observations></Observations>
		<Origine>Don Faucher-Berhelé entré le 10/11/1978.</Origine>
		<Droits_Repro>Domaine public</Droits_Repro>
		<subject>GUERRE 1914-1918;</subject>
		<geoname>AISNE (département);</geoname>
		<persname>BERTHELE, Raoul;</persname>
		<corpname></corpname>
	</DocsFigures>
<DocsFigures>
		<Titre>Berzy le Sec ruines de l&apos;église</Titre>
		<Analyse>Vue panoramique des ruines de l&apos;église de Berzy-le-Sec (Aisne). 
1918
Guerre 1914-1918.</Analyse>
		<Realise_en>1918</Realise_en>
		<Liste_des_auteurs>BERTHELÉ, Raoul</Liste_des_auteurs>
		<Type_Doc>NEGATIF N&amp;B</Type_Doc>
		<Support>VERRE</Support>
		<Technique>Photographie N&amp;B</Technique>
		<Format>5,7 x 12,7 cm</Format>
		<Cote>49Fi1111</Cote>
		<Observations></Observations>
		<Origine>Don Faucher-Berhelé entré le 10/11/1978.</Origine>
		<Droits_Repro>Domaine public</Droits_Repro>
		<subject>EDIFICE CULTUEL;BIEN SINISTRE;SINISTRE;GUERRE 1914-1918;</subject>
		<geoname>BERZY-LE-SEC (village);AISNE (département);</geoname>
		<persname></persname>
		<corpname></corpname>
	</DocsFigures>
<DocsFigures>
		<Titre>Berzy le Sec. maison de Mme Bertin. mon ancienne chambre.</Titre>
		<Analyse>Mon ancienne chambre dans la maison de Mme Bertin éventrée par un obus à Berzy-le-Sec (Aisne). 
1918
Guerre 1914-1918.</Analyse>
		<Realise_en>1918</Realise_en>
		<Liste_des_auteurs>BERTHELÉ, Raoul</Liste_des_auteurs>
		<Type_Doc>NEGATIF N&amp;B</Type_Doc>
		<Support>VERRE</Support>
		<Technique>Photographie stéréo</Technique>
		<Format>5,7 x 12,7 cm</Format>
		<Cote>49Fi1112</Cote>
		<Observations></Observations>
		<Origine>Don Faucher-Berhelé entré le 10/11/1978.</Origine>
		<Droits_Repro>Domaine public</Droits_Repro>
		<subject>GUERRE 1914-1918;</subject>
		<geoname>BERZY-LE-SEC (village);AISNE (département);</geoname>
		<persname></persname>
		<corpname></corpname>
	</DocsFigures>
<DocsFigures>
		<Titre>Berzy le Sec. maison Gernez. mon ancien bureau.</Titre>
		<Analyse>Mon ancien bureau dans la maison Gernez éventrée par les bombardements à Berzy-le-Sec (Aisne). 
1918
Guerre 1914-1918.</Analyse>
		<Realise_en>1918</Realise_en>
		<Liste_des_auteurs>BERTHELÉ, Raoul</Liste_des_auteurs>
		<Type_Doc>NEGATIF N&amp;B</Type_Doc>
		<Support>VERRE</Support>
		<Technique>Photographie stéréo</Technique>
		<Format>5,7 x 12,7 cm</Format>
		<Cote>49Fi1113</Cote>
		<Observations></Observations>
		<Origine>Don Faucher-Berhelé entré le 10/11/1978.</Origine>
		<Droits_Repro>Domaine public</Droits_Repro>
		<subject>GUERRE 1914-1918;</subject>
		<geoname>BERZY-LE-SEC (village);AISNE (département);</geoname>
		<persname></persname>
		<corpname></corpname>
	</DocsFigures>
<DocsFigures>
		<Titre>Vailly. Pièce et obus de 270</Titre>
		<Analyse>Vue d&apos;un canon de 270 et ses obus sous un filet de camouflage à Vailly-sur-Aisne (Aisne).
1918.
Guerre 1914-1918.</Analyse>
		<Realise_en>1918</Realise_en>
		<Liste_des_auteurs>BERTHELÉ, Raoul</Liste_des_auteurs>
		<Type_Doc>NEGATIF N&amp;B</Type_Doc>
		<Support>VERRE</Support>
		<Technique>Photographie stéréo</Technique>
		<Format>5,7 x 12,7 cm</Format>
		<Cote>49Fi1114</Cote>
		<Observations>Même cliché que le 49Fi1879/11</Observations>
		<Origine>Don Faucher-Berhelé entré le 10/11/1978.</Origine>
		<Droits_Repro>Domaine public</Droits_Repro>
		<subject>GUERRE 1914-1918;</subject>
		<geoname>VAILLY-SUR-AISNE (ville);AISNE (département);</geoname>
		<persname></persname>
		<corpname></corpname>
	</DocsFigures>
<DocsFigures>
		<Titre>Longpont. Ruines de l&apos;abbaye</Titre>
		<Analyse>Vue extérieure de l&apos;abbaye de Longpont (Aisne) en ruines.
1917.
Guerre 1914-1918.</Analyse>
		<Realise_en>1917</Realise_en>
		<Liste_des_auteurs>BERTHELÉ, Raoul</Liste_des_auteurs>
		<Type_Doc>NEGATIF N&amp;B</Type_Doc>
		<Support>VERRE</Support>
		<Technique>Photographie stéréo</Technique>
		<Format>5,7 x 12,7 cm</Format>
		<Cote>49Fi1115</Cote>
		<Observations>Même cliché que le 49Fi1878/84</Observations>
		<Origine>Don Faucher-Berhelé entré le 10/11/1978.</Origine>
		<Droits_Repro>Domaine public</Droits_Repro>
		<subject>SINISTRE;BIEN SINISTRE;GUERRE 1914-1918;</subject>
		<geoname>AISNE (département);LONGPONT (village);</geoname>
		<persname></persname>
		<corpname></corpname>
	</DocsFigures>
<DocsFigures>
		<Titre>Longpont. Ruines de l&apos;abbaye</Titre>
		<Analyse>Vue intérieure de l&apos;abbaye de Longpont (Aisne) en ruines.
1917.
Guerre 1914-1918.</Analyse>
		<Realise_en>1917</Realise_en>
		<Liste_des_auteurs>BERTHELÉ, Raoul</Liste_des_auteurs>
		<Type_Doc>NEGATIF N&amp;B</Type_Doc>
		<Support>VERRE</Support>
		<Technique>Photographie stéréo</Technique>
		<Format>5,7 x 12,7 cm</Format>
		<Cote>49Fi1116</Cote>
		<Observations>Même cliché que le 49Fi1878/85</Observations>
		<Origine>Don Faucher-Berhelé entré le 10/11/1978.</Origine>
		<Droits_Repro>Domaine public</Droits_Repro>
		<subject>SINISTRE;BIEN SINISTRE;GUERRE 1914-1918;</subject>
		<geoname>AISNE (département);LONGPONT (village);</geoname>
		<persname></persname>
		<corpname></corpname>
	</DocsFigures>
<DocsFigures>
		<Titre>Longpont. Ruines de l&apos;abbaye</Titre>
		<Analyse>Vue de la vieille porte fortifiée de Longpont (Aisne).
1917.
Guerre 1914-1918.
En premier du linge qui séche sur un fil.</Analyse>
		<Realise_en>1917</Realise_en>
		<Liste_des_auteurs>BERTHELÉ, Raoul</Liste_des_auteurs>
		<Type_Doc>NEGATIF N&amp;B</Type_Doc>
		<Support>VERRE</Support>
		<Technique>Photographie stéréo</Technique>
		<Format>5,7 x 12,7 cm</Format>
		<Cote>49Fi1117</Cote>
		<Observations>Même cliché que le 49Fi1878/86</Observations>
		<Origine>Don Faucher-Berhelé entré le 10/11/1978.</Origine>
		<Droits_Repro>Domaine public</Droits_Repro>
		<subject>SINISTRE;BIEN SINISTRE;GUERRE 1914-1918;</subject>
		<geoname>AISNE (département);LONGPONT (village);</geoname>
		<persname></persname>
		<corpname></corpname>
	</DocsFigures>
<DocsFigures>
		<Titre>Juvigny. Poste de sondage. Lieutenant Idrac</Titre>
		<Analyse>Vue du lieutenant Idrac devant le poste de sondage météorologique de Juvigny (Aisne).
1917.
Guerre 1914-1918.</Analyse>
		<Realise_en>1917</Realise_en>
		<Liste_des_auteurs>BERTHELÉ, Raoul</Liste_des_auteurs>
		<Type_Doc>NEGATIF N&amp;B</Type_Doc>
		<Support>VERRE</Support>
		<Technique>Photographie stéréo</Technique>
		<Format>5,7 x 12,7 cm</Format>
		<Cote>49Fi1118</Cote>
		<Observations>Même cliché que le 49Fi1879/7</Observations>
		<Origine>Don Faucher-Berhelé entré le 10/11/1978.</Origine>
		<Droits_Repro>Domaine public</Droits_Repro>
		<subject>OFFICIER MILITAIRE;METEOROLOGIE;GUERRE 1914-1918;</subject>
		<geoname>JUVIGNY (village);AISNE (département);</geoname>
		<persname></persname>
		<corpname></corpname>
	</DocsFigures>
<DocsFigures>
		<Titre>Leury. Souterrain (creute)</Titre>
		<Analyse>Vue de soldats dans la carrière souterraine de Leury (Aisne).
1917.
Guerre 1914-1918.</Analyse>
		<Realise_en>1917</Realise_en>
		<Liste_des_auteurs>BERTHELÉ, Raoul</Liste_des_auteurs>
		<Type_Doc>NEGATIF N&amp;B</Type_Doc>
		<Support>VERRE</Support>
		<Technique>Photographie stéréo</Technique>
		<Format>5,7 x 12,7 cm</Format>
		<Cote>49Fi1119</Cote>
		<Observations>Même cliché que le 49Fi1878/87</Observations>
		<Origine>Don Faucher-Berhelé entré le 10/11/1978.</Origine>
		<Droits_Repro>Domaine public</Droits_Repro>
		<subject>MILITAIRE;GUERRE 1914-1918;</subject>
		<geoname>AISNE (département);LEURY (village);</geoname>
		<persname></persname>
		<corpname></corpname>
	</DocsFigures>
<DocsFigures>
		<Titre>Condé. Fortin. Poste de sondage</Titre>
		<Analyse>Le poste de sondage météorologique du fort de Condé à Condé-sur-Aisne (Aisne). 
Entre juin 1917 et décembre 1918.
Guerre 1914-1918.
Deux hommes posent devant un fortin.</Analyse>
		<Realise_en></Realise_en>
		<Liste_des_auteurs>BERTHELÉ, Raoul</Liste_des_auteurs>
		<Type_Doc>NEGATIF N&amp;B</Type_Doc>
		<Support>VERRE</Support>
		<Technique>Photographie stéréo</Technique>
		<Format>5,7 x 12,7 cm</Format>
		<Cote>49Fi1120</Cote>
		<Observations>Même cliché que le 49Fi1879/8</Observations>
		<Origine>Don Faucher-Berhelé entré le 10/11/1978.</Origine>
		<Droits_Repro>Domaine public</Droits_Repro>
		<subject>*HOMME;METEOROLOGIE;GUERRE 1914-1918;</subject>
		<geoname>AISNE (département);CONDE-SUR-AISNE (village);</geoname>
		<persname></persname>
		<corpname></corpname>
	</DocsFigures>
<DocsFigures>
		<Titre>Poste se sondage de Brenelle. 15/06/1917</Titre>
		<Analyse>Le poste de sondage de Brenelle (Aisne).
15 juin 1917.
Guerre 1914-1918.
Quatre soldats discutent devant un abri souterrain.</Analyse>
		<Realise_en>1917</Realise_en>
		<Liste_des_auteurs>BERTHELÉ, Raoul</Liste_des_auteurs>
		<Type_Doc>NEGATIF N&amp;B</Type_Doc>
		<Support>VERRE</Support>
		<Technique>Photographie stéréo</Technique>
		<Format>5,7 x 12,7 cm</Format>
		<Cote>49Fi1121</Cote>
		<Observations>Même cliché que le 49Fi1879/9</Observations>
		<Origine>Don Faucher-Berhelé entré le 10/11/1978.</Origine>
		<Droits_Repro>Domaine public</Droits_Repro>
		<subject>MILITAIRE;ABRI;GUERRE 1914-1918;</subject>
		<geoname>BRENELLE (village);AISNE (département);</geoname>
		<persname></persname>
		<corpname></corpname>
	</DocsFigures>
<DocsFigures>
		<Titre>Brenelle poste de défense contre avions. 75</Titre>
		<Analyse>Un poste de défense contre l&apos;aviation équipé de canon de 75 à Brenelle (Aisne).
Entre 1914 - 1918
Guerre 1914-1918.</Analyse>
		<Realise_en>1917</Realise_en>
		<Liste_des_auteurs>BERTHELÉ, Raoul</Liste_des_auteurs>
		<Type_Doc>NEGATIF N&amp;B</Type_Doc>
		<Support>VERRE</Support>
		<Technique>Photographie stéréo</Technique>
		<Format>5,7 x 12,7 cm</Format>
		<Cote>49Fi1122</Cote>
		<Observations></Observations>
		<Origine>Don Faucher-Berhelé entré le 10/11/1978.</Origine>
		<Droits_Repro>Domaine public</Droits_Repro>
		<subject>GUERRE 1914-1918;</subject>
		<geoname>BRENELLE (village);AISNE (département);</geoname>
		<persname></persname>
		<corpname></corpname>
	</DocsFigures>
<DocsFigures>
		<Titre>Ferme de Beaurepaire. Aéros démolis</Titre>
		<Analyse>Vue de détail d&apos;un avion démoli à proximité de la ferme de Beaurepaire près de Chaudun (Aisne).
1917.
Guerre 1914-1918.</Analyse>
		<Realise_en>1917</Realise_en>
		<Liste_des_auteurs>BERTHELÉ, Raoul</Liste_des_auteurs>
		<Type_Doc>NEGATIF N&amp;B</Type_Doc>
		<Support>VERRE</Support>
		<Technique>Photographie stéréo</Technique>
		<Format>5,7 x 12,7 cm</Format>
		<Cote>49Fi1123/1</Cote>
		<Observations>Sur la même plaque que le 49Fi1123/2.
Même cliché que le 49Fi1878/88.</Observations>
		<Origine>Don Faucher-Berhelé entré le 10/11/1978.</Origine>
		<Droits_Repro>Domaine public</Droits_Repro>
		<subject>GUERRE 1914-1918;</subject>
		<geoname></geoname>
		<persname></persname>
		<corpname></corpname>
	</DocsFigures>
<DocsFigures>
		<Titre>Ferme de Beaurepaire. Aéros démolis</Titre>
		<Analyse>Vue générale d&apos;avions démolis à proximité de la ferme de Beaurepaire près de Chaudun (Aisne).
1917.
Guerre 1914-1918.
Un militaire examine l&apos;hélice de l&apos;un des avions.</Analyse>
		<Realise_en>1917</Realise_en>
		<Liste_des_auteurs>BERTHELÉ, Raoul</Liste_des_auteurs>
		<Type_Doc>NEGATIF N&amp;B</Type_Doc>
		<Support>VERRE</Support>
		<Technique>Photographie stéréo</Technique>
		<Format>5,7 x 12,7 cm</Format>
		<Cote>49Fi1123/2</Cote>
		<Observations>Sur la même plaque que le 49Fi1123/1.
Même cliché que le 49Fi1878/89.</Observations>
		<Origine>Don Faucher-Berhelé entré le 10/11/1978.</Origine>
		<Droits_Repro>Domaine public</Droits_Repro>
		<subject>GUERRE 1914-1918;</subject>
		<geoname></geoname>
		<persname></persname>
		<corpname></corpname>
	</DocsFigures>
<DocsFigures>
		<Titre>Près de Braye tombe d&apos;un français enterré par les Allemands</Titre>
		<Analyse>La tombe d&apos;un soldat français enterré par les allemands près de Braye (Aisne).
Entre 1914 et 1918
Guerre 1914-1918.</Analyse>
		<Realise_en>1917</Realise_en>
		<Liste_des_auteurs>BERTHELÉ, Raoul</Liste_des_auteurs>
		<Type_Doc>NEGATIF N&amp;B</Type_Doc>
		<Support>VERRE</Support>
		<Technique>Photographie stéréo</Technique>
		<Format>5,7 x 12,7 cm</Format>
		<Cote>49Fi1124</Cote>
		<Observations></Observations>
		<Origine>Don Faucher-Berhelé entré le 10/11/1978.</Origine>
		<Droits_Repro>Domaine public</Droits_Repro>
		<subject>MILITAIRE;GUERRE 1914-1918;</subject>
		<geoname>AISNE (département);BRAYE (village);</geoname>
		<persname></persname>
		<corpname></corpname>
	</DocsFigures>
<DocsFigures>
		<Titre>Berzy. Treuil de la carrière</Titre>
		<Analyse>Quatre soldats s&apos;activent autour du treuil de la carrière de Berzy-le-Sec (Aisne).
Entre 1917 et 1918
Guerre 1914-1918.</Analyse>
		<Realise_en></Realise_en>
		<Liste_des_auteurs>BERTHELÉ, Raoul</Liste_des_auteurs>
		<Type_Doc>NEGATIF N&amp;B</Type_Doc>
		<Support>VERRE</Support>
		<Technique>Photographie stéréo</Technique>
		<Format>5,7 x 12,7 cm</Format>
		<Cote>49Fi1125</Cote>
		<Observations>Même cliché que le 49Fi1879/10</Observations>
		<Origine>Don Faucher-Berhelé entré le 10/11/1978.</Origine>
		<Droits_Repro>Domaine public</Droits_Repro>
		<subject>MILITAIRE;GUERRE 1914-1918;</subject>
		<geoname>BERZY-LE-SEC (village);AISNE (département);</geoname>
		<persname></persname>
		<corpname></corpname>
	</DocsFigures>
<DocsFigures>
		<Titre>Juvigny. 39e gr auto-canon 75. Adjt Desmontis</Titre>
		<Analyse>Vue d&apos;une auto-canon de 75 du 39e groupe en position de tir sous les ordres de l&apos;adjudant Desmontis à Juvigny (Aisne).
1917.
Guerre 1914-1918.</Analyse>
		<Realise_en>1917</Realise_en>
		<Liste_des_auteurs>BERTHELÉ, Raoul</Liste_des_auteurs>
		<Type_Doc>NEGATIF N&amp;B</Type_Doc>
		<Support>VERRE</Support>
		<Technique>Photographie stéréo</Technique>
		<Format>5,7 x 12,7 cm</Format>
		<Cote>49Fi1126</Cote>
		<Observations>Même cliché que le 49Fi1879/20</Observations>
		<Origine>Don Faucher-Berhelé entré le 10/11/1978.</Origine>
		<Droits_Repro>Domaine public</Droits_Repro>
		<subject>GUERRE 1914-1918;</subject>
		<geoname>JUVIGNY (village);AISNE (département);</geoname>
		<persname></persname>
		<corpname></corpname>
	</DocsFigures>
<DocsFigures>
		<Titre>La Raperie. Pièce de 138. G (marine)</Titre>
		<Analyse>Vue d&apos;une pièce de marine de 138 G sous un camouflage à la Raperie près de Terny-Sorny (Aisne).
Entre 1914 et 1918
Guerre 1914-1918.</Analyse>
		<Realise_en></Realise_en>
		<Liste_des_auteurs>BERTHELÉ, Raoul</Liste_des_auteurs>
		<Type_Doc>NEGATIF N&amp;B</Type_Doc>
		<Support>VERRE</Support>
		<Technique>Photographie stéréo</Technique>
		<Format>5,7 x 12,7 cm</Format>
		<Cote>49Fi1127</Cote>
		<Observations>Attention la plaque est vibrée.</Observations>
		<Origine>Don Faucher-Berhelé entré le 10/11/1978.</Origine>
		<Droits_Repro>Domaine public</Droits_Repro>
		<subject>GUERRE 1914-1918;</subject>
		<geoname>TERNY-SORNY (village);RAPERIE (LA) (lieu-dit);AISNE (département);</geoname>
		<persname></persname>
		<corpname></corpname>
	</DocsFigures>
<DocsFigures>
		<Titre>Juvigny. Ruines de l&apos;église</Titre>
		<Analyse>Vue des ruines de l&apos;église de Juvigny (Aisne).
1917.
Guerre 1914-1918.</Analyse>
		<Realise_en>1917</Realise_en>
		<Liste_des_auteurs>BERTHELÉ, Raoul</Liste_des_auteurs>
		<Type_Doc>NEGATIF N&amp;B</Type_Doc>
		<Support>VERRE</Support>
		<Technique>Photographie stéréo</Technique>
		<Format>5,7 x 12,7 cm</Format>
		<Cote>49Fi1128</Cote>
		<Observations>Même cliché que le 49Fi1879/19.</Observations>
		<Origine>Don Faucher-Berhelé entré le 10/11/1978.</Origine>
		<Droits_Repro>Domaine public</Droits_Repro>
		<subject>EDIFICE CULTUEL;BIEN SINISTRE;SINISTRE;GUERRE 1914-1918;</subject>
		<geoname>JUVIGNY (village);AISNE (département);</geoname>
		<persname></persname>
		<corpname></corpname>
	</DocsFigures>
<DocsFigures>
		<Titre>Chevreuse. E. Gosse</Titre>
		<Analyse>Emilienne Gosse met son chapeau dans une chambre à Chevreuse (Yvelines). 
Entre 1914 et 1918
Guerre 1914-1918.</Analyse>
		<Realise_en></Realise_en>
		<Liste_des_auteurs>BERTHELÉ, Raoul</Liste_des_auteurs>
		<Type_Doc>NEGATIF N&amp;B</Type_Doc>
		<Support>VERRE</Support>
		<Technique>Photographie stéréo</Technique>
		<Format>5,7 x 12,7 cm</Format>
		<Cote>49Fi1129</Cote>
		<Observations></Observations>
		<Origine>Don Faucher-Berhelé entré le 10/11/1978.</Origine>
		<Droits_Repro>Domaine public</Droits_Repro>
		<subject>GUERRE 1914-1918;</subject>
		<geoname>YVELINES (département);CHEVREUSE (ville);</geoname>
		<persname></persname>
		<corpname></corpname>
	</DocsFigures>
<DocsFigures>
		<Titre>Chevreuse. Ruines du château de la Madeleine</Titre>
		<Analyse>Le château de la Madeleine en ruine à Chevreuse (Yvelines).
Entre 1914 et 1918
Guerre 1914-1918.</Analyse>
		<Realise_en></Realise_en>
		<Liste_des_auteurs>BERTHELÉ, Raoul</Liste_des_auteurs>
		<Type_Doc>NEGATIF N&amp;B</Type_Doc>
		<Support>VERRE</Support>
		<Technique>Photographie stéréo</Technique>
		<Format>5,7 x 12,7 cm</Format>
		<Cote>49Fi1130</Cote>
		<Observations>La plaque n&apos;est pas nette.</Observations>
		<Origine>Don Faucher-Berhelé entré le 10/11/1978.</Origine>
		<Droits_Repro>Domaine public</Droits_Repro>
		<subject>SINISTRE;BIEN SINISTRE;GUERRE 1914-1918;</subject>
		<geoname>YVELINES (département);CHEVREUSE (ville);</geoname>
		<persname></persname>
		<corpname></corpname>
	</DocsFigures>
<DocsFigures>
		<Titre>Chevreuse. Tour du château de la Madeleine. La vallée de Chevreuse</Titre>
		<Analyse>Vue panoramique plongeante de la vallée de Chevreuse avec en premier plan une tour du château de la Madeleine en ruine, à Chevreuse (Yvelines). 
Entre 1914 et 1918
Guerre 1914-1918.</Analyse>
		<Realise_en></Realise_en>
		<Liste_des_auteurs>BERTHELÉ, Raoul</Liste_des_auteurs>
		<Type_Doc>NEGATIF N&amp;B</Type_Doc>
		<Support>VERRE</Support>
		<Technique>Photographie</Technique>
		<Format>5,7 x 12,7 cm</Format>
		<Cote>49Fi1131</Cote>
		<Observations>Même cliché que les 49Fi1183 et 49Fi1769.</Observations>
		<Origine>Don Faucher-Berhelé entré le 10/11/1978.</Origine>
		<Droits_Repro>Domaine public</Droits_Repro>
		<subject>SINISTRE;BIEN SINISTRE;GUERRE 1914-1918;</subject>
		<geoname>YVELINES (département);CHEVREUSE (ville);</geoname>
		<persname></persname>
		<corpname></corpname>
	</DocsFigures>
<DocsFigures>
		<Titre>Chevreuse. Tour du château de la Madeleine. R. B.</Titre>
		<Analyse>Vue panoramique de la vallée de Chevreuse avec en premier plan les ruines du château de la Madeleine et Raoul Berthelé, à Chevreuse (Yvelines). 
Entre 1914 et 1918
Guerre 1914-1918.</Analyse>
		<Realise_en></Realise_en>
		<Liste_des_auteurs>BERTHELÉ, Raoul</Liste_des_auteurs>
		<Type_Doc>NEGATIF N&amp;B</Type_Doc>
		<Support>VERRE</Support>
		<Technique>Photographie</Technique>
		<Format>5,7 x 12,7 cm</Format>
		<Cote>49Fi1132</Cote>
		<Observations>Même cliché que le 49Fi1778.</Observations>
		<Origine>Don Faucher-Berhelé entré le 10/11/1978.</Origine>
		<Droits_Repro>Domaine public</Droits_Repro>
		<subject>SINISTRE;BIEN SINISTRE;GUERRE 1914-1918;</subject>
		<geoname>YVELINES (département);CHEVREUSE (ville);</geoname>
		<persname>BERTHELE, Raoul;</persname>
		<corpname></corpname>
	</DocsFigures>
<DocsFigures>
		<Titre>Chevreuse portail</Titre>
		<Analyse>Une charette et un tonneau devant le portail d&apos;un édifice religieux a Chevreuse (Yvelines).
Entre 1914 et 1918
Guerre 1914-1918.</Analyse>
		<Realise_en></Realise_en>
		<Liste_des_auteurs>BERTHELÉ, Raoul</Liste_des_auteurs>
		<Type_Doc>NEGATIF N&amp;B</Type_Doc>
		<Support>VERRE</Support>
		<Technique>Photographie stéréo</Technique>
		<Format>5,7 x 12,7 cm</Format>
		<Cote>49Fi1133</Cote>
		<Observations></Observations>
		<Origine>Don Faucher-Berhelé entré le 10/11/1978.</Origine>
		<Droits_Repro>Domaine public</Droits_Repro>
		<subject>GUERRE 1914-1918;</subject>
		<geoname>YVELINES (département);CHEVREUSE (ville);</geoname>
		<persname></persname>
		<corpname></corpname>
	</DocsFigures>
<DocsFigures>
		<Titre>Gorges de Cernay</Titre>
		<Analyse>Vue panoramique d&apos;un petit cours d&apos;eau dans un sous bois près de Cernay-la-Ville (Yvelines).
Entre 1914 et 1918
Guerre 1914-1918.</Analyse>
		<Realise_en></Realise_en>
		<Liste_des_auteurs>BERTHELÉ, Raoul</Liste_des_auteurs>
		<Type_Doc>NEGATIF N&amp;B</Type_Doc>
		<Support>VERRE</Support>
		<Technique>Photographie</Technique>
		<Format>5,7 x 12,7 cm</Format>
		<Cote>49Fi1134</Cote>
		<Observations>Plaque identique à la 49Fi1184</Observations>
		<Origine>Don Faucher-Berhelé entré le 10/11/1978.</Origine>
		<Droits_Repro>Domaine public</Droits_Repro>
		<subject>GUERRE 1914-1918;</subject>
		<geoname>CERNAY-LA-VILLE (village);YVELINES (département);</geoname>
		<persname></persname>
		<corpname></corpname>
	</DocsFigures>
<DocsFigures>
		<Titre>Cernay. L&apos;étang</Titre>
		<Analyse>Vue panoramique de l&apos;étang de Cernay-la-Ville (Yvelines).
Entre 1914 et 1918
Guerre 1914-1918.</Analyse>
		<Realise_en></Realise_en>
		<Liste_des_auteurs>BERTHELÉ, Raoul</Liste_des_auteurs>
		<Type_Doc>NEGATIF N&amp;B</Type_Doc>
		<Support>VERRE</Support>
		<Technique>Photographie</Technique>
		<Format>5,7 x 12,7 cm</Format>
		<Cote>49Fi1135</Cote>
		<Observations></Observations>
		<Origine>Don Faucher-Berhelé entré le 10/11/1978.</Origine>
		<Droits_Repro>Domaine public</Droits_Repro>
		<subject>GUERRE 1914-1918;</subject>
		<geoname>CERNAY-LA-VILLE (village);YVELINES (département);</geoname>
		<persname></persname>
		<corpname></corpname>
	</DocsFigures>
<DocsFigures>
		<Titre>Cernay. L&apos;étang. E. Gosse</Titre>
		<Analyse>Vue panoramique de l&apos;étang de Cernay et de ses environs près de Cernay-la-Ville (Yvelines). 
Entre 1914 et 1918
Guerre 1914-1918.
Sur les berges, Emilienne Gosse pose avec deux autre personnes.</Analyse>
		<Realise_en></Realise_en>
		<Liste_des_auteurs>BERTHELÉ, Raoul</Liste_des_auteurs>
		<Type_Doc>NEGATIF N&amp;B</Type_Doc>
		<Support>VERRE</Support>
		<Technique>Photographie</Technique>
		<Format>5,7 x 12,7 cm</Format>
		<Cote>49Fi1136</Cote>
		<Observations></Observations>
		<Origine>Don Faucher-Berhelé entré le 10/11/1978.</Origine>
		<Droits_Repro>Domaine public</Droits_Repro>
		<subject>GUERRE 1914-1918;</subject>
		<geoname>CERNAY-LA-VILLE (village);YVELINES (département);</geoname>
		<persname></persname>
		<corpname></corpname>
	</DocsFigures>
<DocsFigures>
		<Titre>Cernay. L&apos;étang. E. Gosse</Titre>
		<Analyse>Emilienne Gosse pose au milieu des fougères sur les berges de l&apos;étang de Cernay près de Cernay-la-Ville (Yvelines).
Entre 1914 et 1918.
Guerre 1914-1918.</Analyse>
		<Realise_en></Realise_en>
		<Liste_des_auteurs>BERTHELÉ, Raoul</Liste_des_auteurs>
		<Type_Doc>NEGATIF N&amp;B</Type_Doc>
		<Support>VERRE</Support>
		<Technique>Photographie stéréo</Technique>
		<Format>5,7 x 12,7 cm</Format>
		<Cote>49Fi1137</Cote>
		<Observations></Observations>
		<Origine>Don Faucher-Berhelé entré le 10/11/1978.</Origine>
		<Droits_Repro>Domaine public</Droits_Repro>
		<subject>GUERRE 1914-1918;</subject>
		<geoname>CERNAY-LA-VILLE (village);YVELINES (département);</geoname>
		<persname></persname>
		<corpname></corpname>
	</DocsFigures>
<DocsFigures>
		<Titre>Les Vaux de Cernay</Titre>
		<Analyse>Panoramique d&apos;un chaos de rochers au milieu d&apos;une forêt aux Vaux de Cernay près de Cernay-la-Ville (Yvelines). 
Entre 1914 et 1918. 
Guerre 1914-1918.</Analyse>
		<Realise_en></Realise_en>
		<Liste_des_auteurs>BERTHELÉ, Raoul</Liste_des_auteurs>
		<Type_Doc>Positif N&amp;B</Type_Doc>
		<Support>VERRE</Support>
		<Technique>Photographie N&amp;B</Technique>
		<Format>5,7 x 12,7 cm</Format>
		<Cote>49Fi1140</Cote>
		<Observations>Même cliché que les 49Fi1607 et 49Fi1771.</Observations>
		<Origine>Don Faucher-Berhelé entré le 10/11/1978.</Origine>
		<Droits_Repro>Domaine public</Droits_Repro>
		<subject>GUERRE 1914-1918;</subject>
		<geoname>CERNAY-LA-VILLE (village);YVELINES (département);</geoname>
		<persname></persname>
		<corpname></corpname>
	</DocsFigures>
<DocsFigures>
		<Titre>Les Vaux de Cernay</Titre>
		<Analyse>Panoramique de l&apos;Abbaye des Vaux de Cernay près de Cernay-la-Ville (Yvelines).
Entre 1914 et 1918. 
Guerre 1914-1918.</Analyse>
		<Realise_en></Realise_en>
		<Liste_des_auteurs>BERTHELÉ, Raoul</Liste_des_auteurs>
		<Type_Doc>PHOTOGRAPHIE N&amp;B</Type_Doc>
		<Support>VERRE</Support>
		<Technique>Photographie N&amp;B</Technique>
		<Format>5,7 x 12,7 cm</Format>
		<Cote>49Fi1141</Cote>
		<Observations></Observations>
		<Origine>Don Faucher-Berhelé entré le 10/11/1978.</Origine>
		<Droits_Repro>Domaine public</Droits_Repro>
		<subject>GUERRE 1914-1918;</subject>
		<geoname>CERNAY-LA-VILLE (village);YVELINES (département);</geoname>
		<persname></persname>
		<corpname></corpname>
	</DocsFigures>
<DocsFigures>
		<Titre>Les Vaux de Cernay</Titre>
		<Analyse>Vue de l&apos;Abbaye des Vaux de Cernay près de Cernay-la-Ville (Yvelines). 
Entre 1914 et 1918. 
Guerre 1914-1918.</Analyse>
		<Realise_en></Realise_en>
		<Liste_des_auteurs>BERTHELÉ, Raoul</Liste_des_auteurs>
		<Type_Doc>PHOTOGRAPHIE N&amp;B</Type_Doc>
		<Support>VERRE</Support>
		<Technique>Photographie N&amp;B</Technique>
		<Format>5,7 x 12,7 cm</Format>
		<Cote>49Fi1142</Cote>
		<Observations></Observations>
		<Origine>Don Faucher-Berhelé entré le 10/11/1978.</Origine>
		<Droits_Repro>Domaine public</Droits_Repro>
		<subject>GUERRE 1914-1918;</subject>
		<geoname>CERNAY-LA-VILLE (village);YVELINES (département);</geoname>
		<persname></persname>
		<corpname></corpname>
	</DocsFigures>
<DocsFigures>
		<Titre>Cernay. Départ. Voiture de la poste</Titre>
		<Analyse>Le départ de la voiture des postes à Cernay-la-Ville (Yvelines). 
Entre 1914 et 1918. 
Guerre 1914-1918.</Analyse>
		<Realise_en></Realise_en>
		<Liste_des_auteurs>BERTHELÉ, Raoul</Liste_des_auteurs>
		<Type_Doc>PHOTOGRAPHIE N&amp;B</Type_Doc>
		<Support>VERRE</Support>
		<Technique>Photographie stéréo</Technique>
		<Format>5,7 x 12,7 cm</Format>
		<Cote>49Fi1143</Cote>
		<Observations></Observations>
		<Origine>Don Faucher-Berhelé entré le 10/11/1978.</Origine>
		<Droits_Repro>Domaine public</Droits_Repro>
		<subject>GUERRE 1914-1918;</subject>
		<geoname>CERNAY-LA-VILLE (village);YVELINES (département);</geoname>
		<persname></persname>
		<corpname></corpname>
	</DocsFigures>
<DocsFigures>
		<Titre>Gorge de Cernay. E. Gosse</Titre>
		<Analyse>Vue panoramique de  la gorge de Cernay, près de Cernay-la-Ville (Yvelines), où Melle Emilienne Gosse pose assise sur un rocher, les pieds dans l&apos;eau.  
Entre 1914 et 1918. 
Guerre 1914-1918.</Analyse>
		<Realise_en></Realise_en>
		<Liste_des_auteurs>BERTHELÉ, Raoul</Liste_des_auteurs>
		<Type_Doc>PHOTOGRAPHIE N&amp;B</Type_Doc>
		<Support>VERRE</Support>
		<Technique>Photographie N&amp;B</Technique>
		<Format>5,7 x 12,7 cm</Format>
		<Cote>49Fi1144</Cote>
		<Observations></Observations>
		<Origine>Don Faucher-Berhelé entré le 10/11/1978.</Origine>
		<Droits_Repro>Domaine public</Droits_Repro>
		<subject>GUERRE 1914-1918;</subject>
		<geoname>CERNAY-LA-VILLE (village);YVELINES (département);</geoname>
		<persname></persname>
		<corpname></corpname>
	</DocsFigures>
<DocsFigures>
		<Titre>[Homme]</Titre>
		<Analyse>Portrait en pied d&apos;un homme en équilibre sur une pierre, semblant figurer une statue. 
Début du vingtième siècle.</Analyse>
		<Realise_en></Realise_en>
		<Liste_des_auteurs>BERTHELÉ, Raoul</Liste_des_auteurs>
		<Type_Doc>NEGATIF N&amp;B</Type_Doc>
		<Support>VERRE</Support>
		<Technique>Photographie N&amp;B</Technique>
		<Format>9 x 6 cm</Format>
		<Cote>49Fi1145</Cote>
		<Observations></Observations>
		<Origine>Don Faucher-Berhelé entré le 10/11/1978.</Origine>
		<Droits_Repro>Domaine public</Droits_Repro>
		<subject>GUERRE 1914-1918;</subject>
		<geoname></geoname>
		<persname></persname>
		<corpname></corpname>
	</DocsFigures>
<DocsFigures>
		<Titre>Chavonne. Panorama du village en ruines près des bords de l&apos;Aisne</Titre>
		<Analyse>Vue panoramique des ruines du village de Chavonne (Aisne) au bord de l&apos;Aisne.  
Entre 1914 et 1918. 
Guerre 1914-1918.</Analyse>
		<Realise_en></Realise_en>
		<Liste_des_auteurs>BERTHELÉ, Raoul</Liste_des_auteurs>
		<Type_Doc>PHOTOGRAPHIE N&amp;B</Type_Doc>
		<Support>VERRE</Support>
		<Technique>Photographie</Technique>
		<Format>5,7 x 12,7 cm</Format>
		<Cote>49Fi1146</Cote>
		<Observations></Observations>
		<Origine>Don Faucher-Berhelé entré le 10/11/1978.</Origine>
		<Droits_Repro>Domaine public</Droits_Repro>
		<subject>SINISTRE;BIEN SINISTRE;GUERRE 1914-1918;</subject>
		<geoname>AISNE (département);CHAVONNE (village);</geoname>
		<persname></persname>
		<corpname></corpname>
	</DocsFigures>
<DocsFigures>
		<Titre>Chavonne</Titre>
		<Analyse>Vue panoramique d&apos;une rue en ruine du village de Chavonne (Aisne) au bord de l&apos;Aisne.  
Entre 1914 et 1918. 
Guerre 1914-1918.</Analyse>
		<Realise_en></Realise_en>
		<Liste_des_auteurs>BERTHELÉ, Raoul</Liste_des_auteurs>
		<Type_Doc>PHOTOGRAPHIE N&amp;B</Type_Doc>
		<Support>VERRE</Support>
		<Technique>Photographie</Technique>
		<Format>5,7 x 12,7 cm</Format>
		<Cote>49Fi1147</Cote>
		<Observations></Observations>
		<Origine>Don Faucher-Berhelé entré le 10/11/1978.</Origine>
		<Droits_Repro>Domaine public</Droits_Repro>
		<subject>SINISTRE;BIEN SINISTRE;GUERRE 1914-1918;</subject>
		<geoname>AISNE (département);CHAVONNE (village);</geoname>
		<persname></persname>
		<corpname></corpname>
	</DocsFigures>
<DocsFigures>
		<Titre>Chavonne. Pièce de marine de 164.7</Titre>
		<Analyse>Gros plan d&apos;une pièce de marine de 164,7 sous un filet de camouflage, à Chavonne (Aisne).
Entre 1914 et 1918. 
Guerre 1914-1918.</Analyse>
		<Realise_en></Realise_en>
		<Liste_des_auteurs>BERTHELÉ, Raoul</Liste_des_auteurs>
		<Type_Doc>PHOTOGRAPHIE N&amp;B</Type_Doc>
		<Support>VERRE</Support>
		<Technique>Photographie</Technique>
		<Format>5,7 x 12,7 cm</Format>
		<Cote>49Fi1148</Cote>
		<Observations></Observations>
		<Origine>Don Faucher-Berhelé entré le 10/11/1978.</Origine>
		<Droits_Repro>Domaine public</Droits_Repro>
		<subject>GUERRE 1914-1918;</subject>
		<geoname>AISNE (département);CHAVONNE (village);</geoname>
		<persname></persname>
		<corpname></corpname>
	</DocsFigures>
<DocsFigures>
		<Titre>Coucy le Château. Ruines du donjon R. B.</Titre>
		<Analyse>Vue de Raoul Berthelé posant devant les ruines du donjon du château de Coucy-le-Château (Aisne).
Novembre 1917. 
Guerre 1914-1918.</Analyse>
		<Realise_en>1917</Realise_en>
		<Liste_des_auteurs>BERTHELÉ, Raoul</Liste_des_auteurs>
		<Type_Doc>PHOTOGRAPHIE N&amp;B</Type_Doc>
		<Support>VERRE</Support>
		<Technique>Photographie stéréo</Technique>
		<Format>5,7 x 12,7 cm</Format>
		<Cote>49Fi1149</Cote>
		<Observations></Observations>
		<Origine>Don Faucher-Berhelé entré le 10/11/1978.</Origine>
		<Droits_Repro>Domaine public</Droits_Repro>
		<subject>SINISTRE;BIEN SINISTRE;GUERRE 1914-1918;</subject>
		<geoname>AISNE (département);COUCY-LE-CHATEAU-AUFFRIQUE (village);COUCY-LE-CHATEAU (hameau);</geoname>
		<persname>BERTHELE, Raoul;</persname>
		<corpname></corpname>
	</DocsFigures>
<DocsFigures>
		<Titre>Coucy le Château. Ruines du donjon</Titre>
		<Analyse>Vue des ruines du donjon du château de Coucy-le-Château (Aisne).
Novembre 1917.
Guerre 1914-1918.</Analyse>
		<Realise_en>1917</Realise_en>
		<Liste_des_auteurs>BERTHELÉ, Raoul</Liste_des_auteurs>
		<Type_Doc>PHOTOGRAPHIE N&amp;B</Type_Doc>
		<Support>VERRE</Support>
		<Technique>Photographie stéréo</Technique>
		<Format>5,7 x 12,7 cm</Format>
		<Cote>49Fi1150</Cote>
		<Observations></Observations>
		<Origine>Don Faucher-Berhelé entré le 10/11/1978.</Origine>
		<Droits_Repro>Domaine public</Droits_Repro>
		<subject>SINISTRE;BIEN SINISTRE;GUERRE 1914-1918;</subject>
		<geoname>AISNE (département);COUCY-LE-CHATEAU-AUFFRIQUE (village);COUCY-LE-CHATEAU (hameau);</geoname>
		<persname></persname>
		<corpname></corpname>
	</DocsFigures>
<DocsFigures>
		<Titre>Coucy le Château. Ruines du donjon</Titre>
		<Analyse>Vue des ruines du donjon du château de Coucy-le-Château (Aisne).
Novembre 1917. 
Guerre 1914-1918.</Analyse>
		<Realise_en>1917</Realise_en>
		<Liste_des_auteurs>BERTHELÉ, Raoul</Liste_des_auteurs>
		<Type_Doc>PHOTOGRAPHIE N&amp;B</Type_Doc>
		<Support>VERRE</Support>
		<Technique>Photographie stéréo</Technique>
		<Format>5,7 x 12,7 cm</Format>
		<Cote>49Fi1151</Cote>
		<Observations></Observations>
		<Origine>Don Faucher-Berhelé entré le 10/11/1978.</Origine>
		<Droits_Repro>Domaine public</Droits_Repro>
		<subject>SINISTRE;BIEN SINISTRE;GUERRE 1914-1918;</subject>
		<geoname>AISNE (département);COUCY-LE-CHATEAU-AUFFRIQUE (village);COUCY-LE-CHATEAU (hameau);</geoname>
		<persname></persname>
		<corpname></corpname>
	</DocsFigures>
<DocsFigures>
		<Titre>Coucy le Château. Ruines du donjon</Titre>
		<Analyse>Vue panoramique des ruines du donjon du château de Coucy-le-Château (Aisne).
Novembre 1917.
Guerre 1914-1918.</Analyse>
		<Realise_en>1917</Realise_en>
		<Liste_des_auteurs>BERTHELÉ, Raoul</Liste_des_auteurs>
		<Type_Doc>PHOTOGRAPHIE N&amp;B</Type_Doc>
		<Support>VERRE</Support>
		<Technique>Photographie</Technique>
		<Format>5,7 x 12,7 cm</Format>
		<Cote>49Fi1152</Cote>
		<Observations>Plaque identique à la 49Fi1182.</Observations>
		<Origine>Don Faucher-Berhelé entré le 10/11/1978.</Origine>
		<Droits_Repro>Domaine public</Droits_Repro>
		<subject>SINISTRE;BIEN SINISTRE;GUERRE 1914-1918;</subject>
		<geoname>AISNE (département);COUCY-LE-CHATEAU-AUFFRIQUE (village);COUCY-LE-CHATEAU (hameau);</geoname>
		<persname></persname>
		<corpname></corpname>
	</DocsFigures>
<DocsFigures>
		<Titre>Coucy le Château. Ruines du donjon</Titre>
		<Analyse>Vue panoramique des ruines du donjon du château de Coucy-le-Château (Aisne).
Novembre 1917.
Guerre 1914-1918.</Analyse>
		<Realise_en>1917</Realise_en>
		<Liste_des_auteurs>BERTHELÉ, Raoul</Liste_des_auteurs>
		<Type_Doc>PHOTOGRAPHIE N&amp;B</Type_Doc>
		<Support>VERRE</Support>
		<Technique>Photographie</Technique>
		<Format>5,7 x 12,7 cm</Format>
		<Cote>49Fi1153</Cote>
		<Observations></Observations>
		<Origine>Don Faucher-Berhelé entré le 10/11/1978.</Origine>
		<Droits_Repro>Domaine public</Droits_Repro>
		<subject>SINISTRE;BIEN SINISTRE;GUERRE 1914-1918;</subject>
		<geoname>AISNE (département);COUCY-LE-CHATEAU-AUFFRIQUE (village);COUCY-LE-CHATEAU (hameau);</geoname>
		<persname></persname>
		<corpname></corpname>
	</DocsFigures>
<DocsFigures>
		<Titre>Eglise. Coucy le Château. R. B.</Titre>
		<Analyse>Vue de Raoul Berthelé posant devant le portail de l&apos;église de Coucy-le-Château (Aisne).
Novembre 1917.
Guerre 1914-1918.</Analyse>
		<Realise_en>1917</Realise_en>
		<Liste_des_auteurs>BERTHELÉ, Raoul</Liste_des_auteurs>
		<Type_Doc>PHOTOGRAPHIE N&amp;B</Type_Doc>
		<Support>VERRE</Support>
		<Technique>Photographie stéréo</Technique>
		<Format>5,7 x 12,7 cm</Format>
		<Cote>49Fi1154</Cote>
		<Observations></Observations>
		<Origine>Don Faucher-Berhelé entré le 10/11/1978.</Origine>
		<Droits_Repro>Domaine public</Droits_Repro>
		<subject>EDIFICE CULTUEL;BIEN SINISTRE;GUERRE 1914-1918;</subject>
		<geoname>AISNE (département);COUCY-LE-CHATEAU-AUFFRIQUE (village);COUCY-LE-CHATEAU (hameau);</geoname>
		<persname>BERTHELE, Raoul;</persname>
		<corpname></corpname>
	</DocsFigures>
<DocsFigures>
		<Titre>Coucy le Château. Ruines du village</Titre>
		<Analyse>Vue panoramique des ruines du village de Coucy-le-Château (Aisne).
9 novembre 1917.
Guerre 1914-1918.
En premier, un soldat et son chien.</Analyse>
		<Realise_en>1917</Realise_en>
		<Liste_des_auteurs>BERTHELÉ, Raoul</Liste_des_auteurs>
		<Type_Doc>PHOTOGRAPHIE N&amp;B</Type_Doc>
		<Support>VERRE</Support>
		<Technique>Photographie</Technique>
		<Format>5,7 x 12,7 cm</Format>
		<Cote>49Fi1155</Cote>
		<Observations>Plaque identique à la 49Fi1179</Observations>
		<Origine>Don Faucher-Berhelé entré le 10/11/1978.</Origine>
		<Droits_Repro>Domaine public</Droits_Repro>
		<subject>MILITAIRE;SINISTRE;BIEN SINISTRE;GUERRE 1914-1918;</subject>
		<geoname>AISNE (département);COUCY-LE-CHATEAU-AUFFRIQUE (village);COUCY-LE-CHATEAU (hameau);</geoname>
		<persname></persname>
		<corpname></corpname>
	</DocsFigures>
<DocsFigures>
		<Titre>Coucy le Château</Titre>
		<Analyse>Vue des fortifications du château de Coucy-le-Château (Aisne). 
Novembre 1917. 
Guerre 1914-1918.</Analyse>
		<Realise_en>1917</Realise_en>
		<Liste_des_auteurs>BERTHELÉ, Raoul</Liste_des_auteurs>
		<Type_Doc>PHOTOGRAPHIE N&amp;B</Type_Doc>
		<Support>VERRE</Support>
		<Technique>Photographie stéréo</Technique>
		<Format>5,7 x 12,7 cm</Format>
		<Cote>49Fi1156</Cote>
		<Observations></Observations>
		<Origine>Don Faucher-Berhelé entré le 10/11/1978.</Origine>
		<Droits_Repro>Domaine public</Droits_Repro>
		<subject>GUERRE 1914-1918;</subject>
		<geoname>AISNE (département);COUCY-LE-CHATEAU-AUFFRIQUE (village);COUCY-LE-CHATEAU (hameau);</geoname>
		<persname></persname>
		<corpname></corpname>
	</DocsFigures>
<DocsFigures>
		<Titre>Coucy le Château. X de Massia</Titre>
		<Analyse>Vue panoramique de X de Massia posant devant le village fortifié de Coucy-le-Château (Aisne).
Novembre 1917. 
Guerre 1914-1918.</Analyse>
		<Realise_en>1917</Realise_en>
		<Liste_des_auteurs>BERTHELÉ, Raoul</Liste_des_auteurs>
		<Type_Doc>PHOTOGRAPHIE N&amp;B</Type_Doc>
		<Support>VERRE</Support>
		<Technique>Photographie</Technique>
		<Format>5,7 x 12,7 cm</Format>
		<Cote>49Fi1157</Cote>
		<Observations></Observations>
		<Origine>Don Faucher-Berhelé entré le 10/11/1978.</Origine>
		<Droits_Repro>Domaine public</Droits_Repro>
		<subject>GUERRE 1914-1918;</subject>
		<geoname>AISNE (département);COUCY-LE-CHATEAU-AUFFRIQUE (village);COUCY-LE-CHATEAU (hameau);</geoname>
		<persname></persname>
		<corpname></corpname>
	</DocsFigures>
<DocsFigures>
		<Titre>Coucy le Château. Vue d&apos;ensemble</Titre>
		<Analyse>Vue panoramique du village fortifié de Coucy-le-Château (Aisne).
Novembre 1917.
Guerre 1914-1918.</Analyse>
		<Realise_en>1917</Realise_en>
		<Liste_des_auteurs>BERTHELÉ, Raoul</Liste_des_auteurs>
		<Type_Doc>PHOTOGRAPHIE N&amp;B</Type_Doc>
		<Support>VERRE</Support>
		<Technique>Photographie</Technique>
		<Format>5,7 x 12,7 cm</Format>
		<Cote>49Fi1158</Cote>
		<Observations></Observations>
		<Origine>Don Faucher-Berhelé entré le 10/11/1978.</Origine>
		<Droits_Repro>Domaine public</Droits_Repro>
		<subject>GUERRE 1914-1918;</subject>
		<geoname>AISNE (département);COUCY-LE-CHATEAU-AUFFRIQUE (village);COUCY-LE-CHATEAU (hameau);</geoname>
		<persname></persname>
		<corpname></corpname>
	</DocsFigures>
<DocsFigures>
		<Titre>Dugny. Popote. Groupe d&apos;officiers</Titre>
		<Analyse>Vue d&apos;un groupe d&apos;officiers posant à la popote de Dugny (Seine-Saint-Denis). 
1917.
Guerre 1914-1918.</Analyse>
		<Realise_en>1917</Realise_en>
		<Liste_des_auteurs>BERTHELÉ, Raoul</Liste_des_auteurs>
		<Type_Doc>PHOTOGRAPHIE N&amp;B</Type_Doc>
		<Support>VERRE</Support>
		<Technique>Photographie stéréo</Technique>
		<Format>5,7 x 12,7 cm</Format>
		<Cote>49Fi1161</Cote>
		<Observations>La plaque est floue.</Observations>
		<Origine>Don Faucher-Berhelé entré le 10/11/1978.</Origine>
		<Droits_Repro>Domaine public</Droits_Repro>
		<subject>GUERRE 1914-1918;</subject>
		<geoname>DUGNY (ville);SEINE-SAINT-DENIS (Département);</geoname>
		<persname></persname>
		<corpname></corpname>
	</DocsFigures>
<DocsFigures>
		<Titre>11/11/17. Mont Notre Dame. Pièce marine de 305. Berceau</Titre>
		<Analyse>Vue panoramique d&apos;une pièce de marine de 305 (baptisée Anne) sur une plateforme ferroviaire à Mont-Notre-Dame (Aisne).
11 novembre 1917
Guerre 1914-1918.
Deux marins soldats posent sur l&apos;énorme canon.</Analyse>
		<Realise_en>1917</Realise_en>
		<Liste_des_auteurs>BERTHELÉ, Raoul</Liste_des_auteurs>
		<Type_Doc>PHOTOGRAPHIE N&amp;B</Type_Doc>
		<Support>VERRE</Support>
		<Technique>Photographie</Technique>
		<Format>5,7 x 12,7 cm</Format>
		<Cote>49Fi1177</Cote>
		<Observations></Observations>
		<Origine>Don Faucher-Berhelé entré le 10/11/1978.</Origine>
		<Droits_Repro>Domaine public</Droits_Repro>
		<subject>MILITAIRE;GUERRE 1914-1918;</subject>
		<geoname>MONT-NOTRE-DAME (village);AISNE (département);</geoname>
		<persname></persname>
		<corpname></corpname>
	</DocsFigures>
<DocsFigures>
		<Titre>9/11/17. Nanteuil la Fosse abris boches du ravin de Fruty</Titre>
		<Analyse>Vue panoramique des abris allemands du ravin de Fruty à Nanteuil-la-Fosse (Aisne).
9 novembre 1917
Guerre 1914-1918.
Le ravin est complètement ravagé par les bombes.</Analyse>
		<Realise_en>1917</Realise_en>
		<Liste_des_auteurs>BERTHELÉ, Raoul</Liste_des_auteurs>
		<Type_Doc>PHOTOGRAPHIE N&amp;B</Type_Doc>
		<Support>VERRE</Support>
		<Technique>Photographie</Technique>
		<Format>5,7 x 12,7 cm</Format>
		<Cote>49Fi1178</Cote>
		<Observations></Observations>
		<Origine>Don Faucher-Berhelé entré le 10/11/1978.</Origine>
		<Droits_Repro>Domaine public</Droits_Repro>
		<subject>ABRI;MILITAIRE;SINISTRE;GUERRE 1914-1918;</subject>
		<geoname>NANTEUIL-LA-FOSSE (village);AISNE (département);FRUTY (lieu-dit);</geoname>
		<persname></persname>
		<corpname></corpname>
	</DocsFigures>
<DocsFigures>
		<Titre>Coucy le Château. Ruines du village</Titre>
		<Analyse>Vue panoramique du village en ruine de Coucy-le-Château (Aisne).
9 novembre 1917.
Guerre 1914-1918.
En premier, un soldat et son chien.</Analyse>
		<Realise_en>1917</Realise_en>
		<Liste_des_auteurs>BERTHELÉ, Raoul</Liste_des_auteurs>
		<Type_Doc>PHOTOGRAPHIE N&amp;B</Type_Doc>
		<Support>VERRE</Support>
		<Technique>Photographie</Technique>
		<Format>5,7 x 12,7 cm</Format>
		<Cote>49Fi1179</Cote>
		<Observations>Plaque identique à la 49Fi1155.</Observations>
		<Origine>Don Faucher-Berhelé entré le 10/11/1978.</Origine>
		<Droits_Repro>Domaine public</Droits_Repro>
		<subject>MILITAIRE;SINISTRE;BIEN SINISTRE;GUERRE 1914-1918;</subject>
		<geoname>COUCY-LE-CHATEAU-AUFFRIQUE (village);AISNE (département);COUCY-LE-CHATEAU (hameau);</geoname>
		<persname></persname>
		<corpname></corpname>
	</DocsFigures>
<DocsFigures>
		<Titre>25 mai 18. Cascade de Rabarka. Béatrix en canot</Titre>
		<Analyse>Vue de Béatrix Berthelé dans un canot sur le Lez au lieu-dit Rimbaud à Montpellier (Hérault).
25 mai 1918.
Guerre 1914-1918.</Analyse>
		<Realise_en>1918</Realise_en>
		<Liste_des_auteurs>BERTHELÉ, Raoul</Liste_des_auteurs>
		<Type_Doc>PHOTOGRAPHIE N&amp;B</Type_Doc>
		<Support>VERRE</Support>
		<Technique>Photographie</Technique>
		<Format>5,7 x 12,7 cm</Format>
		<Cote>49Fi1180</Cote>
		<Observations></Observations>
		<Origine>Don Faucher-Berhelé entré le 10/11/1978.</Origine>
		<Droits_Repro>Domaine public</Droits_Repro>
		<subject>GUERRE 1914-1918;</subject>
		<geoname>HERAULT (département);MONTPELLIER (ville);</geoname>
		<persname></persname>
		<corpname></corpname>
	</DocsFigures>
<DocsFigures>
		<Titre>Coucy le Château. Ruines du donjon</Titre>
		<Analyse>Vue panoramique des ruines du donjon du château de Coucy-le-Château (Aisne).
Novembre 1917. 
Guerre 1914-1918.</Analyse>
		<Realise_en>1917</Realise_en>
		<Liste_des_auteurs>BERTHELÉ, Raoul</Liste_des_auteurs>
		<Type_Doc>PHOTOGRAPHIE N&amp;B</Type_Doc>
		<Support>VERRE</Support>
		<Technique>Photographie</Technique>
		<Format>5,7 x 12,7 cm</Format>
		<Cote>49Fi1182</Cote>
		<Observations>Plaque identique à la 49Fi1152.</Observations>
		<Origine>Don Faucher-Berhelé entré le 10/11/1978.</Origine>
		<Droits_Repro>Domaine public</Droits_Repro>
		<subject>SINISTRE;BIEN SINISTRE;GUERRE 1914-1918;</subject>
		<geoname>COUCY-LE-CHATEAU-AUFFRIQUE (village);AISNE (département);COUCY-LE-CHATEAU (hameau);</geoname>
		<persname></persname>
		<corpname></corpname>
	</DocsFigures>
<DocsFigures>
		<Titre>Chevreuse. Château de la Madeleine. La vallée de Chevreuse</Titre>
		<Analyse>Vue panoramique plongeante de la vallée de Chevreuse avec en premier plan une tour du château de la Madeleine en ruine, à Chevreuse (Yvelines). 
Entre 1914 et 1918
Guerre 1914-1918.</Analyse>
		<Realise_en></Realise_en>
		<Liste_des_auteurs>BERTHELÉ, Raoul</Liste_des_auteurs>
		<Type_Doc>PHOTOGRAPHIE N&amp;B</Type_Doc>
		<Support>VERRE</Support>
		<Technique>Photographie</Technique>
		<Format>5,7 x 12,7 cm</Format>
		<Cote>49Fi1183</Cote>
		<Observations>Plaque identique à la 49Fi1131</Observations>
		<Origine>Don Faucher-Berhelé entré le 10/11/1978.</Origine>
		<Droits_Repro>Domaine public</Droits_Repro>
		<subject>SINISTRE;BIEN SINISTRE;GUERRE 1914-1918;</subject>
		<geoname>CHEVREUSE (ville);YVELINES (département);</geoname>
		<persname></persname>
		<corpname></corpname>
	</DocsFigures>
<DocsFigures>
		<Titre>Palavas</Titre>
		<Analyse>Vue panoramique de la plage déserte de Palavas-les-Flots (Hérault).
Entre 1914 et 1918
Guerre 1914-1918.</Analyse>
		<Realise_en></Realise_en>
		<Liste_des_auteurs>BERTHELÉ, Raoul</Liste_des_auteurs>
		<Type_Doc>PHOTOGRAPHIE N&amp;B</Type_Doc>
		<Support>VERRE</Support>
		<Technique>Photographie</Technique>
		<Format>5,7 x 12,7 cm</Format>
		<Cote>49Fi1185</Cote>
		<Observations></Observations>
		<Origine>Don Faucher-Berhelé entré le 10/11/1978.</Origine>
		<Droits_Repro>Domaine public</Droits_Repro>
		<subject>GUERRE 1914-1918;</subject>
		<geoname>PALAVAS-LES-FLOTS (ville);HERAULT (département);</geoname>
		<persname></persname>
		<corpname></corpname>
	</DocsFigures>
<DocsFigures>
		<Titre>Palavas. Jetée. [Une femme] et Béatrix . 9/11/17</Titre>
		<Analyse>Sur la jetée de Palavas-les-Flots (Hérault),  Béatrix Berthelé et une femme discutent avec un pêcheur.
9 novembre 1917.
Guerre 1914-1918.</Analyse>
		<Realise_en>1917</Realise_en>
		<Liste_des_auteurs>BERTHELÉ, Raoul</Liste_des_auteurs>
		<Type_Doc>PHOTOGRAPHIE N&amp;B</Type_Doc>
		<Support>VERRE</Support>
		<Technique>Photographie stéréo</Technique>
		<Format>6,5 x 12 cm</Format>
		<Cote>49Fi1186</Cote>
		<Observations></Observations>
		<Origine>Don Faucher-Berhelé entré le 10/11/1978.</Origine>
		<Droits_Repro>Domaine public</Droits_Repro>
		<subject>FEMME;GUERRE 1914-1918;</subject>
		<geoname>PALAVAS-LES-FLOTS (ville);HERAULT (département);</geoname>
		<persname></persname>
		<corpname></corpname>
	</DocsFigures>
<DocsFigures>
		<Titre>Courbevoie. 7/9/17. E. Gosse</Titre>
		<Analyse>Vue de Mlle Emilienne Gosse posant sur un ponton sur le bord de la Seine à Courbevoie (Hauts-de-Seine).
7 septembre 1917.
Guerre 1914-1918.</Analyse>
		<Realise_en>1917</Realise_en>
		<Liste_des_auteurs>BERTHELÉ, Raoul</Liste_des_auteurs>
		<Type_Doc>PHOTOGRAPHIE N&amp;B</Type_Doc>
		<Support>VERRE</Support>
		<Technique>Photographie stéréo</Technique>
		<Format>6,5 x 12 cm</Format>
		<Cote>49Fi1187</Cote>
		<Observations></Observations>
		<Origine>Don Faucher-Berhelé entré le 10/11/1978.</Origine>
		<Droits_Repro>Domaine public</Droits_Repro>
		<subject>GUERRE 1914-1918;</subject>
		<geoname>COURBEVOIE (ville);HAUTS-DE-SEINE (département);</geoname>
		<persname></persname>
		<corpname></corpname>
	</DocsFigures>
<DocsFigures>
		<Titre>Courbevoie. 7/9/17. E. Gosse</Titre>
		<Analyse>Vue panoramique de Mlle Emilienne Gosse dans un canot sur la Seine devant l&apos;île de la Jatte à Courbevoie (Hauts-de-Seine).
7 septembre 1917.
Guerre 1914-1918..
Au second plan le Temple d&apos;amour.</Analyse>
		<Realise_en>1917</Realise_en>
		<Liste_des_auteurs>BERTHELÉ, Raoul</Liste_des_auteurs>
		<Type_Doc>PHOTOGRAPHIE N&amp;B</Type_Doc>
		<Support>VERRE</Support>
		<Technique>Photographie</Technique>
		<Format>6,5 x 12 cm</Format>
		<Cote>49Fi1188</Cote>
		<Observations></Observations>
		<Origine>Don Faucher-Berhelé entré le 10/11/1978.</Origine>
		<Droits_Repro>Domaine public</Droits_Repro>
		<subject>OUVRAGE D&apos;ART;BATEAU DE PLAISANCE;FEMME;COURS D&apos;EAU;GUERRE 1914-1918;</subject>
		<geoname>TEMPLE D&apos;AMOUR;NEUILLY-SUR-SEINE (ville);COURBEVOIE (ville);HAUTS-DE-SEINE (département);</geoname>
		<persname></persname>
		<corpname></corpname>
	</DocsFigures>
<DocsFigures>
		<Titre>Courbevoie. 7/9/17. E. Gosse</Titre>
		<Analyse>Portrait de Mlle Emilienne Gosse posant à l&apos;avant du canot sur la Seine à Courbevoie (Hauts-de-Seine).
7 septembre 1917.
Guerre 1914-1918..</Analyse>
		<Realise_en>1917</Realise_en>
		<Liste_des_auteurs>BERTHELÉ, Raoul</Liste_des_auteurs>
		<Type_Doc>PHOTOGRAPHIE N&amp;B</Type_Doc>
		<Support>VERRE</Support>
		<Technique>Photographie stéréo</Technique>
		<Format>6,5 x 12 cm</Format>
		<Cote>49Fi1189</Cote>
		<Observations></Observations>
		<Origine>Don Faucher-Berhelé entré le 10/11/1978.</Origine>
		<Droits_Repro>Domaine public</Droits_Repro>
		<subject>GUERRE 1914-1918;</subject>
		<geoname>HAUTS-DE-SEINE (département);COURBEVOIE (ville);</geoname>
		<persname></persname>
		<corpname></corpname>
	</DocsFigures>
<DocsFigures>
		<Titre>Fontaine Bouton [Routon] Goli.</Titre>
		<Analyse>Portrait de Goli le chien à Fontaine-Routon près des Souhesmes (Meuse).
1916. 
Guerre 1914-1918.</Analyse>
		<Realise_en>1916</Realise_en>
		<Liste_des_auteurs>BERTHELÉ, Raoul</Liste_des_auteurs>
		<Type_Doc>PHOTOGRAPHIE N&amp;B</Type_Doc>
		<Support>VERRE</Support>
		<Technique>Photographie stéréo</Technique>
		<Format>6,5 x 12 cm</Format>
		<Cote>49Fi1190</Cote>
		<Observations></Observations>
		<Origine>Don Faucher-Berhelé entré le 10/11/1978.</Origine>
		<Droits_Repro>Domaine public</Droits_Repro>
		<subject>GUERRE 1914-1918;</subject>
		<geoname>FONTAINE-ROUTON (lieu-dit);SOUHESMES (LES) (hameau);MEUSE (département);SOUHESMES-RAMPONT (LES) (village);</geoname>
		<persname></persname>
		<corpname></corpname>
	</DocsFigures>
<DocsFigures>
		<Titre>Fontaine Bouton [Routon] coucher de soleil.</Titre>
		<Analyse>Un coucher de soleil à Fontaine-Routon près des Souhesmes (Meuse).
1916. 
Guerre 1914-1918.</Analyse>
		<Realise_en>1916</Realise_en>
		<Liste_des_auteurs>BERTHELÉ, Raoul</Liste_des_auteurs>
		<Type_Doc>PHOTOGRAPHIE N&amp;B</Type_Doc>
		<Support>VERRE</Support>
		<Technique>Photographie stéréo</Technique>
		<Format>6,5 x 12 cm</Format>
		<Cote>49Fi1191</Cote>
		<Observations></Observations>
		<Origine>Don Faucher-Berhelé entré le 10/11/1978.</Origine>
		<Droits_Repro>Domaine public</Droits_Repro>
		<subject>GUERRE 1914-1918;</subject>
		<geoname>FONTAINE-ROUTON (lieu-dit);SOUHESMES (LES) (hameau);MEUSE (département);SOUHESMES-RAMPONT (LES) (village);</geoname>
		<persname></persname>
		<corpname></corpname>
	</DocsFigures>
<DocsFigures>
		<Titre>[Portrait d&apos;un soldat]</Titre>
		<Analyse>Portrait en plan d&apos;un soldat portant la croix de guerre sur la poitrine.
Entre 1914 et 1918
Guerre 1914-1918.</Analyse>
		<Realise_en></Realise_en>
		<Liste_des_auteurs>BERTHELÉ, Raoul</Liste_des_auteurs>
		<Type_Doc>PHOTOGRAPHIE N&amp;B</Type_Doc>
		<Support>VERRE</Support>
		<Technique>Photographie stéréo</Technique>
		<Format>6,5 x 12 cm</Format>
		<Cote>49Fi1192</Cote>
		<Observations></Observations>
		<Origine>Don Faucher-Berhelé entré le 10/11/1978.</Origine>
		<Droits_Repro>Domaine public</Droits_Repro>
		<subject>MILITAIRE;GUERRE 1914-1918;</subject>
		<geoname></geoname>
		<persname></persname>
		<corpname></corpname>
	</DocsFigures>
<DocsFigures>
		<Titre>Fublaines. Sondages</Titre>
		<Analyse>Vue de trois soldats exécutant un sondage météorologique à Fublaines (Seine-et-Marne).
1918.
Guerre 1914-1918.</Analyse>
		<Realise_en>1918</Realise_en>
		<Liste_des_auteurs>BERTHELÉ, Raoul</Liste_des_auteurs>
		<Type_Doc>PHOTOGRAPHIE N&amp;B</Type_Doc>
		<Support>VERRE</Support>
		<Technique>Photographie stéréo</Technique>
		<Format>6,5 x 12 cm</Format>
		<Cote>49Fi1193</Cote>
		<Observations></Observations>
		<Origine>Don Faucher-Berhelé entré le 10/11/1978.</Origine>
		<Droits_Repro>Domaine public</Droits_Repro>
		<subject>MILITAIRE;METEOROLOGIE;GUERRE 1914-1918;</subject>
		<geoname>SEINE-ET-MARNE (département);FUBLAINES (village);</geoname>
		<persname></persname>
		<corpname></corpname>
	</DocsFigures>
<DocsFigures>
		<Titre>Fublaines. Sondages R. B.</Titre>
		<Analyse>Vue de Raoul Berthelé et de deux soldats exécutant un sondage météorologique à Fublaines (Seine-et-Marne).
1918.
Guerre 1914-1918.</Analyse>
		<Realise_en>1918</Realise_en>
		<Liste_des_auteurs>BERTHELÉ, Raoul</Liste_des_auteurs>
		<Type_Doc>PHOTOGRAPHIE N&amp;B</Type_Doc>
		<Support>VERRE</Support>
		<Technique>Photographie stéréo</Technique>
		<Format>6,5 x 12 cm</Format>
		<Cote>49Fi1194</Cote>
		<Observations></Observations>
		<Origine>Don Faucher-Berhelé entré le 10/11/1978.</Origine>
		<Droits_Repro>Domaine public</Droits_Repro>
		<subject>MILITAIRE;METEOROLOGIE;GUERRE 1914-1918;</subject>
		<geoname>SEINE-ET-MARNE (département);FUBLAINES (village);MARNE (département);</geoname>
		<persname>BERTHELE, Raoul;</persname>
		<corpname></corpname>
	</DocsFigures>
<DocsFigures>
		<Titre>Fublaines. Gonfle ballon. Obry</Titre>
		<Analyse>Vue de M. Obry gonflant un ballon pour un sondage météorologique à Fublaines (Seine-et-Marne).
1918.
Guerre 1914-1918.</Analyse>
		<Realise_en>1918</Realise_en>
		<Liste_des_auteurs>BERTHELÉ, Raoul</Liste_des_auteurs>
		<Type_Doc>PHOTOGRAPHIE N&amp;B</Type_Doc>
		<Support>VERRE</Support>
		<Technique>Photographie stéréo</Technique>
		<Format>6,5 x 12 cm</Format>
		<Cote>49Fi1195</Cote>
		<Observations></Observations>
		<Origine>Don Faucher-Berhelé entré le 10/11/1978.</Origine>
		<Droits_Repro>Domaine public</Droits_Repro>
		<subject>METEOROLOGIE;GUERRE 1914-1918;</subject>
		<geoname>SEINE-ET-MARNE (département);FUBLAINES (village);</geoname>
		<persname></persname>
		<corpname></corpname>
	</DocsFigures>
<DocsFigures>
		<Titre>Fublaines. R. B.</Titre>
		<Analyse>Vue de Raoul Berthelé adossé contre une voiture discutant avec un soldat à Fublaines (Seine-et-Marne).
1918.
Guerre 1914-1918.</Analyse>
		<Realise_en>1918</Realise_en>
		<Liste_des_auteurs>BERTHELÉ, Raoul</Liste_des_auteurs>
		<Type_Doc>PHOTOGRAPHIE N&amp;B</Type_Doc>
		<Support>VERRE</Support>
		<Technique>Photographie stéréo</Technique>
		<Format>6,5 x 12 cm</Format>
		<Cote>49Fi1196</Cote>
		<Observations></Observations>
		<Origine>Don Faucher-Berhelé entré le 10/11/1978.</Origine>
		<Droits_Repro>Domaine public</Droits_Repro>
		<subject>MILITAIRE;GUERRE 1914-1918;</subject>
		<geoname>SEINE-ET-MARNE (département);FUBLAINES (village);</geoname>
		<persname>BERTHELE, Raoul;</persname>
		<corpname></corpname>
	</DocsFigures>
<DocsFigures>
		<Titre>Fublaines. 27/8/18. R. B.</Titre>
		<Analyse>Vue de Raoul Berthelé au volant d&apos; une voiture, Conte démarre cette dernière à l&apos;aide d&apos;une manivelle à Fublaines (Seine-et-Marne).
27 août 1918.
Guerre 1914-1918.</Analyse>
		<Realise_en>1918</Realise_en>
		<Liste_des_auteurs>BERTHELÉ, Raoul</Liste_des_auteurs>
		<Type_Doc>NEGATIF N&amp;B</Type_Doc>
		<Support>VERRE</Support>
		<Technique>Photographie stéréo</Technique>
		<Format>6,5 x 12 cm</Format>
		<Cote>49Fi1197</Cote>
		<Observations>Voir avec la 49Fi1201</Observations>
		<Origine>Don Faucher-Berhelé entré le 10/11/1978.</Origine>
		<Droits_Repro>Domaine public</Droits_Repro>
		<subject>GUERRE 1914-1918;</subject>
		<geoname>SEINE-ET-MARNE (département);FUBLAINES (village);</geoname>
		<persname>BERTHELE, Raoul;</persname>
		<corpname></corpname>
	</DocsFigures>
<DocsFigures>
		<Titre>Fublaines. 4/9/18. E. Gosse</Titre>
		<Analyse>Portrait d&apos;Emilienne Gosse posant au volant d&apos;une voiture à Fublaines (Seine-et-Marne).
4 septembre 1918.
Guerre 1914-1918.</Analyse>
		<Realise_en>1918</Realise_en>
		<Liste_des_auteurs>BERTHELÉ, Raoul</Liste_des_auteurs>
		<Type_Doc>PHOTOGRAPHIE N&amp;B</Type_Doc>
		<Support>VERRE</Support>
		<Technique>Photographie stéréo</Technique>
		<Format>6,5 x 12 cm</Format>
		<Cote>49Fi1198</Cote>
		<Observations></Observations>
		<Origine>Don Faucher-Berhelé entré le 10/11/1978.</Origine>
		<Droits_Repro>Domaine public</Droits_Repro>
		<subject>GUERRE 1914-1918;</subject>
		<geoname>SEINE-ET-MARNE (département);FUBLAINES (village);</geoname>
		<persname></persname>
		<corpname></corpname>
	</DocsFigures>
<DocsFigures>
		<Titre>Fublaines. 4/9/18. E. Gosse</Titre>
		<Analyse>Portrait d&apos;Emilienne Gosse posant au volant d&apos;une voiture à Fublaines (Seine-et-Marne).
4 septembre 1918.
Guerre 1914-1918.</Analyse>
		<Realise_en>1918</Realise_en>
		<Liste_des_auteurs>BERTHELÉ, Raoul</Liste_des_auteurs>
		<Type_Doc>PHOTOGRAPHIE N&amp;B</Type_Doc>
		<Support>VERRE</Support>
		<Technique>Photographie stéréo</Technique>
		<Format>6,5 x 12 cm</Format>
		<Cote>49Fi1199</Cote>
		<Observations></Observations>
		<Origine>Don Faucher-Berhelé entré le 10/11/1978.</Origine>
		<Droits_Repro>Domaine public</Droits_Repro>
		<subject>GUERRE 1914-1918;</subject>
		<geoname>SEINE-ET-MARNE (département);FUBLAINES (village);</geoname>
		<persname></persname>
		<corpname></corpname>
	</DocsFigures>
<DocsFigures>
		<Titre>Fublaines. 4/9/18. E. Gosse et R. Berthelé</Titre>
		<Analyse>Vue de Raoul Berthelé embrassant Emilienne Gosse dans le cou  à Fublaines (Seine-et-Marne).
4 septembre 1918.
Guerre 1914-1918.</Analyse>
		<Realise_en>1918</Realise_en>
		<Liste_des_auteurs>BERTHELÉ, Raoul</Liste_des_auteurs>
		<Type_Doc>PHOTOGRAPHIE N&amp;B</Type_Doc>
		<Support>VERRE</Support>
		<Technique>Photographie stéréo</Technique>
		<Format>6,5 x 12 cm</Format>
		<Cote>49Fi1200</Cote>
		<Observations></Observations>
		<Origine>Don Faucher-Berhelé entré le 10/11/1978.</Origine>
		<Droits_Repro>Domaine public</Droits_Repro>
		<subject>GUERRE 1914-1918;</subject>
		<geoname>SEINE-ET-MARNE (département);FUBLAINES (village);</geoname>
		<persname>BERTHELE, Raoul;</persname>
		<corpname></corpname>
	</DocsFigures>
<DocsFigures>
		<Titre>Fublaines. 27/8/18. Station météo R. Berthelé et Conte</Titre>
		<Analyse>Vue de Raoul Berthelé posant à coté de M. Conte au volant d&apos;une voiture à Fublaines (Seine-et-Marne).
27 août 1918.
Guerre 1914-1918.</Analyse>
		<Realise_en>1918</Realise_en>
		<Liste_des_auteurs>BERTHELÉ, Raoul</Liste_des_auteurs>
		<Type_Doc>NEGATIF N&amp;B</Type_Doc>
		<Support>VERRE</Support>
		<Technique>Photographie stéréo</Technique>
		<Format>6,5 x 12 cm</Format>
		<Cote>49Fi1201</Cote>
		<Observations>Voir avec la 49Fi1197.</Observations>
		<Origine>Don Faucher-Berhelé entré le 10/11/1978.</Origine>
		<Droits_Repro>Domaine public</Droits_Repro>
		<subject>METEOROLOGIE;MILITAIRE;VEHICULE AUTOMOBILE;GUERRE 1914-1918;</subject>
		<geoname>SEINE-ET-MARNE (département);FUBLAINES (village);</geoname>
		<persname>BERTHELE, Raoul;</persname>
		<corpname></corpname>
	</DocsFigures>
<DocsFigures>
		<Titre>Fublaines. 27/8/18. R. Berthelé</Titre>
		<Analyse>Portait en buste et de profil de Raoul Berthelé à Fublaines (Seine-et-Marne).
27 août 1918.
Guerre 1914-1918.</Analyse>
		<Realise_en>1918</Realise_en>
		<Liste_des_auteurs>BERTHELÉ, Raoul</Liste_des_auteurs>
		<Type_Doc>NEGATIF N&amp;B</Type_Doc>
		<Support>VERRE</Support>
		<Technique>Photographie stéréo</Technique>
		<Format>6,5 x 12 cm</Format>
		<Cote>49Fi1202</Cote>
		<Observations></Observations>
		<Origine>Don Faucher-Berhelé entré le 10/11/1978.</Origine>
		<Droits_Repro>Domaine public</Droits_Repro>
		<subject>GUERRE 1914-1918;</subject>
		<geoname>FUBLAINES (village);SEINE-ET-MARNE (département);</geoname>
		<persname>BERTHELE, Raoul;</persname>
		<corpname></corpname>
	</DocsFigures>
<DocsFigures>
		<Titre>Fublaines. 27/8/18. Bois le Comte E. Gosse</Titre>
		<Analyse>Portrait d&apos;Emilienne Gosse qui pose assise sur une souche dans le bois de Comte à Fublaines (Seine-et-Marne).
27 août 1918.
Guerre 1914-1918.</Analyse>
		<Realise_en>1918</Realise_en>
		<Liste_des_auteurs>BERTHELÉ, Raoul</Liste_des_auteurs>
		<Type_Doc>NEGATIF N&amp;B</Type_Doc>
		<Support>VERRE</Support>
		<Technique>Photographie stéréo</Technique>
		<Format>6,5 x 12 cm</Format>
		<Cote>49Fi1203</Cote>
		<Observations></Observations>
		<Origine>Don Faucher-Berhelé entré le 10/11/1978.</Origine>
		<Droits_Repro>Domaine public</Droits_Repro>
		<subject>GUERRE 1914-1918;</subject>
		<geoname>SEINE-ET-MARNE (département);FUBLAINES (village);</geoname>
		<persname></persname>
		<corpname></corpname>
	</DocsFigures>
<DocsFigures>
		<Titre>Fublaines. 27/8/18. Bois le Comte E. Gosse et R. B.</Titre>
		<Analyse>vue d&apos;Emilienne Gosse et Raoul Berthelé posant dans le bois de Comte à Fublaines (Seine-et-Marne).
27 août 1918.
Guerre 1914-1918.</Analyse>
		<Realise_en>1918</Realise_en>
		<Liste_des_auteurs>BERTHELÉ, Raoul</Liste_des_auteurs>
		<Type_Doc>NEGATIF N&amp;B</Type_Doc>
		<Support>VERRE</Support>
		<Technique>Photographie stéréo</Technique>
		<Format>6,5 x 12 cm</Format>
		<Cote>49Fi1204</Cote>
		<Observations></Observations>
		<Origine>Don Faucher-Berhelé entré le 10/11/1978.</Origine>
		<Droits_Repro>Domaine public</Droits_Repro>
		<subject>GUERRE 1914-1918;</subject>
		<geoname>SEINE-ET-MARNE (département);FUBLAINES (village);</geoname>
		<persname>BERTHELE, Raoul;</persname>
		<corpname></corpname>
	</DocsFigures>
<DocsFigures>
		<Titre>Fismettes. 14/9/18. Cadavres allemands</Titre>
		<Analyse>Vue de deux cadavres de soldats allemand au milieu des ruines à Fismettes (Marne).
14 septembre 1918.
Guerre 1914-1918.</Analyse>
		<Realise_en>1918</Realise_en>
		<Liste_des_auteurs>BERTHELÉ, Raoul</Liste_des_auteurs>
		<Type_Doc>NEGATIF N&amp;B</Type_Doc>
		<Support>VERRE</Support>
		<Technique>Photographie stéréo</Technique>
		<Format>6,5 x 12 cm</Format>
		<Cote>49Fi1205</Cote>
		<Observations></Observations>
		<Origine>Don Faucher-Berhelé entré le 10/11/1978.</Origine>
		<Droits_Repro>Domaine public</Droits_Repro>
		<subject>MILITAIRE;SINISTRE;DECES;ETRANGER;BIEN SINISTRE;GUERRE 1914-1918;</subject>
		<geoname>FISMES (ville);MARNE (département);FISMETTES (hameau);</geoname>
		<persname></persname>
		<corpname></corpname>
	</DocsFigures>
<DocsFigures>
		<Titre>Zuycoote avion de bombardement anglais</Titre>
		<Analyse>Vue d&apos;un avion biplan de bombardement anglais suscitant la curiosité des soldats à Zuydcoote dans (Nord).
Entre 1914 et 1918
Guerre 1914-1918.</Analyse>
		<Realise_en></Realise_en>
		<Liste_des_auteurs>BERTHELÉ, Raoul</Liste_des_auteurs>
		<Type_Doc>NEGATIF N&amp;B</Type_Doc>
		<Support>VERRE</Support>
		<Technique>Photographie stéréo</Technique>
		<Format>6,5 x 12 cm</Format>
		<Cote>49Fi1206</Cote>
		<Observations></Observations>
		<Origine>Don Faucher-Berhelé entré le 10/11/1978.</Origine>
		<Droits_Repro>Domaine public</Droits_Repro>
		<subject>MILITAIRE;GUERRE 1914-1918;</subject>
		<geoname>NORD (département);ZUYDCOOTE (village);</geoname>
		<persname></persname>
		<corpname></corpname>
	</DocsFigures>
<DocsFigures>
		<Titre>Fismettes. Cadavres dans un trou d&apos;obus. 18/9/18</Titre>
		<Analyse>Vue de plusieurs cadavres dans un trou d&apos;obus à Fismettes (Marne).
18 septembre 1918.
Guerre 1914-1918.</Analyse>
		<Realise_en>1918</Realise_en>
		<Liste_des_auteurs>BERTHELÉ, Raoul</Liste_des_auteurs>
		<Type_Doc>NEGATIF N&amp;B</Type_Doc>
		<Support>VERRE</Support>
		<Technique>Photographie stéréo</Technique>
		<Format>6,5 x 12 cm</Format>
		<Cote>49Fi1207</Cote>
		<Observations></Observations>
		<Origine>Don Faucher-Berhelé entré le 10/11/1978.</Origine>
		<Droits_Repro>Domaine public</Droits_Repro>
		<subject>DECES;SINISTRE;GUERRE 1914-1918;</subject>
		<geoname>MARNE (département);FISMES (ville);FISMETTES (hameau);</geoname>
		<persname></persname>
		<corpname></corpname>
	</DocsFigures>
<DocsFigures>
		<Titre>Fismettes. 14/9/18. Cadavre allemand</Titre>
		<Analyse>Cadavre d&apos;un soldat allemand à Fismettes (Marne).
18 septembre 1918.
Guerre 1914-1918.</Analyse>
		<Realise_en>1918</Realise_en>
		<Liste_des_auteurs>BERTHELÉ, Raoul</Liste_des_auteurs>
		<Type_Doc>NEGATIF N&amp;B</Type_Doc>
		<Support>VERRE</Support>
		<Technique>Photographie stéréo</Technique>
		<Format>6,5 x 12 cm</Format>
		<Cote>49Fi1208</Cote>
		<Observations></Observations>
		<Origine>Don Faucher-Berhelé entré le 10/11/1978.</Origine>
		<Droits_Repro>Domaine public</Droits_Repro>
		<subject>MILITAIRE;DECES;ETRANGER;GUERRE 1914-1918;</subject>
		<geoname>FISMES (ville);FISMETTES (hameau);MARNE (département);</geoname>
		<persname></persname>
		<corpname></corpname>
	</DocsFigures>
<DocsFigures>
		<Titre>Fismettes. 14/9/18. Cadavre allemand</Titre>
		<Analyse>Cadavre décomposé d&apos;un soldat allemand à Fismettes (Marne).
18 septembre 1918.
Guerre 1914-1918.</Analyse>
		<Realise_en>1918</Realise_en>
		<Liste_des_auteurs>BERTHELÉ, Raoul</Liste_des_auteurs>
		<Type_Doc>NEGATIF N&amp;B</Type_Doc>
		<Support>VERRE</Support>
		<Technique>Photographie stéréo</Technique>
		<Format>6,5 x 12 cm</Format>
		<Cote>49Fi1209</Cote>
		<Observations></Observations>
		<Origine>Don Faucher-Berhelé entré le 10/11/1978.</Origine>
		<Droits_Repro>Domaine public</Droits_Repro>
		<subject>MILITAIRE;DECES;GUERRE 1914-1918;</subject>
		<geoname>FISMES (ville);MARNE (département);FISMETTES (hameau);</geoname>
		<persname></persname>
		<corpname></corpname>
	</DocsFigures>
<DocsFigures>
		<Titre>Fismettes. 18/9/18. Cadavres allemand et américain</Titre>
		<Analyse>Vue de cadavres d&apos;un soldat allemand et d&apos;un soldat américain à Fismettes (Marne).
18 septembre 1918.
Guerre 1914-1918.</Analyse>
		<Realise_en>1918</Realise_en>
		<Liste_des_auteurs>BERTHELÉ, Raoul</Liste_des_auteurs>
		<Type_Doc>NEGATIF N&amp;B</Type_Doc>
		<Support>VERRE</Support>
		<Technique>Photographie stéréo</Technique>
		<Format>6,5 x 12 cm</Format>
		<Cote>49Fi1210</Cote>
		<Observations></Observations>
		<Origine>Don Faucher-Berhelé entré le 10/11/1978.</Origine>
		<Droits_Repro>Domaine public</Droits_Repro>
		<subject>MILITAIRE;DECES;ETRANGER;GUERRE 1914-1918;</subject>
		<geoname>MARNE (département);FISMES (ville);FISMETTES (hameau);</geoname>
		<persname></persname>
		<corpname></corpname>
	</DocsFigures>
<DocsFigures>
		<Titre>St Idelsbade [Saint-Idesbalde]. Pièce de 100 de marine</Titre>
		<Analyse>Gros plan d&apos;une pièce de 100 de marine à Saint-Idesbalde, province des Flandres Occidentales, région Flamande (Belgique).
Entre 1914 et 1918.
Guerre 1914-1918.</Analyse>
		<Realise_en>1918</Realise_en>
		<Liste_des_auteurs>BERTHELÉ, Raoul</Liste_des_auteurs>
		<Type_Doc>NEGATIF N&amp;B</Type_Doc>
		<Support>VERRE</Support>
		<Technique>Photographie stéréo</Technique>
		<Format>6,5 x 12 cm</Format>
		<Cote>49Fi1211</Cote>
		<Observations></Observations>
		<Origine>Don Faucher-Berhelé entré le 10/11/1978.</Origine>
		<Droits_Repro>Domaine public</Droits_Repro>
		<subject>GUERRE 1914-1918;</subject>
		<geoname>BELGIQUE (pays);SAINT-IDESBALDE (ville);</geoname>
		<persname></persname>
		<corpname></corpname>
	</DocsFigures>
<DocsFigures>
		<Titre>Furnes</Titre>
		<Analyse>Vue de la place pavée et de la cathédrale de Furnes, province des Flandres Occidentales, région Flamande (Belgique).
Entre 1914 et 1918.
Guerre 1914-1918.</Analyse>
		<Realise_en>1918</Realise_en>
		<Liste_des_auteurs>BERTHELÉ, Raoul</Liste_des_auteurs>
		<Type_Doc>NEGATIF N&amp;B</Type_Doc>
		<Support>VERRE</Support>
		<Technique>Photographie stéréo</Technique>
		<Format>6,5 x 12 cm</Format>
		<Cote>49Fi1212</Cote>
		<Observations></Observations>
		<Origine>Don Faucher-Berhelé entré le 10/11/1978.</Origine>
		<Droits_Repro>Domaine public</Droits_Repro>
		<subject>GUERRE 1914-1918;</subject>
		<geoname>BELGIQUE (pays);FURNES (ville);</geoname>
		<persname></persname>
		<corpname></corpname>
	</DocsFigures>
<DocsFigures>
		<Titre>Furnes. Cathédrale</Titre>
		<Analyse>Vue d&apos;une place pavée, de la cathédrale et de l&apos;hôtel de ville de Furnes, province des Flandres Occidentales, région Flamande (Belgique).
Entre 1914 et 1918.
Guerre 1914-1918.
Devant la cathédrale des maisons détruites par un bombardement.</Analyse>
		<Realise_en>1918</Realise_en>
		<Liste_des_auteurs>BERTHELÉ, Raoul</Liste_des_auteurs>
		<Type_Doc>NEGATIF N&amp;B</Type_Doc>
		<Support>VERRE</Support>
		<Technique>Photographie stéréo</Technique>
		<Format>6,5 x 12 cm</Format>
		<Cote>49Fi1213</Cote>
		<Observations></Observations>
		<Origine>Don Faucher-Berhelé entré le 10/11/1978.</Origine>
		<Droits_Repro>Domaine public</Droits_Repro>
		<subject>GUERRE 1914-1918;</subject>
		<geoname>BELGIQUE (pays);FURNES (ville);</geoname>
		<persname></persname>
		<corpname></corpname>
	</DocsFigures>
<DocsFigures>
		<Titre>Furnes. Hôtel de ville</Titre>
		<Analyse>Vue d&apos;une place pavée et de l&apos;hôtel de ville de Furnes, province des Flandres Occidentales, région Flamande (Belgique). 
Entre 1914 et 1918.
Guerre 1914-1918.</Analyse>
		<Realise_en>1918</Realise_en>
		<Liste_des_auteurs>BERTHELÉ, Raoul</Liste_des_auteurs>
		<Type_Doc>NEGATIF N&amp;B</Type_Doc>
		<Support>VERRE</Support>
		<Technique>Photographie stéréo</Technique>
		<Format>6,5 x 12 cm</Format>
		<Cote>49Fi1214</Cote>
		<Observations></Observations>
		<Origine>Don Faucher-Berhelé entré le 10/11/1978.</Origine>
		<Droits_Repro>Domaine public</Droits_Repro>
		<subject>GUERRE 1914-1918;</subject>
		<geoname>BELGIQUE (pays);FURNES (ville);</geoname>
		<persname></persname>
		<corpname></corpname>
	</DocsFigures>
<DocsFigures>
		<Titre>Château-Thierry. Station météo</Titre>
		<Analyse>Vue de la station météo de Château-Thierry dans l&apos;Aisne.
Entre 1914 et 1918.
Guerre 1914-1918.</Analyse>
		<Realise_en>1918</Realise_en>
		<Liste_des_auteurs>BERTHELÉ, Raoul</Liste_des_auteurs>
		<Type_Doc>NEGATIF N&amp;B</Type_Doc>
		<Support>VERRE</Support>
		<Technique>Photographie stéréo</Technique>
		<Format>6,5 x 12 cm</Format>
		<Cote>49Fi1215</Cote>
		<Observations></Observations>
		<Origine>Don Faucher-Berhelé entré le 10/11/1978.</Origine>
		<Droits_Repro>Domaine public</Droits_Repro>
		<subject>METEOROLOGIE;GUERRE 1914-1918;</subject>
		<geoname>CHATEAU-THIERRY (ville);AISNE (département);</geoname>
		<persname></persname>
		<corpname></corpname>
	</DocsFigures>
<DocsFigures>
		<Titre>Fublaines. 4/9/18 E. Gosse et R. Berthelé</Titre>
		<Analyse>Portrait d&apos;Emilienne Gosse posant au volant d&apos;une voiture avec Raoul Berthelé comme passager à Fublaines (Seine-et-Marne).
4 septembre 1918.
Guerre 1914-1918.</Analyse>
		<Realise_en>1918</Realise_en>
		<Liste_des_auteurs>BERTHELÉ, Raoul</Liste_des_auteurs>
		<Type_Doc>NEGATIF N&amp;B</Type_Doc>
		<Support>VERRE</Support>
		<Technique>Photographie stéréo</Technique>
		<Format>6,5 x 12 cm</Format>
		<Cote>49Fi1216</Cote>
		<Observations></Observations>
		<Origine>Don Faucher-Berhelé entré le 10/11/1978.</Origine>
		<Droits_Repro>Domaine public</Droits_Repro>
		<subject>GUERRE 1914-1918;</subject>
		<geoname>SEINE-ET-MARNE (département);FUBLAINES (village);</geoname>
		<persname>BERTHELE, Raoul;</persname>
		<corpname></corpname>
	</DocsFigures>
<DocsFigures>
		<Titre>Fublaines. 4/9/18. E. Gosse</Titre>
		<Analyse>Portrait en gros plan d&apos;Emilienne Gosse posant au volant d&apos;une voiture à Fublaines (Seine-et-Marne).
4 septembre 1918.
Guerre 1914-1918.</Analyse>
		<Realise_en>1918</Realise_en>
		<Liste_des_auteurs>BERTHELÉ, Raoul</Liste_des_auteurs>
		<Type_Doc>NEGATIF N&amp;B</Type_Doc>
		<Support>VERRE</Support>
		<Technique>Photographie stéréo</Technique>
		<Format>6,5 x 12 cm</Format>
		<Cote>49Fi1217</Cote>
		<Observations></Observations>
		<Origine>Don Faucher-Berhelé entré le 10/11/1978.</Origine>
		<Droits_Repro>Domaine public</Droits_Repro>
		<subject>GUERRE 1914-1918;</subject>
		<geoname>SEINE-ET-MARNE (département);FUBLAINES (village);</geoname>
		<persname></persname>
		<corpname></corpname>
	</DocsFigures>
<DocsFigures>
		<Titre>Fublaines. 4/9/18. E. Gosse. Auto</Titre>
		<Analyse>Portrait en gros plan d&apos;Emilienne Gosse posant au volant d&apos;une voiture à Fublaines (Seine-et-Marne).
4 septembre 1918.
Guerre 1914-1918.</Analyse>
		<Realise_en>1918</Realise_en>
		<Liste_des_auteurs>BERTHELÉ, Raoul</Liste_des_auteurs>
		<Type_Doc>NEGATIF N&amp;B</Type_Doc>
		<Support>VERRE</Support>
		<Technique>Photographie stéréo</Technique>
		<Format>6,5 x 12 cm</Format>
		<Cote>49Fi1218</Cote>
		<Observations></Observations>
		<Origine>Don Faucher-Berhelé entré le 10/11/1978.</Origine>
		<Droits_Repro>Domaine public</Droits_Repro>
		<subject>GUERRE 1914-1918;</subject>
		<geoname>SEINE-ET-MARNE (département);FUBLAINES (village);</geoname>
		<persname></persname>
		<corpname></corpname>
	</DocsFigures>
<DocsFigures>
		<Titre>Fismettes. 14/9/18. Cadavre allemand</Titre>
		<Analyse>Vue d&apos;un cadavre de soldat allemand au milieu des ruines à Fismettes (Marne).
14 septembre 1918.
Guerre 1914-1918.</Analyse>
		<Realise_en>1918</Realise_en>
		<Liste_des_auteurs>BERTHELÉ, Raoul</Liste_des_auteurs>
		<Type_Doc>NEGATIF N&amp;B</Type_Doc>
		<Support>VERRE</Support>
		<Technique>Photographie stéréo</Technique>
		<Format>6,5 x 12 cm</Format>
		<Cote>49Fi1219</Cote>
		<Observations></Observations>
		<Origine>Don Faucher-Berhelé entré le 10/11/1978.</Origine>
		<Droits_Repro>Domaine public</Droits_Repro>
		<subject>MILITAIRE;SINISTRE;BIEN SINISTRE;GUERRE 1914-1918;</subject>
		<geoname>FISMETTES (hameau);FISMES (ville);MARNE (département);</geoname>
		<persname></persname>
		<corpname></corpname>
	</DocsFigures>
<DocsFigures>
		<Titre>Neufchelles. Mortier de 220</Titre>
		<Analyse>Vue de soldats au repos autour d&apos;un mortier de 220 à Neufchelles dans l&apos;Oise.
1918.
Guerre 1914-1918.</Analyse>
		<Realise_en>1918</Realise_en>
		<Liste_des_auteurs>BERTHELÉ, Raoul</Liste_des_auteurs>
		<Type_Doc>NEGATIF N&amp;B</Type_Doc>
		<Support>VERRE</Support>
		<Technique>Photographie stéréo</Technique>
		<Format>6,5 x 12 cm</Format>
		<Cote>49Fi1220</Cote>
		<Observations></Observations>
		<Origine>Don Faucher-Berhelé entré le 10/11/1978.</Origine>
		<Droits_Repro>Domaine public</Droits_Repro>
		<subject>MILITAIRE;GUERRE 1914-1918;</subject>
		<geoname>OISE (département);NEUFCHELLES (village);</geoname>
		<persname></persname>
		<corpname></corpname>
	</DocsFigures>
<DocsFigures>
		<Titre>Neufchelles. Mortier de 220</Titre>
		<Analyse>Vuer de soldats mettant en position de tir un mortier de 220 à Neufchelles dans l&apos;Oise.
1918.
Guerre 1914-1918.</Analyse>
		<Realise_en>1918</Realise_en>
		<Liste_des_auteurs>BERTHELÉ, Raoul</Liste_des_auteurs>
		<Type_Doc>NEGATIF N&amp;B</Type_Doc>
		<Support>VERRE</Support>
		<Technique>Photographie stéréo</Technique>
		<Format>6,5 x 12 cm</Format>
		<Cote>49Fi1221</Cote>
		<Observations></Observations>
		<Origine>Don Faucher-Berhelé entré le 10/11/1978.</Origine>
		<Droits_Repro>Domaine public</Droits_Repro>
		<subject>MILITAIRE;GUERRE 1914-1918;</subject>
		<geoname>OISE (département);NEUFCHELLES (village);</geoname>
		<persname></persname>
		<corpname></corpname>
	</DocsFigures>
<DocsFigures>
		<Titre>Neufchelles. Pièce de 19. Capitaine Astors</Titre>
		<Analyse>Vue d&apos;une pièce de marine de 19 sous les ordres du capitaine Astors installée sur une plateforme ferroviaire à Neufchelles dans l&apos;Oise.
1918.
Guerre 1914-1918.</Analyse>
		<Realise_en>1918</Realise_en>
		<Liste_des_auteurs>BERTHELÉ, Raoul</Liste_des_auteurs>
		<Type_Doc>NEGATIF N&amp;B</Type_Doc>
		<Support>VERRE</Support>
		<Technique>Photographie stéréo</Technique>
		<Format>6,5 x 12 cm</Format>
		<Cote>49Fi1222</Cote>
		<Observations></Observations>
		<Origine>Don Faucher-Berhelé entré le 10/11/1978.</Origine>
		<Droits_Repro>Domaine public</Droits_Repro>
		<subject>GUERRE 1914-1918;</subject>
		<geoname>OISE (département);NEUFCHELLES (village);</geoname>
		<persname></persname>
		<corpname></corpname>
	</DocsFigures>
<DocsFigures>
		<Titre>Neufchelles. Mortier de 220</Titre>
		<Analyse>Gros plan d&apos;un mortier de 220 à Neufchelles dans l&apos;Oise.
1918.
Guerre 1914-1918.</Analyse>
		<Realise_en>1918</Realise_en>
		<Liste_des_auteurs>BERTHELÉ, Raoul</Liste_des_auteurs>
		<Type_Doc>NEGATIF N&amp;B</Type_Doc>
		<Support>VERRE</Support>
		<Technique>Photographie stéréo</Technique>
		<Format>6,5 x 12 cm</Format>
		<Cote>49Fi1223</Cote>
		<Observations></Observations>
		<Origine>Don Faucher-Berhelé entré le 10/11/1978.</Origine>
		<Droits_Repro>Domaine public</Droits_Repro>
		<subject>GUERRE 1914-1918;</subject>
		<geoname>OISE (département);NEUFCHELLES (village);</geoname>
		<persname></persname>
		<corpname></corpname>
	</DocsFigures>
<DocsFigures>
		<Titre>Neufchelles. Mortier de 220</Titre>
		<Analyse>Vue de soldats autour d&apos;un mortier de 220 à Neufchelles dans l&apos;Oise.
1918.
Guerre 1914-1918.</Analyse>
		<Realise_en>1918</Realise_en>
		<Liste_des_auteurs>BERTHELÉ, Raoul</Liste_des_auteurs>
		<Type_Doc>NEGATIF N&amp;B</Type_Doc>
		<Support>VERRE</Support>
		<Technique>Photographie stéréo</Technique>
		<Format>6,5 x 12 cm</Format>
		<Cote>49Fi1224</Cote>
		<Observations>La vue de gauche est manquante.</Observations>
		<Origine>Don Faucher-Berhelé entré le 10/11/1978.</Origine>
		<Droits_Repro>Domaine public</Droits_Repro>
		<subject>MILITAIRE;GUERRE 1914-1918;</subject>
		<geoname>NEUFCHELLES (village);OISE (département);</geoname>
		<persname></persname>
		<corpname></corpname>
	</DocsFigures>
<DocsFigures>
		<Titre>Neufchelles. Pièce de 19. Capitaine Astors</Titre>
		<Analyse>Vue panoramique de face d&apos;une pièce de marine de 19 sous les ordres du capitaine Astors installée sur une plateforme ferroviaire à Neufchelles dans l&apos;Oise.
1918
Guerre 1914-1918.</Analyse>
		<Realise_en>1918</Realise_en>
		<Liste_des_auteurs>BERTHELÉ, Raoul</Liste_des_auteurs>
		<Type_Doc>NEGATIF N&amp;B</Type_Doc>
		<Support>VERRE</Support>
		<Technique>Photographie</Technique>
		<Format>12 x 6,5 cm</Format>
		<Cote>49Fi1225</Cote>
		<Observations>La plaque est en mauvais état.</Observations>
		<Origine>Don Faucher-Berhelé entré le 10/11/1978.</Origine>
		<Droits_Repro>Domaine public</Droits_Repro>
		<subject>GUERRE 1914-1918;</subject>
		<geoname>OISE (département);NEUFCHELLES (village);</geoname>
		<persname></persname>
		<corpname></corpname>
	</DocsFigures>
<DocsFigures>
		<Titre>Neufchelles. Capitaine Astors et ses deux lieutenants adjoints</Titre>
		<Analyse>Vue du capitaine Astors attablé avec ses deux lieutenants adjoints à Neufchelles dans l&apos;Oise.
1918.
Guerre 1914-1918.</Analyse>
		<Realise_en>1918</Realise_en>
		<Liste_des_auteurs>BERTHELÉ, Raoul</Liste_des_auteurs>
		<Type_Doc>NEGATIF N&amp;B</Type_Doc>
		<Support>VERRE</Support>
		<Technique>Photographie stéréo</Technique>
		<Format>6,5 x 12 cm</Format>
		<Cote>49Fi1226</Cote>
		<Observations></Observations>
		<Origine>Don Faucher-Berhelé entré le 10/11/1978.</Origine>
		<Droits_Repro>Domaine public</Droits_Repro>
		<subject>GUERRE 1914-1918;</subject>
		<geoname>OISE (département);NEUFCHELLES (village);</geoname>
		<persname></persname>
		<corpname></corpname>
	</DocsFigures>
<DocsFigures>
		<Titre>Paris. 30/6/18. E. Gosse gare de l&apos;Est</Titre>
		<Analyse>Portrait en pied d&apos;Emilienne Gosse qui pose devant la gare de l&apos;Est à Paris.
30 juin 1918.
Guerre 1914-1918.</Analyse>
		<Realise_en>1918</Realise_en>
		<Liste_des_auteurs>BERTHELÉ, Raoul</Liste_des_auteurs>
		<Type_Doc>NEGATIF N&amp;B</Type_Doc>
		<Support>VERRE</Support>
		<Technique>Photographie stéréo</Technique>
		<Format>6,5 x 12 cm</Format>
		<Cote>49Fi1227</Cote>
		<Observations></Observations>
		<Origine>Don Faucher-Berhelé entré le 10/11/1978.</Origine>
		<Droits_Repro>Domaine public</Droits_Repro>
		<subject>GARE;GUERRE 1914-1918;</subject>
		<geoname>PARIS (ville);</geoname>
		<persname></persname>
		<corpname></corpname>
	</DocsFigures>
<DocsFigures>
		<Titre>Paris. 30/6/18. E. Gosse gare de l&apos;Est</Titre>
		<Analyse>Portrait en buste d&apos;Emilienne Gosse qui pose devant la gare de l&apos;Est à Paris.
30 juin 1918.
Guerre 1914-1918.</Analyse>
		<Realise_en>1918</Realise_en>
		<Liste_des_auteurs>BERTHELÉ, Raoul</Liste_des_auteurs>
		<Type_Doc>NEGATIF N&amp;B</Type_Doc>
		<Support>VERRE</Support>
		<Technique>Photographie stéréo</Technique>
		<Format>6,5 x 12 cm</Format>
		<Cote>49Fi1228</Cote>
		<Observations></Observations>
		<Origine>Don Faucher-Berhelé entré le 10/11/1978.</Origine>
		<Droits_Repro>Domaine public</Droits_Repro>
		<subject>GARE;GUERRE 1914-1918;</subject>
		<geoname>PARIS (ville);</geoname>
		<persname></persname>
		<corpname></corpname>
	</DocsFigures>
<DocsFigures>
		<Titre>Neufchelles. Pièce de 19. Cap. [capitaine] Astors</Titre>
		<Analyse>Vue panoramique latérale d&apos;une pièce de marine de 19 sous les ordres du capitaine Astors installée sur une plateforme ferroviaire à Neufchelles dans l&apos;Oise.
1918.
Guerre 1914-1918.</Analyse>
		<Realise_en>1918</Realise_en>
		<Liste_des_auteurs>BERTHELÉ, Raoul</Liste_des_auteurs>
		<Type_Doc>NEGATIF N&amp;B</Type_Doc>
		<Support>VERRE</Support>
		<Technique>Photographie</Technique>
		<Format>6,5 x 12 cm</Format>
		<Cote>49Fi1229</Cote>
		<Observations></Observations>
		<Origine>Don Faucher-Berhelé entré le 10/11/1978.</Origine>
		<Droits_Repro>Domaine public</Droits_Repro>
		<subject>GUERRE 1914-1918;</subject>
		<geoname>NEUFCHELLES (village);OISE (département);</geoname>
		<persname></persname>
		<corpname></corpname>
	</DocsFigures>
<DocsFigures>
		<Titre>Thury. Pièce marine de 164.7</Titre>
		<Analyse>Vue panoramique  d&apos;une pièce de marine de 164,7 sous un filet de camouflage à Thury-en-Valois (Oise).
1918.
Guerre 1914-1918.</Analyse>
		<Realise_en>1918</Realise_en>
		<Liste_des_auteurs>BERTHELÉ, Raoul</Liste_des_auteurs>
		<Type_Doc>NEGATIF N&amp;B</Type_Doc>
		<Support>VERRE</Support>
		<Technique>Photographie</Technique>
		<Format>6,5 x 12 cm</Format>
		<Cote>49Fi1230</Cote>
		<Observations></Observations>
		<Origine>Don Faucher-Berhelé entré le 10/11/1978.</Origine>
		<Droits_Repro>Domaine public</Droits_Repro>
		<subject>GUERRE 1914-1918;</subject>
		<geoname>OISE (département);THURY-EN-VALOIS (village);</geoname>
		<persname></persname>
		<corpname></corpname>
	</DocsFigures>
<DocsFigures>
		<Titre>Thury. Pièce marine de 164.7. Culasse</Titre>
		<Analyse>Gros plan sur la culasse d&apos;une pièce de marine de 164,7 à Thury-en-Valois (Oise).
1918.
Guerre 1914-1918.</Analyse>
		<Realise_en>1918</Realise_en>
		<Liste_des_auteurs>BERTHELÉ, Raoul</Liste_des_auteurs>
		<Type_Doc>NEGATIF N&amp;B</Type_Doc>
		<Support>VERRE</Support>
		<Technique>Photographie stéréo</Technique>
		<Format>6,5 x 12 cm</Format>
		<Cote>49Fi1231</Cote>
		<Observations></Observations>
		<Origine>Don Faucher-Berhelé entré le 10/11/1978.</Origine>
		<Droits_Repro>Domaine public</Droits_Repro>
		<subject>GUERRE 1914-1918;</subject>
		<geoname>OISE (département);THURY-EN-VALOIS (village);</geoname>
		<persname></persname>
		<corpname></corpname>
	</DocsFigures>
<DocsFigures>
		<Titre>Neufchelles. Pièce de 155. Schneider</Titre>
		<Analyse>Vue d&apos;un canon Schneider de calibre 155 à Neufchelles (Oise).
1918.
Guerre 1914-1918.
Au second plan un soldat debout.</Analyse>
		<Realise_en>1918</Realise_en>
		<Liste_des_auteurs>BERTHELÉ, Raoul</Liste_des_auteurs>
		<Type_Doc>NEGATIF N&amp;B</Type_Doc>
		<Support>VERRE</Support>
		<Technique>Photographie stéréo</Technique>
		<Format>6,5 x 12 cm</Format>
		<Cote>49Fi1232</Cote>
		<Observations></Observations>
		<Origine>Don Faucher-Berhelé entré le 10/11/1978.</Origine>
		<Droits_Repro>Domaine public</Droits_Repro>
		<subject>MILITAIRE;GUERRE 1914-1918;</subject>
		<geoname>OISE (département);NEUFCHELLES (village);</geoname>
		<persname></persname>
		<corpname></corpname>
	</DocsFigures>
<DocsFigures>
		<Titre>Neufchelles. Pièce de 155. Schneider</Titre>
		<Analyse>Vue d&apos;un canon Schneider de calibre 155 à Neufchelles (Oise).
1918.
Guerre 1914-1918.
Au second plan un soldat debout.</Analyse>
		<Realise_en>1918</Realise_en>
		<Liste_des_auteurs>BERTHELÉ, Raoul</Liste_des_auteurs>
		<Type_Doc>NEGATIF N&amp;B</Type_Doc>
		<Support>VERRE</Support>
		<Technique>Photographie stéréo</Technique>
		<Format>6,5 x 12 cm</Format>
		<Cote>49Fi1233</Cote>
		<Observations></Observations>
		<Origine>Don Faucher-Berhelé entré le 10/11/1978.</Origine>
		<Droits_Repro>Domaine public</Droits_Repro>
		<subject>MILITAIRE;GUERRE 1914-1918;</subject>
		<geoname>NEUFCHELLES (village);OISE (département);</geoname>
		<persname></persname>
		<corpname></corpname>
	</DocsFigures>
<DocsFigures>
		<Titre>9/11/17. Nanteuil la fosse. Tranchées all. [allemandes] 1ère ligne près de Fruty</Titre>
		<Analyse>Vue panoramique des tranchées allemandes de première ligne près de Fruty à Nanteuil-la-Fosse (Aisne).
9 novembre 1917.
Guerre 1914-1918..</Analyse>
		<Realise_en>1917</Realise_en>
		<Liste_des_auteurs>BERTHELÉ, Raoul</Liste_des_auteurs>
		<Type_Doc>NEGATIF N&amp;B</Type_Doc>
		<Support>VERRE</Support>
		<Technique>Photographie</Technique>
		<Format>6,5 x 12 cm</Format>
		<Cote>49Fi1234</Cote>
		<Observations></Observations>
		<Origine>Don Faucher-Berhelé entré le 10/11/1978.</Origine>
		<Droits_Repro>Domaine public</Droits_Repro>
		<subject>GUERRE 1914-1918;</subject>
		<geoname>NANTEUIL-LA-FOSSE (village);AISNE (département);FRUTY (lieu-dit);</geoname>
		<persname></persname>
		<corpname></corpname>
	</DocsFigures>
<DocsFigures>
		<Titre>9/11/17. Nanteuil la fosse. Abris boches du ravin du Fruty</Titre>
		<Analyse>Vue panoramique des abris allemands du ravin du Fruty à Nanteuil-la-fosse (Aisne).
9 novembre 1917.
Guerre 1914-1918.</Analyse>
		<Realise_en>1917</Realise_en>
		<Liste_des_auteurs>BERTHELÉ, Raoul</Liste_des_auteurs>
		<Type_Doc>NEGATIF N&amp;B</Type_Doc>
		<Support>VERRE</Support>
		<Technique>Photographie</Technique>
		<Format>6,5 x 12 cm</Format>
		<Cote>49Fi1235</Cote>
		<Observations></Observations>
		<Origine>Don Faucher-Berhelé entré le 10/11/1978.</Origine>
		<Droits_Repro>Domaine public</Droits_Repro>
		<subject>ABRI;ETRANGER;GUERRE 1914-1918;</subject>
		<geoname>NANTEUIL-LA-FOSSE (village);AISNE (département);FRUTY (lieu-dit);</geoname>
		<persname></persname>
		<corpname></corpname>
	</DocsFigures>
<DocsFigures>
		<Titre>9/11/17. Ravin des Gobineaux. R. B.</Titre>
		<Analyse>Raoul Berthelé pose au milieu d&apos;arbres déchiquetés par les bombes dans le ravin des Gobineaux à Allemant (Aisne).
9 novembre 1917.
Guerre 1914-1918..</Analyse>
		<Realise_en>1917</Realise_en>
		<Liste_des_auteurs>BERTHELÉ, Raoul</Liste_des_auteurs>
		<Type_Doc>NEGATIF N&amp;B</Type_Doc>
		<Support>VERRE</Support>
		<Technique>Photographie stéréo</Technique>
		<Format>6,5 x 12 cm</Format>
		<Cote>49Fi1236</Cote>
		<Observations></Observations>
		<Origine>Don Faucher-Berhelé entré le 10/11/1978.</Origine>
		<Droits_Repro>Domaine public</Droits_Repro>
		<subject>SINISTRE;MILITAIRE;FORET;GUERRE 1914-1918;</subject>
		<geoname>GOBINEAUX (LES) (lieu-dit);ALLEMANT (village);AISNE (département);</geoname>
		<persname>BERTHELE, Raoul;</persname>
		<corpname></corpname>
	</DocsFigures>
<DocsFigures>
		<Titre>9/11/17. Route de Maubeuge</Titre>
		<Analyse>La route de Maubeuge près de Vaudesson (Aisne) est bordée d&apos;arbres déchiquetés par les bombes.
9 novembre 1917.
Guerre 1914-1918..</Analyse>
		<Realise_en>1917</Realise_en>
		<Liste_des_auteurs>BERTHELÉ, Raoul</Liste_des_auteurs>
		<Type_Doc>NEGATIF N&amp;B</Type_Doc>
		<Support>VERRE</Support>
		<Technique>Photographie stéréo</Technique>
		<Format>6,5 x 12 cm</Format>
		<Cote>49Fi1237</Cote>
		<Observations></Observations>
		<Origine>Don Faucher-Berhelé entré le 10/11/1978.</Origine>
		<Droits_Repro>Domaine public</Droits_Repro>
		<subject>SINISTRE;CHEMIN RURAL;MILITAIRE;GUERRE 1914-1918;</subject>
		<geoname>AISNE (département);VAUDESSON (village);</geoname>
		<persname></persname>
		<corpname></corpname>
	</DocsFigures>
<DocsFigures>
		<Titre>9/11/17. Ferme de Vaurains</Titre>
		<Analyse>Il ne reste plus qu&apos;un amas de ruines et de gravats de la ferme des Vauxrains à Allemant (Aisne) ravagée par les bombes.
9 novembre 1917.
Guerre 1914-1918.</Analyse>
		<Realise_en>1917</Realise_en>
		<Liste_des_auteurs>BERTHELÉ, Raoul</Liste_des_auteurs>
		<Type_Doc>NEGATIF N&amp;B</Type_Doc>
		<Support>VERRE</Support>
		<Technique>Photographie stéréo</Technique>
		<Format>6,5 x 12 cm</Format>
		<Cote>49Fi1238</Cote>
		<Observations></Observations>
		<Origine>Don Faucher-Berhelé entré le 10/11/1978.</Origine>
		<Droits_Repro>Domaine public</Droits_Repro>
		<subject>SINISTRE;BIEN SINISTRE;GUERRE 1914-1918;</subject>
		<geoname>ALLEMANT (village);AISNE (département);VAUXRAINS (lieu-dit);</geoname>
		<persname></persname>
		<corpname></corpname>
	</DocsFigures>
<DocsFigures>
		<Titre>9/11/17. Ravin des Gobineaux</Titre>
		<Analyse>Le ravin des Gobineauxs à Allemant (Aisne) ravagé par les bombes.
9 novembre 1917.
Guerre 1914-1918.</Analyse>
		<Realise_en>1917</Realise_en>
		<Liste_des_auteurs>BERTHELÉ, Raoul</Liste_des_auteurs>
		<Type_Doc>NEGATIF N&amp;B</Type_Doc>
		<Support>VERRE</Support>
		<Technique>Photographie stéréo</Technique>
		<Format>6,5 x 12 cm</Format>
		<Cote>49Fi1239</Cote>
		<Observations></Observations>
		<Origine>Don Faucher-Berhelé entré le 10/11/1978.</Origine>
		<Droits_Repro>Domaine public</Droits_Repro>
		<subject>GUERRE 1914-1918;</subject>
		<geoname>ALLEMANT (village);AISNE (département);GOBINEAUX (LES) (lieu-dit);</geoname>
		<persname></persname>
		<corpname></corpname>
	</DocsFigures>
<DocsFigures>
		<Titre>9/11/17. Ravin des Gobineaux. Abris boches</Titre>
		<Analyse>Les abris allemands du ravin des Gobineaux à Allemant (Aisne)  ravagés par les bombes.
9 novembre 1917.
Guerre 1914-1918.</Analyse>
		<Realise_en>1917</Realise_en>
		<Liste_des_auteurs>BERTHELÉ, Raoul</Liste_des_auteurs>
		<Type_Doc>NEGATIF N&amp;B</Type_Doc>
		<Support>VERRE</Support>
		<Technique>Photographie stéréo</Technique>
		<Format>6,5 x 12 cm</Format>
		<Cote>49Fi1240</Cote>
		<Observations></Observations>
		<Origine>Don Faucher-Berhelé entré le 10/11/1978.</Origine>
		<Droits_Repro>Domaine public</Droits_Repro>
		<subject>ABRI;ETRANGER;GUERRE 1914-1918;</subject>
		<geoname>ALLEMANT (village);AISNE (département);GOBINEAUX (LES) (lieu-dit);</geoname>
		<persname></persname>
		<corpname></corpname>
	</DocsFigures>
<DocsFigures>
		<Titre>Nanteuil la Fosse. Ravin du Fruty</Titre>
		<Analyse>Une route traverse le ravin du Fruty ravagé par les bombes près de Nanteuil-la-Fosse (Aisne).
1917.
Guerre 1914-1918.</Analyse>
		<Realise_en>1917</Realise_en>
		<Liste_des_auteurs>BERTHELÉ, Raoul</Liste_des_auteurs>
		<Type_Doc>NEGATIF N&amp;B</Type_Doc>
		<Support>VERRE</Support>
		<Technique>Photographie stéréo</Technique>
		<Format>6,5 x 12 cm</Format>
		<Cote>49Fi1241</Cote>
		<Observations></Observations>
		<Origine>Don Faucher-Berhelé entré le 10/11/1978.</Origine>
		<Droits_Repro>Domaine public</Droits_Repro>
		<subject>GUERRE 1914-1918;</subject>
		<geoname>NANTEUIL-LA-FOSSE (village);AISNE (département);FRUTY (lieu-dit);</geoname>
		<persname></persname>
		<corpname></corpname>
	</DocsFigures>
<DocsFigures>
		<Titre>9/11/1917. Nanteuil la Fosse. Tanks</Titre>
		<Analyse>Vue panoramique d&apos;un tank français modèle Saint-Chamond remorquant un char hors d&apos;usage du même modèle à Nanteuil-la-Fosse (Aisne).
9 novembre 1917. 
Guerre 1914-1918.
X. de Massia et Raoul Berthelé sont présents (devant le tank de gauche).</Analyse>
		<Realise_en>1917</Realise_en>
		<Liste_des_auteurs>BERTHELÉ, Raoul</Liste_des_auteurs>
		<Type_Doc>NEGATIF N&amp;B</Type_Doc>
		<Support>VERRE</Support>
		<Technique>Photographie N&amp;B</Technique>
		<Format>6,5 x 12 cm</Format>
		<Cote>49Fi1242</Cote>
		<Observations></Observations>
		<Origine>Don Faucher-Berhelé entré le 10/11/1978.</Origine>
		<Droits_Repro>Domaine public</Droits_Repro>
		<subject>EQUIPEMENT MILITAIRE;MILITAIRE;GUERRE 1914-1918;</subject>
		<geoname>NANTEUIL-LA-FOSSE (village);AISNE (département);</geoname>
		<persname>BERTHELE, Raoul;</persname>
		<corpname></corpname>
	</DocsFigures>
<DocsFigures>
		<Titre>9/11/1917. Nanteuil la Fosse. Tanks</Titre>
		<Analyse>Vue d&apos;un  tank français modèle Saint-Chamond hors d&apos;usage à Nanteuil-la-Fosse (Aisne).
9 novembre 1917.
Guerre 1914-1918.</Analyse>
		<Realise_en>1917</Realise_en>
		<Liste_des_auteurs>BERTHELÉ, Raoul</Liste_des_auteurs>
		<Type_Doc>NEGATIF N&amp;B</Type_Doc>
		<Support>VERRE</Support>
		<Technique>Photographie stéréo</Technique>
		<Format>6,5 x 12 cm</Format>
		<Cote>49Fi1243</Cote>
		<Observations></Observations>
		<Origine>Don Faucher-Berhelé entré le 10/11/1978.</Origine>
		<Droits_Repro>Domaine public</Droits_Repro>
		<subject>EQUIPEMENT MILITAIRE;GUERRE 1914-1918;</subject>
		<geoname>NANTEUIL-LA-FOSSE (village);AISNE (département);</geoname>
		<persname></persname>
		<corpname></corpname>
	</DocsFigures>
<DocsFigures>
		<Titre>9/11/1917. Nanteuil la Fosse. Tanks</Titre>
		<Analyse>Vue d&apos;ensemble d&apos;un tank français modèle Saint-Chamond remorquant un char hors d&apos;usage du même modèle à Nanteuil-la-Fosse (Aisne).
9 novembre 1917.
Guerre 1914-1918.</Analyse>
		<Realise_en>1917</Realise_en>
		<Liste_des_auteurs>BERTHELÉ, Raoul</Liste_des_auteurs>
		<Type_Doc>NEGATIF N&amp;B</Type_Doc>
		<Support>VERRE</Support>
		<Technique>Photographie stéréo</Technique>
		<Format>6,5 x 12 cm</Format>
		<Cote>49Fi1244</Cote>
		<Observations></Observations>
		<Origine>Don Faucher-Berhelé entré le 10/11/1978.</Origine>
		<Droits_Repro>Domaine public</Droits_Repro>
		<subject>EQUIPEMENT MILITAIRE;GUERRE 1914-1918;</subject>
		<geoname>NANTEUIL-LA-FOSSE (village);AISNE (département);</geoname>
		<persname></persname>
		<corpname></corpname>
	</DocsFigures>
<DocsFigures>
		<Titre>Longpont. Abbaye</Titre>
		<Analyse>Vue des ruines de l&apos;abbaye de Longpont (Aisne).
1917. 
Guerre 1914-1918.</Analyse>
		<Realise_en>1917</Realise_en>
		<Liste_des_auteurs>BERTHELÉ, Raoul</Liste_des_auteurs>
		<Type_Doc>NEGATIF N&amp;B</Type_Doc>
		<Support>VERRE</Support>
		<Technique>Photographie stéréo</Technique>
		<Format>6,5 x 12 cm</Format>
		<Cote>49Fi1245</Cote>
		<Observations>La plaque est inexploitable.</Observations>
		<Origine>Don Faucher-Berhelé entré le 10/11/1978.</Origine>
		<Droits_Repro>Domaine public</Droits_Repro>
		<subject>SINISTRE;BIEN SINISTRE;GUERRE 1914-1918;</subject>
		<geoname>LONGPONT (village);AISNE (département);</geoname>
		<persname></persname>
		<corpname></corpname>
	</DocsFigures>
<DocsFigures>
		<Titre>Berzy le Sec. Station météo sondage R. B.</Titre>
		<Analyse>Raoul Berthelé et son équipe font des sondages à la station météo de Berzy-le-Sec (Aisne).
Entre 1917 et 1918. 
Guerre 1914-1918.</Analyse>
		<Realise_en></Realise_en>
		<Liste_des_auteurs>BERTHELÉ, Raoul</Liste_des_auteurs>
		<Type_Doc>NEGATIF N&amp;B</Type_Doc>
		<Support>VERRE</Support>
		<Technique>Photographie stéréo</Technique>
		<Format>6,5 x 12 cm</Format>
		<Cote>49Fi1246</Cote>
		<Observations>La plaque est inexploitable.</Observations>
		<Origine>Don Faucher-Berhelé entré le 10/11/1978.</Origine>
		<Droits_Repro>Domaine public</Droits_Repro>
		<subject>METEOROLOGIE;MILITAIRE;GUERRE 1914-1918;</subject>
		<geoname>BERZY-LE-SEC (village);AISNE (département);</geoname>
		<persname>BERTHELE, Raoul;</persname>
		<corpname></corpname>
	</DocsFigures>
<DocsFigures>
		<Titre>Berzy le Sec. Station météo sondage</Titre>
		<Analyse>Raoul Berthelé et son équipe font des sondages à la station météo de Berzy-le-Sec (Aisne).
Entre 1917 et 1918. 
Guerre 1914-1918.</Analyse>
		<Realise_en></Realise_en>
		<Liste_des_auteurs>BERTHELÉ, Raoul</Liste_des_auteurs>
		<Type_Doc>NEGATIF N&amp;B</Type_Doc>
		<Support>VERRE</Support>
		<Technique>Photographie stéréo</Technique>
		<Format>6,5 x 12 cm</Format>
		<Cote>49Fi1247</Cote>
		<Observations>La plaque est inexploitable.</Observations>
		<Origine>Don Faucher-Berhelé entré le 10/11/1978.</Origine>
		<Droits_Repro>Domaine public</Droits_Repro>
		<subject>METEOROLOGIE;MILITAIRE;GUERRE 1914-1918;</subject>
		<geoname>BERZY-LE-SEC (village);AISNE (département);</geoname>
		<persname>BERTHELE, Raoul;</persname>
		<corpname></corpname>
	</DocsFigures>
<DocsFigures>
		<Titre>Septmonts. Donjon</Titre>
		<Analyse>Vue du donjon du château de Septmonts (Aisne).
1918. 
Guerre 1914-1918.</Analyse>
		<Realise_en>1918</Realise_en>
		<Liste_des_auteurs>BERTHELÉ, Raoul</Liste_des_auteurs>
		<Type_Doc>NEGATIF N&amp;B</Type_Doc>
		<Support>VERRE</Support>
		<Technique>Photographie stéréo</Technique>
		<Format>6,5 x 12 cm</Format>
		<Cote>49Fi1248</Cote>
		<Observations>La plaque est inexploitable.</Observations>
		<Origine>Don Faucher-Berhelé entré le 10/11/1978.</Origine>
		<Droits_Repro>Domaine public</Droits_Repro>
		<subject>GUERRE 1914-1918;</subject>
		<geoname>SEPTMONTS (village);AISNE (département);</geoname>
		<persname></persname>
		<corpname></corpname>
	</DocsFigures>
<DocsFigures>
		<Titre>Longpont. Abbaye</Titre>
		<Analyse>Vue d&apos;un groupe de soldats devant l&apos;abbaye en ruine de Longpont (Aisne).
1917. 
Guerre 1914-1918.</Analyse>
		<Realise_en>1917</Realise_en>
		<Liste_des_auteurs>BERTHELÉ, Raoul</Liste_des_auteurs>
		<Type_Doc>NEGATIF N&amp;B</Type_Doc>
		<Support>VERRE</Support>
		<Technique>Photographie stéréo</Technique>
		<Format>6,5 x 12 cm</Format>
		<Cote>49Fi1249</Cote>
		<Observations>La plaque est inexploitable.</Observations>
		<Origine>Don Faucher-Berhelé entré le 10/11/1978.</Origine>
		<Droits_Repro>Domaine public</Droits_Repro>
		<subject>MILITAIRE;SINISTRE;BIEN SINISTRE;GUERRE 1914-1918;</subject>
		<geoname>LONGPONT (village);AISNE (département);</geoname>
		<persname></persname>
		<corpname></corpname>
	</DocsFigures>
<DocsFigures>
		<Titre>En aéro. 2/6/17. 800 m. Aulnay sous Bois</Titre>
		<Analyse>Photographie aérienne d&apos;Aulnay-sous-Bois (Seine-Saint-Denis) à 8oo métres d&apos;altitude avec Le sous-lieutenant Michas comme pilote sur un biplan Caudron bimoteur G4. N° C.1293.
2 juin1917.
Guerre 1914-1918.</Analyse>
		<Realise_en>1917</Realise_en>
		<Liste_des_auteurs>BERTHELÉ, Raoul</Liste_des_auteurs>
		<Type_Doc>NEGATIF N&amp;B</Type_Doc>
		<Support>VERRE</Support>
		<Technique>Photographie stéréo</Technique>
		<Format>6,5 x 12 cm</Format>
		<Cote>49Fi1250</Cote>
		<Observations>Même cliché que le 49Fi1878/68</Observations>
		<Origine>Don Faucher-Berhelé entré le 10/11/1978.</Origine>
		<Droits_Repro>Domaine public</Droits_Repro>
		<subject>GUERRE 1914-1918;</subject>
		<geoname>SEINE-SAINT-DENIS (Département);AULNAY-SOUS-BOIS (ville);</geoname>
		<persname></persname>
		<corpname></corpname>
	</DocsFigures>
<DocsFigures>
		<Titre>En aéro. 2/6/17. Dugny. Réserve d&apos;aviation</Titre>
		<Analyse>Photographie aérienne de la réserve générale d&apos;aviation à Dugny (Seine-Saint-Denis)  avec le sous-lieutenant Michas comme pilote sur un biplan Caudron bimoteur G4. N° C.1293.
2 juin1917.
Guerre 1914-1918.</Analyse>
		<Realise_en>1917</Realise_en>
		<Liste_des_auteurs>BERTHELÉ, Raoul</Liste_des_auteurs>
		<Type_Doc>NEGATIF N&amp;B</Type_Doc>
		<Support>VERRE</Support>
		<Technique>Photographie stéréo</Technique>
		<Format>6,5 x 12 cm</Format>
		<Cote>49Fi1251</Cote>
		<Observations>Même cliché que le 49Fi1878/66</Observations>
		<Origine>Don Faucher-Berhelé entré le 10/11/1978.</Origine>
		<Droits_Repro>Domaine public</Droits_Repro>
		<subject>GUERRE 1914-1918;</subject>
		<geoname>DUGNY (ville);SEINE-SAINT-DENIS (Département);</geoname>
		<persname></persname>
		<corpname></corpname>
	</DocsFigures>
<DocsFigures>
		<Titre>En aéro. 2/6/17. 500m. Le camp retranché. Le Bourget</Titre>
		<Analyse>Photographie aérienne du camp retranché du Bourget (Seine-Saint-Denis) avec le sous-lieutenant Michas comme pilote sur un biplan Caudron bimoteur G4. N° C.1293.
2 juin1917.
Guerre 1914-1918.</Analyse>
		<Realise_en>1917</Realise_en>
		<Liste_des_auteurs>BERTHELÉ, Raoul</Liste_des_auteurs>
		<Type_Doc>NEGATIF N&amp;B</Type_Doc>
		<Support>VERRE</Support>
		<Technique>Photographie stéréo</Technique>
		<Format>6,5 x 12 cm</Format>
		<Cote>49Fi1252</Cote>
		<Observations>Même cliché que le 49Fi1878/67</Observations>
		<Origine>Don Faucher-Berhelé entré le 10/11/1978.</Origine>
		<Droits_Repro>Domaine public</Droits_Repro>
		<subject>GUERRE 1914-1918;</subject>
		<geoname>BOURGET (LE) (ville);SEINE-SAINT-DENIS (Département);</geoname>
		<persname></persname>
		<corpname></corpname>
	</DocsFigures>
<DocsFigures>
		<Titre>Le Plessis-Belleville. Atterrissage. Terrain. G.D.E. 2/6/17</Titre>
		<Analyse>Photographie aérienne du terrain d&apos;aterrissage du Plessis-Belleville (Oise)  avec Le sous-lieutenant Michas comme pilote sur un biplan Caudron bimoteur G4. N° C.1293.
2 juin1917.
Guerre 1914-1918.</Analyse>
		<Realise_en>1917</Realise_en>
		<Liste_des_auteurs>BERTHELÉ, Raoul</Liste_des_auteurs>
		<Type_Doc>NEGATIF N&amp;B</Type_Doc>
		<Support>VERRE</Support>
		<Technique>Photographie stéréo</Technique>
		<Format>6,5 x 12 cm</Format>
		<Cote>49Fi1253</Cote>
		<Observations>Même cliché que le 49Fi1878/75</Observations>
		<Origine>Don Faucher-Berhelé entré le 10/11/1978.</Origine>
		<Droits_Repro>Domaine public</Droits_Repro>
		<subject>GUERRE 1914-1918;</subject>
		<geoname>OISE (département);PLESSIS-BELLEVILLE (LE) (village);</geoname>
		<persname></persname>
		<corpname></corpname>
	</DocsFigures>
<DocsFigures>
		<Titre>En aéro. 300m. Le Plessis-Belleville. 2/6/17</Titre>
		<Analyse>Photographie aérienne à 300 m. de l&apos; agglomération du Plessis-Belleville (Oise)  avec Le sous-lieutenant Michas comme pilote sur un biplan Caudron bimoteur G4. N° C.1293.
2 juin1917.
Guerre 1914-1918.</Analyse>
		<Realise_en>1917</Realise_en>
		<Liste_des_auteurs>BERTHELÉ, Raoul</Liste_des_auteurs>
		<Type_Doc>NEGATIF N&amp;B</Type_Doc>
		<Support>VERRE</Support>
		<Technique>Photographie stéréo</Technique>
		<Format>6,5 x 12 cm</Format>
		<Cote>49Fi1254</Cote>
		<Observations>Même cliché que le 49Fi1878/74</Observations>
		<Origine>Don Faucher-Berhelé entré le 10/11/1978.</Origine>
		<Droits_Repro>Domaine public</Droits_Repro>
		<subject>GUERRE 1914-1918;</subject>
		<geoname>OISE (département);PLESSIS-BELLEVILLE (LE) (village);</geoname>
		<persname></persname>
		<corpname></corpname>
	</DocsFigures>
<DocsFigures>
		<Titre>En aéro. 2/6/17</Titre>
		<Analyse>Photographie aérienne sans légende d&apos;une agglomération dans la campagne avec le sous-lieutenant Michas comme pilote sur un biplan Caudron bimoteur G4. N° C.1293.
2 juin1917.
Guerre 1914-1918.</Analyse>
		<Realise_en>1917</Realise_en>
		<Liste_des_auteurs>BERTHELÉ, Raoul</Liste_des_auteurs>
		<Type_Doc>NEGATIF N&amp;B</Type_Doc>
		<Support>VERRE</Support>
		<Technique>Photographie stéréo</Technique>
		<Format>6,5 x 12 cm</Format>
		<Cote>49Fi1255</Cote>
		<Observations>Même cliché que le 49Fi1878/72.
Un bout de l&apos;aile de l&apos;avion masque une partie de l&apos;image..</Observations>
		<Origine>Don Faucher-Berhelé entré le 10/11/1978.</Origine>
		<Droits_Repro>Domaine public</Droits_Repro>
		<subject>GUERRE 1914-1918;</subject>
		<geoname></geoname>
		<persname></persname>
		<corpname></corpname>
	</DocsFigures>
<DocsFigures>
		<Titre>Dugny. Lt Michas. Caudron G4 C 1293</Titre>
		<Analyse>Le lieutenant Michas pose devant un biplan Caudron bimoteur G4. N° C.1293 à Dugny (Seine-Saint-Denis). 
2 juin1917.
Guerre 1914-1918.</Analyse>
		<Realise_en>1917</Realise_en>
		<Liste_des_auteurs>BERTHELÉ, Raoul</Liste_des_auteurs>
		<Type_Doc>NEGATIF N&amp;B</Type_Doc>
		<Support>VERRE</Support>
		<Technique>Photographie stéréo</Technique>
		<Format>6,5 x 12 cm</Format>
		<Cote>49Fi1256</Cote>
		<Observations>Même cliché que le 49Fi1878/65.</Observations>
		<Origine>Don Faucher-Berhelé entré le 10/11/1978.</Origine>
		<Droits_Repro>Domaine public</Droits_Repro>
		<subject>GUERRE 1914-1918;</subject>
		<geoname>DUGNY (ville);SEINE-SAINT-DENIS (Département);</geoname>
		<persname></persname>
		<corpname></corpname>
	</DocsFigures>
<DocsFigures>
		<Titre>En aéro. 1200m. Lieutenant Michas. Caudron bimoteur G4</Titre>
		<Analyse>Portrait en vol du sous-lieutenant Michas pilotant un biplan Caudron bimoteur G4. N° C.1293.
2 juin1917.
Guerre 1914-1918.</Analyse>
		<Realise_en>1917</Realise_en>
		<Liste_des_auteurs>BERTHELÉ, Raoul</Liste_des_auteurs>
		<Type_Doc>NEGATIF N&amp;B</Type_Doc>
		<Support>VERRE</Support>
		<Technique>Photographie stéréo</Technique>
		<Format>6,5 x 12 cm</Format>
		<Cote>49Fi1257</Cote>
		<Observations>Même cliché que le 49Fi1878/69.</Observations>
		<Origine>Don Faucher-Berhelé entré le 10/11/1978.</Origine>
		<Droits_Repro>Domaine public</Droits_Repro>
		<subject>GUERRE 1914-1918;</subject>
		<geoname></geoname>
		<persname></persname>
		<corpname></corpname>
	</DocsFigures>
<DocsFigures>
		<Titre>En aéro. 2/6/1917</Titre>
		<Analyse>Photographie aérienne d&apos;une agglomération dans la campagne avec le sous-lieutenant Michas comme pilote sur un biplan Caudron bimoteur G4. N° C.1293.
2 juin1917.
Guerre 1914-1918.</Analyse>
		<Realise_en>1917</Realise_en>
		<Liste_des_auteurs>BERTHELÉ, Raoul</Liste_des_auteurs>
		<Type_Doc>NEGATIF N&amp;B</Type_Doc>
		<Support>VERRE</Support>
		<Technique>Photographie stéréo</Technique>
		<Format>6,5 x 12 cm</Format>
		<Cote>49Fi1258</Cote>
		<Observations>Même cliché que le 49Fi1878/73
L&apos;aile de l&apos;avion  masque une partie de l&apos;image.</Observations>
		<Origine>Don Faucher-Berhelé entré le 10/11/1978.</Origine>
		<Droits_Repro>Domaine public</Droits_Repro>
		<subject>GUERRE 1914-1918;</subject>
		<geoname></geoname>
		<persname></persname>
		<corpname></corpname>
	</DocsFigures>
<DocsFigures>
		<Titre>En aéro. 2/6/1917</Titre>
		<Analyse>Photographie aérienne sans légende d&apos;une agglomération dans la campagne avec le sous-lieutenant Michas comme pilote sur un biplan Caudron bimoteur G4. N° C.1293.
2 juin1917.
Guerre 1914-1918.</Analyse>
		<Realise_en>1917</Realise_en>
		<Liste_des_auteurs>BERTHELÉ, Raoul</Liste_des_auteurs>
		<Type_Doc>NEGATIF N&amp;B</Type_Doc>
		<Support>VERRE</Support>
		<Technique>Photographie stéréo</Technique>
		<Format>6,5 x 12 cm</Format>
		<Cote>49Fi1259</Cote>
		<Observations>Même cliché que le 49Fi1878/71
L&apos;aile de l&apos;avion masque une partie de l&apos;image.</Observations>
		<Origine>Don Faucher-Berhelé entré le 10/11/1978.</Origine>
		<Droits_Repro>Domaine public</Droits_Repro>
		<subject>GUERRE 1914-1918;</subject>
		<geoname></geoname>
		<persname></persname>
		<corpname></corpname>
	</DocsFigures>
<DocsFigures>
		<Titre>En aéro. 2/6/1917. Forêt près Sevran</Titre>
		<Analyse>Photographie aérienne de la forêt près de Sevran (Seine-Saint-Denis).
2 juin1917.
Guerre 1914-1918.
Avec le sous-lieutenant Michas comme pilote sur un biplan Caudron bimoteur G4. N° C.1293.</Analyse>
		<Realise_en>1917</Realise_en>
		<Liste_des_auteurs>BERTHELÉ, Raoul</Liste_des_auteurs>
		<Type_Doc>NEGATIF N&amp;B</Type_Doc>
		<Support>VERRE</Support>
		<Technique>Photographie stéréo</Technique>
		<Format>6,5 x 12 cm</Format>
		<Cote>49Fi1260</Cote>
		<Observations>Même cliché que le 49Fi1878/70
L&apos;aile de l&apos;avion masque une partie de l&apos;image.</Observations>
		<Origine>Don Faucher-Berhelé entré le 10/11/1978.</Origine>
		<Droits_Repro>Domaine public</Droits_Repro>
		<subject>GUERRE 1914-1918;</subject>
		<geoname>SEINE-SAINT-DENIS (Département);SEVRAN (ville);</geoname>
		<persname></persname>
		<corpname></corpname>
	</DocsFigures>
<DocsFigures>
		<Titre>Allemant. Auto canon boche. Capitaine Courtois</Titre>
		<Analyse>Vue panoramique du capitaine Courtois posant à coté d&apos;une auto-canon allemande détruite près d&apos;Allemant (Aisne).
11 février 1918.
Guerre 1914-1918.</Analyse>
		<Realise_en>1918</Realise_en>
		<Liste_des_auteurs>BERTHELÉ, Raoul</Liste_des_auteurs>
		<Type_Doc>NEGATIF N&amp;B</Type_Doc>
		<Support>VERRE</Support>
		<Technique>Photographie</Technique>
		<Format>6,5 x 12 cm</Format>
		<Cote>49Fi1261</Cote>
		<Observations>Image pratiquement identique à la 49Fi1273, seul le capitaine Courtois à changé de place.</Observations>
		<Origine>Don Faucher-Berhelé entré le 10/11/1978.</Origine>
		<Droits_Repro>Domaine public</Droits_Repro>
		<subject>GUERRE 1914-1918;</subject>
		<geoname>AISNE (département);ALLEMANT (village);</geoname>
		<persname></persname>
		<corpname></corpname>
	</DocsFigures>
<DocsFigures>
		<Titre>Château de la Motte près d&apos;Allemant. 2/11/18</Titre>
		<Analyse>Vue d&apos;un amas de ruines et de gravats du château de la Motte près d&apos;Allemant (Aisne).
2 novembre 1918
Guerre 1914-1918.</Analyse>
		<Realise_en>1918</Realise_en>
		<Liste_des_auteurs>BERTHELÉ, Raoul</Liste_des_auteurs>
		<Type_Doc>NEGATIF N&amp;B</Type_Doc>
		<Support>VERRE</Support>
		<Technique>Photographie stéréo</Technique>
		<Format>6,5 x 12 cm</Format>
		<Cote>49Fi1262</Cote>
		<Observations></Observations>
		<Origine>Don Faucher-Berhelé entré le 10/11/1978.</Origine>
		<Droits_Repro>Domaine public</Droits_Repro>
		<subject>SINISTRE;BIEN SINISTRE;GUERRE 1914-1918;</subject>
		<geoname>ALLEMANT (village);AISNE (département);</geoname>
		<persname></persname>
		<corpname></corpname>
	</DocsFigures>
<DocsFigures>
		<Titre>Allemant. Panorama du village. 11/2/18. Cap. Courtois</Titre>
		<Analyse>Vue panoramique  plongeante du village d&apos;Allemant (Aisne) rasé par les bombardements. Sur la droite de l&apos;image, le capitaine Courtois, observe ce paysage de désolation.
11 février 1918
Guerre 1914-1918.</Analyse>
		<Realise_en>1918</Realise_en>
		<Liste_des_auteurs>BERTHELÉ, Raoul</Liste_des_auteurs>
		<Type_Doc>NEGATIF N&amp;B</Type_Doc>
		<Support>VERRE</Support>
		<Technique>Photographie</Technique>
		<Format>6,5 x 12 cm</Format>
		<Cote>49Fi1263</Cote>
		<Observations></Observations>
		<Origine>Don Faucher-Berhelé entré le 10/11/1978.</Origine>
		<Droits_Repro>Domaine public</Droits_Repro>
		<subject>MILITAIRE;SITE;SINISTRE;GUERRE 1914-1918;</subject>
		<geoname>AISNE (département);ALLEMANT (village);</geoname>
		<persname></persname>
		<corpname></corpname>
	</DocsFigures>
<DocsFigures>
		<Titre>Allemant. Ruines du village. 11/2/18.</Titre>
		<Analyse>Vue panoramique  du village d&apos;Allemant (Aisne) rasé par les bombardements. Le capitaine Courtois pose adossé contre un arbre. 
11 février 1918
Guerre 1914-1918.</Analyse>
		<Realise_en>1918</Realise_en>
		<Liste_des_auteurs>BERTHELÉ, Raoul</Liste_des_auteurs>
		<Type_Doc>NEGATIF N&amp;B</Type_Doc>
		<Support>VERRE</Support>
		<Technique>Photographie</Technique>
		<Format>6,5 x 12 cm</Format>
		<Cote>49Fi1264</Cote>
		<Observations></Observations>
		<Origine>Don Faucher-Berhelé entré le 10/11/1978.</Origine>
		<Droits_Repro>Domaine public</Droits_Repro>
		<subject>SINISTRE;BIEN SINISTRE;GUERRE 1914-1918;</subject>
		<geoname>ALLEMANT (village);AISNE (département);</geoname>
		<persname></persname>
		<corpname></corpname>
	</DocsFigures>
<DocsFigures>
		<Titre>Laffaux. Ruines du village</Titre>
		<Analyse>Vue du village de Laffaux (Aisne) rasé par les bombardements. Il ne reste plus qu&apos;amas de ruines et de gravats. 
1918.
Guerre 1914-1918.</Analyse>
		<Realise_en>1918</Realise_en>
		<Liste_des_auteurs>BERTHELÉ, Raoul</Liste_des_auteurs>
		<Type_Doc>NEGATIF N&amp;B</Type_Doc>
		<Support>VERRE</Support>
		<Technique>Photographie stéréo</Technique>
		<Format>6,5 x 12 cm</Format>
		<Cote>49Fi1265</Cote>
		<Observations></Observations>
		<Origine>Don Faucher-Berhelé entré le 10/11/1978.</Origine>
		<Droits_Repro>Domaine public</Droits_Repro>
		<subject>SINISTRE;BIEN SINISTRE;GUERRE 1914-1918;</subject>
		<geoname>AISNE (département);LAFFAUX (village);</geoname>
		<persname></persname>
		<corpname></corpname>
	</DocsFigures>
<DocsFigures>
		<Titre>Poulainville. Tank allemand</Titre>
		<Analyse>Vu latérale d&apos;un tank allemand intact &quot;Captured by 26° B AIF... Villers Bretonneux&quot; à Poulainville (Somme). 
1918.
Guerre 1914-1918.
Il s&apos;agit d&apos;un tank modèle Sturmpanzerwagen A7V.</Analyse>
		<Realise_en>1918</Realise_en>
		<Liste_des_auteurs>BERTHELÉ, Raoul</Liste_des_auteurs>
		<Type_Doc>NEGATIF N&amp;B</Type_Doc>
		<Support>VERRE</Support>
		<Technique>Photographie stéréo</Technique>
		<Format>6,5 x 12 cm</Format>
		<Cote>49Fi1266</Cote>
		<Observations></Observations>
		<Origine>Don Faucher-Berhelé entré le 10/11/1978.</Origine>
		<Droits_Repro>Domaine public</Droits_Repro>
		<subject>ETRANGER;EQUIPEMENT MILITAIRE;GUERRE 1914-1918;</subject>
		<geoname>SOMME (département);POULAINVILLE (village);</geoname>
		<persname></persname>
		<corpname></corpname>
	</DocsFigures>
<DocsFigures>
		<Titre>Poulainville. Tank allemand</Titre>
		<Analyse>Vu de trois quart d&apos;un tank allemand intact &quot;Captured by 26° B AIF... Villers Bretonneux&quot; à Poulainville (Somme). 
1918.
Guerre 1914-1918.
Il s&apos;agit d&apos;un tank modèle Sturmpanzerwagen A7V.</Analyse>
		<Realise_en>1918</Realise_en>
		<Liste_des_auteurs>BERTHELÉ, Raoul</Liste_des_auteurs>
		<Type_Doc>NEGATIF N&amp;B</Type_Doc>
		<Support>VERRE</Support>
		<Technique>Photographie stéréo</Technique>
		<Format>6,5 x 12 cm</Format>
		<Cote>49Fi1267</Cote>
		<Observations>Le tank est baptisé : &quot;MEPHISTO&quot;.</Observations>
		<Origine>Don Faucher-Berhelé entré le 10/11/1978.</Origine>
		<Droits_Repro>Domaine public</Droits_Repro>
		<subject>ETRANGER;EQUIPEMENT MILITAIRE;MILITAIRE;GUERRE 1914-1918;</subject>
		<geoname>SOMME (département);POULAINVILLE (village);</geoname>
		<persname></persname>
		<corpname></corpname>
	</DocsFigures>
<DocsFigures>
		<Titre>Poulainville. Tank anglais</Titre>
		<Analyse>Vu de trois quart d&apos;un tank anglais (avec cinq soldats qui posent) à Poulainville (Somme). 
1918.
Guerre 1914-1918.
Il s&apos;agit d&apos;un tank medium, Mark A, surnommé The Whippet (le lévrier).</Analyse>
		<Realise_en>1918</Realise_en>
		<Liste_des_auteurs>BERTHELÉ, Raoul</Liste_des_auteurs>
		<Type_Doc>NEGATIF N&amp;B</Type_Doc>
		<Support>VERRE</Support>
		<Technique>Photographie stéréo</Technique>
		<Format>6,5 x 12 cm</Format>
		<Cote>49Fi1268</Cote>
		<Observations></Observations>
		<Origine>Don Faucher-Berhelé entré le 10/11/1978.</Origine>
		<Droits_Repro>Domaine public</Droits_Repro>
		<subject>MILITAIRE;EQUIPEMENT MILITAIRE;GUERRE 1914-1918;</subject>
		<geoname>SOMME (département);POULAINVILLE (village);</geoname>
		<persname></persname>
		<corpname></corpname>
	</DocsFigures>
<DocsFigures>
		<Titre>Poulainville. Tank boche</Titre>
		<Analyse>Vu de trois quart d&apos;un tank allemand (&quot;Captured by 26° Batt  AIF... ) à Poulainville (Somme). 
1918.
Guerre 1914-1918.
Il s&apos;agit d&apos;un tank modèle Sturmpanzerwagen A7V.</Analyse>
		<Realise_en>1918</Realise_en>
		<Liste_des_auteurs>BERTHELÉ, Raoul</Liste_des_auteurs>
		<Type_Doc>NEGATIF N&amp;B</Type_Doc>
		<Support>VERRE</Support>
		<Technique>Photographie stéréo</Technique>
		<Format>6,5 x 12 cm</Format>
		<Cote>49Fi1269</Cote>
		<Observations></Observations>
		<Origine>Don Faucher-Berhelé entré le 10/11/1978.</Origine>
		<Droits_Repro>Domaine public</Droits_Repro>
		<subject>ETRANGER;EQUIPEMENT MILITAIRE;GUERRE 1914-1918;</subject>
		<geoname>SOMME (département);POULAINVILLE (village);</geoname>
		<persname></persname>
		<corpname></corpname>
	</DocsFigures>
<DocsFigures>
		<Titre>St Idelsbade [Saint-Idesbalde]. Pièce de 100 de marine</Titre>
		<Analyse>Pièce de 100 de marine à Saint-Idesbalde, province des Flandres Occidentales, région Flamande (Belgique) .
1918.
Guerre 1914-1918.</Analyse>
		<Realise_en>1918</Realise_en>
		<Liste_des_auteurs>BERTHELÉ, Raoul</Liste_des_auteurs>
		<Type_Doc>NEGATIF N&amp;B</Type_Doc>
		<Support>VERRE</Support>
		<Technique>Photographie stéréo</Technique>
		<Format>6,5 x 12 cm</Format>
		<Cote>49Fi1270</Cote>
		<Observations></Observations>
		<Origine>Don Faucher-Berhelé entré le 10/11/1978.</Origine>
		<Droits_Repro>Domaine public</Droits_Repro>
		<subject>GUERRE 1914-1918;</subject>
		<geoname>SAINT-IDESBALDE (ville);BELGIQUE (pays);</geoname>
		<persname></persname>
		<corpname></corpname>
	</DocsFigures>
<DocsFigures>
		<Titre>Vailly. Parc du génie GC4 et Buffier</Titre>
		<Analyse>Abris avec des soldats prenant le soleil au parc du génie de Vailly-sur-Aisne (Aisne).
1918
Guerre 1914-1918.</Analyse>
		<Realise_en>1918</Realise_en>
		<Liste_des_auteurs>BERTHELÉ, Raoul</Liste_des_auteurs>
		<Type_Doc>NEGATIF N&amp;B</Type_Doc>
		<Support>VERRE</Support>
		<Technique>Photographie stéréo</Technique>
		<Format>6,5 x 12 cm</Format>
		<Cote>49Fi1271/1</Cote>
		<Observations>Les deux clichés de la plaque stéréo sont différents. L&apos;autre porte la cote 49Fi1271/2</Observations>
		<Origine>Don Faucher-Berhelé entré le 10/11/1978.</Origine>
		<Droits_Repro>Domaine public</Droits_Repro>
		<subject>MILITAIRE;INFRASTRUCTURE MILITAIRE;VEHICULE AUTOMOBILE;GUERRE 1914-1918;</subject>
		<geoname>VAILLY-SUR-AISNE (ville);AISNE (département);</geoname>
		<persname></persname>
		<corpname></corpname>
	</DocsFigures>
<DocsFigures>
		<Titre>Vailly. Parc du génie GC4 et Buffier.</Titre>
		<Analyse>Vue générale du parc du génie à Vailly-sur-Aisne (Aisne).
1918.
Guerre 1914-1918.</Analyse>
		<Realise_en>1918</Realise_en>
		<Liste_des_auteurs>BERTHELÉ, Raoul</Liste_des_auteurs>
		<Type_Doc>NEGATIF N&amp;B</Type_Doc>
		<Support>VERRE</Support>
		<Technique>Photographie stéréo</Technique>
		<Format>6,5 x 12 cm</Format>
		<Cote>49Fi1271/2</Cote>
		<Observations>Les deux clichés de la plaque stéréo sont différents. L&apos;autre porte la cote 49Fi1271/1.</Observations>
		<Origine>Don Faucher-Berhelé entré le 10/11/1978.</Origine>
		<Droits_Repro>Domaine public</Droits_Repro>
		<subject>GUERRE 1914-1918;</subject>
		<geoname>AISNE (département);VAILLY-SUR-AISNE (ville);</geoname>
		<persname></persname>
		<corpname></corpname>
	</DocsFigures>
<DocsFigures>
		<Titre>Vailly. PC. Naurois. Commandt Cailloi et Lt. Rognier</Titre>
		<Analyse>Le commandant Cailloi, le lieutenant Rognier, et Naurois posent devant le PC du parc du génie de Vailly-sur-Aisne (Aisne).
1918
Guerre 1914-1918.</Analyse>
		<Realise_en>1918</Realise_en>
		<Liste_des_auteurs>BERTHELÉ, Raoul</Liste_des_auteurs>
		<Type_Doc>NEGATIF N&amp;B</Type_Doc>
		<Support>VERRE</Support>
		<Technique>Photographie stéréo</Technique>
		<Format>6,5 x 12 cm</Format>
		<Cote>49Fi1272/1</Cote>
		<Observations>Les deux clichés de la plaque stéréo sont différents. L&apos;autre porte la cote 49Fi1272/2.</Observations>
		<Origine>Don Faucher-Berhelé entré le 10/11/1978.</Origine>
		<Droits_Repro>Domaine public</Droits_Repro>
		<subject>GUERRE 1914-1918;</subject>
		<geoname>AISNE (département);VAILLY-SUR-AISNE (ville);</geoname>
		<persname></persname>
		<corpname></corpname>
	</DocsFigures>
<DocsFigures>
		<Titre>Vailly. PC. Naurois. Commandt Cailloi et Lt. Rognier</Titre>
		<Analyse>Le commandant Cailloi, le lieutenant Rognier, et Naurois posent devant le PC du parc du génie de Vailly-sur-Aisne (Aisne).
1918
Guerre 1914-1918.</Analyse>
		<Realise_en>1918</Realise_en>
		<Liste_des_auteurs>BERTHELÉ, Raoul</Liste_des_auteurs>
		<Type_Doc>NEGATIF N&amp;B</Type_Doc>
		<Support>VERRE</Support>
		<Technique>Photographie stéréo</Technique>
		<Format>6,5 x 12 cm</Format>
		<Cote>49Fi1272/2</Cote>
		<Observations>Les deux clichés de la plaque stéréo sont différents. L&apos;autre porte la cote 49Fi1272/1.</Observations>
		<Origine>Don Faucher-Berhelé entré le 10/11/1978.</Origine>
		<Droits_Repro>Domaine public</Droits_Repro>
		<subject>GUERRE 1914-1918;</subject>
		<geoname>VAILLY-SUR-AISNE (ville);AISNE (département);</geoname>
		<persname></persname>
		<corpname></corpname>
	</DocsFigures>
<DocsFigures>
		<Titre>Allemant. Cote 103.2. auto canon boche démolie par un obus. 11/2/18.</Titre>
		<Analyse>Vue panoramique du capitaine Courtois pose a coté d&apos;une auto-canon allemande détruite près d&apos;Allemant (Aisne).
11 février 1918.
Guerre 1914-1918.</Analyse>
		<Realise_en>1918</Realise_en>
		<Liste_des_auteurs>BERTHELÉ, Raoul</Liste_des_auteurs>
		<Type_Doc>NEGATIF N&amp;B</Type_Doc>
		<Support>VERRE</Support>
		<Technique>Photographie</Technique>
		<Format>6,5 x 12 cm</Format>
		<Cote>49Fi1273</Cote>
		<Observations>Image pratiquement identique à la 49Fi1261, seul le capitaine Courtois à changé de place.
Image identique à la 49Fi1605.</Observations>
		<Origine>Don Faucher-Berhelé entré le 10/11/1978.</Origine>
		<Droits_Repro>Domaine public</Droits_Repro>
		<subject>GUERRE 1914-1918;</subject>
		<geoname>AISNE (département);ALLEMANT (village);</geoname>
		<persname></persname>
		<corpname></corpname>
	</DocsFigures>
<DocsFigures>
		<Titre>11/2/18. Le moulin de Laffaux.</Titre>
		<Analyse>Amas de ruines et de gravats du moulin de Laffaux (Aisne)  rasé par les bombes.
11 février 1918.
Guerre 1914-1918.</Analyse>
		<Realise_en>1918</Realise_en>
		<Liste_des_auteurs>BERTHELÉ, Raoul</Liste_des_auteurs>
		<Type_Doc>NEGATIF N&amp;B</Type_Doc>
		<Support>VERRE</Support>
		<Technique>Photographie stéréo</Technique>
		<Format>6,5 x 12 cm</Format>
		<Cote>49Fi1274</Cote>
		<Observations></Observations>
		<Origine>Don Faucher-Berhelé entré le 10/11/1978.</Origine>
		<Droits_Repro>Domaine public</Droits_Repro>
		<subject>SINISTRE;BIEN SINISTRE;GUERRE 1914-1918;</subject>
		<geoname>LAFFAUX (village);AISNE (département);</geoname>
		<persname></persname>
		<corpname></corpname>
	</DocsFigures>
<DocsFigures>
		<Titre>Allemant. Ruines de l&apos;église.</Titre>
		<Analyse>Amas de ruines et de gravats de l&apos;église d&apos;Allemant (Aisne)  rasée par les bombes.
1918.
Guerre 1914-1918.</Analyse>
		<Realise_en>1918</Realise_en>
		<Liste_des_auteurs>BERTHELÉ, Raoul</Liste_des_auteurs>
		<Type_Doc>NEGATIF N&amp;B</Type_Doc>
		<Support>VERRE</Support>
		<Technique>Photographie stéréo</Technique>
		<Format>6,5 x 12 cm</Format>
		<Cote>49Fi1275</Cote>
		<Observations></Observations>
		<Origine>Don Faucher-Berhelé entré le 10/11/1978.</Origine>
		<Droits_Repro>Domaine public</Droits_Repro>
		<subject>EDIFICE CULTUEL;BIEN SINISTRE;SINISTRE;GUERRE 1914-1918;</subject>
		<geoname>ALLEMANT (village);AISNE (département);</geoname>
		<persname></persname>
		<corpname></corpname>
	</DocsFigures>
<DocsFigures>
		<Titre>Allemant. Ruine 11/2/18</Titre>
		<Analyse>Une route traverse l&apos; amas de ruines et de gravats du village d&apos;Allemant (Aisne) rasé par les bombes.
11 février 1918.
Guerre 1914-1918.</Analyse>
		<Realise_en>1918</Realise_en>
		<Liste_des_auteurs>BERTHELÉ, Raoul</Liste_des_auteurs>
		<Type_Doc>NEGATIF N&amp;B</Type_Doc>
		<Support>VERRE</Support>
		<Technique>Photographie stéréo</Technique>
		<Format>6,5 x 12 cm</Format>
		<Cote>49Fi1276</Cote>
		<Observations></Observations>
		<Origine>Don Faucher-Berhelé entré le 10/11/1978.</Origine>
		<Droits_Repro>Domaine public</Droits_Repro>
		<subject>SINISTRE;BIEN SINISTRE;GUERRE 1914-1918;</subject>
		<geoname>AISNE (département);ALLEMANT (village);</geoname>
		<persname></persname>
		<corpname></corpname>
	</DocsFigures>
<DocsFigures>
		<Titre>Allemant. Auto canon boche.</Titre>
		<Analyse>Le capitaine Courtois pose a coté d&apos;une auto-canon allemande détruite près d&apos;Allemant (Aisne).
11/02/1918
Guerre 1914-1918.</Analyse>
		<Realise_en>1918</Realise_en>
		<Liste_des_auteurs>BERTHELÉ, Raoul</Liste_des_auteurs>
		<Type_Doc>NEGATIF N&amp;B</Type_Doc>
		<Support>VERRE</Support>
		<Technique>Photographie stéréo</Technique>
		<Format>6,5 x 12 cm</Format>
		<Cote>49Fi1277</Cote>
		<Observations></Observations>
		<Origine>Don Faucher-Berhelé entré le 10/11/1978.</Origine>
		<Droits_Repro>Domaine public</Droits_Repro>
		<subject>GUERRE 1914-1918;</subject>
		<geoname>ALLEMANT (village);AISNE (département);</geoname>
		<persname></persname>
		<corpname></corpname>
	</DocsFigures>
<DocsFigures>
		<Titre>Allemant. Auto canon boche. Capitaine Courtois.</Titre>
		<Analyse>Le capitaine Courtois pose sur une auto-canon allemande détruite près d&apos;Allemant (Aisne).
11/02/1918
Guerre 1914-1918.</Analyse>
		<Realise_en>1918</Realise_en>
		<Liste_des_auteurs>BERTHELÉ, Raoul</Liste_des_auteurs>
		<Type_Doc>NEGATIF N&amp;B</Type_Doc>
		<Support>VERRE</Support>
		<Technique>Photographie stéréo</Technique>
		<Format>6,5 x 12 cm</Format>
		<Cote>49Fi1278</Cote>
		<Observations></Observations>
		<Origine>Don Faucher-Berhelé entré le 10/11/1978.</Origine>
		<Droits_Repro>Domaine public</Droits_Repro>
		<subject>GUERRE 1914-1918;</subject>
		<geoname>AISNE (département);ALLEMANT (village);</geoname>
		<persname></persname>
		<corpname></corpname>
	</DocsFigures>
<DocsFigures>
		<Titre>Laffaux. Ruines du village.</Titre>
		<Analyse>Vue panoramique des ruines du village de Laffaux (Aisne)  rasé par les bombes.
1918.
Guerre 1914-1918.</Analyse>
		<Realise_en>1918</Realise_en>
		<Liste_des_auteurs>BERTHELÉ, Raoul</Liste_des_auteurs>
		<Type_Doc>NEGATIF N&amp;B</Type_Doc>
		<Support>VERRE</Support>
		<Technique>Photographie</Technique>
		<Format>6,5 x 12 cm</Format>
		<Cote>49Fi1279</Cote>
		<Observations></Observations>
		<Origine>Don Faucher-Berhelé entré le 10/11/1978.</Origine>
		<Droits_Repro>Domaine public</Droits_Repro>
		<subject>SINISTRE;BIEN SINISTRE;GUERRE 1914-1918;</subject>
		<geoname>AISNE (département);LAFFAUX (village);</geoname>
		<persname></persname>
		<corpname></corpname>
	</DocsFigures>
<DocsFigures>
		<Titre>Soissons. La Verrerie. Tranchée allde. R. Berthelé</Titre>
		<Analyse>Raoul Berthelé pose dans une tranchée allemande à la Verrerie à Vauxrot dans la commune de Cuffies (Aisne).
1918.
Guerre 1914-1918.</Analyse>
		<Realise_en>1918</Realise_en>
		<Liste_des_auteurs>BERTHELÉ, Raoul</Liste_des_auteurs>
		<Type_Doc>NEGATIF N&amp;B</Type_Doc>
		<Support>VERRE</Support>
		<Technique>Photographie stéréo</Technique>
		<Format>6,5 x 12 cm</Format>
		<Cote>49Fi1280</Cote>
		<Observations>Même cliché que le 49Fi1879/16</Observations>
		<Origine>Don Faucher-Berhelé entré le 10/11/1978.</Origine>
		<Droits_Repro>Domaine public</Droits_Repro>
		<subject>MILITAIRE;FORTIFICATION;ABRI;ETRANGER;GUERRE 1914-1918;</subject>
		<geoname>AISNE (département);VAUXROT (hameau);CUFFIES (village);</geoname>
		<persname>BERTHELE, Raoul;</persname>
		<corpname></corpname>
	</DocsFigures>
<DocsFigures>
		<Titre>Soissons. La Verrerie. Tranchée all[eman]de</Titre>
		<Analyse>Une tranchée allemande de première ligne détruite la Verrerie à Vauxrot dans la commune de Cuffies (Aisne).
1918.
Guerre 1914-1918.</Analyse>
		<Realise_en>1918</Realise_en>
		<Liste_des_auteurs>BERTHELÉ, Raoul</Liste_des_auteurs>
		<Type_Doc>NEGATIF N&amp;B</Type_Doc>
		<Support>VERRE</Support>
		<Technique>Photographie stéréo</Technique>
		<Format>6,5 x 12 cm</Format>
		<Cote>49Fi1281</Cote>
		<Observations>Même cliché que le 49Fi1879/15</Observations>
		<Origine>Don Faucher-Berhelé entré le 10/11/1978.</Origine>
		<Droits_Repro>Domaine public</Droits_Repro>
		<subject>GUERRE 1914-1918;</subject>
		<geoname>AISNE (département);VAUXROT (hameau);CUFFIES (village);</geoname>
		<persname></persname>
		<corpname></corpname>
	</DocsFigures>
<DocsFigures>
		<Titre>Terny-Sorny. La Raperie</Titre>
		<Analyse>Vue d&apos;édifices en ruines à La Raperie à Terny-Sorny (Aisne).
Entre 1914 et 1918
Guerre 1914-1918.</Analyse>
		<Realise_en></Realise_en>
		<Liste_des_auteurs>BERTHELÉ, Raoul</Liste_des_auteurs>
		<Type_Doc>NEGATIF N&amp;B</Type_Doc>
		<Support>VERRE</Support>
		<Technique>Photographie stéréo</Technique>
		<Format>6,5 x 12 cm</Format>
		<Cote>49Fi1282</Cote>
		<Observations>Même cliché que le 49Fi1879/2.</Observations>
		<Origine>Don Faucher-Berhelé entré le 10/11/1978.</Origine>
		<Droits_Repro>Domaine public</Droits_Repro>
		<subject>SINISTRE;BIEN SINISTRE;GUERRE 1914-1918;</subject>
		<geoname>TERNY-SORNY (village);AISNE (département);RAPERIE (LA) (lieu-dit);</geoname>
		<persname></persname>
		<corpname></corpname>
	</DocsFigures>
<DocsFigures>
		<Titre>Missy-au-Bois. Portail de l&apos;église</Titre>
		<Analyse>Vue du portail de l&apos;église en ruine de Missy-aux-Bois (Aisne).
Entre 1914 et 1918
Guerre 1914-1918. </Analyse>
		<Realise_en></Realise_en>
		<Liste_des_auteurs>BERTHELÉ, Raoul</Liste_des_auteurs>
		<Type_Doc>NEGATIF N&amp;B</Type_Doc>
		<Support>VERRE</Support>
		<Technique>Photographie stéréo</Technique>
		<Format>6,5 x 12 cm</Format>
		<Cote>49Fi1283</Cote>
		<Observations>Même cliché que le 49Fi1879/6.</Observations>
		<Origine>Don Faucher-Berhelé entré le 10/11/1978.</Origine>
		<Droits_Repro>Domaine public</Droits_Repro>
		<subject>EDIFICE CULTUEL;BIEN SINISTRE;SINISTRE;GUERRE 1914-1918;</subject>
		<geoname>AISNE (département);MISSY-AUX-BOIS (village);</geoname>
		<persname></persname>
		<corpname></corpname>
	</DocsFigures>
<DocsFigures>
		<Titre>Missy-au-Bois. Intérieur de l&apos;église</Titre>
		<Analyse>Vue de l&apos;intérieur de l&apos;église en ruine de Missy-aux-Bois (Aisne).
Entre 1914 et 1918
Guerre 1914-1918. </Analyse>
		<Realise_en></Realise_en>
		<Liste_des_auteurs>BERTHELÉ, Raoul</Liste_des_auteurs>
		<Type_Doc>NEGATIF N&amp;B</Type_Doc>
		<Support>VERRE</Support>
		<Technique>Photographie stéréo</Technique>
		<Format>6,5 x 12 cm</Format>
		<Cote>49Fi1284</Cote>
		<Observations>Même cliché que le 49Fi1879/5</Observations>
		<Origine>Don Faucher-Berhelé entré le 10/11/1978.</Origine>
		<Droits_Repro>Domaine public</Droits_Repro>
		<subject>EDIFICE CULTUEL;BIEN SINISTRE;SINISTRE;GUERRE 1914-1918;</subject>
		<geoname>AISNE (département);MISSY-AUX-BOIS (village);</geoname>
		<persname></persname>
		<corpname></corpname>
	</DocsFigures>
<DocsFigures>
		<Titre>Missy-au-Bois. Vue prise de l&apos;église</Titre>
		<Analyse>Vue plongeante prise depuis l&apos;église du village en ruine de Missy-aux-Bois (Aisne).
Entre 1914 et 1918
Guerre 1914-1918. </Analyse>
		<Realise_en></Realise_en>
		<Liste_des_auteurs>BERTHELÉ, Raoul</Liste_des_auteurs>
		<Type_Doc>NEGATIF N&amp;B</Type_Doc>
		<Support>VERRE</Support>
		<Technique>Photographie stéréo</Technique>
		<Format>6,5 x 12 cm</Format>
		<Cote>49Fi1285</Cote>
		<Observations>Même cliché que le 49Fi1879/4</Observations>
		<Origine>Don Faucher-Berhelé entré le 10/11/1978.</Origine>
		<Droits_Repro>Domaine public</Droits_Repro>
		<subject>EDIFICE CULTUEL;BIEN SINISTRE;SINISTRE;GUERRE 1914-1918;</subject>
		<geoname>MISSY-AUX-BOIS (village);AISNE (département);</geoname>
		<persname></persname>
		<corpname></corpname>
	</DocsFigures>
<DocsFigures>
		<Titre>Dhuizel. Ballon 21</Titre>
		<Analyse>Vue du ballon captif 21 amarré au sol, peut-être pour gonflage, à Dhuizel dans l&apos;Aisne.
Entre 1914 et 1918
Guerre 1914-1918. </Analyse>
		<Realise_en></Realise_en>
		<Liste_des_auteurs>BERTHELÉ, Raoul</Liste_des_auteurs>
		<Type_Doc>NEGATIF N&amp;B</Type_Doc>
		<Support>VERRE</Support>
		<Technique>Photographie stéréo</Technique>
		<Format>6,5 x 12 cm</Format>
		<Cote>49Fi1286</Cote>
		<Observations>Même cliché que le 49Fi1879/12</Observations>
		<Origine>Don Faucher-Berhelé entré le 10/11/1978.</Origine>
		<Droits_Repro>Domaine public</Droits_Repro>
		<subject>GUERRE 1914-1918;</subject>
		<geoname>AISNE (département);DHUIZEL (village);</geoname>
		<persname></persname>
		<corpname></corpname>
	</DocsFigures>
<DocsFigures>
		<Titre>Soissons. La verrerie. 1ères lignes allemandes</Titre>
		<Analyse>Vue d&apos;ensemble des premières lignes allemandes en ruines à la Verrerie à Vauxrot dans la commune de Cuffies (Aisne).
1918.
Guerre 1914-1918. </Analyse>
		<Realise_en>1918</Realise_en>
		<Liste_des_auteurs>BERTHELÉ, Raoul</Liste_des_auteurs>
		<Type_Doc>NEGATIF N&amp;B</Type_Doc>
		<Support>VERRE</Support>
		<Technique>Photographie stéréo</Technique>
		<Format>6,5 x 12 cm</Format>
		<Cote>49Fi1287</Cote>
		<Observations>Même cliché que le 49Fi1879/18</Observations>
		<Origine>Don Faucher-Berhelé entré le 10/11/1978.</Origine>
		<Droits_Repro>Domaine public</Droits_Repro>
		<subject>SINISTRE;BIEN SINISTRE;GUERRE 1914-1918;</subject>
		<geoname>AISNE (département);VAUXROT (hameau);CUFFIES (village);</geoname>
		<persname></persname>
		<corpname></corpname>
	</DocsFigures>
<DocsFigures>
		<Titre>Soissons. La verrerie. Tranchées allemandes</Titre>
		<Analyse>Une tranchée allemande de 1ère ligne et en arrière plan des maisons en ruines à la Verrerie, à Vauxrot dans la commune de Cuffies (Aisne).
1918.
Guerre 1914-1918. </Analyse>
		<Realise_en>1918</Realise_en>
		<Liste_des_auteurs>BERTHELÉ, Raoul</Liste_des_auteurs>
		<Type_Doc>NEGATIF N&amp;B</Type_Doc>
		<Support>VERRE</Support>
		<Technique>Photographie stéréo</Technique>
		<Format>6,5 x 12 cm</Format>
		<Cote>49Fi1288</Cote>
		<Observations>Même cliché que le 49Fi1879/17</Observations>
		<Origine>Don Faucher-Berhelé entré le 10/11/1978.</Origine>
		<Droits_Repro>Domaine public</Droits_Repro>
		<subject>SINISTRE;BIEN SINISTRE;GUERRE 1914-1918;</subject>
		<geoname>AISNE (département);VAUXROT (hameau);CUFFIES (village);</geoname>
		<persname></persname>
		<corpname></corpname>
	</DocsFigures>
<DocsFigures>
		<Titre>Soissons. La verrerie. Tranchées allemandes. Fortin</Titre>
		<Analyse>Un fortin allemand détruit au milieu des ruines à la Verrerie à Vauxrot dans la commune de Cuffies (Aisne).
1918.
Guerre 1914-1918. </Analyse>
		<Realise_en>1918</Realise_en>
		<Liste_des_auteurs>BERTHELÉ, Raoul</Liste_des_auteurs>
		<Type_Doc>NEGATIF N&amp;B</Type_Doc>
		<Support>VERRE</Support>
		<Technique>Photographie stéréo</Technique>
		<Format>6,5 x 12 cm</Format>
		<Cote>49Fi1289</Cote>
		<Observations>Même cliché que le 49Fi1879/14</Observations>
		<Origine>Don Faucher-Berhelé entré le 10/11/1978.</Origine>
		<Droits_Repro>Domaine public</Droits_Repro>
		<subject>SINISTRE;BIEN SINISTRE;GUERRE 1914-1918;</subject>
		<geoname>AISNE (département);VAUXROT (hameau);CUFFIES (village);</geoname>
		<persname></persname>
		<corpname></corpname>
	</DocsFigures>
<DocsFigures>
		<Titre>Soissons. La verrerie</Titre>
		<Analyse>Hangars à bouteilles en ruines suite à des bombardements à la Verrerie à Vauxrot dans la commune de Cuffies (Aisne).
1918.
Guerre 1914-1918. </Analyse>
		<Realise_en>1918</Realise_en>
		<Liste_des_auteurs>BERTHELÉ, Raoul</Liste_des_auteurs>
		<Type_Doc>NEGATIF N&amp;B</Type_Doc>
		<Support>VERRE</Support>
		<Technique>Photographie stéréo</Technique>
		<Format>6,5 x 12 cm</Format>
		<Cote>49Fi1290</Cote>
		<Observations>Même cliché que le 49Fi1879/13</Observations>
		<Origine>Don Faucher-Berhelé entré le 10/11/1978.</Origine>
		<Droits_Repro>Domaine public</Droits_Repro>
		<subject>SINISTRE;BIEN SINISTRE;GUERRE 1914-1918;</subject>
		<geoname>AISNE (département);VAUXROT (hameau);CUFFIES (village);</geoname>
		<persname></persname>
		<corpname></corpname>
	</DocsFigures>
<DocsFigures>
		<Titre>Vailly. Ruines</Titre>
		<Analyse>Vue de maisons en ruines de part et d&apos;autre de la route à Vailly (Aisne).
Entre 1914 et 1918
Guerre 1914-1918. </Analyse>
		<Realise_en></Realise_en>
		<Liste_des_auteurs>BERTHELÉ, Raoul</Liste_des_auteurs>
		<Type_Doc>NEGATIF N&amp;B</Type_Doc>
		<Support>VERRE</Support>
		<Technique>Photographie stéréo</Technique>
		<Format>6,5 x 12 cm</Format>
		<Cote>49Fi1291</Cote>
		<Observations>Même cliché que le 49Fi1879/3.</Observations>
		<Origine>Don Faucher-Berhelé entré le 10/11/1978.</Origine>
		<Droits_Repro>Domaine public</Droits_Repro>
		<subject>SINISTRE;BIEN SINISTRE;GUERRE 1914-1918;</subject>
		<geoname>VAILLY-SUR-AISNE (ville);AISNE (département);</geoname>
		<persname></persname>
		<corpname></corpname>
	</DocsFigures>
<DocsFigures>
		<Titre>Terny-Sorny. La Raperie</Titre>
		<Analyse>Vue d&apos;édifices en ruines à La Raperie à Terny-Sorny (Aisne).
Entre 1914 et 1918.
Guerre 1914-1918. </Analyse>
		<Realise_en></Realise_en>
		<Liste_des_auteurs>BERTHELÉ, Raoul</Liste_des_auteurs>
		<Type_Doc>NEGATIF N&amp;B</Type_Doc>
		<Support>VERRE</Support>
		<Technique>Photographie stéréo</Technique>
		<Format>6,5 x 12 cm</Format>
		<Cote>49Fi1292</Cote>
		<Observations>Même cliché que le 49Fi1879/1</Observations>
		<Origine>Don Faucher-Berhelé entré le 10/11/1978.</Origine>
		<Droits_Repro>Domaine public</Droits_Repro>
		<subject>SINISTRE;BIEN SINISTRE;GUERRE 1914-1918;</subject>
		<geoname>AISNE (département);RAPERIE (LA) (lieu-dit);TERNY-SORNY (village);</geoname>
		<persname></persname>
		<corpname></corpname>
	</DocsFigures>
<DocsFigures>
		<Titre>24/11/17. Bohéry. Pièce de 155 court.</Titre>
		<Analyse>Des soldats posent autour d&apos;une pièce de 155 court protégée par des sacs de sable à Bohéry près d&apos;Aizy-Jouy (Aisne).
24 novembre 1917.
Guerre 1914-1918. </Analyse>
		<Realise_en>1917</Realise_en>
		<Liste_des_auteurs>BERTHELÉ, Raoul</Liste_des_auteurs>
		<Type_Doc>NEGATIF N&amp;B</Type_Doc>
		<Support>VERRE</Support>
		<Technique>Photographie stéréo</Technique>
		<Format>6,5 x 12 cm</Format>
		<Cote>49Fi1293</Cote>
		<Observations></Observations>
		<Origine>Don Faucher-Berhelé entré le 10/11/1978.</Origine>
		<Droits_Repro>Domaine public</Droits_Repro>
		<subject>MILITAIRE;GUERRE 1914-1918;</subject>
		<geoname>BOHERY (lieu-dit);AISNE (département);AIZY-JOUY (village);</geoname>
		<persname></persname>
		<corpname></corpname>
	</DocsFigures>
<DocsFigures>
		<Titre>Mont Notre Dame. pièce de 305</Titre>
		<Analyse>Pièce de marine de 305 sur une plateforme ferroviaire à Mont-Notre-Dame (Aisne). Deux marins posent sur l&apos;énorme canon.
1917.
Guerre 1914-1918. </Analyse>
		<Realise_en>1917</Realise_en>
		<Liste_des_auteurs>BERTHELÉ, Raoul</Liste_des_auteurs>
		<Type_Doc>NEGATIF N&amp;B</Type_Doc>
		<Support>VERRE</Support>
		<Technique>Photographie stéréo</Technique>
		<Format>6,5 x 12 cm</Format>
		<Cote>49Fi1294</Cote>
		<Observations></Observations>
		<Origine>Don Faucher-Berhelé entré le 10/11/1978.</Origine>
		<Droits_Repro>Domaine public</Droits_Repro>
		<subject>GUERRE 1914-1918;</subject>
		<geoname>MONT-NOTRE-DAME (village);AISNE (département);</geoname>
		<persname></persname>
		<corpname></corpname>
	</DocsFigures>
<DocsFigures>
		<Titre>24/11/17. Caverne de Bohéry. Emplacement d&apos;une batterie boche</Titre>
		<Analyse>Emplacement d&apos;une batterie allemande pulvérisée par des bombes à la caverne de Bohéry près d&apos;Aizy-Jouy (Aisne).
24/11/1917,
Guerre 1914-1918. </Analyse>
		<Realise_en>1917</Realise_en>
		<Liste_des_auteurs>BERTHELÉ, Raoul</Liste_des_auteurs>
		<Type_Doc>NEGATIF N&amp;B</Type_Doc>
		<Support>VERRE</Support>
		<Technique>Photographie stéréo</Technique>
		<Format>6,5 x 12 cm</Format>
		<Cote>49Fi1295</Cote>
		<Observations></Observations>
		<Origine>Don Faucher-Berhelé entré le 10/11/1978.</Origine>
		<Droits_Repro>Domaine public</Droits_Repro>
		<subject>GUERRE 1914-1918;</subject>
		<geoname>BOHERY (lieu-dit);AIZY-JOUY (village);AISNE (département);</geoname>
		<persname></persname>
		<corpname></corpname>
	</DocsFigures>
<DocsFigures>
		<Titre>11/11/17. Mont Notre Dame. pièce de 305. Berceau</Titre>
		<Analyse>Vue panoramique d&apos;une pièce de marine de 305 (baptisée Anne) sur une plateforme ferroviaire à Mont-Notre-Dame (Aisne).
11 novembre 1917
Guerre 1914-1918.
Deux marins soldats posent sur l&apos;énorme canon.</Analyse>
		<Realise_en>1917</Realise_en>
		<Liste_des_auteurs>BERTHELÉ, Raoul</Liste_des_auteurs>
		<Type_Doc>NEGATIF N&amp;B</Type_Doc>
		<Support>VERRE</Support>
		<Technique>Photographie</Technique>
		<Format>6,5 x 12 cm</Format>
		<Cote>49Fi1296</Cote>
		<Observations>Image pratiquement identique à la 49Fi1177</Observations>
		<Origine>Don Faucher-Berhelé entré le 10/11/1978.</Origine>
		<Droits_Repro>Domaine public</Droits_Repro>
		<subject>MILITAIRE;GUERRE 1914-1918;</subject>
		<geoname>MONT-NOTRE-DAME (village);AISNE (département);</geoname>
		<persname></persname>
		<corpname></corpname>
	</DocsFigures>
<DocsFigures>
		<Titre>11/11/17. Mont Notre Dame. pièce de 305. Berceau</Titre>
		<Analyse>Vue panoramique d&apos;une pièce de marine de 305 (baptisée Anne) sur une plateforme ferroviaire à Mont-Notre-Dame (Aisne)
11 novembre 1917
Guerre 1914-1918.
Deux marins soldats posent sur l&apos;énorme canon.</Analyse>
		<Realise_en>1917</Realise_en>
		<Liste_des_auteurs>BERTHELÉ, Raoul</Liste_des_auteurs>
		<Type_Doc>NEGATIF N&amp;B</Type_Doc>
		<Support>VERRE</Support>
		<Technique></Technique>
		<Format>6,5 x 12 cm</Format>
		<Cote>49Fi1297</Cote>
		<Observations>L&apos;angle de prise de vue est légèrement différent de la 49Fi1296.</Observations>
		<Origine>Don Faucher-Berhelé entré le 10/11/1978.</Origine>
		<Droits_Repro>Domaine public</Droits_Repro>
		<subject>MILITAIRE;GUERRE 1914-1918;</subject>
		<geoname>AISNE (département);MONT-NOTRE-DAME (village);</geoname>
		<persname></persname>
		<corpname></corpname>
	</DocsFigures>
<DocsFigures>
		<Titre>Mont Notre Dame. Pièce de 305. Culasse</Titre>
		<Analyse>Vue de la culasse d&apos;une pièce de marine de 305 (baptisée Anne) sur une plateforme ferroviaire à Mont-Notre-Dame (Aisne).
11 novembre 1917.
Guerre 1914-1918.</Analyse>
		<Realise_en>1917</Realise_en>
		<Liste_des_auteurs>BERTHELÉ, Raoul</Liste_des_auteurs>
		<Type_Doc>NEGATIF N&amp;B</Type_Doc>
		<Support>VERRE</Support>
		<Technique>Photographie stéréo</Technique>
		<Format>6,5 x 12 cm</Format>
		<Cote>49Fi1298</Cote>
		<Observations></Observations>
		<Origine>Don Faucher-Berhelé entré le 10/11/1978.</Origine>
		<Droits_Repro>Domaine public</Droits_Repro>
		<subject>GUERRE 1914-1918;</subject>
		<geoname>AISNE (département);MONT-NOTRE-DAME (village);</geoname>
		<persname></persname>
		<corpname></corpname>
	</DocsFigures>
<DocsFigures>
		<Titre>24/11/17. Chemin des Dames. Près du fort de la Malmaison. Auto Delage enlisée</Titre>
		<Analyse>Vue d&apos;une automobile Delage enlisée au chemin des Dames, près du fort de la Malmaison (Aisne).
24 novembre 1917
Guerre 1914-1918.</Analyse>
		<Realise_en>1917</Realise_en>
		<Liste_des_auteurs>BERTHELÉ, Raoul</Liste_des_auteurs>
		<Type_Doc>NEGATIF N&amp;B</Type_Doc>
		<Support>VERRE</Support>
		<Technique>Photographie stéréo</Technique>
		<Format>6,5 x 12 cm</Format>
		<Cote>49Fi1299</Cote>
		<Observations></Observations>
		<Origine>Don Faucher-Berhelé entré le 10/11/1978.</Origine>
		<Droits_Repro>Domaine public</Droits_Repro>
		<subject>GUERRE 1914-1918;</subject>
		<geoname>AISNE (département);MALMAISON (LA) (lieu-dit);CHAVIGNON (village);</geoname>
		<persname></persname>
		<corpname></corpname>
	</DocsFigures>
<DocsFigures>
		<Titre>24/11/17. Carrière de Bohéry. Malmaison</Titre>
		<Analyse>Vue de la carrière de Bohéry (Aisne) ravagée par les bombes depuis le fort de la Malmaison.
24 novembre 1917.
Guerre 1914-1918.</Analyse>
		<Realise_en>1917</Realise_en>
		<Liste_des_auteurs>BERTHELÉ, Raoul</Liste_des_auteurs>
		<Type_Doc>NEGATIF N&amp;B</Type_Doc>
		<Support>VERRE</Support>
		<Technique>Photographie stéréo</Technique>
		<Format>6,5 x 12 cm</Format>
		<Cote>49Fi1300</Cote>
		<Observations></Observations>
		<Origine>Don Faucher-Berhelé entré le 10/11/1978.</Origine>
		<Droits_Repro>Domaine public</Droits_Repro>
		<subject>GUERRE 1914-1918;</subject>
		<geoname>MALMAISON (LA) (lieu-dit);AISNE (département);BOHERY (lieu-dit);</geoname>
		<persname></persname>
		<corpname></corpname>
	</DocsFigures>
<DocsFigures>
		<Titre>24/11/17. Carrière de Bohéry. Au fort de la Malmaison</Titre>
		<Analyse>Vue panoramique de la carrière de Bohéry (Aisne)  ravagée par les bombes depuis le fort de la Malmaison.
24 novembre 1917.
Guerre 1914-1918.</Analyse>
		<Realise_en>1917</Realise_en>
		<Liste_des_auteurs>BERTHELÉ, Raoul</Liste_des_auteurs>
		<Type_Doc>NEGATIF N&amp;B</Type_Doc>
		<Support>VERRE</Support>
		<Technique>Photographie</Technique>
		<Format>6,5 x 12 cm</Format>
		<Cote>49Fi1301</Cote>
		<Observations></Observations>
		<Origine>Don Faucher-Berhelé entré le 10/11/1978.</Origine>
		<Droits_Repro>Domaine public</Droits_Repro>
		<subject>GUERRE 1914-1918;</subject>
		<geoname>AIZY-JOUY (village);AISNE (département);BOHERY (lieu-dit);</geoname>
		<persname></persname>
		<corpname></corpname>
	</DocsFigures>
<DocsFigures>
		<Titre>Pontavert. Maison en ruine. 29/4/18</Titre>
		<Analyse>Vue d&apos;une maison en ruine à Pontavert dans l&apos;Aisne.
29 avril 1918.
Guerre 1914-1918.</Analyse>
		<Realise_en>1918</Realise_en>
		<Liste_des_auteurs>BERTHELÉ, Raoul</Liste_des_auteurs>
		<Type_Doc>NEGATIF N&amp;B</Type_Doc>
		<Support>VERRE</Support>
		<Technique>Photographie stéréo</Technique>
		<Format>6,5 x 12 cm</Format>
		<Cote>49Fi1302</Cote>
		<Observations></Observations>
		<Origine>Don Faucher-Berhelé entré le 10/11/1978.</Origine>
		<Droits_Repro>Domaine public</Droits_Repro>
		<subject>SINISTRE;BIEN SINISTRE;GUERRE 1914-1918;</subject>
		<geoname>AISNE (département);PONTAVERT (village);</geoname>
		<persname></persname>
		<corpname></corpname>
	</DocsFigures>
<DocsFigures>
		<Titre>La ville aux bois. 29/4/18</Titre>
		<Analyse>Vue générale des ruines de la Ville-aux-Bois-les-Pontavert (Aisne).
29 avril 1918.
Guerre 1914-1918.</Analyse>
		<Realise_en>1918</Realise_en>
		<Liste_des_auteurs>BERTHELÉ, Raoul</Liste_des_auteurs>
		<Type_Doc>NEGATIF N&amp;B</Type_Doc>
		<Support>VERRE</Support>
		<Technique>Photographie stéréo</Technique>
		<Format>6,5 x 12 cm</Format>
		<Cote>49Fi1303</Cote>
		<Observations>Même cliché que le 49Fi1791.</Observations>
		<Origine>Don Faucher-Berhelé entré le 10/11/1978.</Origine>
		<Droits_Repro>Domaine public</Droits_Repro>
		<subject>SINISTRE;BIEN SINISTRE;GUERRE 1914-1918;</subject>
		<geoname>AISNE (département);VILLE-AUX-BOIS-LES-PONTAVERT (village);</geoname>
		<persname></persname>
		<corpname></corpname>
	</DocsFigures>
<DocsFigures>
		<Titre>Forêt de Villers-Cotterêts. 27/4/18. Mlles Marcelle Roger. Conte</Titre>
		<Analyse>Photo de groupe dans la forêt de Villers-Cotterêts : Mesdemoiselles Marcelle, Roger et M. Conte.
27 avril 1918.
Guerre 1914-1918.
La plus jeune est perchée sur un rondin.</Analyse>
		<Realise_en>1918</Realise_en>
		<Liste_des_auteurs>BERTHELÉ, Raoul</Liste_des_auteurs>
		<Type_Doc>NEGATIF N&amp;B</Type_Doc>
		<Support>VERRE</Support>
		<Technique>Photographie stéréo</Technique>
		<Format>6,5 x 12 cm</Format>
		<Cote>49Fi1304</Cote>
		<Observations></Observations>
		<Origine>Don Faucher-Berhelé entré le 10/11/1978.</Origine>
		<Droits_Repro>Domaine public</Droits_Repro>
		<subject>GUERRE 1914-1918;</subject>
		<geoname>VILLERS-COTTERETS (ville);AISNE (département);</geoname>
		<persname></persname>
		<corpname></corpname>
	</DocsFigures>
<DocsFigures>
		<Titre>Bois de Beaumarais. Commandant Trimaille. 29/4/18.</Titre>
		<Analyse>Le commandant Trimaille en discussion avec un soldat dans le bois de Beau-Marais à Craonnelle (Aisne).
29 avril 1918.
Guerre 1914-1918.</Analyse>
		<Realise_en>1918</Realise_en>
		<Liste_des_auteurs>BERTHELÉ, Raoul</Liste_des_auteurs>
		<Type_Doc>NEGATIF N&amp;B</Type_Doc>
		<Support>VERRE</Support>
		<Technique>Photographie stéréo</Technique>
		<Format>6,5 x 12 cm</Format>
		<Cote>49Fi1305</Cote>
		<Observations></Observations>
		<Origine>Don Faucher-Berhelé entré le 10/11/1978.</Origine>
		<Droits_Repro>Domaine public</Droits_Repro>
		<subject>MILITAIRE;GUERRE 1914-1918;</subject>
		<geoname>BEAU-MARAIS (bois de);CRAONNELLE (village);AISNE (département);CRAONNE (village);</geoname>
		<persname></persname>
		<corpname></corpname>
	</DocsFigures>
<DocsFigures>
		<Titre>La ville aux bois. La place et le carrefour de la Musette</Titre>
		<Analyse>Vue de la place et du carrefour de la Musette au milieu des ruines de la Ville-aux-Bois-les-Pontavert (Aisne).
29 avril 1918.
Guerre 1914-1918.</Analyse>
		<Realise_en>1918</Realise_en>
		<Liste_des_auteurs>BERTHELÉ, Raoul</Liste_des_auteurs>
		<Type_Doc>NEGATIF N&amp;B</Type_Doc>
		<Support>VERRE</Support>
		<Technique>Photographie stéréo</Technique>
		<Format>6,5 x 12 cm</Format>
		<Cote>49Fi1306</Cote>
		<Observations>Même cliché que le 49Fi1787.</Observations>
		<Origine>Don Faucher-Berhelé entré le 10/11/1978.</Origine>
		<Droits_Repro>Domaine public</Droits_Repro>
		<subject>SINISTRE;BIEN SINISTRE;GUERRE 1914-1918;</subject>
		<geoname>VILLE-AUX-BOIS-LES-PONTAVERT (village);AISNE (département);</geoname>
		<persname></persname>
		<corpname></corpname>
	</DocsFigures>
<DocsFigures>
		<Titre>La ville aux bois. La Matoie. 29/4/18.</Titre>
		<Analyse>Vue panoramique d&apos;une pièce d&apos;eau La Matoie dans le paysage devasté de la Ville-aux-Bois-les-Pontavert (Aisne) 
29 avril 1918.
Guerre 1914-1918.</Analyse>
		<Realise_en>1918</Realise_en>
		<Liste_des_auteurs>BERTHELÉ, Raoul</Liste_des_auteurs>
		<Type_Doc>NEGATIF N&amp;B</Type_Doc>
		<Support>VERRE</Support>
		<Technique>Photographie</Technique>
		<Format>6,5 x 12 cm</Format>
		<Cote>49Fi1307</Cote>
		<Observations></Observations>
		<Origine>Don Faucher-Berhelé entré le 10/11/1978.</Origine>
		<Droits_Repro>Domaine public</Droits_Repro>
		<subject>SITE;SINISTRE;GUERRE 1914-1918;</subject>
		<geoname>VILLE-AUX-BOIS-LES-PONTAVERT (village);AISNE (département);</geoname>
		<persname></persname>
		<corpname></corpname>
	</DocsFigures>
<DocsFigures>
		<Titre>La ville aux bois. 29/4/18.</Titre>
		<Analyse>Vue d&apos;un payasage ravagé à la Ville-aux-Bois-les-Pontavert (Aisne).
29 avril 1918.
Guerre 1914-1918.</Analyse>
		<Realise_en>1918</Realise_en>
		<Liste_des_auteurs>BERTHELÉ, Raoul</Liste_des_auteurs>
		<Type_Doc>NEGATIF N&amp;B</Type_Doc>
		<Support>VERRE</Support>
		<Technique>Photographie stéréo</Technique>
		<Format>6,5 x 12 cm</Format>
		<Cote>49Fi1308</Cote>
		<Observations></Observations>
		<Origine>Don Faucher-Berhelé entré le 10/11/1978.</Origine>
		<Droits_Repro>Domaine public</Droits_Repro>
		<subject>GUERRE 1914-1918;</subject>
		<geoname>VILLE-AUX-BOIS-LES-PONTAVERT (village);AISNE (département);</geoname>
		<persname></persname>
		<corpname></corpname>
	</DocsFigures>
<DocsFigures>
		<Titre>La ville aux bois. 29/4/18.</Titre>
		<Analyse>Vue d&apos;un payasage ravagé à la Ville-aux-Bois-les-Pontavert (Aisne).
29 avril 1918.
Guerre 1914-1918.</Analyse>
		<Realise_en>1918</Realise_en>
		<Liste_des_auteurs>BERTHELÉ, Raoul</Liste_des_auteurs>
		<Type_Doc>NEGATIF N&amp;B</Type_Doc>
		<Support>VERRE</Support>
		<Technique>Photographie stéréo</Technique>
		<Format>6,5 x 12 cm</Format>
		<Cote>49Fi1309</Cote>
		<Observations>Même cliché que le 49Fi1789.</Observations>
		<Origine>Don Faucher-Berhelé entré le 10/11/1978.</Origine>
		<Droits_Repro>Domaine public</Droits_Repro>
		<subject>GUERRE 1914-1918;</subject>
		<geoname>AISNE (département);VILLE-AUX-BOIS-LES-PONTAVERT (village);</geoname>
		<persname></persname>
		<corpname></corpname>
	</DocsFigures>
<DocsFigures>
		<Titre>La ville aux bois; allée de sapins de la sapinière. 29/4/18.</Titre>
		<Analyse>Vue d&apos;un payasge ravagé à la Ville-aux-Bois-les-Pontavert (Aisne).
29 avril 1918.
Guerre 1914-1918.</Analyse>
		<Realise_en>1918</Realise_en>
		<Liste_des_auteurs>BERTHELÉ, Raoul</Liste_des_auteurs>
		<Type_Doc>NEGATIF N&amp;B</Type_Doc>
		<Support>VERRE</Support>
		<Technique>Photographie stéréo</Technique>
		<Format>6,5 x 12 cm</Format>
		<Cote>49Fi1310</Cote>
		<Observations></Observations>
		<Origine>Don Faucher-Berhelé entré le 10/11/1978.</Origine>
		<Droits_Repro>Domaine public</Droits_Repro>
		<subject>GUERRE 1914-1918;</subject>
		<geoname>AISNE (département);VILLE-AUX-BOIS-LES-PONTAVERT (village);</geoname>
		<persname></persname>
		<corpname></corpname>
	</DocsFigures>
<DocsFigures>
		<Titre>Pontavert. L&apos;entrée du village. 29/4/18.</Titre>
		<Analyse>Village de Pontavert (Aisne).
29 avril 1918. Guerre 1914-1918.
Vue de l&apos;entrée du village en ruine. Une route traverse une haie de maisons déchiquetées par les bombes.</Analyse>
		<Realise_en>1918</Realise_en>
		<Liste_des_auteurs>BERTHELÉ, Raoul</Liste_des_auteurs>
		<Type_Doc>NEGATIF N&amp;B</Type_Doc>
		<Support>VERRE</Support>
		<Technique>Photographie stéréo</Technique>
		<Format>6,5 x 12 cm</Format>
		<Cote>49Fi1311</Cote>
		<Observations></Observations>
		<Origine>Don Faucher-Berhelé entré le 10/11/1978.</Origine>
		<Droits_Repro>Domaine public</Droits_Repro>
		<subject>BIEN SINISTRE;IMMOBILIER;HABITAT INSALUBRE;SINISTRE;GUERRE 1914-1918;</subject>
		<geoname>PONTAVERT (village);AISNE (département);</geoname>
		<persname></persname>
		<corpname></corpname>
	</DocsFigures>
<DocsFigures>
		<Titre>Pontavert. Pont sur l&apos;Aisne. 29/4/18</Titre>
		<Analyse>Vue du pont sur l&apos;Aisne détruit à Pontavert (Aisne).
29 avril 1918.
Guerre 1914-1918.
Sur la droite, un pont provisoire.</Analyse>
		<Realise_en>1918</Realise_en>
		<Liste_des_auteurs>BERTHELÉ, Raoul</Liste_des_auteurs>
		<Type_Doc>NEGATIF N&amp;B</Type_Doc>
		<Support>VERRE</Support>
		<Technique>Photographie stéréo</Technique>
		<Format>6,5 x 12 cm</Format>
		<Cote>49Fi1312</Cote>
		<Observations></Observations>
		<Origine>Don Faucher-Berhelé entré le 10/11/1978.</Origine>
		<Droits_Repro>Domaine public</Droits_Repro>
		<subject>GUERRE 1914-1918;</subject>
		<geoname>PONTAVERT (village);AISNE (département);</geoname>
		<persname></persname>
		<corpname></corpname>
	</DocsFigures>
<DocsFigures>
		<Titre>La ville au bois. Maison de l&apos;oncle Adolphe. Cave éventrée.</Titre>
		<Analyse>Raoul Berthelé au milieu des ruines de la maison de l&apos;oncle Adolphe où l&apos;on aperçoit la voute de l&apos;entrée d&apos;une cave à la Ville-aux-Bois-les-Pontavert (Aisne).
1918
Guerre 1914-1918.</Analyse>
		<Realise_en>1918</Realise_en>
		<Liste_des_auteurs>BERTHELÉ, Raoul</Liste_des_auteurs>
		<Type_Doc>NEGATIF N&amp;B</Type_Doc>
		<Support>VERRE</Support>
		<Technique>Photographie stéréo</Technique>
		<Format>6,5 x 12 cm</Format>
		<Cote>49Fi1313</Cote>
		<Observations></Observations>
		<Origine>Don Faucher-Berhelé entré le 10/11/1978.</Origine>
		<Droits_Repro>Domaine public</Droits_Repro>
		<subject>SINISTRE;BIEN SINISTRE;GUERRE 1914-1918;</subject>
		<geoname>AISNE (département);VILLE-AUX-BOIS-LES-PONTAVERT (village);</geoname>
		<persname>BERTHELE, Raoul;</persname>
		<corpname></corpname>
	</DocsFigures>
<DocsFigures>
		<Titre>[Paris. Exposition universelle 1900. Le Petit Palais]</Titre>
		<Analyse>Vue de l&apos;intérieur du Petit Palais (ou palais de la céramique) lors de l&apos;exposition universelle de 1900 à Paris.</Analyse>
		<Realise_en>1900</Realise_en>
		<Liste_des_auteurs>BERTHELÉ, Raoul</Liste_des_auteurs>
		<Type_Doc>NEGATIF N&amp;B</Type_Doc>
		<Support>VERRE</Support>
		<Technique>Photographie N&amp;B</Technique>
		<Format>6 x 9 cm</Format>
		<Cote>49Fi1314</Cote>
		<Observations></Observations>
		<Origine>Don Faucher-Berhelé entré le 10/11/1978.</Origine>
		<Droits_Repro>Domaine public</Droits_Repro>
		<subject></subject>
		<geoname>PETIT PALAIS (le);PARIS (ville);</geoname>
		<persname></persname>
		<corpname></corpname>
	</DocsFigures>
<DocsFigures>
		<Titre>[Edifice religieux]</Titre>
		<Analyse>Vue partielle d&apos;un édifice religieux gothique.
Début du vingtième siècle.</Analyse>
		<Realise_en></Realise_en>
		<Liste_des_auteurs>BERTHELÉ, Raoul</Liste_des_auteurs>
		<Type_Doc>NEGATIF N&amp;B</Type_Doc>
		<Support>VERRE</Support>
		<Technique>Photographie N&amp;B</Technique>
		<Format>6 x 9 cm</Format>
		<Cote>49Fi1315</Cote>
		<Observations></Observations>
		<Origine>Don Faucher-Berhelé entré le 10/11/1978.</Origine>
		<Droits_Repro>Domaine public</Droits_Repro>
		<subject></subject>
		<geoname></geoname>
		<persname></persname>
		<corpname></corpname>
	</DocsFigures>
<DocsFigures>
		<Titre>[Paris. Exposition universelle 1900. Hôtel des Invalides]</Titre>
		<Analyse>Vue de l&apos;entrée de l&apos;hôtel des Invalides lors de l&apos;Exposition universelle de 1900 à Paris.</Analyse>
		<Realise_en>1900</Realise_en>
		<Liste_des_auteurs>BERTHELÉ, Raoul</Liste_des_auteurs>
		<Type_Doc>NEGATIF N&amp;B</Type_Doc>
		<Support>VERRE</Support>
		<Technique>Photographie N&amp;B</Technique>
		<Format>6 x 9 cm</Format>
		<Cote>49Fi1316</Cote>
		<Observations></Observations>
		<Origine>Don Faucher-Berhelé entré le 10/11/1978.</Origine>
		<Droits_Repro>Domaine public</Droits_Repro>
		<subject></subject>
		<geoname>INVALIDES (hôtel des);PARIS (ville);</geoname>
		<persname></persname>
		<corpname></corpname>
	</DocsFigures>
<DocsFigures>
		<Titre>[Paris. Exposition universelle 1900. L&apos;ancien palais du Trocadéro]</Titre>
		<Analyse>Vue de  L&apos;ancien palais du Trocadéro lors de l&apos;Exposition universelle de 1900 à Paris.</Analyse>
		<Realise_en>1900</Realise_en>
		<Liste_des_auteurs>BERTHELÉ, Raoul</Liste_des_auteurs>
		<Type_Doc>NEGATIF N&amp;B</Type_Doc>
		<Support>VERRE</Support>
		<Technique>Photographie N&amp;B</Technique>
		<Format>6 x 9 cm</Format>
		<Cote>49Fi1317</Cote>
		<Observations></Observations>
		<Origine>Don Faucher-Berhelé entré le 10/11/1978.</Origine>
		<Droits_Repro>Domaine public</Droits_Repro>
		<subject></subject>
		<geoname>TROCADERO (palais du);PARIS (ville);</geoname>
		<persname></persname>
		<corpname></corpname>
	</DocsFigures>
<DocsFigures>
		<Titre>[Paris. Exposition universelle 1900. Le dôme des Invalides]</Titre>
		<Analyse>Vue générale du dôme de l&apos;hôtel des Invalides lors de l&apos;Exposition universelle de 1900 à Paris.</Analyse>
		<Realise_en>1900</Realise_en>
		<Liste_des_auteurs>BERTHELÉ, Raoul</Liste_des_auteurs>
		<Type_Doc>NEGATIF N&amp;B</Type_Doc>
		<Support>VERRE</Support>
		<Technique>Photographie N&amp;B</Technique>
		<Format>9 x 6 cm</Format>
		<Cote>49Fi1318</Cote>
		<Observations></Observations>
		<Origine>Don Faucher-Berhelé entré le 10/11/1978.</Origine>
		<Droits_Repro>Domaine public</Droits_Repro>
		<subject></subject>
		<geoname>INVALIDES (hôtel des);PARIS (ville);</geoname>
		<persname></persname>
		<corpname></corpname>
	</DocsFigures>
<DocsFigures>
		<Titre>[Portrait d&apos;une femme agée]</Titre>
		<Analyse>Portrait d&apos;une grand mère adossée contre une porte. Peut être de la famille Berthelé?
Début du vingtième siècle.</Analyse>
		<Realise_en></Realise_en>
		<Liste_des_auteurs>BERTHELÉ, Raoul</Liste_des_auteurs>
		<Type_Doc>NEGATIF N&amp;B</Type_Doc>
		<Support>VERRE</Support>
		<Technique>Photographie N&amp;B</Technique>
		<Format>9 x 6 cm</Format>
		<Cote>49Fi1319</Cote>
		<Observations>La plaque est floue.</Observations>
		<Origine>Don Faucher-Berhelé entré le 10/11/1978.</Origine>
		<Droits_Repro>Domaine public</Droits_Repro>
		<subject></subject>
		<geoname></geoname>
		<persname></persname>
		<corpname></corpname>
	</DocsFigures>
<DocsFigures>
		<Titre>[Famille Berthelé ?]</Titre>
		<Analyse>Photo de groupe dans un jardin. Peut être de la famille Berthelé ?
Début du vingtième siècle.</Analyse>
		<Realise_en></Realise_en>
		<Liste_des_auteurs>BERTHELÉ, Raoul</Liste_des_auteurs>
		<Type_Doc>NEGATIF N&amp;B</Type_Doc>
		<Support>VERRE</Support>
		<Technique>Photographie N&amp;B</Technique>
		<Format>9 x 6 cm</Format>
		<Cote>49Fi1320</Cote>
		<Observations></Observations>
		<Origine>Don Faucher-Berhelé entré le 10/11/1978.</Origine>
		<Droits_Repro>Domaine public</Droits_Repro>
		<subject></subject>
		<geoname></geoname>
		<persname></persname>
		<corpname></corpname>
	</DocsFigures>
<DocsFigures>
		<Titre>[Famille Berthelé. Le grand père?]</Titre>
		<Analyse>Photo du grand père dans un jardin. Peut être de la famille Berthelé ?
Début du vingtième siècle.</Analyse>
		<Realise_en></Realise_en>
		<Liste_des_auteurs>BERTHELÉ, Raoul</Liste_des_auteurs>
		<Type_Doc>NEGATIF N&amp;B</Type_Doc>
		<Support>VERRE</Support>
		<Technique>Photographie N&amp;B</Technique>
		<Format>9 x 6 cm</Format>
		<Cote>49Fi1321</Cote>
		<Observations></Observations>
		<Origine>Don Faucher-Berhelé entré le 10/11/1978.</Origine>
		<Droits_Repro>Domaine public</Droits_Repro>
		<subject></subject>
		<geoname></geoname>
		<persname></persname>
		<corpname></corpname>
	</DocsFigures>
<DocsFigures>
		<Titre>[Un groupe de femmes et une fillette]</Titre>
		<Analyse>Photo d&apos;un groupe de femmes et d&apos;une fillette dans un jardin. Peut être de la famille Berthelé ?
Début du vingtième siècle.</Analyse>
		<Realise_en></Realise_en>
		<Liste_des_auteurs>BERTHELÉ, Raoul</Liste_des_auteurs>
		<Type_Doc>NEGATIF N&amp;B</Type_Doc>
		<Support>VERRE</Support>
		<Technique>Photographie N&amp;B</Technique>
		<Format>9 x 6 cm</Format>
		<Cote>49Fi1322</Cote>
		<Observations></Observations>
		<Origine>Don Faucher-Berhelé entré le 10/11/1978.</Origine>
		<Droits_Repro>Domaine public</Droits_Repro>
		<subject></subject>
		<geoname></geoname>
		<persname></persname>
		<corpname></corpname>
	</DocsFigures>
<DocsFigures>
		<Titre>[Un homme âgé avec un enfant]</Titre>
		<Analyse>Photo dans un jardin d&apos;un  homme âgé avec un enfant sur ses genoux. Peut être de la famille Berthelé ?
Début du vingtième siècle.</Analyse>
		<Realise_en></Realise_en>
		<Liste_des_auteurs>BERTHELÉ, Raoul</Liste_des_auteurs>
		<Type_Doc>NEGATIF N&amp;B</Type_Doc>
		<Support>VERRE</Support>
		<Technique>Photographie N&amp;B</Technique>
		<Format>9 x 6 cm</Format>
		<Cote>49Fi1323</Cote>
		<Observations></Observations>
		<Origine>Don Faucher-Berhelé entré le 10/11/1978.</Origine>
		<Droits_Repro>Domaine public</Droits_Repro>
		<subject></subject>
		<geoname></geoname>
		<persname></persname>
		<corpname></corpname>
	</DocsFigures>
<DocsFigures>
		<Titre>[Photo de groupe]</Titre>
		<Analyse>Photo de groupe dans un jardin, peut être de la famille Berthelé ?
Début du vingtième siècle.</Analyse>
		<Realise_en></Realise_en>
		<Liste_des_auteurs>BERTHELÉ, Raoul</Liste_des_auteurs>
		<Type_Doc>NEGATIF N&amp;B</Type_Doc>
		<Support>VERRE</Support>
		<Technique>Photographie N&amp;B</Technique>
		<Format>9 x 6 cm</Format>
		<Cote>49Fi1324</Cote>
		<Observations></Observations>
		<Origine>Don Faucher-Berhelé entré le 10/11/1978.</Origine>
		<Droits_Repro>Domaine public</Droits_Repro>
		<subject></subject>
		<geoname></geoname>
		<persname></persname>
		<corpname></corpname>
	</DocsFigures>
<DocsFigures>
		<Titre>[Photo d&apos;un groupe de femmes]</Titre>
		<Analyse>Photo d&apos;un groupe de femmes dans un jardin, peut être de la famille Berthelé ?
Début du vingtième siècle.</Analyse>
		<Realise_en></Realise_en>
		<Liste_des_auteurs>BERTHELÉ, Raoul</Liste_des_auteurs>
		<Type_Doc>NEGATIF N&amp;B</Type_Doc>
		<Support>VERRE</Support>
		<Technique>Photographie N&amp;B</Technique>
		<Format>9 x 6 cm</Format>
		<Cote>49Fi1325</Cote>
		<Observations></Observations>
		<Origine>Don Faucher-Berhelé entré le 10/11/1978.</Origine>
		<Droits_Repro>Domaine public</Droits_Repro>
		<subject></subject>
		<geoname></geoname>
		<persname></persname>
		<corpname></corpname>
	</DocsFigures>
<DocsFigures>
		<Titre>[Photo d&apos;un groupe de femmes]</Titre>
		<Analyse>Photo d&apos;un groupe de femmes dans un jardin, peut être de la famille Berthelé ?
Début du vingtième siècle.</Analyse>
		<Realise_en></Realise_en>
		<Liste_des_auteurs>BERTHELÉ, Raoul</Liste_des_auteurs>
		<Type_Doc>NEGATIF N&amp;B</Type_Doc>
		<Support>VERRE</Support>
		<Technique>Photographie N&amp;B</Technique>
		<Format>9 x 6 cm</Format>
		<Cote>49Fi1326</Cote>
		<Observations></Observations>
		<Origine>Don Faucher-Berhelé entré le 10/11/1978.</Origine>
		<Droits_Repro>Domaine public</Droits_Repro>
		<subject></subject>
		<geoname></geoname>
		<persname></persname>
		<corpname></corpname>
	</DocsFigures>
<DocsFigures>
		<Titre>[Portait d&apos;une jeune femme]</Titre>
		<Analyse>Portait d&apos;une jeune femme, peut être de la famille Berthelé ?
Début du vingtième siècle,</Analyse>
		<Realise_en></Realise_en>
		<Liste_des_auteurs>BERTHELÉ, Raoul</Liste_des_auteurs>
		<Type_Doc>NEGATIF N&amp;B</Type_Doc>
		<Support>VERRE</Support>
		<Technique>Photographie N&amp;B</Technique>
		<Format>9 x 6 cm</Format>
		<Cote>49Fi1327</Cote>
		<Observations></Observations>
		<Origine>Don Faucher-Berhelé entré le 10/11/1978.</Origine>
		<Droits_Repro>Domaine public</Droits_Repro>
		<subject></subject>
		<geoname></geoname>
		<persname></persname>
		<corpname></corpname>
	</DocsFigures>
<DocsFigures>
		<Titre>[Portait de Raoul Berthelé]</Titre>
		<Analyse>Portait de Raoul Berthelé enfant.
Début du vingtième siècle,</Analyse>
		<Realise_en></Realise_en>
		<Liste_des_auteurs>BERTHELÉ, Raoul</Liste_des_auteurs>
		<Type_Doc>NEGATIF N&amp;B</Type_Doc>
		<Support>VERRE</Support>
		<Technique>Photographie N&amp;B</Technique>
		<Format>9 x 6 cm</Format>
		<Cote>49Fi1328</Cote>
		<Observations></Observations>
		<Origine>Don Faucher-Berhelé entré le 10/11/1978.</Origine>
		<Droits_Repro>Domaine public</Droits_Repro>
		<subject></subject>
		<geoname></geoname>
		<persname>BERTHELE, Raoul;</persname>
		<corpname></corpname>
	</DocsFigures>
<DocsFigures>
		<Titre>[Portait d&apos;une femme]</Titre>
		<Analyse>Portait d&apos;une femme à proximité d&apos;une maison, peut être de la famille Berthelé ?
Début du vingtième siècle,</Analyse>
		<Realise_en></Realise_en>
		<Liste_des_auteurs>BERTHELÉ, Raoul</Liste_des_auteurs>
		<Type_Doc>NEGATIF N&amp;B</Type_Doc>
		<Support>VERRE</Support>
		<Technique>Photographie N&amp;B</Technique>
		<Format>9 x 6 cm</Format>
		<Cote>49Fi1329</Cote>
		<Observations></Observations>
		<Origine>Don Faucher-Berhelé entré le 10/11/1978.</Origine>
		<Droits_Repro>Domaine public</Droits_Repro>
		<subject></subject>
		<geoname></geoname>
		<persname></persname>
		<corpname></corpname>
	</DocsFigures>
<DocsFigures>
		<Titre>[Pont du canal du Midi sur l&apos;Orb à Béziers]</Titre>
		<Analyse>Vue d&apos;une partie du pont du canal du Midi sur l&apos;Orb à Béziers (Hérault).
Début du vingtième siècle.</Analyse>
		<Realise_en></Realise_en>
		<Liste_des_auteurs>BERTHELÉ, Raoul</Liste_des_auteurs>
		<Type_Doc>NEGATIF N&amp;B</Type_Doc>
		<Support>VERRE</Support>
		<Technique>Photographie N&amp;B</Technique>
		<Format>6 x 9 cm</Format>
		<Cote>49Fi1330</Cote>
		<Observations>La plaque est tachée et voilée.</Observations>
		<Origine>Don Faucher-Berhelé entré le 10/11/1978.</Origine>
		<Droits_Repro>Domaine public</Droits_Repro>
		<subject></subject>
		<geoname>BEZIERS (ville);</geoname>
		<persname></persname>
		<corpname></corpname>
	</DocsFigures>
<DocsFigures>
		<Titre>[Tramway à Montpellier]</Titre>
		<Analyse>Vue d&apos;une rame de la ligne 21 du tramway électrique de Montpellier (Hérault).
Début du vingtième siècle.</Analyse>
		<Realise_en></Realise_en>
		<Liste_des_auteurs>BERTHELÉ, Raoul</Liste_des_auteurs>
		<Type_Doc>NEGATIF N&amp;B</Type_Doc>
		<Support>VERRE</Support>
		<Technique>Photographie N&amp;B</Technique>
		<Format>6 x 9 cm</Format>
		<Cote>49Fi1331</Cote>
		<Observations>Il manque une partie de la plaque coté droit.
ATTENTION EN PLUSIEURS MORCEAUX;</Observations>
		<Origine>Don Faucher-Berhelé entré le 10/11/1978.</Origine>
		<Droits_Repro>Domaine public</Droits_Repro>
		<subject></subject>
		<geoname>MONTPELLIER (ville);</geoname>
		<persname></persname>
		<corpname></corpname>
	</DocsFigures>
<DocsFigures>
		<Titre>[Paysage]</Titre>
		<Analyse>Des vignes avec au fond un long viaduc.
Début du vingtième siècle,</Analyse>
		<Realise_en></Realise_en>
		<Liste_des_auteurs>BERTHELÉ, Raoul</Liste_des_auteurs>
		<Type_Doc>NEGATIF N&amp;B</Type_Doc>
		<Support>VERRE</Support>
		<Technique>Photographie N&amp;B</Technique>
		<Format>9 x 6 cm</Format>
		<Cote>49Fi1332</Cote>
		<Observations></Observations>
		<Origine>Don Faucher-Berhelé entré le 10/11/1978.</Origine>
		<Droits_Repro>Domaine public</Droits_Repro>
		<subject></subject>
		<geoname></geoname>
		<persname></persname>
		<corpname></corpname>
	</DocsFigures>
<DocsFigures>
		<Titre>[Paysage]</Titre>
		<Analyse>Port dans un chenal avec de nombreux petits bateaux à quai.
Début du vingtième siècle.
Avec un &quot;Café des pécheurs et des chasseurs&quot;.</Analyse>
		<Realise_en></Realise_en>
		<Liste_des_auteurs>BERTHELÉ, Raoul</Liste_des_auteurs>
		<Type_Doc>NEGATIF N&amp;B</Type_Doc>
		<Support>VERRE</Support>
		<Technique>Photographie N&amp;B</Technique>
		<Format>6 x 9 cm</Format>
		<Cote>49Fi1333</Cote>
		<Observations>Les bords de la plaque sont voilés.</Observations>
		<Origine>Don Faucher-Berhelé entré le 10/11/1978.</Origine>
		<Droits_Repro>Domaine public</Droits_Repro>
		<subject></subject>
		<geoname></geoname>
		<persname></persname>
		<corpname></corpname>
	</DocsFigures>
<DocsFigures>
		<Titre>[Paysage]</Titre>
		<Analyse>Une maison bourgeoise surmontée d&apos;un drapeau au bord de la plage.
Début du vingtième siècle,</Analyse>
		<Realise_en></Realise_en>
		<Liste_des_auteurs>BERTHELÉ, Raoul</Liste_des_auteurs>
		<Type_Doc>NEGATIF N&amp;B</Type_Doc>
		<Support>VERRE</Support>
		<Technique>Photographie N&amp;B</Technique>
		<Format>9 x 6 cm</Format>
		<Cote>49Fi1334</Cote>
		<Observations></Observations>
		<Origine>Don Faucher-Berhelé entré le 10/11/1978.</Origine>
		<Droits_Repro>Domaine public</Droits_Repro>
		<subject></subject>
		<geoname></geoname>
		<persname></persname>
		<corpname></corpname>
	</DocsFigures>
<DocsFigures>
		<Titre>[Une maison et son jardin]</Titre>
		<Analyse>En premier plan un jardin, au fond de l&apos;allée un couple assis devant la maison. Peut être de la famille Berthelé ?
Début du vingtième siècle,</Analyse>
		<Realise_en></Realise_en>
		<Liste_des_auteurs>BERTHELÉ, Raoul</Liste_des_auteurs>
		<Type_Doc>NEGATIF N&amp;B</Type_Doc>
		<Support>VERRE</Support>
		<Technique>Photographie N&amp;B</Technique>
		<Format>9 x 6 cm</Format>
		<Cote>49Fi1335</Cote>
		<Observations></Observations>
		<Origine>Don Faucher-Berhelé entré le 10/11/1978.</Origine>
		<Droits_Repro>Domaine public</Droits_Repro>
		<subject></subject>
		<geoname></geoname>
		<persname></persname>
		<corpname></corpname>
	</DocsFigures>
<DocsFigures>
		<Titre>[Paris. Exposition universelle 1900. Portique de la manufacture de Sèvres]</Titre>
		<Analyse>Portique en ceramique monumental réalisé par Jules-Félix Coutan et Charles Risler pour l&apos;exposition de la manufacture de Sèvres à l&apos;hôtel des Invalides lors de l&apos;exposition universelle de 1900 à Paris.</Analyse>
		<Realise_en>1900</Realise_en>
		<Liste_des_auteurs>BERTHELÉ, Raoul</Liste_des_auteurs>
		<Type_Doc>NEGATIF N&amp;B</Type_Doc>
		<Support>VERRE</Support>
		<Technique>Photographie N&amp;B</Technique>
		<Format>9 x 6 cm</Format>
		<Cote>49Fi1336</Cote>
		<Observations></Observations>
		<Origine>Don Faucher-Berhelé entré le 10/11/1978.</Origine>
		<Droits_Repro>Domaine public</Droits_Repro>
		<subject></subject>
		<geoname>PORTIQUE MONUMENTAL DE SEVRES;PARIS (ville);</geoname>
		<persname></persname>
		<corpname></corpname>
	</DocsFigures>
<DocsFigures>
		<Titre>[Paris. Exposition universelle 1900. Pavillon de l&apos;Italie]</Titre>
		<Analyse>Vue générale du Pavillon de l&apos;Italie réalisé à l&apos;occasion de l&apos;exposition universelle de 1900 à Paris.</Analyse>
		<Realise_en>1900</Realise_en>
		<Liste_des_auteurs>BERTHELÉ, Raoul</Liste_des_auteurs>
		<Type_Doc>NEGATIF N&amp;B</Type_Doc>
		<Support>VERRE</Support>
		<Technique>Photographie N&amp;B</Technique>
		<Format>9 x 6 cm</Format>
		<Cote>49Fi1337</Cote>
		<Observations></Observations>
		<Origine>Don Faucher-Berhelé entré le 10/11/1978.</Origine>
		<Droits_Repro>Domaine public</Droits_Repro>
		<subject></subject>
		<geoname>PARIS (ville);</geoname>
		<persname></persname>
		<corpname></corpname>
	</DocsFigures>
<DocsFigures>
		<Titre>[Paris. Exposition universelle 1900. Façade du Grand Palais]</Titre>
		<Analyse>Vue générale de la façade du Grand Palais construit à l&apos;occasion de l&apos;exposition universelle de 1900 à Paris.
1900.</Analyse>
		<Realise_en>1900</Realise_en>
		<Liste_des_auteurs>BERTHELÉ, Raoul</Liste_des_auteurs>
		<Type_Doc>NEGATIF N&amp;B</Type_Doc>
		<Support>VERRE</Support>
		<Technique>Photographie N&amp;B</Technique>
		<Format>6 x 9 cm</Format>
		<Cote>49Fi1338</Cote>
		<Observations></Observations>
		<Origine>Don Faucher-Berhelé entré le 10/11/1978.</Origine>
		<Droits_Repro>Domaine public</Droits_Repro>
		<subject></subject>
		<geoname>GRAND PALAIS (LE);PARIS (ville);</geoname>
		<persname></persname>
		<corpname></corpname>
	</DocsFigures>
<DocsFigures>
		<Titre>[Maison]</Titre>
		<Analyse>Vue d&apos;une maison délabrée sans légende à localiser. 
Début du vingtième siècle,</Analyse>
		<Realise_en></Realise_en>
		<Liste_des_auteurs>BERTHELÉ, Raoul</Liste_des_auteurs>
		<Type_Doc>NEGATIF N&amp;B</Type_Doc>
		<Support>VERRE</Support>
		<Technique>Photographie N&amp;B</Technique>
		<Format>6 x 9 cm</Format>
		<Cote>49Fi1339</Cote>
		<Observations></Observations>
		<Origine>Don Faucher-Berhelé entré le 10/11/1978.</Origine>
		<Droits_Repro>Domaine public</Droits_Repro>
		<subject></subject>
		<geoname></geoname>
		<persname></persname>
		<corpname></corpname>
	</DocsFigures>
<DocsFigures>
		<Titre>[Vue de l&apos;intèrieur d&apos;un édifice]</Titre>
		<Analyse>Vue de l&apos;intèrieur d&apos;un édifice avec du foin. Sans légende à localiser. 
Début du vingtième siècle,</Analyse>
		<Realise_en></Realise_en>
		<Liste_des_auteurs>BERTHELÉ, Raoul</Liste_des_auteurs>
		<Type_Doc>NEGATIF N&amp;B</Type_Doc>
		<Support>VERRE</Support>
		<Technique>Photographie N&amp;B</Technique>
		<Format>9 x 6 cm</Format>
		<Cote>49Fi1340</Cote>
		<Observations></Observations>
		<Origine>Don Faucher-Berhelé entré le 10/11/1978.</Origine>
		<Droits_Repro>Domaine public</Droits_Repro>
		<subject></subject>
		<geoname></geoname>
		<persname></persname>
		<corpname></corpname>
	</DocsFigures>
<DocsFigures>
		<Titre>[Paysage]</Titre>
		<Analyse>Une vigne en premier plan et en fond des murs en ruines. Sans légende à localiser. 
Début du vingtième siècle,</Analyse>
		<Realise_en></Realise_en>
		<Liste_des_auteurs>BERTHELÉ, Raoul</Liste_des_auteurs>
		<Type_Doc>NEGATIF N&amp;B</Type_Doc>
		<Support>VERRE</Support>
		<Technique>Photographie N&amp;B</Technique>
		<Format>6 x 9 cm</Format>
		<Cote>49Fi1341</Cote>
		<Observations></Observations>
		<Origine>Don Faucher-Berhelé entré le 10/11/1978.</Origine>
		<Droits_Repro>Domaine public</Droits_Repro>
		<subject></subject>
		<geoname></geoname>
		<persname></persname>
		<corpname></corpname>
	</DocsFigures>
<DocsFigures>
		<Titre>[Paysage]</Titre>
		<Analyse>Une vigne en premier plan et en fond des murs en ruines. Sans légende à localiser. 
Début du vingtième siècle,</Analyse>
		<Realise_en></Realise_en>
		<Liste_des_auteurs>BERTHELÉ, Raoul</Liste_des_auteurs>
		<Type_Doc>NEGATIF N&amp;B</Type_Doc>
		<Support>VERRE</Support>
		<Technique>Photographie N&amp;B</Technique>
		<Format>9 x 6 cm</Format>
		<Cote>49Fi1342</Cote>
		<Observations></Observations>
		<Origine>Don Faucher-Berhelé entré le 10/11/1978.</Origine>
		<Droits_Repro>Domaine public</Droits_Repro>
		<subject></subject>
		<geoname></geoname>
		<persname></persname>
		<corpname></corpname>
	</DocsFigures>
<DocsFigures>
		<Titre>[Spectacle équestre]</Titre>
		<Analyse>Spectacle équestre, l&apos;image est à peine lisible. Sans légende à localiser. 
Début du vingtième siècle,</Analyse>
		<Realise_en></Realise_en>
		<Liste_des_auteurs>BERTHELÉ, Raoul</Liste_des_auteurs>
		<Type_Doc>NEGATIF N&amp;B</Type_Doc>
		<Support>VERRE</Support>
		<Technique>Photographie N&amp;B</Technique>
		<Format>9 x 6 cm</Format>
		<Cote>49Fi1343</Cote>
		<Observations>L&apos;image est à peine lisible.</Observations>
		<Origine>Don Faucher-Berhelé entré le 10/11/1978.</Origine>
		<Droits_Repro>Domaine public</Droits_Repro>
		<subject></subject>
		<geoname></geoname>
		<persname></persname>
		<corpname></corpname>
	</DocsFigures>
<DocsFigures>
		<Titre>[Spectacle équestre]</Titre>
		<Analyse>Spectacle équestre, on peut voir un cheval qui se cabre. Sans légende à localiser. 
Début du vingtième siècle,</Analyse>
		<Realise_en></Realise_en>
		<Liste_des_auteurs>BERTHELÉ, Raoul</Liste_des_auteurs>
		<Type_Doc>NEGATIF N&amp;B</Type_Doc>
		<Support>VERRE</Support>
		<Technique>Photographie N&amp;B</Technique>
		<Format>9 x 6 cm</Format>
		<Cote>49Fi1344</Cote>
		<Observations></Observations>
		<Origine>Don Faucher-Berhelé entré le 10/11/1978.</Origine>
		<Droits_Repro>Domaine public</Droits_Repro>
		<subject></subject>
		<geoname></geoname>
		<persname></persname>
		<corpname></corpname>
	</DocsFigures>
<DocsFigures>
		<Titre>[Vendange]</Titre>
		<Analyse>Au milieu des vignes, des tracteurs à vapeur servent à transporter les raisins. Sans légende à localiser. 
Début du vingtième siècle,</Analyse>
		<Realise_en></Realise_en>
		<Liste_des_auteurs>BERTHELÉ, Raoul</Liste_des_auteurs>
		<Type_Doc>NEGATIF N&amp;B</Type_Doc>
		<Support>VERRE</Support>
		<Technique>Photographie N&amp;B</Technique>
		<Format>6 x 9 cm</Format>
		<Cote>49Fi1345</Cote>
		<Observations>En contre-jour.</Observations>
		<Origine>Don Faucher-Berhelé entré le 10/11/1978.</Origine>
		<Droits_Repro>Domaine public</Droits_Repro>
		<subject></subject>
		<geoname></geoname>
		<persname></persname>
		<corpname></corpname>
	</DocsFigures>
<DocsFigures>
		<Titre>[Calèche]</Titre>
		<Analyse>Sur une route de campagne, une calèche tirée par deux chevaux. Sans légende à localiser. 
Début du vingtième siècle,</Analyse>
		<Realise_en></Realise_en>
		<Liste_des_auteurs>BERTHELÉ, Raoul</Liste_des_auteurs>
		<Type_Doc>NEGATIF N&amp;B</Type_Doc>
		<Support>VERRE</Support>
		<Technique>Photographie N&amp;B</Technique>
		<Format>6 x 9 cm</Format>
		<Cote>49Fi1346</Cote>
		<Observations></Observations>
		<Origine>Don Faucher-Berhelé entré le 10/11/1978.</Origine>
		<Droits_Repro>Domaine public</Droits_Repro>
		<subject></subject>
		<geoname></geoname>
		<persname></persname>
		<corpname></corpname>
	</DocsFigures>
<DocsFigures>
		<Titre>[Messe]</Titre>
		<Analyse>Une messe en plein air pour honorer la vierge. Sans légende à localiser. 
Début du vingtième siècle,</Analyse>
		<Realise_en></Realise_en>
		<Liste_des_auteurs>BERTHELÉ, Raoul</Liste_des_auteurs>
		<Type_Doc>NEGATIF N&amp;B</Type_Doc>
		<Support>VERRE</Support>
		<Technique>Photographie N&amp;B</Technique>
		<Format>9 x 6 cm</Format>
		<Cote>49Fi1347</Cote>
		<Observations></Observations>
		<Origine>Don Faucher-Berhelé entré le 10/11/1978.</Origine>
		<Droits_Repro>Domaine public</Droits_Repro>
		<subject></subject>
		<geoname></geoname>
		<persname></persname>
		<corpname></corpname>
	</DocsFigures>
<DocsFigures>
		<Titre>[Enfant]</Titre>
		<Analyse>Portrait flou d&apos;un très jeune enfant assis sur un fauteuil. Sans légende à localiser. 
Début du vingtième siècle,</Analyse>
		<Realise_en></Realise_en>
		<Liste_des_auteurs>BERTHELÉ, Raoul</Liste_des_auteurs>
		<Type_Doc>NEGATIF N&amp;B</Type_Doc>
		<Support>VERRE</Support>
		<Technique>Photographie N&amp;B</Technique>
		<Format>9 x 6 cm</Format>
		<Cote>49Fi1348</Cote>
		<Observations></Observations>
		<Origine>Don Faucher-Berhelé entré le 10/11/1978.</Origine>
		<Droits_Repro>Domaine public</Droits_Repro>
		<subject></subject>
		<geoname></geoname>
		<persname></persname>
		<corpname></corpname>
	</DocsFigures>
<DocsFigures>
		<Titre>[Portrait d&apos;un adolescent]</Titre>
		<Analyse>Portrait d&apos;un adolescent assis sur un banc. Sans légende à localiser. 
Début du vingtième siècle,</Analyse>
		<Realise_en></Realise_en>
		<Liste_des_auteurs>BERTHELÉ, Raoul</Liste_des_auteurs>
		<Type_Doc>NEGATIF N&amp;B</Type_Doc>
		<Support>VERRE</Support>
		<Technique>Photographie N&amp;B</Technique>
		<Format>9 x 6 cm</Format>
		<Cote>49Fi1349</Cote>
		<Observations></Observations>
		<Origine>Don Faucher-Berhelé entré le 10/11/1978.</Origine>
		<Droits_Repro>Domaine public</Droits_Repro>
		<subject></subject>
		<geoname></geoname>
		<persname></persname>
		<corpname></corpname>
	</DocsFigures>
<DocsFigures>
		<Titre>[Messe]</Titre>
		<Analyse>Une messe en plein air pour honorer la vierge. Sans légende à localiser. 
Début du vingtième siècle,</Analyse>
		<Realise_en></Realise_en>
		<Liste_des_auteurs>BERTHELÉ, Raoul</Liste_des_auteurs>
		<Type_Doc>NEGATIF N&amp;B</Type_Doc>
		<Support>VERRE</Support>
		<Technique>Photographie N&amp;B</Technique>
		<Format>9 x 6 cm</Format>
		<Cote>49Fi1350</Cote>
		<Observations></Observations>
		<Origine>Don Faucher-Berhelé entré le 10/11/1978.</Origine>
		<Droits_Repro>Domaine public</Droits_Repro>
		<subject></subject>
		<geoname></geoname>
		<persname></persname>
		<corpname></corpname>
	</DocsFigures>
<DocsFigures>
		<Titre>[Photo de famille]</Titre>
		<Analyse>Photo de famille dans le salon où deux hommes debout  trinquent sous le regard de deux femmes assises. Sans légende à localiser. 
Début du vingtième siècle,</Analyse>
		<Realise_en></Realise_en>
		<Liste_des_auteurs>BERTHELÉ, Raoul</Liste_des_auteurs>
		<Type_Doc>NEGATIF N&amp;B</Type_Doc>
		<Support>VERRE</Support>
		<Technique>Photographie N&amp;B</Technique>
		<Format>9 x 6 cm</Format>
		<Cote>49Fi1351</Cote>
		<Observations>La plaque est peu exploitable.</Observations>
		<Origine>Don Faucher-Berhelé entré le 10/11/1978.</Origine>
		<Droits_Repro>Domaine public</Droits_Repro>
		<subject></subject>
		<geoname></geoname>
		<persname></persname>
		<corpname></corpname>
	</DocsFigures>
<DocsFigures>
		<Titre>[Procession]</Titre>
		<Analyse>Procession religieuse dans une ville. Sans légende à localiser. 
Début du vingtième siècle,</Analyse>
		<Realise_en></Realise_en>
		<Liste_des_auteurs>BERTHELÉ, Raoul</Liste_des_auteurs>
		<Type_Doc>NEGATIF N&amp;B</Type_Doc>
		<Support>VERRE</Support>
		<Technique>Photographie N&amp;B</Technique>
		<Format>6 x 9 cm</Format>
		<Cote>49Fi1352</Cote>
		<Observations></Observations>
		<Origine>Don Faucher-Berhelé entré le 10/11/1978.</Origine>
		<Droits_Repro>Domaine public</Droits_Repro>
		<subject></subject>
		<geoname></geoname>
		<persname></persname>
		<corpname></corpname>
	</DocsFigures>
<DocsFigures>
		<Titre>[Portrait d&apos;un enfant]</Titre>
		<Analyse>Portrait en pied d&apos;un enfant dans un jardin. Sans légende à localiser. 
Début du vingtième siècle,</Analyse>
		<Realise_en></Realise_en>
		<Liste_des_auteurs>BERTHELÉ, Raoul</Liste_des_auteurs>
		<Type_Doc>NEGATIF N&amp;B</Type_Doc>
		<Support>VERRE</Support>
		<Technique>Photographie N&amp;B</Technique>
		<Format>9 x 6 cm</Format>
		<Cote>49Fi1353</Cote>
		<Observations>La plaque est floue.</Observations>
		<Origine>Don Faucher-Berhelé entré le 10/11/1978.</Origine>
		<Droits_Repro>Domaine public</Droits_Repro>
		<subject></subject>
		<geoname></geoname>
		<persname></persname>
		<corpname></corpname>
	</DocsFigures>
<DocsFigures>
		<Titre>[Procession]</Titre>
		<Analyse>Procession religieuse dans une ville. Sans légende à localiser. 
Début du vingtième siècle,</Analyse>
		<Realise_en></Realise_en>
		<Liste_des_auteurs>BERTHELÉ, Raoul</Liste_des_auteurs>
		<Type_Doc>NEGATIF N&amp;B</Type_Doc>
		<Support>VERRE</Support>
		<Technique>Photographie N&amp;B</Technique>
		<Format>9 x 6 cm</Format>
		<Cote>49Fi1354</Cote>
		<Observations></Observations>
		<Origine>Don Faucher-Berhelé entré le 10/11/1978.</Origine>
		<Droits_Repro>Domaine public</Droits_Repro>
		<subject></subject>
		<geoname></geoname>
		<persname></persname>
		<corpname></corpname>
	</DocsFigures>
<DocsFigures>
		<Titre>[Messe]</Titre>
		<Analyse>Célébration religieuse d&apos;une messe dans une ville. Sans légende à localiser. 
Début du vingtième siècle,</Analyse>
		<Realise_en></Realise_en>
		<Liste_des_auteurs>BERTHELÉ, Raoul</Liste_des_auteurs>
		<Type_Doc>NEGATIF N&amp;B</Type_Doc>
		<Support>VERRE</Support>
		<Technique>Photographie N&amp;B</Technique>
		<Format>9 x 6 cm</Format>
		<Cote>49Fi1355</Cote>
		<Observations></Observations>
		<Origine>Don Faucher-Berhelé entré le 10/11/1978.</Origine>
		<Droits_Repro>Domaine public</Droits_Repro>
		<subject></subject>
		<geoname></geoname>
		<persname></persname>
		<corpname></corpname>
	</DocsFigures>
<DocsFigures>
		<Titre>[Autel]</Titre>
		<Analyse>Autel religieux en l&apos;honneur de la Vierge. Sans légende à localiser. 
Début du vingtième siècle,</Analyse>
		<Realise_en></Realise_en>
		<Liste_des_auteurs>BERTHELÉ, Raoul</Liste_des_auteurs>
		<Type_Doc>NEGATIF N&amp;B</Type_Doc>
		<Support>VERRE</Support>
		<Technique>Photographie N&amp;B</Technique>
		<Format>9 x 6 cm</Format>
		<Cote>49Fi1356</Cote>
		<Observations>La partie haute de la plaque est voilée.</Observations>
		<Origine>Don Faucher-Berhelé entré le 10/11/1978.</Origine>
		<Droits_Repro>Domaine public</Droits_Repro>
		<subject></subject>
		<geoname></geoname>
		<persname></persname>
		<corpname></corpname>
	</DocsFigures>
<DocsFigures>
		<Titre>[Portrait d&apos;un enfant]</Titre>
		<Analyse>Portrait d&apos;un enfant assis sur un cheval de bois Sans légende à localiser. 
Début du vingtième siècle,</Analyse>
		<Realise_en></Realise_en>
		<Liste_des_auteurs>BERTHELÉ, Raoul</Liste_des_auteurs>
		<Type_Doc>NEGATIF N&amp;B</Type_Doc>
		<Support>VERRE</Support>
		<Technique>Photographie N&amp;B</Technique>
		<Format>9 x 6 cm</Format>
		<Cote>49Fi1357</Cote>
		<Observations>L&apos;enfant est flou.</Observations>
		<Origine>Don Faucher-Berhelé entré le 10/11/1978.</Origine>
		<Droits_Repro>Domaine public</Droits_Repro>
		<subject></subject>
		<geoname></geoname>
		<persname></persname>
		<corpname></corpname>
	</DocsFigures>
<DocsFigures>
		<Titre>[Enfant]</Titre>
		<Analyse>Portrait flou d&apos;un très jeune enfant assis sur un fauteuil. Sans légende à localiser. 
Début du vingtième siècle,</Analyse>
		<Realise_en></Realise_en>
		<Liste_des_auteurs>BERTHELÉ, Raoul</Liste_des_auteurs>
		<Type_Doc>NEGATIF N&amp;B</Type_Doc>
		<Support>VERRE</Support>
		<Technique>Photographie N&amp;B</Technique>
		<Format>9 x 6 cm</Format>
		<Cote>49Fi1358</Cote>
		<Observations></Observations>
		<Origine>Don Faucher-Berhelé entré le 10/11/1978.</Origine>
		<Droits_Repro>Domaine public</Droits_Repro>
		<subject></subject>
		<geoname></geoname>
		<persname></persname>
		<corpname></corpname>
	</DocsFigures>
<DocsFigures>
		<Titre>[Jeune femme]</Titre>
		<Analyse>Portrait d&apos;une jeune femme adossée contre un mur. Sans légende à localiser. 
Début du vingtième siècle,</Analyse>
		<Realise_en></Realise_en>
		<Liste_des_auteurs>BERTHELÉ, Raoul</Liste_des_auteurs>
		<Type_Doc>NEGATIF N&amp;B</Type_Doc>
		<Support>VERRE</Support>
		<Technique>Photographie N&amp;B</Technique>
		<Format>9 x 6 cm</Format>
		<Cote>49Fi1359</Cote>
		<Observations></Observations>
		<Origine>Don Faucher-Berhelé entré le 10/11/1978.</Origine>
		<Droits_Repro>Domaine public</Droits_Repro>
		<subject></subject>
		<geoname></geoname>
		<persname></persname>
		<corpname></corpname>
	</DocsFigures>
<DocsFigures>
		<Titre>[Photo de groupe]</Titre>
		<Analyse>Photo d&apos;un groupe d&apos;adultes qui s&apos;apprête à jouer au croquet. Peut-être la famille Berthelé? Sans légende à localiser. 
Début du vingtième siècle,</Analyse>
		<Realise_en></Realise_en>
		<Liste_des_auteurs>BERTHELÉ, Raoul</Liste_des_auteurs>
		<Type_Doc>NEGATIF N&amp;B</Type_Doc>
		<Support>VERRE</Support>
		<Technique>Photographie N&amp;B</Technique>
		<Format>9 x 6 cm</Format>
		<Cote>49Fi1360</Cote>
		<Observations></Observations>
		<Origine>Don Faucher-Berhelé entré le 10/11/1978.</Origine>
		<Droits_Repro>Domaine public</Droits_Repro>
		<subject></subject>
		<geoname></geoname>
		<persname></persname>
		<corpname></corpname>
	</DocsFigures>
<DocsFigures>
		<Titre>[Procession]</Titre>
		<Analyse>Procession religieuse dans une ville, en arrière plan une cheminée d&apos;usine. Sans légende à localiser. 
Début du vingtième siècle,</Analyse>
		<Realise_en></Realise_en>
		<Liste_des_auteurs>BERTHELÉ, Raoul</Liste_des_auteurs>
		<Type_Doc>NEGATIF N&amp;B</Type_Doc>
		<Support>VERRE</Support>
		<Technique>Photographie N&amp;B</Technique>
		<Format>9 x 6 cm</Format>
		<Cote>49Fi1361</Cote>
		<Observations></Observations>
		<Origine>Don Faucher-Berhelé entré le 10/11/1978.</Origine>
		<Droits_Repro>Domaine public</Droits_Repro>
		<subject></subject>
		<geoname></geoname>
		<persname></persname>
		<corpname></corpname>
	</DocsFigures>
<DocsFigures>
		<Titre>[Portrait d&apos;un homme]</Titre>
		<Analyse>Portrait d&apos;un homme qui pose dans un jardin. Sans légende à localiser. 
Début du vingtième siècle,</Analyse>
		<Realise_en></Realise_en>
		<Liste_des_auteurs>BERTHELÉ, Raoul</Liste_des_auteurs>
		<Type_Doc>NEGATIF N&amp;B</Type_Doc>
		<Support>VERRE</Support>
		<Technique>Photographie N&amp;B</Technique>
		<Format>9 x 6 cm</Format>
		<Cote>49Fi1362</Cote>
		<Observations></Observations>
		<Origine>Don Faucher-Berhelé entré le 10/11/1978.</Origine>
		<Droits_Repro>Domaine public</Droits_Repro>
		<subject></subject>
		<geoname></geoname>
		<persname></persname>
		<corpname></corpname>
	</DocsFigures>
<DocsFigures>
		<Titre>[Portrait d&apos;un homme jeune]</Titre>
		<Analyse>Portrait d&apos;un homme jeune en costume qui pose assis sur un banc. Sans légende à localiser. 
Début du vingtième siècle,</Analyse>
		<Realise_en></Realise_en>
		<Liste_des_auteurs>BERTHELÉ, Raoul</Liste_des_auteurs>
		<Type_Doc>NEGATIF N&amp;B</Type_Doc>
		<Support>VERRE</Support>
		<Technique>Photographie N&amp;B</Technique>
		<Format>9 x 6 cm</Format>
		<Cote>49Fi1363</Cote>
		<Observations></Observations>
		<Origine>Don Faucher-Berhelé entré le 10/11/1978.</Origine>
		<Droits_Repro>Domaine public</Droits_Repro>
		<subject></subject>
		<geoname></geoname>
		<persname></persname>
		<corpname></corpname>
	</DocsFigures>
<DocsFigures>
		<Titre>[Portrait d&apos;un homme âgé]</Titre>
		<Analyse>Portrait d&apos;un homme âgé assis dans un fauteuil. Sans légende à localiser. 
Début du vingtième siècle,</Analyse>
		<Realise_en></Realise_en>
		<Liste_des_auteurs>BERTHELÉ, Raoul</Liste_des_auteurs>
		<Type_Doc>NEGATIF N&amp;B</Type_Doc>
		<Support>VERRE</Support>
		<Technique>Photographie N&amp;B</Technique>
		<Format>9 x 6 cm</Format>
		<Cote>49Fi1364</Cote>
		<Observations></Observations>
		<Origine>Don Faucher-Berhelé entré le 10/11/1978.</Origine>
		<Droits_Repro>Domaine public</Droits_Repro>
		<subject></subject>
		<geoname></geoname>
		<persname></persname>
		<corpname></corpname>
	</DocsFigures>
<DocsFigures>
		<Titre>[Photo de famille]</Titre>
		<Analyse>Photo de groupe. Sans légende à localiser. 
Début du vingtième siècle,</Analyse>
		<Realise_en></Realise_en>
		<Liste_des_auteurs>BERTHELÉ, Raoul</Liste_des_auteurs>
		<Type_Doc>NEGATIF N&amp;B</Type_Doc>
		<Support>VERRE</Support>
		<Technique>Photographie N&amp;B</Technique>
		<Format>6 x 9 cm</Format>
		<Cote>49Fi1365</Cote>
		<Observations></Observations>
		<Origine>Don Faucher-Berhelé entré le 10/11/1978.</Origine>
		<Droits_Repro>Domaine public</Droits_Repro>
		<subject></subject>
		<geoname></geoname>
		<persname></persname>
		<corpname></corpname>
	</DocsFigures>
<DocsFigures>
		<Titre>[Portrait d&apos;un adolescent]</Titre>
		<Analyse>Portrait d&apos;un adolescent assis sur un banc dans un jardin. Sans légende à localiser. 
Début du vingtième siècle,</Analyse>
		<Realise_en></Realise_en>
		<Liste_des_auteurs>BERTHELÉ, Raoul</Liste_des_auteurs>
		<Type_Doc>NEGATIF N&amp;B</Type_Doc>
		<Support>VERRE</Support>
		<Technique>Photographie N&amp;B</Technique>
		<Format>9 x 6 cm</Format>
		<Cote>49Fi1366</Cote>
		<Observations></Observations>
		<Origine>Don Faucher-Berhelé entré le 10/11/1978.</Origine>
		<Droits_Repro>Domaine public</Droits_Repro>
		<subject></subject>
		<geoname></geoname>
		<persname></persname>
		<corpname></corpname>
	</DocsFigures>
<DocsFigures>
		<Titre>[Portrait d&apos;une femme]</Titre>
		<Analyse>Portrait d&apos;une jeune femme assise sur un banc dans un jardin. Sans légende à localiser. 
Début du vingtième siècle,</Analyse>
		<Realise_en></Realise_en>
		<Liste_des_auteurs>BERTHELÉ, Raoul</Liste_des_auteurs>
		<Type_Doc>NEGATIF N&amp;B</Type_Doc>
		<Support>VERRE</Support>
		<Technique>Photographie N&amp;B</Technique>
		<Format>9 x 6 cm</Format>
		<Cote>49Fi1367</Cote>
		<Observations></Observations>
		<Origine>Don Faucher-Berhelé entré le 10/11/1978.</Origine>
		<Droits_Repro>Domaine public</Droits_Repro>
		<subject></subject>
		<geoname></geoname>
		<persname></persname>
		<corpname></corpname>
	</DocsFigures>
<DocsFigures>
		<Titre>[Messe]</Titre>
		<Analyse>Célébration religieuse d&apos;une messe dans une ville. Sans légende à localiser. 
Début du vingtième siècle,</Analyse>
		<Realise_en></Realise_en>
		<Liste_des_auteurs>BERTHELÉ, Raoul</Liste_des_auteurs>
		<Type_Doc>NEGATIF N&amp;B</Type_Doc>
		<Support>VERRE</Support>
		<Technique>Photographie N&amp;B</Technique>
		<Format>9 x 6 cm</Format>
		<Cote>49Fi1368</Cote>
		<Observations></Observations>
		<Origine>Don Faucher-Berhelé entré le 10/11/1978.</Origine>
		<Droits_Repro>Domaine public</Droits_Repro>
		<subject></subject>
		<geoname></geoname>
		<persname></persname>
		<corpname></corpname>
	</DocsFigures>
<DocsFigures>
		<Titre>[Photo de groupe]</Titre>
		<Analyse>Photo d&apos;un groupe de quatre garçons. Peut-être la famille Berthelé? Sans légende à localiser. 
Début du vingtième siècle,</Analyse>
		<Realise_en></Realise_en>
		<Liste_des_auteurs>BERTHELÉ, Raoul</Liste_des_auteurs>
		<Type_Doc>NEGATIF N&amp;B</Type_Doc>
		<Support>VERRE</Support>
		<Technique>Photographie N&amp;B</Technique>
		<Format>6 x 9 cm</Format>
		<Cote>49Fi1369</Cote>
		<Observations>La plaque est légèrement floue.</Observations>
		<Origine>Don Faucher-Berhelé entré le 10/11/1978.</Origine>
		<Droits_Repro>Domaine public</Droits_Repro>
		<subject></subject>
		<geoname></geoname>
		<persname></persname>
		<corpname></corpname>
	</DocsFigures>
<DocsFigures>
		<Titre>[Portrait d&apos;un homme âgé]</Titre>
		<Analyse>Portrait en pied d&apos;un homme âgé tenant une grappe de raisins dans ses mains. Sans légende à localiser. 
Début du vingtième siècle,</Analyse>
		<Realise_en></Realise_en>
		<Liste_des_auteurs>BERTHELÉ, Raoul</Liste_des_auteurs>
		<Type_Doc>NEGATIF N&amp;B</Type_Doc>
		<Support>VERRE</Support>
		<Technique>Photographie N&amp;B</Technique>
		<Format>9 x 6 cm</Format>
		<Cote>49Fi1370</Cote>
		<Observations></Observations>
		<Origine>Don Faucher-Berhelé entré le 10/11/1978.</Origine>
		<Droits_Repro>Domaine public</Droits_Repro>
		<subject></subject>
		<geoname></geoname>
		<persname></persname>
		<corpname></corpname>
	</DocsFigures>
<DocsFigures>
		<Titre>[Portrait d&apos;une femme âgée]</Titre>
		<Analyse>Portrait en pied d&apos;une femme âgée tenant un panier à la main. Sans légende à localiser. 
Début du vingtième siècle,</Analyse>
		<Realise_en></Realise_en>
		<Liste_des_auteurs>BERTHELÉ, Raoul</Liste_des_auteurs>
		<Type_Doc>NEGATIF N&amp;B</Type_Doc>
		<Support>VERRE</Support>
		<Technique>Photographie N&amp;B</Technique>
		<Format>9 x 6 cm</Format>
		<Cote>49Fi1371</Cote>
		<Observations>Le visage est flou.</Observations>
		<Origine>Don Faucher-Berhelé entré le 10/11/1978.</Origine>
		<Droits_Repro>Domaine public</Droits_Repro>
		<subject></subject>
		<geoname></geoname>
		<persname></persname>
		<corpname></corpname>
	</DocsFigures>
<DocsFigures>
		<Titre>[Photo de groupe]</Titre>
		<Analyse>Photo d&apos;un groupe de quatre garçons. Peut-être la famille Berthelé? Sans légende à localiser. 
Début du vingtième siècle,</Analyse>
		<Realise_en></Realise_en>
		<Liste_des_auteurs>BERTHELÉ, Raoul</Liste_des_auteurs>
		<Type_Doc>NEGATIF N&amp;B</Type_Doc>
		<Support>VERRE</Support>
		<Technique>Photographie N&amp;B</Technique>
		<Format>6 x 9 cm</Format>
		<Cote>49Fi1372</Cote>
		<Observations></Observations>
		<Origine>Don Faucher-Berhelé entré le 10/11/1978.</Origine>
		<Droits_Repro>Domaine public</Droits_Repro>
		<subject></subject>
		<geoname></geoname>
		<persname></persname>
		<corpname></corpname>
	</DocsFigures>
<DocsFigures>
		<Titre>[Jeune fille]</Titre>
		<Analyse>Portrait en pied d&apos;une jeune fille devant une maison. Sans légende à localiser. 
Début du vingtième siècle,</Analyse>
		<Realise_en></Realise_en>
		<Liste_des_auteurs>BERTHELÉ, Raoul</Liste_des_auteurs>
		<Type_Doc>NEGATIF N&amp;B</Type_Doc>
		<Support>VERRE</Support>
		<Technique>Photographie N&amp;B</Technique>
		<Format>9 x 6 cm</Format>
		<Cote>49Fi1373</Cote>
		<Observations></Observations>
		<Origine>Don Faucher-Berhelé entré le 10/11/1978.</Origine>
		<Droits_Repro>Domaine public</Droits_Repro>
		<subject></subject>
		<geoname></geoname>
		<persname></persname>
		<corpname></corpname>
	</DocsFigures>
<DocsFigures>
		<Titre>[Jeune fille]</Titre>
		<Analyse>Portrait d&apos;une jeune fille assise devant une table. 
Début du vingtième siècle,</Analyse>
		<Realise_en></Realise_en>
		<Liste_des_auteurs>BERTHELÉ, Raoul</Liste_des_auteurs>
		<Type_Doc>NEGATIF N&amp;B</Type_Doc>
		<Support>VERRE</Support>
		<Technique>Photographie N&amp;B</Technique>
		<Format>9 x 6 cm</Format>
		<Cote>49Fi1374</Cote>
		<Observations></Observations>
		<Origine>Don Faucher-Berhelé entré le 10/11/1978.</Origine>
		<Droits_Repro>Domaine public</Droits_Repro>
		<subject></subject>
		<geoname></geoname>
		<persname></persname>
		<corpname></corpname>
	</DocsFigures>
<DocsFigures>
		<Titre>[Jeune fille]</Titre>
		<Analyse>Portrait en pied d&apos;une jeune fille devant une maison. Sans légende à localiser. 
Début du vingtième siècle,</Analyse>
		<Realise_en></Realise_en>
		<Liste_des_auteurs>BERTHELÉ, Raoul</Liste_des_auteurs>
		<Type_Doc>NEGATIF N&amp;B</Type_Doc>
		<Support>VERRE</Support>
		<Technique>Photographie N&amp;B</Technique>
		<Format>9 x 6 cm</Format>
		<Cote>49Fi1375</Cote>
		<Observations>Floue.</Observations>
		<Origine>Don Faucher-Berhelé entré le 10/11/1978.</Origine>
		<Droits_Repro>Domaine public</Droits_Repro>
		<subject></subject>
		<geoname></geoname>
		<persname></persname>
		<corpname></corpname>
	</DocsFigures>
<DocsFigures>
		<Titre>[Jeune fille]</Titre>
		<Analyse>Portrait d&apos;une jeune fille assise devant une table. 
Début du vingtième siècle.</Analyse>
		<Realise_en></Realise_en>
		<Liste_des_auteurs>BERTHELÉ, Raoul</Liste_des_auteurs>
		<Type_Doc>NEGATIF N&amp;B</Type_Doc>
		<Support>VERRE</Support>
		<Technique>Photographie N&amp;B</Technique>
		<Format>9 x 6 cm</Format>
		<Cote>49Fi1376</Cote>
		<Observations></Observations>
		<Origine>Don Faucher-Berhelé entré le 10/11/1978.</Origine>
		<Droits_Repro>Domaine public</Droits_Repro>
		<subject></subject>
		<geoname></geoname>
		<persname></persname>
		<corpname></corpname>
	</DocsFigures>
<DocsFigures>
		<Titre>[Homme]</Titre>
		<Analyse>Portrait en pied d&apos;un homme en équilibre sur une pierre. Sans légende à localiser. 
Début du vingtième siècle,</Analyse>
		<Realise_en></Realise_en>
		<Liste_des_auteurs>BERTHELÉ, Raoul</Liste_des_auteurs>
		<Type_Doc>NEGATIF N&amp;B</Type_Doc>
		<Support>VERRE</Support>
		<Technique>Photographie N&amp;B</Technique>
		<Format>9 x 6 cm</Format>
		<Cote>49Fi1377</Cote>
		<Observations></Observations>
		<Origine>Don Faucher-Berhelé entré le 10/11/1978.</Origine>
		<Droits_Repro>Domaine public</Droits_Repro>
		<subject></subject>
		<geoname></geoname>
		<persname></persname>
		<corpname></corpname>
	</DocsFigures>
<DocsFigures>
		<Titre>[Groupe de personnes]</Titre>
		<Analyse>Groupe de personnes posant dans la campagne à proximité d&apos;un rocher. Sans légende à localiser. 
Début du vingtième siècle.</Analyse>
		<Realise_en></Realise_en>
		<Liste_des_auteurs>BERTHELÉ, Raoul</Liste_des_auteurs>
		<Type_Doc>NEGATIF N&amp;B</Type_Doc>
		<Support>VERRE</Support>
		<Technique>Photographie N&amp;B</Technique>
		<Format>9 x 6 cm</Format>
		<Cote>49Fi1378</Cote>
		<Observations>Image peu exploitable. Mêmes personnages que sur la 49Fi1381.</Observations>
		<Origine>Don Faucher-Berhelé entré le 10/11/1978.</Origine>
		<Droits_Repro>Domaine public</Droits_Repro>
		<subject></subject>
		<geoname></geoname>
		<persname></persname>
		<corpname></corpname>
	</DocsFigures>
<DocsFigures>
		<Titre>[Groupe de personnes]</Titre>
		<Analyse>Groupe de personnes posant avec un âne. Sans légende à localiser. 
Début du vingtième siècle.</Analyse>
		<Realise_en></Realise_en>
		<Liste_des_auteurs>BERTHELÉ, Raoul</Liste_des_auteurs>
		<Type_Doc>NEGATIF N&amp;B</Type_Doc>
		<Support>VERRE</Support>
		<Technique>Photographie N&amp;B</Technique>
		<Format>9 x 6 cm</Format>
		<Cote>49Fi1379</Cote>
		<Observations>Image peu exploitable. Mêmes personnages que sur la 49Fi1382.</Observations>
		<Origine>Don Faucher-Berhelé entré le 10/11/1978.</Origine>
		<Droits_Repro>Domaine public</Droits_Repro>
		<subject></subject>
		<geoname></geoname>
		<persname></persname>
		<corpname></corpname>
	</DocsFigures>
<DocsFigures>
		<Titre>[Homme dans un arbre]</Titre>
		<Analyse>Homme d&apos;âge mûr dans un arbre. 
Début du vingtième siècle,</Analyse>
		<Realise_en></Realise_en>
		<Liste_des_auteurs>BERTHELÉ, Raoul</Liste_des_auteurs>
		<Type_Doc>NEGATIF N&amp;B</Type_Doc>
		<Support>VERRE</Support>
		<Technique>Photographie N&amp;B</Technique>
		<Format>9 x 6 cm</Format>
		<Cote>49Fi1380</Cote>
		<Observations></Observations>
		<Origine>Don Faucher-Berhelé entré le 10/11/1978.</Origine>
		<Droits_Repro>Domaine public</Droits_Repro>
		<subject></subject>
		<geoname></geoname>
		<persname></persname>
		<corpname></corpname>
	</DocsFigures>
<DocsFigures>
		<Titre>[Groupe de personnes]</Titre>
		<Analyse>Groupe de personnes posant avec un âne. Sans légende à localiser. 
Début du vingtième siècle,</Analyse>
		<Realise_en></Realise_en>
		<Liste_des_auteurs>BERTHELÉ, Raoul</Liste_des_auteurs>
		<Type_Doc>NEGATIF N&amp;B</Type_Doc>
		<Support>VERRE</Support>
		<Technique>Photographie N&amp;B</Technique>
		<Format>9 x 6 cm</Format>
		<Cote>49Fi1381</Cote>
		<Observations>Image peu exploitable. Mêmes personnages que sur la 49Fi1378.</Observations>
		<Origine>Don Faucher-Berhelé entré le 10/11/1978.</Origine>
		<Droits_Repro>Domaine public</Droits_Repro>
		<subject></subject>
		<geoname></geoname>
		<persname></persname>
		<corpname></corpname>
	</DocsFigures>
<DocsFigures>
		<Titre>[Famille Berthelé]</Titre>
		<Analyse>Photo de groupe devant un portail. Sans légende à localiser. 
Début du vingtième siècle.</Analyse>
		<Realise_en></Realise_en>
		<Liste_des_auteurs>BERTHELÉ, Raoul</Liste_des_auteurs>
		<Type_Doc>NEGATIF N&amp;B</Type_Doc>
		<Support>VERRE</Support>
		<Technique>Photographie N&amp;B</Technique>
		<Format>9 x 6 cm</Format>
		<Cote>49Fi1382</Cote>
		<Observations>Image peu exploitable. Mêmes personnages que sur la 49Fi1379.</Observations>
		<Origine>Don Faucher-Berhelé entré le 10/11/1978.</Origine>
		<Droits_Repro>Domaine public</Droits_Repro>
		<subject></subject>
		<geoname></geoname>
		<persname></persname>
		<corpname></corpname>
	</DocsFigures>
<DocsFigures>
		<Titre>[Famille Berthelé]</Titre>
		<Analyse>Photo de groupe devant un portail. Sans légende à localiser. 
Début du vingtième siècle,</Analyse>
		<Realise_en></Realise_en>
		<Liste_des_auteurs>BERTHELÉ, Raoul</Liste_des_auteurs>
		<Type_Doc>NEGATIF N&amp;B</Type_Doc>
		<Support>VERRE</Support>
		<Technique>Photographie N&amp;B</Technique>
		<Format>9 x 6 cm</Format>
		<Cote>49Fi1383</Cote>
		<Observations>Lié à la 49Fi1385.</Observations>
		<Origine>Don Faucher-Berhelé entré le 10/11/1978.</Origine>
		<Droits_Repro>Domaine public</Droits_Repro>
		<subject></subject>
		<geoname></geoname>
		<persname></persname>
		<corpname></corpname>
	</DocsFigures>
<DocsFigures>
		<Titre>[Famille Berthelé]</Titre>
		<Analyse>Photo de groupe. Sans légende à localiser. 
Début du vingtième siècle,</Analyse>
		<Realise_en></Realise_en>
		<Liste_des_auteurs>BERTHELÉ, Raoul</Liste_des_auteurs>
		<Type_Doc>NEGATIF N&amp;B</Type_Doc>
		<Support>VERRE</Support>
		<Technique>Photographie N&amp;B</Technique>
		<Format>9 x 6 cm</Format>
		<Cote>49Fi1384</Cote>
		<Observations></Observations>
		<Origine>Don Faucher-Berhelé entré le 10/11/1978.</Origine>
		<Droits_Repro>Domaine public</Droits_Repro>
		<subject></subject>
		<geoname></geoname>
		<persname></persname>
		<corpname></corpname>
	</DocsFigures>
<DocsFigures>
		<Titre>[Famille Berthelé]</Titre>
		<Analyse>Photo de groupe. Sans légende à localiser. 
Début du vingtième siècle.</Analyse>
		<Realise_en></Realise_en>
		<Liste_des_auteurs>BERTHELÉ, Raoul</Liste_des_auteurs>
		<Type_Doc>NEGATIF N&amp;B</Type_Doc>
		<Support>VERRE</Support>
		<Technique>Photographie N&amp;B</Technique>
		<Format>9 x 6 cm</Format>
		<Cote>49Fi1385</Cote>
		<Observations>Lié à la 49Fi1383.</Observations>
		<Origine>Don Faucher-Berhelé entré le 10/11/1978.</Origine>
		<Droits_Repro>Domaine public</Droits_Repro>
		<subject></subject>
		<geoname></geoname>
		<persname></persname>
		<corpname></corpname>
	</DocsFigures>
<DocsFigures>
		<Titre>[Famille Berthelé]</Titre>
		<Analyse>Photo de groupe. Sans légende à localiser. 
Début du vingtième siècle.</Analyse>
		<Realise_en></Realise_en>
		<Liste_des_auteurs>BERTHELÉ, Raoul</Liste_des_auteurs>
		<Type_Doc>NEGATIF N&amp;B</Type_Doc>
		<Support>VERRE</Support>
		<Technique>Photographie N&amp;B</Technique>
		<Format>9 x 6 cm</Format>
		<Cote>49Fi1386</Cote>
		<Observations></Observations>
		<Origine>Don Faucher-Berhelé entré le 10/11/1978.</Origine>
		<Droits_Repro>Domaine public</Droits_Repro>
		<subject></subject>
		<geoname></geoname>
		<persname></persname>
		<corpname></corpname>
	</DocsFigures>
<DocsFigures>
		<Titre>[Couple]</Titre>
		<Analyse>Un couple sur un bateau. Sans légende à localiser. 
Début du vingtième siècle,</Analyse>
		<Realise_en></Realise_en>
		<Liste_des_auteurs>BERTHELÉ, Raoul</Liste_des_auteurs>
		<Type_Doc>NEGATIF N&amp;B</Type_Doc>
		<Support>VERRE</Support>
		<Technique>Photographie N&amp;B</Technique>
		<Format>9 x 6 cm</Format>
		<Cote>49Fi1387</Cote>
		<Observations>La plaque est surexposée.</Observations>
		<Origine>Don Faucher-Berhelé entré le 10/11/1978.</Origine>
		<Droits_Repro>Domaine public</Droits_Repro>
		<subject></subject>
		<geoname></geoname>
		<persname></persname>
		<corpname></corpname>
	</DocsFigures>
<DocsFigures>
		<Titre>[Photo de groupe]</Titre>
		<Analyse>Photo d&apos;un groupe de quatre garçons. Peut-être la famille Berthelé? Sans légende à localiser. 
Début du vingtième siècle,</Analyse>
		<Realise_en></Realise_en>
		<Liste_des_auteurs>BERTHELÉ, Raoul</Liste_des_auteurs>
		<Type_Doc>NEGATIF N&amp;B</Type_Doc>
		<Support>VERRE</Support>
		<Technique>Photographie N&amp;B</Technique>
		<Format>6 x 9 cm</Format>
		<Cote>49Fi1388</Cote>
		<Observations>Lié à la 49Fi1372.</Observations>
		<Origine>Don Faucher-Berhelé entré le 10/11/1978.</Origine>
		<Droits_Repro>Domaine public</Droits_Repro>
		<subject></subject>
		<geoname></geoname>
		<persname></persname>
		<corpname></corpname>
	</DocsFigures>
<DocsFigures>
		<Titre>[Grand mère Berthelé ?]</Titre>
		<Analyse>Portrait d&apos;une vieille femme assise. Sans légende à localiser. 
Début du vingtième siècle,</Analyse>
		<Realise_en></Realise_en>
		<Liste_des_auteurs>BERTHELÉ, Raoul</Liste_des_auteurs>
		<Type_Doc>NEGATIF N&amp;B</Type_Doc>
		<Support>VERRE</Support>
		<Technique>Photographie N&amp;B</Technique>
		<Format>9 x 6 cm</Format>
		<Cote>49Fi1389</Cote>
		<Observations>Lié à la 49Fi1390.</Observations>
		<Origine>Don Faucher-Berhelé entré le 10/11/1978.</Origine>
		<Droits_Repro>Domaine public</Droits_Repro>
		<subject></subject>
		<geoname></geoname>
		<persname></persname>
		<corpname></corpname>
	</DocsFigures>
<DocsFigures>
		<Titre>[Grand mère Berthelé ?]</Titre>
		<Analyse>Portrait d&apos;une vieille femme assise. Sans légende à localiser. 
Début du vingtième siècle,</Analyse>
		<Realise_en></Realise_en>
		<Liste_des_auteurs>BERTHELÉ, Raoul</Liste_des_auteurs>
		<Type_Doc>NEGATIF N&amp;B</Type_Doc>
		<Support>VERRE</Support>
		<Technique>Photographie N&amp;B</Technique>
		<Format>9 x 6 cm</Format>
		<Cote>49Fi1390</Cote>
		<Observations>Lié à la 49Fi1389.</Observations>
		<Origine>Don Faucher-Berhelé entré le 10/11/1978.</Origine>
		<Droits_Repro>Domaine public</Droits_Repro>
		<subject></subject>
		<geoname></geoname>
		<persname></persname>
		<corpname></corpname>
	</DocsFigures>
<DocsFigures>
		<Titre>[Vieil homme assis]</Titre>
		<Analyse>Portrait d&apos;un vieil homme, probablement de la famille Berthelé, assis sur le pas d&apos;une porte. 
Début du 20e siècle.
Il tient une canne entre ses mains.</Analyse>
		<Realise_en></Realise_en>
		<Liste_des_auteurs>BERTHELÉ, Raoul</Liste_des_auteurs>
		<Type_Doc>NEGATIF N&amp;B</Type_Doc>
		<Support>VERRE</Support>
		<Technique>Photographie N&amp;B</Technique>
		<Format>9 x 6 cm</Format>
		<Cote>49Fi1391</Cote>
		<Observations></Observations>
		<Origine>Don Faucher-Berhelé entré le 10/11/1978.</Origine>
		<Droits_Repro>Domaine public</Droits_Repro>
		<subject></subject>
		<geoname></geoname>
		<persname></persname>
		<corpname></corpname>
	</DocsFigures>
<DocsFigures>
		<Titre>[Raoul Berthelé enfant]</Titre>
		<Analyse>Portrait en pied du jeune garçon Raoul Berthelé debout devant une porte.
Début du 20e siècle.
Il porte une sacoche à la main et un crêpe de deuil au bras gauche.</Analyse>
		<Realise_en></Realise_en>
		<Liste_des_auteurs>BERTHELÉ, Raoul</Liste_des_auteurs>
		<Type_Doc>NEGATIF N&amp;B</Type_Doc>
		<Support>VERRE</Support>
		<Technique>Photographie N&amp;B</Technique>
		<Format>9 x 6 cm</Format>
		<Cote>49Fi1392</Cote>
		<Observations></Observations>
		<Origine>Don Faucher-Berhelé entré le 10/11/1978.</Origine>
		<Droits_Repro>Domaine public</Droits_Repro>
		<subject></subject>
		<geoname></geoname>
		<persname>BERTHELE, Raoul;</persname>
		<corpname></corpname>
	</DocsFigures>
<DocsFigures>
		<Titre>[Raoul Berthelé enfant à la barre fixe]</Titre>
		<Analyse>Portrait en pied du jeune garçon Raoul Berthelé en exercice à la barre fixe.
Début du 20e siècle.</Analyse>
		<Realise_en></Realise_en>
		<Liste_des_auteurs>BERTHELÉ, Raoul</Liste_des_auteurs>
		<Type_Doc>NEGATIF N&amp;B</Type_Doc>
		<Support>VERRE</Support>
		<Technique>Photographie N&amp;B</Technique>
		<Format>9 x 6 cm</Format>
		<Cote>49Fi1393</Cote>
		<Observations></Observations>
		<Origine>Don Faucher-Berhelé entré le 10/11/1978.</Origine>
		<Droits_Repro>Domaine public</Droits_Repro>
		<subject></subject>
		<geoname></geoname>
		<persname>BERTHELE, Raoul;</persname>
		<corpname></corpname>
	</DocsFigures>
<DocsFigures>
		<Titre>[Raoul berthelé enfant assis sur un banc]</Titre>
		<Analyse>Portrait en pied de Raoul Berthelé enfant en costume de marin assis sur un banc. 
Début du 20e siècle.</Analyse>
		<Realise_en></Realise_en>
		<Liste_des_auteurs>BERTHELÉ, Raoul</Liste_des_auteurs>
		<Type_Doc>NEGATIF N&amp;B</Type_Doc>
		<Support>VERRE</Support>
		<Technique>Photographie N&amp;B</Technique>
		<Format>9 x 6 cm</Format>
		<Cote>49Fi1394</Cote>
		<Observations></Observations>
		<Origine>Don Faucher-Berhelé entré le 10/11/1978.</Origine>
		<Droits_Repro>Domaine public</Droits_Repro>
		<subject></subject>
		<geoname></geoname>
		<persname>BERTHELE, Raoul;</persname>
		<corpname></corpname>
	</DocsFigures>
<DocsFigures>
		<Titre>[Femme d&apos;âge mûr]</Titre>
		<Analyse>Portrait en plan italien d&apos;une femme d&apos;âge mûr debout, probablement de la famille Berthelé.
Début du 20e siècle.</Analyse>
		<Realise_en></Realise_en>
		<Liste_des_auteurs>BERTHELÉ, Raoul</Liste_des_auteurs>
		<Type_Doc>NEGATIF N&amp;B</Type_Doc>
		<Support>VERRE</Support>
		<Technique>Photographie N&amp;B</Technique>
		<Format>9 x 6 cm</Format>
		<Cote>49Fi1395</Cote>
		<Observations></Observations>
		<Origine>Don Faucher-Berhelé entré le 10/11/1978.</Origine>
		<Droits_Repro>Domaine public</Droits_Repro>
		<subject></subject>
		<geoname></geoname>
		<persname></persname>
		<corpname></corpname>
	</DocsFigures>
<DocsFigures>
		<Titre>[Vieil homme assis]</Titre>
		<Analyse>Portrait d&apos;un vieil homme, probablement de la famille Berthelé, assis sur le pas d&apos;une porte. 
Début du 20e siècle.
Il tient une canne entre ses mains.</Analyse>
		<Realise_en></Realise_en>
		<Liste_des_auteurs>BERTHELÉ, Raoul</Liste_des_auteurs>
		<Type_Doc>NEGATIF N&amp;B</Type_Doc>
		<Support>VERRE</Support>
		<Technique>Photographie N&amp;B</Technique>
		<Format>9 x 6 cm</Format>
		<Cote>49Fi1396</Cote>
		<Observations></Observations>
		<Origine>Don Faucher-Berhelé entré le 10/11/1978.</Origine>
		<Droits_Repro>Domaine public</Droits_Repro>
		<subject></subject>
		<geoname></geoname>
		<persname></persname>
		<corpname></corpname>
	</DocsFigures>
<DocsFigures>
		<Titre>[Homme tenant un nourrisson dans ses bras]</Titre>
		<Analyse>Portrait d&apos;un homme barbu assis tenant un nourrisson dans ses bras, probablement de la famille Berthelé.
Début du 20e siècle.
Ils sont sur une terrasse.</Analyse>
		<Realise_en></Realise_en>
		<Liste_des_auteurs>BERTHELÉ, Raoul</Liste_des_auteurs>
		<Type_Doc>NEGATIF N&amp;B</Type_Doc>
		<Support>VERRE</Support>
		<Technique>Photographie N&amp;B</Technique>
		<Format>9 x 6 cm</Format>
		<Cote>49Fi1397</Cote>
		<Observations></Observations>
		<Origine>Don Faucher-Berhelé entré le 10/11/1978.</Origine>
		<Droits_Repro>Domaine public</Droits_Repro>
		<subject></subject>
		<geoname></geoname>
		<persname></persname>
		<corpname></corpname>
	</DocsFigures>
<DocsFigures>
		<Titre>[Trois femmes et deux enfants]</Titre>
		<Analyse>Photo de groupe de trois femmes et deux enfants assis sur un banc dans un jardin, probablement de la famille Berthelé. 
Début du 20e siècle.
Deux femmes sont d&apos;âge mûr, la troisième (au centre) est jeune, l&apos;un des enfants est un nourrisson, l&apos;autre est assez jeune.</Analyse>
		<Realise_en></Realise_en>
		<Liste_des_auteurs>BERTHELÉ, Raoul</Liste_des_auteurs>
		<Type_Doc>NEGATIF N&amp;B</Type_Doc>
		<Support>VERRE</Support>
		<Technique>Photographie N&amp;B</Technique>
		<Format>9 x 6 cm</Format>
		<Cote>49Fi1398</Cote>
		<Observations></Observations>
		<Origine>Don Faucher-Berhelé entré le 10/11/1978.</Origine>
		<Droits_Repro>Domaine public</Droits_Repro>
		<subject></subject>
		<geoname></geoname>
		<persname></persname>
		<corpname></corpname>
	</DocsFigures>
<DocsFigures>
		<Titre>[Couple âgé]</Titre>
		<Analyse>Portrait en pied d&apos;un homme et d&apos;une femme assez âgés, probablement de la famille Berthelé, debouts sur le pas d&apos;une porte.
Début du 20e siècle.
L&apos;homme tient une houe à la main et la femme un chat dans ses bras.</Analyse>
		<Realise_en></Realise_en>
		<Liste_des_auteurs>BERTHELÉ, Raoul</Liste_des_auteurs>
		<Type_Doc>NEGATIF N&amp;B</Type_Doc>
		<Support>VERRE</Support>
		<Technique>Photographie N&amp;B</Technique>
		<Format>9 x 6 cm</Format>
		<Cote>49Fi1399</Cote>
		<Observations></Observations>
		<Origine>Don Faucher-Berhelé entré le 10/11/1978.</Origine>
		<Droits_Repro>Domaine public</Droits_Repro>
		<subject></subject>
		<geoname></geoname>
		<persname></persname>
		<corpname></corpname>
	</DocsFigures>
<DocsFigures>
		<Titre>[Deux femmes et deux enfants]</Titre>
		<Analyse>Photo de groupe de deux femmes et deux enfants assis sur un banc dans un jardin, probablement de la famille Berthelé. 
Début du 20e siècle.
Une femme est d&apos;âge mûr, l&apos;autre est jeune, l&apos;un des enfants est un nourrisson, l&apos;autre est assez jeune.</Analyse>
		<Realise_en></Realise_en>
		<Liste_des_auteurs>BERTHELÉ, Raoul</Liste_des_auteurs>
		<Type_Doc>NEGATIF N&amp;B</Type_Doc>
		<Support>VERRE</Support>
		<Technique>Photographie N&amp;B</Technique>
		<Format>9 x 6 cm</Format>
		<Cote>49Fi1400</Cote>
		<Observations></Observations>
		<Origine>Don Faucher-Berhelé entré le 10/11/1978.</Origine>
		<Droits_Repro>Domaine public</Droits_Repro>
		<subject></subject>
		<geoname></geoname>
		<persname></persname>
		<corpname></corpname>
	</DocsFigures>
<DocsFigures>
		<Titre>[Femme assise sur un banc]</Titre>
		<Analyse>Portrait d&apos;une femme, probablement de la famille Berthelé, assise sur un banc. 
Début du 20e siècle.</Analyse>
		<Realise_en></Realise_en>
		<Liste_des_auteurs>BERTHELÉ, Raoul</Liste_des_auteurs>
		<Type_Doc>NEGATIF N&amp;B</Type_Doc>
		<Support>VERRE</Support>
		<Technique>Photographie N&amp;B</Technique>
		<Format>9 x 6 cm</Format>
		<Cote>49Fi1401</Cote>
		<Observations></Observations>
		<Origine>Don Faucher-Berhelé entré le 10/11/1978.</Origine>
		<Droits_Repro>Domaine public</Droits_Repro>
		<subject></subject>
		<geoname></geoname>
		<persname></persname>
		<corpname></corpname>
	</DocsFigures>
<DocsFigures>
		<Titre>[Couple dans la force de l&apos;âge]</Titre>
		<Analyse>Portrait d&apos;un homme et d&apos;une femme, probablement de la famille Berthelé, debouts devant les fenêtres d&apos;une maison. 
Début du 20e siècle.
L&apos;homme tient une houe à la main, la femme un pannier.</Analyse>
		<Realise_en></Realise_en>
		<Liste_des_auteurs>BERTHELÉ, Raoul</Liste_des_auteurs>
		<Type_Doc>NEGATIF N&amp;B</Type_Doc>
		<Support>VERRE</Support>
		<Technique>Photographie N&amp;B</Technique>
		<Format>9 x 6 cm</Format>
		<Cote>49Fi1402</Cote>
		<Observations>Couple déjà photographié au 49Fi1406.</Observations>
		<Origine>Don Faucher-Berhelé entré le 10/11/1978.</Origine>
		<Droits_Repro>Domaine public</Droits_Repro>
		<subject></subject>
		<geoname></geoname>
		<persname></persname>
		<corpname></corpname>
	</DocsFigures>
<DocsFigures>
		<Titre>[Deux femmes âgées]</Titre>
		<Analyse>Portrait de deux femmes âgées, probablement de la famille Berthelé, assises près d&apos;un escalier donnant sur un jardin. 
Début du 20e siècle.</Analyse>
		<Realise_en></Realise_en>
		<Liste_des_auteurs>BERTHELÉ, Raoul</Liste_des_auteurs>
		<Type_Doc>NEGATIF N&amp;B</Type_Doc>
		<Support>VERRE</Support>
		<Technique>Photographie N&amp;B</Technique>
		<Format>9 x 6 cm</Format>
		<Cote>49Fi1403</Cote>
		<Observations></Observations>
		<Origine>Don Faucher-Berhelé entré le 10/11/1978.</Origine>
		<Droits_Repro>Domaine public</Droits_Repro>
		<subject></subject>
		<geoname></geoname>
		<persname></persname>
		<corpname></corpname>
	</DocsFigures>
<DocsFigures>
		<Titre>[Quatre enfants]</Titre>
		<Analyse>Portrait en pied de quatre enfants, probablement de la famille Berthelé, debout devant le mur d&apos;un jardin. 
Début du 20e siècle.</Analyse>
		<Realise_en></Realise_en>
		<Liste_des_auteurs>BERTHELÉ, Raoul</Liste_des_auteurs>
		<Type_Doc>NEGATIF N&amp;B</Type_Doc>
		<Support>VERRE</Support>
		<Technique>Photographie N&amp;B</Technique>
		<Format>9 x 6 cm</Format>
		<Cote>49Fi1404</Cote>
		<Observations></Observations>
		<Origine>Don Faucher-Berhelé entré le 10/11/1978.</Origine>
		<Droits_Repro>Domaine public</Droits_Repro>
		<subject></subject>
		<geoname></geoname>
		<persname></persname>
		<corpname></corpname>
	</DocsFigures>
<DocsFigures>
		<Titre>[Femme d&apos;âge mûr]</Titre>
		<Analyse>Portrait en contre-plongée d&apos;une femme d&apos;âge mûr, probablement de la famille Berthelé. 
Début du 20e siècle.</Analyse>
		<Realise_en></Realise_en>
		<Liste_des_auteurs>BERTHELÉ, Raoul</Liste_des_auteurs>
		<Type_Doc>NEGATIF N&amp;B</Type_Doc>
		<Support>VERRE</Support>
		<Technique>Photographie N&amp;B</Technique>
		<Format>9 x 6 cm</Format>
		<Cote>49Fi1405</Cote>
		<Observations>Déja photographiée au 49Fi1407.</Observations>
		<Origine>Don Faucher-Berhelé entré le 10/11/1978.</Origine>
		<Droits_Repro>Domaine public</Droits_Repro>
		<subject></subject>
		<geoname></geoname>
		<persname></persname>
		<corpname></corpname>
	</DocsFigures>
<DocsFigures>
		<Titre>[Couple dans la force de l&apos;âge]</Titre>
		<Analyse>Portrait d&apos;un homme et d&apos;une femme, probablement de la famille Berthelé, en habits du dimanche debout dans un jardin. 
Début du 20e siècle.
L&apos;homme tient un canotier à la main et la femme un sac à main.</Analyse>
		<Realise_en></Realise_en>
		<Liste_des_auteurs>BERTHELÉ, Raoul</Liste_des_auteurs>
		<Type_Doc>NEGATIF N&amp;B</Type_Doc>
		<Support>VERRE</Support>
		<Technique>Photographie N&amp;B</Technique>
		<Format>9 x 6 cm</Format>
		<Cote>49Fi1406</Cote>
		<Observations>Couple déjà photographié au 49Fi1402.</Observations>
		<Origine>Don Faucher-Berhelé entré le 10/11/1978.</Origine>
		<Droits_Repro>Domaine public</Droits_Repro>
		<subject></subject>
		<geoname></geoname>
		<persname></persname>
		<corpname></corpname>
	</DocsFigures>
<DocsFigures>
		<Titre>[Femme d&apos;âge mûr]</Titre>
		<Analyse>Portrait en plan 3/4 d&apos;une femme d&apos;âge mûr, probablement de la famille Berthelé. 
Début du 20e siècle.</Analyse>
		<Realise_en></Realise_en>
		<Liste_des_auteurs>BERTHELÉ, Raoul</Liste_des_auteurs>
		<Type_Doc>NEGATIF N&amp;B</Type_Doc>
		<Support>VERRE</Support>
		<Technique>Photographie N&amp;B</Technique>
		<Format>9 x 6 cm</Format>
		<Cote>49Fi1407</Cote>
		<Observations>Déja photographiée au 49Fi1405.</Observations>
		<Origine>Don Faucher-Berhelé entré le 10/11/1978.</Origine>
		<Droits_Repro>Domaine public</Droits_Repro>
		<subject></subject>
		<geoname></geoname>
		<persname></persname>
		<corpname></corpname>
	</DocsFigures>
<DocsFigures>
		<Titre>[Homme assis dans un jardin]</Titre>
		<Analyse>Portrait d&apos;un homme d&apos;âge mûr, probablement de la famille Berthelé, assis dans un jardin. 
Début du 20e siècle.</Analyse>
		<Realise_en></Realise_en>
		<Liste_des_auteurs>BERTHELÉ, Raoul</Liste_des_auteurs>
		<Type_Doc>NEGATIF N&amp;B</Type_Doc>
		<Support>VERRE</Support>
		<Technique>Photographie N&amp;B</Technique>
		<Format>9 x 6 cm</Format>
		<Cote>49Fi1408</Cote>
		<Observations></Observations>
		<Origine>Don Faucher-Berhelé entré le 10/11/1978.</Origine>
		<Droits_Repro>Domaine public</Droits_Repro>
		<subject></subject>
		<geoname></geoname>
		<persname></persname>
		<corpname></corpname>
	</DocsFigures>
<DocsFigures>
		<Titre>[Quatre enfants dans un jardin]</Titre>
		<Analyse>Photo de groupe de quatre enfants dans un jardin, à droite Raoul Berthelé, au centre le plus vieux tient une casquette militaire dans la main. 
Début du 20e siècle.</Analyse>
		<Realise_en></Realise_en>
		<Liste_des_auteurs>BERTHELÉ, Raoul</Liste_des_auteurs>
		<Type_Doc>NEGATIF N&amp;B</Type_Doc>
		<Support>VERRE</Support>
		<Technique>Photographie N&amp;B</Technique>
		<Format>9 x 6 cm</Format>
		<Cote>49Fi1409</Cote>
		<Observations></Observations>
		<Origine>Don Faucher-Berhelé entré le 10/11/1978.</Origine>
		<Droits_Repro>Domaine public</Droits_Repro>
		<subject></subject>
		<geoname></geoname>
		<persname>BERTHELE, Raoul;</persname>
		<corpname></corpname>
	</DocsFigures>
<DocsFigures>
		<Titre>[Deux jeunes hommes, un enfant et un cheval sur une plage]</Titre>
		<Analyse>Photo de groupe de deux jeunes hommes, probablement de la famille Berthelé, en costume de bain et d&apos;un enfant sur un cheval, sur une plage. 
Début du 20e siècle.
Au second plan une villa cossue.</Analyse>
		<Realise_en></Realise_en>
		<Liste_des_auteurs>BERTHELÉ, Raoul</Liste_des_auteurs>
		<Type_Doc>NEGATIF N&amp;B</Type_Doc>
		<Support>VERRE</Support>
		<Technique>Photographie N&amp;B</Technique>
		<Format>9 x 6 cm</Format>
		<Cote>49Fi1410</Cote>
		<Observations></Observations>
		<Origine>Don Faucher-Berhelé entré le 10/11/1978.</Origine>
		<Droits_Repro>Domaine public</Droits_Repro>
		<subject></subject>
		<geoname></geoname>
		<persname></persname>
		<corpname></corpname>
	</DocsFigures>
<DocsFigures>
		<Titre>[Couple tenant un enfant par la main]</Titre>
		<Analyse>Portrait d&apos;un couple, probablement de la famille Berthelé, tenant un enfant par la main dans une rue. 
Début du 20e siècle.
L&apos;homme porte la barbe et des lunettes, il est en peignoir, ils portent tout trois des chapeaux.</Analyse>
		<Realise_en></Realise_en>
		<Liste_des_auteurs>BERTHELÉ, Raoul</Liste_des_auteurs>
		<Type_Doc>NEGATIF N&amp;B</Type_Doc>
		<Support>VERRE</Support>
		<Technique>Photographie N&amp;B</Technique>
		<Format>9 x 6 cm</Format>
		<Cote>49Fi1411</Cote>
		<Observations>Déjà photographié au 49Fi1412.</Observations>
		<Origine>Don Faucher-Berhelé entré le 10/11/1978.</Origine>
		<Droits_Repro>Domaine public</Droits_Repro>
		<subject></subject>
		<geoname></geoname>
		<persname></persname>
		<corpname></corpname>
	</DocsFigures>
<DocsFigures>
		<Titre>[Homme tenat un enfant sur une plage]</Titre>
		<Analyse>Un homme tient un enfant dans ses bars sur le bord d&apos;une plage, ils appartiennent probablement à la famille Berthelé.
Début du 20e siècle.
Ils ont tous les deux des chapeaux, l&apos;homme porte une barbe et des lunettes.</Analyse>
		<Realise_en></Realise_en>
		<Liste_des_auteurs>BERTHELÉ, Raoul</Liste_des_auteurs>
		<Type_Doc>NEGATIF N&amp;B</Type_Doc>
		<Support>VERRE</Support>
		<Technique>Photographie N&amp;B</Technique>
		<Format>9 x 6 cm</Format>
		<Cote>49Fi1412</Cote>
		<Observations>Déjà photographié au 49Fi1411.</Observations>
		<Origine>Don Faucher-Berhelé entré le 10/11/1978.</Origine>
		<Droits_Repro>Domaine public</Droits_Repro>
		<subject></subject>
		<geoname></geoname>
		<persname></persname>
		<corpname></corpname>
	</DocsFigures>
<DocsFigures>
		<Titre>[Couple d&apos;âge mur sous l&apos;auvent d&apos;une terrasse]</Titre>
		<Analyse>Portrait en pied d&apos;un couple d&apos;âge mûr, probablement de la famille Berthelé, debout sous l&apos;auvent d&apos;une terrasse. 
Début du 20e siècle.</Analyse>
		<Realise_en></Realise_en>
		<Liste_des_auteurs>BERTHELÉ, Raoul</Liste_des_auteurs>
		<Type_Doc>NEGATIF N&amp;B</Type_Doc>
		<Support>VERRE</Support>
		<Technique>Photographie N&amp;B</Technique>
		<Format>9 x 6 cm</Format>
		<Cote>49Fi1413</Cote>
		<Observations></Observations>
		<Origine>Don Faucher-Berhelé entré le 10/11/1978.</Origine>
		<Droits_Repro>Domaine public</Droits_Repro>
		<subject></subject>
		<geoname></geoname>
		<persname></persname>
		<corpname></corpname>
	</DocsFigures>
<DocsFigures>
		<Titre>[Deux jeunes hommes, un enfant et un cheval sur une plage]</Titre>
		<Analyse>Photo de groupe de deux jeunes hommes, probablement de la famille Berthelé, en costume de bain et d&apos;un enfant sur le dos d&apos;un cheval, sur une plage. 
Début du 20e siècle.
Au second plan une villa cossue.</Analyse>
		<Realise_en></Realise_en>
		<Liste_des_auteurs>BERTHELÉ, Raoul</Liste_des_auteurs>
		<Type_Doc>NEGATIF N&amp;B</Type_Doc>
		<Support>VERRE</Support>
		<Technique>Photographie N&amp;B</Technique>
		<Format>9 x 6 cm</Format>
		<Cote>49Fi1414</Cote>
		<Observations></Observations>
		<Origine>Don Faucher-Berhelé entré le 10/11/1978.</Origine>
		<Droits_Repro>Domaine public</Droits_Repro>
		<subject></subject>
		<geoname></geoname>
		<persname></persname>
		<corpname></corpname>
	</DocsFigures>
<DocsFigures>
		<Titre>[Groupe de personnes devant un hôtel]</Titre>
		<Analyse>Vue de plusieurs personnes regroupées devant un hôtel. 
Début du 20e siècle.</Analyse>
		<Realise_en></Realise_en>
		<Liste_des_auteurs>BERTHELÉ, Raoul</Liste_des_auteurs>
		<Type_Doc>NEGATIF N&amp;B</Type_Doc>
		<Support>VERRE</Support>
		<Technique>Photographie N&amp;B</Technique>
		<Format>9 x 6 cm</Format>
		<Cote>49Fi1415</Cote>
		<Observations></Observations>
		<Origine>Don Faucher-Berhelé entré le 10/11/1978.</Origine>
		<Droits_Repro>Domaine public</Droits_Repro>
		<subject></subject>
		<geoname></geoname>
		<persname></persname>
		<corpname></corpname>
	</DocsFigures>
<DocsFigures>
		<Titre>[Couple enlacé sur le banc d&apos;un jardin]</Titre>
		<Analyse>Portrait d&apos;un couple, probablement de la famille Berthelé, enlacé sur le banc d&apos;un jardin. 
Début du 20e siècle.
L&apos;homme porte une grande barbe et des lunettes.</Analyse>
		<Realise_en></Realise_en>
		<Liste_des_auteurs>BERTHELÉ, Raoul</Liste_des_auteurs>
		<Type_Doc>NEGATIF N&amp;B</Type_Doc>
		<Support>VERRE</Support>
		<Technique>Photographie N&amp;B</Technique>
		<Format>9 x 6 cm</Format>
		<Cote>49Fi1416</Cote>
		<Observations></Observations>
		<Origine>Don Faucher-Berhelé entré le 10/11/1978.</Origine>
		<Droits_Repro>Domaine public</Droits_Repro>
		<subject></subject>
		<geoname></geoname>
		<persname></persname>
		<corpname></corpname>
	</DocsFigures>
<DocsFigures>
		<Titre>[Deux femmes et un homme]</Titre>
		<Analyse>Portrait en plan 3/4 de deux femmes et d&apos;un homme d&apos;âge mûr, probablement de la famille Berthelé, debout sur le pas d&apos;une porte.
Début du 20e siècle.</Analyse>
		<Realise_en></Realise_en>
		<Liste_des_auteurs>BERTHELÉ, Raoul</Liste_des_auteurs>
		<Type_Doc>NEGATIF N&amp;B</Type_Doc>
		<Support>VERRE</Support>
		<Technique>Photographie N&amp;B</Technique>
		<Format>9 x 6 cm</Format>
		<Cote>49Fi1417</Cote>
		<Observations></Observations>
		<Origine>Don Faucher-Berhelé entré le 10/11/1978.</Origine>
		<Droits_Repro>Domaine public</Droits_Repro>
		<subject></subject>
		<geoname></geoname>
		<persname></persname>
		<corpname></corpname>
	</DocsFigures>
<DocsFigures>
		<Titre>[Femme d&apos;âge mûr]</Titre>
		<Analyse>Portrait en buste d&apos;une femme d&apos;âge mûr, probablement de la famille Berthelé. 
Début du 20e siècle.</Analyse>
		<Realise_en></Realise_en>
		<Liste_des_auteurs>BERTHELÉ, Raoul</Liste_des_auteurs>
		<Type_Doc>NEGATIF N&amp;B</Type_Doc>
		<Support>VERRE</Support>
		<Technique>Photographie N&amp;B</Technique>
		<Format>9 x 6 cm</Format>
		<Cote>49Fi1418</Cote>
		<Observations>La photo est floue.</Observations>
		<Origine>Don Faucher-Berhelé entré le 10/11/1978.</Origine>
		<Droits_Repro>Domaine public</Droits_Repro>
		<subject></subject>
		<geoname></geoname>
		<persname></persname>
		<corpname></corpname>
	</DocsFigures>
<DocsFigures>
		<Titre>[Jeune garçon tenant un fusil]</Titre>
		<Analyse>Portrait d&apos;un jeune garçon (Raoul Berthelé?) tenant un fusil de chasse. 
Début du 20e siècle.</Analyse>
		<Realise_en></Realise_en>
		<Liste_des_auteurs>BERTHELÉ, Raoul</Liste_des_auteurs>
		<Type_Doc>NEGATIF N&amp;B</Type_Doc>
		<Support>VERRE</Support>
		<Technique>Photographie N&amp;B</Technique>
		<Format>9 x 6 cm</Format>
		<Cote>49Fi1419</Cote>
		<Observations></Observations>
		<Origine>Don Faucher-Berhelé entré le 10/11/1978.</Origine>
		<Droits_Repro>Domaine public</Droits_Repro>
		<subject></subject>
		<geoname></geoname>
		<persname>BERTHELE, Raoul;</persname>
		<corpname></corpname>
	</DocsFigures>
<DocsFigures>
		<Titre>[Quatre hommes et trois femmes]</Titre>
		<Analyse>Photographie de groupe de quatre hommes debout et de trois femmes assises devant eux, probablement de la famille Berthelé. 
Début du 20e siècle.</Analyse>
		<Realise_en></Realise_en>
		<Liste_des_auteurs>BERTHELÉ, Raoul</Liste_des_auteurs>
		<Type_Doc>NEGATIF N&amp;B</Type_Doc>
		<Support>VERRE</Support>
		<Technique>Photographie N&amp;B</Technique>
		<Format>9 x 6 cm</Format>
		<Cote>49Fi1420</Cote>
		<Observations></Observations>
		<Origine>Don Faucher-Berhelé entré le 10/11/1978.</Origine>
		<Droits_Repro>Domaine public</Droits_Repro>
		<subject></subject>
		<geoname></geoname>
		<persname></persname>
		<corpname></corpname>
	</DocsFigures>
<DocsFigures>
		<Titre>[Cinq femmes et un enfant]</Titre>
		<Analyse>Portrait de cinq femmes et d&apos;un enfant, probablement de la famille Berthelé, dans un jardin. 
Début du 20e siècle.
Deux femmes sont debout, les trois autres sont assises sur un banc.</Analyse>
		<Realise_en></Realise_en>
		<Liste_des_auteurs>BERTHELÉ, Raoul</Liste_des_auteurs>
		<Type_Doc>NEGATIF N&amp;B</Type_Doc>
		<Support>VERRE</Support>
		<Technique>Photographie N&amp;B</Technique>
		<Format>9 x 6 cm</Format>
		<Cote>49Fi1421</Cote>
		<Observations></Observations>
		<Origine>Don Faucher-Berhelé entré le 10/11/1978.</Origine>
		<Droits_Repro>Domaine public</Droits_Repro>
		<subject></subject>
		<geoname></geoname>
		<persname></persname>
		<corpname></corpname>
	</DocsFigures>
<DocsFigures>
		<Titre>[Jeune artiste assis sur un banc]</Titre>
		<Analyse>Portrait d&apos;un jeune homme en habit d&apos;artiste, probablement de la famille Berthelé, assis sur un banc dans un jardin. 
Début du 20e siècle.</Analyse>
		<Realise_en></Realise_en>
		<Liste_des_auteurs>BERTHELÉ, Raoul</Liste_des_auteurs>
		<Type_Doc>NEGATIF N&amp;B</Type_Doc>
		<Support>VERRE</Support>
		<Technique>Photographie N&amp;B</Technique>
		<Format>9 x 6 cm</Format>
		<Cote>49Fi1422</Cote>
		<Observations></Observations>
		<Origine>Don Faucher-Berhelé entré le 10/11/1978.</Origine>
		<Droits_Repro>Domaine public</Droits_Repro>
		<subject></subject>
		<geoname></geoname>
		<persname></persname>
		<corpname></corpname>
	</DocsFigures>
<DocsFigures>
		<Titre>[Jeune femme]</Titre>
		<Analyse>Portrait en buste d&apos;une jeune femme, probablement de la famille Berthelé, en habit de travail sur fond de jardin. 
Début du 20e siècle.</Analyse>
		<Realise_en></Realise_en>
		<Liste_des_auteurs>BERTHELÉ, Raoul</Liste_des_auteurs>
		<Type_Doc>NEGATIF N&amp;B</Type_Doc>
		<Support>VERRE</Support>
		<Technique>Photographie N&amp;B</Technique>
		<Format>9 x 6 cm</Format>
		<Cote>49Fi1423</Cote>
		<Observations>Même femme qu&apos;au 49Fi1425 et 49Fi1432.</Observations>
		<Origine>Don Faucher-Berhelé entré le 10/11/1978.</Origine>
		<Droits_Repro>Domaine public</Droits_Repro>
		<subject></subject>
		<geoname></geoname>
		<persname></persname>
		<corpname></corpname>
	</DocsFigures>
<DocsFigures>
		<Titre>[Femme assise tenant un nourrisson]</Titre>
		<Analyse>Portrait d&apos;une femme d&apos;âge mûr, problement de la famille Berthelé, assise tenant un nourrisson sur ses genoux sous l&apos;auvent d&apos;une terrasse.
Début 20e siècle.</Analyse>
		<Realise_en></Realise_en>
		<Liste_des_auteurs>BERTHELÉ, Raoul</Liste_des_auteurs>
		<Type_Doc>NEGATIF N&amp;B</Type_Doc>
		<Support>VERRE</Support>
		<Technique>Photographie N&amp;B</Technique>
		<Format>9 x 6 cm</Format>
		<Cote>49Fi1424</Cote>
		<Observations></Observations>
		<Origine>Don Faucher-Berhelé entré le 10/11/1978.</Origine>
		<Droits_Repro>Domaine public</Droits_Repro>
		<subject></subject>
		<geoname></geoname>
		<persname></persname>
		<corpname></corpname>
	</DocsFigures>
<DocsFigures>
		<Titre>[Jeune femme tenant deux enfant par la main]</Titre>
		<Analyse>Portrait en pied d&apos;une jeune femme en habit de travail, probablement de la famille Berthelé, tenant deux jeunes enfants par la main dans un jardin. 
Début du 20e siècle.</Analyse>
		<Realise_en></Realise_en>
		<Liste_des_auteurs>BERTHELÉ, Raoul</Liste_des_auteurs>
		<Type_Doc>NEGATIF N&amp;B</Type_Doc>
		<Support>VERRE</Support>
		<Technique>Photographie N&amp;B</Technique>
		<Format>9 x 6 cm</Format>
		<Cote>49Fi1425</Cote>
		<Observations>Même femme qu&apos;au 49Fi1423. Photo floue</Observations>
		<Origine>Don Faucher-Berhelé entré le 10/11/1978.</Origine>
		<Droits_Repro>Domaine public</Droits_Repro>
		<subject></subject>
		<geoname></geoname>
		<persname></persname>
		<corpname></corpname>
	</DocsFigures>
<DocsFigures>
		<Titre>[Deux femmes]</Titre>
		<Analyse>Portrait en pied de deux femmes (soeurs?), probablement de la famille Berthelé, debout devant une porte, bras-dessus, bras-dessous . 
Début du 20e siècle.</Analyse>
		<Realise_en></Realise_en>
		<Liste_des_auteurs>BERTHELÉ, Raoul</Liste_des_auteurs>
		<Type_Doc>NEGATIF N&amp;B</Type_Doc>
		<Support>VERRE</Support>
		<Technique>Photographie N&amp;B</Technique>
		<Format>9 x 6 cm</Format>
		<Cote>49Fi1426</Cote>
		<Observations></Observations>
		<Origine>Don Faucher-Berhelé entré le 10/11/1978.</Origine>
		<Droits_Repro>Domaine public</Droits_Repro>
		<subject></subject>
		<geoname></geoname>
		<persname></persname>
		<corpname></corpname>
	</DocsFigures>
<DocsFigures>
		<Titre>[Les joueurs de croquet]</Titre>
		<Analyse>Photo de groupe de trois hommes debout et de deux femmes assises, probablement de la famille Berthelé, équipés pour jouer au croquet. 
Début du 20e siècle.</Analyse>
		<Realise_en></Realise_en>
		<Liste_des_auteurs>BERTHELÉ, Raoul</Liste_des_auteurs>
		<Type_Doc>NEGATIF N&amp;B</Type_Doc>
		<Support>VERRE</Support>
		<Technique>Photographie N&amp;B</Technique>
		<Format>9 x 6 cm</Format>
		<Cote>49Fi1427</Cote>
		<Observations>Mêmes personnes que sur les clichés 49Fi1428 et 49Fi1429.</Observations>
		<Origine>Don Faucher-Berhelé entré le 10/11/1978.</Origine>
		<Droits_Repro>Domaine public</Droits_Repro>
		<subject></subject>
		<geoname></geoname>
		<persname></persname>
		<corpname></corpname>
	</DocsFigures>
<DocsFigures>
		<Titre>[Les joueurs de croquet]</Titre>
		<Analyse>Photo de groupe de trois hommes debout et de deux femmes assises, probablement de la famille Berthelé, équipés pour jouer au croquet. 
Début du 20e siècle.</Analyse>
		<Realise_en></Realise_en>
		<Liste_des_auteurs>BERTHELÉ, Raoul</Liste_des_auteurs>
		<Type_Doc>NEGATIF N&amp;B</Type_Doc>
		<Support>VERRE</Support>
		<Technique>Photographie N&amp;B</Technique>
		<Format>9 x 6 cm</Format>
		<Cote>49Fi1428</Cote>
		<Observations>Mêmes personnes que sur les clichés 49Fi1427 et 49Fi1429.</Observations>
		<Origine>Don Faucher-Berhelé entré le 10/11/1978.</Origine>
		<Droits_Repro>Domaine public</Droits_Repro>
		<subject></subject>
		<geoname></geoname>
		<persname></persname>
		<corpname></corpname>
	</DocsFigures>
<DocsFigures>
		<Titre>[Trois hommes et deux femmes]</Titre>
		<Analyse>Photo de groupe de trois hommes et deux femmes, probablement de la famille Berthelé, debout devant une porte.
Début du 20e siècle.
L&apos;homme du milieu, le plus âgé, tient une bouteille dansses bras. </Analyse>
		<Realise_en></Realise_en>
		<Liste_des_auteurs>BERTHELÉ, Raoul</Liste_des_auteurs>
		<Type_Doc>NEGATIF N&amp;B</Type_Doc>
		<Support>VERRE</Support>
		<Technique>Photographie N&amp;B</Technique>
		<Format>9 x 6 cm</Format>
		<Cote>49Fi1429</Cote>
		<Observations>Mêmes personnes que sur les clichés 49Fi1427 et 49Fi1428.</Observations>
		<Origine>Don Faucher-Berhelé entré le 10/11/1978.</Origine>
		<Droits_Repro>Domaine public</Droits_Repro>
		<subject></subject>
		<geoname></geoname>
		<persname></persname>
		<corpname></corpname>
	</DocsFigures>
<DocsFigures>
		<Titre>[Edifice de pierre]</Titre>
		<Analyse>Vue générale d&apos;un édifice de pierre, dont une partie pourrait-être une église ou une chapelle, devant lequel se tiennent trois personnages. 
Début du 20e siècle.</Analyse>
		<Realise_en></Realise_en>
		<Liste_des_auteurs>BERTHELÉ, Raoul</Liste_des_auteurs>
		<Type_Doc>NEGATIF N&amp;B</Type_Doc>
		<Support>VERRE</Support>
		<Technique>Photographie N&amp;B</Technique>
		<Format>9 x 6 cm</Format>
		<Cote>49Fi1430</Cote>
		<Observations></Observations>
		<Origine>Don Faucher-Berhelé entré le 10/11/1978.</Origine>
		<Droits_Repro>Domaine public</Droits_Repro>
		<subject></subject>
		<geoname></geoname>
		<persname></persname>
		<corpname></corpname>
	</DocsFigures>
<DocsFigures>
		<Titre>[Raoul Berthelé adolescent sur une bicyclette]</Titre>
		<Analyse>Vue de Raoul Berthelé adolescent faisant de la bicyclette dans une rue d&apos;une localité indéterminée. 
Début du 20e siècle.</Analyse>
		<Realise_en></Realise_en>
		<Liste_des_auteurs>BERTHELÉ, Raoul</Liste_des_auteurs>
		<Type_Doc>NEGATIF N&amp;B</Type_Doc>
		<Support>VERRE</Support>
		<Technique>Photographie N&amp;B</Technique>
		<Format>9 x 6 cm</Format>
		<Cote>49Fi1431</Cote>
		<Observations></Observations>
		<Origine>Don Faucher-Berhelé entré le 10/11/1978.</Origine>
		<Droits_Repro>Domaine public</Droits_Repro>
		<subject></subject>
		<geoname></geoname>
		<persname>BERTHELE, Raoul;</persname>
		<corpname></corpname>
	</DocsFigures>
<DocsFigures>
		<Titre>[Jeune femme]</Titre>
		<Analyse>Portrait en buste d&apos;une jeune femme, probablement de la famille Berthelé, en habit de travail sur fond de jardin. 
Début du 20e siècle.</Analyse>
		<Realise_en></Realise_en>
		<Liste_des_auteurs>BERTHELÉ, Raoul</Liste_des_auteurs>
		<Type_Doc>NEGATIF N&amp;B</Type_Doc>
		<Support>VERRE</Support>
		<Technique>Photographie N&amp;B</Technique>
		<Format>9 x 6 cm</Format>
		<Cote>49Fi1432</Cote>
		<Observations></Observations>
		<Origine>Don Faucher-Berhelé entré le 10/11/1978.</Origine>
		<Droits_Repro>Domaine public</Droits_Repro>
		<subject></subject>
		<geoname></geoname>
		<persname></persname>
		<corpname></corpname>
	</DocsFigures>
<DocsFigures>
		<Titre>[Homme d&apos;âge mûr]</Titre>
		<Analyse>Portrait en pied d&apos;un homme d&apos;âge mûr, probablement de la famille Berthelé, debout devant une porte dans la pose de l&apos;accusateur.
Début du 20e siècle.</Analyse>
		<Realise_en></Realise_en>
		<Liste_des_auteurs>BERTHELÉ, Raoul</Liste_des_auteurs>
		<Type_Doc>NEGATIF N&amp;B</Type_Doc>
		<Support>VERRE</Support>
		<Technique>Photographie N&amp;B</Technique>
		<Format>9 x 6 cm</Format>
		<Cote>49Fi1433</Cote>
		<Observations></Observations>
		<Origine>Don Faucher-Berhelé entré le 10/11/1978.</Origine>
		<Droits_Repro>Domaine public</Droits_Repro>
		<subject></subject>
		<geoname></geoname>
		<persname></persname>
		<corpname></corpname>
	</DocsFigures>
<DocsFigures>
		<Titre>[Femme d&apos;âge mûr]</Titre>
		<Analyse>Portrait en pied d&apos;une femme d&apos;âge mûr, probablement de la famille Berthelé, debout devant une porte.
Début du 20e siècle.</Analyse>
		<Realise_en></Realise_en>
		<Liste_des_auteurs>BERTHELÉ, Raoul</Liste_des_auteurs>
		<Type_Doc>NEGATIF N&amp;B</Type_Doc>
		<Support>VERRE</Support>
		<Technique>Photographie N&amp;B</Technique>
		<Format>9 x 6 cm</Format>
		<Cote>49Fi1434</Cote>
		<Observations></Observations>
		<Origine>Don Faucher-Berhelé entré le 10/11/1978.</Origine>
		<Droits_Repro>Domaine public</Droits_Repro>
		<subject></subject>
		<geoname></geoname>
		<persname></persname>
		<corpname></corpname>
	</DocsFigures>
<DocsFigures>
		<Titre>[Homme d&apos;âge mûr]</Titre>
		<Analyse>Portrait en pied d&apos;un homme d&apos;âge mûr, probablement de la famille Berthelé, debout devant une porte tenant une bouteille de vin à la main.
Début du 20e siècle.</Analyse>
		<Realise_en></Realise_en>
		<Liste_des_auteurs>BERTHELÉ, Raoul</Liste_des_auteurs>
		<Type_Doc>NEGATIF N&amp;B</Type_Doc>
		<Support>VERRE</Support>
		<Technique>Photographie N&amp;B</Technique>
		<Format>9 x 6 cm</Format>
		<Cote>49Fi1435</Cote>
		<Observations></Observations>
		<Origine>Don Faucher-Berhelé entré le 10/11/1978.</Origine>
		<Droits_Repro>Domaine public</Droits_Repro>
		<subject></subject>
		<geoname></geoname>
		<persname></persname>
		<corpname></corpname>
	</DocsFigures>
<DocsFigures>
		<Titre>[Adolescent tenant une casquette militaire]</Titre>
		<Analyse>Début du 20e siècle.
Portrait en buste d&apos;un adolescent (Raoul Berthelé ?) tenant une casquette militaire dans ses mains.</Analyse>
		<Realise_en></Realise_en>
		<Liste_des_auteurs>BERTHELÉ, Raoul</Liste_des_auteurs>
		<Type_Doc>NEGATIF N&amp;B</Type_Doc>
		<Support>VERRE</Support>
		<Technique>Photographie N&amp;B</Technique>
		<Format>9 x 6 cm</Format>
		<Cote>49Fi1436</Cote>
		<Observations></Observations>
		<Origine>Don Faucher-Berhelé entré le 10/11/1978.</Origine>
		<Droits_Repro>Domaine public</Droits_Repro>
		<subject></subject>
		<geoname></geoname>
		<persname>BERTHELE, Raoul;</persname>
		<corpname></corpname>
	</DocsFigures>
<DocsFigures>
		<Titre>[Un homme, un chien et une femme devant une maison]</Titre>
		<Analyse>Portarit d&apos;un homme habillé en chasseur accompagné de son chien, et d&apos;un femme, probablement de la famille Berthelé, sur le pas d&apos;un maison. 
Début du 20e siècle.</Analyse>
		<Realise_en></Realise_en>
		<Liste_des_auteurs>BERTHELÉ, Raoul</Liste_des_auteurs>
		<Type_Doc>NEGATIF N&amp;B</Type_Doc>
		<Support>VERRE</Support>
		<Technique>Photographie N&amp;B</Technique>
		<Format>9 x 6 cm</Format>
		<Cote>49Fi1437</Cote>
		<Observations></Observations>
		<Origine>Don Faucher-Berhelé entré le 10/11/1978.</Origine>
		<Droits_Repro>Domaine public</Droits_Repro>
		<subject></subject>
		<geoname></geoname>
		<persname></persname>
		<corpname></corpname>
	</DocsFigures>
<DocsFigures>
		<Titre>[Un homme, un chien et une femme devant une maison]</Titre>
		<Analyse>Portarit d&apos;un homme habillé en chasseur accompagné de son chien, et d&apos;un femme, probablement de la famille Berthelé, sur le pas d&apos;un maison. 
Début du 20e siècle.</Analyse>
		<Realise_en></Realise_en>
		<Liste_des_auteurs>BERTHELÉ, Raoul</Liste_des_auteurs>
		<Type_Doc>NEGATIF N&amp;B</Type_Doc>
		<Support>VERRE</Support>
		<Technique>Photographie N&amp;B</Technique>
		<Format>9 x 6 cm</Format>
		<Cote>49Fi1438</Cote>
		<Observations></Observations>
		<Origine>Don Faucher-Berhelé entré le 10/11/1978.</Origine>
		<Droits_Repro>Domaine public</Droits_Repro>
		<subject></subject>
		<geoname></geoname>
		<persname></persname>
		<corpname></corpname>
	</DocsFigures>
<DocsFigures>
		<Titre>[Femme d&apos;âge mûr]</Titre>
		<Analyse>Portrait en buste d&apos;une femme d&apos;âge mûr, probablement de la famille Berthelé, sur fond de jardin.
Début du 20e siècle.</Analyse>
		<Realise_en></Realise_en>
		<Liste_des_auteurs>BERTHELÉ, Raoul</Liste_des_auteurs>
		<Type_Doc>NEGATIF N&amp;B</Type_Doc>
		<Support>VERRE</Support>
		<Technique>Photographie N&amp;B</Technique>
		<Format>9 x 6 cm</Format>
		<Cote>49Fi1439</Cote>
		<Observations>Même personne qu&apos;au 49Fi1405.</Observations>
		<Origine>Don Faucher-Berhelé entré le 10/11/1978.</Origine>
		<Droits_Repro>Domaine public</Droits_Repro>
		<subject></subject>
		<geoname></geoname>
		<persname></persname>
		<corpname></corpname>
	</DocsFigures>
<DocsFigures>
		<Titre>[Homme barbu assis]</Titre>
		<Analyse>Portrait d&apos;un homme barbu, probablement de la famille Berthelé, portant lunettes et assis sur un siège, 
Début du 20e siècle.</Analyse>
		<Realise_en></Realise_en>
		<Liste_des_auteurs>BERTHELÉ, Raoul</Liste_des_auteurs>
		<Type_Doc>NEGATIF N&amp;B</Type_Doc>
		<Support>VERRE</Support>
		<Technique>Photographie N&amp;B</Technique>
		<Format>9 x 6 cm</Format>
		<Cote>49Fi1440</Cote>
		<Observations></Observations>
		<Origine>Don Faucher-Berhelé entré le 10/11/1978.</Origine>
		<Droits_Repro>Domaine public</Droits_Repro>
		<subject></subject>
		<geoname></geoname>
		<persname></persname>
		<corpname></corpname>
	</DocsFigures>
<DocsFigures>
		<Titre>[Femme âgée assise sur un banc]</Titre>
		<Analyse>Portrait d&apos;une femme âgée, probablement de la famille Berthelé, assise sur un banc dans un jardin. 
Début du 20e siècle.
Elle tient une fleur à la main.</Analyse>
		<Realise_en></Realise_en>
		<Liste_des_auteurs>BERTHELÉ, Raoul</Liste_des_auteurs>
		<Type_Doc>NEGATIF N&amp;B</Type_Doc>
		<Support>VERRE</Support>
		<Technique>Photographie N&amp;B</Technique>
		<Format>9 x 6 cm</Format>
		<Cote>49Fi1441</Cote>
		<Observations></Observations>
		<Origine>Don Faucher-Berhelé entré le 10/11/1978.</Origine>
		<Droits_Repro>Domaine public</Droits_Repro>
		<subject></subject>
		<geoname></geoname>
		<persname></persname>
		<corpname></corpname>
	</DocsFigures>
<DocsFigures>
		<Titre>[Spectacle équestre]</Titre>
		<Analyse>Vue d&apos;une scène d&apos;un spectacle équestre où un individu se tient debout les deux pieds posés sur les croupes de deux chevaux différents, à l&apos;intérieur d&apos;une arène amovible. 
Début du 20e siècle.</Analyse>
		<Realise_en></Realise_en>
		<Liste_des_auteurs>BERTHELÉ, Raoul</Liste_des_auteurs>
		<Type_Doc>NEGATIF N&amp;B</Type_Doc>
		<Support>VERRE</Support>
		<Technique>Photographie N&amp;B</Technique>
		<Format>9 x 6 cm</Format>
		<Cote>49Fi1442</Cote>
		<Observations></Observations>
		<Origine>Don Faucher-Berhelé entré le 10/11/1978.</Origine>
		<Droits_Repro>Domaine public</Droits_Repro>
		<subject></subject>
		<geoname></geoname>
		<persname></persname>
		<corpname></corpname>
	</DocsFigures>
<DocsFigures>
		<Titre>[Femme âgée assise]</Titre>
		<Analyse>Portrait en buste d&apos;une femme âgée, probablement de la famille Berthelé, assise sur un banc dans un jardin.
Début du 20e siècle.</Analyse>
		<Realise_en></Realise_en>
		<Liste_des_auteurs>BERTHELÉ, Raoul</Liste_des_auteurs>
		<Type_Doc>NEGATIF N&amp;B</Type_Doc>
		<Support>VERRE</Support>
		<Technique>Photographie N&amp;B</Technique>
		<Format>9 x 6 cm</Format>
		<Cote>49Fi1443</Cote>
		<Observations></Observations>
		<Origine>Don Faucher-Berhelé entré le 10/11/1978.</Origine>
		<Droits_Repro>Domaine public</Droits_Repro>
		<subject></subject>
		<geoname></geoname>
		<persname></persname>
		<corpname></corpname>
	</DocsFigures>
<DocsFigures>
		<Titre>[Femme d&apos;âge mûr vêtue de noir]</Titre>
		<Analyse>Portrait en pied d&apos;une femme d&apos;âge mûr, probablement de la famille Berthelé, debout, vêtue de noir. 
Début du 20e siècle.</Analyse>
		<Realise_en></Realise_en>
		<Liste_des_auteurs>BERTHELÉ, Raoul</Liste_des_auteurs>
		<Type_Doc>NEGATIF N&amp;B</Type_Doc>
		<Support>VERRE</Support>
		<Technique>Photographie N&amp;B</Technique>
		<Format>9 x 6 cm</Format>
		<Cote>49Fi1444</Cote>
		<Observations></Observations>
		<Origine>Don Faucher-Berhelé entré le 10/11/1978.</Origine>
		<Droits_Repro>Domaine public</Droits_Repro>
		<subject></subject>
		<geoname></geoname>
		<persname></persname>
		<corpname></corpname>
	</DocsFigures>
<DocsFigures>
		<Titre>[Soldat à cheval à Montpellier]</Titre>
		<Analyse>Vue d&apos;un soldat à cheval passant avenue de Lodève à Montpellier (Hérault) sous les regards des passants. 
Début du 20e siècle.</Analyse>
		<Realise_en></Realise_en>
		<Liste_des_auteurs>BERTHELÉ, Raoul</Liste_des_auteurs>
		<Type_Doc>NEGATIF N&amp;B</Type_Doc>
		<Support>VERRE</Support>
		<Technique>Photographie N&amp;B</Technique>
		<Format>9 x 6 cm</Format>
		<Cote>49Fi1445</Cote>
		<Observations></Observations>
		<Origine>Don Faucher-Berhelé entré le 10/11/1978.</Origine>
		<Droits_Repro>Domaine public</Droits_Repro>
		<subject></subject>
		<geoname>MONTPELLIER (ville);</geoname>
		<persname></persname>
		<corpname></corpname>
	</DocsFigures>
<DocsFigures>
		<Titre>[Femme d&apos;âge mûr vêtue de noir]</Titre>
		<Analyse>Portrait en plan 3/4 d&apos;une femme d&apos;âge mûr, probablement de la famille Berthelé, debout, vêtue de noir.
Début du 20e siècle.</Analyse>
		<Realise_en></Realise_en>
		<Liste_des_auteurs>BERTHELÉ, Raoul</Liste_des_auteurs>
		<Type_Doc>NEGATIF N&amp;B</Type_Doc>
		<Support>VERRE</Support>
		<Technique>Photographie N&amp;B</Technique>
		<Format>9 x 6 cm</Format>
		<Cote>49Fi1446</Cote>
		<Observations></Observations>
		<Origine>Don Faucher-Berhelé entré le 10/11/1978.</Origine>
		<Droits_Repro>Domaine public</Droits_Repro>
		<subject></subject>
		<geoname></geoname>
		<persname></persname>
		<corpname></corpname>
	</DocsFigures>
<DocsFigures>
		<Titre>[Femme d&apos;âge mûr]</Titre>
		<Analyse>Portrait en plan 3/4 d&apos;une femme d&apos;âge mûr, probablement de la famille Berthelé, debout.
Début du 20e siècle.</Analyse>
		<Realise_en></Realise_en>
		<Liste_des_auteurs>BERTHELÉ, Raoul</Liste_des_auteurs>
		<Type_Doc>NEGATIF N&amp;B</Type_Doc>
		<Support>VERRE</Support>
		<Technique>Photographie N&amp;B</Technique>
		<Format>9 x 6 cm</Format>
		<Cote>49Fi1447</Cote>
		<Observations></Observations>
		<Origine>Don Faucher-Berhelé entré le 10/11/1978.</Origine>
		<Droits_Repro>Domaine public</Droits_Repro>
		<subject></subject>
		<geoname></geoname>
		<persname></persname>
		<corpname></corpname>
	</DocsFigures>
<DocsFigures>
		<Titre>[Mairie de de Château-Thierry]</Titre>
		<Analyse>Vue générale de la mairie de Château-Thierry (Aisne). 
Début du 20e siècle.</Analyse>
		<Realise_en></Realise_en>
		<Liste_des_auteurs>BERTHELÉ, Raoul</Liste_des_auteurs>
		<Type_Doc>NEGATIF N&amp;B</Type_Doc>
		<Support>VERRE</Support>
		<Technique>Photographie N&amp;B</Technique>
		<Format>9 x 6 cm</Format>
		<Cote>49Fi1448</Cote>
		<Observations>La photo est floue.</Observations>
		<Origine>Don Faucher-Berhelé entré le 10/11/1978.</Origine>
		<Droits_Repro>Domaine public</Droits_Repro>
		<subject></subject>
		<geoname>CHATEAU-THIERRY (ville);AISNE (département);</geoname>
		<persname></persname>
		<corpname></corpname>
	</DocsFigures>
<DocsFigures>
		<Titre>[Exposition de sculpture]</Titre>
		<Analyse>Vue plongeante d&apos;une exposition de sculpture sur un place d&apos;une localité indéterminée. 
Début du 20e siècle.</Analyse>
		<Realise_en></Realise_en>
		<Liste_des_auteurs>BERTHELÉ, Raoul</Liste_des_auteurs>
		<Type_Doc>NEGATIF N&amp;B</Type_Doc>
		<Support>VERRE</Support>
		<Technique>Photographie N&amp;B</Technique>
		<Format>9 x 6 cm</Format>
		<Cote>49Fi1449</Cote>
		<Observations>La partie gauche de l&apos;image est manquante.</Observations>
		<Origine>Don Faucher-Berhelé entré le 10/11/1978.</Origine>
		<Droits_Repro>Domaine public</Droits_Repro>
		<subject></subject>
		<geoname></geoname>
		<persname></persname>
		<corpname></corpname>
	</DocsFigures>
<DocsFigures>
		<Titre>[Dos d&apos;un crucifix]</Titre>
		<Analyse>Vue de détail du dos d&apos;un crucifix. 
Début du 20e siècle.</Analyse>
		<Realise_en></Realise_en>
		<Liste_des_auteurs>BERTHELÉ, Raoul</Liste_des_auteurs>
		<Type_Doc>NEGATIF N&amp;B</Type_Doc>
		<Support>VERRE</Support>
		<Technique>Photographie N&amp;B</Technique>
		<Format>9 x 6 cm</Format>
		<Cote>49Fi1450</Cote>
		<Observations>Même image que 49Fi1452.</Observations>
		<Origine>Don Faucher-Berhelé entré le 10/11/1978.</Origine>
		<Droits_Repro>Domaine public</Droits_Repro>
		<subject></subject>
		<geoname></geoname>
		<persname></persname>
		<corpname></corpname>
	</DocsFigures>
<DocsFigures>
		<Titre>[Crucifix]</Titre>
		<Analyse>Vue de détail de face d&apos;un crucifix.
Début du 20e siècle.</Analyse>
		<Realise_en></Realise_en>
		<Liste_des_auteurs>BERTHELÉ, Raoul</Liste_des_auteurs>
		<Type_Doc>NEGATIF N&amp;B</Type_Doc>
		<Support>VERRE</Support>
		<Technique>Photographie N&amp;B</Technique>
		<Format>9 x 6 cm</Format>
		<Cote>49Fi1451</Cote>
		<Observations>Même cliché que 49Fi1453.</Observations>
		<Origine>Don Faucher-Berhelé entré le 10/11/1978.</Origine>
		<Droits_Repro>Domaine public</Droits_Repro>
		<subject></subject>
		<geoname></geoname>
		<persname></persname>
		<corpname></corpname>
	</DocsFigures>
<DocsFigures>
		<Titre>[Dos d&apos;un crucifix]</Titre>
		<Analyse>Vue de détail du dos d&apos;un crucifix. 
Début du 20e siècle.</Analyse>
		<Realise_en></Realise_en>
		<Liste_des_auteurs>BERTHELÉ, Raoul</Liste_des_auteurs>
		<Type_Doc>NEGATIF N&amp;B</Type_Doc>
		<Support>VERRE</Support>
		<Technique>Photographie N&amp;B</Technique>
		<Format>9 x 6 cm</Format>
		<Cote>49Fi1452</Cote>
		<Observations>Même image que 49Fi1450.</Observations>
		<Origine>Don Faucher-Berhelé entré le 10/11/1978.</Origine>
		<Droits_Repro>Domaine public</Droits_Repro>
		<subject></subject>
		<geoname></geoname>
		<persname></persname>
		<corpname></corpname>
	</DocsFigures>
<DocsFigures>
		<Titre>[Crucifix]</Titre>
		<Analyse>Vue de détail de face d&apos;un crucifix.
Début du 20e siècle.</Analyse>
		<Realise_en></Realise_en>
		<Liste_des_auteurs>BERTHELÉ, Raoul</Liste_des_auteurs>
		<Type_Doc>NEGATIF N&amp;B</Type_Doc>
		<Support>VERRE</Support>
		<Technique>Photographie N&amp;B</Technique>
		<Format>9 x 6 cm</Format>
		<Cote>49Fi1453</Cote>
		<Observations>Même cliché que 49Fi1451.</Observations>
		<Origine>Don Faucher-Berhelé entré le 10/11/1978.</Origine>
		<Droits_Repro>Domaine public</Droits_Repro>
		<subject></subject>
		<geoname></geoname>
		<persname></persname>
		<corpname></corpname>
	</DocsFigures>
<DocsFigures>
		<Titre>[Inscription commémorant la venue de Louis XIV à Toulouse]</Titre>
		<Analyse>Vue d&apos;une inscription murale en latin et de sa traduction en français commémorant la venue de Louis XIV à Toulouse en 1660 sur une façade d&apos;une maison de la place du Pont-Neuf.
Début du 20e siècle.</Analyse>
		<Realise_en></Realise_en>
		<Liste_des_auteurs>BERTHELÉ, Raoul</Liste_des_auteurs>
		<Type_Doc>NEGATIF N&amp;B</Type_Doc>
		<Support>VERRE</Support>
		<Technique>Photographie N&amp;B</Technique>
		<Format>9 x 6 cm</Format>
		<Cote>49Fi1454</Cote>
		<Observations></Observations>
		<Origine>Don Faucher-Berhelé entré le 10/11/1978.</Origine>
		<Droits_Repro>Domaine public</Droits_Repro>
		<subject></subject>
		<geoname>PONT-NEUF (place du);TOULOUSE (ville);</geoname>
		<persname></persname>
		<corpname></corpname>
	</DocsFigures>
<DocsFigures>
		<Titre>[Inscription commémorant la venue de Louis XIV à Toulouse]</Titre>
		<Analyse>Vue d&apos;une inscription murale en latin et de sa traduction en français commémorant la venue de Louis XIV à Toulouse en 1660 sur une façade d&apos;une maison de la place du Pont-Neuf.
Début du 20e siècle.</Analyse>
		<Realise_en></Realise_en>
		<Liste_des_auteurs>BERTHELÉ, Raoul</Liste_des_auteurs>
		<Type_Doc>NEGATIF N&amp;B</Type_Doc>
		<Support>VERRE</Support>
		<Technique>Photographie N&amp;B</Technique>
		<Format>9 x 6 cm</Format>
		<Cote>49Fi1455</Cote>
		<Observations></Observations>
		<Origine>Don Faucher-Berhelé entré le 10/11/1978.</Origine>
		<Droits_Repro>Domaine public</Droits_Repro>
		<subject></subject>
		<geoname>PONT-NEUF (place du);TOULOUSE (ville);</geoname>
		<persname></persname>
		<corpname></corpname>
	</DocsFigures>
<DocsFigures>
		<Titre>[Inscription murale latine]</Titre>
		<Analyse>Vue d&apos;une inscription murale latine sur l&apos;entablement d&apos;une fenêtre de la façade d&apos;un édifice.
Début du 20e siècle.</Analyse>
		<Realise_en></Realise_en>
		<Liste_des_auteurs>BERTHELÉ, Raoul</Liste_des_auteurs>
		<Type_Doc>NEGATIF N&amp;B</Type_Doc>
		<Support>VERRE</Support>
		<Technique>Photographie N&amp;B</Technique>
		<Format>9 x 6 cm</Format>
		<Cote>49Fi1456</Cote>
		<Observations></Observations>
		<Origine>Don Faucher-Berhelé entré le 10/11/1978.</Origine>
		<Droits_Repro>Domaine public</Droits_Repro>
		<subject></subject>
		<geoname></geoname>
		<persname></persname>
		<corpname></corpname>
	</DocsFigures>
<DocsFigures>
		<Titre>[Inscription murale latine]</Titre>
		<Analyse>Vue d&apos;une inscription murale latine sur l&apos;entablement d&apos;une fenêtre de la façade d&apos;un édifice.
Début du 20e siècle.</Analyse>
		<Realise_en></Realise_en>
		<Liste_des_auteurs>BERTHELÉ, Raoul</Liste_des_auteurs>
		<Type_Doc>NEGATIF N&amp;B</Type_Doc>
		<Support>VERRE</Support>
		<Technique>Photographie N&amp;B</Technique>
		<Format>9 x 6 cm</Format>
		<Cote>49Fi1457</Cote>
		<Observations></Observations>
		<Origine>Don Faucher-Berhelé entré le 10/11/1978.</Origine>
		<Droits_Repro>Domaine public</Droits_Repro>
		<subject></subject>
		<geoname></geoname>
		<persname></persname>
		<corpname></corpname>
	</DocsFigures>
<DocsFigures>
		<Titre>[Bas relief représentant un âne sur un trône]</Titre>
		<Analyse>Vue de détail d&apos;un bas-relief représentant un âne sur un trône. 
Début du 20e siècle.</Analyse>
		<Realise_en></Realise_en>
		<Liste_des_auteurs>BERTHELÉ, Raoul</Liste_des_auteurs>
		<Type_Doc>NEGATIF N&amp;B</Type_Doc>
		<Support>VERRE</Support>
		<Technique>Photographie N&amp;B</Technique>
		<Format>9 x 6 cm</Format>
		<Cote>49Fi1458</Cote>
		<Observations></Observations>
		<Origine>Don Faucher-Berhelé entré le 10/11/1978.</Origine>
		<Droits_Repro>Domaine public</Droits_Repro>
		<subject></subject>
		<geoname></geoname>
		<persname></persname>
		<corpname></corpname>
	</DocsFigures>
<DocsFigures>
		<Titre>Lavabo 1778. Sacristie nord SSin. 536</Titre>
		<Analyse>Vue de détail d&apos;un lavabo datant de 1778 dans la sacristie nord de la basilique Saint-Sernin à Toulouse.
Début du 20e siècle.</Analyse>
		<Realise_en></Realise_en>
		<Liste_des_auteurs>BERTHELÉ, Raoul</Liste_des_auteurs>
		<Type_Doc>NEGATIF N&amp;B</Type_Doc>
		<Support>VERRE</Support>
		<Technique>Photographie N&amp;B</Technique>
		<Format>9 x 6 cm</Format>
		<Cote>49Fi1459</Cote>
		<Observations></Observations>
		<Origine>Don Faucher-Berhelé entré le 10/11/1978.</Origine>
		<Droits_Repro>Domaine public</Droits_Repro>
		<subject></subject>
		<geoname>SAINT-SERNIN (basilique);SAINT-SERNIN (place);</geoname>
		<persname></persname>
		<corpname></corpname>
	</DocsFigures>
<DocsFigures>
		<Titre>[Objets liturgiques catholiques]</Titre>
		<Analyse>Vue en nature morte d&apos;objets liturgiques catholiques : un calice et deux patènes.
Début du 20e siècle.
Etiquette portant l&apos;inscription : &quot;535&quot;</Analyse>
		<Realise_en></Realise_en>
		<Liste_des_auteurs>BERTHELÉ, Raoul</Liste_des_auteurs>
		<Type_Doc>NEGATIF N&amp;B</Type_Doc>
		<Support>VERRE</Support>
		<Technique>Photographie N&amp;B</Technique>
		<Format>9 x 6 cm</Format>
		<Cote>49Fi1460</Cote>
		<Observations></Observations>
		<Origine>Don Faucher-Berhelé entré le 10/11/1978.</Origine>
		<Droits_Repro>Domaine public</Droits_Repro>
		<subject></subject>
		<geoname></geoname>
		<persname></persname>
		<corpname></corpname>
	</DocsFigures>
<DocsFigures>
		<Titre>[Objets liturgiques catholiques]</Titre>
		<Analyse>Vue en nature morte d&apos;objets liturgiques catholiques : un calice et une patène.
Début du 20e siècle.
Etiquette portant l&apos;inscription : &quot;534&quot;</Analyse>
		<Realise_en></Realise_en>
		<Liste_des_auteurs>BERTHELÉ, Raoul</Liste_des_auteurs>
		<Type_Doc>NEGATIF N&amp;B</Type_Doc>
		<Support>VERRE</Support>
		<Technique>Photographie N&amp;B</Technique>
		<Format>9 x 6 cm</Format>
		<Cote>49Fi1461</Cote>
		<Observations></Observations>
		<Origine>Don Faucher-Berhelé entré le 10/11/1978.</Origine>
		<Droits_Repro>Domaine public</Droits_Repro>
		<subject></subject>
		<geoname></geoname>
		<persname></persname>
		<corpname></corpname>
	</DocsFigures>
<DocsFigures>
		<Titre>[Objets liturgiques catholiques]</Titre>
		<Analyse>Vue en nature morte d&apos;objets liturgiques catholiques : navette à encens.
Début du 20e siècle.
Etiquette portant l&apos;inscription : &quot;533&quot;</Analyse>
		<Realise_en></Realise_en>
		<Liste_des_auteurs>BERTHELÉ, Raoul</Liste_des_auteurs>
		<Type_Doc>NEGATIF N&amp;B</Type_Doc>
		<Support>VERRE</Support>
		<Technique>Photographie N&amp;B</Technique>
		<Format>9 x 6 cm</Format>
		<Cote>49Fi1462</Cote>
		<Observations></Observations>
		<Origine>Don Faucher-Berhelé entré le 10/11/1978.</Origine>
		<Droits_Repro>Domaine public</Droits_Repro>
		<subject></subject>
		<geoname></geoname>
		<persname></persname>
		<corpname></corpname>
	</DocsFigures>
<DocsFigures>
		<Titre>[Objets liturgiques catholiques]</Titre>
		<Analyse>Vue en nature morte d&apos;objets liturgiques catholiques : chandelier ?
Début du 20e siècle.
Etiquette portant l&apos;inscription : &quot;532&quot;</Analyse>
		<Realise_en></Realise_en>
		<Liste_des_auteurs>BERTHELÉ, Raoul</Liste_des_auteurs>
		<Type_Doc>NEGATIF N&amp;B</Type_Doc>
		<Support>VERRE</Support>
		<Technique>Photographie N&amp;B</Technique>
		<Format>9 x 6 cm</Format>
		<Cote>49Fi1463</Cote>
		<Observations></Observations>
		<Origine>Don Faucher-Berhelé entré le 10/11/1978.</Origine>
		<Droits_Repro>Domaine public</Droits_Repro>
		<subject></subject>
		<geoname></geoname>
		<persname></persname>
		<corpname></corpname>
	</DocsFigures>
<DocsFigures>
		<Titre>[Objets liturgiques catholiques]</Titre>
		<Analyse>Vue en nature morte d&apos;objets liturgiques catholiques : un calice, une patènes et un service de burettes.
Début du 20e siècle.
Etiquette portant l&apos;inscription : &quot;531&quot;</Analyse>
		<Realise_en></Realise_en>
		<Liste_des_auteurs>BERTHELÉ, Raoul</Liste_des_auteurs>
		<Type_Doc>NEGATIF N&amp;B</Type_Doc>
		<Support>VERRE</Support>
		<Technique>Photographie N&amp;B</Technique>
		<Format>9 x 6 cm</Format>
		<Cote>49Fi1464</Cote>
		<Observations></Observations>
		<Origine>Don Faucher-Berhelé entré le 10/11/1978.</Origine>
		<Droits_Repro>Domaine public</Droits_Repro>
		<subject></subject>
		<geoname></geoname>
		<persname></persname>
		<corpname></corpname>
	</DocsFigures>
<DocsFigures>
		<Titre>[Objets liturgiques catholiques]</Titre>
		<Analyse>Vue en nature morte d&apos;objets liturgiques catholiques : deux crucifix.
Début du 20e siècle.
Etiquette portant l&apos;inscription : &quot;530&quot;</Analyse>
		<Realise_en></Realise_en>
		<Liste_des_auteurs>BERTHELÉ, Raoul</Liste_des_auteurs>
		<Type_Doc>NEGATIF N&amp;B</Type_Doc>
		<Support>VERRE</Support>
		<Technique>Photographie N&amp;B</Technique>
		<Format>9 x 6 cm</Format>
		<Cote>49Fi1465</Cote>
		<Observations></Observations>
		<Origine>Don Faucher-Berhelé entré le 10/11/1978.</Origine>
		<Droits_Repro>Domaine public</Droits_Repro>
		<subject></subject>
		<geoname></geoname>
		<persname></persname>
		<corpname></corpname>
	</DocsFigures>
<DocsFigures>
		<Titre>Lagardelle (H.-G.). Poinçon d&apos;armoiries</Titre>
		<Analyse>&quot;A classer&quot;
Vue de détail d&apos;un poinçon des armoirie de Lagardelle (Haute-Garonne). 
Début du 20e siècle.
Inscription sur étiquette : &quot;546&quot;</Analyse>
		<Realise_en></Realise_en>
		<Liste_des_auteurs>BERTHELÉ, Raoul</Liste_des_auteurs>
		<Type_Doc>NEGATIF N&amp;B</Type_Doc>
		<Support>FILM</Support>
		<Technique>Photographie N&amp;B</Technique>
		<Format>9 x 6 cm</Format>
		<Cote>49Fi1466</Cote>
		<Observations></Observations>
		<Origine>Don Faucher-Berhelé entré le 10/11/1978.</Origine>
		<Droits_Repro>Domaine public</Droits_Repro>
		<subject></subject>
		<geoname>LAGARDELLE-SUR-LEZE (village);</geoname>
		<persname></persname>
		<corpname></corpname>
	</DocsFigures>
<DocsFigures>
		<Titre>[Dessin d&apos;un cartouche]</Titre>
		<Analyse>Vue de détail du dessin d&apos;un cartouche. 
Début du 20e siècle.</Analyse>
		<Realise_en></Realise_en>
		<Liste_des_auteurs>BERTHELÉ, Raoul</Liste_des_auteurs>
		<Type_Doc>NEGATIF N&amp;B</Type_Doc>
		<Support>VERRE</Support>
		<Technique>Photographie N&amp;B</Technique>
		<Format>6 x 9 cm</Format>
		<Cote>49Fi1467</Cote>
		<Observations></Observations>
		<Origine>Don Faucher-Berhelé entré le 10/11/1978.</Origine>
		<Droits_Repro>Domaine public</Droits_Repro>
		<subject></subject>
		<geoname></geoname>
		<persname></persname>
		<corpname></corpname>
	</DocsFigures>
<DocsFigures>
		<Titre>[Sceau]</Titre>
		<Analyse>Vue de détail d&apos;un sceau. 
Début du 20e siècle.
Inscription sur étiquette : &quot;804&quot;</Analyse>
		<Realise_en></Realise_en>
		<Liste_des_auteurs>BERTHELÉ, Raoul</Liste_des_auteurs>
		<Type_Doc>NEGATIF N&amp;B</Type_Doc>
		<Support>VERRE</Support>
		<Technique>Photographie N&amp;B</Technique>
		<Format>6 x 9 cm</Format>
		<Cote>49Fi1468</Cote>
		<Observations></Observations>
		<Origine>Don Faucher-Berhelé entré le 10/11/1978.</Origine>
		<Droits_Repro>Domaine public</Droits_Repro>
		<subject></subject>
		<geoname></geoname>
		<persname></persname>
		<corpname></corpname>
	</DocsFigures>
<DocsFigures>
		<Titre>Bulle plomb 1472/3. Cour episcopale d&apos;Avignon</Titre>
		<Analyse>&quot;H.-G., Malte, Rayssac 327&quot;.
Vue de détail d&apos;une bulle en plomb de la cour episcopale d&apos;Avignon datée de 1472-1473.
Début du 20e siècle.
Inscription sur étiquette : &quot;3&quot;</Analyse>
		<Realise_en></Realise_en>
		<Liste_des_auteurs>BERTHELÉ, Raoul</Liste_des_auteurs>
		<Type_Doc>NEGATIF N&amp;B</Type_Doc>
		<Support>VERRE</Support>
		<Technique>Photographie N&amp;B</Technique>
		<Format>9 x 6 cm</Format>
		<Cote>49Fi1469</Cote>
		<Observations></Observations>
		<Origine>Don Faucher-Berhelé entré le 10/11/1978.</Origine>
		<Droits_Repro>Domaine public</Droits_Repro>
		<subject></subject>
		<geoname></geoname>
		<persname></persname>
		<corpname></corpname>
	</DocsFigures>
<DocsFigures>
		<Titre>[Lettre S historiée d&apos;un manuscrit]</Titre>
		<Analyse>Vue de détail de la lettre S historiée d&apos;un manuscrit latin. 
Début du 20e siècle.
Inscription sur étiquette : &quot;4&quot;</Analyse>
		<Realise_en></Realise_en>
		<Liste_des_auteurs>BERTHELÉ, Raoul</Liste_des_auteurs>
		<Type_Doc>NEGATIF N&amp;B</Type_Doc>
		<Support>VERRE</Support>
		<Technique>Photographie N&amp;B</Technique>
		<Format>9 x 6 cm</Format>
		<Cote>49Fi1470</Cote>
		<Observations></Observations>
		<Origine>Don Faucher-Berhelé entré le 10/11/1978.</Origine>
		<Droits_Repro>Domaine public</Droits_Repro>
		<subject></subject>
		<geoname></geoname>
		<persname></persname>
		<corpname></corpname>
	</DocsFigures>
<DocsFigures>
		<Titre>[Lettre historiée d&apos;un manuscrit]</Titre>
		<Analyse>Vue de détail de la lettre S historiée d&apos;un manuscrit latin. 
Début du 20e siècle.
Inscription sur étiquette : &quot;6&quot;</Analyse>
		<Realise_en></Realise_en>
		<Liste_des_auteurs>BERTHELÉ, Raoul</Liste_des_auteurs>
		<Type_Doc>NEGATIF N&amp;B</Type_Doc>
		<Support>VERRE</Support>
		<Technique>Photographie N&amp;B</Technique>
		<Format>9 x 6 cm</Format>
		<Cote>49Fi1471</Cote>
		<Observations></Observations>
		<Origine>Don Faucher-Berhelé entré le 10/11/1978.</Origine>
		<Droits_Repro>Domaine public</Droits_Repro>
		<subject></subject>
		<geoname></geoname>
		<persname></persname>
		<corpname></corpname>
	</DocsFigures>
<DocsFigures>
		<Titre>[Sceau]</Titre>
		<Analyse>Vue de détail d&apos;un sceau. 
Début du 20e siècle.
Inscription sur étiquette : &quot;7&quot;</Analyse>
		<Realise_en></Realise_en>
		<Liste_des_auteurs>BERTHELÉ, Raoul</Liste_des_auteurs>
		<Type_Doc>NEGATIF N&amp;B</Type_Doc>
		<Support>VERRE</Support>
		<Technique>Photographie N&amp;B</Technique>
		<Format>9 x 6 cm</Format>
		<Cote>49Fi1472</Cote>
		<Observations></Observations>
		<Origine>Don Faucher-Berhelé entré le 10/11/1978.</Origine>
		<Droits_Repro>Domaine public</Droits_Repro>
		<subject></subject>
		<geoname></geoname>
		<persname></persname>
		<corpname></corpname>
	</DocsFigures>
<DocsFigures>
		<Titre>[Foule de personnes sur une plage]</Titre>
		<Analyse>Vue générale d&apos;une foule de personnes installées sur une plage à côté d&apos;une construction en bois, regardant vers le large. 
Début du 20e siècle.</Analyse>
		<Realise_en></Realise_en>
		<Liste_des_auteurs>BERTHELÉ, Raoul</Liste_des_auteurs>
		<Type_Doc>NEGATIF N&amp;B</Type_Doc>
		<Support>VERRE</Support>
		<Technique>Photographie N&amp;B</Technique>
		<Format>6 x 9 cm</Format>
		<Cote>49Fi1473</Cote>
		<Observations></Observations>
		<Origine>Don Faucher-Berhelé entré le 10/11/1978.</Origine>
		<Droits_Repro>Domaine public</Droits_Repro>
		<subject></subject>
		<geoname></geoname>
		<persname></persname>
		<corpname></corpname>
	</DocsFigures>
<DocsFigures>
		<Titre>[Lettre historiée d&apos;un manuscrit]</Titre>
		<Analyse>Vue de détail de la lettre S historiée d&apos;un manuscrit latin. 
Début du 20e siècle.
Inscription sur étiquette : &quot;5&quot;</Analyse>
		<Realise_en></Realise_en>
		<Liste_des_auteurs>BERTHELÉ, Raoul</Liste_des_auteurs>
		<Type_Doc>NEGATIF N&amp;B</Type_Doc>
		<Support>VERRE</Support>
		<Technique>Photographie N&amp;B</Technique>
		<Format>9 x 6 cm</Format>
		<Cote>49Fi1474</Cote>
		<Observations></Observations>
		<Origine>Don Faucher-Berhelé entré le 10/11/1978.</Origine>
		<Droits_Repro>Domaine public</Droits_Repro>
		<subject></subject>
		<geoname></geoname>
		<persname></persname>
		<corpname></corpname>
	</DocsFigures>
<DocsFigures>
		<Titre>[Edifice ancien en ruine]</Titre>
		<Analyse>Vue en contre-plongée d&apos;un édifice ancien en ruine. 
Début du 20e siècle.</Analyse>
		<Realise_en></Realise_en>
		<Liste_des_auteurs>BERTHELÉ, Raoul</Liste_des_auteurs>
		<Type_Doc>NEGATIF N&amp;B</Type_Doc>
		<Support>VERRE</Support>
		<Technique>Photographie N&amp;B</Technique>
		<Format>9 x 6 cm</Format>
		<Cote>49Fi1475</Cote>
		<Observations></Observations>
		<Origine>Don Faucher-Berhelé entré le 10/11/1978.</Origine>
		<Droits_Repro>Domaine public</Droits_Repro>
		<subject></subject>
		<geoname></geoname>
		<persname></persname>
		<corpname></corpname>
	</DocsFigures>
<DocsFigures>
		<Titre>[Enceinte médiévale d&apos;Aigues-Mortes]</Titre>
		<Analyse>Vue générale d&apos;une partie de l&apos;enceinte médiévale d&apos;Aigues-Mortes (Gard) 
Début du 20e siècle.
Au premier plan, la mer.</Analyse>
		<Realise_en></Realise_en>
		<Liste_des_auteurs>BERTHELÉ, Raoul</Liste_des_auteurs>
		<Type_Doc>NEGATIF N&amp;B</Type_Doc>
		<Support>VERRE</Support>
		<Technique>Photographie N&amp;B</Technique>
		<Format>6 x 9 cm</Format>
		<Cote>49Fi1476</Cote>
		<Observations></Observations>
		<Origine>Don Faucher-Berhelé entré le 10/11/1978.</Origine>
		<Droits_Repro>Domaine public</Droits_Repro>
		<subject></subject>
		<geoname>AIGUES-MORTES (ville);</geoname>
		<persname></persname>
		<corpname></corpname>
	</DocsFigures>
<DocsFigures>
		<Titre>[Enceinte médiévale d&apos;Aigues-Mortes]</Titre>
		<Analyse>Vue de détail d&apos;une partie de l&apos;enceinte médiévale d&apos;Aigues-Mortes (Gard). 
Début du 20e siècle.</Analyse>
		<Realise_en></Realise_en>
		<Liste_des_auteurs>BERTHELÉ, Raoul</Liste_des_auteurs>
		<Type_Doc>NEGATIF N&amp;B</Type_Doc>
		<Support>VERRE</Support>
		<Technique>Photographie N&amp;B</Technique>
		<Format>9 x 6 cm</Format>
		<Cote>49Fi1477</Cote>
		<Observations></Observations>
		<Origine>Don Faucher-Berhelé entré le 10/11/1978.</Origine>
		<Droits_Repro>Domaine public</Droits_Repro>
		<subject></subject>
		<geoname>AIGUES-MORTES (ville);</geoname>
		<persname></persname>
		<corpname></corpname>
	</DocsFigures>
<DocsFigures>
		<Titre>[Enceinte médiévale d&apos;Aigues-Mortes]</Titre>
		<Analyse>Vue générale d&apos;une partie de l&apos;enceinte médiévale d&apos;Aigues-Mortes (Gard) 
Début du 20e siècle.
Au premier plan, la mer.</Analyse>
		<Realise_en></Realise_en>
		<Liste_des_auteurs>BERTHELÉ, Raoul</Liste_des_auteurs>
		<Type_Doc>NEGATIF N&amp;B</Type_Doc>
		<Support>VERRE</Support>
		<Technique>Photographie N&amp;B</Technique>
		<Format>9 x 6 cm</Format>
		<Cote>49Fi1478</Cote>
		<Observations></Observations>
		<Origine>Don Faucher-Berhelé entré le 10/11/1978.</Origine>
		<Droits_Repro>Domaine public</Droits_Repro>
		<subject></subject>
		<geoname>AIGUES-MORTES (ville);</geoname>
		<persname></persname>
		<corpname></corpname>
	</DocsFigures>
<DocsFigures>
		<Titre>[Edifice ancien en ruine]</Titre>
		<Analyse>Vue en contre-plongée d&apos;un édifice ancien en ruine. 
Début du 20e siècle.</Analyse>
		<Realise_en></Realise_en>
		<Liste_des_auteurs>BERTHELÉ, Raoul</Liste_des_auteurs>
		<Type_Doc>NEGATIF N&amp;B</Type_Doc>
		<Support>VERRE</Support>
		<Technique>Photographie N&amp;B</Technique>
		<Format>9 x 6 cm</Format>
		<Cote>49Fi1479</Cote>
		<Observations></Observations>
		<Origine>Don Faucher-Berhelé entré le 10/11/1978.</Origine>
		<Droits_Repro>Domaine public</Droits_Repro>
		<subject></subject>
		<geoname></geoname>
		<persname></persname>
		<corpname></corpname>
	</DocsFigures>
<DocsFigures>
		<Titre>[Palmier sous la neige]</Titre>
		<Analyse>Vue générale d&apos;un palmier sous la neige.. 
Début du 20e siècle..</Analyse>
		<Realise_en></Realise_en>
		<Liste_des_auteurs>BERTHELÉ, Raoul</Liste_des_auteurs>
		<Type_Doc>NEGATIF N&amp;B</Type_Doc>
		<Support>VERRE</Support>
		<Technique>Photographie N&amp;B</Technique>
		<Format>9 x 6 cm</Format>
		<Cote>49Fi1480</Cote>
		<Observations></Observations>
		<Origine>Don Faucher-Berhelé entré le 10/11/1978.</Origine>
		<Droits_Repro>Domaine public</Droits_Repro>
		<subject></subject>
		<geoname></geoname>
		<persname></persname>
		<corpname></corpname>
	</DocsFigures>
<DocsFigures>
		<Titre>[Edifice médiéval gothique]</Titre>
		<Analyse>Vue générale d&apos;une galerie d&apos;un édifice médiéval gothqiue. 
Début du 20e siècle.
Deux femmes posent sous la galerie.</Analyse>
		<Realise_en></Realise_en>
		<Liste_des_auteurs>BERTHELÉ, Raoul</Liste_des_auteurs>
		<Type_Doc>NEGATIF N&amp;B</Type_Doc>
		<Support>VERRE</Support>
		<Technique>Photographie N&amp;B</Technique>
		<Format>6 x 9 cm</Format>
		<Cote>49Fi1481</Cote>
		<Observations></Observations>
		<Origine>Don Faucher-Berhelé entré le 10/11/1978.</Origine>
		<Droits_Repro>Domaine public</Droits_Repro>
		<subject></subject>
		<geoname></geoname>
		<persname></persname>
		<corpname></corpname>
	</DocsFigures>
<DocsFigures>
		<Titre>[Le Grau-du-Roi. Embouchure du Vidourle]</Titre>
		<Analyse>Vue générale de l&apos;embouchure du Vidourle au Grau-du-Roi (Gard). 
Début du 20e siècle.</Analyse>
		<Realise_en></Realise_en>
		<Liste_des_auteurs>BERTHELÉ, Raoul</Liste_des_auteurs>
		<Type_Doc>NEGATIF N&amp;B</Type_Doc>
		<Support>VERRE</Support>
		<Technique>Photographie N&amp;B</Technique>
		<Format>6 x 9 cm</Format>
		<Cote>49Fi1482</Cote>
		<Observations></Observations>
		<Origine>Don Faucher-Berhelé entré le 10/11/1978.</Origine>
		<Droits_Repro>Domaine public</Droits_Repro>
		<subject></subject>
		<geoname>LE GRAU-DU-ROI (ville);</geoname>
		<persname></persname>
		<corpname></corpname>
	</DocsFigures>
<DocsFigures>
		<Titre>[Le Grau-du-Roi. Embouchure du Vidourle]</Titre>
		<Analyse>Vue générale de l&apos;embouchure du Vidourle au Grau-du-Roi (Gard). 
Début du 20e siècle.</Analyse>
		<Realise_en></Realise_en>
		<Liste_des_auteurs>BERTHELÉ, Raoul</Liste_des_auteurs>
		<Type_Doc>NEGATIF N&amp;B</Type_Doc>
		<Support>VERRE</Support>
		<Technique>Photographie N&amp;B</Technique>
		<Format>6 x 9 cm</Format>
		<Cote>49Fi1483</Cote>
		<Observations></Observations>
		<Origine>Don Faucher-Berhelé entré le 10/11/1978.</Origine>
		<Droits_Repro>Domaine public</Droits_Repro>
		<subject></subject>
		<geoname>LE GRAU-DU-ROI (ville);</geoname>
		<persname></persname>
		<corpname></corpname>
	</DocsFigures>
<DocsFigures>
		<Titre>[Portail d&apos;entrée d&apos;une propriété]</Titre>
		<Analyse>Vue d&apos;un portail d&apos;entrée d&apos;une propriété. 
Début du 20e siècle.</Analyse>
		<Realise_en></Realise_en>
		<Liste_des_auteurs>BERTHELÉ, Raoul</Liste_des_auteurs>
		<Type_Doc>NEGATIF N&amp;B</Type_Doc>
		<Support>VERRE</Support>
		<Technique>Photographie N&amp;B</Technique>
		<Format>9 x 6 cm</Format>
		<Cote>49Fi1484</Cote>
		<Observations></Observations>
		<Origine>Don Faucher-Berhelé entré le 10/11/1978.</Origine>
		<Droits_Repro>Domaine public</Droits_Repro>
		<subject></subject>
		<geoname></geoname>
		<persname></persname>
		<corpname></corpname>
	</DocsFigures>
<DocsFigures>
		<Titre>[Plage vue depuis la mer]</Titre>
		<Analyse>Vue d&apos;une plage prise depuis la mer. 
Début du 20e siècle.
Au premier plan les baigneurs.</Analyse>
		<Realise_en></Realise_en>
		<Liste_des_auteurs>BERTHELÉ, Raoul</Liste_des_auteurs>
		<Type_Doc>NEGATIF N&amp;B</Type_Doc>
		<Support>VERRE</Support>
		<Technique>Photographie N&amp;B</Technique>
		<Format>6 x 9 cm</Format>
		<Cote>49Fi1485</Cote>
		<Observations></Observations>
		<Origine>Don Faucher-Berhelé entré le 10/11/1978.</Origine>
		<Droits_Repro>Domaine public</Droits_Repro>
		<subject></subject>
		<geoname></geoname>
		<persname></persname>
		<corpname></corpname>
	</DocsFigures>
<DocsFigures>
		<Titre>[Charette décorée]</Titre>
		<Analyse>Vue générale d&apos;une charette tirée par deux chevaux, décorée probablement en vue d&apos;un défilé. 
Début du 20e siècle.</Analyse>
		<Realise_en></Realise_en>
		<Liste_des_auteurs>BERTHELÉ, Raoul</Liste_des_auteurs>
		<Type_Doc>NEGATIF N&amp;B</Type_Doc>
		<Support>VERRE</Support>
		<Technique>Photographie N&amp;B</Technique>
		<Format>6 x 9 cm</Format>
		<Cote>49Fi1486</Cote>
		<Observations></Observations>
		<Origine>Don Faucher-Berhelé entré le 10/11/1978.</Origine>
		<Droits_Repro>Domaine public</Droits_Repro>
		<subject></subject>
		<geoname></geoname>
		<persname></persname>
		<corpname></corpname>
	</DocsFigures>
<DocsFigures>
		<Titre>[Pont]</Titre>
		<Analyse>Vue en contre-plongée d&apos;un pont. 
Début du 20e siècle.</Analyse>
		<Realise_en></Realise_en>
		<Liste_des_auteurs>BERTHELÉ, Raoul</Liste_des_auteurs>
		<Type_Doc>NEGATIF N&amp;B</Type_Doc>
		<Support>VERRE</Support>
		<Technique>Photographie N&amp;B</Technique>
		<Format>6 x 9 cm</Format>
		<Cote>49Fi1487</Cote>
		<Observations></Observations>
		<Origine>Don Faucher-Berhelé entré le 10/11/1978.</Origine>
		<Droits_Repro>Domaine public</Droits_Repro>
		<subject></subject>
		<geoname></geoname>
		<persname></persname>
		<corpname></corpname>
	</DocsFigures>
<DocsFigures>
		<Titre>[Ane tenu par une femme]</Titre>
		<Analyse>Vue d&apos;un âne tenu par une femme. 
Début du 20e siècle.</Analyse>
		<Realise_en></Realise_en>
		<Liste_des_auteurs>BERTHELÉ, Raoul</Liste_des_auteurs>
		<Type_Doc>NEGATIF N&amp;B</Type_Doc>
		<Support>VERRE</Support>
		<Technique>Photographie N&amp;B</Technique>
		<Format>6 x 9 cm</Format>
		<Cote>49Fi1488</Cote>
		<Observations></Observations>
		<Origine>Don Faucher-Berhelé entré le 10/11/1978.</Origine>
		<Droits_Repro>Domaine public</Droits_Repro>
		<subject></subject>
		<geoname></geoname>
		<persname></persname>
		<corpname></corpname>
	</DocsFigures>
<DocsFigures>
		<Titre>[Cavalier sur sa monture]</Titre>
		<Analyse>Vue d&apos;un cavalier en tenue d&apos;équitation, sur sa monture. 
Début du 20e siècle.
Il tient une cravache à la main.</Analyse>
		<Realise_en></Realise_en>
		<Liste_des_auteurs>BERTHELÉ, Raoul</Liste_des_auteurs>
		<Type_Doc>NEGATIF N&amp;B</Type_Doc>
		<Support>VERRE</Support>
		<Technique>Photographie N&amp;B</Technique>
		<Format>6 x 9 cm</Format>
		<Cote>49Fi1489</Cote>
		<Observations></Observations>
		<Origine>Don Faucher-Berhelé entré le 10/11/1978.</Origine>
		<Droits_Repro>Domaine public</Droits_Repro>
		<subject></subject>
		<geoname></geoname>
		<persname></persname>
		<corpname></corpname>
	</DocsFigures>
<DocsFigures>
		<Titre>[Deux tonneliers devant leur atelier]</Titre>
		<Analyse>Vue générale de deux tonneliers avec leurs outils posant devant leur atelier. 
Début du 20e siècle.</Analyse>
		<Realise_en></Realise_en>
		<Liste_des_auteurs>BERTHELÉ, Raoul</Liste_des_auteurs>
		<Type_Doc>NEGATIF N&amp;B</Type_Doc>
		<Support>VERRE</Support>
		<Technique>Photographie N&amp;B</Technique>
		<Format>6 x 9 cm</Format>
		<Cote>49Fi1490</Cote>
		<Observations></Observations>
		<Origine>Don Faucher-Berhelé entré le 10/11/1978.</Origine>
		<Droits_Repro>Domaine public</Droits_Repro>
		<subject></subject>
		<geoname></geoname>
		<persname></persname>
		<corpname></corpname>
	</DocsFigures>
<DocsFigures>
		<Titre>[Raoul Berthelé adolescent à bicyclette]</Titre>
		<Analyse>Vue de Raoul Berthelé adolescent faisant de la bicyclette avenue de Lodève à Montpellier (Hérault). 
Début du 20e siècle.</Analyse>
		<Realise_en></Realise_en>
		<Liste_des_auteurs>BERTHELÉ, Raoul</Liste_des_auteurs>
		<Type_Doc>NEGATIF N&amp;B</Type_Doc>
		<Support>VERRE</Support>
		<Technique>Photographie N&amp;B</Technique>
		<Format>6 x 9 cm</Format>
		<Cote>49Fi1491</Cote>
		<Observations></Observations>
		<Origine>Don Faucher-Berhelé entré le 10/11/1978.</Origine>
		<Droits_Repro>Domaine public</Droits_Repro>
		<subject></subject>
		<geoname>MONTPELLIER (ville);</geoname>
		<persname>BERTHELE, Raoul;</persname>
		<corpname></corpname>
	</DocsFigures>
<DocsFigures>
		<Titre>[Apéritif entre amis]</Titre>
		<Analyse>Photo de groupe de sept personnes, quatre hommes et trois femmes, attablés pour  l&apos;apéritif. 
Début du 20e siècle.</Analyse>
		<Realise_en></Realise_en>
		<Liste_des_auteurs>BERTHELÉ, Raoul</Liste_des_auteurs>
		<Type_Doc>NEGATIF N&amp;B</Type_Doc>
		<Support>VERRE</Support>
		<Technique>Photographie N&amp;B</Technique>
		<Format>6 x 9 cm</Format>
		<Cote>49Fi1492</Cote>
		<Observations></Observations>
		<Origine>Don Faucher-Berhelé entré le 10/11/1978.</Origine>
		<Droits_Repro>Domaine public</Droits_Repro>
		<subject></subject>
		<geoname></geoname>
		<persname></persname>
		<corpname></corpname>
	</DocsFigures>
<DocsFigures>
		<Titre>[Paysage de campagne]</Titre>
		<Analyse>Vue panoramique d&apos;un paysage de campagne. 
Début du 20e siècle.</Analyse>
		<Realise_en></Realise_en>
		<Liste_des_auteurs>BERTHELÉ, Raoul</Liste_des_auteurs>
		<Type_Doc>NEGATIF N&amp;B</Type_Doc>
		<Support>VERRE</Support>
		<Technique>Photographie N&amp;B</Technique>
		<Format>6 x 9 cm</Format>
		<Cote>49Fi1493</Cote>
		<Observations></Observations>
		<Origine>Don Faucher-Berhelé entré le 10/11/1978.</Origine>
		<Droits_Repro>Domaine public</Droits_Repro>
		<subject></subject>
		<geoname></geoname>
		<persname></persname>
		<corpname></corpname>
	</DocsFigures>
<DocsFigures>
		<Titre>[Edifice public]</Titre>
		<Analyse>Vue générale d&apos;un édifice public 
Début du 20e siècle.</Analyse>
		<Realise_en></Realise_en>
		<Liste_des_auteurs>BERTHELÉ, Raoul</Liste_des_auteurs>
		<Type_Doc>NEGATIF N&amp;B</Type_Doc>
		<Support>VERRE</Support>
		<Technique>Photographie N&amp;B</Technique>
		<Format>9 x 6 cm</Format>
		<Cote>49Fi1494</Cote>
		<Observations></Observations>
		<Origine>Don Faucher-Berhelé entré le 10/11/1978.</Origine>
		<Droits_Repro>Domaine public</Droits_Repro>
		<subject></subject>
		<geoname></geoname>
		<persname></persname>
		<corpname></corpname>
	</DocsFigures>
<DocsFigures>
		<Titre>[Raoul Berthelé enfant déguisé en soldat]</Titre>
		<Analyse>Portrait de Raoul Berthelé enfant déguisé en soldat. 
Début du 20e siècle.
Il porte un crêpe de deuil au bras gauche.</Analyse>
		<Realise_en></Realise_en>
		<Liste_des_auteurs>BERTHELÉ, Raoul</Liste_des_auteurs>
		<Type_Doc>NEGATIF N&amp;B</Type_Doc>
		<Support>VERRE</Support>
		<Technique>Photographie N&amp;B</Technique>
		<Format>9 x 6 cm</Format>
		<Cote>49Fi1495</Cote>
		<Observations></Observations>
		<Origine>Don Faucher-Berhelé entré le 10/11/1978.</Origine>
		<Droits_Repro>Domaine public</Droits_Repro>
		<subject></subject>
		<geoname></geoname>
		<persname>BERTHELE, Raoul;</persname>
		<corpname></corpname>
	</DocsFigures>
<DocsFigures>
		<Titre>[Statue de Jean de Lafontaine à Château-Thierry]</Titre>
		<Analyse>Vue générale de la statue de Jean de la Fontaine à Château-Thierry (Aisne).
Début du 20e siècle.</Analyse>
		<Realise_en></Realise_en>
		<Liste_des_auteurs>BERTHELÉ, Raoul</Liste_des_auteurs>
		<Type_Doc>NEGATIF N&amp;B</Type_Doc>
		<Support>VERRE</Support>
		<Technique>Photographie N&amp;B</Technique>
		<Format>9 x 6 cm</Format>
		<Cote>49Fi1496</Cote>
		<Observations></Observations>
		<Origine>Don Faucher-Berhelé entré le 10/11/1978.</Origine>
		<Droits_Repro>Domaine public</Droits_Repro>
		<subject></subject>
		<geoname>CHATEAU-THIERRY (ville);AISNE (département);</geoname>
		<persname></persname>
		<corpname></corpname>
	</DocsFigures>
<DocsFigures>
		<Titre>[Jeune homme assis]</Titre>
		<Analyse>Portrait d&apos;un jeune homme en costume assis sur un banc dans un jardin. 
Début du 20e siècle.</Analyse>
		<Realise_en></Realise_en>
		<Liste_des_auteurs>BERTHELÉ, Raoul</Liste_des_auteurs>
		<Type_Doc>NEGATIF N&amp;B</Type_Doc>
		<Support>VERRE</Support>
		<Technique>Photographie N&amp;B</Technique>
		<Format>9 x 6 cm</Format>
		<Cote>49Fi1497</Cote>
		<Observations></Observations>
		<Origine>Don Faucher-Berhelé entré le 10/11/1978.</Origine>
		<Droits_Repro>Domaine public</Droits_Repro>
		<subject></subject>
		<geoname></geoname>
		<persname></persname>
		<corpname></corpname>
	</DocsFigures>
<DocsFigures>
		<Titre>[Paysage urbanisé sous la neige]</Titre>
		<Analyse>Vue panoramique d&apos;une ville ou d&apos;un village sous la neige. 
Début du 20e siècle.</Analyse>
		<Realise_en></Realise_en>
		<Liste_des_auteurs>BERTHELÉ, Raoul</Liste_des_auteurs>
		<Type_Doc>NEGATIF N&amp;B</Type_Doc>
		<Support>VERRE</Support>
		<Technique>Photographie N&amp;B</Technique>
		<Format>6 x 9 cm</Format>
		<Cote>49Fi1498</Cote>
		<Observations></Observations>
		<Origine>Don Faucher-Berhelé entré le 10/11/1978.</Origine>
		<Droits_Repro>Domaine public</Droits_Repro>
		<subject></subject>
		<geoname></geoname>
		<persname></persname>
		<corpname></corpname>
	</DocsFigures>
<DocsFigures>
		<Titre>[Eglise de Château-Thierry]</Titre>
		<Analyse>Vue en contre-plongée de l&apos;église de Château-Thierry (Aisne). 
Début du 20e siècle.</Analyse>
		<Realise_en></Realise_en>
		<Liste_des_auteurs>BERTHELÉ, Raoul</Liste_des_auteurs>
		<Type_Doc>NEGATIF N&amp;B</Type_Doc>
		<Support>VERRE</Support>
		<Technique>Photographie N&amp;B</Technique>
		<Format>9 x 6 cm</Format>
		<Cote>49Fi1499</Cote>
		<Observations></Observations>
		<Origine>Don Faucher-Berhelé entré le 10/11/1978.</Origine>
		<Droits_Repro>Domaine public</Droits_Repro>
		<subject></subject>
		<geoname>AISNE (département);CHATEAU-THIERRY (ville);</geoname>
		<persname></persname>
		<corpname></corpname>
	</DocsFigures>
<DocsFigures>
		<Titre>[Jeune femme]</Titre>
		<Analyse>Portrait en plan italien d&apos;une jeune femme adossée à un mur.
Début du 20e siècle.</Analyse>
		<Realise_en></Realise_en>
		<Liste_des_auteurs>BERTHELÉ, Raoul</Liste_des_auteurs>
		<Type_Doc>NEGATIF N&amp;B</Type_Doc>
		<Support>VERRE</Support>
		<Technique>Photographie N&amp;B</Technique>
		<Format>9 x 6 cm</Format>
		<Cote>49Fi1500</Cote>
		<Observations></Observations>
		<Origine>Don Faucher-Berhelé entré le 10/11/1978.</Origine>
		<Droits_Repro>Domaine public</Droits_Repro>
		<subject></subject>
		<geoname></geoname>
		<persname></persname>
		<corpname></corpname>
	</DocsFigures>
<DocsFigures>
		<Titre>[Paris. Exposition universelle 1900. La tour Eiffel]</Titre>
		<Analyse>Vue en contre-plongée de la tour Eiffel lors de l&apos;exposition universelle de 1900 à Paris.
On aperçoit de part et d&apos;autre les différents pavillons.</Analyse>
		<Realise_en>1900</Realise_en>
		<Liste_des_auteurs>BERTHELÉ, Raoul</Liste_des_auteurs>
		<Type_Doc>NEGATIF N&amp;B</Type_Doc>
		<Support>VERRE</Support>
		<Technique>Photographie N&amp;B</Technique>
		<Format>9 x 6 cm</Format>
		<Cote>49Fi1501</Cote>
		<Observations></Observations>
		<Origine>Don Faucher-Berhelé entré le 10/11/1978.</Origine>
		<Droits_Repro>Domaine public</Droits_Repro>
		<subject></subject>
		<geoname>PARIS (ville);</geoname>
		<persname></persname>
		<corpname></corpname>
	</DocsFigures>
<DocsFigures>
		<Titre>[Edifice religieux. Cathédrale ?]</Titre>
		<Analyse>Vue en contre-plongée d&apos;un édifice religieux, probablement une cathédrale. 
Début du 20e siècle.</Analyse>
		<Realise_en></Realise_en>
		<Liste_des_auteurs>BERTHELÉ, Raoul</Liste_des_auteurs>
		<Type_Doc>NEGATIF N&amp;B</Type_Doc>
		<Support>VERRE</Support>
		<Technique>Photographie N&amp;B</Technique>
		<Format>9 x 6 cm</Format>
		<Cote>49Fi1502</Cote>
		<Observations></Observations>
		<Origine>Don Faucher-Berhelé entré le 10/11/1978.</Origine>
		<Droits_Repro>Domaine public</Droits_Repro>
		<subject></subject>
		<geoname></geoname>
		<persname></persname>
		<corpname></corpname>
	</DocsFigures>
<DocsFigures>
		<Titre>[Enfant]</Titre>
		<Analyse>Portrait en pied d&apos;une enfant (Béatrix Berthelé?). 
Début du 20e siècle.</Analyse>
		<Realise_en></Realise_en>
		<Liste_des_auteurs>BERTHELÉ, Raoul</Liste_des_auteurs>
		<Type_Doc>NEGATIF N&amp;B</Type_Doc>
		<Support>VERRE</Support>
		<Technique>Photographie N&amp;B</Technique>
		<Format>9 x 6 cm</Format>
		<Cote>49Fi1503</Cote>
		<Observations></Observations>
		<Origine>Don Faucher-Berhelé entré le 10/11/1978.</Origine>
		<Droits_Repro>Domaine public</Droits_Repro>
		<subject></subject>
		<geoname></geoname>
		<persname></persname>
		<corpname></corpname>
	</DocsFigures>
<DocsFigures>
		<Titre>[Enfant sur un tricycle]</Titre>
		<Analyse>Portrait en pied d&apos;une enfant (Béatrix Berthelé?) sur un tricycle.
Début du 20e siècle.</Analyse>
		<Realise_en></Realise_en>
		<Liste_des_auteurs>BERTHELÉ, Raoul</Liste_des_auteurs>
		<Type_Doc>NEGATIF N&amp;B</Type_Doc>
		<Support>VERRE</Support>
		<Technique>Photographie N&amp;B</Technique>
		<Format>9 x 6 cm</Format>
		<Cote>49Fi1504</Cote>
		<Observations></Observations>
		<Origine>Don Faucher-Berhelé entré le 10/11/1978.</Origine>
		<Droits_Repro>Domaine public</Droits_Repro>
		<subject></subject>
		<geoname></geoname>
		<persname></persname>
		<corpname></corpname>
	</DocsFigures>
<DocsFigures>
		<Titre>[Enfant dans une jardin]</Titre>
		<Analyse>Portrait en pied d&apos;une enfant (Béatrix Berthelé?) dans un jardin. 
Début du 20e siècle.</Analyse>
		<Realise_en></Realise_en>
		<Liste_des_auteurs>BERTHELÉ, Raoul</Liste_des_auteurs>
		<Type_Doc>NEGATIF N&amp;B</Type_Doc>
		<Support>VERRE</Support>
		<Technique>Photographie N&amp;B</Technique>
		<Format>9 x 6 cm</Format>
		<Cote>49Fi1505</Cote>
		<Observations></Observations>
		<Origine>Don Faucher-Berhelé entré le 10/11/1978.</Origine>
		<Droits_Repro>Domaine public</Droits_Repro>
		<subject></subject>
		<geoname></geoname>
		<persname></persname>
		<corpname></corpname>
	</DocsFigures>
<DocsFigures>
		<Titre>[Inscription campanaire]</Titre>
		<Analyse>Vue de détail d&apos;une inscription sur une cloche. 
Début du 20e siècle.</Analyse>
		<Realise_en></Realise_en>
		<Liste_des_auteurs>BERTHELÉ, Raoul</Liste_des_auteurs>
		<Type_Doc>NEGATIF N&amp;B</Type_Doc>
		<Support>VERRE</Support>
		<Technique>Photographie N&amp;B</Technique>
		<Format>13 x 18 cm</Format>
		<Cote>49Fi1506</Cote>
		<Observations></Observations>
		<Origine>Don Faucher-Berhelé entré le 10/11/1978.</Origine>
		<Droits_Repro>Domaine public</Droits_Repro>
		<subject></subject>
		<geoname></geoname>
		<persname></persname>
		<corpname></corpname>
	</DocsFigures>
<DocsFigures>
		<Titre>[Cloche]</Titre>
		<Analyse>Vue générale d&apos;une cloche. 
Début du 20e siècle.</Analyse>
		<Realise_en></Realise_en>
		<Liste_des_auteurs>BERTHELÉ, Raoul</Liste_des_auteurs>
		<Type_Doc>NEGATIF N&amp;B</Type_Doc>
		<Support>VERRE</Support>
		<Technique>Photographie N&amp;B</Technique>
		<Format>18 x 13 cm</Format>
		<Cote>49Fi1507</Cote>
		<Observations></Observations>
		<Origine>Don Faucher-Berhelé entré le 10/11/1978.</Origine>
		<Droits_Repro>Domaine public</Droits_Repro>
		<subject></subject>
		<geoname></geoname>
		<persname></persname>
		<corpname></corpname>
	</DocsFigures>
<DocsFigures>
		<Titre>[Inscription campanaire]</Titre>
		<Analyse>Vue de détail d&apos;une inscription sur une cloche. 
Début du 20e siècle.</Analyse>
		<Realise_en></Realise_en>
		<Liste_des_auteurs>BERTHELÉ, Raoul</Liste_des_auteurs>
		<Type_Doc>NEGATIF N&amp;B</Type_Doc>
		<Support>VERRE</Support>
		<Technique>Photographie N&amp;B</Technique>
		<Format>13 x 18 cm</Format>
		<Cote>49Fi1508</Cote>
		<Observations></Observations>
		<Origine>Don Faucher-Berhelé entré le 10/11/1978.</Origine>
		<Droits_Repro>Domaine public</Droits_Repro>
		<subject></subject>
		<geoname></geoname>
		<persname></persname>
		<corpname></corpname>
	</DocsFigures>
<DocsFigures>
		<Titre>[Inscription campanaire]</Titre>
		<Analyse>Vue de détail d&apos;une inscription sur une cloche. 
Début du 20e siècle.</Analyse>
		<Realise_en></Realise_en>
		<Liste_des_auteurs>BERTHELÉ, Raoul</Liste_des_auteurs>
		<Type_Doc>NEGATIF N&amp;B</Type_Doc>
		<Support>VERRE</Support>
		<Technique>Photographie N&amp;B</Technique>
		<Format>13 x 18 cm</Format>
		<Cote>49Fi1509</Cote>
		<Observations></Observations>
		<Origine>Don Faucher-Berhelé entré le 10/11/1978.</Origine>
		<Droits_Repro>Domaine public</Droits_Repro>
		<subject></subject>
		<geoname></geoname>
		<persname></persname>
		<corpname></corpname>
	</DocsFigures>
<DocsFigures>
		<Titre>[Inscription campanaire]</Titre>
		<Analyse>Vue de détail d&apos;une inscription sur une cloche. 
Début du 20e siècle.</Analyse>
		<Realise_en></Realise_en>
		<Liste_des_auteurs>BERTHELÉ, Raoul</Liste_des_auteurs>
		<Type_Doc>NEGATIF N&amp;B</Type_Doc>
		<Support>VERRE</Support>
		<Technique>Photographie N&amp;B</Technique>
		<Format>13 x 18 cm</Format>
		<Cote>49Fi1510</Cote>
		<Observations></Observations>
		<Origine>Don Faucher-Berhelé entré le 10/11/1978.</Origine>
		<Droits_Repro>Domaine public</Droits_Repro>
		<subject></subject>
		<geoname></geoname>
		<persname></persname>
		<corpname></corpname>
	</DocsFigures>
<DocsFigures>
		<Titre>[Inscription campanaire]</Titre>
		<Analyse>Vue de détail d&apos;une inscription sur une cloche. 
Début du 20e siècle.</Analyse>
		<Realise_en></Realise_en>
		<Liste_des_auteurs>BERTHELÉ, Raoul</Liste_des_auteurs>
		<Type_Doc>NEGATIF N&amp;B</Type_Doc>
		<Support>VERRE</Support>
		<Technique>Photographie N&amp;B</Technique>
		<Format>13 x 18 cm</Format>
		<Cote>49Fi1511</Cote>
		<Observations></Observations>
		<Origine>Don Faucher-Berhelé entré le 10/11/1978.</Origine>
		<Droits_Repro>Domaine public</Droits_Repro>
		<subject></subject>
		<geoname></geoname>
		<persname></persname>
		<corpname></corpname>
	</DocsFigures>
<DocsFigures>
		<Titre>[Inscription campanaire]</Titre>
		<Analyse>Vue de détail d&apos;une inscription sur une cloche. 
Début du 20e siècle..</Analyse>
		<Realise_en></Realise_en>
		<Liste_des_auteurs>BERTHELÉ, Raoul</Liste_des_auteurs>
		<Type_Doc>NEGATIF N&amp;B</Type_Doc>
		<Support>VERRE</Support>
		<Technique>Photographie N&amp;B</Technique>
		<Format>13 x 18 cm</Format>
		<Cote>49Fi1512</Cote>
		<Observations></Observations>
		<Origine>Don Faucher-Berhelé entré le 10/11/1978.</Origine>
		<Droits_Repro>Domaine public</Droits_Repro>
		<subject></subject>
		<geoname></geoname>
		<persname></persname>
		<corpname></corpname>
	</DocsFigures>
<DocsFigures>
		<Titre>[Coucher de soleil sur la mer]</Titre>
		<Analyse>Vue panoramique d&apos;un coucher de soleil sur la mer. 
Début du 20e siècle.</Analyse>
		<Realise_en></Realise_en>
		<Liste_des_auteurs>BERTHELÉ, Raoul</Liste_des_auteurs>
		<Type_Doc>Positif N&amp;B</Type_Doc>
		<Support>VERRE</Support>
		<Technique>Photographie N&amp;B</Technique>
		<Format>13 x 18 cm</Format>
		<Cote>49Fi1513</Cote>
		<Observations>Cadre métallique.</Observations>
		<Origine>Don Faucher-Berhelé entré le 10/11/1978.</Origine>
		<Droits_Repro>Domaine public</Droits_Repro>
		<subject></subject>
		<geoname></geoname>
		<persname></persname>
		<corpname></corpname>
	</DocsFigures>
<DocsFigures>
		<Titre>[Coucher de soleil sur une étendue d&apos;eau]</Titre>
		<Analyse>Vue panoramique d&apos;un coucher de soleil sur un lac ou une rivière. 
Début du 20e siècle.</Analyse>
		<Realise_en></Realise_en>
		<Liste_des_auteurs>BERTHELÉ, Raoul</Liste_des_auteurs>
		<Type_Doc>Positif N&amp;B</Type_Doc>
		<Support>VERRE</Support>
		<Technique>Photographie N&amp;B</Technique>
		<Format>13 x 18 cm</Format>
		<Cote>49Fi1514</Cote>
		<Observations></Observations>
		<Origine>Don Faucher-Berhelé entré le 10/11/1978.</Origine>
		<Droits_Repro>Domaine public</Droits_Repro>
		<subject></subject>
		<geoname></geoname>
		<persname></persname>
		<corpname></corpname>
	</DocsFigures>
<DocsFigures>
		<Titre>[Un avion dans le soleil couchant]</Titre>
		<Analyse>Vue d&apos;un avion en vol dans le soleil couchant. 
Entre 1914 et 1918.
Guerre 1914-1918.</Analyse>
		<Realise_en></Realise_en>
		<Liste_des_auteurs>BERTHELÉ, Raoul</Liste_des_auteurs>
		<Type_Doc>Positif N&amp;B</Type_Doc>
		<Support>VERRE</Support>
		<Technique>Photographie N&amp;B</Technique>
		<Format>18 x 13 cm</Format>
		<Cote>49Fi1515</Cote>
		<Observations>Cadre métallique.</Observations>
		<Origine>Don Faucher-Berhelé entré le 10/11/1978.</Origine>
		<Droits_Repro>Domaine public</Droits_Repro>
		<subject></subject>
		<geoname></geoname>
		<persname></persname>
		<corpname></corpname>
	</DocsFigures>
<DocsFigures>
		<Titre>Ville s/ Cousances. Ambulance et logement des officiers</Titre>
		<Analyse>Vue panoramique de l&apos;ambulance et des logements des officiers à Ville-sur-Cousances (Meuse).
Septembre-octobre 1916. 
Guerre 1914-1918.</Analyse>
		<Realise_en>1916</Realise_en>
		<Liste_des_auteurs>BERTHELÉ, Raoul</Liste_des_auteurs>
		<Type_Doc>Positif N&amp;B</Type_Doc>
		<Support>VERRE</Support>
		<Technique>Photographie N&amp;B</Technique>
		<Format>9 x 18 cm</Format>
		<Cote>49Fi1516</Cote>
		<Observations></Observations>
		<Origine>Don Faucher-Berhelé entré le 10/11/1978.</Origine>
		<Droits_Repro>Domaine public</Droits_Repro>
		<subject></subject>
		<geoname>VILLE-SUR-COUSANCES (village);MEUSE (département);</geoname>
		<persname></persname>
		<corpname></corpname>
	</DocsFigures>
<DocsFigures>
		<Titre>Dieu. Bords de la Meuse. R.B.</Titre>
		<Analyse>Vue panoramique de Raoul Berthelé sur les bords de la Meuse, près de Dieue-sur-Meuse (Meuse).
Entre le 30 septembre 1916 et le 25 janvier 1917.
Guerre 1914-1918.
N° sur la plaque : G 19</Analyse>
		<Realise_en></Realise_en>
		<Liste_des_auteurs>BERTHELÉ, Raoul</Liste_des_auteurs>
		<Type_Doc>Positif N&amp;B</Type_Doc>
		<Support>VERRE</Support>
		<Technique>Photographie N&amp;B</Technique>
		<Format>9 x 18 cm</Format>
		<Cote>49Fi1517</Cote>
		<Observations></Observations>
		<Origine>Don Faucher-Berhelé entré le 10/11/1978.</Origine>
		<Droits_Repro>Domaine public</Droits_Repro>
		<subject></subject>
		<geoname>MEUSE (département);DIEUE-SUR-MEUSE (village);</geoname>
		<persname>BERTHELE, Raoul;</persname>
		<corpname></corpname>
	</DocsFigures>
<DocsFigures>
		<Titre>Louppy-le-Petit [Louppy-sur-Chée]. Auto canon. 112 inft.</Titre>
		<Analyse>Vue panoramique d&apos;une auto-canon entourée par les soldats du 112e d&apos;infanterie à Louppy-sur-Chée (Meuse).
1916. 
Guerre 1914-1918.
N° sur la plaque : G 16</Analyse>
		<Realise_en>1916</Realise_en>
		<Liste_des_auteurs>BERTHELÉ, Raoul</Liste_des_auteurs>
		<Type_Doc>Positif N&amp;B</Type_Doc>
		<Support>VERRE</Support>
		<Technique>Photographie N&amp;B</Technique>
		<Format>9 x 18 cm</Format>
		<Cote>49Fi1518</Cote>
		<Observations>Même cliché que le 49Fi1887.</Observations>
		<Origine>Don Faucher-Berhelé entré le 10/11/1978.</Origine>
		<Droits_Repro>Domaine public</Droits_Repro>
		<subject></subject>
		<geoname>LOUPPY-SUR-CHEE (hameau);MEUSE (département);</geoname>
		<persname></persname>
		<corpname></corpname>
	</DocsFigures>
<DocsFigures>
		<Titre>Louppy-le-petit [Louppy-sur-Chée]. L&apos;église</Titre>
		<Analyse>Vue panoramique de l&apos;église de Louppy-sur-Chée (Meuse) autour de laquelle se sont regroupés des militaires français.
Entre 1914 et 1918. 
Guerre 1914-1918.
N° sur la plaque : G 17</Analyse>
		<Realise_en></Realise_en>
		<Liste_des_auteurs>BERTHELÉ, Raoul</Liste_des_auteurs>
		<Type_Doc>Positif N&amp;B</Type_Doc>
		<Support>VERRE</Support>
		<Technique>Photographie N&amp;B</Technique>
		<Format>9 x 18 cm</Format>
		<Cote>49Fi1519</Cote>
		<Observations></Observations>
		<Origine>Don Faucher-Berhelé entré le 10/11/1978.</Origine>
		<Droits_Repro>Domaine public</Droits_Repro>
		<subject></subject>
		<geoname>MEUSE (département);LOUPPY-SUR-CHEE (hameau);</geoname>
		<persname></persname>
		<corpname></corpname>
	</DocsFigures>
<DocsFigures>
		<Titre>[L&apos;église de Rembertcourt-aux-Pots]</Titre>
		<Analyse>Vue panoramique de l&apos;église de Rembercourt-aux-Pots (Meuse) au milieu des ruines.
Octobre-novembre 1916.
Guerre 1914-1918.</Analyse>
		<Realise_en>1916</Realise_en>
		<Liste_des_auteurs>BERTHELÉ, Raoul</Liste_des_auteurs>
		<Type_Doc>Positif N&amp;B</Type_Doc>
		<Support>VERRE</Support>
		<Technique>Photographie N&amp;B</Technique>
		<Format>9 x 18 cm</Format>
		<Cote>49Fi1520</Cote>
		<Observations></Observations>
		<Origine>Don Faucher-Berhelé entré le 10/11/1978.</Origine>
		<Droits_Repro>Domaine public</Droits_Repro>
		<subject></subject>
		<geoname>REMBERCOURT-AUX-POTS (hameau);MEUSE (département);</geoname>
		<persname></persname>
		<corpname></corpname>
	</DocsFigures>
<DocsFigures>
		<Titre>Dieue. 12/1/1917. La Meuse et Ancemont par la neige</Titre>
		<Analyse>Vue panoramique de la Meuse et du village d&apos;Ancemont (Meuse) sous la neige.
1917.
Guerre 1914-1918.
N° sur la plaque : G 20</Analyse>
		<Realise_en>1917</Realise_en>
		<Liste_des_auteurs>BERTHELÉ, Raoul</Liste_des_auteurs>
		<Type_Doc>Positif N&amp;B</Type_Doc>
		<Support>VERRE</Support>
		<Technique>Photographie N&amp;B</Technique>
		<Format>9 x 18 cm</Format>
		<Cote>49Fi1521</Cote>
		<Observations></Observations>
		<Origine>Don Faucher-Berhelé entré le 10/11/1978.</Origine>
		<Droits_Repro>Domaine public</Droits_Repro>
		<subject></subject>
		<geoname>ANCEMONT (village);MEUSE (département);</geoname>
		<persname></persname>
		<corpname></corpname>
	</DocsFigures>
<DocsFigures>
		<Titre>Laimont. Intérieur de L&apos;église. G14</Titre>
		<Analyse>Vue panoramique de l&apos;intérieur en ruine de l&apos;église de Laimont (Meuse).
1916.
Guerre 1914-1918.
N° sur la plaque : G 14</Analyse>
		<Realise_en>1916</Realise_en>
		<Liste_des_auteurs>BERTHELÉ, Raoul</Liste_des_auteurs>
		<Type_Doc>Positif N&amp;B</Type_Doc>
		<Support>VERRE</Support>
		<Technique>Photographie N&amp;B</Technique>
		<Format>18 x 9 cm</Format>
		<Cote>49Fi1522</Cote>
		<Observations></Observations>
		<Origine>Don Faucher-Berhelé entré le 10/11/1978.</Origine>
		<Droits_Repro>Domaine public</Droits_Repro>
		<subject></subject>
		<geoname>LAIMONT (village);MEUSE (département);</geoname>
		<persname></persname>
		<corpname></corpname>
	</DocsFigures>
<DocsFigures>
		<Titre>Laimont. Intérieur de L&apos;église. G12</Titre>
		<Analyse>Vue panoramique de l&apos;intérieur en ruine de l&apos;église de Laimont (Meuse).
1916.
Guerre 1914-1918.
N° sur la plaque : G 12</Analyse>
		<Realise_en>1916</Realise_en>
		<Liste_des_auteurs>BERTHELÉ, Raoul</Liste_des_auteurs>
		<Type_Doc>Positif N&amp;B</Type_Doc>
		<Support>VERRE</Support>
		<Technique>Photographie N&amp;B</Technique>
		<Format>9 x 18 cm</Format>
		<Cote>49Fi1523</Cote>
		<Observations></Observations>
		<Origine>Don Faucher-Berhelé entré le 10/11/1978.</Origine>
		<Droits_Repro>Domaine public</Droits_Repro>
		<subject></subject>
		<geoname>MEUSE (département);LAIMONT (village);</geoname>
		<persname></persname>
		<corpname></corpname>
	</DocsFigures>
<DocsFigures>
		<Titre>Laimont. Eglise. G15.</Titre>
		<Analyse>Vue panoramique de l&apos;extérieur de l&apos;église de Laimont (Meuse).
1916.
Guerre 1914-1918.
N° sur la plaque : G 15</Analyse>
		<Realise_en>1916</Realise_en>
		<Liste_des_auteurs>BERTHELÉ, Raoul</Liste_des_auteurs>
		<Type_Doc>Positif N&amp;B</Type_Doc>
		<Support>VERRE</Support>
		<Technique>Photographie N&amp;B</Technique>
		<Format>9 x 18 cm</Format>
		<Cote>49Fi1524</Cote>
		<Observations></Observations>
		<Origine>Don Faucher-Berhelé entré le 10/11/1978.</Origine>
		<Droits_Repro>Domaine public</Droits_Repro>
		<subject></subject>
		<geoname>LAIMONT (village);MEUSE (département);</geoname>
		<persname></persname>
		<corpname></corpname>
	</DocsFigures>
<DocsFigures>
		<Titre>Louppy le Petit [Louppy-sur-Chée]. Panorama</Titre>
		<Analyse>Vue panoramique du village de Louppy-sur-Chée (Meuse) au milieu d&apos;arbres.
Entre 1914 et 1918.
Guerre 1914-1918.
N° sur la plaque : G 18</Analyse>
		<Realise_en></Realise_en>
		<Liste_des_auteurs>BERTHELÉ, Raoul</Liste_des_auteurs>
		<Type_Doc>Positif N&amp;B</Type_Doc>
		<Support>VERRE</Support>
		<Technique>Photographie N&amp;B</Technique>
		<Format>9 x 18 cm</Format>
		<Cote>49Fi1525</Cote>
		<Observations></Observations>
		<Origine>Don Faucher-Berhelé entré le 10/11/1978.</Origine>
		<Droits_Repro>Domaine public</Droits_Repro>
		<subject></subject>
		<geoname>LOUPPY-SUR-CHEE (hameau);MEUSE (département);</geoname>
		<persname></persname>
		<corpname></corpname>
	</DocsFigures>
<DocsFigures>
		<Titre>Laimont. Intérieur de L&apos;église. G13.</Titre>
		<Analyse>Vue panoramique de l&apos;intérieur en ruine de l&apos;église de Laimont (Meuse).
1916.
Guerre 1914-1918.
N° sur la plaque : G 13</Analyse>
		<Realise_en>1916</Realise_en>
		<Liste_des_auteurs>BERTHELÉ, Raoul</Liste_des_auteurs>
		<Type_Doc>Positif N&amp;B</Type_Doc>
		<Support>VERRE</Support>
		<Technique>Photographie N&amp;B</Technique>
		<Format>9 x 18 cm</Format>
		<Cote>49Fi1526</Cote>
		<Observations></Observations>
		<Origine>Don Faucher-Berhelé entré le 10/11/1978.</Origine>
		<Droits_Repro>Domaine public</Droits_Repro>
		<subject></subject>
		<geoname>LAIMONT (village);MEUSE (département);</geoname>
		<persname></persname>
		<corpname></corpname>
	</DocsFigures>
<DocsFigures>
		<Titre>27/10/1915. Trains blindés. Canons de 400</Titre>
		<Analyse>Vue panoramique d&apos;un train blindé armé de canons de 400 sous des filets de camouflages.
27 octobre 1915.
Guerre 1914-1918.</Analyse>
		<Realise_en>1915</Realise_en>
		<Liste_des_auteurs>BERTHELÉ, Raoul</Liste_des_auteurs>
		<Type_Doc>Positif N&amp;B</Type_Doc>
		<Support>VERRE</Support>
		<Technique>Photographie N&amp;B</Technique>
		<Format>9 x 18 cm</Format>
		<Cote>49Fi1527</Cote>
		<Observations></Observations>
		<Origine>Don Faucher-Berhelé entré le 10/11/1978.</Origine>
		<Droits_Repro>Domaine public</Droits_Repro>
		<subject></subject>
		<geoname></geoname>
		<persname></persname>
		<corpname></corpname>
	</DocsFigures>
<DocsFigures>
		<Titre>Statuette Chaldéo-Babylonnienne vêtue de la tunique de Kaunakes.</Titre>
		<Analyse>Reproduction d&apos;une gravure représentant une statuette Chaldéo-Babylonnienne vêtue de la tunique de Kaunakes.
Début du 20e siècle.</Analyse>
		<Realise_en></Realise_en>
		<Liste_des_auteurs>BERTHELÉ, Raoul</Liste_des_auteurs>
		<Type_Doc>NEGATIF N&amp;B</Type_Doc>
		<Support>VERRE</Support>
		<Technique>Photographie N&amp;B</Technique>
		<Format>12 x 9 cm</Format>
		<Cote>49Fi1528</Cote>
		<Observations></Observations>
		<Origine>Don Faucher-Berhelé entré le 10/11/1978.</Origine>
		<Droits_Repro>Domaine public</Droits_Repro>
		<subject></subject>
		<geoname></geoname>
		<persname></persname>
		<corpname></corpname>
	</DocsFigures>
<DocsFigures>
		<Titre>L&apos;antiquité Chaldéo-Assyrienne à l&apos;exposition universelle de 1889.
</Titre>
		<Analyse>Reproduction d&apos;une gravure représentant l&apos;antiquité Chaldéo-Assyrienne à l&apos;exposition universelle de 1889.
Début du 20e siècle.</Analyse>
		<Realise_en></Realise_en>
		<Liste_des_auteurs>BERTHELÉ, Raoul</Liste_des_auteurs>
		<Type_Doc>NEGATIF N&amp;B</Type_Doc>
		<Support>VERRE</Support>
		<Technique>Photographie N&amp;B</Technique>
		<Format>12 x 9 cm</Format>
		<Cote>49Fi1529</Cote>
		<Observations></Observations>
		<Origine>Don Faucher-Berhelé entré le 10/11/1978.</Origine>
		<Droits_Repro>Domaine public</Droits_Repro>
		<subject></subject>
		<geoname></geoname>
		<persname></persname>
		<corpname></corpname>
	</DocsFigures>
<DocsFigures>
		<Titre>La momie de Ramsès II, la tête vue de face (abimée).</Titre>
		<Analyse>Reproduction de la tête vue de face (abimée) de la  momie de Ramsès II.
Début du 20e siècle.</Analyse>
		<Realise_en></Realise_en>
		<Liste_des_auteurs>BERTHELÉ, Raoul</Liste_des_auteurs>
		<Type_Doc>NEGATIF N&amp;B</Type_Doc>
		<Support>VERRE</Support>
		<Technique>Photographie N&amp;B</Technique>
		<Format>12 x 9 cm</Format>
		<Cote>49Fi1530</Cote>
		<Observations></Observations>
		<Origine>Don Faucher-Berhelé entré le 10/11/1978.</Origine>
		<Droits_Repro>Domaine public</Droits_Repro>
		<subject></subject>
		<geoname></geoname>
		<persname></persname>
		<corpname></corpname>
	</DocsFigures>
<DocsFigures>
		<Titre>Les muses d&apos;Athènes.
</Titre>
		<Analyse>Reproduction d&apos;une gravure des muses d&apos;Athènes.
Début du 20e siècle.</Analyse>
		<Realise_en></Realise_en>
		<Liste_des_auteurs>BERTHELÉ, Raoul</Liste_des_auteurs>
		<Type_Doc>NEGATIF N&amp;B</Type_Doc>
		<Support>VERRE</Support>
		<Technique>Photographie N&amp;B</Technique>
		<Format>12 x 9 cm</Format>
		<Cote>49Fi1531</Cote>
		<Observations></Observations>
		<Origine>Don Faucher-Berhelé entré le 10/11/1978.</Origine>
		<Droits_Repro>Domaine public</Droits_Repro>
		<subject></subject>
		<geoname></geoname>
		<persname></persname>
		<corpname></corpname>
	</DocsFigures>
<DocsFigures>
		<Titre>Fouilles de 1889 en Chaldée.</Titre>
		<Analyse>Reproduction de deux photographies de fouilles en Chaldée.
Image 1 : Massif de Goudéo : palais de Tello.
Image 2 : Pilier complètement dégagé.
Début du 20e siècle.</Analyse>
		<Realise_en></Realise_en>
		<Liste_des_auteurs>BERTHELÉ, Raoul</Liste_des_auteurs>
		<Type_Doc>NEGATIF N&amp;B</Type_Doc>
		<Support>VERRE</Support>
		<Technique>Photographie N&amp;B</Technique>
		<Format>12 x 9 cm</Format>
		<Cote>49Fi1532</Cote>
		<Observations></Observations>
		<Origine>Don Faucher-Berhelé entré le 10/11/1978.</Origine>
		<Droits_Repro>Domaine public</Droits_Repro>
		<subject></subject>
		<geoname></geoname>
		<persname></persname>
		<corpname></corpname>
	</DocsFigures>
<DocsFigures>
		<Titre>Fouilles de 1889 en Chaldée.</Titre>
		<Analyse>Reproduction de deux photographies de fouilles en Chaldée.
Pilier de brique : deux aspects.
Début du 20e siècle.</Analyse>
		<Realise_en></Realise_en>
		<Liste_des_auteurs>BERTHELÉ, Raoul</Liste_des_auteurs>
		<Type_Doc>NEGATIF N&amp;B</Type_Doc>
		<Support>VERRE</Support>
		<Technique>Photographie N&amp;B</Technique>
		<Format>12 x 9 cm</Format>
		<Cote>49Fi1533</Cote>
		<Observations></Observations>
		<Origine>Don Faucher-Berhelé entré le 10/11/1978.</Origine>
		<Droits_Repro>Domaine public</Droits_Repro>
		<subject></subject>
		<geoname></geoname>
		<persname></persname>
		<corpname></corpname>
	</DocsFigures>
<DocsFigures>
		<Titre>Tête de la victoire de Paeonios.</Titre>
		<Analyse>Reproduction dans la &quot;Gazette des beaux arts&quot; de la tête de la victoire de Paeonios.
Deux vues, une de face, l&apos;autre de profil.
Début du 20e siècle.</Analyse>
		<Realise_en></Realise_en>
		<Liste_des_auteurs>BERTHELÉ, Raoul</Liste_des_auteurs>
		<Type_Doc>NEGATIF N&amp;B</Type_Doc>
		<Support>VERRE</Support>
		<Technique>Photographie N&amp;B</Technique>
		<Format>12 x 9 cm</Format>
		<Cote>49Fi1534</Cote>
		<Observations></Observations>
		<Origine>Don Faucher-Berhelé entré le 10/11/1978.</Origine>
		<Droits_Repro>Domaine public</Droits_Repro>
		<subject></subject>
		<geoname></geoname>
		<persname></persname>
		<corpname></corpname>
	</DocsFigures>
<DocsFigures>
		<Titre>[Statue]</Titre>
		<Analyse>Reproduction d&apos;une statue dans : &quot;Histoire de l&apos;art&quot; tome VIII de chez Hachette.
Début du 20e siècle.</Analyse>
		<Realise_en></Realise_en>
		<Liste_des_auteurs>BERTHELÉ, Raoul</Liste_des_auteurs>
		<Type_Doc>NEGATIF N&amp;B</Type_Doc>
		<Support>VERRE</Support>
		<Technique>Photographie N&amp;B</Technique>
		<Format>12 x 9 cm</Format>
		<Cote>49Fi1535</Cote>
		<Observations></Observations>
		<Origine>Don Faucher-Berhelé entré le 10/11/1978.</Origine>
		<Droits_Repro>Domaine public</Droits_Repro>
		<subject></subject>
		<geoname></geoname>
		<persname></persname>
		<corpname></corpname>
	</DocsFigures>
<DocsFigures>
		<Titre>Tête de Héra.</Titre>
		<Analyse>Reproduction de la tête de Héra de face dans un livre.
Début du 20e siècle.</Analyse>
		<Realise_en></Realise_en>
		<Liste_des_auteurs>BERTHELÉ, Raoul</Liste_des_auteurs>
		<Type_Doc>NEGATIF N&amp;B</Type_Doc>
		<Support>VERRE</Support>
		<Technique>Photographie N&amp;B</Technique>
		<Format>12 x 9 cm</Format>
		<Cote>49Fi1536</Cote>
		<Observations></Observations>
		<Origine>Don Faucher-Berhelé entré le 10/11/1978.</Origine>
		<Droits_Repro>Domaine public</Droits_Repro>
		<subject></subject>
		<geoname></geoname>
		<persname></persname>
		<corpname></corpname>
	</DocsFigures>
<DocsFigures>
		<Titre>Tête de Zeus.</Titre>
		<Analyse>Reproduction de la tête de Zeus dans le : &quot;Courrier de l&apos;art antique&quot;..
Deux vues, une de face, l&apos;autre de profil.
Début du 20e siècle.</Analyse>
		<Realise_en></Realise_en>
		<Liste_des_auteurs>BERTHELÉ, Raoul</Liste_des_auteurs>
		<Type_Doc>NEGATIF N&amp;B</Type_Doc>
		<Support>VERRE</Support>
		<Technique>Photographie N&amp;B</Technique>
		<Format>12 x 9 cm</Format>
		<Cote>49Fi1537</Cote>
		<Observations></Observations>
		<Origine>Don Faucher-Berhelé entré le 10/11/1978.</Origine>
		<Droits_Repro>Domaine public</Droits_Repro>
		<subject></subject>
		<geoname></geoname>
		<persname></persname>
		<corpname></corpname>
	</DocsFigures>
<DocsFigures>
		<Titre>Tête de Héra.</Titre>
		<Analyse>Reproduction de la tête de Héra de profil dans un livre.
Début du 20e siècle.</Analyse>
		<Realise_en></Realise_en>
		<Liste_des_auteurs>BERTHELÉ, Raoul</Liste_des_auteurs>
		<Type_Doc>NEGATIF N&amp;B</Type_Doc>
		<Support>VERRE</Support>
		<Technique>Photographie N&amp;B</Technique>
		<Format>12 x 9 cm</Format>
		<Cote>49Fi1538</Cote>
		<Observations></Observations>
		<Origine>Don Faucher-Berhelé entré le 10/11/1978.</Origine>
		<Droits_Repro>Domaine public</Droits_Repro>
		<subject></subject>
		<geoname></geoname>
		<persname></persname>
		<corpname></corpname>
	</DocsFigures>
<DocsFigures>
		<Titre>Tête de la victoire de Paeonios.</Titre>
		<Analyse>Reproduction de profil de la tête de la victoire de Paeonios dans le  : &quot;Courrier de l&apos;art antique&quot;.
Début du 20e siècle.</Analyse>
		<Realise_en></Realise_en>
		<Liste_des_auteurs>BERTHELÉ, Raoul</Liste_des_auteurs>
		<Type_Doc>NEGATIF N&amp;B</Type_Doc>
		<Support>VERRE</Support>
		<Technique>Photographie N&amp;B</Technique>
		<Format>12 x 9 cm</Format>
		<Cote>49Fi1539</Cote>
		<Observations></Observations>
		<Origine>Don Faucher-Berhelé entré le 10/11/1978.</Origine>
		<Droits_Repro>Domaine public</Droits_Repro>
		<subject></subject>
		<geoname></geoname>
		<persname></persname>
		<corpname></corpname>
	</DocsFigures>
<DocsFigures>
		<Titre>Dos de Caryatides.</Titre>
		<Analyse>Dos de trois Caryatides différentes.
Début du 20e siècle.</Analyse>
		<Realise_en></Realise_en>
		<Liste_des_auteurs>BERTHELÉ, Raoul</Liste_des_auteurs>
		<Type_Doc>NEGATIF N&amp;B</Type_Doc>
		<Support>VERRE</Support>
		<Technique>Photographie N&amp;B</Technique>
		<Format>12 x 9 cm</Format>
		<Cote>49Fi1540</Cote>
		<Observations></Observations>
		<Origine>Don Faucher-Berhelé entré le 10/11/1978.</Origine>
		<Droits_Repro>Domaine public</Droits_Repro>
		<subject></subject>
		<geoname></geoname>
		<persname></persname>
		<corpname></corpname>
	</DocsFigures>
<DocsFigures>
		<Titre>[Photographie de fouilles]</Titre>
		<Analyse>Reproduction d&apos;une photographie d&apos;un important chantier de fouilles.
Début du 20e siècle.</Analyse>
		<Realise_en></Realise_en>
		<Liste_des_auteurs>BERTHELÉ, Raoul</Liste_des_auteurs>
		<Type_Doc>NEGATIF N&amp;B</Type_Doc>
		<Support>VERRE</Support>
		<Technique>Photographie N&amp;B</Technique>
		<Format>12 x 9 cm</Format>
		<Cote>49Fi1541</Cote>
		<Observations></Observations>
		<Origine>Don Faucher-Berhelé entré le 10/11/1978.</Origine>
		<Droits_Repro>Domaine public</Droits_Repro>
		<subject></subject>
		<geoname></geoname>
		<persname></persname>
		<corpname></corpname>
	</DocsFigures>
<DocsFigures>
		<Titre>[Héros grecs]</Titre>
		<Analyse>Reproduction de photographies représentant des héros grecs. (Une de face, l&apos;autre de dos).
Début du 20e siècle.</Analyse>
		<Realise_en></Realise_en>
		<Liste_des_auteurs>BERTHELÉ, Raoul</Liste_des_auteurs>
		<Type_Doc>NEGATIF N&amp;B</Type_Doc>
		<Support>VERRE</Support>
		<Technique>Photographie N&amp;B</Technique>
		<Format>12 x 9 cm</Format>
		<Cote>49Fi1542</Cote>
		<Observations></Observations>
		<Origine>Don Faucher-Berhelé entré le 10/11/1978.</Origine>
		<Droits_Repro>Domaine public</Droits_Repro>
		<subject></subject>
		<geoname></geoname>
		<persname></persname>
		<corpname></corpname>
	</DocsFigures>
<DocsFigures>
		<Titre>Acolyte de la déesse aux serpents. (En faïence).</Titre>
		<Analyse>Reproduction de photographies représentant la déesse aux serpents. (Une de face, l&apos;autre de profil).
Début du 20e siècle.</Analyse>
		<Realise_en></Realise_en>
		<Liste_des_auteurs>BERTHELÉ, Raoul</Liste_des_auteurs>
		<Type_Doc>NEGATIF N&amp;B</Type_Doc>
		<Support>VERRE</Support>
		<Technique>Photographie N&amp;B</Technique>
		<Format>12 x 9 cm</Format>
		<Cote>49Fi1543</Cote>
		<Observations></Observations>
		<Origine>Don Faucher-Berhelé entré le 10/11/1978.</Origine>
		<Droits_Repro>Domaine public</Droits_Repro>
		<subject></subject>
		<geoname></geoname>
		<persname></persname>
		<corpname></corpname>
	</DocsFigures>
<DocsFigures>
		<Titre>Petite statue d&apos;homme.</Titre>
		<Analyse>Reproduction de photographies représentant une petite statue d&apos;homme et des fragments de sculptures.
Début du 20e siècle.</Analyse>
		<Realise_en></Realise_en>
		<Liste_des_auteurs>BERTHELÉ, Raoul</Liste_des_auteurs>
		<Type_Doc>NEGATIF N&amp;B</Type_Doc>
		<Support>VERRE</Support>
		<Technique>Photographie N&amp;B</Technique>
		<Format>12 x 9 cm</Format>
		<Cote>49Fi1544</Cote>
		<Observations></Observations>
		<Origine>Don Faucher-Berhelé entré le 10/11/1978.</Origine>
		<Droits_Repro>Domaine public</Droits_Repro>
		<subject></subject>
		<geoname></geoname>
		<persname></persname>
		<corpname></corpname>
	</DocsFigures>
<DocsFigures>
		<Titre>[Famille Berthelé Faucher]</Titre>
		<Analyse>Cette plaque stéréoscopique est composée de deux vues différentes
A droite, trois femmes assises dans un jardin.
A gauche, une jeune fille perchée sur une échelle métallique.
Début du 20e siècle.</Analyse>
		<Realise_en></Realise_en>
		<Liste_des_auteurs>BERTHELÉ, Raoul</Liste_des_auteurs>
		<Type_Doc>NEGATIF N&amp;B</Type_Doc>
		<Support>VERRE</Support>
		<Technique>Photographie stéréo</Technique>
		<Format>4 x 10 cm</Format>
		<Cote>49Fi1545</Cote>
		<Observations></Observations>
		<Origine>Don Faucher-Berhelé entré le 10/11/1978.</Origine>
		<Droits_Repro>Domaine public</Droits_Repro>
		<subject></subject>
		<geoname></geoname>
		<persname></persname>
		<corpname></corpname>
	</DocsFigures>
<DocsFigures>
		<Titre>[Une femme assise sur une chaise d&apos;arbitre de tennis]</Titre>
		<Analyse>Cette plaque stéréoscopique d&apos;une femme assise sur une chaise d&apos;arbitre de tennis est composée d&apos;une seule vue à gauche.
Début du 20e siècle.</Analyse>
		<Realise_en></Realise_en>
		<Liste_des_auteurs>BERTHELÉ, Raoul</Liste_des_auteurs>
		<Type_Doc>NEGATIF N&amp;B</Type_Doc>
		<Support>VERRE</Support>
		<Technique>Photographie stéréo</Technique>
		<Format>4 x 10 cm</Format>
		<Cote>49Fi1546</Cote>
		<Observations></Observations>
		<Origine>Don Faucher-Berhelé entré le 10/11/1978.</Origine>
		<Droits_Repro>Domaine public</Droits_Repro>
		<subject></subject>
		<geoname></geoname>
		<persname></persname>
		<corpname></corpname>
	</DocsFigures>
<DocsFigures>
		<Titre>[Une femme assise sur un banc]</Titre>
		<Analyse>Cette plaque stéréoscopique d&apos;une femme assise sur un banc est composée d&apos;une seule vue exploitable à gauche. La vue de droite est inutilisable.
Début du 20e siècle.</Analyse>
		<Realise_en></Realise_en>
		<Liste_des_auteurs>BERTHELÉ, Raoul</Liste_des_auteurs>
		<Type_Doc>NEGATIF N&amp;B</Type_Doc>
		<Support>VERRE</Support>
		<Technique>Photographie stéréo</Technique>
		<Format>4 x 10 cm</Format>
		<Cote>49Fi1547</Cote>
		<Observations></Observations>
		<Origine>Don Faucher-Berhelé entré le 10/11/1978.</Origine>
		<Droits_Repro>Domaine public</Droits_Repro>
		<subject></subject>
		<geoname></geoname>
		<persname></persname>
		<corpname></corpname>
	</DocsFigures>
<DocsFigures>
		<Titre>[Groupe de quatre femmes dans un jardin]</Titre>
		<Analyse>Cette plaque stéréoscopique est composée de deux vues différentes :
A droite, deux femmes assisses et deux debout.
A gauche, une femme assise et trois debout.
Début du 20e siècle.</Analyse>
		<Realise_en></Realise_en>
		<Liste_des_auteurs>BERTHELÉ, Raoul</Liste_des_auteurs>
		<Type_Doc>NEGATIF N&amp;B</Type_Doc>
		<Support>VERRE</Support>
		<Technique>Photographie stéréo</Technique>
		<Format>4 x 10 cm</Format>
		<Cote>49Fi1548</Cote>
		<Observations></Observations>
		<Origine>Don Faucher-Berhelé entré le 10/11/1978.</Origine>
		<Droits_Repro>Domaine public</Droits_Repro>
		<subject></subject>
		<geoname></geoname>
		<persname></persname>
		<corpname></corpname>
	</DocsFigures>
<DocsFigures>
		<Titre>Château-Thierry. Grand mère Berthelé</Titre>
		<Analyse>Portrait de la grand-mère paternelle de Raoul Berthelé sur le seuil de la porte de sa maison à Château-Thierry (Aisne).
1916.
Guerre 1914-1918.</Analyse>
		<Realise_en>1916</Realise_en>
		<Liste_des_auteurs>BERTHELÉ, Raoul</Liste_des_auteurs>
		<Type_Doc>NEGATIF N&amp;B</Type_Doc>
		<Support>VERRE</Support>
		<Technique>Photographie stéréo</Technique>
		<Format>4 x 10 cm</Format>
		<Cote>49Fi1549</Cote>
		<Observations>Même cliché que le 49Fi1875/131.</Observations>
		<Origine>Don Faucher-Berhelé entré le 10/11/1978.</Origine>
		<Droits_Repro>Domaine public</Droits_Repro>
		<subject></subject>
		<geoname>CHATEAU-THIERRY (ville);AISNE (département);</geoname>
		<persname></persname>
		<corpname></corpname>
	</DocsFigures>
<DocsFigures>
		<Titre>[Ecclésiastique dans un médaillon]</Titre>
		<Analyse>Portrait de profil d&apos;un ecclésiastique dans un médaillon. (Bas relief)
Début du 20e siècle.
Mention : &quot;Car didelot, can archip. Valen&quot;.</Analyse>
		<Realise_en></Realise_en>
		<Liste_des_auteurs>BERTHELÉ, Raoul</Liste_des_auteurs>
		<Type_Doc>NEGATIF N&amp;B</Type_Doc>
		<Support>VERRE</Support>
		<Technique>Photographie N&amp;B</Technique>
		<Format>12 x 9 cm</Format>
		<Cote>49Fi1550</Cote>
		<Observations>Médaillon identique : 49Fi1553 et 49Fi1567.</Observations>
		<Origine>Don Faucher-Berhelé entré le 10/11/1978.</Origine>
		<Droits_Repro>Domaine public</Droits_Repro>
		<subject></subject>
		<geoname></geoname>
		<persname></persname>
		<corpname></corpname>
	</DocsFigures>
<DocsFigures>
		<Titre>[Montpellier. Place de la comédie]</Titre>
		<Analyse>Un groupe de personnes pose devant la fontaine de la place de la Comédie à Monpellier (Hérault).
Début du 20e siècle.</Analyse>
		<Realise_en></Realise_en>
		<Liste_des_auteurs>BERTHELÉ, Raoul</Liste_des_auteurs>
		<Type_Doc>NEGATIF N&amp;B</Type_Doc>
		<Support>VERRE</Support>
		<Technique>Photographie N&amp;B</Technique>
		<Format>12 x 9 cm</Format>
		<Cote>49Fi1551</Cote>
		<Observations>La plaque est en très mauvais état : rayures, gélatine arrachée, en plusieurs morceaux.</Observations>
		<Origine>Don Faucher-Berhelé entré le 10/11/1978.</Origine>
		<Droits_Repro>Domaine public</Droits_Repro>
		<subject></subject>
		<geoname>MONTPELLIER (ville);</geoname>
		<persname></persname>
		<corpname></corpname>
	</DocsFigures>
<DocsFigures>
		<Titre>[Deux hommes jeunes sur des bicyclettes]</Titre>
		<Analyse>Deux hommes jeunes sur des bicyclettes posent devant un immeuble.
Début du 20e siècle.</Analyse>
		<Realise_en></Realise_en>
		<Liste_des_auteurs>BERTHELÉ, Raoul</Liste_des_auteurs>
		<Type_Doc>NEGATIF N&amp;B</Type_Doc>
		<Support>VERRE</Support>
		<Technique>Photographie N&amp;B</Technique>
		<Format>9 x 12 cm</Format>
		<Cote>49Fi1552</Cote>
		<Observations>La gélatine est en très mauvais état dans la partie basse de la plaque.</Observations>
		<Origine>Don Faucher-Berhelé entré le 10/11/1978.</Origine>
		<Droits_Repro>Domaine public</Droits_Repro>
		<subject></subject>
		<geoname></geoname>
		<persname></persname>
		<corpname></corpname>
	</DocsFigures>
<DocsFigures>
		<Titre>[Ecclésiastique dans un médaillon]</Titre>
		<Analyse>Portrait de profil d&apos;un ecclésiastique dans un médaillon. (Bas relief)
Début du 20e siècle.
Mention : &quot;Car didelot, can archip. Valen&quot;.</Analyse>
		<Realise_en></Realise_en>
		<Liste_des_auteurs>BERTHELÉ, Raoul</Liste_des_auteurs>
		<Type_Doc>NEGATIF N&amp;B</Type_Doc>
		<Support>VERRE</Support>
		<Technique>Photographie N&amp;B</Technique>
		<Format>12 x 9 cm</Format>
		<Cote>49Fi1553</Cote>
		<Observations>Médaillon identique : 49Fi1550 et 49Fi1567.</Observations>
		<Origine>Don Faucher-Berhelé entré le 10/11/1978.</Origine>
		<Droits_Repro>Domaine public</Droits_Repro>
		<subject></subject>
		<geoname></geoname>
		<persname></persname>
		<corpname></corpname>
	</DocsFigures>
<DocsFigures>
		<Titre>[Carnaval ou corso fleuri]</Titre>
		<Analyse>Une voiture fleurie traverse la foule.
Début du 20e siècle.</Analyse>
		<Realise_en></Realise_en>
		<Liste_des_auteurs>BERTHELÉ, Raoul</Liste_des_auteurs>
		<Type_Doc>NEGATIF N&amp;B</Type_Doc>
		<Support>VERRE</Support>
		<Technique>Photographie N&amp;B</Technique>
		<Format>9 x 12 cm</Format>
		<Cote>49Fi1554</Cote>
		<Observations>La plaque est inexploitable et floue.</Observations>
		<Origine>Don Faucher-Berhelé entré le 10/11/1978.</Origine>
		<Droits_Repro>Domaine public</Droits_Repro>
		<subject></subject>
		<geoname></geoname>
		<persname></persname>
		<corpname></corpname>
	</DocsFigures>
<DocsFigures>
		<Titre>Inexploitable</Titre>
		<Analyse>L&apos;image est floue et on ne distingue rien.
Début du 20e siècle.</Analyse>
		<Realise_en></Realise_en>
		<Liste_des_auteurs>BERTHELÉ, Raoul</Liste_des_auteurs>
		<Type_Doc>NEGATIF N&amp;B</Type_Doc>
		<Support>VERRE</Support>
		<Technique>Photographie N&amp;B</Technique>
		<Format>9 x 12 cm</Format>
		<Cote>49Fi1555</Cote>
		<Observations></Observations>
		<Origine>Don Faucher-Berhelé entré le 10/11/1978.</Origine>
		<Droits_Repro>Domaine public</Droits_Repro>
		<subject></subject>
		<geoname></geoname>
		<persname></persname>
		<corpname></corpname>
	</DocsFigures>
<DocsFigures>
		<Titre>[Un homme pose dans un parc]</Titre>
		<Analyse>Un homme pose dans un parc avec des habitations en arrière plan.
Début du 20e siècle.</Analyse>
		<Realise_en></Realise_en>
		<Liste_des_auteurs>BERTHELÉ, Raoul</Liste_des_auteurs>
		<Type_Doc>NEGATIF N&amp;B</Type_Doc>
		<Support>VERRE</Support>
		<Technique>Photographie N&amp;B</Technique>
		<Format>9 x 12 cm</Format>
		<Cote>49Fi1556</Cote>
		<Observations>La plaque est rayée et la gélatine en très mauvais état.</Observations>
		<Origine>Don Faucher-Berhelé entré le 10/11/1978.</Origine>
		<Droits_Repro>Domaine public</Droits_Repro>
		<subject></subject>
		<geoname></geoname>
		<persname></persname>
		<corpname></corpname>
	</DocsFigures>
<DocsFigures>
		<Titre>[Deux hommes sur une barque]</Titre>
		<Analyse>Deux hommes sur une barque font du canotage sur un étang.
Début du 20e siècle.</Analyse>
		<Realise_en></Realise_en>
		<Liste_des_auteurs>BERTHELÉ, Raoul</Liste_des_auteurs>
		<Type_Doc>NEGATIF N&amp;B</Type_Doc>
		<Support>VERRE</Support>
		<Technique>Photographie N&amp;B</Technique>
		<Format>9 x 12 cm</Format>
		<Cote>49Fi1557</Cote>
		<Observations></Observations>
		<Origine>Don Faucher-Berhelé entré le 10/11/1978.</Origine>
		<Droits_Repro>Domaine public</Droits_Repro>
		<subject></subject>
		<geoname></geoname>
		<persname></persname>
		<corpname></corpname>
	</DocsFigures>
<DocsFigures>
		<Titre>[Terrasse d&apos;un café]</Titre>
		<Analyse>Plusieurs consommateurs attablés à la terrasse d&apos;un café qui surplombe un parc.
Début du 20e siècle.</Analyse>
		<Realise_en></Realise_en>
		<Liste_des_auteurs>BERTHELÉ, Raoul</Liste_des_auteurs>
		<Type_Doc>NEGATIF N&amp;B</Type_Doc>
		<Support>VERRE</Support>
		<Technique>Photographie N&amp;B</Technique>
		<Format>9 x 12 cm</Format>
		<Cote>49Fi1558</Cote>
		<Observations></Observations>
		<Origine>Don Faucher-Berhelé entré le 10/11/1978.</Origine>
		<Droits_Repro>Domaine public</Droits_Repro>
		<subject></subject>
		<geoname></geoname>
		<persname></persname>
		<corpname></corpname>
	</DocsFigures>
<DocsFigures>
		<Titre>[Deux hommes sur une barque]</Titre>
		<Analyse>Deux hommes sur une barque font du canotage sur un étang.
Début du 20e siècle.</Analyse>
		<Realise_en></Realise_en>
		<Liste_des_auteurs>BERTHELÉ, Raoul</Liste_des_auteurs>
		<Type_Doc>NEGATIF N&amp;B</Type_Doc>
		<Support>VERRE</Support>
		<Technique>Photographie N&amp;B</Technique>
		<Format>9 x 12 cm</Format>
		<Cote>49Fi1559</Cote>
		<Observations>La gélatine est abimée par endroit.</Observations>
		<Origine>Don Faucher-Berhelé entré le 10/11/1978.</Origine>
		<Droits_Repro>Domaine public</Droits_Repro>
		<subject></subject>
		<geoname></geoname>
		<persname></persname>
		<corpname></corpname>
	</DocsFigures>
<DocsFigures>
		<Titre>[Deux femmes dans un jardin]</Titre>
		<Analyse>INEXPLOITABLE.
Début du 20e siècle.</Analyse>
		<Realise_en></Realise_en>
		<Liste_des_auteurs>BERTHELÉ, Raoul</Liste_des_auteurs>
		<Type_Doc>NEGATIF N&amp;B</Type_Doc>
		<Support>VERRE</Support>
		<Technique>Photographie N&amp;B</Technique>
		<Format>9 x 12 cm</Format>
		<Cote>49Fi1560</Cote>
		<Observations>INEXPLOITABLE.</Observations>
		<Origine>Don Faucher-Berhelé entré le 10/11/1978.</Origine>
		<Droits_Repro>Domaine public</Droits_Repro>
		<subject></subject>
		<geoname></geoname>
		<persname></persname>
		<corpname></corpname>
	</DocsFigures>
<DocsFigures>
		<Titre>[Groupe dans un jardin]</Titre>
		<Analyse>Un groupe de personnes pose dans un jardin.
Début du 20e siècle.</Analyse>
		<Realise_en></Realise_en>
		<Liste_des_auteurs>BERTHELÉ, Raoul</Liste_des_auteurs>
		<Type_Doc>NEGATIF N&amp;B</Type_Doc>
		<Support>VERRE</Support>
		<Technique>Photographie N&amp;B</Technique>
		<Format>9 x 12 cm</Format>
		<Cote>49Fi1561</Cote>
		<Observations>La plaque est en très mauvais état.</Observations>
		<Origine>Don Faucher-Berhelé entré le 10/11/1978.</Origine>
		<Droits_Repro>Domaine public</Droits_Repro>
		<subject></subject>
		<geoname></geoname>
		<persname></persname>
		<corpname></corpname>
	</DocsFigures>
<DocsFigures>
		<Titre>[Photo de famille]</Titre>
		<Analyse>Un groupe de personnes pose au bord d&apos;une rivière.
Début du 20e siècle.</Analyse>
		<Realise_en></Realise_en>
		<Liste_des_auteurs>BERTHELÉ, Raoul</Liste_des_auteurs>
		<Type_Doc>NEGATIF N&amp;B</Type_Doc>
		<Support>VERRE</Support>
		<Technique>Photographie N&amp;B</Technique>
		<Format>9 x 12 cm</Format>
		<Cote>49Fi1562</Cote>
		<Observations>La plaque est rayée et la gélatine en très mauvais état.</Observations>
		<Origine>Don Faucher-Berhelé entré le 10/11/1978.</Origine>
		<Droits_Repro>Domaine public</Droits_Repro>
		<subject></subject>
		<geoname></geoname>
		<persname></persname>
		<corpname></corpname>
	</DocsFigures>
<DocsFigures>
		<Titre>[Photo de famille]</Titre>
		<Analyse>Un groupe de personnes, deux femmes assises et un jeune homme debout, pose dans un jardin.
Début du 20e siècle.</Analyse>
		<Realise_en></Realise_en>
		<Liste_des_auteurs>BERTHELÉ, Raoul</Liste_des_auteurs>
		<Type_Doc>NEGATIF N&amp;B</Type_Doc>
		<Support>VERRE</Support>
		<Technique>Photographie N&amp;B</Technique>
		<Format>12 x 9 cm</Format>
		<Cote>49Fi1563</Cote>
		<Observations></Observations>
		<Origine>Don Faucher-Berhelé entré le 10/11/1978.</Origine>
		<Droits_Repro>Domaine public</Droits_Repro>
		<subject></subject>
		<geoname></geoname>
		<persname></persname>
		<corpname></corpname>
	</DocsFigures>
<DocsFigures>
		<Titre>[Deux femmes dans un jardin]</Titre>
		<Analyse>Deux femmes dans un jardin, l&apos;une d&apos;elle essaye de monter sur un vélo.
Début du 20e siècle.</Analyse>
		<Realise_en></Realise_en>
		<Liste_des_auteurs>BERTHELÉ, Raoul</Liste_des_auteurs>
		<Type_Doc>NEGATIF N&amp;B</Type_Doc>
		<Support>VERRE</Support>
		<Technique>Photographie N&amp;B</Technique>
		<Format>9 x 12 cm</Format>
		<Cote>49Fi1564</Cote>
		<Observations>La gélatine est en très mauvais état.</Observations>
		<Origine>Don Faucher-Berhelé entré le 10/11/1978.</Origine>
		<Droits_Repro>Domaine public</Droits_Repro>
		<subject></subject>
		<geoname></geoname>
		<persname></persname>
		<corpname></corpname>
	</DocsFigures>
<DocsFigures>
		<Titre>[Portrait d&apos;une femme âgée]</Titre>
		<Analyse>Portrait d&apos;une femme âgée assise sur des marches.
Début du 20e siècle.</Analyse>
		<Realise_en></Realise_en>
		<Liste_des_auteurs>BERTHELÉ, Raoul</Liste_des_auteurs>
		<Type_Doc>NEGATIF N&amp;B</Type_Doc>
		<Support>VERRE</Support>
		<Technique>Photographie N&amp;B</Technique>
		<Format>12 x 9 cm</Format>
		<Cote>49Fi1565</Cote>
		<Observations></Observations>
		<Origine>Don Faucher-Berhelé entré le 10/11/1978.</Origine>
		<Droits_Repro>Domaine public</Droits_Repro>
		<subject></subject>
		<geoname></geoname>
		<persname></persname>
		<corpname></corpname>
	</DocsFigures>
<DocsFigures>
		<Titre>[Empreinte d&apos;un dessin sur une cloche?]</Titre>
		<Analyse>Reproduction d&apos;une empreinte d&apos;un dessin.
Début du 20e siècle.</Analyse>
		<Realise_en></Realise_en>
		<Liste_des_auteurs>BERTHELÉ, Raoul</Liste_des_auteurs>
		<Type_Doc>NEGATIF N&amp;B</Type_Doc>
		<Support>VERRE</Support>
		<Technique>Photographie N&amp;B</Technique>
		<Format>12 x 9 cm</Format>
		<Cote>49Fi1566</Cote>
		<Observations></Observations>
		<Origine>Don Faucher-Berhelé entré le 10/11/1978.</Origine>
		<Droits_Repro>Domaine public</Droits_Repro>
		<subject></subject>
		<geoname></geoname>
		<persname></persname>
		<corpname></corpname>
	</DocsFigures>
<DocsFigures>
		<Titre>[Ecclésiastique dans un médaillon]</Titre>
		<Analyse>Portrait de profil d&apos;un ecclésiastique dans un médaillon. (Bas relief)
Début du 20e siècle.
Mention : &quot;Car didelot, can archip. Valen&quot;.</Analyse>
		<Realise_en></Realise_en>
		<Liste_des_auteurs>BERTHELÉ, Raoul</Liste_des_auteurs>
		<Type_Doc>NEGATIF N&amp;B</Type_Doc>
		<Support>VERRE</Support>
		<Technique>Photographie N&amp;B</Technique>
		<Format>12 x 9 cm</Format>
		<Cote>49Fi1567</Cote>
		<Observations>Médaillon identique : 49Fi1550 et 49Fi1553.</Observations>
		<Origine>Don Faucher-Berhelé entré le 10/11/1978.</Origine>
		<Droits_Repro>Domaine public</Droits_Repro>
		<subject></subject>
		<geoname></geoname>
		<persname></persname>
		<corpname></corpname>
	</DocsFigures>
<DocsFigures>
		<Titre>[Reproduction d&apos;une statuette]</Titre>
		<Analyse>Reproduction d&apos;une statue dans : &quot;Histoire de l&apos;art&quot; tome VIII de chez Hachette.
Début du 20e siècle.</Analyse>
		<Realise_en></Realise_en>
		<Liste_des_auteurs>BERTHELÉ, Raoul</Liste_des_auteurs>
		<Type_Doc>NEGATIF N&amp;B</Type_Doc>
		<Support>VERRE</Support>
		<Technique>Photographie N&amp;B</Technique>
		<Format>12 x 9 cm</Format>
		<Cote>49Fi1568</Cote>
		<Observations></Observations>
		<Origine>Don Faucher-Berhelé entré le 10/11/1978.</Origine>
		<Droits_Repro>Domaine public</Droits_Repro>
		<subject></subject>
		<geoname></geoname>
		<persname></persname>
		<corpname></corpname>
	</DocsFigures>
<DocsFigures>
		<Titre>[Empreinte d&apos;un dessin sur une cloche?]</Titre>
		<Analyse>Reproduction d&apos;une empreinte en relief d&apos;un dessin.
Début du 20e siècle.</Analyse>
		<Realise_en></Realise_en>
		<Liste_des_auteurs>BERTHELÉ, Raoul</Liste_des_auteurs>
		<Type_Doc>NEGATIF N&amp;B</Type_Doc>
		<Support>VERRE</Support>
		<Technique>Photographie N&amp;B</Technique>
		<Format>9 x 12 cm</Format>
		<Cote>49Fi1569</Cote>
		<Observations></Observations>
		<Origine>Don Faucher-Berhelé entré le 10/11/1978.</Origine>
		<Droits_Repro>Domaine public</Droits_Repro>
		<subject></subject>
		<geoname></geoname>
		<persname></persname>
		<corpname></corpname>
	</DocsFigures>
<DocsFigures>
		<Titre>Statue restituée de Zeus.</Titre>
		<Analyse>Reproduction de la statue restituée de Zeus dans la : &quot;Gazette des Beaux-Arts&quot;.
Début du 20e siècle.</Analyse>
		<Realise_en></Realise_en>
		<Liste_des_auteurs>BERTHELÉ, Raoul</Liste_des_auteurs>
		<Type_Doc>NEGATIF N&amp;B</Type_Doc>
		<Support>VERRE</Support>
		<Technique>Photographie N&amp;B</Technique>
		<Format>9 x 12 cm</Format>
		<Cote>49Fi1570</Cote>
		<Observations></Observations>
		<Origine>Don Faucher-Berhelé entré le 10/11/1978.</Origine>
		<Droits_Repro>Domaine public</Droits_Repro>
		<subject></subject>
		<geoname></geoname>
		<persname></persname>
		<corpname></corpname>
	</DocsFigures>
<DocsFigures>
		<Titre>Statue de femme.</Titre>
		<Analyse>Reproduction de la statue d&apos;une femme sans tête assise sur un trône.
Début du 20e siècle.</Analyse>
		<Realise_en></Realise_en>
		<Liste_des_auteurs>BERTHELÉ, Raoul</Liste_des_auteurs>
		<Type_Doc>NEGATIF N&amp;B</Type_Doc>
		<Support>VERRE</Support>
		<Technique>Photographie N&amp;B</Technique>
		<Format>9 x 12 cm</Format>
		<Cote>49Fi1571</Cote>
		<Observations>Don Faucher-Berhelé entré le 10/11/1978.</Observations>
		<Origine>Don Faucher-Berhelé entré le 10/11/1978.</Origine>
		<Droits_Repro>Domaine public</Droits_Repro>
		<subject></subject>
		<geoname></geoname>
		<persname></persname>
		<corpname></corpname>
	</DocsFigures>
<DocsFigures>
		<Titre>Temple d&apos;Arthémis Leucophryne.</Titre>
		<Analyse>Reproduction de deux fragments de frise.
Début du 20e siècle.</Analyse>
		<Realise_en></Realise_en>
		<Liste_des_auteurs>BERTHELÉ, Raoul</Liste_des_auteurs>
		<Type_Doc>NEGATIF N&amp;B</Type_Doc>
		<Support>VERRE</Support>
		<Technique>Photographie N&amp;B</Technique>
		<Format>12 x 9 cm</Format>
		<Cote>49Fi1572</Cote>
		<Observations></Observations>
		<Origine>Don Faucher-Berhelé entré le 10/11/1978.</Origine>
		<Droits_Repro>Domaine public</Droits_Repro>
		<subject></subject>
		<geoname></geoname>
		<persname></persname>
		<corpname></corpname>
	</DocsFigures>
<DocsFigures>
		<Titre>La momie de Ramsès II.</Titre>
		<Analyse>Reproduction de la momie de Ramsès II dans la : &quot;Revue archéologique de 1886&quot;. Vue d&apos;ensemble.
Début du 20e siècle.</Analyse>
		<Realise_en></Realise_en>
		<Liste_des_auteurs>BERTHELÉ, Raoul</Liste_des_auteurs>
		<Type_Doc>NEGATIF N&amp;B</Type_Doc>
		<Support>VERRE</Support>
		<Technique>Photographie N&amp;B</Technique>
		<Format>12 x 9 cm</Format>
		<Cote>49Fi1573</Cote>
		<Observations></Observations>
		<Origine>Don Faucher-Berhelé entré le 10/11/1978.</Origine>
		<Droits_Repro>Domaine public</Droits_Repro>
		<subject></subject>
		<geoname></geoname>
		<persname></persname>
		<corpname></corpname>
	</DocsFigures>
<DocsFigures>
		<Titre>Grand vase en argile de Cnosse.</Titre>
		<Analyse>Reproduction d&apos;un grand vase en argile de Cnosse, peint et à reliefs.
Début du 20e siècle. </Analyse>
		<Realise_en></Realise_en>
		<Liste_des_auteurs>BERTHELÉ, Raoul</Liste_des_auteurs>
		<Type_Doc>NEGATIF N&amp;B</Type_Doc>
		<Support>VERRE</Support>
		<Technique>Photographie N&amp;B</Technique>
		<Format>12 x 9 cm</Format>
		<Cote>49Fi1574</Cote>
		<Observations></Observations>
		<Origine>Don Faucher-Berhelé entré le 10/11/1978.</Origine>
		<Droits_Repro>Domaine public</Droits_Repro>
		<subject></subject>
		<geoname></geoname>
		<persname></persname>
		<corpname></corpname>
	</DocsFigures>
<DocsFigures>
		<Titre>L&apos;architecte Chaldéen.</Titre>
		<Analyse>Reproduction d&apos;une gravure représentant de profil un architecte Chaldéen assis avec des tablettes sur les genoux.
Début du 20e siècle. </Analyse>
		<Realise_en></Realise_en>
		<Liste_des_auteurs>BERTHELÉ, Raoul</Liste_des_auteurs>
		<Type_Doc>NEGATIF N&amp;B</Type_Doc>
		<Support>VERRE</Support>
		<Technique>Photographie N&amp;B</Technique>
		<Format>12 x 9 cm</Format>
		<Cote>49Fi1575</Cote>
		<Observations></Observations>
		<Origine>Don Faucher-Berhelé entré le 10/11/1978.</Origine>
		<Droits_Repro>Domaine public</Droits_Repro>
		<subject></subject>
		<geoname></geoname>
		<persname></persname>
		<corpname></corpname>
	</DocsFigures>
<DocsFigures>
		<Titre>[Elévation de la façade d&apos;un temple]</Titre>
		<Analyse>Reproduction d&apos;une gravure représentant l&apos;elévation de la façade d&apos;un temple dans : &quot;L&apos;atlas d&apos;Olympie&quot;. 
Début du 20e siècle. </Analyse>
		<Realise_en></Realise_en>
		<Liste_des_auteurs>BERTHELÉ, Raoul</Liste_des_auteurs>
		<Type_Doc>NEGATIF N&amp;B</Type_Doc>
		<Support>VERRE</Support>
		<Technique>Photographie N&amp;B</Technique>
		<Format>12 x 9 cm</Format>
		<Cote>49Fi1576</Cote>
		<Observations></Observations>
		<Origine>Don Faucher-Berhelé entré le 10/11/1978.</Origine>
		<Droits_Repro>Domaine public</Droits_Repro>
		<subject></subject>
		<geoname></geoname>
		<persname></persname>
		<corpname></corpname>
	</DocsFigures>
<DocsFigures>
		<Titre>Fouilles dOlympie.</Titre>
		<Analyse>Reproduction d&apos;une gravure représentant un plan de l&apos;état actuel des fouilles à Olympie.
Début du 20e siècle. </Analyse>
		<Realise_en></Realise_en>
		<Liste_des_auteurs>BERTHELÉ, Raoul</Liste_des_auteurs>
		<Type_Doc>NEGATIF N&amp;B</Type_Doc>
		<Support>VERRE</Support>
		<Technique>Photographie N&amp;B</Technique>
		<Format>12 x 9 cm</Format>
		<Cote>49Fi1577</Cote>
		<Observations></Observations>
		<Origine>Don Faucher-Berhelé entré le 10/11/1978.</Origine>
		<Droits_Repro>Domaine public</Droits_Repro>
		<subject></subject>
		<geoname></geoname>
		<persname></persname>
		<corpname></corpname>
	</DocsFigures>
<DocsFigures>
		<Titre>Restitution de la victoire de Paenios.</Titre>
		<Analyse>Reproduction d&apos;une gravure représentant une restitution de la statue de la victoire de Paenios.
Début du 20e siècle. </Analyse>
		<Realise_en></Realise_en>
		<Liste_des_auteurs>BERTHELÉ, Raoul</Liste_des_auteurs>
		<Type_Doc>NEGATIF N&amp;B</Type_Doc>
		<Support>VERRE</Support>
		<Technique>Photographie N&amp;B</Technique>
		<Format>12 x 9 cm</Format>
		<Cote>49Fi1578</Cote>
		<Observations></Observations>
		<Origine>Don Faucher-Berhelé entré le 10/11/1978.</Origine>
		<Droits_Repro>Domaine public</Droits_Repro>
		<subject></subject>
		<geoname></geoname>
		<persname></persname>
		<corpname></corpname>
	</DocsFigures>
<DocsFigures>
		<Titre>[Baignade]</Titre>
		<Analyse>Bain de mer en famille. Valras?
Début du 20e siècle. </Analyse>
		<Realise_en></Realise_en>
		<Liste_des_auteurs>BERTHELÉ, Raoul</Liste_des_auteurs>
		<Type_Doc>NEGATIF N&amp;B</Type_Doc>
		<Support>VERRE</Support>
		<Technique>Photographie N&amp;B</Technique>
		<Format>9 x 12 cm</Format>
		<Cote>49Fi1579</Cote>
		<Observations>De nombreuses rayures sur la plaque.</Observations>
		<Origine>Don Faucher-Berhelé entré le 10/11/1978.</Origine>
		<Droits_Repro>Domaine public</Droits_Repro>
		<subject></subject>
		<geoname></geoname>
		<persname></persname>
		<corpname></corpname>
	</DocsFigures>
<DocsFigures>
		<Titre>[Transport en commun hippomobile]</Titre>
		<Analyse>Transport en commun hippomobile surchargé à l&apos;arrêt avec des gens sur la galerie.
Début du 20e siècle. </Analyse>
		<Realise_en></Realise_en>
		<Liste_des_auteurs>BERTHELÉ, Raoul</Liste_des_auteurs>
		<Type_Doc>NEGATIF N&amp;B</Type_Doc>
		<Support>VERRE</Support>
		<Technique>Photographie N&amp;B</Technique>
		<Format>9 x 12 cm</Format>
		<Cote>49Fi1580</Cote>
		<Observations></Observations>
		<Origine>Don Faucher-Berhelé entré le 10/11/1978.</Origine>
		<Droits_Repro>Domaine public</Droits_Repro>
		<subject></subject>
		<geoname></geoname>
		<persname></persname>
		<corpname></corpname>
	</DocsFigures>
<DocsFigures>
		<Titre>[Groupe de gens faisant le fête]</Titre>
		<Analyse>Groupe de gens faisant le fête sur la plage.
Début du 20e siècle. </Analyse>
		<Realise_en></Realise_en>
		<Liste_des_auteurs>BERTHELÉ, Raoul</Liste_des_auteurs>
		<Type_Doc>NEGATIF N&amp;B</Type_Doc>
		<Support>VERRE</Support>
		<Technique>Photographie N&amp;B</Technique>
		<Format>9 x 12 cm</Format>
		<Cote>49Fi1581</Cote>
		<Observations>Les deux personnes en premier plan sont floues.</Observations>
		<Origine>Don Faucher-Berhelé entré le 10/11/1978.</Origine>
		<Droits_Repro>Domaine public</Droits_Repro>
		<subject></subject>
		<geoname></geoname>
		<persname></persname>
		<corpname></corpname>
	</DocsFigures>
<DocsFigures>
		<Titre>[Groupe de personnes]</Titre>
		<Analyse>Groupe de personnes sur la plage.
Début du 20e siècle. </Analyse>
		<Realise_en></Realise_en>
		<Liste_des_auteurs>BERTHELÉ, Raoul</Liste_des_auteurs>
		<Type_Doc>NEGATIF N&amp;B</Type_Doc>
		<Support>VERRE</Support>
		<Technique>Photographie N&amp;B</Technique>
		<Format>9 x 12 cm</Format>
		<Cote>49Fi1582</Cote>
		<Observations></Observations>
		<Origine>Don Faucher-Berhelé entré le 10/11/1978.</Origine>
		<Droits_Repro>Domaine public</Droits_Repro>
		<subject></subject>
		<geoname></geoname>
		<persname></persname>
		<corpname></corpname>
	</DocsFigures>
<DocsFigures>
		<Titre>[Groupe de personnes]</Titre>
		<Analyse>Trois personnes traversent un chenal.
Début du 20e siècle. </Analyse>
		<Realise_en></Realise_en>
		<Liste_des_auteurs>BERTHELÉ, Raoul</Liste_des_auteurs>
		<Type_Doc>NEGATIF N&amp;B</Type_Doc>
		<Support>VERRE</Support>
		<Technique>Photographie N&amp;B</Technique>
		<Format>9 x 12 cm</Format>
		<Cote>49Fi1583</Cote>
		<Observations></Observations>
		<Origine>Don Faucher-Berhelé entré le 10/11/1978.</Origine>
		<Droits_Repro>Domaine public</Droits_Repro>
		<subject></subject>
		<geoname></geoname>
		<persname></persname>
		<corpname></corpname>
	</DocsFigures>
<DocsFigures>
		<Titre>[Portrait d&apos;un homme assis]</Titre>
		<Analyse>Portrait d&apos;un homme assis tenant un panneau avec un poisson dessiné pour le premier avril.
Début du 20e siècle. </Analyse>
		<Realise_en></Realise_en>
		<Liste_des_auteurs>BERTHELÉ, Raoul</Liste_des_auteurs>
		<Type_Doc>NEGATIF N&amp;B</Type_Doc>
		<Support>VERRE</Support>
		<Technique>Photographie N&amp;B</Technique>
		<Format>12 x 9 cm</Format>
		<Cote>49Fi1584</Cote>
		<Observations></Observations>
		<Origine>Don Faucher-Berhelé entré le 10/11/1978.</Origine>
		<Droits_Repro>Domaine public</Droits_Repro>
		<subject></subject>
		<geoname></geoname>
		<persname></persname>
		<corpname></corpname>
	</DocsFigures>
<DocsFigures>
		<Titre>Berzy. Sondage. X de Massia. R. Berthelé. Millet et Noyer</Titre>
		<Analyse>Photo de groupe prise dans un poste de sondage près de Berzy-le-Sec (Aisne).
1917. 
Guerre 1914-1918.
Dans cette photo on voit  MM. X de Massia, Berthelé, Millet et Noyer.</Analyse>
		<Realise_en>1917</Realise_en>
		<Liste_des_auteurs>BERTHELÉ, Raoul</Liste_des_auteurs>
		<Type_Doc>PHOTOGRAPHIE N&amp;B</Type_Doc>
		<Support>PAPIER</Support>
		<Technique>Photographie stéréo </Technique>
		<Format>4,5 x 10,7 cm</Format>
		<Cote>49Fi1586</Cote>
		<Observations></Observations>
		<Origine>Don Faucher-Berhelé entré le 10/11/1978.</Origine>
		<Droits_Repro>Domaine public</Droits_Repro>
		<subject>GUERRE 1914-1918;</subject>
		<geoname>BERZY-LE-SEC (village);AISNE (département);</geoname>
		<persname></persname>
		<corpname></corpname>
	</DocsFigures>
<DocsFigures>
		<Titre>Ville sur Cousances. Logement des officiers</Titre>
		<Analyse>Vue d&apos;ensemble des logements des officiers de l&apos;Ambulance à Ville-sur-Cousances (Meuse).
Septembre-octobre 1916. 
Guerre 1914-1918.</Analyse>
		<Realise_en>1916</Realise_en>
		<Liste_des_auteurs>BERTHELÉ, Raoul</Liste_des_auteurs>
		<Type_Doc>PHOTOGRAPHIE N&amp;B</Type_Doc>
		<Support>PAPIER</Support>
		<Technique>Photographie stéréo </Technique>
		<Format>4,5 x 10,7 cm</Format>
		<Cote>49Fi1588</Cote>
		<Observations></Observations>
		<Origine>Don Faucher-Berhelé entré le 10/11/1978.</Origine>
		<Droits_Repro>Domaine public</Droits_Repro>
		<subject>GUERRE 1914-1918;</subject>
		<geoname>VILLE-SUR-COUSANCES (village);MEUSE (département);</geoname>
		<persname></persname>
		<corpname></corpname>
	</DocsFigures>
<DocsFigures>
		<Titre>Dieue. 16/01/1917. Général de Maud&apos;huy. Lieutenant de Vaisseau Hébert</Titre>
		<Analyse>&quot;exercices de gymnastique&quot;
Vue d&apos;ensemble d&apos;exercices de gymnastique près de Dieue-sur-Meuse (Meuse),  dirigés par le général Maud&apos;huy et le lieutenant de Vaisseau Hébert.
16 janvier 1917. 
Guerre 1914-1918.</Analyse>
		<Realise_en>1917</Realise_en>
		<Liste_des_auteurs>BERTHELÉ, Raoul</Liste_des_auteurs>
		<Type_Doc>PHOTOGRAPHIE N&amp;B</Type_Doc>
		<Support>PAPIER</Support>
		<Technique>Photographie stéréo </Technique>
		<Format>4,5 x 10,7 cm</Format>
		<Cote>49Fi1600</Cote>
		<Observations></Observations>
		<Origine>Don Faucher-Berhelé entré le 10/11/1978.</Origine>
		<Droits_Repro>Domaine public</Droits_Repro>
		<subject>GUERRE 1914-1918;</subject>
		<geoname>DIEUE-SUR-MEUSE (village);MEUSE (département);</geoname>
		<persname></persname>
		<corpname></corpname>
	</DocsFigures>
<DocsFigures>
		<Titre>Dieue. Atelier de réparation des 75. Maison de M. Barat</Titre>
		<Analyse>Photo de l&apos;atelier de réparation de canons de 75 appartenant à M. Barat à Dieue-sur-Meuse (Meuse).
Entre le 30 septembre 1916 et le 25 janvier 1917. 
Guerre 1914-1918.</Analyse>
		<Realise_en></Realise_en>
		<Liste_des_auteurs>BERTHELÉ, Raoul</Liste_des_auteurs>
		<Type_Doc>PHOTOGRAPHIE N&amp;B</Type_Doc>
		<Support>PAPIER</Support>
		<Technique>Photographie stéréo </Technique>
		<Format>4,5 x 10,7 cm</Format>
		<Cote>49Fi1602</Cote>
		<Observations>Lié avec la 49Fi1842 et la 49Fi1878/1</Observations>
		<Origine>Don Faucher-Berhelé entré le 10/11/1978.</Origine>
		<Droits_Repro>Domaine public</Droits_Repro>
		<subject>GUERRE 1914-1918;</subject>
		<geoname>DIEUE-SUR-MEUSE (village);MEUSE (département);</geoname>
		<persname></persname>
		<corpname></corpname>
	</DocsFigures>
<DocsFigures>
		<Titre>Craonne. Vue d&apos;ensemble</Titre>
		<Analyse>Vue panoramique des alentours dévastés de Craonne (Aisne).
1917. 
Guerre 1914-1918.</Analyse>
		<Realise_en>1917</Realise_en>
		<Liste_des_auteurs>BERTHELÉ, Raoul</Liste_des_auteurs>
		<Type_Doc>PHOTOGRAPHIE N&amp;B</Type_Doc>
		<Support>PAPIER</Support>
		<Technique>Photographie stéréo </Technique>
		<Format>4,5 x 10,7 cm</Format>
		<Cote>49Fi1604</Cote>
		<Observations></Observations>
		<Origine>Don Faucher-Berhelé entré le 10/11/1978.</Origine>
		<Droits_Repro>Domaine public</Droits_Repro>
		<subject>GUERRE 1914-1918;</subject>
		<geoname>CRAONNE (village);AISNE (département);</geoname>
		<persname></persname>
		<corpname></corpname>
	</DocsFigures>
<DocsFigures>
		<Titre>Allemant. Cote 103.2. auto canon boche démolie par un obus. 11/2/18.</Titre>
		<Analyse>Vue panoramique du capitaine Courtois pose a coté d&apos;une auto-canon allemande détruite près d&apos;Allemant (Aisne).
11 février 1918.
Guerre 1914-1918.</Analyse>
		<Realise_en>1918</Realise_en>
		<Liste_des_auteurs>BERTHELÉ, Raoul</Liste_des_auteurs>
		<Type_Doc>Positif N&amp;B</Type_Doc>
		<Support>VERRE</Support>
		<Technique>Photographie N&amp;B</Technique>
		<Format>6,5 x 13,5 cm</Format>
		<Cote>49Fi1605</Cote>
		<Observations>Image identique à la 49Fi1273.
La plaque est entourée d&apos;un cadre métallique doré en mauvais état.</Observations>
		<Origine>Don Faucher-Berhelé entré le 10/11/1978.</Origine>
		<Droits_Repro>Domaine public</Droits_Repro>
		<subject>GUERRE 1914-1918;</subject>
		<geoname>AISNE (département);ALLEMANT (village);</geoname>
		<persname></persname>
		<corpname></corpname>
	</DocsFigures>
<DocsFigures>
		<Titre>[Ruines de l&apos;église de Presles-et-Boves]</Titre>
		<Analyse>Vue panoramique verticale des ruines de l&apos;église de Presles-et-Boves (Aisne).
1917. 
Guerre 1914-1918.
La partie haute de l&apos;image est manquante.</Analyse>
		<Realise_en>1917</Realise_en>
		<Liste_des_auteurs>BERTHELÉ, Raoul</Liste_des_auteurs>
		<Type_Doc>Positif N&amp;B</Type_Doc>
		<Support>VERRE</Support>
		<Technique>Photographie N&amp;B</Technique>
		<Format>13,5 x 6,5 cm</Format>
		<Cote>49Fi1606</Cote>
		<Observations>Même cliché que le 49Fi1086.
La plaque est entourée d&apos;un cadre métallique doré en très mauvais état.</Observations>
		<Origine>Don Faucher-Berhelé entré le 10/11/1978.</Origine>
		<Droits_Repro>Domaine public</Droits_Repro>
		<subject>GUERRE 1914-1918;</subject>
		<geoname>PRESLES-ET-BOVES (village);AISNE (département);</geoname>
		<persname></persname>
		<corpname></corpname>
	</DocsFigures>
<DocsFigures>
		<Titre>[Les Vaux de Cernay]</Titre>
		<Analyse>Panoramique d&apos;un chaos de rochers au milieu d&apos;une forêt aux Vaux de Cernay près de Cernay-la-Ville (Yvelines). 
Entre 1914 et 1918. 
Guerre 1914-1918.</Analyse>
		<Realise_en>1917</Realise_en>
		<Liste_des_auteurs>BERTHELÉ, Raoul</Liste_des_auteurs>
		<Type_Doc>Positif N&amp;B</Type_Doc>
		<Support>VERRE</Support>
		<Technique>Photographie N&amp;B</Technique>
		<Format>6,5 x 13,5 cm</Format>
		<Cote>49Fi1607</Cote>
		<Observations>Image identique à la 49Fi1140.
La plaque est entourée d&apos;un cadre métallique doré en mauvais état.</Observations>
		<Origine>Don Faucher-Berhelé entré le 10/11/1978.</Origine>
		<Droits_Repro>Domaine public</Droits_Repro>
		<subject>GUERRE 1914-1918;</subject>
		<geoname>YVELINES (département);CERNAY-LA-VILLE (village);</geoname>
		<persname></persname>
		<corpname></corpname>
	</DocsFigures>
<DocsFigures>
		<Titre>[Berzy. Petit ballon captif. 180 m3 et son treuil]</Titre>
		<Analyse>Vue panoramique d&apos;un petit ballon captif de 180 m3 et de son treuil à Berzy-le-Sec (Aisne).
1917. 
Guerre 1914-1918.</Analyse>
		<Realise_en>1917</Realise_en>
		<Liste_des_auteurs>BERTHELÉ, Raoul</Liste_des_auteurs>
		<Type_Doc>Positif N&amp;B</Type_Doc>
		<Support>VERRE</Support>
		<Technique>Photographie N&amp;B</Technique>
		<Format>6,5 x 13,5 cm</Format>
		<Cote>49Fi1608</Cote>
		<Observations>Positif de la 49Fi1075.
La plaque est entourée d&apos;un cadre métallique doré en mauvais état.</Observations>
		<Origine>Don Faucher-Berhelé entré le 10/11/1978.</Origine>
		<Droits_Repro>Domaine public</Droits_Repro>
		<subject>GUERRE 1914-1918;</subject>
		<geoname>AISNE (département);BERZY-LE-SEC (village);</geoname>
		<persname></persname>
		<corpname></corpname>
	</DocsFigures>
<DocsFigures>
		<Titre>[Vue aérienne verticale de Blanckaart en Belgique]</Titre>
		<Analyse>&quot;B337, P. Adj. Stampe - O. Lt. Gilles. Alt. 1800m: Blanckaert (L84). Ech. 1/3600&quot;.
Vue aérienne verticale de Blanckaart dans la section de Wounen, commune de Dixmude, province des Flandres Occidentales, région Flamande (Belgique).
1918. 
Guerre 1914-1918.
La photo a été prise à 1800 m d&apos;altitude.
 </Analyse>
		<Realise_en>1918</Realise_en>
		<Liste_des_auteurs>None</Liste_des_auteurs>
		<Type_Doc>PHOTOGRAPHIE N&amp;B</Type_Doc>
		<Support>PAPIER</Support>
		<Technique>Photographie N&amp;B</Technique>
		<Format>16 x 22 cm</Format>
		<Cote>49Fi1609</Cote>
		<Observations>Le tirage est dense.</Observations>
		<Origine>Don Faucher-Berhelé entré le 10/11/1978.</Origine>
		<Droits_Repro>Domaine public</Droits_Repro>
		<subject>GUERRE 1914-1918;</subject>
		<geoname>BELGIQUE (pays);BLANKAART (lieu-dit);</geoname>
		<persname></persname>
		<corpname></corpname>
	</DocsFigures>
<DocsFigures>
		<Titre>[Vue aérienne verticale du sud de Veldhoek en Belgique]</Titre>
		<Analyse>&quot;VII CA  24 SPA. LF. 02/10/18, 15h, S VELDHOEK. N° H.15&quot;.
Vue aérienne verticale du hameau de Veldhoek dans la commune de Langemark-Poelkapelle, province des Flandres Occidentales, région Flamande (Belgique).
2 octobre 1918. 
Guerre 1914-1918.</Analyse>
		<Realise_en>1918</Realise_en>
		<Liste_des_auteurs>None</Liste_des_auteurs>
		<Type_Doc>PHOTOGRAPHIE N&amp;B</Type_Doc>
		<Support>PAPIER</Support>
		<Technique>Photographie N&amp;B</Technique>
		<Format>16 x 22 cm</Format>
		<Cote>49Fi1610</Cote>
		<Observations>Le tirage est en train de virer.</Observations>
		<Origine>Don Faucher-Berhelé entré le 10/11/1978.</Origine>
		<Droits_Repro>Domaine public</Droits_Repro>
		<subject>GUERRE 1914-1918;</subject>
		<geoname>BELGIQUE (pays);VELDHOEK (hameau);</geoname>
		<persname></persname>
		<corpname></corpname>
	</DocsFigures>
<DocsFigures>
		<Titre>[Vue aérienne verticale du nord-est de Koekuit en Belgique]</Titre>
		<Analyse>&quot;VII. CA  24 SPA. N° H. 16 LF. NE. KOEHUIT 02/10/18 15h&quot;.
Vue aérienne verticale du nord-est du hameau de Koekuit  dans la commune de Langemark-Poelkapelle, province des Flandres Occidentales, région Flamande (Belgique).
2 octobre 1918. 
Guerre 1914-1918.</Analyse>
		<Realise_en>1918</Realise_en>
		<Liste_des_auteurs>None</Liste_des_auteurs>
		<Type_Doc>PHOTOGRAPHIE N&amp;B</Type_Doc>
		<Support>PAPIER</Support>
		<Technique>Photographie N&amp;B</Technique>
		<Format>16 x 22 cm</Format>
		<Cote>49Fi1611</Cote>
		<Observations>Le tirage est en train de virer.</Observations>
		<Origine>Don Faucher-Berhelé entré le 10/11/1978.</Origine>
		<Droits_Repro>Domaine public</Droits_Repro>
		<subject>GUERRE 1914-1918;</subject>
		<geoname>BELGIQUE (pays);KOEKUIT (hameau);</geoname>
		<persname></persname>
		<corpname></corpname>
	</DocsFigures>
<DocsFigures>
		<Titre>[Vue aérienne verticale de Veldhoek en Belgique]</Titre>
		<Analyse>&quot;VII. CA  24 SPA. N° H.13 LF. F. VELDHOEK 02/10/18 15h&quot;.
Vue aérienne verticale du hameau de Veldhoek dans la commune de Langemark-Poelkapelle, province des Flandres Occidentales, région Flamande (Belgique).
2 octobre 1918. 
Guerre 1914-1918.</Analyse>
		<Realise_en>1918</Realise_en>
		<Liste_des_auteurs>None</Liste_des_auteurs>
		<Type_Doc>PHOTOGRAPHIE N&amp;B</Type_Doc>
		<Support>PAPIER</Support>
		<Technique>Photographie N&amp;B</Technique>
		<Format>16 x 22 cm</Format>
		<Cote>49Fi1612</Cote>
		<Observations></Observations>
		<Origine>Don Faucher-Berhelé entré le 10/11/1978.</Origine>
		<Droits_Repro>Domaine public</Droits_Repro>
		<subject>GUERRE 1914-1918;</subject>
		<geoname>BELGIQUE (pays);VELDHOEK (hameau);</geoname>
		<persname></persname>
		<corpname></corpname>
	</DocsFigures>
<DocsFigures>
		<Titre>[Vue aérienne verticale de Veldhoek en Belgique]</Titre>
		<Analyse>&quot;VII. CA  24 SPA. N° H.11 LF.F VELDHOEK 02/10/18 15h&quot;.
Vue aérienne verticale du hameau de Veldhoek dans la commune de Langemark-Poelkapelle, province des Flandres Occidentales, région Flamande (Belgique).
2 octobre 1918. 
Guerre 1914-1918.</Analyse>
		<Realise_en>1918</Realise_en>
		<Liste_des_auteurs>None</Liste_des_auteurs>
		<Type_Doc>PHOTOGRAPHIE N&amp;B</Type_Doc>
		<Support>PAPIER</Support>
		<Technique>Photographie N&amp;B</Technique>
		<Format>16 x 22 cm</Format>
		<Cote>49Fi1613</Cote>
		<Observations></Observations>
		<Origine>Don Faucher-Berhelé entré le 10/11/1978.</Origine>
		<Droits_Repro>Domaine public</Droits_Repro>
		<subject>GUERRE 1914-1918;</subject>
		<geoname>BELGIQUE (pays);VELDHOEK (hameau);</geoname>
		<persname></persname>
		<corpname></corpname>
	</DocsFigures>
<DocsFigures>
		<Titre>[Vue aérienne verticale de Bikschote en Belgique]</Titre>
		<Analyse>&quot;VII. CA  24 SPA. N° H.10 LF.T. BIXSCHOOTE 02/10/18 15h&quot;.
Vue aérienne verticale du hameau de Bikschote dans la commune de Langemark-Poelkapelle, province des Flandres Occidentales, région Flamande (Belgique).
2 octobre 1918. 
Guerre 1914-1918.</Analyse>
		<Realise_en>1918</Realise_en>
		<Liste_des_auteurs>None</Liste_des_auteurs>
		<Type_Doc>PHOTOGRAPHIE N&amp;B</Type_Doc>
		<Support>PAPIER</Support>
		<Technique>Photographie N&amp;B</Technique>
		<Format>16 x 22 cm</Format>
		<Cote>49Fi1614</Cote>
		<Observations></Observations>
		<Origine>Don Faucher-Berhelé entré le 10/11/1978.</Origine>
		<Droits_Repro>Domaine public</Droits_Repro>
		<subject>GUERRE 1914-1918;</subject>
		<geoname>BELGIQUE (pays);BIXSCHOOTE (hameau);</geoname>
		<persname></persname>
		<corpname></corpname>
	</DocsFigures>
<DocsFigures>
		<Titre>[Vue aérienne verticale du sud-est de Bikschote en Belgique]</Titre>
		<Analyse>&quot;VII. CA  24 SPA. N° H.9. LF. SE. BIXSCHOOTE 02/10/18 15h&quot;.
Vue aérienne verticale du sud-est du hameau de Bikschote dans la commune de Langemark-Poelkapelle, province des Flandres Occidentales, région Flamande (Belgique).
2 octobre 1918. 
Guerre 1914-1918.</Analyse>
		<Realise_en>1918</Realise_en>
		<Liste_des_auteurs>None</Liste_des_auteurs>
		<Type_Doc>PHOTOGRAPHIE N&amp;B</Type_Doc>
		<Support>PAPIER</Support>
		<Technique>Photographie N&amp;B</Technique>
		<Format>16 x 22 cm</Format>
		<Cote>49Fi1615</Cote>
		<Observations></Observations>
		<Origine>Don Faucher-Berhelé entré le 10/11/1978.</Origine>
		<Droits_Repro>Domaine public</Droits_Repro>
		<subject>GUERRE 1914-1918;</subject>
		<geoname>BELGIQUE (pays);BIXSCHOOTE (hameau);</geoname>
		<persname></persname>
		<corpname></corpname>
	</DocsFigures>
<DocsFigures>
		<Titre>[Vue aérienne verticale du sud-est de Bikschote en Belgique]</Titre>
		<Analyse>&quot;VII. CA  24 SPA. N° H.8 LF. SE. BIXSCHOOTE 02/10/18 15h&quot;.
Vue aérienne verticale du sud-est du hameau de Bikschote dans la commune de Langemark-Poelkapelle, province des Flandres Occidentales, région Flamande (Belgique).
2 octobre 1918. 
Guerre 1914-1918.</Analyse>
		<Realise_en>1918</Realise_en>
		<Liste_des_auteurs>None</Liste_des_auteurs>
		<Type_Doc>PHOTOGRAPHIE N&amp;B</Type_Doc>
		<Support>PAPIER</Support>
		<Technique>Photographie N&amp;B</Technique>
		<Format>16 x 22 cm</Format>
		<Cote>49Fi1616</Cote>
		<Observations></Observations>
		<Origine>Don Faucher-Berhelé entré le 10/11/1978.</Origine>
		<Droits_Repro>Domaine public</Droits_Repro>
		<subject>GUERRE 1914-1918;</subject>
		<geoname>BELGIQUE (pays);BIXSCHOOTE (hameau);</geoname>
		<persname></persname>
		<corpname></corpname>
	</DocsFigures>
<DocsFigures>
		<Titre>[Vue aérienne verticale du sud-est de Bikschote en Belgique]</Titre>
		<Analyse>&quot;VII. CA  24 SPA. N° H.7 LF. SE. BIXSCHOOTE 02/10/18 15h&quot;.
Vue aérienne verticale du sud-est du hameau de Bikschote dans la commune de Langemark-Poelkapelle, province des Flandres Occidentales, région Flamande (Belgique).
2 octobre 1918. 
Guerre 1914-1918.</Analyse>
		<Realise_en>1918</Realise_en>
		<Liste_des_auteurs>None</Liste_des_auteurs>
		<Type_Doc>PHOTOGRAPHIE N&amp;B</Type_Doc>
		<Support>PAPIER</Support>
		<Technique>Photographie N&amp;B</Technique>
		<Format>16 x 22 cm</Format>
		<Cote>49Fi1617</Cote>
		<Observations></Observations>
		<Origine>Don Faucher-Berhelé entré le 10/11/1978.</Origine>
		<Droits_Repro>Domaine public</Droits_Repro>
		<subject>GUERRE 1914-1918;</subject>
		<geoname>BELGIQUE (pays);BIXSCHOOTE (hameau);</geoname>
		<persname></persname>
		<corpname></corpname>
	</DocsFigures>
<DocsFigures>
		<Titre>[Vue aérienne verticale de l&apos;ouest de Langemark en Belgique]</Titre>
		<Analyse>&quot;VII. CA  24 SPA. N° H.6 LF. O. LANGEMARCK  02/10/18 15h&quot;.
Vue aérienne verticale de l&apos;ouest de Langemark dans la commune de Langemark-Poelkapelle, province des Flandres Occidentales, région Flamande (Belgique).
2 octobre 1918. 
Guerre 1914-1918.</Analyse>
		<Realise_en>1918</Realise_en>
		<Liste_des_auteurs>None</Liste_des_auteurs>
		<Type_Doc>PHOTOGRAPHIE N&amp;B</Type_Doc>
		<Support>PAPIER</Support>
		<Technique>Photographie N&amp;B</Technique>
		<Format>16 x 22 cm</Format>
		<Cote>49Fi1618</Cote>
		<Observations></Observations>
		<Origine>Don Faucher-Berhelé entré le 10/11/1978.</Origine>
		<Droits_Repro>Domaine public</Droits_Repro>
		<subject>GUERRE 1914-1918;</subject>
		<geoname>BELGIQUE (pays);LANGEMARK-POELKAPELLE (ville);</geoname>
		<persname></persname>
		<corpname></corpname>
	</DocsFigures>
<DocsFigures>
		<Titre>[Vue aérienne verticale de l&apos;ouest de Langemark en Belgique]
</Titre>
		<Analyse>&quot;VII. CA  24 SPA. N° H.5 LF. O. LANGEMARCK  02/10/18 15h&quot;;
Vue aérienne verticale de l&apos;ouest de Langemark dans la commune de Langemark-Poelkapelle, province des Flandres Occidentales, région Flamande (Belgique).
2 octobre 1918. 
Guerre 1914-1918.</Analyse>
		<Realise_en>1918</Realise_en>
		<Liste_des_auteurs>None</Liste_des_auteurs>
		<Type_Doc>PHOTOGRAPHIE N&amp;B</Type_Doc>
		<Support>PAPIER</Support>
		<Technique>Photographie N&amp;B</Technique>
		<Format>16 x 22 cm</Format>
		<Cote>49Fi1619</Cote>
		<Observations></Observations>
		<Origine>Don Faucher-Berhelé entré le 10/11/1978.</Origine>
		<Droits_Repro>Domaine public</Droits_Repro>
		<subject>GUERRE 1914-1918;</subject>
		<geoname>BELGIQUE (pays);LANGEMARK-POELKAPELLE (ville);</geoname>
		<persname></persname>
		<corpname></corpname>
	</DocsFigures>
<DocsFigures>
		<Titre>[Vue aérienne verticale de la station de Langemark en Belgique]
</Titre>
		<Analyse>&quot;VII. CA  24 SPA. N° H.4 LF. STATION DE LANGEMARCK  02/10/18 15h&quot;;
Vue aérienne verticale de la station de Langemark dans la commune de Langemark-Poelkapelle, province des Flandres Occidentales, région Flamande (Belgique).
2 octobre 1918. 
Guerre 1914-1918.</Analyse>
		<Realise_en>1918</Realise_en>
		<Liste_des_auteurs>None</Liste_des_auteurs>
		<Type_Doc>PHOTOGRAPHIE N&amp;B</Type_Doc>
		<Support>PAPIER</Support>
		<Technique>Photographie N&amp;B</Technique>
		<Format>16 x 22 cm</Format>
		<Cote>49Fi1620</Cote>
		<Observations></Observations>
		<Origine>Don Faucher-Berhelé entré le 10/11/1978.</Origine>
		<Droits_Repro>Domaine public</Droits_Repro>
		<subject>GUERRE 1914-1918;</subject>
		<geoname>BELGIQUE (pays);LANGEMARK-POELKAPELLE (ville);</geoname>
		<persname></persname>
		<corpname></corpname>
	</DocsFigures>
<DocsFigures>
		<Titre>[Vue aérienne verticale de la station de Langemark en Belgique]
</Titre>
		<Analyse>&quot;VII. CA  24 SPA. N° H.2 LF. STATION DE LANGEMARCK  02/10/18 15h&quot;.
Vue aérienne verticale de la station de Langemark dans la commune de Langemark-Poelkapelle, province des Flandres Occidentales, région Flamande (Belgique).
2 octobre 1918. 
Guerre 1914-1918.</Analyse>
		<Realise_en>1918</Realise_en>
		<Liste_des_auteurs>None</Liste_des_auteurs>
		<Type_Doc>PHOTOGRAPHIE N&amp;B</Type_Doc>
		<Support>PAPIER</Support>
		<Technique>Photographie N&amp;B</Technique>
		<Format>16 x 22 cm</Format>
		<Cote>49Fi1621</Cote>
		<Observations></Observations>
		<Origine>Don Faucher-Berhelé entré le 10/11/1978.</Origine>
		<Droits_Repro>Domaine public</Droits_Repro>
		<subject>GUERRE 1914-1918;</subject>
		<geoname>BELGIQUE (pays);LANGEMARK-POELKAPELLE (ville);</geoname>
		<persname></persname>
		<corpname></corpname>
	</DocsFigures>
<DocsFigures>
		<Titre>[Vue aérienne verticale de la station de Langemark en Belgique]
</Titre>
		<Analyse>&quot;VII. CA  24 SPA. N° H.3 LF. STATION DE LANGEMARCK  02/10/18 15h&quot;.
Vue aérienne verticale de la station de Langemark dans la commune de Langemark-Poelkapelle, province des Flandres Occidentales, région Flamande (Belgique).
2 octobre 1918. 
Guerre 1914-1918.</Analyse>
		<Realise_en>1918</Realise_en>
		<Liste_des_auteurs>None</Liste_des_auteurs>
		<Type_Doc>PHOTOGRAPHIE N&amp;B</Type_Doc>
		<Support>PAPIER</Support>
		<Technique>Photographie N&amp;B</Technique>
		<Format>16 x 22 cm</Format>
		<Cote>49Fi1622</Cote>
		<Observations></Observations>
		<Origine>Don Faucher-Berhelé entré le 10/11/1978.</Origine>
		<Droits_Repro>Domaine public</Droits_Repro>
		<subject>GUERRE 1914-1918;</subject>
		<geoname>BELGIQUE (pays);LANGEMARK-POELKAPELLE (ville);</geoname>
		<persname></persname>
		<corpname></corpname>
	</DocsFigures>
<DocsFigures>
		<Titre>[Vue aérienne verticale de Nachtegaal en Belgique]
</Titre>
		<Analyse>&quot;VII. CA  24 SPA. N° H.17 LF. NACHTEGAAL  02/10/18 15h&quot;.
Vue aérienne verticale de Nachtegaal dans la commune de Oostkamp, province des Flandres Occidentales, région Flamande (Belgique).
2 octobre 1918. 
Guerre 1914-1918.</Analyse>
		<Realise_en>1918</Realise_en>
		<Liste_des_auteurs>None</Liste_des_auteurs>
		<Type_Doc>PHOTOGRAPHIE N&amp;B</Type_Doc>
		<Support>PAPIER</Support>
		<Technique>Photographie N&amp;B</Technique>
		<Format>16 x 22 cm</Format>
		<Cote>49Fi1623</Cote>
		<Observations></Observations>
		<Origine>Don Faucher-Berhelé entré le 10/11/1978.</Origine>
		<Droits_Repro>Domaine public</Droits_Repro>
		<subject>GUERRE 1914-1918;</subject>
		<geoname>BELGIQUE (pays);NACHTEGAAL (hameau);</geoname>
		<persname></persname>
		<corpname></corpname>
	</DocsFigures>
<DocsFigures>
		<Titre>[Vue aérienne verticale de Nachtegaal en Belgique]
</Titre>
		<Analyse>&quot;VII. CA  24 SPA. N° H.18 LF. O. NACHTEGAAL  02/10/18 15h&quot;;
Vue aérienne verticale de Nachtegaal dans la commune de Oostkamp, province des Flandres Occidentales, région Flamande (Belgique).
2 octobre 1918. 
Guerre 1914-1918.</Analyse>
		<Realise_en>1918</Realise_en>
		<Liste_des_auteurs>None</Liste_des_auteurs>
		<Type_Doc>PHOTOGRAPHIE N&amp;B</Type_Doc>
		<Support>PAPIER</Support>
		<Technique>Photographie N&amp;B</Technique>
		<Format>16 x 22 cm</Format>
		<Cote>49Fi1624</Cote>
		<Observations></Observations>
		<Origine>Don Faucher-Berhelé entré le 10/11/1978.</Origine>
		<Droits_Repro>Domaine public</Droits_Repro>
		<subject>GUERRE 1914-1918;</subject>
		<geoname>BELGIQUE (pays);NACHTEGAAL (hameau);</geoname>
		<persname></persname>
		<corpname></corpname>
	</DocsFigures>
<DocsFigures>
		<Titre>[Vue aérienne verticale de l&apos;ouest de Nachtegaal en Belgique]
</Titre>
		<Analyse>&quot;VII. CA  24 SPA. N° H.19 LF. O. NACHTEGAAL  02/10/18 15h&quot;;
Vue aérienne verticale de l&apos;ouest de Nachtegaal dans la commune de Oostkamp, province des Flandres Occidentales, région Flamande (Belgique).
2 octobre 1918. 
Guerre 1914-1918.</Analyse>
		<Realise_en>1918</Realise_en>
		<Liste_des_auteurs>None</Liste_des_auteurs>
		<Type_Doc>PHOTOGRAPHIE N&amp;B</Type_Doc>
		<Support>PAPIER</Support>
		<Technique>Photographie N&amp;B</Technique>
		<Format>16 x 22 cm</Format>
		<Cote>49Fi1625</Cote>
		<Observations></Observations>
		<Origine>Don Faucher-Berhelé entré le 10/11/1978.</Origine>
		<Droits_Repro>Domaine public</Droits_Repro>
		<subject>GUERRE 1914-1918;</subject>
		<geoname>BELGIQUE (pays);NACHTEGAAL (hameau);</geoname>
		<persname></persname>
		<corpname></corpname>
	</DocsFigures>
<DocsFigures>
		<Titre>[Vue aérienne verticale de l&apos;est de Bikschote en Belgique]
</Titre>
		<Analyse>&quot;VII. CA  24 SPA. N° H.22 LF. E. BIXSCHOOTE  02/10/18 15h&quot;.
Vue aérienne verticale de l&apos;est du hameau de Bikschote dans la commune de Langemark-Poelkapelle, province des Flandres Occidentales, région Flamande (Belgique).
2 octobre 1918. 
Guerre 1914-1918.</Analyse>
		<Realise_en>1918</Realise_en>
		<Liste_des_auteurs>None</Liste_des_auteurs>
		<Type_Doc>PHOTOGRAPHIE N&amp;B</Type_Doc>
		<Support>PAPIER</Support>
		<Technique>Photographie N&amp;B</Technique>
		<Format>16 x 22 cm</Format>
		<Cote>49Fi1626</Cote>
		<Observations></Observations>
		<Origine>Don Faucher-Berhelé entré le 10/11/1978.</Origine>
		<Droits_Repro>Domaine public</Droits_Repro>
		<subject>GUERRE 1914-1918;</subject>
		<geoname>BELGIQUE (pays);BIXSCHOOTE (hameau);</geoname>
		<persname></persname>
		<corpname></corpname>
	</DocsFigures>
<DocsFigures>
		<Titre>[Vue aérienne verticale de l&apos;est de Bikschote en Belgique]
</Titre>
		<Analyse>&quot;VII. CA  24 SPA. N° H.21 LF. E. BIXSCHOOTE  02/10/18 15h&quot;.
Vue aérienne verticale de l&apos;est du hameau de Bikschote dans la commune de Langemark-Poelkapelle, province des Flandres Occidentales, région Flamande (Belgique).
2 octobre 1918. 
Guerre 1914-1918.</Analyse>
		<Realise_en>1918</Realise_en>
		<Liste_des_auteurs>None</Liste_des_auteurs>
		<Type_Doc>PHOTOGRAPHIE N&amp;B</Type_Doc>
		<Support>PAPIER</Support>
		<Technique>Photographie N&amp;B</Technique>
		<Format>16 x 22 cm</Format>
		<Cote>49Fi1627</Cote>
		<Observations></Observations>
		<Origine>Don Faucher-Berhelé entré le 10/11/1978.</Origine>
		<Droits_Repro>Domaine public</Droits_Repro>
		<subject>GUERRE 1914-1918;</subject>
		<geoname>BELGIQUE (pays);BIXSCHOOTE (hameau);</geoname>
		<persname></persname>
		<corpname></corpname>
	</DocsFigures>
<DocsFigures>
		<Titre>[Vue aérienne verticale de Poelkapelle en Belgique]
[</Titre>
		<Analyse>&quot;VII. CA  24 SPA. N° H.24 LF. POELKAPPELLE  02/10/18 15h&quot;.
Vue aérienne verticale de Poelkapelle dans la commune de Langemark-Poelkapelle, province des Flandres Occidentales, région Flamande (Belgique).
2 octobre 1918. 
Guerre 1914-1918.</Analyse>
		<Realise_en>1918</Realise_en>
		<Liste_des_auteurs>None</Liste_des_auteurs>
		<Type_Doc>PHOTOGRAPHIE N&amp;B</Type_Doc>
		<Support>PAPIER</Support>
		<Technique>Photographie N&amp;B</Technique>
		<Format>16 x 22 cm</Format>
		<Cote>49Fi1628</Cote>
		<Observations></Observations>
		<Origine>Don Faucher-Berhelé entré le 10/11/1978.</Origine>
		<Droits_Repro>Domaine public</Droits_Repro>
		<subject>GUERRE 1914-1918;</subject>
		<geoname>BELGIQUE (pays);LANGEMARK-POELKAPELLE (ville);</geoname>
		<persname></persname>
		<corpname></corpname>
	</DocsFigures>
<DocsFigures>
		<Titre>[Vue aérienne verticale de Poelkapelle en Belgique]
</Titre>
		<Analyse>&quot;VII. CA  24 SPA. N° H.25 LF. POELKAPPELLE 164,5 408,4  02/10/18 15h&quot;.
Vue aérienne verticale de Poelkapelle dans la commune de Langemark-Poelkapelle, province des Flandres Occidentales, région Flamande (Belgique).
2 octobre 1918. 
Guerre 1914-1918.</Analyse>
		<Realise_en>1918</Realise_en>
		<Liste_des_auteurs>None</Liste_des_auteurs>
		<Type_Doc>PHOTOGRAPHIE N&amp;B</Type_Doc>
		<Support>PAPIER</Support>
		<Technique>Photographie N&amp;B</Technique>
		<Format>16 x 22 cm</Format>
		<Cote>49Fi1629</Cote>
		<Observations></Observations>
		<Origine>Don Faucher-Berhelé entré le 10/11/1978.</Origine>
		<Droits_Repro>Domaine public</Droits_Repro>
		<subject>GUERRE 1914-1918;</subject>
		<geoname>BELGIQUE (pays);LANGEMARK-POELKAPELLE (ville);</geoname>
		<persname></persname>
		<corpname></corpname>
	</DocsFigures>
<DocsFigures>
		<Titre>[Vue aérienne verticale de Poelkapelle en Belgique]
</Titre>
		<Analyse>&quot;VII. CA  24 SPA. N° H.26 LF. RELKAPPELLE 164,2 468,1  02/10/18 15h&quot;.
Vue aérienne verticale de Poelkapelle dans la commune de Langemark-Poelkapelle, province des Flandres Occidentales, région Flamande (Belgique).
2 octobre 1918. 
Guerre 1914-1918.</Analyse>
		<Realise_en>1918</Realise_en>
		<Liste_des_auteurs>None</Liste_des_auteurs>
		<Type_Doc>PHOTOGRAPHIE N&amp;B</Type_Doc>
		<Support>PAPIER</Support>
		<Technique>Photographie N&amp;B</Technique>
		<Format>16 x 22 cm</Format>
		<Cote>49Fi1630</Cote>
		<Observations></Observations>
		<Origine>Don Faucher-Berhelé entré le 10/11/1978.</Origine>
		<Droits_Repro>Domaine public</Droits_Repro>
		<subject>GUERRE 1914-1918;</subject>
		<geoname>BELGIQUE (pays);LANGEMARK-POELKAPELLE (ville);</geoname>
		<persname></persname>
		<corpname></corpname>
	</DocsFigures>
<DocsFigures>
		<Titre>[Vue aérienne verticale de l&apos;est de Bikschote en Belgique]
</Titre>
		<Analyse>&quot;VII. CA  24 SPA. N° H.23 LF. E. BIXSCHOOTE  02/10/18 15h 158,1 468,3&quot;.
Vue aérienne verticale de l&apos;est du hameau de Bikschote dans la commune de Langemark-Poelkapelle, province des Flandres Occidentales, région Flamande (Belgique).
2 octobre 1918. 
Guerre 1914-1918.</Analyse>
		<Realise_en>1918</Realise_en>
		<Liste_des_auteurs>None</Liste_des_auteurs>
		<Type_Doc>PHOTOGRAPHIE N&amp;B</Type_Doc>
		<Support>PAPIER</Support>
		<Technique>Photographie N&amp;B</Technique>
		<Format>16 x 22 cm</Format>
		<Cote>49Fi1631</Cote>
		<Observations></Observations>
		<Origine>Don Faucher-Berhelé entré le 10/11/1978.</Origine>
		<Droits_Repro>Domaine public</Droits_Repro>
		<subject>GUERRE 1914-1918;</subject>
		<geoname>BELGIQUE (pays);BIXSCHOOTE (hameau);</geoname>
		<persname></persname>
		<corpname></corpname>
	</DocsFigures>
<DocsFigures>
		<Titre>[Vue aérienne verticale de l&apos;est de Langemark en Belgique]
</Titre>
		<Analyse>&quot;VII. CA  24 SPA. N° H.1 LF. E. LANGEMARCK  02/10/18 15h 161,7 467,4&quot;.
Vue aérienne verticale de l&apos;est de Langemark dans la commune de Langemark-Poelkapelle, province des Flandres Occidentales, région Flamande (Belgique).
2 octobre 1918. 
Guerre 1914-1918.</Analyse>
		<Realise_en>1918</Realise_en>
		<Liste_des_auteurs>None</Liste_des_auteurs>
		<Type_Doc>PHOTOGRAPHIE N&amp;B</Type_Doc>
		<Support>PAPIER</Support>
		<Technique>Photographie N&amp;B</Technique>
		<Format>16 x 22 cm</Format>
		<Cote>49Fi1632</Cote>
		<Observations></Observations>
		<Origine>Don Faucher-Berhelé entré le 10/11/1978.</Origine>
		<Droits_Repro>Domaine public</Droits_Repro>
		<subject>GUERRE 1914-1918;</subject>
		<geoname>BELGIQUE (pays);LANGEMARK-POELKAPELLE (ville);</geoname>
		<persname></persname>
		<corpname></corpname>
	</DocsFigures>
<DocsFigures>
		<Titre>[Vue aérienne verticale de l&apos;est de Veldhoek en Belgique]
</Titre>
		<Analyse>&quot;VII. CA  24 SPA. N° H.14 LF. E. VELDHOEK  02/10/18 15h 162,5 470,5&quot;.
Vue aérienne verticale de l&apos;est du hameau de Veldhoek dans la commune de Langemark-Poelkapelle, province des Flandres Occidentales, région Flamande (Belgique).
2 octobre 1918. 
Guerre 1914-1918.</Analyse>
		<Realise_en>1918</Realise_en>
		<Liste_des_auteurs>None</Liste_des_auteurs>
		<Type_Doc>PHOTOGRAPHIE N&amp;B</Type_Doc>
		<Support>PAPIER</Support>
		<Technique>Photographie N&amp;B</Technique>
		<Format>16 x 22 cm</Format>
		<Cote>49Fi1633</Cote>
		<Observations></Observations>
		<Origine>Don Faucher-Berhelé entré le 10/11/1978.</Origine>
		<Droits_Repro>Domaine public</Droits_Repro>
		<subject>GUERRE 1914-1918;</subject>
		<geoname>BELGIQUE (pays);VELDHOEK (hameau);</geoname>
		<persname></persname>
		<corpname></corpname>
	</DocsFigures>
<DocsFigures>
		<Titre>[Vue aérienne verticale du sud-est de Bixschoote en Belgique]
</Titre>
		<Analyse>&quot;VII. CA  24 SPA. N° H.20 LF. SE. BIXSCHOOTE  02/10/18 15h&quot;.
Vue aérienne verticale du sud-est du hameau de Bikschote dans la commune de Langemark-Poelkapelle, province des Flandres Occidentales, région Flamande (Belgique).
2 octobre 1918. 
Guerre 1914-1918.</Analyse>
		<Realise_en>1918</Realise_en>
		<Liste_des_auteurs>None</Liste_des_auteurs>
		<Type_Doc>PHOTOGRAPHIE N&amp;B</Type_Doc>
		<Support>PAPIER</Support>
		<Technique>Photographie N&amp;B</Technique>
		<Format>16 x 22 cm</Format>
		<Cote>49Fi1634</Cote>
		<Observations></Observations>
		<Origine>Don Faucher-Berhelé entré le 10/11/1978.</Origine>
		<Droits_Repro>Domaine public</Droits_Repro>
		<subject>GUERRE 1914-1918;</subject>
		<geoname>BELGIQUE (pays);BIXSCHOOTE (hameau);</geoname>
		<persname></persname>
		<corpname></corpname>
	</DocsFigures>
<DocsFigures>
		<Titre>[Vue aérienne verticale de l&apos;est de Veldhoek en Belgique]
</Titre>
		<Analyse>&quot;VII. CA  24 SPA. N° H.12 LF. E. VELDHOEK  02/10/18 15h 163,1 470,7&quot;.
Vue aérienne verticale de l&apos;est du hameau de Veldhoek dans la commune de Langemark-Poelkapelle, province des Flandres Occidentales, région Flamande (Belgique).
2 octobre 1918. 
Guerre 1914-1918.</Analyse>
		<Realise_en>1918</Realise_en>
		<Liste_des_auteurs>None</Liste_des_auteurs>
		<Type_Doc>PHOTOGRAPHIE N&amp;B</Type_Doc>
		<Support>PAPIER</Support>
		<Technique>Photographie N&amp;B</Technique>
		<Format>16 x 22 cm</Format>
		<Cote>49Fi1635</Cote>
		<Observations></Observations>
		<Origine>Don Faucher-Berhelé entré le 10/11/1978.</Origine>
		<Droits_Repro>Domaine public</Droits_Repro>
		<subject>GUERRE 1914-1918;</subject>
		<geoname>BELGIQUE (pays);VELDHOEK (hameau);</geoname>
		<persname></persname>
		<corpname></corpname>
	</DocsFigures>
<DocsFigures>
		<Titre>[Vue aérienne verticale de Klerken en Belgique]
</Titre>
		<Analyse>&quot;K.7 CLERCKEN &amp; N (M18), 29/09/18, 10h30&quot;.
Vue aérienne verticale du hameau de Klerken dans la commune de Houthulst, province des Flandres Occidentales, région Flamande (Belgique).
29 septembre 1918. 
Guerre 1914-1918.</Analyse>
		<Realise_en>1918</Realise_en>
		<Liste_des_auteurs>None</Liste_des_auteurs>
		<Type_Doc>PHOTOGRAPHIE N&amp;B</Type_Doc>
		<Support>PAPIER</Support>
		<Technique>Photographie N&amp;B</Technique>
		<Format>18 x 13 cm</Format>
		<Cote>49Fi1636</Cote>
		<Observations></Observations>
		<Origine>Don Faucher-Berhelé entré le 10/11/1978.</Origine>
		<Droits_Repro>Domaine public</Droits_Repro>
		<subject>GUERRE 1914-1918;</subject>
		<geoname>BELGIQUE (pays);CLERKEN (hameau);</geoname>
		<persname></persname>
		<corpname></corpname>
	</DocsFigures>
<DocsFigures>
		<Titre>[Vue aérienne verticale  de Izegem en Belgique]
</Titre>
		<Analyse>&quot;K.31 ISEGHEM, 29/09/18, 10h30&quot;.
Vue aérienne verticale de la commune d&apos;Izegem, province des Flandres Occidentales, région Flamande (Belgique).
29 septembre 1918. 
Guerre 1914-1918.</Analyse>
		<Realise_en>1918</Realise_en>
		<Liste_des_auteurs>None</Liste_des_auteurs>
		<Type_Doc>PHOTOGRAPHIE N&amp;B</Type_Doc>
		<Support>PAPIER</Support>
		<Technique>Photographie N&amp;B</Technique>
		<Format>18 x 13 cm</Format>
		<Cote>49Fi1637</Cote>
		<Observations></Observations>
		<Origine>Don Faucher-Berhelé entré le 10/11/1978.</Origine>
		<Droits_Repro>Domaine public</Droits_Repro>
		<subject>GUERRE 1914-1918;</subject>
		<geoname>BELGIQUE (pays);ISEGHEM (ville);</geoname>
		<persname></persname>
		<corpname></corpname>
	</DocsFigures>
<DocsFigures>
		<Titre>[Vue aérienne verticale du sud d&apos;Izegem en Belgique]
</Titre>
		<Analyse>&quot;K.33 Sd d&apos;ISEGHEM, 29/09/18, 10h30&quot;;
Vue aérienne verticale du sud de la commune d&apos;Izegem, province des Flandres Occidentales, région Flamande (Belgique).
29 septembre 1918. 
Guerre 1914-1918.</Analyse>
		<Realise_en>1918</Realise_en>
		<Liste_des_auteurs>None</Liste_des_auteurs>
		<Type_Doc>PHOTOGRAPHIE N&amp;B</Type_Doc>
		<Support>PAPIER</Support>
		<Technique>Photographie N&amp;B</Technique>
		<Format>13 x 18 cm</Format>
		<Cote>49Fi1638</Cote>
		<Observations></Observations>
		<Origine>Don Faucher-Berhelé entré le 10/11/1978.</Origine>
		<Droits_Repro>Domaine public</Droits_Repro>
		<subject>GUERRE 1914-1918;</subject>
		<geoname>BELGIQUE (pays);ISEGHEM (ville);</geoname>
		<persname></persname>
		<corpname></corpname>
	</DocsFigures>
<DocsFigures>
		<Titre>[Vue aérienne verticale du nord de Winkel en Belgique]
</Titre>
		<Analyse>&quot;K.35 N de WINKEL, 29/09/18, 10h30&quot;.
Vue aérienne verticale du nord du hameau de Saint-Eloois-Winkel dans la commune de Ledegem, province des Flandres Occidentales, région Flamande (Belgique).
29 septembre 1918. 
Guerre 1914-1918.</Analyse>
		<Realise_en>1918</Realise_en>
		<Liste_des_auteurs>None</Liste_des_auteurs>
		<Type_Doc>PHOTOGRAPHIE N&amp;B</Type_Doc>
		<Support>PAPIER</Support>
		<Technique>Photographie N&amp;B</Technique>
		<Format>13 x 18 cm</Format>
		<Cote>49Fi1639</Cote>
		<Observations></Observations>
		<Origine>Don Faucher-Berhelé entré le 10/11/1978.</Origine>
		<Droits_Repro>Domaine public</Droits_Repro>
		<subject>GUERRE 1914-1918;</subject>
		<geoname>BELGIQUE (pays);WINKEL-SAINT-ELOI (hameau);</geoname>
		<persname></persname>
		<corpname></corpname>
	</DocsFigures>
<DocsFigures>
		<Titre>[Vue aérienne verticale du sud ouest de Winkel en Belgique]
</Titre>
		<Analyse>&quot;K.38 SO de WINKEL, 29/09/18, 10h30&quot;;
Vue aérienne verticale du sud-ouest du hameau de Saint-Eloois-Winkel dans la commune de Ledegem, province des Flandres Occidentales, région Flamande (Belgique).
29 septembre 1918. 
Guerre 1914-1918.</Analyse>
		<Realise_en>1918</Realise_en>
		<Liste_des_auteurs>None</Liste_des_auteurs>
		<Type_Doc>PHOTOGRAPHIE N&amp;B</Type_Doc>
		<Support>PAPIER</Support>
		<Technique>Photographie N&amp;B</Technique>
		<Format>13 x 18 cm</Format>
		<Cote>49Fi1640</Cote>
		<Observations></Observations>
		<Origine>Don Faucher-Berhelé entré le 10/11/1978.</Origine>
		<Droits_Repro>Domaine public</Droits_Repro>
		<subject>GUERRE 1914-1918;</subject>
		<geoname>BELGIQUE (pays);WINKEL-SAINT-ELOI (hameau);</geoname>
		<persname></persname>
		<corpname></corpname>
	</DocsFigures>
<DocsFigures>
		<Titre>[Vue aérienne verticale du sud d&apos;Izegem en Belgique]
</Titre>
		<Analyse>&quot;K.34 Sd d&apos;ISEGHEM, 29/09/18, 10h30&quot;.
Vue aérienne verticale du sud de la commune d&apos;Izegem, province des Flandres Occidentales, région Flamande (Belgique).
29 septembre 1918. 
Guerre 1914-1918.</Analyse>
		<Realise_en>1918</Realise_en>
		<Liste_des_auteurs>None</Liste_des_auteurs>
		<Type_Doc>PHOTOGRAPHIE N&amp;B</Type_Doc>
		<Support>PAPIER</Support>
		<Technique>Photographie N&amp;B</Technique>
		<Format>13 x 18 cm</Format>
		<Cote>49Fi1641</Cote>
		<Observations></Observations>
		<Origine>Don Faucher-Berhelé entré le 10/11/1978.</Origine>
		<Droits_Repro>Domaine public</Droits_Repro>
		<subject>GUERRE 1914-1918;</subject>
		<geoname>BELGIQUE (pays);ISEGHEM (ville);</geoname>
		<persname></persname>
		<corpname></corpname>
	</DocsFigures>
<DocsFigures>
		<Titre>[Vue aérienne verticale du sud d&apos;Izegem en Belgique]
</Titre>
		<Analyse>&quot;K.32 Sd d&apos;ISEGHEM, 29/09/18, 10h30&quot;.
Vue aérienne verticale du sud de la commune d&apos;Izegem, province des Flandres Occidentales, région Flamande (Belgique).
29 septembre 1918. 
Guerre 1914-1918.</Analyse>
		<Realise_en>1918</Realise_en>
		<Liste_des_auteurs>None</Liste_des_auteurs>
		<Type_Doc>PHOTOGRAPHIE N&amp;B</Type_Doc>
		<Support>PAPIER</Support>
		<Technique>Photographie N&amp;B</Technique>
		<Format>13 x 18 cm</Format>
		<Cote>49Fi1642</Cote>
		<Observations></Observations>
		<Origine>Don Faucher-Berhelé entré le 10/11/1978.</Origine>
		<Droits_Repro>Domaine public</Droits_Repro>
		<subject>GUERRE 1914-1918;</subject>
		<geoname>BELGIQUE (pays);ISEGHEM (ville);</geoname>
		<persname></persname>
		<corpname></corpname>
	</DocsFigures>
<DocsFigures>
		<Titre>[Vue aérienne verticale de Winkel en Belgique]
</Titre>
		<Analyse>&quot;K.37 WINKEL, 29/09/18, 10h30&quot;.
Vue aérienne verticale du sud-ouest du hameau de Sint-Eloois-Winkel dans la commune de Ledegem, province des Flandres Occidentales, région Flamande (Belgique).
29 septembre 1918. 
Guerre 1914-1918.</Analyse>
		<Realise_en>1918</Realise_en>
		<Liste_des_auteurs>None</Liste_des_auteurs>
		<Type_Doc>PHOTOGRAPHIE N&amp;B</Type_Doc>
		<Support>PAPIER</Support>
		<Technique>Photographie N&amp;B</Technique>
		<Format>13 x 18 cm</Format>
		<Cote>49Fi1643</Cote>
		<Observations></Observations>
		<Origine>Don Faucher-Berhelé entré le 10/11/1978.</Origine>
		<Droits_Repro>Domaine public</Droits_Repro>
		<subject>GUERRE 1914-1918;</subject>
		<geoname>BELGIQUE (pays);WINKEL-SAINT-ELOI (hameau);</geoname>
		<persname></persname>
		<corpname></corpname>
	</DocsFigures>
<DocsFigures>
		<Titre>[Vue aérienne verticale de Kattestraat en Belgique]
</Titre>
		<Analyse>&quot;K.8 KATTESTRAT (M29), 29/09/18, 10h30&quot;.
Vue aérienne verticale de Kattestraat près du hameau de Klerken, dans la commune de HouthulstLedegem, province des Flandres Occidentales, région Flamande (Belgique).
29 septembre 1918. 
Guerre 1914-1918.</Analyse>
		<Realise_en>1918</Realise_en>
		<Liste_des_auteurs>None</Liste_des_auteurs>
		<Type_Doc>PHOTOGRAPHIE N&amp;B</Type_Doc>
		<Support>PAPIER</Support>
		<Technique>Photographie N&amp;B</Technique>
		<Format>13 x 18 cm</Format>
		<Cote>49Fi1644</Cote>
		<Observations></Observations>
		<Origine>Don Faucher-Berhelé entré le 10/11/1978.</Origine>
		<Droits_Repro>Domaine public</Droits_Repro>
		<subject>GUERRE 1914-1918;</subject>
		<geoname>BELGIQUE (pays);KATTESTRAAT (lieu-dit);</geoname>
		<persname></persname>
		<corpname></corpname>
	</DocsFigures>
<DocsFigures>
		<Titre>[Impact d&apos;obus n°1027]</Titre>
		<Analyse>Vue aérienne verticale d&apos;une zone bombardée autour d&apos;un bras de rivière. 
1918. Guerre 1914-1918.
Une flèche indique l&apos;impact d&apos;un obus.</Analyse>
		<Realise_en>1918</Realise_en>
		<Liste_des_auteurs>None</Liste_des_auteurs>
		<Type_Doc>PHOTOGRAPHIE N&amp;B</Type_Doc>
		<Support>PAPIER</Support>
		<Technique>Photographie N&amp;B</Technique>
		<Format>13 x 18 cm</Format>
		<Cote>49Fi1645</Cote>
		<Observations></Observations>
		<Origine>Don Faucher-Berhelé entré le 10/11/1978.</Origine>
		<Droits_Repro>Domaine public</Droits_Repro>
		<subject>GUERRE 1914-1918;</subject>
		<geoname></geoname>
		<persname></persname>
		<corpname></corpname>
	</DocsFigures>
<DocsFigures>
		<Titre>[Vue aérienne verticale de Winkel Saint-Eloi en Belgique]
</Titre>
		<Analyse>&quot;K.36 WINKEL ST ELOI, 29/09/18, 10h30&quot;;
Vue aérienne verticale du hameau de Sint-Eloois-Winkel dans la commune de Ledegem, province des Flandres Occidentales, région Flamande (Belgique).
29 septembre 1918. 
Guerre 1914-1918. </Analyse>
		<Realise_en>1918</Realise_en>
		<Liste_des_auteurs>None</Liste_des_auteurs>
		<Type_Doc>PHOTOGRAPHIE N&amp;B</Type_Doc>
		<Support>PAPIER</Support>
		<Technique>Photographie N&amp;B</Technique>
		<Format>18 x 13 cm</Format>
		<Cote>49Fi1646</Cote>
		<Observations></Observations>
		<Origine>Don Faucher-Berhelé entré le 10/11/1978.</Origine>
		<Droits_Repro>Domaine public</Droits_Repro>
		<subject>GUERRE 1914-1918;</subject>
		<geoname>BELGIQUE (pays);WINKEL-SAINT-ELOI (hameau);</geoname>
		<persname></persname>
		<corpname></corpname>
	</DocsFigures>
<DocsFigures>
		<Titre>[Vue aérienne verticale de Klerken en Belgique]
</Titre>
		<Analyse>&quot;K-CLERCKEM (M8), 29/09/18, 10h30&quot;;
Vue aérienne verticale du hameau de Klerken dans la commune de Houthulst, province des Flandres Occidentales, région Flamande (Belgique).
29 septembre 1918. 
Guerre 1914-1918.</Analyse>
		<Realise_en>1918</Realise_en>
		<Liste_des_auteurs>None</Liste_des_auteurs>
		<Type_Doc>PHOTOGRAPHIE N&amp;B</Type_Doc>
		<Support>PAPIER</Support>
		<Technique>Photographie N&amp;B</Technique>
		<Format>18 x 13 cm</Format>
		<Cote>49Fi1647</Cote>
		<Observations></Observations>
		<Origine>Don Faucher-Berhelé entré le 10/11/1978.</Origine>
		<Droits_Repro>Domaine public</Droits_Repro>
		<subject>GUERRE 1914-1918;</subject>
		<geoname>BELGIQUE (pays);CLERKEN (hameau);</geoname>
		<persname></persname>
		<corpname></corpname>
	</DocsFigures>
<DocsFigures>
		<Titre>[Vue aérienne verticale de la cathédrale d&apos;Amiens]</Titre>
		<Analyse>Vue aérienne de la cathédrale d&apos;Amiens (Somme).
1918. 
Guerre 1914-1918.</Analyse>
		<Realise_en>1918</Realise_en>
		<Liste_des_auteurs>None</Liste_des_auteurs>
		<Type_Doc>PHOTOGRAPHIE N&amp;B</Type_Doc>
		<Support>PAPIER</Support>
		<Technique>Photographie N&amp;B</Technique>
		<Format>12 x 9 cm</Format>
		<Cote>49Fi1648</Cote>
		<Observations>Le tirage est dense.</Observations>
		<Origine>Don Faucher-Berhelé entré le 10/11/1978.</Origine>
		<Droits_Repro>Domaine public</Droits_Repro>
		<subject>GUERRE 1914-1918;</subject>
		<geoname>SOMME (département);AMIENS (ville);</geoname>
		<persname></persname>
		<corpname></corpname>
	</DocsFigures>
<DocsFigures>
		<Titre>[Vue aérienne verticale d&apos;Amiens: place Gambetta et Hôtel de ville]</Titre>
		<Analyse>Vue aérienne de la place Gambetta et de l&apos;Hôtel de Ville d&apos;Amiens (Somme).
1918. 
Guerre 1914-1918.
Au fond de la place Gambetta, on peut voir le beffroi.</Analyse>
		<Realise_en>1918</Realise_en>
		<Liste_des_auteurs>None</Liste_des_auteurs>
		<Type_Doc>PHOTOGRAPHIE N&amp;B</Type_Doc>
		<Support>PAPIER</Support>
		<Technique>Photographie N&amp;B</Technique>
		<Format>12 x 9 cm</Format>
		<Cote>49Fi1649</Cote>
		<Observations>Le tirage est dense.</Observations>
		<Origine>Don Faucher-Berhelé entré le 10/11/1978.</Origine>
		<Droits_Repro>Domaine public</Droits_Repro>
		<subject>GUERRE 1914-1918;</subject>
		<geoname>AMIENS (ville);SOMME (département);</geoname>
		<persname></persname>
		<corpname></corpname>
	</DocsFigures>
<DocsFigures>
		<Titre>Ferme Cattina en août 1916</Titre>
		<Analyse>Vue aérienne verticale de la ferme Cattina.
Août 1916. 
Guerre 1914-1918.
Observation des dégâts occasionnés par les bombardements.</Analyse>
		<Realise_en>1916</Realise_en>
		<Liste_des_auteurs>None</Liste_des_auteurs>
		<Type_Doc>PHOTOGRAPHIE N&amp;B</Type_Doc>
		<Support>PAPIER</Support>
		<Technique>Photographie N&amp;B</Technique>
		<Format>12,5 x 15,5 cm</Format>
		<Cote>49Fi1650</Cote>
		<Observations></Observations>
		<Origine>Don Faucher-Berhelé entré le 10/11/1978.</Origine>
		<Droits_Repro>Domaine public</Droits_Repro>
		<subject>GUERRE 1914-1918;</subject>
		<geoname></geoname>
		<persname></persname>
		<corpname></corpname>
	</DocsFigures>
<DocsFigures>
		<Titre>Ferme Cattina en août 1917</Titre>
		<Analyse>Vue aérienne verticale de la ferme Cattina.
Août 1917. 
Guerre 1914-1918.
Observation des dégâts occasionnés par les bombardements.</Analyse>
		<Realise_en>1917</Realise_en>
		<Liste_des_auteurs>None</Liste_des_auteurs>
		<Type_Doc>PHOTOGRAPHIE N&amp;B</Type_Doc>
		<Support>PAPIER</Support>
		<Technique>Photographie N&amp;B</Technique>
		<Format>12,5 x 15,5 cm</Format>
		<Cote>49Fi1651</Cote>
		<Observations></Observations>
		<Origine>Don Faucher-Berhelé entré le 10/11/1978.</Origine>
		<Droits_Repro>Domaine public</Droits_Repro>
		<subject>GUERRE 1914-1918;</subject>
		<geoname></geoname>
		<persname></persname>
		<corpname></corpname>
	</DocsFigures>
<DocsFigures>
		<Titre>Ferme Cattina en août 1918</Titre>
		<Analyse>Vue aérienne verticale de la ferme Cattina.
Août 1918. 
Guerre 1914-1918.
Observation des dégâts occasionnés par les bombardements.</Analyse>
		<Realise_en>1918</Realise_en>
		<Liste_des_auteurs>None</Liste_des_auteurs>
		<Type_Doc>PHOTOGRAPHIE N&amp;B</Type_Doc>
		<Support>PAPIER</Support>
		<Technique>Photographie N&amp;B</Technique>
		<Format>12,5 x 15,5 cm</Format>
		<Cote>49Fi1652</Cote>
		<Observations></Observations>
		<Origine>Don Faucher-Berhelé entré le 10/11/1978.</Origine>
		<Droits_Repro>Domaine public</Droits_Repro>
		<subject>GUERRE 1914-1918;</subject>
		<geoname></geoname>
		<persname></persname>
		<corpname></corpname>
	</DocsFigures>
<DocsFigures>
		<Titre>Ypres en 1915 en Belgique</Titre>
		<Analyse>Vue aérienne oblique des ruines d&apos;Ypres, province des Flandres Occidentales, région Flamande (Belgique).
1915. 
Guerre 1914-1918.</Analyse>
		<Realise_en>1915</Realise_en>
		<Liste_des_auteurs>None</Liste_des_auteurs>
		<Type_Doc>PHOTOGRAPHIE N&amp;B</Type_Doc>
		<Support>PAPIER</Support>
		<Technique>Photographie N&amp;B</Technique>
		<Format>11 x 16,3 cm</Format>
		<Cote>49Fi1653</Cote>
		<Observations></Observations>
		<Origine>Don Faucher-Berhelé entré le 10/11/1978.</Origine>
		<Droits_Repro>Domaine public</Droits_Repro>
		<subject>SINISTRE;BIEN SINISTRE;GUERRE 1914-1918;</subject>
		<geoname>BELGIQUE (pays);YPRES (ville);</geoname>
		<persname></persname>
		<corpname></corpname>
	</DocsFigures>
<DocsFigures>
		<Titre>[Vue aérienne oblique des ruines d&apos;Ypres en Belgique]
</Titre>
		<Analyse>&quot;Obs. Lt. Ch. Coomans, Pil. Lt. de Meeûs, alt. 600m, 26 juin 1917, Ypres&quot;
Vue aérienne oblique des ruines d&apos;Ypres, province des Flandres Occidentales, région Flamande (Belgique).
26 juin 1917. 
Guerre 1914-1918.
Pilote: Lieutenant de Meeûs. Observateur:  Lieutenant Ch. Coomans.</Analyse>
		<Realise_en>1917</Realise_en>
		<Liste_des_auteurs>COOMANS, Ch. [ Auteur ]</Liste_des_auteurs>
		<Type_Doc>PHOTOGRAPHIE N&amp;B</Type_Doc>
		<Support>PAPIER</Support>
		<Technique>Photographie N&amp;B</Technique>
		<Format>16 x 22 cm</Format>
		<Cote>49Fi1654</Cote>
		<Observations>Le tirage est dense.</Observations>
		<Origine>Don Faucher-Berhelé entré le 10/11/1978.</Origine>
		<Droits_Repro>Domaine public</Droits_Repro>
		<subject>SINISTRE;BIEN SINISTRE;GUERRE 1914-1918;</subject>
		<geoname>BELGIQUE (pays);YPRES (ville);</geoname>
		<persname></persname>
		<corpname></corpname>
	</DocsFigures>
<DocsFigures>
		<Titre>Ypres en 1918 Belgique</Titre>
		<Analyse>Vue aérienne oblique des ruines de la cathédrale d&apos;Ypres, province des Flandres Occidentales, région Flamande (Belgique), après les bombardements.
1918. 
Guerre 1914-1918.</Analyse>
		<Realise_en>1918</Realise_en>
		<Liste_des_auteurs>None</Liste_des_auteurs>
		<Type_Doc>PHOTOGRAPHIE N&amp;B</Type_Doc>
		<Support>PAPIER</Support>
		<Technique>Photographie N&amp;B</Technique>
		<Format>16 x 21,5 cm</Format>
		<Cote>49Fi1655</Cote>
		<Observations></Observations>
		<Origine>Don Faucher-Berhelé entré le 10/11/1978.</Origine>
		<Droits_Repro>Domaine public</Droits_Repro>
		<subject>SINISTRE;EDIFICE CULTUEL;BIEN SINISTRE;GUERRE 1914-1918;</subject>
		<geoname>BELGIQUE (pays);YPRES (ville);</geoname>
		<persname></persname>
		<corpname></corpname>
	</DocsFigures>
<DocsFigures>
		<Titre>[Vue aérienne verticale à 1800m d&apos;altitude de Dixmude en Belgique]
</Titre>
		<Analyse>&quot;Dixmude (rue de Wouman), Av MB, D.861, 24/08/18, 14h, 1800m, 1/1500
P: Lt de Roest, O: Lt Ch Coomans&quot;
Vue aérienne de Dixmude, province des Flandres Occidentales, région Flamande (Belgique).
24 août 1918. 
Guerre 1914-1918.
Pilote: Lieutenant de Roest. Observateur: LieutenantCoomans.</Analyse>
		<Realise_en>1918</Realise_en>
		<Liste_des_auteurs>COOMANS, Ch. [ Auteur ]</Liste_des_auteurs>
		<Type_Doc>PHOTOGRAPHIE N&amp;B</Type_Doc>
		<Support>PAPIER</Support>
		<Technique>Photographie N&amp;B</Technique>
		<Format>18 x 24 cm</Format>
		<Cote>49Fi1656</Cote>
		<Observations></Observations>
		<Origine>Don Faucher-Berhelé entré le 10/11/1978.</Origine>
		<Droits_Repro>Domaine public</Droits_Repro>
		<subject>GUERRE 1914-1918;</subject>
		<geoname>BELGIQUE (pays);DIXMUDE (ville);</geoname>
		<persname></persname>
		<corpname></corpname>
	</DocsFigures>
<DocsFigures>
		<Titre>[Vue aérienne oblique des ruines de Nieuport en Belgique]
</Titre>
		<Analyse>&quot;Nieuport, P. Lt de Roest, O. Lt. Ch. Coomans&quot;
Vue aérienne oblique des ruines de Nieuport, province des Flandres Occidentales, région Flamande (Belgique).
1918.
Guerre 1914-1918.
Pilote: Lieutenant de Roest. Observateur : Lieutenant Ch. Coomans.</Analyse>
		<Realise_en>1918</Realise_en>
		<Liste_des_auteurs>COOMANS, Ch. [ Auteur ]</Liste_des_auteurs>
		<Type_Doc>PHOTOGRAPHIE N&amp;B</Type_Doc>
		<Support>PAPIER</Support>
		<Technique>Photographie N&amp;B</Technique>
		<Format>18 x 24 cm</Format>
		<Cote>49Fi1657</Cote>
		<Observations></Observations>
		<Origine>Don Faucher-Berhelé entré le 10/11/1978.</Origine>
		<Droits_Repro>Domaine public</Droits_Repro>
		<subject>SINISTRE;BIEN SINISTRE;GUERRE 1914-1918;</subject>
		<geoname>BELGIQUE (pays);NIEUPORT (ville);</geoname>
		<persname></persname>
		<corpname></corpname>
	</DocsFigures>
<DocsFigures>
		<Titre>[Vue aérienne verticale du Pont rail de Dixmude en Belgique]
</Titre>
		<Analyse>&quot;Av MB Z 2843, 03/01/18, pil. Lt. de Roest, obs. Lt. Ch. Coomans, alt. 1500m
E. Pont rail Dixmude (c.41)&quot;
Vue aérienne verticale du Pont rail de Dixmude, province des Flandres Occidentales, région Flamande (Belgique).
3 janvier 1918. 
Guerre 1914-1918.
Pilote: Lieutenant de Roest. Observateur: Lieutenant Coomans.</Analyse>
		<Realise_en>1918</Realise_en>
		<Liste_des_auteurs>COOMANS, Ch. [ Auteur ]</Liste_des_auteurs>
		<Type_Doc>PHOTOGRAPHIE N&amp;B</Type_Doc>
		<Support>PAPIER</Support>
		<Technique>Photographie N&amp;B</Technique>
		<Format>18 x 24 cm</Format>
		<Cote>49Fi1658</Cote>
		<Observations></Observations>
		<Origine>Don Faucher-Berhelé entré le 10/11/1978.</Origine>
		<Droits_Repro>Domaine public</Droits_Repro>
		<subject>GUERRE 1914-1918;</subject>
		<geoname>BELGIQUE (pays);DIXMUDE (ville);</geoname>
		<persname></persname>
		<corpname></corpname>
	</DocsFigures>
<DocsFigures>
		<Titre>Ypres. Vue à 400m Belgique</Titre>
		<Analyse>Vue aérienne oblique prise à 400m d&apos;altitude des ruines d&apos;Ypres, province des Flandres Occidentales, région Flamande (Belgique).
1918. 
Guerre 1914-1918.</Analyse>
		<Realise_en>1918</Realise_en>
		<Liste_des_auteurs>None</Liste_des_auteurs>
		<Type_Doc>PHOTOGRAPHIE N&amp;B</Type_Doc>
		<Support>PAPIER</Support>
		<Technique>Photographie N&amp;B</Technique>
		<Format>10 x 19,7 cm</Format>
		<Cote>49Fi1659</Cote>
		<Observations></Observations>
		<Origine>Don Faucher-Berhelé entré le 10/11/1978.</Origine>
		<Droits_Repro>Domaine public</Droits_Repro>
		<subject>SINISTRE;BIEN SINISTRE;GUERRE 1914-1918;</subject>
		<geoname>BELGIQUE (pays);YPRES (ville);</geoname>
		<persname></persname>
		<corpname></corpname>
	</DocsFigures>
<DocsFigures>
		<Titre>Ypres août 1918 en Belgique</Titre>
		<Analyse>Vue aérienne oblique des ruines d&apos;Ypres, province des Flandres Occidentales, région Flamande (Belgique).
août 1918. 
Guerre 1914-1918.</Analyse>
		<Realise_en>1918</Realise_en>
		<Liste_des_auteurs>None</Liste_des_auteurs>
		<Type_Doc>PHOTOGRAPHIE N&amp;B</Type_Doc>
		<Support>PAPIER</Support>
		<Technique>Photographie N&amp;B</Technique>
		<Format>9,5 x 19 cm</Format>
		<Cote>49Fi1660</Cote>
		<Observations></Observations>
		<Origine>Don Faucher-Berhelé entré le 10/11/1978.</Origine>
		<Droits_Repro>Domaine public</Droits_Repro>
		<subject>SINISTRE;BIEN SINISTRE;GUERRE 1914-1918;</subject>
		<geoname>BELGIQUE (pays);YPRES (ville);</geoname>
		<persname></persname>
		<corpname></corpname>
	</DocsFigures>
<DocsFigures>
		<Titre>Dixmude en 1917</Titre>
		<Analyse>Vue aérienne oblique des ruines de Dixmude, province des Flandres Occidentales, région Flamande (Belgique).
1917. 
Guerre 1914-1918.</Analyse>
		<Realise_en>1917</Realise_en>
		<Liste_des_auteurs>None</Liste_des_auteurs>
		<Type_Doc>PHOTOGRAPHIE N&amp;B</Type_Doc>
		<Support>PAPIER</Support>
		<Technique>Photographie N&amp;B</Technique>
		<Format>11 x 19,5 cm</Format>
		<Cote>49Fi1661</Cote>
		<Observations></Observations>
		<Origine>Don Faucher-Berhelé entré le 10/11/1978.</Origine>
		<Droits_Repro>Domaine public</Droits_Repro>
		<subject>SINISTRE;BIEN SINISTRE;GUERRE 1914-1918;</subject>
		<geoname>BELGIQUE (pays);DIXMUDE (ville);</geoname>
		<persname></persname>
		<corpname></corpname>
	</DocsFigures>
<DocsFigures>
		<Titre>[Vue aérienne  oblique prise à 600m d&apos;altitude de Dixmude en Belgique]
</Titre>
		<Analyse>&quot;Av MB Z 1045, 10/08/17, 18h30, pil. Lt de Crombez, obs Lt. Ch Coomans, alt 600m
Dixmude (c. 41)&quot;
Vue aérienne oblique des ruines de Dixmude, province des Flandres Occidentales, région Flamande (Belgique).
10 août 1917. 
Guerre 1914-1918.
Pilote: Lieutenant de Crombez. Observateur: Lieutenant Ch. Coomans.</Analyse>
		<Realise_en>1917</Realise_en>
		<Liste_des_auteurs>COOMANS, Ch. [ Auteur ]</Liste_des_auteurs>
		<Type_Doc>PHOTOGRAPHIE N&amp;B</Type_Doc>
		<Support>PAPIER</Support>
		<Technique>Photographie N&amp;B</Technique>
		<Format>19 x 23,5 cm</Format>
		<Cote>49Fi1662</Cote>
		<Observations></Observations>
		<Origine>Don Faucher-Berhelé entré le 10/11/1978.</Origine>
		<Droits_Repro>Domaine public</Droits_Repro>
		<subject>SINISTRE;BIEN SINISTRE;GUERRE 1914-1918;</subject>
		<geoname>BELGIQUE (pays);DIXMUDE (ville);</geoname>
		<persname></persname>
		<corpname></corpname>
	</DocsFigures>
<DocsFigures>
		<Titre>[Vue aérienne verticale prise à 5100m d&apos;altitude à Ostende en Belgique]
</Titre>
		<Analyse>&quot;Av MB D 317 02/06/18, 13h, 5100m, OSTENDE, 1/4250, pilote: capitaine Jaumotte, observateur: Lieutenant Desclée&quot;
Vue aérienne verticale d&apos;Ostende, province des Flandres Occidentales, région Flamande (Belgique).
2 juin 1918. 
Guerre 1914-1918.
Pilote: Capitaine Jaumotte. Observateur: Lieutenant Desclée.</Analyse>
		<Realise_en>1918</Realise_en>
		<Liste_des_auteurs>DESCLEE [ Auteur ]</Liste_des_auteurs>
		<Type_Doc>PHOTOGRAPHIE N&amp;B</Type_Doc>
		<Support>PAPIER</Support>
		<Technique>Photographie N&amp;B</Technique>
		<Format>17,8 x 23,7 cm</Format>
		<Cote>49Fi1663</Cote>
		<Observations></Observations>
		<Origine>Don Faucher-Berhelé entré le 10/11/1978.</Origine>
		<Droits_Repro>Domaine public</Droits_Repro>
		<subject>GUERRE 1914-1918;</subject>
		<geoname>BELGIQUE (pays);OSTENDE (ville);</geoname>
		<persname></persname>
		<corpname></corpname>
	</DocsFigures>
<DocsFigures>
		<Titre>[Vue aérienne verticale prise à 5100m d&apos;atitude d&apos;Ostende en Belgique]
</Titre>
		<Analyse>&quot;Av MB D 318 02/06/18, 13h, 5100m, OSTENDE, 1/4250, pilote: capitaine Jaumotte,
observateur Lieutenant Desclée&quot;
Vue aérienne verticale d&apos;Ostende, province des Flandres Occidentales, région Flamande (Belgique).
2 juin 1918. 
Guerre 1914-1918.
Pilote: Capitaine Jaumotte. Observateur: Lieutenant Desclée</Analyse>
		<Realise_en>1918</Realise_en>
		<Liste_des_auteurs>DESCLEE [ Auteur ]</Liste_des_auteurs>
		<Type_Doc>PHOTOGRAPHIE N&amp;B</Type_Doc>
		<Support>PAPIER</Support>
		<Technique>Photographie N&amp;B</Technique>
		<Format>17,8 x 23,7 cm</Format>
		<Cote>49Fi1664</Cote>
		<Observations></Observations>
		<Origine>Don Faucher-Berhelé entré le 10/11/1978.</Origine>
		<Droits_Repro>Domaine public</Droits_Repro>
		<subject>GUERRE 1914-1918;</subject>
		<geoname>BELGIQUE (pays);OSTENDE (ville);</geoname>
		<persname></persname>
		<corpname></corpname>
	</DocsFigures>
<DocsFigures>
		<Titre>[Vue aérienne verticale de Lichtervelde en Belgique]
</Titre>
		<Analyse>&quot;D 663 LICHTERVELDE 10/08/18&quot;
Vue aérienne verticale de Lichtervelde, province des Flandres Occidentales, région Flamande (Belgique).
10 août 1918.
Guerre 1914-1918.</Analyse>
		<Realise_en>1918</Realise_en>
		<Liste_des_auteurs>DESCLEE [ Auteur ]</Liste_des_auteurs>
		<Type_Doc>PHOTOGRAPHIE N&amp;B</Type_Doc>
		<Support>PAPIER</Support>
		<Technique>Photographie N&amp;B</Technique>
		<Format>17,8 x 23,7 cm</Format>
		<Cote>49Fi1665</Cote>
		<Observations></Observations>
		<Origine>Don Faucher-Berhelé entré le 10/11/1978.</Origine>
		<Droits_Repro>Domaine public</Droits_Repro>
		<subject>GUERRE 1914-1918;</subject>
		<geoname>BELGIQUE (pays);LICHTERVELDE (ville);</geoname>
		<persname></persname>
		<corpname></corpname>
	</DocsFigures>
<DocsFigures>
		<Titre>[Vue aérienne verticale prise à 5600m d&apos;altitude de Nieuport en Belgique]
</Titre>
		<Analyse>&quot;Av MB D 751, 15/08/18, 17h, 5600m, E. NIEUPORT, 1/10700, A.22 pilote: Lt Roest, Observateur: lieutenant Coomans&quot;
Vue aérienne verticale de Nieuport, province des Flandres Occidentales, région Flamande (Belgique).
15 août 1918. 
Guerre 1914-1918.</Analyse>
		<Realise_en>1918</Realise_en>
		<Liste_des_auteurs>DESCLEE [ Auteur ]</Liste_des_auteurs>
		<Type_Doc>PHOTOGRAPHIE N&amp;B</Type_Doc>
		<Support>PAPIER</Support>
		<Technique>Photographie N&amp;B</Technique>
		<Format>17,8 x 23,7 cm</Format>
		<Cote>49Fi1666</Cote>
		<Observations></Observations>
		<Origine>Don Faucher-Berhelé entré le 10/11/1978.</Origine>
		<Droits_Repro>Domaine public</Droits_Repro>
		<subject>GUERRE 1914-1918;</subject>
		<geoname>BELGIQUE (pays);NIEUPORT (ville);</geoname>
		<persname></persname>
		<corpname></corpname>
	</DocsFigures>
<DocsFigures>
		<Titre>[Vue aérienne verticale prise à 5500m d&apos;altitude de Rumbeke en Belgique]
</Titre>
		<Analyse>&quot;Av MB D 778, 21/08/18, 14h, 5500m, RUMBEKE, 1/11000, pilote: capitaine Jaumotte
observateur: Lieutenant Desclée&quot;
Vue aérienne verticale de Rumbeke, province des Flandres Occidentales, région Flamande (Belgique).
21 août 1918. 
Guerre 1914-1918.
Pilote: Capitaine Jaumotte. Observateur: Lieutenant Desclée</Analyse>
		<Realise_en>1918</Realise_en>
		<Liste_des_auteurs>DESCLEE [ Auteur ]</Liste_des_auteurs>
		<Type_Doc>PHOTOGRAPHIE N&amp;B</Type_Doc>
		<Support>PAPIER</Support>
		<Technique>Photographie N&amp;B</Technique>
		<Format>17,8 x 23,7 cm</Format>
		<Cote>49Fi1667</Cote>
		<Observations></Observations>
		<Origine>Don Faucher-Berhelé entré le 10/11/1978.</Origine>
		<Droits_Repro>Domaine public</Droits_Repro>
		<subject>GUERRE 1914-1918;</subject>
		<geoname>BELGIQUE (pays);RUMBEKE (village);</geoname>
		<persname></persname>
		<corpname></corpname>
	</DocsFigures>
<DocsFigures>
		<Titre>[Vue aérienne verticale prise à 5500m d&apos;altitude de Rumbeke en Belgique]
</Titre>
		<Analyse>&quot;Av MB D 779, 21/08/18, 14h, 5500m, RUMBEKE, 1/11000, pilote: capitaine Jaumotte
observateur: Lieutenant Desclée&quot;
Vue aérienne verticale de Rumbeke, province des Flandres Occidentales, région Flamande (Belgique).
21 août 1918. 
Guerre 1914-1918.
Pilote: Capitaine Jaumotte. Observateur: Lieutenant Desclée</Analyse>
		<Realise_en>1918</Realise_en>
		<Liste_des_auteurs>DESCLEE [ Auteur ]</Liste_des_auteurs>
		<Type_Doc>PHOTOGRAPHIE N&amp;B</Type_Doc>
		<Support>PAPIER</Support>
		<Technique>Photographie N&amp;B</Technique>
		<Format>17,8 x 23,7 cm</Format>
		<Cote>49Fi1668</Cote>
		<Observations></Observations>
		<Origine>Don Faucher-Berhelé entré le 10/11/1978.</Origine>
		<Droits_Repro>Domaine public</Droits_Repro>
		<subject>GUERRE 1914-1918;</subject>
		<geoname>BELGIQUE (pays);RUMBEKE (village);</geoname>
		<persname></persname>
		<corpname></corpname>
	</DocsFigures>
<DocsFigures>
		<Titre>[Vue aérienne verticale prise à 5500m d&apos;altitude de Rumbeke en Belgique]
</Titre>
		<Analyse>&quot;Av MB D 780, 21/08/18, 14h, 5500m, RUMBEKE, 1/11000, pilote: capitaine Jaumotte observateur: Lieutenant Desclée&quot;
Vue aérienne verticale de Rumbeke, province des Flandres Occidentales, région Flamande (Belgique).
21 août 1918. 
Guerre 1914-1918.
Pilote: Capitaine Jaumotte. Observateur: Lieutenant Desclée.</Analyse>
		<Realise_en>1918</Realise_en>
		<Liste_des_auteurs>DESCLEE [ Auteur ]</Liste_des_auteurs>
		<Type_Doc>PHOTOGRAPHIE N&amp;B</Type_Doc>
		<Support>PAPIER</Support>
		<Technique>Photographie N&amp;B</Technique>
		<Format>17,8 x 23,7 cm</Format>
		<Cote>49Fi1669</Cote>
		<Observations></Observations>
		<Origine>Don Faucher-Berhelé entré le 10/11/1978.</Origine>
		<Droits_Repro>Domaine public</Droits_Repro>
		<subject>GUERRE 1914-1918;</subject>
		<geoname>BELGIQUE (pays);RUMBEKE (village);</geoname>
		<persname></persname>
		<corpname></corpname>
	</DocsFigures>
<DocsFigures>
		<Titre>[Vue aérienne verticale prise à 5500m d&apos;altitude de Cachtem en Belgique]
</Titre>
		<Analyse>&quot;Av MB D 782, 21/08/18, 14h, 5500m, W CACHTEM, 1/11000 pilote: capitaine Jaumotte, observateur: Lieutenant Desclée&quot;
Vue aérienne verticale de Cachtem, province des Flandres Occidentales, région Flamande (Belgique).
21 août 1918. 
Guerre 1914-1918.
Pilote: Capitaine Jaumotte. Observateur: Lieutenant Desclée.</Analyse>
		<Realise_en>1918</Realise_en>
		<Liste_des_auteurs>DESCLEE [ Auteur ]</Liste_des_auteurs>
		<Type_Doc>PHOTOGRAPHIE N&amp;B</Type_Doc>
		<Support>PAPIER</Support>
		<Technique>Photographie N&amp;B</Technique>
		<Format>17,8 x 23,7 cm</Format>
		<Cote>49Fi1670</Cote>
		<Observations></Observations>
		<Origine>Don Faucher-Berhelé entré le 10/11/1978.</Origine>
		<Droits_Repro>Domaine public</Droits_Repro>
		<subject>GUERRE 1914-1918;</subject>
		<geoname>BELGIQUE (pays);CACHTEM (village);</geoname>
		<persname></persname>
		<corpname></corpname>
	</DocsFigures>
<DocsFigures>
		<Titre>[Vue aérienne verticale prise à 5500m d&apos;altitude d&apos;Iseghem en Belgique]
</Titre>
		<Analyse>&quot;Av MB D 787, 21/08/18, 14h, 5500m, ISEGHEM E., 1/11000 pilote: capitaine Jaumotte, observateur: Lieutenant Desclée&quot;
Vue aérienne verticale d&apos;Iseghem, province des Flandres Occidentales, région Flamande (Belgique).
21 août 1918. 
Guerre 1914-1918.
Pilote: Capitaine Jaumotte. Observateur: Lieutenant Desclée.</Analyse>
		<Realise_en>1918</Realise_en>
		<Liste_des_auteurs>DESCLEE [ Auteur ]</Liste_des_auteurs>
		<Type_Doc>PHOTOGRAPHIE N&amp;B</Type_Doc>
		<Support>PAPIER</Support>
		<Technique>Photographie N&amp;B</Technique>
		<Format>17,8 x 23,7 cm</Format>
		<Cote>49Fi1671</Cote>
		<Observations></Observations>
		<Origine>Don Faucher-Berhelé entré le 10/11/1978.</Origine>
		<Droits_Repro>Domaine public</Droits_Repro>
		<subject>GUERRE 1914-1918;</subject>
		<geoname>BELGIQUE (pays);ISEGHEM (ville);</geoname>
		<persname></persname>
		<corpname></corpname>
	</DocsFigures>
<DocsFigures>
		<Titre>[Vue aérienne verticale prise à 5500m d&apos;altitude de Cachtem en Belgique]
</Titre>
		<Analyse>&quot;Av MB D 794, 21/08/18, 14h, 5500m,NE. CACHTEM, 1/11000 pilote: capitaine Jaumotte, observateur: Lieutenant Desclée&quot;
Vue aérienne verticale de Cachtem, province des Flandres Occidentales, région Flamande (Belgique).
21 août 1918. 
Guerre 1914-1918.
Pilote: Capitaine Jaumotte. Observateur: Lieutenant Desclée.</Analyse>
		<Realise_en>1918</Realise_en>
		<Liste_des_auteurs>DESCLEE [ Auteur ]</Liste_des_auteurs>
		<Type_Doc>PHOTOGRAPHIE N&amp;B</Type_Doc>
		<Support>PAPIER</Support>
		<Technique>Photographie N&amp;B</Technique>
		<Format>17,8 x 23,7 cm</Format>
		<Cote>49Fi1672</Cote>
		<Observations></Observations>
		<Origine>Don Faucher-Berhelé entré le 10/11/1978.</Origine>
		<Droits_Repro>Domaine public</Droits_Repro>
		<subject>GUERRE 1914-1918;</subject>
		<geoname>BELGIQUE (pays);CACHTEM (village);</geoname>
		<persname></persname>
		<corpname></corpname>
	</DocsFigures>
<DocsFigures>
		<Titre>[Vue aérienne verticale prise à 5500m d&apos;altitude de Ardoye en Belgique]
</Titre>
		<Analyse>&quot;Av MB D 795, 21/08/18, 14h, 5500m,S. ARDOYE, 1/11000 pilote: capitaine Jaumotte, observateur: Lieutenant Desclée&quot;
Vue aérienne verticale d&apos;Ardoye, province des Flandres Occidentales, région Flamande (Belgique).
21 août 1918. 
Guerre 1914-1918.
Pilote: capitaine Jaumotte. Observateur: lieutenant Desclée.</Analyse>
		<Realise_en>1918</Realise_en>
		<Liste_des_auteurs>DESCLEE [ Auteur ]</Liste_des_auteurs>
		<Type_Doc>PHOTOGRAPHIE N&amp;B</Type_Doc>
		<Support>PAPIER</Support>
		<Technique>Photographie N&amp;B</Technique>
		<Format>17,8 x 23,7 cm</Format>
		<Cote>49Fi1673</Cote>
		<Observations></Observations>
		<Origine>Don Faucher-Berhelé entré le 10/11/1978.</Origine>
		<Droits_Repro>Domaine public</Droits_Repro>
		<subject>GUERRE 1914-1918;</subject>
		<geoname>BELGIQUE (pays);ARDOYE (ville);</geoname>
		<persname></persname>
		<corpname></corpname>
	</DocsFigures>
<DocsFigures>
		<Titre>[Vue aérienne verticale prise à 5500m d&apos;altitude de Ardoye en Belgique]
</Titre>
		<Analyse>&quot;Av MB D 798, 21/08/18, 14h, 5500m, ARDOYE, 1/11000 pilote: capitaine Jaumotte, observateur: Lieutenant Desclée&quot;
Vue aérienne verticale d&apos;Ardoye, province des Flandres Occidentales, région Flamande (Belgique).
21 août 1918. 
Guerre 1914-1918.
Pilote: capitaine Jaumotte. Observateur: lieutenant Desclée.</Analyse>
		<Realise_en>1918</Realise_en>
		<Liste_des_auteurs>DESCLEE [ Auteur ]</Liste_des_auteurs>
		<Type_Doc>PHOTOGRAPHIE N&amp;B</Type_Doc>
		<Support>PAPIER</Support>
		<Technique>Photographie N&amp;B</Technique>
		<Format>17,8 x 23,7 cm</Format>
		<Cote>49Fi1674</Cote>
		<Observations></Observations>
		<Origine>Don Faucher-Berhelé entré le 10/11/1978.</Origine>
		<Droits_Repro>Domaine public</Droits_Repro>
		<subject>GUERRE 1914-1918;</subject>
		<geoname>BELGIQUE (pays);ARDOYE (ville);</geoname>
		<persname></persname>
		<corpname></corpname>
	</DocsFigures>
<DocsFigures>
		<Titre>[Vue aérienne verticale prise à 5500m d&apos;altitude d&apos;Ardoye en Belgique]
</Titre>
		<Analyse>&quot;Av MB D 799, 21/08/18, 14h, 5500m, ARDOYE N., 1/11000 pilote: capitaine Jaumotte, observateur: Lieutenant Desclée&quot;
Vue aérienne verticale du nord d&apos;Ardoye, province des Flandres Occidentales, région Flamande (Belgique).
21 août 1918. 
Guerre 1914-1918.
Pilote: capitaine Jaumotte. Observateur: lieutenant Desclée.</Analyse>
		<Realise_en>1918</Realise_en>
		<Liste_des_auteurs>DESCLEE [ Auteur ]</Liste_des_auteurs>
		<Type_Doc>PHOTOGRAPHIE N&amp;B</Type_Doc>
		<Support>PAPIER</Support>
		<Technique>Photographie N&amp;B</Technique>
		<Format>17,8 x 23,7 cm</Format>
		<Cote>49Fi1675</Cote>
		<Observations></Observations>
		<Origine>Don Faucher-Berhelé entré le 10/11/1978.</Origine>
		<Droits_Repro>Domaine public</Droits_Repro>
		<subject>GUERRE 1914-1918;</subject>
		<geoname>BELGIQUE (pays);ARDOYE (ville);</geoname>
		<persname></persname>
		<corpname></corpname>
	</DocsFigures>
<DocsFigures>
		<Titre>[Vue aérienne verticale prise à 5500m d&apos;altitude d&apos;Ardoye en Belgique]
</Titre>
		<Analyse>&quot;Av MB D 800, 21/08/18, 14h, 5500m, ARDOYE N., 1/11000 pilote: capitaine Jaumotte, observateur: Lieutenant Desclée&quot;
Vue aérienne verticale du nord d&apos;Ardoye, province des Flandres Occidentales, région Flamande (Belgique).
21 août 1918. 
Guerre 1914-1918.
Pilote: capitaine Jaumotte. Observateur: Lieutenant Desclée.</Analyse>
		<Realise_en>1918</Realise_en>
		<Liste_des_auteurs>DESCLEE [ Auteur ]</Liste_des_auteurs>
		<Type_Doc>PHOTOGRAPHIE N&amp;B</Type_Doc>
		<Support>PAPIER</Support>
		<Technique>Photographie N&amp;B</Technique>
		<Format>17,8 x 23,7 cm</Format>
		<Cote>49Fi1676</Cote>
		<Observations></Observations>
		<Origine>Don Faucher-Berhelé entré le 10/11/1978.</Origine>
		<Droits_Repro>Domaine public</Droits_Repro>
		<subject>GUERRE 1914-1918;</subject>
		<geoname>BELGIQUE (pays);ARDOYE (ville);</geoname>
		<persname></persname>
		<corpname></corpname>
	</DocsFigures>
<DocsFigures>
		<Titre>[Vue aérienne verticale prise à 5500m d&apos;altitude d&apos;Ardoye en Belgique]
</Titre>
		<Analyse>&quot;Av MB D 801, 21/08/18, 14h, 5500m, ARDOYE N., 1/11000 pilote: capitaine Jaumotte, observateur: Lieutenant Desclée&quot;
Vue aérienne verticale du nord d&apos;Ardoye, province des Flandres Occidentales, région Flamande (Belgique).
21 août 1918. 
Guerre 1914-1918. 
Pilote: capitaine Jaumotte. Onservateur: lieutenant Desclée.</Analyse>
		<Realise_en>1918</Realise_en>
		<Liste_des_auteurs>DESCLEE [ Auteur ]</Liste_des_auteurs>
		<Type_Doc>PHOTOGRAPHIE N&amp;B</Type_Doc>
		<Support>PAPIER</Support>
		<Technique>Photographie N&amp;B</Technique>
		<Format>17,8 x 23,7 cm</Format>
		<Cote>49Fi1677</Cote>
		<Observations></Observations>
		<Origine>Don Faucher-Berhelé entré le 10/11/1978.</Origine>
		<Droits_Repro>Domaine public</Droits_Repro>
		<subject>GUERRE 1914-1918;</subject>
		<geoname>BELGIQUE (pays);ARDOYE (ville);</geoname>
		<persname></persname>
		<corpname></corpname>
	</DocsFigures>
<DocsFigures>
		<Titre>[Vue aérienne verticale prise à 5500m d&apos;altitude de Swevezeele en Belgique]
</Titre>
		<Analyse>&quot;Av MB D 807, 21/08/18, 14h, 5500m, SWEVEZEELE S.W., 1/11000 pilote: capitaine Jaumotte, observateur: Lieutenant Desclée&quot;
Vue aérienne verticale du sud-ouest de Swevezeele, province des Flandres Occidentales, région Flamande (Belgique).
21 août 1918. 
Guerre 1914-1918.
Pilote: capitaine Jaumotte. Observateur: lieutenant Desclée.</Analyse>
		<Realise_en>1918</Realise_en>
		<Liste_des_auteurs>DESCLEE [ Auteur ]</Liste_des_auteurs>
		<Type_Doc>PHOTOGRAPHIE N&amp;B</Type_Doc>
		<Support>PAPIER</Support>
		<Technique>Photographie N&amp;B</Technique>
		<Format>17,8 x 23,7 cm</Format>
		<Cote>49Fi1678</Cote>
		<Observations></Observations>
		<Origine>Don Faucher-Berhelé entré le 10/11/1978.</Origine>
		<Droits_Repro>Domaine public</Droits_Repro>
		<subject>GUERRE 1914-1918;</subject>
		<geoname>BELGIQUE (pays);SWEVEZEELE (village);</geoname>
		<persname></persname>
		<corpname></corpname>
	</DocsFigures>
<DocsFigures>
		<Titre>[Vue aérienne verticale prise à 5500m d&apos;altitude de Swevezeele en Belgique]
[</Titre>
		<Analyse>&quot;Av MB D 809, 21/08/18, 14h, 5500m, SWEVEZEELE N., 1/11000 pilote: capitaine Jaumotte, observateur: Lieutenant Desclée&quot;
Vue aérienne verticale du nord de Swevezeele, province des Flandres Occidentales, région Flamande (Belgique).
21 août 1918. 
Guerre 1914-1918.
Pilote: capitaine Jaumotte. Observateur: lieutenant Desclée.</Analyse>
		<Realise_en>1918</Realise_en>
		<Liste_des_auteurs>DESCLEE [ Auteur ]</Liste_des_auteurs>
		<Type_Doc>PHOTOGRAPHIE N&amp;B</Type_Doc>
		<Support>PAPIER</Support>
		<Technique>Photographie N&amp;B</Technique>
		<Format>17,8 x 23,7 cm</Format>
		<Cote>49Fi1679</Cote>
		<Observations></Observations>
		<Origine>Don Faucher-Berhelé entré le 10/11/1978.</Origine>
		<Droits_Repro>Domaine public</Droits_Repro>
		<subject>GUERRE 1914-1918;</subject>
		<geoname>BELGIQUE (pays);SWEVEZEELE (village);</geoname>
		<persname></persname>
		<corpname></corpname>
	</DocsFigures>
<DocsFigures>
		<Titre>[Vue aérienne verticale prise à 5500m d&apos;altitude de Swevezeele en Belgique]
</Titre>
		<Analyse>&quot;Av MB D 810, 21/08/18, 14h, 5500m, SWEVEZEELE N., 1/11000 pilote: capitaine Jaumotte, observateur: Lieutenant Desclée&quot;
Vue aérienne verticale du nord de Swevezeele, province des Flandres Occidentales, région Flamande (Belgique).
21 août 1918. 
Guerre 1914-1918.
Pilote; capitaine Jaumotte. Observateur: lieutenant Desclée</Analyse>
		<Realise_en>1918</Realise_en>
		<Liste_des_auteurs>DESCLEE [ Auteur ]</Liste_des_auteurs>
		<Type_Doc>PHOTOGRAPHIE N&amp;B</Type_Doc>
		<Support>PAPIER</Support>
		<Technique>Photographie N&amp;B</Technique>
		<Format>17,8 x 23,7 cm</Format>
		<Cote>49Fi1680</Cote>
		<Observations></Observations>
		<Origine>Don Faucher-Berhelé entré le 10/11/1978.</Origine>
		<Droits_Repro>Domaine public</Droits_Repro>
		<subject>GUERRE 1914-1918;</subject>
		<geoname>BELGIQUE (pays);SWEVEZEELE (village);</geoname>
		<persname></persname>
		<corpname></corpname>
	</DocsFigures>
<DocsFigures>
		<Titre>[Vue aérienne verticale prise à 5500m d&apos;Ardoye en Belgique]</Titre>
		<Analyse>&quot;Av MB D 812, 21/08/18, 14h, 5500m,N.W. ARDOYE, 1/11000 pilote: capitaine Jaumotte, observateur: Lieutenant Desclée&quot;
Vue aérienne verticale du nord-ouest d&apos;Ardoye, province des Flandres Occidentales, région Flamande (Belgique).
21 août 1918. 
Guerre 1914-1918.
Pilote: capitaine Jaumotte. Observateur: lieutenant Desclée</Analyse>
		<Realise_en>1918</Realise_en>
		<Liste_des_auteurs>DESCLEE [ Auteur ]</Liste_des_auteurs>
		<Type_Doc>PHOTOGRAPHIE N&amp;B</Type_Doc>
		<Support>PAPIER</Support>
		<Technique>Photographie N&amp;B</Technique>
		<Format>17,8 x 23,7 cm</Format>
		<Cote>49Fi1681</Cote>
		<Observations></Observations>
		<Origine>Don Faucher-Berhelé entré le 10/11/1978.</Origine>
		<Droits_Repro>Domaine public</Droits_Repro>
		<subject>GUERRE 1914-1918;</subject>
		<geoname>BELGIQUE (pays);ARDOYE (ville);</geoname>
		<persname></persname>
		<corpname></corpname>
	</DocsFigures>
<DocsFigures>
		<Titre>[Vue aérienne verticale prise à 5500m d&apos;altitude  d&apos;Ardoye en Belgique]</Titre>
		<Analyse>&quot;Av MB D 813, 21/08/18, 14h, 5500m, N.W. ARDOYE, 1/11000 pilote: capitaine Jaumotte, observateur: Lieutenant Desclée&quot;
Vue aérienne verticale du nord-ouest d&apos;Ardoye, province des Flandres Occidentales, région Flamande (Belgique).
21 août 1918. 
Guerre 1914-1918.</Analyse>
		<Realise_en>1918</Realise_en>
		<Liste_des_auteurs>DESCLEE [ Auteur ]</Liste_des_auteurs>
		<Type_Doc>PHOTOGRAPHIE N&amp;B</Type_Doc>
		<Support>PAPIER</Support>
		<Technique>Photographie N&amp;B</Technique>
		<Format>17,8 x 23,7 cm</Format>
		<Cote>49Fi1682</Cote>
		<Observations></Observations>
		<Origine>Don Faucher-Berhelé entré le 10/11/1978.</Origine>
		<Droits_Repro>Domaine public</Droits_Repro>
		<subject>GUERRE 1914-1918;</subject>
		<geoname>BELGIQUE (pays);ARDOYE (ville);</geoname>
		<persname></persname>
		<corpname></corpname>
	</DocsFigures>
<DocsFigures>
		<Titre>[Vue aérienne verticale prise à 5500m d&apos;altitude d&apos;Ardoye en Belgique]</Titre>
		<Analyse>&quot;Av MB D 814, 21/08/18, 14h, 5500m, N.W. ARDOYE, 1/11000, pilote: capitaine Jaumotte, observateur: Lieutenant Desclée&quot;
Vue aérienne verticale du nord-ouest d&apos;Ardoye, province des Flandres Occidentales, région Flamande (Belgique).
21 août 1918. 
Guerre 1914-1918.
Pilote: capitaine Jaumotte. Observateur: lieutenant Desclée</Analyse>
		<Realise_en>1918</Realise_en>
		<Liste_des_auteurs>DESCLEE [ Auteur ]</Liste_des_auteurs>
		<Type_Doc>PHOTOGRAPHIE N&amp;B</Type_Doc>
		<Support>PAPIER</Support>
		<Technique>Photographie N&amp;B</Technique>
		<Format>17,8 x 23,7 cm</Format>
		<Cote>49Fi1683</Cote>
		<Observations></Observations>
		<Origine>Don Faucher-Berhelé entré le 10/11/1978.</Origine>
		<Droits_Repro>Domaine public</Droits_Repro>
		<subject>GUERRE 1914-1918;</subject>
		<geoname>BELGIQUE (pays);ARDOYE (ville);</geoname>
		<persname></persname>
		<corpname></corpname>
	</DocsFigures>
<DocsFigures>
		<Titre>[Vue aérienne verticale prise à 5500m d&apos;altitude de Roulers en Belgique]</Titre>
		<Analyse>&quot;Av MB D 818, 21/08/18, 14h, 5500m, ROULERS, 1/11000 pilote: capitaine Jaumotte, observateur: Lieutenant Desclée&quot;
Vue aérienne verticale de Roulers, province des Flandres Occidentales, région Flamande (Belgique).
21 août 1918. 
Guerre 1914-1918.</Analyse>
		<Realise_en>1918</Realise_en>
		<Liste_des_auteurs>DESCLEE [ Auteur ]</Liste_des_auteurs>
		<Type_Doc>PHOTOGRAPHIE N&amp;B</Type_Doc>
		<Support>PAPIER</Support>
		<Technique>Photographie N&amp;B</Technique>
		<Format>17,8 x 23,7 cm</Format>
		<Cote>49Fi1684</Cote>
		<Observations></Observations>
		<Origine>Don Faucher-Berhelé entré le 10/11/1978.</Origine>
		<Droits_Repro>Domaine public</Droits_Repro>
		<subject>GUERRE 1914-1918;</subject>
		<geoname>BELGIQUE (pays);ROULERS (ville);</geoname>
		<persname></persname>
		<corpname></corpname>
	</DocsFigures>
<DocsFigures>
		<Titre>[Vue aérienne verticale prise à 1800m d&apos;altitude de Dixmude en Belgique]</Titre>
		<Analyse>&quot;Av MB D 859, 24/08/18, 14h, 1800m, DIXMUDE (église), 1/1500 pilote: Lieutenant de Roest, observateur: Lieutenant Ch. Coomans&quot;
Vue aérienne verticale de Dixmude, province des Flandres Occidentales, région Flamande (Belgique).
24 août 1918. 
Guerre 1914-1918.</Analyse>
		<Realise_en>1918</Realise_en>
		<Liste_des_auteurs>COOMANS, Ch. [ Auteur ]</Liste_des_auteurs>
		<Type_Doc>PHOTOGRAPHIE N&amp;B</Type_Doc>
		<Support>PAPIER</Support>
		<Technique>Photographie N&amp;B</Technique>
		<Format>17,8 x 23,7 cm</Format>
		<Cote>49Fi1685</Cote>
		<Observations></Observations>
		<Origine>Don Faucher-Berhelé entré le 10/11/1978.</Origine>
		<Droits_Repro>Domaine public</Droits_Repro>
		<subject>GUERRE 1914-1918;</subject>
		<geoname>BELGIQUE (pays);DIXMUDE (ville);</geoname>
		<persname></persname>
		<corpname></corpname>
	</DocsFigures>
<DocsFigures>
		<Titre>[Vue aérienne verticale à 1800m d&apos;altitude du château de Blankaart en Belgique]</Titre>
		<Analyse>&quot;Av MB D 862, 24/08/18, 14h, 1800m, Château BLANKAERT, 1/1500 pilote: Lieutenant de Roest L.86, observateur: Lieutenant Ch. Coomans&quot;
Vue aérienne verticale du Château de Blankaart, province des Flandres Occidentales, région Flamande (Belgique).
24 août 1918. 
Guerre 1914-1918.</Analyse>
		<Realise_en>1918</Realise_en>
		<Liste_des_auteurs>COOMANS, Ch. [ Auteur ]</Liste_des_auteurs>
		<Type_Doc>PHOTOGRAPHIE N&amp;B</Type_Doc>
		<Support>PAPIER</Support>
		<Technique>Photographie N&amp;B</Technique>
		<Format>17,8 x 23,7 cm</Format>
		<Cote>49Fi1686</Cote>
		<Observations></Observations>
		<Origine>Don Faucher-Berhelé entré le 10/11/1978.</Origine>
		<Droits_Repro>Domaine public</Droits_Repro>
		<subject>GUERRE 1914-1918;</subject>
		<geoname>BELGIQUE (pays);BLANKAART (lieu-dit);</geoname>
		<persname></persname>
		<corpname></corpname>
	</DocsFigures>
<DocsFigures>
		<Titre>[Vue aérienne verticale de la ferme Postdam en Belgique]</Titre>
		<Analyse>&quot;Av MB D907, 03/09/18, R42 FERME POSTDAM&quot;
Vue aérienne verticale de la ferme de Postdam, province des Flandres Occidentales, région Flamande (Belgique).
3 septembre 1918. 
Guerre 1914-1918.</Analyse>
		<Realise_en>1918</Realise_en>
		<Liste_des_auteurs>DESCLEE [ Auteur ]</Liste_des_auteurs>
		<Type_Doc>PHOTOGRAPHIE N&amp;B</Type_Doc>
		<Support>PAPIER</Support>
		<Technique>Photographie N&amp;B</Technique>
		<Format>17,8 x 23,7 cm</Format>
		<Cote>49Fi1687</Cote>
		<Observations></Observations>
		<Origine>Don Faucher-Berhelé entré le 10/11/1978.</Origine>
		<Droits_Repro>Domaine public</Droits_Repro>
		<subject>GUERRE 1914-1918;</subject>
		<geoname>BELGIQUE (pays);</geoname>
		<persname></persname>
		<corpname></corpname>
	</DocsFigures>
<DocsFigures>
		<Titre>[Photo aérienne verticale de Drie Grachten en Belgique]</Titre>
		<Analyse>&quot;Av MB Z716, 07/05/17, Pilote Adj Gisseleire, observateur: Lt Const Coomans, Alt 1300m, DRIE GRACHTEN (c13)&quot;
Vue aérienne verticale de Drie Grachten, province des Flandres Occidentales, région Flamande (Belgique).
7 mai 1917. 
Guerre 1914-1918.</Analyse>
		<Realise_en>1917</Realise_en>
		<Liste_des_auteurs>COOMANS, Ch. [ Auteur ]</Liste_des_auteurs>
		<Type_Doc>PHOTOGRAPHIE N&amp;B</Type_Doc>
		<Support>PAPIER</Support>
		<Technique>Photographie N&amp;B</Technique>
		<Format>17,8 x 23,7 cm</Format>
		<Cote>49Fi1688</Cote>
		<Observations></Observations>
		<Origine>Don Faucher-Berhelé entré le 10/11/1978.</Origine>
		<Droits_Repro>Domaine public</Droits_Repro>
		<subject>GUERRE 1914-1918;</subject>
		<geoname>BELGIQUE (pays);DRIE GRACHTEN (village);</geoname>
		<persname></persname>
		<corpname></corpname>
	</DocsFigures>
<DocsFigures>
		<Titre>[Photo aérienne verticale d&apos;un ferme rasée]</Titre>
		<Analyse>&quot;Av MB Z720, 07/05/17, Pilote Adj Gisseleire, observateur: Lt Const Coomans, Alt 1300m, FERME RASEE (c22)&quot;
7 mai 1917. 
Guerre 1914-1918.</Analyse>
		<Realise_en>1917</Realise_en>
		<Liste_des_auteurs>COOMANS, Ch. [ Auteur ]</Liste_des_auteurs>
		<Type_Doc>PHOTOGRAPHIE N&amp;B</Type_Doc>
		<Support>PAPIER</Support>
		<Technique>Photographie N&amp;B</Technique>
		<Format>17,8 x 23,7 cm</Format>
		<Cote>49Fi1689</Cote>
		<Observations></Observations>
		<Origine>Don Faucher-Berhelé entré le 10/11/1978.</Origine>
		<Droits_Repro>Domaine public</Droits_Repro>
		<subject>GUERRE 1914-1918;</subject>
		<geoname></geoname>
		<persname></persname>
		<corpname></corpname>
	</DocsFigures>
<DocsFigures>
		<Titre>[Photo aérienne verticale de Rille en Belgique]</Titre>
		<Analyse>&quot;Av MB Z1000, 21/07/17, Pilote Adj Gisseleire, observateur: Lt Const Coomans, Alt 600m, NO de RILLE (c37)&quot;
Vue aérienne verticale de Rille, province des Flandres Occidentales, région Flamande (Belgique).
21 juillet 1917. 
Guerre 1914-1918.</Analyse>
		<Realise_en>1917</Realise_en>
		<Liste_des_auteurs>COOMANS, Ch. [ Auteur ]</Liste_des_auteurs>
		<Type_Doc>PHOTOGRAPHIE N&amp;B</Type_Doc>
		<Support>PAPIER</Support>
		<Technique>Photographie N&amp;B</Technique>
		<Format>17,8 x 23,7 cm</Format>
		<Cote>49Fi1690</Cote>
		<Observations></Observations>
		<Origine>Don Faucher-Berhelé entré le 10/11/1978.</Origine>
		<Droits_Repro>Domaine public</Droits_Repro>
		<subject>GUERRE 1914-1918;</subject>
		<geoname>BELGIQUE (pays);RILLE (village);</geoname>
		<persname></persname>
		<corpname></corpname>
	</DocsFigures>
<DocsFigures>
		<Titre>[Photo aérienne verticale de la tranchée de Kwaebeck en Belgique]</Titre>
		<Analyse>&quot;Av MB Z1689, 26/12/17, Pilote Adj Gisseleire, observateur: Lt Const Coomans, Alt 300m, TRANCHEE DE KWAEBECK (c52) (par le neige)&quot;
Vue aérienne verticale de la tranchée de Kwaebeck, province des Flandres Occidentales, région Flamande (Belgique).
26 décembre 1917. 
Guerre 1914-1918.</Analyse>
		<Realise_en>1917</Realise_en>
		<Liste_des_auteurs>COOMANS, Ch. [ Auteur ]</Liste_des_auteurs>
		<Type_Doc>PHOTOGRAPHIE N&amp;B</Type_Doc>
		<Support>PAPIER</Support>
		<Technique>Photographie N&amp;B</Technique>
		<Format>17,8 x 23,7 cm</Format>
		<Cote>49Fi1691</Cote>
		<Observations></Observations>
		<Origine>Don Faucher-Berhelé entré le 10/11/1978.</Origine>
		<Droits_Repro>Domaine public</Droits_Repro>
		<subject>GUERRE 1914-1918;</subject>
		<geoname>BELGIQUE (pays);KWAEBEEK (tranchée de);</geoname>
		<persname></persname>
		<corpname></corpname>
	</DocsFigures>
<DocsFigures>
		<Titre>[Photo aérienne verticale de la Ferme de Cannes]</Titre>
		<Analyse>&quot;Av MB Z2830, 03/0118 Pilote: Lt de Roest, observateur: Lt Const Coomans, Alt 1500m, FERME DE CANNES (c78)&quot;
3 janvier 1918. 
Guerre 1914-1918.</Analyse>
		<Realise_en>1918</Realise_en>
		<Liste_des_auteurs>COOMANS, Ch. [ Auteur ]</Liste_des_auteurs>
		<Type_Doc>PHOTOGRAPHIE N&amp;B</Type_Doc>
		<Support>PAPIER</Support>
		<Technique>Photographie N&amp;B</Technique>
		<Format>17,8 x 23,7 cm</Format>
		<Cote>49Fi1692</Cote>
		<Observations></Observations>
		<Origine>Don Faucher-Berhelé entré le 10/11/1978.</Origine>
		<Droits_Repro>Domaine public</Droits_Repro>
		<subject>GUERRE 1914-1918;</subject>
		<geoname></geoname>
		<persname></persname>
		<corpname></corpname>
	</DocsFigures>
<DocsFigures>
		<Titre>[Photo aérienne verticale de l&apos;église de Langemarck en Belgique]</Titre>
		<Analyse>&quot;Av MB Z2833, 03/0118, pilote: Lt de Roest, observateur: Lt Const Coomans, Alt 1500m, EGLISE DE LANGEMARCK (c78)&quot;
Vue aérienne verticale de l&apos;église de Langemark, province des Flandres Occidentales, région Flamande (Belgique).
3 janvier 1918. 
Guerre 1914-1918.</Analyse>
		<Realise_en>1918</Realise_en>
		<Liste_des_auteurs>COOMANS, Ch. [ Auteur ]</Liste_des_auteurs>
		<Type_Doc>PHOTOGRAPHIE N&amp;B</Type_Doc>
		<Support>PAPIER</Support>
		<Technique>Photographie N&amp;B</Technique>
		<Format>17,8 x 23,7 cm</Format>
		<Cote>49Fi1693</Cote>
		<Observations></Observations>
		<Origine>Don Faucher-Berhelé entré le 10/11/1978.</Origine>
		<Droits_Repro>Domaine public</Droits_Repro>
		<subject>EDIFICE CULTUEL;BIEN SINISTRE;GUERRE 1914-1918;</subject>
		<geoname>BELGIQUE (pays);LANGEMARK-POELKAPELLE (ville);</geoname>
		<persname></persname>
		<corpname></corpname>
	</DocsFigures>
<DocsFigures>
		<Titre>[Photo aérienne verticale de la tranchée du Cimetière]</Titre>
		<Analyse>&quot;Av MB Z2842, 03/01/18, Pilote Lt de Roest, observateur: Lt Const Coomans, Alt 1500m, TRANCHEE DU CIMETIERE  (c41)&quot;
3 janvier 1918. 
Guerre 1914-1918.</Analyse>
		<Realise_en>1918</Realise_en>
		<Liste_des_auteurs>COOMANS, Ch. [ Auteur ]</Liste_des_auteurs>
		<Type_Doc>PHOTOGRAPHIE N&amp;B</Type_Doc>
		<Support>PAPIER</Support>
		<Technique>Photographie N&amp;B</Technique>
		<Format>17,8 x 23,7 cm</Format>
		<Cote>49Fi1694</Cote>
		<Observations></Observations>
		<Origine>Don Faucher-Berhelé entré le 10/11/1978.</Origine>
		<Droits_Repro>Domaine public</Droits_Repro>
		<subject>GUERRE 1914-1918;</subject>
		<geoname></geoname>
		<persname></persname>
		<corpname></corpname>
	</DocsFigures>
<DocsFigures>
		<Titre>[Photo aérienne verticale de la Ferme de Jean]</Titre>
		<Analyse>&quot;Z3183, 04/07/18, Pilote Adj Stampe, observateur: Lt Gilles, Alt 1300m, FERME JEAN (c53) Ech. 1/2600&quot;
4 juillet 1918. 
Guerre 1914-1918.</Analyse>
		<Realise_en>1918</Realise_en>
		<Liste_des_auteurs>GILLES [ Auteur ]</Liste_des_auteurs>
		<Type_Doc>PHOTOGRAPHIE N&amp;B</Type_Doc>
		<Support>PAPIER</Support>
		<Technique>Photographie N&amp;B</Technique>
		<Format>17,8 x 23,7 cm</Format>
		<Cote>49Fi1695</Cote>
		<Observations></Observations>
		<Origine>Don Faucher-Berhelé entré le 10/11/1978.</Origine>
		<Droits_Repro>Domaine public</Droits_Repro>
		<subject>GUERRE 1914-1918;</subject>
		<geoname></geoname>
		<persname></persname>
		<corpname></corpname>
	</DocsFigures>
<DocsFigures>
		<Titre>[Photo aérienne verticale de la tranchée de Kwaebeck en Belgique]</Titre>
		<Analyse>&quot;Z3185, 04/07/18, Pilote Adj Stampe, observateur: Lt Gilles, Alt 1300m, TRANCHEE DE KWAEBECK (c53) Ech. 1/2600&quot;
Vue aérienne verticale de la tranchée de Kwaebeck, province des Flandres Occidentales, région Flamande (Belgique).
4 juillet 1918. 
Guerre 1914-1918.</Analyse>
		<Realise_en>1918</Realise_en>
		<Liste_des_auteurs>GILLES [ Auteur ]</Liste_des_auteurs>
		<Type_Doc>PHOTOGRAPHIE N&amp;B</Type_Doc>
		<Support>PAPIER</Support>
		<Technique>Photographie N&amp;B</Technique>
		<Format>17,8 x 23,7 cm</Format>
		<Cote>49Fi1696</Cote>
		<Observations></Observations>
		<Origine>Don Faucher-Berhelé entré le 10/11/1978.</Origine>
		<Droits_Repro>Domaine public</Droits_Repro>
		<subject>GUERRE 1914-1918;</subject>
		<geoname>BELGIQUE (pays);KWAEBEEK (tranchée de);</geoname>
		<persname></persname>
		<corpname></corpname>
	</DocsFigures>
<DocsFigures>
		<Titre>[Photo aérienne verticale de la tranchée de Kwaebeck en Belgique]</Titre>
		<Analyse>&quot;Z3186, 04/07/18, Pilote Adj Stampe, observateur: Lt Gilles, Alt 1300m, TRANCHEE DE KWAEBECK (c53) Ech. 1/2600&quot;
Vue aérienne verticale de la tranchée de Kwaebeck, province des Flandres Occidentales, région Flamande (Belgique).
4 juillet 1918. 
Guerre 1914-1918.</Analyse>
		<Realise_en>1918</Realise_en>
		<Liste_des_auteurs>GILLES [ Auteur ]</Liste_des_auteurs>
		<Type_Doc>PHOTOGRAPHIE N&amp;B</Type_Doc>
		<Support>PAPIER</Support>
		<Technique>Photographie N&amp;B</Technique>
		<Format>17 x 22,3 cm</Format>
		<Cote>49Fi1697</Cote>
		<Observations></Observations>
		<Origine>Don Faucher-Berhelé entré le 10/11/1978.</Origine>
		<Droits_Repro>Domaine public</Droits_Repro>
		<subject>GUERRE 1914-1918;</subject>
		<geoname>BELGIQUE (pays);KWAEBEEK (tranchée de);</geoname>
		<persname></persname>
		<corpname></corpname>
	</DocsFigures>
<DocsFigures>
		<Titre>[Vue aérienne verticale de Kloostermolen en Belgique]</Titre>
		<Analyse>&quot;B10, 13/07/18, P. Adj. Stampe O. Lt Gilles. Alt. 1800m: Kloostermolen (C.02.) Ech. 1/3600&quot;
13 juillet 1918.
Vue aérienne verticale de Kloostermolen, province des Flandres Occidentales, région Flamande (Belgique).
Guerre 1914-1918.</Analyse>
		<Realise_en>1918</Realise_en>
		<Liste_des_auteurs>GILLES [ Auteur ]</Liste_des_auteurs>
		<Type_Doc>PHOTOGRAPHIE N&amp;B</Type_Doc>
		<Support>PAPIER</Support>
		<Technique>Photographie N&amp;B</Technique>
		<Format>17,8 x 23,7 cm</Format>
		<Cote>49Fi1698</Cote>
		<Observations></Observations>
		<Origine>Don Faucher-Berhelé entré le 10/11/1978.</Origine>
		<Droits_Repro>Domaine public</Droits_Repro>
		<subject>GUERRE 1914-1918;</subject>
		<geoname>BELGIQUE (pays);KLOOSTERMOLEN (lieu-dit);</geoname>
		<persname></persname>
		<corpname></corpname>
	</DocsFigures>
<DocsFigures>
		<Titre>[Vue aérienne verticale des environs de Mantoue en Belgique]</Titre>
		<Analyse>&quot;B20, 20/07/18, P. Adj. Stampe O. Lt Gilles. Alt. 1500m: C. de Mantoue (R. 09) Ech. 1/3000&quot;
20 juillet 1918.
Vue aérienne verticale de Mantoue, province des Flandres Occidentales, région Flamande (Belgique).
Guerre 1914-1918.</Analyse>
		<Realise_en>1918</Realise_en>
		<Liste_des_auteurs>GILLES [ Auteur ]</Liste_des_auteurs>
		<Type_Doc>PHOTOGRAPHIE N&amp;B</Type_Doc>
		<Support>PAPIER</Support>
		<Technique>Photographie N&amp;B</Technique>
		<Format>17,8 x 23,7 cm</Format>
		<Cote>49Fi1699</Cote>
		<Observations></Observations>
		<Origine>Don Faucher-Berhelé entré le 10/11/1978.</Origine>
		<Droits_Repro>Domaine public</Droits_Repro>
		<subject>GUERRE 1914-1918;</subject>
		<geoname>BELGIQUE (pays);</geoname>
		<persname></persname>
		<corpname></corpname>
	</DocsFigures>
<DocsFigures>
		<Titre>[Vue aérienne verticale de Ludendorf en Belgique]</Titre>
		<Analyse>&quot;B209, 07/08/18, P. Adj. Stampe O. Lt Gilles. Alt. 1200m: Ludendorf (R.83.) Ech. 1/2400&quot;
Vue aérienne verticale de Ludendorf, province des Flandres Occidentales, région Flamande (Belgique).
7 août 1918. 
Guerre 1914-1918.</Analyse>
		<Realise_en>1918</Realise_en>
		<Liste_des_auteurs>GILLES [ Auteur ]</Liste_des_auteurs>
		<Type_Doc>PHOTOGRAPHIE N&amp;B</Type_Doc>
		<Support>PAPIER</Support>
		<Technique>Photographie N&amp;B</Technique>
		<Format>17,8 x 23,7 cm</Format>
		<Cote>49Fi1700</Cote>
		<Observations></Observations>
		<Origine>Don Faucher-Berhelé entré le 10/11/1978.</Origine>
		<Droits_Repro>Domaine public</Droits_Repro>
		<subject>GUERRE 1914-1918;</subject>
		<geoname>BELGIQUE (pays);LUDENDORF (lieu-dit);</geoname>
		<persname></persname>
		<corpname></corpname>
	</DocsFigures>
<DocsFigures>
		<Titre>[Vue aérienne verticale de Mantoue en Belgique]</Titre>
		<Analyse>&quot;B388, 24/08/18, P. Adj. Wittevrongel O. Lt Van Thorenburg. Alt. 1800m: Sc Mantoue (R.09.) Ech. 1/3600.&quot;
Vue aérienne verticale de Mantoue, province des Flandres Occidentales, région Flamande (Belgique).
24 août 1918. 
Guerre 1914-1918.</Analyse>
		<Realise_en>1918</Realise_en>
		<Liste_des_auteurs>VAN THORENBURG [ Auteur ]</Liste_des_auteurs>
		<Type_Doc>PHOTOGRAPHIE N&amp;B</Type_Doc>
		<Support>PAPIER</Support>
		<Technique>Photographie N&amp;B</Technique>
		<Format>17,8 x 23,7 cm</Format>
		<Cote>49Fi1701</Cote>
		<Observations></Observations>
		<Origine>Don Faucher-Berhelé entré le 10/11/1978.</Origine>
		<Droits_Repro>Domaine public</Droits_Repro>
		<subject>GUERRE 1914-1918;</subject>
		<geoname>BELGIQUE (pays);</geoname>
		<persname></persname>
		<corpname></corpname>
	</DocsFigures>
<DocsFigures>
		<Titre>[Vue aérienne verticale de l&apos;abri Ludendorf en Belgique]</Titre>
		<Analyse>&quot;B394, 03/09/18, P. Adj. Wittevrongel O. Lt Van Thorenburg. Alt. 1500m: abris Ludendorf (L.83) Ech. 1/3000.&quot;
Vue aérienne verticale de l&apos;abri Ludendorf, province des Flandres Occidentales, région Flamande (Belgique).
3 septembre 1918. 
Guerre 1914-1918.</Analyse>
		<Realise_en>1918</Realise_en>
		<Liste_des_auteurs>VAN THORENBURG [ Auteur ]</Liste_des_auteurs>
		<Type_Doc>PHOTOGRAPHIE N&amp;B</Type_Doc>
		<Support>PAPIER</Support>
		<Technique>Photographie N&amp;B</Technique>
		<Format>17,8 x 23,7 cm</Format>
		<Cote>49Fi1702</Cote>
		<Observations></Observations>
		<Origine>Don Faucher-Berhelé entré le 10/11/1978.</Origine>
		<Droits_Repro>Domaine public</Droits_Repro>
		<subject>ABRI;GUERRE 1914-1918;</subject>
		<geoname>BELGIQUE (pays);LUDENDORF (lieu-dit);</geoname>
		<persname></persname>
		<corpname></corpname>
	</DocsFigures>
<DocsFigures>
		<Titre>[Vue aérienne verticale de Roulers en Belgique]</Titre>
		<Analyse>&quot;B416, 03/09/18, P. Adj. Stampe O. Lt Gilles Alt. 5400m: ROULERS, Ech. 1/10800&quot;
Vue aérienne verticale de Roulers, province des Flandres-Occidentales, région flamande (Belgique).
3 septembre 1918. 
Guerre 1914-1918.</Analyse>
		<Realise_en>1918</Realise_en>
		<Liste_des_auteurs>GILLES [ Auteur ]</Liste_des_auteurs>
		<Type_Doc>PHOTOGRAPHIE N&amp;B</Type_Doc>
		<Support>PAPIER</Support>
		<Technique>Photographie N&amp;B</Technique>
		<Format>17,8 x 23,7 cm</Format>
		<Cote>49Fi1703</Cote>
		<Observations></Observations>
		<Origine>Don Faucher-Berhelé entré le 10/11/1978.</Origine>
		<Droits_Repro>Domaine public</Droits_Repro>
		<subject>GUERRE 1914-1918;</subject>
		<geoname>BELGIQUE (pays);ROULERS (ville);</geoname>
		<persname></persname>
		<corpname></corpname>
	</DocsFigures>
<DocsFigures>
		<Titre>[Vue aérienne oblique d&apos;une passerelle près de Drie Grachten en Belgique]</Titre>
		<Analyse>&quot;Av MB 10/12/17, Pilote: Adj Gisseleire, obs: lieutenant Const. Coomans, alt.: 300m, Drie Grachten&quot; 
Vue aérienne d&apos;une passerelle près de Drie Grachten, province des Flandres-Occidentales, région flamande (Belgique), reconstruite après avoir été détruite par des bombardments lors de l&apos;été 1917.
10 décembre 1917. 
Guerre 1914-1918.</Analyse>
		<Realise_en>1917</Realise_en>
		<Liste_des_auteurs>COOMANS, C. [ Auteur ]</Liste_des_auteurs>
		<Type_Doc>PHOTOGRAPHIE N&amp;B</Type_Doc>
		<Support>PAPIER</Support>
		<Technique>Photographie N&amp;B</Technique>
		<Format>17,8 x 23,7 cm</Format>
		<Cote>49Fi1704</Cote>
		<Observations></Observations>
		<Origine>Don Faucher-Berhelé entré le 10/11/1978.</Origine>
		<Droits_Repro>Domaine public</Droits_Repro>
		<subject>GUERRE 1914-1918;</subject>
		<geoname>BELGIQUE (pays);DRIE GRACHTEN (village);</geoname>
		<persname></persname>
		<corpname></corpname>
	</DocsFigures>
<DocsFigures>
		<Titre>[Vue aérienne oblique. une passerelle démolie près de Drie-Grachten en Belgique]</Titre>
		<Analyse>&quot;Av MB 29/07/17, Pilote: Adj Gisseleire, obs: lieutenant Const. Coomans, alt.: 400m, Drie Grachten&quot;.
Vue aérienne d&apos;une passerelle près de Drie Grachten, province des Flandres-Occidentales, région flamande (Belgique).
29 juillet 1917. 
Guerre 1914-1918.</Analyse>
		<Realise_en>1917</Realise_en>
		<Liste_des_auteurs>COOMANS, C. [ Auteur ]</Liste_des_auteurs>
		<Type_Doc>PHOTOGRAPHIE N&amp;B</Type_Doc>
		<Support>PAPIER</Support>
		<Technique>Photographie N&amp;B</Technique>
		<Format>17,8 x 23,7 cm</Format>
		<Cote>49Fi1705</Cote>
		<Observations></Observations>
		<Origine>Don Faucher-Berhelé entré le 10/11/1978.</Origine>
		<Droits_Repro>Domaine public</Droits_Repro>
		<subject>GUERRE 1914-1918;</subject>
		<geoname>BELGIQUE (pays);DRIE GRACHTEN (village);</geoname>
		<persname></persname>
		<corpname></corpname>
	</DocsFigures>
<DocsFigures>
		<Titre>Le roi de Belges en avion Sop With</Titre>
		<Analyse>Vue aérienne du Sop With du roi de Belgique.
Entre 1914 et 1918. 
Guerre 1914-1918.</Analyse>
		<Realise_en></Realise_en>
		<Liste_des_auteurs>None</Liste_des_auteurs>
		<Type_Doc>PHOTOGRAPHIE N&amp;B</Type_Doc>
		<Support>PAPIER</Support>
		<Technique>Photographie N&amp;B</Technique>
		<Format>17,8 x 23,7 cm</Format>
		<Cote>49Fi1706</Cote>
		<Observations></Observations>
		<Origine>Don Faucher-Berhelé entré le 10/11/1978.</Origine>
		<Droits_Repro>Domaine public</Droits_Repro>
		<subject>GUERRE 1914-1918;</subject>
		<geoname></geoname>
		<persname></persname>
		<corpname></corpname>
	</DocsFigures>
<DocsFigures>
		<Titre>[Vue aérienne verticale de la Route Royale en Belgique]</Titre>
		<Analyse>&quot;ST. D1, Brge Route Royale, 05/06/18, 5000m, 13 h&quot;
Vue aérienne verticale de la Route Royale dans la  province des Flandres-Occidentales, région flamande (Belgique).
5 juin 1918.
Guerre 1914-1918.</Analyse>
		<Realise_en>1918</Realise_en>
		<Liste_des_auteurs>None</Liste_des_auteurs>
		<Type_Doc>PHOTOGRAPHIE N&amp;B</Type_Doc>
		<Support>PAPIER</Support>
		<Technique>Photographie N&amp;B</Technique>
		<Format>8,5 x 16,8</Format>
		<Cote>49Fi1707</Cote>
		<Observations></Observations>
		<Origine>Don Faucher-Berhelé entré le 10/11/1978.</Origine>
		<Droits_Repro>Domaine public</Droits_Repro>
		<subject>GUERRE 1914-1918;</subject>
		<geoname>BELGIQUE (pays);</geoname>
		<persname></persname>
		<corpname></corpname>
	</DocsFigures>
<DocsFigures>
		<Titre>[Vue aérienne de la brasserie Baeseler en Belgique]</Titre>
		<Analyse>&quot;Av MB D.341,5 St D2, Brie Baeseler, 5/06/18, 5000m 13h&quot;.
Vue aérienne de la brasserie Baesler dans la province des Flandres-Occidentales, région flamande (Belgique).
5 juin 1918. 
Guerre 1914-1918.</Analyse>
		<Realise_en>1918</Realise_en>
		<Liste_des_auteurs>None</Liste_des_auteurs>
		<Type_Doc>PHOTOGRAPHIE N&amp;B</Type_Doc>
		<Support>PAPIER</Support>
		<Technique>Photographie N&amp;B</Technique>
		<Format>7,2 x 15</Format>
		<Cote>49Fi1708</Cote>
		<Observations></Observations>
		<Origine>Don Faucher-Berhelé entré le 10/11/1978.</Origine>
		<Droits_Repro>Domaine public</Droits_Repro>
		<subject>GUERRE 1914-1918;</subject>
		<geoname>BELGIQUE (pays);</geoname>
		<persname></persname>
		<corpname></corpname>
	</DocsFigures>
<DocsFigures>
		<Titre>[Vue aérienne verticale de Leugenboom en Belgique]</Titre>
		<Analyse>&quot;Av MB 1791, 13/06/17, 4000m, 14h30, LEUGENBOOM, pil: Capitaine Jaumotte, obs: lieutenant Wouters, &quot;au centre la pièce qui tuait Dunkerque&quot;.
13 juin 1917. 
Guerre 1914-1918.
Au centre de la photo on peut voir le canon qui bombardait Amiens (Somme).</Analyse>
		<Realise_en>1917</Realise_en>
		<Liste_des_auteurs>None</Liste_des_auteurs>
		<Type_Doc>PHOTOGRAPHIE N&amp;B</Type_Doc>
		<Support>PAPIER</Support>
		<Technique>Photographie N&amp;B</Technique>
		<Format>17,8 x 23,7 cm</Format>
		<Cote>49Fi1709</Cote>
		<Observations></Observations>
		<Origine>Don Faucher-Berhelé entré le 10/11/1978.</Origine>
		<Droits_Repro>Domaine public</Droits_Repro>
		<subject>GUERRE 1914-1918;</subject>
		<geoname>BELGIQUE (pays);SOMME (département);AMIENS (ville);</geoname>
		<persname></persname>
		<corpname></corpname>
	</DocsFigures>
<DocsFigures>
		<Titre>L&apos;yser. Tranchées belges et allemandes</Titre>
		<Analyse>Photo aérienne verticale de tranchées belges et allemandes sur les bords de L&apos;yser , province des Flandres Occidentales, région Flamande (Belgique), .
Entre 1914 et 1918. 
Guerre 1914-1918.</Analyse>
		<Realise_en></Realise_en>
		<Liste_des_auteurs>None</Liste_des_auteurs>
		<Type_Doc>PHOTOGRAPHIE N&amp;B</Type_Doc>
		<Support>PAPIER</Support>
		<Technique>Photographie N&amp;B</Technique>
		<Format>17,8 x 23,7 cm</Format>
		<Cote>49Fi1710</Cote>
		<Observations></Observations>
		<Origine>Don Faucher-Berhelé entré le 10/11/1978.</Origine>
		<Droits_Repro>Domaine public</Droits_Repro>
		<subject>GUERRE 1914-1918;</subject>
		<geoname>BELGIQUE (pays);YSER (rivière);</geoname>
		<persname></persname>
		<corpname></corpname>
	</DocsFigures>
<DocsFigures>
		<Titre>[Vue aérienne verticale de champs]</Titre>
		<Analyse>Vue aérienne de champs probablements situés en Belgique.
Entre 1914 et 1918. 
Guerre 1914-1918.</Analyse>
		<Realise_en>1917</Realise_en>
		<Liste_des_auteurs>None</Liste_des_auteurs>
		<Type_Doc>PHOTOGRAPHIE N&amp;B</Type_Doc>
		<Support>PAPIER</Support>
		<Technique>Photographie N&amp;B</Technique>
		<Format>17,8 x 23,7 cm</Format>
		<Cote>49Fi1711</Cote>
		<Observations></Observations>
		<Origine>Don Faucher-Berhelé entré le 10/11/1978.</Origine>
		<Droits_Repro>Domaine public</Droits_Repro>
		<subject>GUERRE 1914-1918;</subject>
		<geoname></geoname>
		<persname></persname>
		<corpname></corpname>
	</DocsFigures>
<DocsFigures>
		<Titre>[Artilleurs allemands devant leur canon]</Titre>
		<Analyse>Photo d&apos;un groupe d&apos;artilleurs allimands posant devant devant leur canon.
Entre 1914 et 1918. 
Guerre 1914-1918.</Analyse>
		<Realise_en></Realise_en>
		<Liste_des_auteurs>None</Liste_des_auteurs>
		<Type_Doc>PHOTOGRAPHIE N&amp;B</Type_Doc>
		<Support>PAPIER</Support>
		<Technique>Photographie N&amp;B</Technique>
		<Format>6,5 x 8,5</Format>
		<Cote>49Fi1712</Cote>
		<Observations></Observations>
		<Origine>Don Faucher-Berhelé entré le 10/11/1978.</Origine>
		<Droits_Repro>Domaine public</Droits_Repro>
		<subject>GUERRE 1914-1918;</subject>
		<geoname></geoname>
		<persname></persname>
		<corpname></corpname>
	</DocsFigures>
<DocsFigures>
		<Titre>[Soldats se baignant]</Titre>
		<Analyse>Deux hommes se baignent dans une rivière.
Entre 1914 et 1918. 
Guerre 1914-1918.</Analyse>
		<Realise_en></Realise_en>
		<Liste_des_auteurs>BERTHELÉ, Raoul</Liste_des_auteurs>
		<Type_Doc>PHOTOGRAPHIE N&amp;B</Type_Doc>
		<Support>PAPIER</Support>
		<Technique>Photographie N&amp;B</Technique>
		<Format>6 x 8,8</Format>
		<Cote>49Fi1713</Cote>
		<Observations></Observations>
		<Origine>Don Faucher-Berhelé entré le 10/11/1978.</Origine>
		<Droits_Repro>Domaine public</Droits_Repro>
		<subject>GUERRE 1914-1918;</subject>
		<geoname></geoname>
		<persname></persname>
		<corpname></corpname>
	</DocsFigures>
<DocsFigures>
		<Titre>92e régiment. Etat-Major 11e. 1915</Titre>
		<Analyse>Photo d&apos;un groupe de cinq officiers du 92e régiment.
1915. 
Guerre 1914-1918.</Analyse>
		<Realise_en>1915</Realise_en>
		<Liste_des_auteurs>BERTHELÉ, Raoul</Liste_des_auteurs>
		<Type_Doc>PHOTOGRAPHIE N&amp;B</Type_Doc>
		<Support>PAPIER</Support>
		<Technique>Photographie N&amp;B</Technique>
		<Format>6,6 x 11,2</Format>
		<Cote>49Fi1714</Cote>
		<Observations></Observations>
		<Origine>Don Faucher-Berhelé entré le 10/11/1978.</Origine>
		<Droits_Repro>Domaine public</Droits_Repro>
		<subject>GUERRE 1914-1918;</subject>
		<geoname></geoname>
		<persname></persname>
		<corpname></corpname>
	</DocsFigures>
<DocsFigures>
		<Titre>Endroit tristement célèbre pour moi. Les boches nous y tirèrent à vue</Titre>
		<Analyse>Photo de soldat dans un sous-bois sur une route.
Entre 1914 et 1918. 
Guerre 1914-1918.</Analyse>
		<Realise_en></Realise_en>
		<Liste_des_auteurs>BERTHELÉ, Raoul</Liste_des_auteurs>
		<Type_Doc>PHOTOGRAPHIE N&amp;B</Type_Doc>
		<Support>PAPIER</Support>
		<Technique>Photographie N&amp;B</Technique>
		<Format>6 x 9 cm</Format>
		<Cote>49Fi1715</Cote>
		<Observations></Observations>
		<Origine>Don Faucher-Berhelé entré le 10/11/1978.</Origine>
		<Droits_Repro>Domaine public</Droits_Repro>
		<subject>MILITAIRE;GUERRE 1914-1918;</subject>
		<geoname></geoname>
		<persname></persname>
		<corpname></corpname>
	</DocsFigures>
<DocsFigures>
		<Titre>[Soldats allemands dans un camp de prisonniers]</Titre>
		<Analyse>Photo de prisonniers allemands dans un camp.
Entre 1914 et 1918. 
Guerre 1914-1918.</Analyse>
		<Realise_en></Realise_en>
		<Liste_des_auteurs>BERTHELÉ, Raoul</Liste_des_auteurs>
		<Type_Doc>PHOTOGRAPHIE N&amp;B</Type_Doc>
		<Support>PAPIER</Support>
		<Technique>Photographie N&amp;B</Technique>
		<Format>6,2 x 6</Format>
		<Cote>49Fi1716</Cote>
		<Observations></Observations>
		<Origine>Don Faucher-Berhelé entré le 10/11/1978.</Origine>
		<Droits_Repro>Domaine public</Droits_Repro>
		<subject>MILITAIRE;PRISONNIER DE GUERRE;GUERRE 1914-1918;</subject>
		<geoname></geoname>
		<persname></persname>
		<corpname></corpname>
	</DocsFigures>
<DocsFigures>
		<Titre>[Portrait d&apos;un officier]</Titre>
		<Analyse>Portrait d&apos;un officier.
Entre 1914 et 1918. 
Guerre 1914-1918.</Analyse>
		<Realise_en></Realise_en>
		<Liste_des_auteurs>BERTHELÉ, Raoul</Liste_des_auteurs>
		<Type_Doc>PHOTOGRAPHIE N&amp;B</Type_Doc>
		<Support>PAPIER</Support>
		<Technique>Photographie N&amp;B</Technique>
		<Format>6 x 6 cm</Format>
		<Cote>49Fi1717</Cote>
		<Observations></Observations>
		<Origine>Don Faucher-Berhelé entré le 10/11/1978.</Origine>
		<Droits_Repro>Domaine public</Droits_Repro>
		<subject>GUERRE 1914-1918;</subject>
		<geoname></geoname>
		<persname></persname>
		<corpname></corpname>
	</DocsFigures>
<DocsFigures>
		<Titre>[M. Cazals devant des canons]</Titre>
		<Analyse>Vue de M. Cazals posant devant des canons au centre de triage de Mercin-Pommier (Aisne).
Entre 1914 et 1918. 
Guerre 1914-1918.</Analyse>
		<Realise_en></Realise_en>
		<Liste_des_auteurs>BERTHELÉ, Raoul</Liste_des_auteurs>
		<Type_Doc>PHOTOGRAPHIE N&amp;B</Type_Doc>
		<Support>PAPIER</Support>
		<Technique>Photographie N&amp;B</Technique>
		<Format>5,5 x 6,5</Format>
		<Cote>49Fi1718</Cote>
		<Observations></Observations>
		<Origine>Don Faucher-Berhelé entré le 10/11/1978.</Origine>
		<Droits_Repro>Domaine public</Droits_Repro>
		<subject>GUERRE 1914-1918;</subject>
		<geoname>POMMIERS (village);AISNE (département);MERCIN-ET-VAUX (village);</geoname>
		<persname></persname>
		<corpname></corpname>
	</DocsFigures>
<DocsFigures>
		<Titre>[Décoration de soldats par un officier]</Titre>
		<Analyse>Vue d&apos;ensemble d&apos;une cérémonie de décoration militaire.
Entre 1914 et 1918. 
Guerre 1914-1918.</Analyse>
		<Realise_en></Realise_en>
		<Liste_des_auteurs>BERTHELÉ, Raoul</Liste_des_auteurs>
		<Type_Doc>PHOTOGRAPHIE N&amp;B</Type_Doc>
		<Support>PAPIER</Support>
		<Technique>Photographie N&amp;B</Technique>
		<Format>4,6 x 7</Format>
		<Cote>49Fi1719</Cote>
		<Observations></Observations>
		<Origine>Don Faucher-Berhelé entré le 10/11/1978.</Origine>
		<Droits_Repro>Domaine public</Droits_Repro>
		<subject>GUERRE 1914-1918;</subject>
		<geoname></geoname>
		<persname></persname>
		<corpname></corpname>
	</DocsFigures>
<DocsFigures>
		<Titre>[Infirmières portant des masques à gaz]</Titre>
		<Analyse>Groupe d&apos;infirmières qui posent avec des masques à gaz, vraisemblablement à l&apos;hôpital d&apos;évacuation de Cuperly (Marne).
1915. 
Guerre 1914-1918.</Analyse>
		<Realise_en>1915</Realise_en>
		<Liste_des_auteurs>BERTHELÉ, Raoul</Liste_des_auteurs>
		<Type_Doc>PHOTOGRAPHIE N&amp;B</Type_Doc>
		<Support>PAPIER</Support>
		<Technique>Photographie N&amp;B</Technique>
		<Format>4,4 x 6</Format>
		<Cote>49Fi1720</Cote>
		<Observations>Lié à  49Fi1723</Observations>
		<Origine>Don Faucher-Berhelé entré le 10/11/1978.</Origine>
		<Droits_Repro>Domaine public</Droits_Repro>
		<subject>SERVICE SANITAIRE MILITAIRE;AUXILIAIRE MEDICAL;GUERRE 1914-1918;</subject>
		<geoname>CUPERLY (village);MARNE (département);</geoname>
		<persname></persname>
		<corpname></corpname>
	</DocsFigures>
<DocsFigures>
		<Titre>[Groupe de soldats devant un abris]</Titre>
		<Analyse>Groupe de soldats devant un abris près d&apos;un bois ou d&apos;une forêt.
Entre 1914 et 1918. 
Guerre 1914-1918.</Analyse>
		<Realise_en></Realise_en>
		<Liste_des_auteurs>BERTHELÉ, Raoul</Liste_des_auteurs>
		<Type_Doc>PHOTOGRAPHIE N&amp;B</Type_Doc>
		<Support>PAPIER</Support>
		<Technique>Photographie N&amp;B</Technique>
		<Format>4,5 x 6,5 cm</Format>
		<Cote>49Fi1721</Cote>
		<Observations></Observations>
		<Origine>Don Faucher-Berhelé entré le 10/11/1978.</Origine>
		<Droits_Repro>Domaine public</Droits_Repro>
		<subject>MILITAIRE;ABRI;FORET;GUERRE 1914-1918;</subject>
		<geoname></geoname>
		<persname></persname>
		<corpname></corpname>
	</DocsFigures>
<DocsFigures>
		<Titre>Ton complice dans sa chambre. Salon particulier et souterrain au Lehartzmaernele</Titre>
		<Analyse>Officier posant dans son abri au Lehartzmaemele.
Entre 1914 et 1918. 
Guerre 1914-1918.</Analyse>
		<Realise_en></Realise_en>
		<Liste_des_auteurs>BERTHELÉ, Raoul</Liste_des_auteurs>
		<Type_Doc>PHOTOGRAPHIE N&amp;B</Type_Doc>
		<Support>PAPIER</Support>
		<Technique>Photographie N&amp;B</Technique>
		<Format>6 x 6 cm</Format>
		<Cote>49Fi1722</Cote>
		<Observations></Observations>
		<Origine>Don Faucher-Berhelé entré le 10/11/1978.</Origine>
		<Droits_Repro>Domaine public</Droits_Repro>
		<subject>ABRI;GUERRE 1914-1918;</subject>
		<geoname></geoname>
		<persname></persname>
		<corpname></corpname>
	</DocsFigures>
<DocsFigures>
		<Titre>[Infirmières portant des masques à gaz]</Titre>
		<Analyse>Groupe d&apos;infirmières qui posent avec des masques à gaz, vraisemblablement à l&apos;hôpital d&apos;évacuation de Cuperly (Marne).
1915. 
Guerre 1914-1918.</Analyse>
		<Realise_en>1915</Realise_en>
		<Liste_des_auteurs>BERTHELÉ, Raoul</Liste_des_auteurs>
		<Type_Doc>PHOTOGRAPHIE N&amp;B</Type_Doc>
		<Support>PAPIER</Support>
		<Technique>Photographie N&amp;B</Technique>
		<Format>4,5 x 6</Format>
		<Cote>49Fi1723</Cote>
		<Observations>Lié à  49Fi1720</Observations>
		<Origine>Don Faucher-Berhelé entré le 10/11/1978.</Origine>
		<Droits_Repro>Domaine public</Droits_Repro>
		<subject>SERVICE SANITAIRE MILITAIRE;AUXILIAIRE MEDICAL;GUERRE 1914-1918;</subject>
		<geoname>CUPERLY (village);MARNE (département);</geoname>
		<persname></persname>
		<corpname></corpname>
	</DocsFigures>
<DocsFigures>
		<Titre>[Dugny. Météo. R. Berthelé. sondage]</Titre>
		<Analyse>L&apos;observateur météorologique Raoul Berthelé effectuant un sondage à la station météo de Dugny (Seine-Saint-Denis).
1917. 
Guerre 1914-1918.</Analyse>
		<Realise_en>1917</Realise_en>
		<Liste_des_auteurs>BERTHELÉ, Raoul</Liste_des_auteurs>
		<Type_Doc>PHOTOGRAPHIE N&amp;B</Type_Doc>
		<Support>PAPIER</Support>
		<Technique>Photographie N&amp;B</Technique>
		<Format>4,5 x 4,7</Format>
		<Cote>49Fi1724</Cote>
		<Observations></Observations>
		<Origine>Don Faucher-Berhelé entré le 10/11/1978.</Origine>
		<Droits_Repro>Domaine public</Droits_Repro>
		<subject>METEOROLOGIE;MILITAIRE;GUERRE 1914-1918;</subject>
		<geoname>DUGNY (ville);SEINE-SAINT-DENIS (Département);</geoname>
		<persname>BERTHELE, Raoul;</persname>
		<corpname></corpname>
	</DocsFigures>
<DocsFigures>
		<Titre>Chemin vers les 1ères lignes. 15/11/15</Titre>
		<Analyse>Groupe de soldats sur un chemin allant vers les 1ères lignes.
Ce chemin est enneigé et passe dans un sous-bois.
15 novembre 1915. 
Guerre 1914-1918.</Analyse>
		<Realise_en>1915</Realise_en>
		<Liste_des_auteurs>BERTHELÉ, Raoul</Liste_des_auteurs>
		<Type_Doc>PHOTOGRAPHIE N&amp;B</Type_Doc>
		<Support>PAPIER</Support>
		<Technique>Photographie N&amp;B</Technique>
		<Format>4,3 x 4,8</Format>
		<Cote>49Fi1725</Cote>
		<Observations></Observations>
		<Origine>Don Faucher-Berhelé entré le 10/11/1978.</Origine>
		<Droits_Repro>Domaine public</Droits_Repro>
		<subject>MILITAIRE;GUERRE 1914-1918;</subject>
		<geoname></geoname>
		<persname></persname>
		<corpname></corpname>
	</DocsFigures>
<DocsFigures>
		<Titre>Partie effondrée d&apos;un boyau couvert</Titre>
		<Analyse>Officier posant dans la partie effondré du boyau couvert.
Entre 1914 et 1918. 
Guerre 1914-1918.</Analyse>
		<Realise_en></Realise_en>
		<Liste_des_auteurs>BERTHELÉ, Raoul</Liste_des_auteurs>
		<Type_Doc>PHOTOGRAPHIE N&amp;B</Type_Doc>
		<Support>PAPIER</Support>
		<Technique>Photographie N&amp;B</Technique>
		<Format>6 x 6 cm</Format>
		<Cote>49Fi1727</Cote>
		<Observations>Le coin haut gauche du tirage manque.</Observations>
		<Origine>Don Faucher-Berhelé entré le 10/11/1978.</Origine>
		<Droits_Repro>Domaine public</Droits_Repro>
		<subject>GUERRE 1914-1918;</subject>
		<geoname></geoname>
		<persname></persname>
		<corpname></corpname>
	</DocsFigures>
<DocsFigures>
		<Titre>[Plafond effondré]</Titre>
		<Analyse>Planfond effondré dans une maison.
Entre 1914 et 1918. 
Guerre 1914-1918.</Analyse>
		<Realise_en></Realise_en>
		<Liste_des_auteurs>BERTHELÉ, Raoul</Liste_des_auteurs>
		<Type_Doc>PHOTOGRAPHIE N&amp;B</Type_Doc>
		<Support>PAPIER</Support>
		<Technique>Photographie N&amp;B</Technique>
		<Format>4,5 x 6,5 cm</Format>
		<Cote>49Fi1728</Cote>
		<Observations></Observations>
		<Origine>Don Faucher-Berhelé entré le 10/11/1978.</Origine>
		<Droits_Repro>Domaine public</Droits_Repro>
		<subject>GUERRE 1914-1918;</subject>
		<geoname></geoname>
		<persname></persname>
		<corpname></corpname>
	</DocsFigures>
<DocsFigures>
		<Titre>Pancarte placée par les boches. Au pied on distingue un créneau</Titre>
		<Analyse>Vue d&apos;ensemble d&apos;un champ de bataille. L&apos;on peut voir au sommet de la colline une pancarte placée par des allemands. Au pied de la pancarte se trouve un petit mur avec un ouverture pour tirer à couvert.
Entre 1914 et 1918. 
Guerre 1914-1918.</Analyse>
		<Realise_en></Realise_en>
		<Liste_des_auteurs>BERTHELÉ, Raoul</Liste_des_auteurs>
		<Type_Doc>PHOTOGRAPHIE N&amp;B</Type_Doc>
		<Support>PAPIER</Support>
		<Technique>Photographie N&amp;B</Technique>
		<Format>6 x 6 cm</Format>
		<Cote>49Fi1729</Cote>
		<Observations></Observations>
		<Origine>Don Faucher-Berhelé entré le 10/11/1978.</Origine>
		<Droits_Repro>Domaine public</Droits_Repro>
		<subject>GUERRE 1914-1918;</subject>
		<geoname></geoname>
		<persname></persname>
		<corpname></corpname>
	</DocsFigures>
<DocsFigures>
		<Titre>[Ruines d&apos;une maison de maître]</Titre>
		<Analyse>Ruines d&apos;une maison de maître suite à un bombardement.
Entre 1914 et 1918. 
Guerre 1914-1918.</Analyse>
		<Realise_en></Realise_en>
		<Liste_des_auteurs>BERTHELÉ, Raoul</Liste_des_auteurs>
		<Type_Doc>PHOTOGRAPHIE N&amp;B</Type_Doc>
		<Support>PAPIER</Support>
		<Technique>Photographie N&amp;B</Technique>
		<Format>6 x 6 cm</Format>
		<Cote>49Fi1730</Cote>
		<Observations></Observations>
		<Origine>Don Faucher-Berhelé entré le 10/11/1978.</Origine>
		<Droits_Repro>Domaine public</Droits_Repro>
		<subject>SINISTRE;BIEN SINISTRE;GUERRE 1914-1918;</subject>
		<geoname></geoname>
		<persname></persname>
		<corpname></corpname>
	</DocsFigures>
<DocsFigures>
		<Titre>St Précord près de Vailly</Titre>
		<Analyse>Vue du calvaire de Saint-Précort au milieu des ruines à Vailly-sur-Aisne (Ainse).
Entre 1914 et 1918. 
Guerre 1914-1918.</Analyse>
		<Realise_en></Realise_en>
		<Liste_des_auteurs>BERTHELÉ, Raoul</Liste_des_auteurs>
		<Type_Doc>PHOTOGRAPHIE N&amp;B</Type_Doc>
		<Support>PAPIER</Support>
		<Technique>Photographie N&amp;B</Technique>
		<Format>6 x 4</Format>
		<Cote>49Fi1731</Cote>
		<Observations></Observations>
		<Origine>Don Faucher-Berhelé entré le 10/11/1978.</Origine>
		<Droits_Repro>Domaine public</Droits_Repro>
		<subject>SINISTRE;BIEN SINISTRE;GUERRE 1914-1918;</subject>
		<geoname>VAILLY-SUR-AISNE (ville);AISNE (département);</geoname>
		<persname></persname>
		<corpname></corpname>
	</DocsFigures>
<DocsFigures>
		<Titre>Le patron devant son poste de secours</Titre>
		<Analyse>Officier posant devant un poste de secours camp des Dames près de Craonne (Aisne).
Entre 1914 et 1918. 
Guerre 1914-1918.</Analyse>
		<Realise_en></Realise_en>
		<Liste_des_auteurs>BERTHELÉ, Raoul</Liste_des_auteurs>
		<Type_Doc>PHOTOGRAPHIE N&amp;B</Type_Doc>
		<Support>PAPIER</Support>
		<Technique>Photographie N&amp;B</Technique>
		<Format>6 x 6 cm</Format>
		<Cote>49Fi1732</Cote>
		<Observations></Observations>
		<Origine>Don Faucher-Berhelé entré le 10/11/1978.</Origine>
		<Droits_Repro>Domaine public</Droits_Repro>
		<subject>GUERRE 1914-1918;</subject>
		<geoname>AISNE (département);CRAONNE (village);</geoname>
		<persname></persname>
		<corpname></corpname>
	</DocsFigures>
<DocsFigures>
		<Titre>[Hôpital]</Titre>
		<Analyse>Hôpital militaire sous la neige.
Entre 1914 et 1918.
Guerre 1914-1918.</Analyse>
		<Realise_en></Realise_en>
		<Liste_des_auteurs>BERTHELÉ, Raoul</Liste_des_auteurs>
		<Type_Doc>PHOTOGRAPHIE N&amp;B</Type_Doc>
		<Support>PAPIER</Support>
		<Technique>Photographie N&amp;B</Technique>
		<Format>4 x 11 cm</Format>
		<Cote>49Fi1733</Cote>
		<Observations></Observations>
		<Origine>Don Faucher-Berhelé entré le 10/11/1978.</Origine>
		<Droits_Repro>Domaine public</Droits_Repro>
		<subject>SERVICE SANITAIRE MILITAIRE;GUERRE 1914-1918;</subject>
		<geoname></geoname>
		<persname></persname>
		<corpname></corpname>
	</DocsFigures>
<DocsFigures>
		<Titre>[Infirmières]</Titre>
		<Analyse>Deux Infirmières posent devant un hôpital militaire.
Entre 1914 et 1918. 
Guerre 1914-1918.</Analyse>
		<Realise_en></Realise_en>
		<Liste_des_auteurs>BERTHELÉ, Raoul</Liste_des_auteurs>
		<Type_Doc>PHOTOGRAPHIE N&amp;B</Type_Doc>
		<Support>PAPIER</Support>
		<Technique>Photographie N&amp;B</Technique>
		<Format>4 x 10,5</Format>
		<Cote>49Fi1734</Cote>
		<Observations></Observations>
		<Origine>Don Faucher-Berhelé entré le 10/11/1978.</Origine>
		<Droits_Repro>Domaine public</Droits_Repro>
		<subject>SERVICE SANITAIRE MILITAIRE;AUXILIAIRE MEDICAL;GUERRE 1914-1918;</subject>
		<geoname></geoname>
		<persname></persname>
		<corpname></corpname>
	</DocsFigures>
<DocsFigures>
		<Titre>[Officier]</Titre>
		<Analyse>Officier posant devant un amas de ferraille.
Entre 1914 et 1918. 
Guerre 1914-1918.</Analyse>
		<Realise_en></Realise_en>
		<Liste_des_auteurs>BERTHELÉ, Raoul</Liste_des_auteurs>
		<Type_Doc>PHOTOGRAPHIE N&amp;B</Type_Doc>
		<Support>PAPIER</Support>
		<Technique>Photographie N&amp;B</Technique>
		<Format>4 x 10,3</Format>
		<Cote>49Fi1735</Cote>
		<Observations></Observations>
		<Origine>Don Faucher-Berhelé entré le 10/11/1978.</Origine>
		<Droits_Repro>Domaine public</Droits_Repro>
		<subject>GUERRE 1914-1918;</subject>
		<geoname></geoname>
		<persname></persname>
		<corpname></corpname>
	</DocsFigures>
<DocsFigures>
		<Titre>[Intérieur de l&apos;église de Laimont en ruine]</Titre>
		<Analyse>Vue de l&apos;intérieur de l&apos;église en ruine de Laimont (Meuse).
1916. 
Guerre 1914-1918.</Analyse>
		<Realise_en>1916</Realise_en>
		<Liste_des_auteurs>BERTHELÉ, Raoul</Liste_des_auteurs>
		<Type_Doc>PHOTOGRAPHIE N&amp;B</Type_Doc>
		<Support>PAPIER</Support>
		<Technique>Photographie N&amp;B</Technique>
		<Format>3,3 x 5</Format>
		<Cote>49Fi1738</Cote>
		<Observations>Les tirages 49Fi 1739 et 1738 sont identiques avec une variation  de densité.
Lié à 49fi334</Observations>
		<Origine>Don Faucher-Berhelé entré le 10/11/1978.</Origine>
		<Droits_Repro>Domaine public</Droits_Repro>
		<subject>EDIFICE CULTUEL;BIEN SINISTRE;SINISTRE;GUERRE 1914-1918;</subject>
		<geoname>LAIMONT (village);MEUSE (département);</geoname>
		<persname></persname>
		<corpname></corpname>
	</DocsFigures>
<DocsFigures>
		<Titre>Belleray. Carrière</Titre>
		<Analyse>L&apos;entrée d&apos;une carrière souterraine près de Belleray (Meuse), qui sert d&apos;abri aux soldats.
1917. 
Guerre 1914-1918.</Analyse>
		<Realise_en>1917</Realise_en>
		<Liste_des_auteurs>BERTHELÉ, Raoul</Liste_des_auteurs>
		<Type_Doc>PHOTOGRAPHIE N&amp;B</Type_Doc>
		<Support>PAPIER</Support>
		<Technique>Photographie N&amp;B</Technique>
		<Format>3,5 x 4,5</Format>
		<Cote>49Fi1740</Cote>
		<Observations>Lié à la 49Fi1878/29</Observations>
		<Origine>Don Faucher-Berhelé entré le 10/11/1978.</Origine>
		<Droits_Repro>Domaine public</Droits_Repro>
		<subject>ABRI;GUERRE 1914-1918;</subject>
		<geoname>BELLERAY (village);MEUSE (département);</geoname>
		<persname></persname>
		<corpname></corpname>
	</DocsFigures>
<DocsFigures>
		<Titre>Belleray. Carrière</Titre>
		<Analyse>L&apos;entrée d&apos;une carrière souterraine près de Belleray (Meuse), qui sert d&apos;abri aux soldats.
1917. 
Guerre 1914-1918.</Analyse>
		<Realise_en>1917</Realise_en>
		<Liste_des_auteurs>BERTHELÉ, Raoul</Liste_des_auteurs>
		<Type_Doc>PHOTOGRAPHIE N&amp;B</Type_Doc>
		<Support>PAPIER</Support>
		<Technique>Photographie N&amp;B</Technique>
		<Format>3,5 x 4,5</Format>
		<Cote>49Fi1741</Cote>
		<Observations>Lié à la 49Fi1878/26</Observations>
		<Origine>Don Faucher-Berhelé entré le 10/11/1978.</Origine>
		<Droits_Repro>Domaine public</Droits_Repro>
		<subject>ABRI;GUERRE 1914-1918;</subject>
		<geoname>BELLERAY (village);MEUSE (département);</geoname>
		<persname></persname>
		<corpname></corpname>
	</DocsFigures>
<DocsFigures>
		<Titre>[Ruines d&apos;un usine]</Titre>
		<Analyse>Ruines d&apos;une usine suite à un bombardement.
Entre 1914 et 1918. 
Guerre 1914-1918.</Analyse>
		<Realise_en></Realise_en>
		<Liste_des_auteurs>BERTHELÉ, Raoul</Liste_des_auteurs>
		<Type_Doc>PHOTOGRAPHIE N&amp;B</Type_Doc>
		<Support>PAPIER</Support>
		<Technique>Photographie N&amp;B</Technique>
		<Format>4,4 x 6</Format>
		<Cote>49Fi1742</Cote>
		<Observations></Observations>
		<Origine>Don Faucher-Berhelé entré le 10/11/1978.</Origine>
		<Droits_Repro>Domaine public</Droits_Repro>
		<subject>SINISTRE;BIEN SINISTRE;GUERRE 1914-1918;</subject>
		<geoname></geoname>
		<persname></persname>
		<corpname></corpname>
	</DocsFigures>
<DocsFigures>
		<Titre>Sermaize. Ruines</Titre>
		<Analyse>Ruines du village de Sermaize-les-Bains (Marne) suite à un bombardement.
1915. 
Guerre 1914-1918.</Analyse>
		<Realise_en>1915</Realise_en>
		<Liste_des_auteurs>BERTHELÉ, Raoul</Liste_des_auteurs>
		<Type_Doc>PHOTOGRAPHIE N&amp;B</Type_Doc>
		<Support>PAPIER</Support>
		<Technique>Photographie N&amp;B</Technique>
		<Format>4 x 4,5 cm</Format>
		<Cote>49Fi1743</Cote>
		<Observations>Lié à la 49Fi1879/46 et à la 49Fi870</Observations>
		<Origine>Don Faucher-Berhelé entré le 10/11/1978.</Origine>
		<Droits_Repro>Domaine public</Droits_Repro>
		<subject>SINISTRE;BIEN SINISTRE;GUERRE 1914-1918;</subject>
		<geoname>SERMAIZE-LES-BAINS (ville);MARNE (département);</geoname>
		<persname></persname>
		<corpname></corpname>
	</DocsFigures>
<DocsFigures>
		<Titre>[Ruines de la maison de tante Orphise à Fismes]</Titre>
		<Analyse>Ruines de la maison de tante Orphise à Fismes (Marne).
Entre 1914 et 1918. 
Guerre 1914-1918.</Analyse>
		<Realise_en></Realise_en>
		<Liste_des_auteurs>BERTHELÉ, Raoul</Liste_des_auteurs>
		<Type_Doc>PHOTOGRAPHIE N&amp;B</Type_Doc>
		<Support>PAPIER</Support>
		<Technique>Photographie N&amp;B</Technique>
		<Format>4 x 6,1</Format>
		<Cote>49Fi1744</Cote>
		<Observations></Observations>
		<Origine>Don Faucher-Berhelé entré le 10/11/1978.</Origine>
		<Droits_Repro>Domaine public</Droits_Repro>
		<subject>SINISTRE;BIEN SINISTRE;GUERRE 1914-1918;</subject>
		<geoname>FISMES (ville);MARNE (département);</geoname>
		<persname></persname>
		<corpname></corpname>
	</DocsFigures>
<DocsFigures>
		<Titre>Prise de nuit avec 40 mins de pose</Titre>
		<Analyse>Photo d&apos;un paysage sous la neige avec une maison prise de nuit. Temps de pose: 40 minutes.
Entre 1914 et 1918. 
Guerre 1914-1918.</Analyse>
		<Realise_en></Realise_en>
		<Liste_des_auteurs>BERTHELÉ, Raoul</Liste_des_auteurs>
		<Type_Doc>PHOTOGRAPHIE N&amp;B</Type_Doc>
		<Support>PAPIER</Support>
		<Technique>Photographie N&amp;B</Technique>
		<Format>6 x 6 cm</Format>
		<Cote>49Fi1746</Cote>
		<Observations></Observations>
		<Origine>Don Faucher-Berhelé entré le 10/11/1978.</Origine>
		<Droits_Repro>Domaine public</Droits_Repro>
		<subject>SITE;INTEMPERIES;GUERRE 1914-1918;</subject>
		<geoname></geoname>
		<persname></persname>
		<corpname></corpname>
	</DocsFigures>
<DocsFigures>
		<Titre>Intérieur de l&apos;église de Beauzée en ruine.</Titre>
		<Analyse>Intérieur de l&apos;église de Beauzie-sur-Aire (Meuse) en ruine suite à un bombardement.
Entre 1914 et 1918. 
Guerre 1914-1918.</Analyse>
		<Realise_en></Realise_en>
		<Liste_des_auteurs>BERTHELÉ, Raoul</Liste_des_auteurs>
		<Type_Doc>PHOTOGRAPHIE N&amp;B</Type_Doc>
		<Support>PAPIER</Support>
		<Technique>Photographie N&amp;B</Technique>
		<Format>4,5 x 7</Format>
		<Cote>49Fi1747</Cote>
		<Observations></Observations>
		<Origine>Don Faucher-Berhelé entré le 10/11/1978.</Origine>
		<Droits_Repro>Domaine public</Droits_Repro>
		<subject>EDIFICE CULTUEL;BIEN SINISTRE;SINISTRE;GUERRE 1914-1918;</subject>
		<geoname>BEAUZEE-SUR-AIRE (hameau);BEAUSITE (village);MEUSE (département);</geoname>
		<persname></persname>
		<corpname></corpname>
	</DocsFigures>
<DocsFigures>
		<Titre>[Place]</Titre>
		<Analyse>Place d&apos;une ville en Belgique, région Flamande.
1918. 
Guerre 1914-1918.</Analyse>
		<Realise_en>1918</Realise_en>
		<Liste_des_auteurs>BERTHELÉ, Raoul</Liste_des_auteurs>
		<Type_Doc>PHOTOGRAPHIE N&amp;B</Type_Doc>
		<Support>PAPIER</Support>
		<Technique>Photographie N&amp;B</Technique>
		<Format>6 x 6 cm</Format>
		<Cote>49Fi1748</Cote>
		<Observations></Observations>
		<Origine>Don Faucher-Berhelé entré le 10/11/1978.</Origine>
		<Droits_Repro>Domaine public</Droits_Repro>
		<subject>GUERRE 1914-1918;</subject>
		<geoname>BELGIQUE (pays);</geoname>
		<persname></persname>
		<corpname></corpname>
	</DocsFigures>
<DocsFigures>
		<Titre>[Eglise en ruine]</Titre>
		<Analyse>Ruines d&apos;une église suite à un bombardement.
Entre 1914 et 1918. 
Guerre 1914-1918.</Analyse>
		<Realise_en></Realise_en>
		<Liste_des_auteurs>BERTHELÉ, Raoul</Liste_des_auteurs>
		<Type_Doc>PHOTOGRAPHIE N&amp;B</Type_Doc>
		<Support>PAPIER</Support>
		<Technique>Photographie N&amp;B</Technique>
		<Format>8,8 x 6</Format>
		<Cote>49Fi1749</Cote>
		<Observations></Observations>
		<Origine>Don Faucher-Berhelé entré le 10/11/1978.</Origine>
		<Droits_Repro>Domaine public</Droits_Repro>
		<subject>EDIFICE CULTUEL;BIEN SINISTRE;SINISTRE;GUERRE 1914-1918;</subject>
		<geoname></geoname>
		<persname></persname>
		<corpname></corpname>
	</DocsFigures>
<DocsFigures>
		<Titre>[Intérieur d&apos;une église en ruine]</Titre>
		<Analyse>Dégâts dans une église suite à un bombardement.
Entre 1914 et 1918. 
Guerre 1914-1918.</Analyse>
		<Realise_en></Realise_en>
		<Liste_des_auteurs>BERTHELÉ, Raoul</Liste_des_auteurs>
		<Type_Doc>PHOTOGRAPHIE N&amp;B</Type_Doc>
		<Support>PAPIER</Support>
		<Technique>Photographie N&amp;B</Technique>
		<Format>5,5 x 6</Format>
		<Cote>49Fi1750</Cote>
		<Observations>Le tirage contact est dense.</Observations>
		<Origine>Don Faucher-Berhelé entré le 10/11/1978.</Origine>
		<Droits_Repro>Domaine public</Droits_Repro>
		<subject>EDIFICE CULTUEL;BIEN SINISTRE;SINISTRE;GUERRE 1914-1918;</subject>
		<geoname></geoname>
		<persname></persname>
		<corpname></corpname>
	</DocsFigures>
<DocsFigures>
		<Titre>Photo lunaire. Poste de secours. Au fond à droite le sommet du Schratz</Titre>
		<Analyse>Vue au clair de lune d&apos;une zone de guerre sous la neige. 
Nuit du 5 au 6 janvier 1917. 
Guerre 1914-1918. 
A gauche au premier plan poste de secours à droite le sommet du Schratz. 
Pose: 67 minutes.</Analyse>
		<Realise_en>1917</Realise_en>
		<Liste_des_auteurs>BERTHELÉ, Raoul</Liste_des_auteurs>
		<Type_Doc>PHOTOGRAPHIE N&amp;B</Type_Doc>
		<Support>PAPIER</Support>
		<Technique>Photographie N&amp;B</Technique>
		<Format>6 x 6 cm</Format>
		<Cote>49Fi1751</Cote>
		<Observations></Observations>
		<Origine>Don Faucher-Berhelé entré le 10/11/1978.</Origine>
		<Droits_Repro>Domaine public</Droits_Repro>
		<subject>GUERRE 1914-1918;</subject>
		<geoname></geoname>
		<persname></persname>
		<corpname></corpname>
	</DocsFigures>
<DocsFigures>
		<Titre>Vailly [Usine électrique en ruine]</Titre>
		<Analyse>Vue d&apos;ensemble des ruines de l&apos;usine électrique de Vailly-sur-Aisne (Aisne), qui a été bombardée.
1915. 
Guerre 1914-1918.</Analyse>
		<Realise_en>1915</Realise_en>
		<Liste_des_auteurs>BERTHELÉ, Raoul</Liste_des_auteurs>
		<Type_Doc>PHOTOGRAPHIE N&amp;B</Type_Doc>
		<Support>PAPIER</Support>
		<Technique>Photographie N&amp;B</Technique>
		<Format>4,5 x 5</Format>
		<Cote>49Fi1752</Cote>
		<Observations>Lié à 49Fi175</Observations>
		<Origine>Don Faucher-Berhelé entré le 10/11/1978.</Origine>
		<Droits_Repro>Domaine public</Droits_Repro>
		<subject>SINISTRE;BIEN SINISTRE;GUERRE 1914-1918;</subject>
		<geoname>VAILLY-SUR-AISNE (ville);AISNE (département);</geoname>
		<persname></persname>
		<corpname></corpname>
	</DocsFigures>
<DocsFigures>
		<Titre>Clair de lune. Pose 52 mins. 29/11/15</Titre>
		<Analyse>Photo d&apos;un bois sous la neige prise de nuit au clair de lune.
29 novembre 1915. 
Guerre 1914-1918.
Temps de pose: 52 minutes.</Analyse>
		<Realise_en>1915</Realise_en>
		<Liste_des_auteurs>BERTHELÉ, Raoul</Liste_des_auteurs>
		<Type_Doc>PHOTOGRAPHIE N&amp;B</Type_Doc>
		<Support>PAPIER</Support>
		<Technique>Photographie N&amp;B</Technique>
		<Format>4 x 4</Format>
		<Cote>49Fi1753</Cote>
		<Observations></Observations>
		<Origine>Don Faucher-Berhelé entré le 10/11/1978.</Origine>
		<Droits_Repro>Domaine public</Droits_Repro>
		<subject>GUERRE 1914-1918;</subject>
		<geoname></geoname>
		<persname></persname>
		<corpname></corpname>
	</DocsFigures>
<DocsFigures>
		<Titre>Aperçu du lac de Longemer</Titre>
		<Analyse>Vue panoramique du lac de Longemer sous la neige à Xonrupt-Longemer (Vosges).
Entre 1914 et 1918. 
Guerre 1914-1918.</Analyse>
		<Realise_en></Realise_en>
		<Liste_des_auteurs>BERTHELÉ, Raoul</Liste_des_auteurs>
		<Type_Doc>PHOTOGRAPHIE N&amp;B</Type_Doc>
		<Support>PAPIER</Support>
		<Technique>Photographie N&amp;B</Technique>
		<Format>6 x 6 cm</Format>
		<Cote>49Fi1754</Cote>
		<Observations></Observations>
		<Origine>Don Faucher-Berhelé entré le 10/11/1978.</Origine>
		<Droits_Repro>Domaine public</Droits_Repro>
		<subject>GUERRE 1914-1918;</subject>
		<geoname>XONRUPT-LONGEMER (village);VOSGES (département);LONGEMER (lac de);</geoname>
		<persname></persname>
		<corpname></corpname>
	</DocsFigures>
<DocsFigures>
		<Titre>Photo aérienne. 07/11/15</Titre>
		<Analyse>Photo aérienne d&apos;une vallée dans le brouillard.
7 novembre 1915. 
Guerre 1914-1918.</Analyse>
		<Realise_en>1915</Realise_en>
		<Liste_des_auteurs>BERTHELÉ, Raoul</Liste_des_auteurs>
		<Type_Doc>PHOTOGRAPHIE N&amp;B</Type_Doc>
		<Support>PAPIER</Support>
		<Technique>Photographie N&amp;B</Technique>
		<Format>4,3 x 4,5</Format>
		<Cote>49Fi1755</Cote>
		<Observations></Observations>
		<Origine>Don Faucher-Berhelé entré le 10/11/1978.</Origine>
		<Droits_Repro>Domaine public</Droits_Repro>
		<subject>GUERRE 1914-1918;</subject>
		<geoname></geoname>
		<persname></persname>
		<corpname></corpname>
	</DocsFigures>
<DocsFigures>
		<Titre>Ruines du village de Vauy [Belgique]</Titre>
		<Analyse>Ruines du village de Vauy (Belgique), suite à un bombardement.
1918. 
Guerre 1914-1918.</Analyse>
		<Realise_en>1918</Realise_en>
		<Liste_des_auteurs>BERTHELÉ, Raoul</Liste_des_auteurs>
		<Type_Doc>PHOTOGRAPHIE N&amp;B</Type_Doc>
		<Support>PAPIER</Support>
		<Technique>Photographie N&amp;B</Technique>
		<Format>9 x 14 cm</Format>
		<Cote>49Fi1757</Cote>
		<Observations></Observations>
		<Origine>Don Faucher-Berhelé entré le 10/11/1978.</Origine>
		<Droits_Repro>Domaine public</Droits_Repro>
		<subject>SINISTRE;BIEN SINISTRE;GUERRE 1914-1918;</subject>
		<geoname>BELGIQUE (pays);</geoname>
		<persname></persname>
		<corpname></corpname>
	</DocsFigures>
<DocsFigures>
		<Titre>Ruines du village de Vauy [Belgique]</Titre>
		<Analyse>Ruines du village de Vauy (Belgique),  suite à un bombardement.
1918. 
Guerre 1914-1918.</Analyse>
		<Realise_en>1918</Realise_en>
		<Liste_des_auteurs>BERTHELÉ, Raoul</Liste_des_auteurs>
		<Type_Doc>PHOTOGRAPHIE N&amp;B</Type_Doc>
		<Support>PAPIER</Support>
		<Technique>Photographie N&amp;B</Technique>
		<Format>9 x 14 cm</Format>
		<Cote>49Fi1758</Cote>
		<Observations></Observations>
		<Origine>Don Faucher-Berhelé entré le 10/11/1978.</Origine>
		<Droits_Repro>Domaine public</Droits_Repro>
		<subject>SINISTRE;BIEN SINISTRE;GUERRE 1914-1918;</subject>
		<geoname>BELGIQUE (pays);</geoname>
		<persname></persname>
		<corpname></corpname>
	</DocsFigures>
<DocsFigures>
		<Titre>Ruines du village de Vauy [Belgique]</Titre>
		<Analyse>Ruines du village de Vauy (Belgique),  suite à un bombardement.
1918. 
Guerre 1914-1918.</Analyse>
		<Realise_en>1918</Realise_en>
		<Liste_des_auteurs>BERTHELÉ, Raoul</Liste_des_auteurs>
		<Type_Doc>PHOTOGRAPHIE N&amp;B</Type_Doc>
		<Support>PAPIER</Support>
		<Technique>Photographie N&amp;B</Technique>
		<Format>9 x 14 cm</Format>
		<Cote>49Fi1759</Cote>
		<Observations></Observations>
		<Origine>Don Faucher-Berhelé entré le 10/11/1978.</Origine>
		<Droits_Repro>Domaine public</Droits_Repro>
		<subject>SINISTRE;BIEN SINISTRE;GUERRE 1914-1918;</subject>
		<geoname>BELGIQUE (pays);</geoname>
		<persname></persname>
		<corpname></corpname>
	</DocsFigures>
<DocsFigures>
		<Titre>Ruines du village de Vauy [Belgique]</Titre>
		<Analyse>Ruines du village de Vauy (Belgique),  suite à un bombardement.
1918. 
Guerre 1914-1918.</Analyse>
		<Realise_en>1918</Realise_en>
		<Liste_des_auteurs>BERTHELÉ, Raoul</Liste_des_auteurs>
		<Type_Doc>PHOTOGRAPHIE N&amp;B</Type_Doc>
		<Support>PAPIER</Support>
		<Technique>Photographie N&amp;B</Technique>
		<Format>9 x 14 cm</Format>
		<Cote>49Fi1760</Cote>
		<Observations></Observations>
		<Origine>Don Faucher-Berhelé entré le 10/11/1978.</Origine>
		<Droits_Repro>Domaine public</Droits_Repro>
		<subject>SINISTRE;BIEN SINISTRE;GUERRE 1914-1918;</subject>
		<geoname>BELGIQUE (pays);</geoname>
		<persname></persname>
		<corpname></corpname>
	</DocsFigures>
<DocsFigures>
		<Titre>[Tranchées]</Titre>
		<Analyse>Réseau de tranchées.
Entre 1914 et 1918. 
Guerre 1914-1918.</Analyse>
		<Realise_en></Realise_en>
		<Liste_des_auteurs>BERTHELÉ, Raoul</Liste_des_auteurs>
		<Type_Doc>PHOTOGRAPHIE N&amp;B</Type_Doc>
		<Support>PAPIER</Support>
		<Technique>Photographie N&amp;B</Technique>
		<Format>9 x 12,5</Format>
		<Cote>49Fi1761</Cote>
		<Observations></Observations>
		<Origine>Don Faucher-Berhelé entré le 10/11/1978.</Origine>
		<Droits_Repro>Domaine public</Droits_Repro>
		<subject>GUERRE 1914-1918;</subject>
		<geoname></geoname>
		<persname></persname>
		<corpname></corpname>
	</DocsFigures>
<DocsFigures>
		<Titre>Carlingue. Voisin de bombardement. Boussole, compte tour du moteur, altimètre</Titre>
		<Analyse>Vue plongeante sur la carlingue et des instruments de bord d&apos;un avion Voisin de l&apos;escadrille V114 à Fleury-sur-Aire (Meuse).
1916.
Guerre 1914-1918.</Analyse>
		<Realise_en>1916</Realise_en>
		<Liste_des_auteurs>BERTHELÉ, Raoul</Liste_des_auteurs>
		<Type_Doc>PHOTOGRAPHIE N&amp;B</Type_Doc>
		<Support>PAPIER</Support>
		<Technique>Photographie N&amp;B</Technique>
		<Format>12,5 X 9</Format>
		<Cote>49Fi1762</Cote>
		<Observations></Observations>
		<Origine>Don Faucher-Berhelé entré le 10/11/1978.</Origine>
		<Droits_Repro>Domaine public</Droits_Repro>
		<subject>GUERRE 1914-1918;</subject>
		<geoname>MEUSE (département);FLEURY-SUR-AIRE (hameau);</geoname>
		<persname></persname>
		<corpname></corpname>
	</DocsFigures>
<DocsFigures>
		<Titre>[Soldats français]</Titre>
		<Analyse>Soldats français se reposant près d&apos;un abri.
Entre 1914 et 1918. 
Guerre 1914-1918.</Analyse>
		<Realise_en></Realise_en>
		<Liste_des_auteurs>BERTHELÉ, Raoul</Liste_des_auteurs>
		<Type_Doc>PHOTOGRAPHIE N&amp;B</Type_Doc>
		<Support>PAPIER</Support>
		<Technique>Photographie N&amp;B</Technique>
		<Format>13 x 18 cm</Format>
		<Cote>49Fi1763</Cote>
		<Observations>Le tirage est dense.</Observations>
		<Origine>Don Faucher-Berhelé entré le 10/11/1978.</Origine>
		<Droits_Repro>Domaine public</Droits_Repro>
		<subject>MILITAIRE;ABRI;GUERRE 1914-1918;</subject>
		<geoname></geoname>
		<persname></persname>
		<corpname></corpname>
	</DocsFigures>
<DocsFigures>
		<Titre>[Paysage dévasté par les bombardements]</Titre>
		<Analyse>Vue panoramique d&apos;un paysage meurtri par de nombreux bombardements.
Entre 1914 et 1918. 
Guerre 1914-1918.</Analyse>
		<Realise_en></Realise_en>
		<Liste_des_auteurs>BERTHELÉ, Raoul</Liste_des_auteurs>
		<Type_Doc>PHOTOGRAPHIE N&amp;B</Type_Doc>
		<Support>PAPIER</Support>
		<Technique>Photographie N&amp;B</Technique>
		<Format>13 x 18 cm</Format>
		<Cote>49Fi1764</Cote>
		<Observations>Le tirage est dense.</Observations>
		<Origine>Don Faucher-Berhelé entré le 10/11/1978.</Origine>
		<Droits_Repro>Domaine public</Droits_Repro>
		<subject>SITE;SINISTRE;GUERRE 1914-1918;</subject>
		<geoname></geoname>
		<persname></persname>
		<corpname></corpname>
	</DocsFigures>
<DocsFigures>
		<Titre>Château de Merckeur</Titre>
		<Analyse>Vue panoramique des ruines du château Merckeur.
Entre 1914 et 1918. 
Guerre 1914-1918.</Analyse>
		<Realise_en></Realise_en>
		<Liste_des_auteurs>BERTHELÉ, Raoul</Liste_des_auteurs>
		<Type_Doc>PHOTOGRAPHIE N&amp;B</Type_Doc>
		<Support>PAPIER</Support>
		<Technique>Photographie N&amp;B</Technique>
		<Format>11,3 x 21,5</Format>
		<Cote>49Fi1765</Cote>
		<Observations>Il manque un petit bout du tirage sur le coté gauche.</Observations>
		<Origine>Don Faucher-Berhelé entré le 10/11/1978.</Origine>
		<Droits_Repro>Domaine public</Droits_Repro>
		<subject>SINISTRE;BIEN SINISTRE;GUERRE 1914-1918;</subject>
		<geoname></geoname>
		<persname></persname>
		<corpname></corpname>
	</DocsFigures>
<DocsFigures>
		<Titre>[Tranchées]</Titre>
		<Analyse>Réseau de tranchées sur une colline dévastée.
Entre 1914 et 1918. 
Guerre 1914-1918.</Analyse>
		<Realise_en></Realise_en>
		<Liste_des_auteurs>BERTHELÉ, Raoul</Liste_des_auteurs>
		<Type_Doc>PHOTOGRAPHIE N&amp;B</Type_Doc>
		<Support>PAPIER</Support>
		<Technique>Photographie N&amp;B</Technique>
		<Format>13 x 18 cm</Format>
		<Cote>49Fi1767</Cote>
		<Observations>Le tirage est dense.</Observations>
		<Origine>Don Faucher-Berhelé entré le 10/11/1978.</Origine>
		<Droits_Repro>Domaine public</Droits_Repro>
		<subject>GUERRE 1914-1918;</subject>
		<geoname></geoname>
		<persname></persname>
		<corpname></corpname>
	</DocsFigures>
<DocsFigures>
		<Titre>[Ruines d&apos;une ville]</Titre>
		<Analyse>Vue panoramique (axe de prise de vue en plongée) d&apos;une ville dévastée suite à des bombardements. En premier plan un arbre mort.
Entre 1914 et 1918. 
Guerre 1914-1918.</Analyse>
		<Realise_en>1918</Realise_en>
		<Liste_des_auteurs>BERTHELÉ, Raoul</Liste_des_auteurs>
		<Type_Doc>PHOTOGRAPHIE N&amp;B</Type_Doc>
		<Support>PAPIER</Support>
		<Technique>Photographie N&amp;B</Technique>
		<Format>13 x 18 cm</Format>
		<Cote>49Fi1768</Cote>
		<Observations>Le tirage est dense.</Observations>
		<Origine>Don Faucher-Berhelé entré le 10/11/1978.</Origine>
		<Droits_Repro>Domaine public</Droits_Repro>
		<subject>SINISTRE;BIEN SINISTRE;GUERRE 1914-1918;</subject>
		<geoname></geoname>
		<persname></persname>
		<corpname></corpname>
	</DocsFigures>
<DocsFigures>
		<Titre>Chevreuse. Tour du château de la Madeleine. La vallée de Chevreuse.</Titre>
		<Analyse>Vue panoramique plongeante de la vallée de Chevreuse avec en premier plan une tour du château de la Madeleine en ruine, à Chevreuse (Yvelines). 
Entre 1914 et 1918
Guerre 1914-1918.</Analyse>
		<Realise_en></Realise_en>
		<Liste_des_auteurs>BERTHELÉ, Raoul</Liste_des_auteurs>
		<Type_Doc>PHOTOGRAPHIE N&amp;B</Type_Doc>
		<Support>PAPIER</Support>
		<Technique>Photographie N&amp;B</Technique>
		<Format>6 x 13</Format>
		<Cote>49Fi1769</Cote>
		<Observations>Le tirage est dense.</Observations>
		<Origine>Don Faucher-Berhelé entré le 10/11/1978.</Origine>
		<Droits_Repro>Domaine public</Droits_Repro>
		<subject>SINISTRE;BIEN SINISTRE;GUERRE 1914-1918;</subject>
		<geoname>YVELINES (département);CHEVREUSE (ville);</geoname>
		<persname></persname>
		<corpname></corpname>
	</DocsFigures>
<DocsFigures>
		<Titre>Mon habitation. Château de Roselle</Titre>
		<Analyse>Vue d&apos;ensemble du château de Roselle. Habitation pendant quelques temps de Raoul Berthelé(période non déterminée).
Entre 1914 et 1918. 
Guerre 1914-1918.</Analyse>
		<Realise_en></Realise_en>
		<Liste_des_auteurs>BERTHELÉ, Raoul</Liste_des_auteurs>
		<Type_Doc>PHOTOGRAPHIE N&amp;B</Type_Doc>
		<Support>PAPIER </Support>
		<Technique>Photographie N&amp;B</Technique>
		<Format>11,5 x 6</Format>
		<Cote>49Fi1773</Cote>
		<Observations>Le tirage manque de luminosité.</Observations>
		<Origine>Don Faucher-Berhelé entré le 10/11/1978.</Origine>
		<Droits_Repro>Domaine public</Droits_Repro>
		<subject>GUERRE 1914-1918;</subject>
		<geoname></geoname>
		<persname>BERTHELE, Raoul;</persname>
		<corpname></corpname>
	</DocsFigures>
<DocsFigures>
		<Titre>[Ruines du village d&apos;Allemant]</Titre>
		<Analyse>Vue panoramique d&apos;une route au milieu des ruines du village d&apos;Allemant (Aisne).
Entre 1914 et 1918. 
Guerre 1914-1918.</Analyse>
		<Realise_en></Realise_en>
		<Liste_des_auteurs>BERTHELÉ, Raoul</Liste_des_auteurs>
		<Type_Doc>PHOTOGRAPHIE N&amp;B</Type_Doc>
		<Support>PAPIER </Support>
		<Technique>Photographie N&amp;B</Technique>
		<Format>6 x 12,7</Format>
		<Cote>49Fi1774</Cote>
		<Observations>Le tirage manque de luminosité.
Tirage identique à 49Fi1777.
Lié à 2Ph102</Observations>
		<Origine>Don Faucher-Berhelé entré le 10/11/1978.</Origine>
		<Droits_Repro>Domaine public</Droits_Repro>
		<subject>SINISTRE;BIEN SINISTRE;GUERRE 1914-1918;</subject>
		<geoname>ALLEMANT (village);AISNE (département);</geoname>
		<persname></persname>
		<corpname></corpname>
	</DocsFigures>
<DocsFigures>
		<Titre>[Cernay l&apos;étang]</Titre>
		<Analyse>L&apos;étang de Cernay au milieu d&apos;un paysage lunaire près de Cernay-la-Ville (Yvelines).
Entre 1914 et 1918. 
Guerre 1914-1918.</Analyse>
		<Realise_en></Realise_en>
		<Liste_des_auteurs>BERTHELÉ, Raoul</Liste_des_auteurs>
		<Type_Doc>PHOTOGRAPHIE N&amp;B</Type_Doc>
		<Support>PAPIER </Support>
		<Technique>Photographie N&amp;B</Technique>
		<Format>6,5 x 13</Format>
		<Cote>49Fi1775</Cote>
		<Observations></Observations>
		<Origine>Don Faucher-Berhelé entré le 10/11/1978.</Origine>
		<Droits_Repro>Domaine public</Droits_Repro>
		<subject>COURS D&apos;EAU;SITE;GUERRE 1914-1918;</subject>
		<geoname>CERNAY-LA-VILLE (village);YVELINES (département);</geoname>
		<persname></persname>
		<corpname></corpname>
	</DocsFigures>
<DocsFigures>
		<Titre>Mercin-Pommier. Centre de triage. Canons boches. R.B.</Titre>
		<Analyse>Vue panoramique de Raoul Berthelé posant au milieu de canons allemands au centre de triage de Mercin Pommier (Aisne).
Entre 1914 et 1918. 
Guerre 1914-1918.</Analyse>
		<Realise_en></Realise_en>
		<Liste_des_auteurs>BERTHELÉ, Raoul</Liste_des_auteurs>
		<Type_Doc>PHOTOGRAPHIE N&amp;B</Type_Doc>
		<Support>PAPIER </Support>
		<Technique>Photographie N&amp;B</Technique>
		<Format>6 x 13</Format>
		<Cote>49Fi1776</Cote>
		<Observations>Tirage identique à 49Fi1783.</Observations>
		<Origine>Don Faucher-Berhelé entré le 10/11/1978.</Origine>
		<Droits_Repro>Domaine public</Droits_Repro>
		<subject>GUERRE 1914-1918;</subject>
		<geoname>POMMIERS (village);AISNE (département);MERCIN-ET-VAUX (village);</geoname>
		<persname>BERTHELE, Raoul;</persname>
		<corpname></corpname>
	</DocsFigures>
<DocsFigures>
		<Titre>[Ruines du village d&apos;Allemant]</Titre>
		<Analyse>Vue panoramique d&apos;une route au milieu des ruines du village d&apos;Allemant (Aisne).
Entre 1914 et 1918. 
Guerre 1914-1918.</Analyse>
		<Realise_en></Realise_en>
		<Liste_des_auteurs>BERTHELÉ, Raoul</Liste_des_auteurs>
		<Type_Doc>PHOTOGRAPHIE N&amp;B</Type_Doc>
		<Support>PAPIER </Support>
		<Technique>Photographie N&amp;B</Technique>
		<Format>6 x 13</Format>
		<Cote>49Fi1777</Cote>
		<Observations>Le tirage manque de luminosité.
Tirage identique à 49Fi1774.</Observations>
		<Origine>Don Faucher-Berhelé entré le 10/11/1978.</Origine>
		<Droits_Repro>Domaine public</Droits_Repro>
		<subject>SINISTRE;BIEN SINISTRE;GUERRE 1914-1918;</subject>
		<geoname>AISNE (département);ALLEMANT (village);</geoname>
		<persname></persname>
		<corpname></corpname>
	</DocsFigures>
<DocsFigures>
		<Titre>Mercin-Pommiers. Centre de triage. Canons boches. R.B.</Titre>
		<Analyse>Raoul Berthelé pose assis sur un canon allemand au centre de triage de Mercin Pommiers (Aisne).
Entre 1914 et 1918.
Guerre 1914-1918.</Analyse>
		<Realise_en></Realise_en>
		<Liste_des_auteurs>BERTHELÉ, Raoul</Liste_des_auteurs>
		<Type_Doc>PHOTOGRAPHIE N&amp;B</Type_Doc>
		<Support>PAPIER</Support>
		<Technique>Photographie N&amp;B</Technique>
		<Format>6 x 13</Format>
		<Cote>49Fi1783</Cote>
		<Observations>Tirage identique à 49Fi1776.</Observations>
		<Origine>Don Faucher-Berhelé entré le 10/11/1978.</Origine>
		<Droits_Repro>Domaine public</Droits_Repro>
		<subject>GUERRE 1914-1918;</subject>
		<geoname>MERCIN-ET-VAUX (village);POMMIERS (village);AISNE (département);</geoname>
		<persname>BERTHELE, Raoul;</persname>
		<corpname></corpname>
	</DocsFigures>
<DocsFigures>
		<Titre>[Abri et canon]</Titre>
		<Analyse>Vue d&apos;un abri comportant un canon.
1918. 
Guerre 1914-1918.</Analyse>
		<Realise_en>1918</Realise_en>
		<Liste_des_auteurs>BERTHELÉ, Raoul</Liste_des_auteurs>
		<Type_Doc>PHOTOGRAPHIE N&amp;B</Type_Doc>
		<Support>PAPIER </Support>
		<Technique>Photographie N&amp;B</Technique>
		<Format>4,5 x 10,7 cm</Format>
		<Cote>49Fi1788</Cote>
		<Observations></Observations>
		<Origine>Don Faucher-Berhelé entré le 10/11/1978.</Origine>
		<Droits_Repro>Domaine public</Droits_Repro>
		<subject>EQUIPEMENT MILITAIRE;ABRI;GUERRE 1914-1918;</subject>
		<geoname></geoname>
		<persname></persname>
		<corpname></corpname>
	</DocsFigures>
<DocsFigures>
		<Titre>16/10/18. Langemarck. Canons anglais</Titre>
		<Analyse>Canon anglais le long d&apos;un chemin de fer dans un paysage dévasté près de Langemark , province des Flandres Occidentales, région Flamande (Belgique), .
16 octobre 1918. 
Guerre 1914-1918.</Analyse>
		<Realise_en>1918</Realise_en>
		<Liste_des_auteurs>BERTHELÉ, Raoul</Liste_des_auteurs>
		<Type_Doc>PHOTOGRAPHIE N&amp;B</Type_Doc>
		<Support>PAPIER </Support>
		<Technique>Photographie N&amp;B</Technique>
		<Format>6 x 13</Format>
		<Cote>49Fi1790</Cote>
		<Observations></Observations>
		<Origine>Don Faucher-Berhelé entré le 10/11/1978.</Origine>
		<Droits_Repro>Domaine public</Droits_Repro>
		<subject>LIGNE DE CHEMIN DE FER;EQUIPEMENT MILITAIRE;SINISTRE;SITE;GUERRE 1914-1918;</subject>
		<geoname>BELGIQUE (pays);</geoname>
		<persname></persname>
		<corpname></corpname>
	</DocsFigures>
<DocsFigures>
		<Titre>[Ruines de la Ville-aux-Bois-les-Pontavert]</Titre>
		<Analyse>Vue d&apos;un payasage ravagé à la Ville-aux-Bois-les-Pontavert (Aisne).
29 avril 1918.
Guerre 1914-1918.</Analyse>
		<Realise_en>1918</Realise_en>
		<Liste_des_auteurs>BERTHELÉ, Raoul</Liste_des_auteurs>
		<Type_Doc>PHOTOGRAPHIE N&amp;B</Type_Doc>
		<Support>PAPIER </Support>
		<Technique>Photographie N&amp;B</Technique>
		<Format>6 x 13</Format>
		<Cote>49Fi1792</Cote>
		<Observations></Observations>
		<Origine>Don Faucher-Berhelé entré le 10/11/1978.</Origine>
		<Droits_Repro>Domaine public</Droits_Repro>
		<subject>SINISTRE;BIEN SINISTRE;GUERRE 1914-1918;</subject>
		<geoname>VILLE-AUX-BOIS-LES-PONTAVERT (village);AISNE (département);</geoname>
		<persname></persname>
		<corpname></corpname>
	</DocsFigures>
<DocsFigures>
		<Titre>[Ruines d&apos;une abbaye]</Titre>
		<Analyse>Vue d&apos;ensemble des ruines d&apos;une abbaye.
1918. 
Guerre 1914-1918.</Analyse>
		<Realise_en>1918</Realise_en>
		<Liste_des_auteurs>BERTHELÉ, Raoul</Liste_des_auteurs>
		<Type_Doc>PHOTOGRAPHIE N&amp;B</Type_Doc>
		<Support>PAPIER </Support>
		<Technique>Photographie N&amp;B</Technique>
		<Format>5 x 12,7</Format>
		<Cote>49Fi1796</Cote>
		<Observations></Observations>
		<Origine>Don Faucher-Berhelé entré le 10/11/1978.</Origine>
		<Droits_Repro>Domaine public</Droits_Repro>
		<subject>SINISTRE;BIEN SINISTRE;GUERRE 1914-1918;</subject>
		<geoname></geoname>
		<persname></persname>
		<corpname></corpname>
	</DocsFigures>
<DocsFigures>
		<Titre>[Ruines d&apos;une abbaye]</Titre>
		<Analyse>Vue d&apos;ensemble des ruines d&apos;une abbaye.
1918. 
Guerre 1914-1918.</Analyse>
		<Realise_en>1918</Realise_en>
		<Liste_des_auteurs>BERTHELÉ, Raoul</Liste_des_auteurs>
		<Type_Doc>PHOTOGRAPHIE N&amp;B</Type_Doc>
		<Support>PAPIER </Support>
		<Technique>Photographie N&amp;B</Technique>
		<Format>5 x 12,7</Format>
		<Cote>49Fi1797</Cote>
		<Observations></Observations>
		<Origine>Don Faucher-Berhelé entré le 10/11/1978.</Origine>
		<Droits_Repro>Domaine public</Droits_Repro>
		<subject>SINISTRE;BIEN SINISTRE;GUERRE 1914-1918;</subject>
		<geoname></geoname>
		<persname></persname>
		<corpname></corpname>
	</DocsFigures>
<DocsFigures>
		<Titre>[Ruines d&apos;une abbaye]</Titre>
		<Analyse>Vue d&apos;ensemble des ruines d&apos;une abbaye.
1918. 
Guerre 1914-1918.</Analyse>
		<Realise_en>1918</Realise_en>
		<Liste_des_auteurs>BERTHELÉ, Raoul</Liste_des_auteurs>
		<Type_Doc>PHOTOGRAPHIE N&amp;B</Type_Doc>
		<Support>PAPIER </Support>
		<Technique>Photographie N&amp;B</Technique>
		<Format>4,3 x 12</Format>
		<Cote>49Fi1798</Cote>
		<Observations></Observations>
		<Origine>Don Faucher-Berhelé entré le 10/11/1978.</Origine>
		<Droits_Repro>Domaine public</Droits_Repro>
		<subject>SINISTRE;BIEN SINISTRE;GUERRE 1914-1918;</subject>
		<geoname></geoname>
		<persname></persname>
		<corpname></corpname>
	</DocsFigures>
<DocsFigures>
		<Titre>[Dugny. RGA. R. Berthelé et le Sergent Ravaz]</Titre>
		<Analyse>Portrait en pied de Raoul Berthelé et du Sergent Ravaz posant devant un avion biplan Sopwith à la Réserve Génénrale d&apos;Aviation de Dugny (Seine-Saint-Denis).
1917.
Guerre 1914-1918.</Analyse>
		<Realise_en>1917</Realise_en>
		<Liste_des_auteurs>BERTHELÉ, Raoul</Liste_des_auteurs>
		<Type_Doc>PHOTOGRAPHIE N&amp;B</Type_Doc>
		<Support>PAPIER</Support>
		<Technique>Photographie N&amp;B</Technique>
		<Format>10 x 15</Format>
		<Cote>49Fi1799</Cote>
		<Observations>Légérement dechiré sur les bords.</Observations>
		<Origine>Don Faucher-Berhelé entré le 10/11/1978.</Origine>
		<Droits_Repro>Domaine public</Droits_Repro>
		<subject>GUERRE 1914-1918;</subject>
		<geoname>SEINE-SAINT-DENIS (Département);DUGNY (ville);</geoname>
		<persname>BERTHELE, Raoul;</persname>
		<corpname></corpname>
	</DocsFigures>
<DocsFigures>
		<Titre>[Dugny. RGA. R. Berthelé et le Sergent Ravaz]</Titre>
		<Analyse>Portrait en pied de Raoul Berthelé et du Sergent Ravaz posant devant un avion biplan Sopwith à la Réserve Génénrale d&apos;Aviation de Dugny (Seine-Saint-Denis).
1917.
Guerre 1914-1918.</Analyse>
		<Realise_en>1917</Realise_en>
		<Liste_des_auteurs>BERTHELÉ, Raoul</Liste_des_auteurs>
		<Type_Doc>PHOTOGRAPHIE N&amp;B</Type_Doc>
		<Support>PAPIER</Support>
		<Technique>Photographie N&amp;B</Technique>
		<Format>10 x 15</Format>
		<Cote>49Fi1800</Cote>
		<Observations>Légérement dechiré sur les bords.</Observations>
		<Origine>Don Faucher-Berhelé entré le 10/11/1978.</Origine>
		<Droits_Repro>Domaine public</Droits_Repro>
		<subject>GUERRE 1914-1918;</subject>
		<geoname>DUGNY (ville);SEINE-SAINT-DENIS (Département);</geoname>
		<persname>BERTHELE, Raoul;</persname>
		<corpname></corpname>
	</DocsFigures>
<DocsFigures>
		<Titre>[Dugny. RGA. R. Berthelé et le Sergent Ravaz]</Titre>
		<Analyse>Portrait en pied de Raoul Berthelé et du Sergent Ravaz posant devant un avion biplan Sopwith à la Réserve Génénrale d&apos;Aviation de Dugny (Seine-Saint-Denis).
1917.
Guerre 1914-1918.</Analyse>
		<Realise_en>1917</Realise_en>
		<Liste_des_auteurs>BERTHELÉ, Raoul</Liste_des_auteurs>
		<Type_Doc>PHOTOGRAPHIE N&amp;B</Type_Doc>
		<Support>PAPIER</Support>
		<Technique>Photographie N&amp;B</Technique>
		<Format>10 x 15</Format>
		<Cote>49Fi1801</Cote>
		<Observations>Légérement dechiré sur les bords.</Observations>
		<Origine>Don Faucher-Berhelé entré le 10/11/1978.</Origine>
		<Droits_Repro>Domaine public</Droits_Repro>
		<subject>GUERRE 1914-1918;</subject>
		<geoname>SEINE-SAINT-DENIS (Département);DUGNY (ville);</geoname>
		<persname>BERTHELE, Raoul;</persname>
		<corpname></corpname>
	</DocsFigures>
<DocsFigures>
		<Titre>[Aviateur Descoings]</Titre>
		<Analyse>Portrait en buste de l&apos;aviateur Paul Descoings devant son biplan M. Farman dans un champ d&apos;aviation près d&apos;Amiens (Somme).
1915. 
Guerre 1914-1918.</Analyse>
		<Realise_en>1915</Realise_en>
		<Liste_des_auteurs>BERTHELÉ, Raoul</Liste_des_auteurs>
		<Type_Doc>PHOTOGRAPHIE N&amp;B</Type_Doc>
		<Support>PAPIER</Support>
		<Technique>Photographie N&amp;B</Technique>
		<Format>4 x 5</Format>
		<Cote>49Fi1805</Cote>
		<Observations>Lié à 49Fi172</Observations>
		<Origine>Don Faucher-Berhelé entré le 10/11/1978.</Origine>
		<Droits_Repro>Domaine public</Droits_Repro>
		<subject>GUERRE 1914-1918;</subject>
		<geoname>SOMME (département);AMIENS (ville);</geoname>
		<persname></persname>
		<corpname></corpname>
	</DocsFigures>
<DocsFigures>
		<Titre>[Avion venant de s&apos;écraser]</Titre>
		<Analyse>Avion (biplan M. Farman) venant de s&apos;écraser.
Entre 1914 et 1918. 
Guerre 1914-1918.</Analyse>
		<Realise_en></Realise_en>
		<Liste_des_auteurs>BERTHELÉ, Raoul</Liste_des_auteurs>
		<Type_Doc>PHOTOGRAPHIE N&amp;B</Type_Doc>
		<Support>PAPIER</Support>
		<Technique>Photographie N&amp;B</Technique>
		<Format>6,5 x 9</Format>
		<Cote>49Fi1807</Cote>
		<Observations></Observations>
		<Origine>Don Faucher-Berhelé entré le 10/11/1978.</Origine>
		<Droits_Repro>Domaine public</Droits_Repro>
		<subject>GUERRE 1914-1918;</subject>
		<geoname></geoname>
		<persname></persname>
		<corpname></corpname>
	</DocsFigures>
<DocsFigures>
		<Titre>[Biplan M. Farman. P. Descoings]</Titre>
		<Analyse>L&apos;aviateur Paul Descoings aux commandes d&apos;un biplan M. Farman dans un champ d&apos;aviation près d&apos;Amiens (Somme).
1915. 
Guerre 1914-1918.</Analyse>
		<Realise_en>1915</Realise_en>
		<Liste_des_auteurs>BERTHELÉ, Raoul</Liste_des_auteurs>
		<Type_Doc>PHOTOGRAPHIE N&amp;B</Type_Doc>
		<Support>PAPIER</Support>
		<Technique>Photographie N&amp;B</Technique>
		<Format>7 x 9</Format>
		<Cote>49Fi1813</Cote>
		<Observations></Observations>
		<Origine>Don Faucher-Berhelé entré le 10/11/1978.</Origine>
		<Droits_Repro>Domaine public</Droits_Repro>
		<subject>GUERRE 1914-1918;</subject>
		<geoname>SOMME (département);AMIENS (ville);</geoname>
		<persname></persname>
		<corpname></corpname>
	</DocsFigures>
<DocsFigures>
		<Titre>[Officiers dans un campement]</Titre>
		<Analyse>Deux officiers dans un camp.
Entre 1914 et 1918. 
Guerre 1914-1918.</Analyse>
		<Realise_en></Realise_en>
		<Liste_des_auteurs>BERTHELÉ, Raoul</Liste_des_auteurs>
		<Type_Doc>PHOTOGRAPHIE N&amp;B</Type_Doc>
		<Support>PAPIER</Support>
		<Technique>Photographie N&amp;B</Technique>
		<Format>4,5 x 6,5 cm</Format>
		<Cote>49Fi1814/1</Cote>
		<Observations>L&apos;image est à peine visible.</Observations>
		<Origine>Don Faucher-Berhelé entré le 10/11/1978.</Origine>
		<Droits_Repro>Domaine public</Droits_Repro>
		<subject>GUERRE 1914-1918;</subject>
		<geoname></geoname>
		<persname></persname>
		<corpname></corpname>
	</DocsFigures>
<DocsFigures>
		<Titre>[Officiers dans un campement]</Titre>
		<Analyse>Deux officiers dans un camp.
Entre 1914 et 1918. 
Guerre 1914-1918.</Analyse>
		<Realise_en></Realise_en>
		<Liste_des_auteurs>BERTHELÉ, Raoul</Liste_des_auteurs>
		<Type_Doc>PHOTOGRAPHIE N&amp;B</Type_Doc>
		<Support>PAPIER</Support>
		<Technique>Photographie N&amp;B</Technique>
		<Format>4,5 x 6,5 cm</Format>
		<Cote>49Fi1814/2</Cote>
		<Observations></Observations>
		<Origine>Don Faucher-Berhelé entré le 10/11/1978.</Origine>
		<Droits_Repro>Domaine public</Droits_Repro>
		<subject>GUERRE 1914-1918;</subject>
		<geoname></geoname>
		<persname></persname>
		<corpname></corpname>
	</DocsFigures>
<DocsFigures>
		<Titre>[Cuperly. Délégation russe. HOE]</Titre>
		<Analyse>Délégation russe à l&apos;hôpital de Cuperly (Marne).
12 octobre 1915. 
Guerre 1914-1918.</Analyse>
		<Realise_en>1915</Realise_en>
		<Liste_des_auteurs>BERTHELÉ, Raoul</Liste_des_auteurs>
		<Type_Doc>PHOTOGRAPHIE N&amp;B</Type_Doc>
		<Support>PAPIER</Support>
		<Technique>Photographie N&amp;B</Technique>
		<Format>5 x 6 cm</Format>
		<Cote>49Fi1815</Cote>
		<Observations></Observations>
		<Origine>Don Faucher-Berhelé entré le 10/11/1978.</Origine>
		<Droits_Repro>Domaine public</Droits_Repro>
		<subject>SERVICE SANITAIRE MILITAIRE;VISITE OFFICIELLE;MILITAIRE;GUERRE 1914-1918;</subject>
		<geoname>CUPERLY (village);MARNE (département);</geoname>
		<persname></persname>
		<corpname></corpname>
	</DocsFigures>
<DocsFigures>
		<Titre>[Cuperly. Délégation russe. HOE]</Titre>
		<Analyse>Délégation russe à l&apos;hôpital de Cuperly (Marne).
12 octobre 1915. 
Guerre 1914-1918.</Analyse>
		<Realise_en>1915</Realise_en>
		<Liste_des_auteurs>BERTHELÉ, Raoul</Liste_des_auteurs>
		<Type_Doc>PHOTOGRAPHIE N&amp;B</Type_Doc>
		<Support>PAPIER</Support>
		<Technique>Photographie N&amp;B</Technique>
		<Format>5 x 6 cm</Format>
		<Cote>49Fi1816</Cote>
		<Observations></Observations>
		<Origine>Don Faucher-Berhelé entré le 10/11/1978.</Origine>
		<Droits_Repro>Domaine public</Droits_Repro>
		<subject>SERVICE SANITAIRE MILITAIRE;VISITE OFFICIELLE;MILITAIRE;GUERRE 1914-1918;</subject>
		<geoname>CUPERLY (village);MARNE (département);</geoname>
		<persname></persname>
		<corpname></corpname>
	</DocsFigures>
<DocsFigures>
		<Titre>[Officiers dans un abri]</Titre>
		<Analyse>Photo d&apos;officiers dans un abri.
Entre 1914 et 1918. 
Guerre 1914-1918.</Analyse>
		<Realise_en></Realise_en>
		<Liste_des_auteurs>BERTHELÉ, Raoul</Liste_des_auteurs>
		<Type_Doc>PHOTOGRAPHIE N&amp;B</Type_Doc>
		<Support>PAPIER</Support>
		<Technique>Photographie N&amp;B</Technique>
		<Format>5,5 x 7,5</Format>
		<Cote>49Fi1817</Cote>
		<Observations></Observations>
		<Origine>Don Faucher-Berhelé entré le 10/11/1978.</Origine>
		<Droits_Repro>Domaine public</Droits_Repro>
		<subject>OFFICIER MILITAIRE;ABRI;GUERRE 1914-1918;</subject>
		<geoname></geoname>
		<persname></persname>
		<corpname></corpname>
	</DocsFigures>
<DocsFigures>
		<Titre>[Défilé de militaires à Paris]</Titre>
		<Analyse>Défilé de militaires à Paris.
Entre 1914 et 1918. 
Guerre 1914-1918.</Analyse>
		<Realise_en></Realise_en>
		<Liste_des_auteurs>BERTHELÉ, Raoul</Liste_des_auteurs>
		<Type_Doc>PHOTOGRAPHIE N&amp;B</Type_Doc>
		<Support>PAPIER</Support>
		<Technique>Photographie N&amp;B</Technique>
		<Format>6 x 6 cm</Format>
		<Cote>49Fi1818</Cote>
		<Observations></Observations>
		<Origine>Don Faucher-Berhelé entré le 10/11/1978.</Origine>
		<Droits_Repro>Domaine public</Droits_Repro>
		<subject>GUERRE 1914-1918;</subject>
		<geoname>PARIS (ville);</geoname>
		<persname></persname>
		<corpname></corpname>
	</DocsFigures>
<DocsFigures>
		<Titre>[Cuperly. délégation Russe]</Titre>
		<Analyse>Délégation russe à l&apos;hôpital de Cuperly (Marne).
12 octobre 1915. 
Guerre 1914-1918.</Analyse>
		<Realise_en>1915</Realise_en>
		<Liste_des_auteurs>BERTHELÉ, Raoul</Liste_des_auteurs>
		<Type_Doc>PHOTOGRAPHIE N&amp;B</Type_Doc>
		<Support>PAPIER</Support>
		<Technique>Photographie N&amp;B</Technique>
		<Format>6,2 x 8,7</Format>
		<Cote>49Fi1823</Cote>
		<Observations></Observations>
		<Origine>Don Faucher-Berhelé entré le 10/11/1978.</Origine>
		<Droits_Repro>Domaine public</Droits_Repro>
		<subject>SERVICE SANITAIRE MILITAIRE;VISITE OFFICIELLE;MILITAIRE;GUERRE 1914-1918;</subject>
		<geoname>CUPERLY (village);MARNE (département);</geoname>
		<persname></persname>
		<corpname></corpname>
	</DocsFigures>
<DocsFigures>
		<Titre>Ma tente 5/08/18</Titre>
		<Analyse>Vue de la tente de Raoul Berthelé à la station météo de Berzy-le-Sec (Aisne).
5 août 1918. 
Guerre 1914-1918.</Analyse>
		<Realise_en>1918</Realise_en>
		<Liste_des_auteurs>BERTHELÉ, Raoul</Liste_des_auteurs>
		<Type_Doc>PHOTOGRAPHIE N&amp;B</Type_Doc>
		<Support>PAPIER</Support>
		<Technique>Photographie N&amp;B</Technique>
		<Format>5 x 7,7</Format>
		<Cote>49Fi1824</Cote>
		<Observations></Observations>
		<Origine>Don Faucher-Berhelé entré le 10/11/1978.</Origine>
		<Droits_Repro>Domaine public</Droits_Repro>
		<subject>METEOROLOGIE;GUERRE 1914-1918;</subject>
		<geoname>BERZY-LE-SEC (village);AISNE (département);</geoname>
		<persname>BERTHELE, Raoul;</persname>
		<corpname></corpname>
	</DocsFigures>
<DocsFigures>
		<Titre>[Vue d&apos;une grange]</Titre>
		<Analyse>Vue d&apos;une grange.
Entre 1914 et 1918. 
Guerre 1914-1918.</Analyse>
		<Realise_en></Realise_en>
		<Liste_des_auteurs>BERTHELÉ, Raoul</Liste_des_auteurs>
		<Type_Doc>PHOTOGRAPHIE N&amp;B</Type_Doc>
		<Support>PAPIER</Support>
		<Technique>Photographie N&amp;B</Technique>
		<Format>6,7 x 4,8</Format>
		<Cote>49Fi1825</Cote>
		<Observations></Observations>
		<Origine>Don Faucher-Berhelé entré le 10/11/1978.</Origine>
		<Droits_Repro>Domaine public</Droits_Repro>
		<subject>GUERRE 1914-1918;</subject>
		<geoname></geoname>
		<persname></persname>
		<corpname></corpname>
	</DocsFigures>
<DocsFigures>
		<Titre>Villers-Cotterets. X de Massia et R. Berthelé</Titre>
		<Analyse>Raoul Brethelé et X. De Massia dans une voiture près de Villers-Cotterêts (Aisne).
Entre 1914 et 1918. 
Guerre 1914-1918.</Analyse>
		<Realise_en></Realise_en>
		<Liste_des_auteurs>BERTHELÉ, Raoul</Liste_des_auteurs>
		<Type_Doc>PHOTOGRAPHIE N&amp;B</Type_Doc>
		<Support>PAPIER</Support>
		<Technique>Photographie N&amp;B</Technique>
		<Format>4,3 x 6,5</Format>
		<Cote>49Fi1827</Cote>
		<Observations></Observations>
		<Origine>Don Faucher-Berhelé entré le 10/11/1978.</Origine>
		<Droits_Repro>Domaine public</Droits_Repro>
		<subject>GUERRE 1914-1918;</subject>
		<geoname>VILLERS-COTTERETS (ville);AISNE (département);</geoname>
		<persname></persname>
		<corpname></corpname>
	</DocsFigures>
<DocsFigures>
		<Titre>Sur la Marne près de Torcy</Titre>
		<Analyse>Vue d&apos;un homme nu dans une barque sur les bords de la Marne près de Torcy (Seine-et-Marne).
Entre 1914 et 1918. 
Guerre 1914-1918.</Analyse>
		<Realise_en></Realise_en>
		<Liste_des_auteurs>BERTHELÉ, Raoul</Liste_des_auteurs>
		<Type_Doc>PHOTOGRAPHIE N&amp;B</Type_Doc>
		<Support>PAPIER</Support>
		<Technique>Photographie N&amp;B</Technique>
		<Format>6 x 6 cm</Format>
		<Cote>49Fi1829</Cote>
		<Observations></Observations>
		<Origine>Don Faucher-Berhelé entré le 10/11/1978.</Origine>
		<Droits_Repro>Domaine public</Droits_Repro>
		<subject>GUERRE 1914-1918;</subject>
		<geoname>SEINE-ET-MARNE (département);TORCY (ville);</geoname>
		<persname></persname>
		<corpname></corpname>
	</DocsFigures>
<DocsFigures>
		<Titre>A gauche mon infirmerie</Titre>
		<Analyse>Infirmerie de Raoul Berthelé dans un paysage de collines enneigées.
Entre le 14 ou le15 novembre 1915.
Guerre 1914-1918.</Analyse>
		<Realise_en>1915</Realise_en>
		<Liste_des_auteurs>BERTHELÉ, Raoul</Liste_des_auteurs>
		<Type_Doc>PHOTOGRAPHIE N&amp;B</Type_Doc>
		<Support>PAPIER</Support>
		<Technique>Photographie N&amp;B</Technique>
		<Format>4,3 x 4,5</Format>
		<Cote>49Fi1830</Cote>
		<Observations>Le tirage manque de luminosité.</Observations>
		<Origine>Don Faucher-Berhelé entré le 10/11/1978.</Origine>
		<Droits_Repro>Domaine public</Droits_Repro>
		<subject>SERVICE SANITAIRE MILITAIRE;SITE;INTEMPERIES;GUERRE 1914-1918;</subject>
		<geoname></geoname>
		<persname>BERTHELE, Raoul;</persname>
		<corpname></corpname>
	</DocsFigures>
<DocsFigures>
		<Titre>[M. Teissier. Médecin Aide-Major. Ambulance N°15]</Titre>
		<Analyse>Vue du médecin aide-major de l&apos;Ambulance N°15 Teissier assis sur son lit dans sa chambre à Cuperly (Marne).
Entre 1914 et 1918. 
Guerre 1914-1918.</Analyse>
		<Realise_en></Realise_en>
		<Liste_des_auteurs>BERTHELÉ, Raoul</Liste_des_auteurs>
		<Type_Doc>PHOTOGRAPHIE N&amp;B</Type_Doc>
		<Support>PAPIER</Support>
		<Technique>Photographie N&amp;B</Technique>
		<Format>4 x 5</Format>
		<Cote>49Fi1831</Cote>
		<Observations>Le tirage manque de densité.</Observations>
		<Origine>Don Faucher-Berhelé entré le 10/11/1978.</Origine>
		<Droits_Repro>Domaine public</Droits_Repro>
		<subject>GUERRE 1914-1918;</subject>
		<geoname>CUPERLY (village);MARNE (département);</geoname>
		<persname></persname>
		<corpname></corpname>
	</DocsFigures>
<DocsFigures>
		<Titre>Colonel et officiers boches faits prisonniers dans le tunnel du Mort-Homme</Titre>
		<Analyse>&quot;le 20 août 1917. (l&apos;lllustration a reproduit une photo pareille à celle-ci)&quot;
Colonel et officiers allemands faits prisonniers dans le tunnel du Mort-Homme près de Cumières-le-Mort-Homme (Meuse)
Le 20 août 1917. 
Guerre 1914-1918.
Autre metion : &quot;Envoi de A. Gely, 25 août 17&quot;.</Analyse>
		<Realise_en>1917</Realise_en>
		<Liste_des_auteurs>BERTHELÉ, Raoul</Liste_des_auteurs>
		<Type_Doc>PHOTOGRAPHIE N&amp;B</Type_Doc>
		<Support>PAPIER</Support>
		<Technique>Photographie N&amp;B</Technique>
		<Format>6 x 9 cm</Format>
		<Cote>49Fi1833</Cote>
		<Observations>Le tirage est à peine lisible et manque de densité.</Observations>
		<Origine>Don Faucher-Berhelé entré le 10/11/1978.</Origine>
		<Droits_Repro>Domaine public</Droits_Repro>
		<subject>MILITAIRE;PRISONNIER DE GUERRE;GUERRE 1914-1918;</subject>
		<geoname>MEUSE (département);CUMIERES-LE-MORT-HOMME (village);MORT-HOMME (LE);</geoname>
		<persname></persname>
		<corpname></corpname>
	</DocsFigures>
<DocsFigures>
		<Titre>[Camp militaire]</Titre>
		<Analyse>Vue d&apos;ensemble d&apos;un camp militaire.
Entre 1914 et 1918. 
Guerre 1914-1918.</Analyse>
		<Realise_en></Realise_en>
		<Liste_des_auteurs>BERTHELÉ, Raoul</Liste_des_auteurs>
		<Type_Doc>PHOTOGRAPHIE N&amp;B</Type_Doc>
		<Support>PAPIER</Support>
		<Technique>Photographie N&amp;B</Technique>
		<Format>4,4 x 6,5</Format>
		<Cote>49Fi1834</Cote>
		<Observations>Le tirage est à peine lisible et train de virer.</Observations>
		<Origine>Don Faucher-Berhelé entré le 10/11/1978.</Origine>
		<Droits_Repro>Domaine public</Droits_Repro>
		<subject>GUERRE 1914-1918;</subject>
		<geoname></geoname>
		<persname></persname>
		<corpname></corpname>
	</DocsFigures>
<DocsFigures>
		<Titre>[Camp militaire]</Titre>
		<Analyse>Vue d&apos;ensemble d&apos;un camp militaire.
Entre 1914 et 1918. 
Guerre 1914-1918.</Analyse>
		<Realise_en></Realise_en>
		<Liste_des_auteurs>BERTHELÉ, Raoul</Liste_des_auteurs>
		<Type_Doc>PHOTOGRAPHIE N&amp;B</Type_Doc>
		<Support>PAPIER</Support>
		<Technique>Photographie N&amp;B</Technique>
		<Format>4,4 x 6,5</Format>
		<Cote>49Fi1835</Cote>
		<Observations>Le tirage est à peine lisible et train de virer.</Observations>
		<Origine>Don Faucher-Berhelé entré le 10/11/1978.</Origine>
		<Droits_Repro>Domaine public</Droits_Repro>
		<subject>GUERRE 1914-1918;</subject>
		<geoname></geoname>
		<persname></persname>
		<corpname></corpname>
	</DocsFigures>
<DocsFigures>
		<Titre>[Culasse d&apos;un canon]</Titre>
		<Analyse>Gros plan sur la culasse d&apos;un canon.
Entre 1914 et 1918. 
Guerre 1914-1918.</Analyse>
		<Realise_en></Realise_en>
		<Liste_des_auteurs>BERTHELÉ, Raoul</Liste_des_auteurs>
		<Type_Doc>PHOTOGRAPHIE N&amp;B</Type_Doc>
		<Support>PAPIER</Support>
		<Technique>Photographie stéréo</Technique>
		<Format>6 x 13</Format>
		<Cote>49Fi1838</Cote>
		<Observations></Observations>
		<Origine>Don Faucher-Berhelé entré le 10/11/1978.</Origine>
		<Droits_Repro>Domaine public</Droits_Repro>
		<subject>GUERRE 1914-1918;</subject>
		<geoname></geoname>
		<persname></persname>
		<corpname></corpname>
	</DocsFigures>
<DocsFigures>
		<Titre>[HOE de Cuperly]</Titre>
		<Analyse>Vue d&apos;ensemble de L&apos;hôpital d&apos;évacuation de Cuperly (Marne).
1915. 
Guerre 1914-1918.</Analyse>
		<Realise_en>1915</Realise_en>
		<Liste_des_auteurs>BERTHELÉ, Raoul</Liste_des_auteurs>
		<Type_Doc>PHOTOGRAPHIE N&amp;B</Type_Doc>
		<Support>PAPIER</Support>
		<Technique>Photographie N&amp;B</Technique>
		<Format>6 x 13</Format>
		<Cote>49Fi1839</Cote>
		<Observations></Observations>
		<Origine>Don Faucher-Berhelé entré le 10/11/1978.</Origine>
		<Droits_Repro>Domaine public</Droits_Repro>
		<subject>SERVICE SANITAIRE MILITAIRE;GUERRE 1914-1918;</subject>
		<geoname>MARNE (département);CUPERLY (village);</geoname>
		<persname></persname>
		<corpname></corpname>
	</DocsFigures>
<DocsFigures>
		<Titre>[Dieue. atelier de réparation des 75. maison de M. Barat]</Titre>
		<Analyse>Canons de 75 dans l&apos;atelier de réparation à Dieue-sur-Meuse (Meuse). 
Entre le 30 septembre 1916 et le 25 janvier 1917. 
Guerre 1914-1918.
A côté de l&apos;atelier se trouve la maison de M. Barat.</Analyse>
		<Realise_en>1916</Realise_en>
		<Liste_des_auteurs>BERTHELÉ, Raoul</Liste_des_auteurs>
		<Type_Doc>PHOTOGRAPHIE N&amp;B</Type_Doc>
		<Support>PAPIER</Support>
		<Technique>Photographie stéréo</Technique>
		<Format>4 x 11,3</Format>
		<Cote>49Fi1842</Cote>
		<Observations>Lié avec la 49Fi1878/1 et la 49Fi1602</Observations>
		<Origine>Don Faucher-Berhelé entré le 10/11/1978.</Origine>
		<Droits_Repro>Domaine public</Droits_Repro>
		<subject>GUERRE 1914-1918;</subject>
		<geoname>MEUSE (département);DIEUE-SUR-MEUSE (village);</geoname>
		<persname></persname>
		<corpname></corpname>
	</DocsFigures>
<DocsFigures>
		<Titre>[Dieue. atelier de réparation des 75. maison de M. Barat]</Titre>
		<Analyse>Canons de 75 dans l&apos;atelier de réparation à Dieue-sur-Meuse (Meuse). 
Entre le 30 septembre 1916 et le 25 janvier 1917.
Guerre 1914-1918.
A côté de l&apos;atelier, se trouve la maison de M. Barat.</Analyse>
		<Realise_en></Realise_en>
		<Liste_des_auteurs>BERTHELÉ, Raoul</Liste_des_auteurs>
		<Type_Doc>PHOTOGRAPHIE N&amp;B</Type_Doc>
		<Support>PAPIER</Support>
		<Technique>Photographie stéréo</Technique>
		<Format>3,8 x 11</Format>
		<Cote>49Fi1843</Cote>
		<Observations>Lié à 49Fi1878/4</Observations>
		<Origine>Don Faucher-Berhelé entré le 10/11/1978.</Origine>
		<Droits_Repro>Domaine public</Droits_Repro>
		<subject>GUERRE 1914-1918;</subject>
		<geoname>MEUSE (département);DIEUE-SUR-MEUSE (village);</geoname>
		<persname></persname>
		<corpname></corpname>
	</DocsFigures>
<DocsFigures>
		<Titre>Fontaine Bouton [Routon]</Titre>
		<Analyse>La cabane de la source pour la prise d&apos;eau par temps de neige à Fontaine-Routon près des Souhesmes (Meuse).
1916. 
Guerre 1914-1918.</Analyse>
		<Realise_en>1916</Realise_en>
		<Liste_des_auteurs>BERTHELÉ, Raoul</Liste_des_auteurs>
		<Type_Doc>PHOTOGRAPHIE N&amp;B</Type_Doc>
		<Support>PAPIER</Support>
		<Technique>Photographie stéréo</Technique>
		<Format>3,8 x 11</Format>
		<Cote>49Fi1845</Cote>
		<Observations>Tirage contact stéréo de la 49Fi757</Observations>
		<Origine>Don Faucher-Berhelé entré le 10/11/1978.</Origine>
		<Droits_Repro>Domaine public</Droits_Repro>
		<subject>GUERRE 1914-1918;</subject>
		<geoname>SOUHESMES (LES) (hameau);FONTAINE-ROUTON (lieu-dit);MEUSE (département);SOUHESMES-RAMPONT (LES) (village);</geoname>
		<persname></persname>
		<corpname></corpname>
	</DocsFigures>
<DocsFigures>
		<Titre>Berzy. 15/08/17. 13h35 cumulus</Titre>
		<Analyse>a&quot;f: 8 [ouverture]; t: 1/50e [temps de pose]&quot;
Vue d&apos;un cumulus au dessus de Berzy-le-Sec (Aisne) vers 13h35.
15 août 1917. 
Guerre 1914-1918.</Analyse>
		<Realise_en>1917</Realise_en>
		<Liste_des_auteurs>BERTHELÉ, Raoul</Liste_des_auteurs>
		<Type_Doc>PHOTOGRAPHIE N&amp;B</Type_Doc>
		<Support>PAPIER</Support>
		<Technique>Photographie stéréo</Technique>
		<Format>4 x 11 cm</Format>
		<Cote>49Fi1846</Cote>
		<Observations>Lié à 49Fi400</Observations>
		<Origine>Don Faucher-Berhelé entré le 10/11/1978.</Origine>
		<Droits_Repro>Domaine public</Droits_Repro>
		<subject>GUERRE 1914-1918;</subject>
		<geoname>BERZY-LE-SEC (village);AISNE (département);</geoname>
		<persname></persname>
		<corpname></corpname>
	</DocsFigures>
<DocsFigures>
		<Titre>Berzy. 15/08/17. 18h pluie et arc en ciel</Titre>
		<Analyse>&quot;f: 8 [ouverture]; t: 1/40e [temps de pose]&quot;
Vue d&apos;un arce en ciel au dessus de Berzy-le-Sec (Aisne) vers 18h.
15 août 1917. 
Guerre 1914-1918.</Analyse>
		<Realise_en>1917</Realise_en>
		<Liste_des_auteurs>BERTHELÉ, Raoul</Liste_des_auteurs>
		<Type_Doc>PHOTOGRAPHIE N&amp;B</Type_Doc>
		<Support>PAPIER</Support>
		<Technique>Photographie stéréo</Technique>
		<Format>3,8 x 10,7</Format>
		<Cote>49Fi1847</Cote>
		<Observations>Lié à 49Fi401</Observations>
		<Origine>Don Faucher-Berhelé entré le 10/11/1978.</Origine>
		<Droits_Repro>Domaine public</Droits_Repro>
		<subject>GUERRE 1914-1918;</subject>
		<geoname>AISNE (département);BERZY-LE-SEC (village);</geoname>
		<persname></persname>
		<corpname></corpname>
	</DocsFigures>
<DocsFigures>
		<Titre>Berzy. Sondage. RB. X de Massia. Millet et Noyer</Titre>
		<Analyse>MM. Raoul Berthelé, X de Massia, Millet et Noyer exécutent un sondage à la station météorologique (VIe armée) de Berzy-le-Sec (Aisne).
1917. 
Guerre 1914-1918.</Analyse>
		<Realise_en>1917</Realise_en>
		<Liste_des_auteurs>BERTHELÉ, Raoul</Liste_des_auteurs>
		<Type_Doc>PHOTOGRAPHIE N&amp;B</Type_Doc>
		<Support>PAPIER</Support>
		<Technique>Photographie stéréo</Technique>
		<Format>4 x 11 cm</Format>
		<Cote>49Fi1848</Cote>
		<Observations>Les images 49Fi928, 49Fi1586, 49Fi1848 et 49Fi1849 sont liées.</Observations>
		<Origine>Don Faucher-Berhelé entré le 10/11/1978.</Origine>
		<Droits_Repro>Domaine public</Droits_Repro>
		<subject>METEOROLOGIE;MILITAIRE;GUERRE 1914-1918;</subject>
		<geoname>AISNE (département);BERZY-LE-SEC (village);</geoname>
		<persname>BERTHELE, Raoul;</persname>
		<corpname></corpname>
	</DocsFigures>
<DocsFigures>
		<Titre>Berzy. Sondage. RB. X de Massia. Millet et Noyer</Titre>
		<Analyse>MM. Raoul Berthelé, X de Massia, Millet et Noyer exécutent un sondage à la station météorologique (VIe armée) de Berzy-le-Sec (Aisne).
1917.
 Guerre 1914-1918.</Analyse>
		<Realise_en>1917</Realise_en>
		<Liste_des_auteurs>BERTHELÉ, Raoul</Liste_des_auteurs>
		<Type_Doc>PHOTOGRAPHIE N&amp;B</Type_Doc>
		<Support>PAPIER</Support>
		<Technique>Photographie stéréo</Technique>
		<Format>4 x 11 cm</Format>
		<Cote>49Fi1849</Cote>
		<Observations>Les images 49Fi928, 49Fi1586, 49Fi1848 et 49Fi1849 sont liées.</Observations>
		<Origine>Don Faucher-Berhelé entré le 10/11/1978.</Origine>
		<Droits_Repro>Domaine public</Droits_Repro>
		<subject>METEOROLOGIE;MILITAIRE;GUERRE 1914-1918;</subject>
		<geoname>AISNE (département);BERZY-LE-SEC (village);</geoname>
		<persname>BERTHELE, Raoul;</persname>
		<corpname></corpname>
	</DocsFigures>
<DocsFigures>
		<Titre>Berzy. X de Massia et R. Berthelé</Titre>
		<Analyse>MM. X de Massia et Raoul Berthelé discutant devant une tente anglaise à Berzy-le-Sec (Aisne).
1917. 
Guerre 1914-1918.</Analyse>
		<Realise_en>1917</Realise_en>
		<Liste_des_auteurs>BERTHELÉ, Raoul</Liste_des_auteurs>
		<Type_Doc>PHOTOGRAPHIE N&amp;B</Type_Doc>
		<Support>PAPIER</Support>
		<Technique>Photographie stéréo</Technique>
		<Format>3,6 x 11</Format>
		<Cote>49Fi1850</Cote>
		<Observations>Image identique à la 49Fi1852.</Observations>
		<Origine>Don Faucher-Berhelé entré le 10/11/1978.</Origine>
		<Droits_Repro>Domaine public</Droits_Repro>
		<subject>GUERRE 1914-1918;</subject>
		<geoname>AISNE (département);BERZY-LE-SEC (village);</geoname>
		<persname>BERTHELE, Raoul;</persname>
		<corpname></corpname>
	</DocsFigures>
<DocsFigures>
		<Titre>[Deux infirmières dans la neige]</Titre>
		<Analyse>Deux infirmières dans la neige près de l&apos;hôpital d&apos;évacuation de Cuperly (Marne).
Entre 1915 et 1916. 
Guerre 1914-1918.</Analyse>
		<Realise_en></Realise_en>
		<Liste_des_auteurs>BERTHELÉ, Raoul</Liste_des_auteurs>
		<Type_Doc>PHOTOGRAPHIE N&amp;B</Type_Doc>
		<Support>PAPIER</Support>
		<Technique>Photographie stéréo</Technique>
		<Format>3,8 x 11</Format>
		<Cote>49Fi1851</Cote>
		<Observations></Observations>
		<Origine>Don Faucher-Berhelé entré le 10/11/1978.</Origine>
		<Droits_Repro>Domaine public</Droits_Repro>
		<subject>SERVICE SANITAIRE MILITAIRE;AUXILIAIRE MEDICAL;GUERRE 1914-1918;</subject>
		<geoname>MARNE (département);CUPERLY (village);</geoname>
		<persname></persname>
		<corpname></corpname>
	</DocsFigures>
<DocsFigures>
		<Titre>Berzy. X de Massia et R. Berthelé</Titre>
		<Analyse>MM. X de Massia et Raoul Berthelé discutant devant une tente anglaise à Berzy-le-Sec (Aisne).
1917. 
Guerre 1914-1918.</Analyse>
		<Realise_en>1917</Realise_en>
		<Liste_des_auteurs>BERTHELÉ, Raoul</Liste_des_auteurs>
		<Type_Doc>PHOTOGRAPHIE N&amp;B</Type_Doc>
		<Support>PAPIER</Support>
		<Technique>Photographie stéréo</Technique>
		<Format>3,8 x 11</Format>
		<Cote>49Fi1852</Cote>
		<Observations>Image identique à la 49Fi1850.</Observations>
		<Origine>Don Faucher-Berhelé entré le 10/11/1978.</Origine>
		<Droits_Repro>Domaine public</Droits_Repro>
		<subject>GUERRE 1914-1918;</subject>
		<geoname>AISNE (département);BERZY-LE-SEC (village);</geoname>
		<persname>BERTHELE, Raoul;</persname>
		<corpname></corpname>
	</DocsFigures>
<DocsFigures>
		<Titre>[Cantonnement]</Titre>
		<Analyse>Cantonnement sous la neige.
Entre 1914 et 1918. 
Guerre 1914-1918.</Analyse>
		<Realise_en></Realise_en>
		<Liste_des_auteurs>BERTHELÉ, Raoul</Liste_des_auteurs>
		<Type_Doc>PHOTOGRAPHIE N&amp;B</Type_Doc>
		<Support>PAPIER</Support>
		<Technique>Photographie stéréo</Technique>
		<Format>4 x 11 cm</Format>
		<Cote>49Fi1853</Cote>
		<Observations></Observations>
		<Origine>Don Faucher-Berhelé entré le 10/11/1978.</Origine>
		<Droits_Repro>Domaine public</Droits_Repro>
		<subject>GUERRE 1914-1918;</subject>
		<geoname></geoname>
		<persname></persname>
		<corpname></corpname>
	</DocsFigures>
<DocsFigures>
		<Titre>Sur la Marne près de Torcy [X de Massia]</Titre>
		<Analyse>Vue X de Massia  en train de ramer sur une barque sur la Marne près de Torcy (Seine-et-Marne).
1917. 
Guerre 1914-1918.</Analyse>
		<Realise_en>1917</Realise_en>
		<Liste_des_auteurs>BERTHELÉ, Raoul</Liste_des_auteurs>
		<Type_Doc>PHOTOGRAPHIE N&amp;B</Type_Doc>
		<Support>PAPIER</Support>
		<Technique>Photographie N&amp;B</Technique>
		<Format>6 x 6 cm</Format>
		<Cote>49Fi1854</Cote>
		<Observations></Observations>
		<Origine>Don Faucher-Berhelé entré le 10/11/1978.</Origine>
		<Droits_Repro>Domaine public</Droits_Repro>
		<subject>GUERRE 1914-1918;</subject>
		<geoname>SEINE-ET-MARNE (département);TORCY (ville);</geoname>
		<persname></persname>
		<corpname></corpname>
	</DocsFigures>
<DocsFigures>
		<Titre>Hommes venant de tuer un lapin</Titre>
		<Analyse>Photo de goupe: homme d&apos;un certain âge présentant un lièvre.
Entre 1914 et 1918. 
Guerre 1914-1918.</Analyse>
		<Realise_en></Realise_en>
		<Liste_des_auteurs>BERTHELÉ, Raoul</Liste_des_auteurs>
		<Type_Doc>PHOTOGRAPHIE N&amp;B</Type_Doc>
		<Support>PAPIER</Support>
		<Technique>Photographie N&amp;B</Technique>
		<Format>4,5 x 7,3</Format>
		<Cote>49Fi1855</Cote>
		<Observations></Observations>
		<Origine>Don Faucher-Berhelé entré le 10/11/1978.</Origine>
		<Droits_Repro>Domaine public</Droits_Repro>
		<subject>GUERRE 1914-1918;</subject>
		<geoname></geoname>
		<persname></persname>
		<corpname></corpname>
	</DocsFigures>
<DocsFigures>
		<Titre>[Remise de décorations]</Titre>
		<Analyse>Remise de décorations à un régiment.
Entre 1914 et 1918. 
Guerre 1914-1918.</Analyse>
		<Realise_en></Realise_en>
		<Liste_des_auteurs>BERTHELÉ, Raoul</Liste_des_auteurs>
		<Type_Doc>PHOTOGRAPHIE N&amp;B</Type_Doc>
		<Support>PAPIER</Support>
		<Technique>Photographie N&amp;B</Technique>
		<Format>6 x 6 cm</Format>
		<Cote>49Fi1856</Cote>
		<Observations>Le coin en haut à droite est légerement déchiré.</Observations>
		<Origine>Don Faucher-Berhelé entré le 10/11/1978.</Origine>
		<Droits_Repro>Domaine public</Droits_Repro>
		<subject>GUERRE 1914-1918;</subject>
		<geoname></geoname>
		<persname></persname>
		<corpname></corpname>
	</DocsFigures>
<DocsFigures>
		<Titre>[Enterrement dans cimetière à Cuperly]</Titre>
		<Analyse>Scène d&apos;enterrement dans le cimetière de l&apos;hôpital de Cuperly (Marne).
1916. 
Guerre 1914-1918.</Analyse>
		<Realise_en>1916</Realise_en>
		<Liste_des_auteurs>BERTHELÉ, Raoul</Liste_des_auteurs>
		<Type_Doc>PHOTOGRAPHIE N&amp;B</Type_Doc>
		<Support>PAPIER</Support>
		<Technique>Photographie N&amp;B</Technique>
		<Format>4,5 x 5,5</Format>
		<Cote>49Fi1857</Cote>
		<Observations></Observations>
		<Origine>Don Faucher-Berhelé entré le 10/11/1978.</Origine>
		<Droits_Repro>Domaine public</Droits_Repro>
		<subject>SERVICE SANITAIRE MILITAIRE;VEHICULE A TRACTION ANIMALE;MILITAIRE;MORT POUR LA FRANCE;CIMETIERE;GUERRE 1914-1918;</subject>
		<geoname>MARNE (département);CUPERLY (village);</geoname>
		<persname></persname>
		<corpname></corpname>
	</DocsFigures>
<DocsFigures>
		<Titre>[Raoul Berthelé dans une tranchée allemande à la Verrerie à Vauxrot]</Titre>
		<Analyse>Raoul Berthelé pose dans une tranchée allemande à la Verrerie à Vauxrot dans la commune de Cuffies (Aisne).
1918. 
Guerre 1914-1918.</Analyse>
		<Realise_en>1918</Realise_en>
		<Liste_des_auteurs>BERTHELÉ, Raoul</Liste_des_auteurs>
		<Type_Doc>PHOTOGRAPHIE N&amp;B</Type_Doc>
		<Support>PAPIER</Support>
		<Technique>Photographie N&amp;B</Technique>
		<Format>6 x 6 cm</Format>
		<Cote>49Fi1858</Cote>
		<Observations>Lié à 2Ph93</Observations>
		<Origine>Don Faucher-Berhelé entré le 10/11/1978.</Origine>
		<Droits_Repro>Domaine public</Droits_Repro>
		<subject>GUERRE 1914-1918;</subject>
		<geoname>AISNE (département);VAUXROT (hameau);CUFFIES (village);</geoname>
		<persname>BERTHELE, Raoul;</persname>
		<corpname></corpname>
	</DocsFigures>
<DocsFigures>
		<Titre>[Groupe devant le  bureau des entrées de L&apos;hôpital de Cuperly]</Titre>
		<Analyse>Visite de délégués étrangers en visite à l&apos;hôpital d&apos;évacuation de Cuperly (Marne).
31 mars 1916. 
Guerre 1914-1918.
Le groupe se trouve le bureau des entrées.</Analyse>
		<Realise_en>1916</Realise_en>
		<Liste_des_auteurs>BERTHELÉ, Raoul</Liste_des_auteurs>
		<Type_Doc>PHOTOGRAPHIE N&amp;B</Type_Doc>
		<Support>PAPIER</Support>
		<Technique>Photographie N&amp;B</Technique>
		<Format>5 x 6 cm</Format>
		<Cote>49Fi1862</Cote>
		<Observations>Le tirage manque de densité.</Observations>
		<Origine>Don Faucher-Berhelé entré le 10/11/1978.</Origine>
		<Droits_Repro>Domaine public</Droits_Repro>
		<subject>SERVICE SANITAIRE MILITAIRE;VISITE OFFICIELLE;MILITAIRE;GUERRE 1914-1918;</subject>
		<geoname>MARNE (département);CUPERLY (village);</geoname>
		<persname></persname>
		<corpname></corpname>
	</DocsFigures>
<DocsFigures>
		<Titre>Cuperly. 31 mars 1916. Visite de délégués étrangers</Titre>
		<Analyse>Visite de délégués étrangers en visite à l&apos;hôpital d&apos;évacuation de Cuperly (Marne).
31 mars 1916. 
Guerre 1914-1918.</Analyse>
		<Realise_en>1916</Realise_en>
		<Liste_des_auteurs>BERTHELÉ, Raoul</Liste_des_auteurs>
		<Type_Doc>PHOTOGRAPHIE N&amp;B</Type_Doc>
		<Support>PAPIER</Support>
		<Technique>Photographie N&amp;B</Technique>
		<Format>5 x 6 cm</Format>
		<Cote>49Fi1863</Cote>
		<Observations>Le tirage manque de densité.</Observations>
		<Origine>Don Faucher-Berhelé entré le 10/11/1978.</Origine>
		<Droits_Repro>Domaine public</Droits_Repro>
		<subject>SERVICE SANITAIRE MILITAIRE;VISITE OFFICIELLE;MILITAIRE;GUERRE 1914-1918;</subject>
		<geoname>MARNE (département);CUPERLY (village);</geoname>
		<persname></persname>
		<corpname></corpname>
	</DocsFigures>
<DocsFigures>
		<Titre>Cuperly. 31 mars 1916. Visite de délégués étrangers</Titre>
		<Analyse>Visite de délégués étrangers en visite à l&apos;hôpital d&apos;évacuation de Cuperly (Marne).
31 mars 1916. 
Guerre 1914-1918.</Analyse>
		<Realise_en>1916</Realise_en>
		<Liste_des_auteurs>BERTHELÉ, Raoul</Liste_des_auteurs>
		<Type_Doc>PHOTOGRAPHIE N&amp;B</Type_Doc>
		<Support>PAPIER</Support>
		<Technique>Photographie N&amp;B</Technique>
		<Format>5 x 6 cm</Format>
		<Cote>49Fi1864</Cote>
		<Observations></Observations>
		<Origine>Don Faucher-Berhelé entré le 10/11/1978.</Origine>
		<Droits_Repro>Domaine public</Droits_Repro>
		<subject>SERVICE SANITAIRE MILITAIRE;VISITE OFFICIELLE;MILITAIRE;GUERRE 1914-1918;</subject>
		<geoname>MARNE (département);CUPERLY (village);</geoname>
		<persname></persname>
		<corpname></corpname>
	</DocsFigures>
<DocsFigures>
		<Titre>Cuperly. 31 mars 1916. Visite de délégués étrangers</Titre>
		<Analyse>Visite de délégués étrangers en visite à l&apos;hôpital d&apos;évacuation de Cuperly (Marne).
31 mars 1916. 
Guerre 1914-1918.
Le groupe se trouve le bureau des entrées.</Analyse>
		<Realise_en>1916</Realise_en>
		<Liste_des_auteurs>BERTHELÉ, Raoul</Liste_des_auteurs>
		<Type_Doc>PHOTOGRAPHIE N&amp;B</Type_Doc>
		<Support>PAPIER</Support>
		<Technique>Photographie N&amp;B</Technique>
		<Format>5 x 6 cm</Format>
		<Cote>49Fi1865</Cote>
		<Observations>Le tirage manque de densité.</Observations>
		<Origine>Don Faucher-Berhelé entré le 10/11/1978.</Origine>
		<Droits_Repro>Domaine public</Droits_Repro>
		<subject>SERVICE SANITAIRE MILITAIRE;MILITAIRE;VISITE OFFICIELLE;GUERRE 1914-1918;</subject>
		<geoname>MARNE (département);CUPERLY (village);</geoname>
		<persname></persname>
		<corpname></corpname>
	</DocsFigures>
<DocsFigures>
		<Titre>14 juillet. Le 27e Chasseur</Titre>
		<Analyse>Défilé du 27e Chasseur lors du 14 juillet.
Entre 1914 et 1918. 
Guerre 1914-1918.</Analyse>
		<Realise_en></Realise_en>
		<Liste_des_auteurs>BERTHELÉ, Raoul</Liste_des_auteurs>
		<Type_Doc>PHOTOGRAPHIE N&amp;B</Type_Doc>
		<Support>PAPIER</Support>
		<Technique>Photographie N&amp;B</Technique>
		<Format>6 x 6 cm</Format>
		<Cote>49Fi1866</Cote>
		<Observations></Observations>
		<Origine>Don Faucher-Berhelé entré le 10/11/1978.</Origine>
		<Droits_Repro>Domaine public</Droits_Repro>
		<subject>GUERRE 1914-1918;</subject>
		<geoname></geoname>
		<persname></persname>
		<corpname></corpname>
	</DocsFigures>
<DocsFigures>
		<Titre>Longueau.20/08/15. Embarquement artillerie</Titre>
		<Analyse>Chargement de canons sur des wagons à Longueau (Somme).
20 août 1915. 
Guerre 1914-1918.</Analyse>
		<Realise_en>1915</Realise_en>
		<Liste_des_auteurs>BERTHELÉ, Raoul</Liste_des_auteurs>
		<Type_Doc>PHOTOGRAPHIE N&amp;B</Type_Doc>
		<Support>PAPIER</Support>
		<Technique>Photographie N&amp;B</Technique>
		<Format>4,5 x 5,7</Format>
		<Cote>49Fi1867</Cote>
		<Observations>Lié à 49Fi141</Observations>
		<Origine>Don Faucher-Berhelé entré le 10/11/1978.</Origine>
		<Droits_Repro>Domaine public</Droits_Repro>
		<subject>GUERRE 1914-1918;</subject>
		<geoname>LONGUEAU (ville);SOMME (département);</geoname>
		<persname></persname>
		<corpname></corpname>
	</DocsFigures>
<DocsFigures>
		<Titre>[14 juillet. Le 27e Chasseur]</Titre>
		<Analyse>Défilé du 27e Chasseur lors du 14 juillet.
Entre 1914 et 1918. 
Guerre 1914-1918.</Analyse>
		<Realise_en></Realise_en>
		<Liste_des_auteurs>BERTHELÉ, Raoul</Liste_des_auteurs>
		<Type_Doc>PHOTOGRAPHIE N&amp;B</Type_Doc>
		<Support>PAPIER</Support>
		<Technique>Photographie N&amp;B</Technique>
		<Format>6 x 6 cm</Format>
		<Cote>49Fi1868</Cote>
		<Observations></Observations>
		<Origine>Don Faucher-Berhelé entré le 10/11/1978.</Origine>
		<Droits_Repro>Domaine public</Droits_Repro>
		<subject>GUERRE 1914-1918;</subject>
		<geoname></geoname>
		<persname></persname>
		<corpname></corpname>
	</DocsFigures>
<DocsFigures>
		<Titre>Presbytère de Grattepanche amoché par une bombe d&apos;avion.</Titre>
		<Analyse>Vue du du presbytère de Grattepanche (Somme) en partie détruit par une bombe d&apos;avion.
Entre 1914 et1918. 
Guerre 1914-1918.
Des soldats posent devant le presbytère.</Analyse>
		<Realise_en></Realise_en>
		<Liste_des_auteurs>BERTHELÉ, Raoul</Liste_des_auteurs>
		<Type_Doc>PHOTOGRAPHIE N&amp;B</Type_Doc>
		<Support>PAPIER</Support>
		<Technique>Photographie N&amp;B</Technique>
		<Format>6 x 6 cm</Format>
		<Cote>49Fi1869</Cote>
		<Observations></Observations>
		<Origine>Don Faucher-Berhelé entré le 10/11/1978.</Origine>
		<Droits_Repro>Domaine public</Droits_Repro>
		<subject>MILITAIRE;GUERRE 1914-1918;</subject>
		<geoname>SOMME (département);GRATTEPANCHE (village);</geoname>
		<persname></persname>
		<corpname></corpname>
	</DocsFigures>
<DocsFigures>
		<Titre>Saffais. Déjeuner dans l&apos;herbe</Titre>
		<Analyse>Vue d&apos;ensemble de 7 militaires déjeunant sur l&apos;herbe à Saffais (Meurthe-et-Moselle).
Mai-juin 1915. 
Guerre 1914-1918.</Analyse>
		<Realise_en>1915</Realise_en>
		<Liste_des_auteurs>BERTHELÉ, Raoul</Liste_des_auteurs>
		<Type_Doc>PHOTOGRAPHIE N&amp;B</Type_Doc>
		<Support>PAPIER</Support>
		<Technique>Photographie N&amp;B</Technique>
		<Format>4 x 4,5 cm</Format>
		<Cote>49Fi1870/1</Cote>
		<Observations>Le tirage contact est dense.</Observations>
		<Origine>Don Faucher-Berhelé entré le 10/11/1978.</Origine>
		<Droits_Repro>Domaine public</Droits_Repro>
		<subject>GUERRE 1914-1918;</subject>
		<geoname>MEURTHE-ET-MOSELLE (département);SAFFAIS (village);</geoname>
		<persname></persname>
		<corpname></corpname>
	</DocsFigures>
<DocsFigures>
		<Titre>Beuvezin. Echernier</Titre>
		<Analyse>Vue de M. Echernier au premier plan à droite prenant en photo le village de Beuvezin (Meurthe-et-Moselle).
Mai-juin 1915. 
Guerre 1914-1918.</Analyse>
		<Realise_en>1915</Realise_en>
		<Liste_des_auteurs>BERTHELÉ, Raoul</Liste_des_auteurs>
		<Type_Doc>PHOTOGRAPHIE N&amp;B</Type_Doc>
		<Support>PAPIER</Support>
		<Technique>Photographie N&amp;B</Technique>
		<Format>4 x 4,5 cm</Format>
		<Cote>49Fi1870/2</Cote>
		<Observations></Observations>
		<Origine>Don Faucher-Berhelé entré le 10/11/1978.</Origine>
		<Droits_Repro>Domaine public</Droits_Repro>
		<subject>GUERRE 1914-1918;</subject>
		<geoname>BEUVEZIN (village);MEURTHE-ET-MOSELLE (département);</geoname>
		<persname></persname>
		<corpname></corpname>
	</DocsFigures>
<DocsFigures>
		<Titre>Paillard. Halte</Titre>
		<Analyse>Vue de militaires en halte sur le bord d&apos;une route à Paillart (Oise) à côté d&apos;une chapelle.
Mai-juin 1915. 
Guerre 1914-1918.</Analyse>
		<Realise_en>1915</Realise_en>
		<Liste_des_auteurs>BERTHELÉ, Raoul</Liste_des_auteurs>
		<Type_Doc>PHOTOGRAPHIE N&amp;B</Type_Doc>
		<Support>PAPIER</Support>
		<Technique>Photographie N&amp;B</Technique>
		<Format>4 x 4,5 cm</Format>
		<Cote>49Fi1870/3</Cote>
		<Observations>Le tirage contact est dense.</Observations>
		<Origine>Don Faucher-Berhelé entré le 10/11/1978.</Origine>
		<Droits_Repro>Domaine public</Droits_Repro>
		<subject>GUERRE 1914-1918;</subject>
		<geoname>OISE (département);PAILLART (village);</geoname>
		<persname></persname>
		<corpname></corpname>
	</DocsFigures>
<DocsFigures>
		<Titre>Saleux. Brunet. Bruel et Alberny</Titre>
		<Analyse>Vue des officiers Brunet, Bruel et Alberny posant devant un brouette à Saleux (Somme).
Mai-juin 1915. 
Guerre 1914-1918.</Analyse>
		<Realise_en>1915</Realise_en>
		<Liste_des_auteurs>BERTHELÉ, Raoul</Liste_des_auteurs>
		<Type_Doc>PHOTOGRAPHIE N&amp;B</Type_Doc>
		<Support>PAPIER</Support>
		<Technique>Photographie N&amp;B</Technique>
		<Format>4 x 4,5 cm</Format>
		<Cote>49Fi1870/15</Cote>
		<Observations></Observations>
		<Origine>Don Faucher-Berhelé entré le 10/11/1978.</Origine>
		<Droits_Repro>Domaine public</Droits_Repro>
		<subject>GUERRE 1914-1918;</subject>
		<geoname>SALEUX (ville);SOMME (département);</geoname>
		<persname></persname>
		<corpname></corpname>
	</DocsFigures>
<DocsFigures>
		<Titre>Saleux. Charlot</Titre>
		<Analyse>Portrait du jeune garçon appelé Charlot à Saleux (Somme).
Mai-juin 1915. 
Guerre 1914-1918.</Analyse>
		<Realise_en>1915</Realise_en>
		<Liste_des_auteurs>BERTHELÉ, Raoul</Liste_des_auteurs>
		<Type_Doc>PHOTOGRAPHIE N&amp;B</Type_Doc>
		<Support>PAPIER</Support>
		<Technique>Photographie N&amp;B</Technique>
		<Format>4 x 4,5 cm</Format>
		<Cote>49Fi1870/16</Cote>
		<Observations></Observations>
		<Origine>Don Faucher-Berhelé entré le 10/11/1978.</Origine>
		<Droits_Repro>Domaine public</Droits_Repro>
		<subject>GUERRE 1914-1918;</subject>
		<geoname>SALEUX (ville);SOMME (département);</geoname>
		<persname></persname>
		<corpname></corpname>
	</DocsFigures>
<DocsFigures>
		<Titre>Amiens. hortillonnage. Mlle Madeleine</Titre>
		<Analyse>Portrait de Mlle Madeleine en canot dans un hortillonnage près d&apos;Amiens (Somme).
Mai-juin 1915. 
Guerre 1914-1918.</Analyse>
		<Realise_en>1915</Realise_en>
		<Liste_des_auteurs>BERTHELÉ, Raoul</Liste_des_auteurs>
		<Type_Doc>PHOTOGRAPHIE N&amp;B</Type_Doc>
		<Support>PAPIER</Support>
		<Technique>Photographie N&amp;B</Technique>
		<Format>4 x 4,5 cm</Format>
		<Cote>49Fi1870/25</Cote>
		<Observations></Observations>
		<Origine>Don Faucher-Berhelé entré le 10/11/1978.</Origine>
		<Droits_Repro>Domaine public</Droits_Repro>
		<subject>GUERRE 1914-1918;</subject>
		<geoname>AMIENS (ville);SOMME (département);</geoname>
		<persname></persname>
		<corpname></corpname>
	</DocsFigures>
<DocsFigures>
		<Titre>Mlle Delagarde</Titre>
		<Analyse>Portarit en pied de Mlle Delagarde dans un arbre dans un hortillonnage près d&apos;Amiens (Somme).
Mai-juin 1915. 
Guerre 1914-1918.</Analyse>
		<Realise_en>1915</Realise_en>
		<Liste_des_auteurs>BERTHELÉ, Raoul</Liste_des_auteurs>
		<Type_Doc>PHOTOGRAPHIE N&amp;B</Type_Doc>
		<Support>PAPIER</Support>
		<Technique>Photographie N&amp;B</Technique>
		<Format>4 x 4,5 cm</Format>
		<Cote>49Fi1870/26</Cote>
		<Observations></Observations>
		<Origine>Don Faucher-Berhelé entré le 10/11/1978.</Origine>
		<Droits_Repro>Domaine public</Droits_Repro>
		<subject>GUERRE 1914-1918;</subject>
		<geoname>SOMME (département);AMIENS (ville);</geoname>
		<persname></persname>
		<corpname></corpname>
	</DocsFigures>
<DocsFigures>
		<Titre>R. Berthelé</Titre>
		<Analyse>Vue de Raoul Berthelé et Mlle Delagarde sur un canot dans un hortillonnage près d&apos;Amiens (Somme).
Mai-juin 1915. 
Guerre 1914-1918.</Analyse>
		<Realise_en>1915</Realise_en>
		<Liste_des_auteurs>BERTHELÉ, Raoul</Liste_des_auteurs>
		<Type_Doc>PHOTOGRAPHIE N&amp;B</Type_Doc>
		<Support>PAPIER</Support>
		<Technique>Photographie N&amp;B</Technique>
		<Format>4 x 4,5 cm</Format>
		<Cote>49Fi1870/27</Cote>
		<Observations></Observations>
		<Origine>Don Faucher-Berhelé entré le 10/11/1978.</Origine>
		<Droits_Repro>Domaine public</Droits_Repro>
		<subject>GUERRE 1914-1918;</subject>
		<geoname>SOMME (département);AMIENS (ville);</geoname>
		<persname>BERTHELE, Raoul;</persname>
		<corpname></corpname>
	</DocsFigures>
<DocsFigures>
		<Titre>R. Berthelé</Titre>
		<Analyse>Portrait de Raoul Berthelé en train de ramer dans un hortillonnage près d&apos;Amiens (Somme).
Mai-juin 1915. 
Guerre 1914-1918.
Il est accompagné de Mlle Delagarde.</Analyse>
		<Realise_en>1915</Realise_en>
		<Liste_des_auteurs>BERTHELÉ, Raoul</Liste_des_auteurs>
		<Type_Doc>PHOTOGRAPHIE N&amp;B</Type_Doc>
		<Support>PAPIER</Support>
		<Technique>Photographie N&amp;B</Technique>
		<Format>4 x 4,5 cm</Format>
		<Cote>49Fi1870/28</Cote>
		<Observations></Observations>
		<Origine>Don Faucher-Berhelé entré le 10/11/1978.</Origine>
		<Droits_Repro>Domaine public</Droits_Repro>
		<subject>GUERRE 1914-1918;</subject>
		<geoname>SOMME (département);AMIENS (ville);</geoname>
		<persname>BERTHELE, Raoul;</persname>
		<corpname></corpname>
	</DocsFigures>
<DocsFigures>
		<Titre>Mlle Edith Thomas</Titre>
		<Analyse>Portrait en pied de Mlle Edith Thomas dans un hortillonnage près d&apos;Amiens (Somme).
Mai-juin 1915. 
Guerre 1914-1918.</Analyse>
		<Realise_en>1915</Realise_en>
		<Liste_des_auteurs>BERTHELÉ, Raoul</Liste_des_auteurs>
		<Type_Doc>PHOTOGRAPHIE N&amp;B</Type_Doc>
		<Support>PAPIER</Support>
		<Technique>Photographie N&amp;B</Technique>
		<Format>4 x 4,5 cm</Format>
		<Cote>49Fi1870/29</Cote>
		<Observations></Observations>
		<Origine>Don Faucher-Berhelé entré le 10/11/1978.</Origine>
		<Droits_Repro>Domaine public</Droits_Repro>
		<subject>GUERRE 1914-1918;</subject>
		<geoname>SOMME (département);AMIENS (ville);</geoname>
		<persname></persname>
		<corpname></corpname>
	</DocsFigures>
<DocsFigures>
		<Titre>Mme L. Laurençôt</Titre>
		<Analyse>Portrait de Mme L. Laurençôt à la Hotoie près d&apos;Amiens (Somme).
Mai-juin 1915. 
Guerre 1914-1918.</Analyse>
		<Realise_en>1915</Realise_en>
		<Liste_des_auteurs>BERTHELÉ, Raoul</Liste_des_auteurs>
		<Type_Doc>PHOTOGRAPHIE N&amp;B</Type_Doc>
		<Support>PAPIER</Support>
		<Technique>Photographie N&amp;B</Technique>
		<Format>4 x 4,5 cm</Format>
		<Cote>49Fi1870/30</Cote>
		<Observations>Le tirage est en train de virer.</Observations>
		<Origine>Don Faucher-Berhelé entré le 10/11/1978.</Origine>
		<Droits_Repro>Domaine public</Droits_Repro>
		<subject>GUERRE 1914-1918;</subject>
		<geoname>SOMME (département);AMIENS (ville);</geoname>
		<persname></persname>
		<corpname></corpname>
	</DocsFigures>
<DocsFigures>
		<Titre>Mme L. Laurençôt et Mme Pezan</Titre>
		<Analyse>Portrait de Mmes Laurençôt et Pezan dans une rue à Amiens (Somme).
Mai-juin 1915. 
Guerre 1914-1918.</Analyse>
		<Realise_en>1915</Realise_en>
		<Liste_des_auteurs>BERTHELÉ, Raoul</Liste_des_auteurs>
		<Type_Doc>PHOTOGRAPHIE N&amp;B</Type_Doc>
		<Support>PAPIER</Support>
		<Technique>Photographie N&amp;B</Technique>
		<Format>4 x 4,5 cm</Format>
		<Cote>49Fi1870/31</Cote>
		<Observations></Observations>
		<Origine>Don Faucher-Berhelé entré le 10/11/1978.</Origine>
		<Droits_Repro>Domaine public</Droits_Repro>
		<subject>GUERRE 1914-1918;</subject>
		<geoname>SOMME (département);AMIENS (ville);</geoname>
		<persname></persname>
		<corpname></corpname>
	</DocsFigures>
<DocsFigures>
		<Titre>Amiens. Pavillon d&apos;eau à la Hotoie</Titre>
		<Analyse>Portrait en pied Mme Laurençôt devant un pavillon d&apos;eau à la Hotoie près d&apos;Amiens (Somme).
Mai-juin 1915. 
Guerre 1914-1918.</Analyse>
		<Realise_en>1915</Realise_en>
		<Liste_des_auteurs>BERTHELÉ, Raoul</Liste_des_auteurs>
		<Type_Doc>PHOTOGRAPHIE N&amp;B</Type_Doc>
		<Support>PAPIER</Support>
		<Technique>Photographie N&amp;B</Technique>
		<Format>4 x 4,5 cm</Format>
		<Cote>49Fi1870/32</Cote>
		<Observations></Observations>
		<Origine>Don Faucher-Berhelé entré le 10/11/1978.</Origine>
		<Droits_Repro>Domaine public</Droits_Repro>
		<subject>GUERRE 1914-1918;</subject>
		<geoname>AMIENS (ville);SOMME (département);</geoname>
		<persname></persname>
		<corpname></corpname>
	</DocsFigures>
<DocsFigures>
		<Titre>Hortillonnage. Rivery</Titre>
		<Analyse>Portrait en pied de Mme Laurençôt dans un hortillonnage près de Rivery (Somme).
Mai-juin 1915. 
Guerre 1914-1918.</Analyse>
		<Realise_en>1915</Realise_en>
		<Liste_des_auteurs>BERTHELÉ, Raoul</Liste_des_auteurs>
		<Type_Doc>PHOTOGRAPHIE N&amp;B</Type_Doc>
		<Support>PAPIER</Support>
		<Technique>Photographie N&amp;B</Technique>
		<Format>4 x 4,5 cm</Format>
		<Cote>49Fi1870/33</Cote>
		<Observations></Observations>
		<Origine>Don Faucher-Berhelé entré le 10/11/1978.</Origine>
		<Droits_Repro>Domaine public</Droits_Repro>
		<subject>GUERRE 1914-1918;</subject>
		<geoname>RIVERY (ville);SOMME (département);</geoname>
		<persname></persname>
		<corpname></corpname>
	</DocsFigures>
<DocsFigures>
		<Titre>Mme L. Laurençôt (Hotoie)</Titre>
		<Analyse>Portrait de Mme Laurençôt au parc de la Hotoie à d&apos;Amiens (Somme).
Mai-juin 1915. 
Guerre 1914-1918.</Analyse>
		<Realise_en>1915</Realise_en>
		<Liste_des_auteurs>BERTHELÉ, Raoul</Liste_des_auteurs>
		<Type_Doc>PHOTOGRAPHIE N&amp;B</Type_Doc>
		<Support>PAPIER</Support>
		<Technique>Photographie N&amp;B</Technique>
		<Format>4 x 4,5 cm</Format>
		<Cote>49Fi1870/34</Cote>
		<Observations></Observations>
		<Origine>Don Faucher-Berhelé entré le 10/11/1978.</Origine>
		<Droits_Repro>Domaine public</Droits_Repro>
		<subject>GUERRE 1914-1918;</subject>
		<geoname>SOMME (département);AMIENS (ville);</geoname>
		<persname></persname>
		<corpname></corpname>
	</DocsFigures>
<DocsFigures>
		<Titre>[Mme Laurençôt à la Hotoie]</Titre>
		<Analyse>Portrait de Mme Laurençôt dans la maison d&apos;eau à la Hotoie près d&apos;Amiens (Somme).
Mai-juin 1915. 
Guerre 1914-1918.</Analyse>
		<Realise_en>1915</Realise_en>
		<Liste_des_auteurs>BERTHELÉ, Raoul</Liste_des_auteurs>
		<Type_Doc>PHOTOGRAPHIE N&amp;B</Type_Doc>
		<Support>PAPIER</Support>
		<Technique>Photographie N&amp;B</Technique>
		<Format>4 x 4,5 cm</Format>
		<Cote>49Fi1870/35</Cote>
		<Observations>Le tirage est en train de virer.</Observations>
		<Origine>Don Faucher-Berhelé entré le 10/11/1978.</Origine>
		<Droits_Repro>Domaine public</Droits_Repro>
		<subject>GUERRE 1914-1918;</subject>
		<geoname>SOMME (département);AMIENS (ville);</geoname>
		<persname></persname>
		<corpname></corpname>
	</DocsFigures>
<DocsFigures>
		<Titre>[Mme Laurençôt. hortillonnage. Rivery]</Titre>
		<Analyse>Portrait de Mme Laurençôt assise dans un champ dans un hortillonnage près de Rivery (Somme).
Mai-juin 1915. 
Guerre 1914-1918.</Analyse>
		<Realise_en>1915</Realise_en>
		<Liste_des_auteurs>BERTHELÉ, Raoul</Liste_des_auteurs>
		<Type_Doc>PHOTOGRAPHIE N&amp;B</Type_Doc>
		<Support>PAPIER</Support>
		<Technique>Photographie N&amp;B</Technique>
		<Format>4 x 4,5 cm</Format>
		<Cote>49Fi1870/36</Cote>
		<Observations></Observations>
		<Origine>Don Faucher-Berhelé entré le 10/11/1978.</Origine>
		<Droits_Repro>Domaine public</Droits_Repro>
		<subject>GUERRE 1914-1918;</subject>
		<geoname>RIVERY (ville);SOMME (département);</geoname>
		<persname></persname>
		<corpname></corpname>
	</DocsFigures>
<DocsFigures>
		<Titre>R. Berthelé</Titre>
		<Analyse>Portrait de Raoul Berthelé sur un canot dans un hortillonnage près de Rivery (Somme).
Mai-juin 1915. 
Guerre 1914-1918.</Analyse>
		<Realise_en>1915</Realise_en>
		<Liste_des_auteurs>BERTHELÉ, Raoul</Liste_des_auteurs>
		<Type_Doc>PHOTOGRAPHIE N&amp;B</Type_Doc>
		<Support>PAPIER</Support>
		<Technique>Photographie N&amp;B</Technique>
		<Format>4 x 4,5 cm</Format>
		<Cote>49Fi1870/37</Cote>
		<Observations></Observations>
		<Origine>Don Faucher-Berhelé entré le 10/11/1978.</Origine>
		<Droits_Repro>Domaine public</Droits_Repro>
		<subject>GUERRE 1914-1918;</subject>
		<geoname>RIVERY (ville);SOMME (département);</geoname>
		<persname>BERTHELE, Raoul;</persname>
		<corpname></corpname>
	</DocsFigures>
<DocsFigures>
		<Titre>Mlle Cornu et Edith Thomas</Titre>
		<Analyse>Portrait de Mlles Cornu et Thomas dans un hortillonnage près d&apos;Amiens (Somme).
Mai-juin 1915. 
Guerre 1914-1918.</Analyse>
		<Realise_en>1915</Realise_en>
		<Liste_des_auteurs>BERTHELÉ, Raoul</Liste_des_auteurs>
		<Type_Doc>PHOTOGRAPHIE N&amp;B</Type_Doc>
		<Support>PAPIER</Support>
		<Technique>Photographie N&amp;B</Technique>
		<Format>4 x 4,5 cm</Format>
		<Cote>49Fi1870/38</Cote>
		<Observations></Observations>
		<Origine>Don Faucher-Berhelé entré le 10/11/1978.</Origine>
		<Droits_Repro>Domaine public</Droits_Repro>
		<subject>GUERRE 1914-1918;</subject>
		<geoname>SOMME (département);AMIENS (ville);</geoname>
		<persname></persname>
		<corpname></corpname>
	</DocsFigures>
<DocsFigures>
		<Titre>Mlle Cornu et R. Berthelé</Titre>
		<Analyse>Portrait de Mlle Cornu et Raoul Berthelé se tenant la main dans un hortillonnage près d&apos;Amiens (Somme).
Mai-juin 1915. 
Guerre 1914-1918.</Analyse>
		<Realise_en>1915</Realise_en>
		<Liste_des_auteurs>BERTHELÉ, Raoul</Liste_des_auteurs>
		<Type_Doc>PHOTOGRAPHIE N&amp;B</Type_Doc>
		<Support>PAPIER</Support>
		<Technique>Photographie N&amp;B</Technique>
		<Format>4 x 4,5 cm</Format>
		<Cote>49Fi1870/39</Cote>
		<Observations></Observations>
		<Origine>Don Faucher-Berhelé entré le 10/11/1978.</Origine>
		<Droits_Repro>Domaine public</Droits_Repro>
		<subject>GUERRE 1914-1918;</subject>
		<geoname>SOMME (département);AMIENS (ville);</geoname>
		<persname>BERTHELE, Raoul;</persname>
		<corpname></corpname>
	</DocsFigures>
<DocsFigures>
		<Titre>R. Berthelé</Titre>
		<Analyse>Vue de Raoul Berthelé dans un biplan Voisin dans un hangar près d&apos;Amiens (Somme).
Mai-juin 1915. 
Guerre 1914-1918.</Analyse>
		<Realise_en>1915</Realise_en>
		<Liste_des_auteurs>BERTHELÉ, Raoul</Liste_des_auteurs>
		<Type_Doc>PHOTOGRAPHIE N&amp;B</Type_Doc>
		<Support>PAPIER</Support>
		<Technique>Photographie N&amp;B</Technique>
		<Format>4 x 4,5 cm</Format>
		<Cote>49Fi1870/41</Cote>
		<Observations></Observations>
		<Origine>Don Faucher-Berhelé entré le 10/11/1978.</Origine>
		<Droits_Repro>Domaine public</Droits_Repro>
		<subject>GUERRE 1914-1918;</subject>
		<geoname>SOMME (département);AMIENS (ville);</geoname>
		<persname>BERTHELE, Raoul;</persname>
		<corpname></corpname>
	</DocsFigures>
<DocsFigures>
		<Titre>Mlle M-L. Delagarde</Titre>
		<Analyse>Vue de profil, en contre-jour, de Mlle Delagarde dans une maison à Amiens (Somme).
Mai-juin 1915.
Guerre 1914-1918.</Analyse>
		<Realise_en>1915</Realise_en>
		<Liste_des_auteurs>BERTHELÉ, Raoul</Liste_des_auteurs>
		<Type_Doc>PHOTOGRAPHIE N&amp;B</Type_Doc>
		<Support>PAPIER</Support>
		<Technique>Photographie N&amp;B</Technique>
		<Format>4 x 3</Format>
		<Cote>49Fi1870/42</Cote>
		<Observations></Observations>
		<Origine>Don Faucher-Berhelé entré le 10/11/1978.</Origine>
		<Droits_Repro>Domaine public</Droits_Repro>
		<subject>GUERRE 1914-1918;</subject>
		<geoname>SOMME (département);AMIENS (ville);</geoname>
		<persname></persname>
		<corpname></corpname>
	</DocsFigures>
<DocsFigures>
		<Titre>Tranchées près de Verdun</Titre>
		<Analyse>Vue panoramique de tranchées près de Verdun (Meuse).
Mai-juin 1915. 
Guerre 1914-1918.
Au fond, deux soldats debout dans la tranchée.</Analyse>
		<Realise_en>1915</Realise_en>
		<Liste_des_auteurs>BERTHELÉ, Raoul</Liste_des_auteurs>
		<Type_Doc>PHOTOGRAPHIE N&amp;B</Type_Doc>
		<Support>PAPIER</Support>
		<Technique>Photographie N&amp;B</Technique>
		<Format>5,5 x 7,7</Format>
		<Cote>49Fi1870/43</Cote>
		<Observations></Observations>
		<Origine>Don Faucher-Berhelé entré le 10/11/1978.</Origine>
		<Droits_Repro>Domaine public</Droits_Repro>
		<subject>MILITAIRE;GUERRE 1914-1918;</subject>
		<geoname>VERDUN (ville);MEUSE (département);</geoname>
		<persname></persname>
		<corpname></corpname>
	</DocsFigures>
<DocsFigures>
		<Titre>René Camus</Titre>
		<Analyse>Portrait en buste de René Camus.
Mai-juin 1915. 
Guerre 1914-1918.</Analyse>
		<Realise_en>1915</Realise_en>
		<Liste_des_auteurs>BERTHELÉ, Raoul</Liste_des_auteurs>
		<Type_Doc>PHOTOGRAPHIE N&amp;B</Type_Doc>
		<Support>PAPIER</Support>
		<Technique>Photographie N&amp;B</Technique>
		<Format>7,8 x 5,5</Format>
		<Cote>49Fi1870/44</Cote>
		<Observations></Observations>
		<Origine>Don Faucher-Berhelé entré le 10/11/1978.</Origine>
		<Droits_Repro>Domaine public</Droits_Repro>
		<subject>GUERRE 1914-1918;</subject>
		<geoname></geoname>
		<persname></persname>
		<corpname></corpname>
	</DocsFigures>
<DocsFigures>
		<Titre>Mlle M-L. Delagarde</Titre>
		<Analyse>Portrait de Mlle Delagarde ramant sur un canot dans un hortillonnage près d&apos;Amiens (Somme).
Mai-juin 1915. 
Guerre 1914-1918.</Analyse>
		<Realise_en>1915</Realise_en>
		<Liste_des_auteurs>BERTHELÉ, Raoul</Liste_des_auteurs>
		<Type_Doc>PHOTOGRAPHIE N&amp;B</Type_Doc>
		<Support>PAPIER</Support>
		<Technique>Photographie N&amp;B</Technique>
		<Format>4 x 4,5 cm</Format>
		<Cote>49Fi1870/46</Cote>
		<Observations></Observations>
		<Origine>Don Faucher-Berhelé entré le 10/11/1978.</Origine>
		<Droits_Repro>Domaine public</Droits_Repro>
		<subject>GUERRE 1914-1918;</subject>
		<geoname>SOMME (département);AMIENS (ville);</geoname>
		<persname></persname>
		<corpname></corpname>
	</DocsFigures>
<DocsFigures>
		<Titre>R. Berthelé</Titre>
		<Analyse>Portrait de Raoul Berthelé sur un canot dans un hortillonnage près d&apos;Amiens (Somme).
Mai-juin 1915. 
Guerre 1914-1918.</Analyse>
		<Realise_en>1915</Realise_en>
		<Liste_des_auteurs>BERTHELÉ, Raoul</Liste_des_auteurs>
		<Type_Doc>PHOTOGRAPHIE N&amp;B</Type_Doc>
		<Support>PAPIER</Support>
		<Technique>Photographie N&amp;B</Technique>
		<Format>4 x 4,5 cm</Format>
		<Cote>49Fi1870/47</Cote>
		<Observations></Observations>
		<Origine>Don Faucher-Berhelé entré le 10/11/1978.</Origine>
		<Droits_Repro>Domaine public</Droits_Repro>
		<subject>GUERRE 1914-1918;</subject>
		<geoname>SOMME (département);AMIENS (ville);</geoname>
		<persname>BERTHELE, Raoul;</persname>
		<corpname></corpname>
	</DocsFigures>
<DocsFigures>
		<Titre>Concierge. Usine Poiret</Titre>
		<Analyse>Portrait en pied de la concierge de l&apos;usine Poiret à Saleux (Somme).
Mai-juin 1915. 
Guerre 1914-1918.</Analyse>
		<Realise_en>1915</Realise_en>
		<Liste_des_auteurs>BERTHELÉ, Raoul</Liste_des_auteurs>
		<Type_Doc>PHOTOGRAPHIE N&amp;B</Type_Doc>
		<Support>PAPIER</Support>
		<Technique>Photographie N&amp;B</Technique>
		<Format>4 x 4,5 cm</Format>
		<Cote>49Fi1870/48</Cote>
		<Observations></Observations>
		<Origine>Don Faucher-Berhelé entré le 10/11/1978.</Origine>
		<Droits_Repro>Domaine public</Droits_Repro>
		<subject>GUERRE 1914-1918;</subject>
		<geoname>SALEUX (ville);SOMME (département);</geoname>
		<persname></persname>
		<corpname></corpname>
	</DocsFigures>
<DocsFigures>
		<Titre>Mlle M-L. Delagarde</Titre>
		<Analyse>Portrait de Mlle Delagarde ramant sur un canot dans un hortillonnage près d&apos;Amiens (Somme).
Mai-juin 1915. 
Guerre 1914-1918.</Analyse>
		<Realise_en>1915</Realise_en>
		<Liste_des_auteurs>BERTHELÉ, Raoul</Liste_des_auteurs>
		<Type_Doc>PHOTOGRAPHIE N&amp;B</Type_Doc>
		<Support>PAPIER</Support>
		<Technique>Photographie N&amp;B</Technique>
		<Format>4 x 4,5 cm</Format>
		<Cote>49Fi1870/49</Cote>
		<Observations></Observations>
		<Origine>Don Faucher-Berhelé entré le 10/11/1978.</Origine>
		<Droits_Repro>Domaine public</Droits_Repro>
		<subject>GUERRE 1914-1918;</subject>
		<geoname>SOMME (département);AMIENS (ville);</geoname>
		<persname></persname>
		<corpname></corpname>
	</DocsFigures>
<DocsFigures>
		<Titre>[Mlle M-L. Delagarde]</Titre>
		<Analyse>Vue de Mlle M.-L. Delagarde et deux autres personnes debout dans un hortillonnage près d&apos;Amiens (Somme).
Mai-juin 1915.
Guerre 1914-1918.
Trois canots sont accostés sur la rive.</Analyse>
		<Realise_en>1915</Realise_en>
		<Liste_des_auteurs>BERTHELÉ, Raoul</Liste_des_auteurs>
		<Type_Doc>PHOTOGRAPHIE N&amp;B</Type_Doc>
		<Support>PAPIER</Support>
		<Technique>Photographie N&amp;B</Technique>
		<Format>4 x 4,5 cm</Format>
		<Cote>49Fi1870/50</Cote>
		<Observations></Observations>
		<Origine>Don Faucher-Berhelé entré le 10/11/1978.</Origine>
		<Droits_Repro>Domaine public</Droits_Repro>
		<subject>GUERRE 1914-1918;</subject>
		<geoname>SOMME (département);AMIENS (ville);</geoname>
		<persname></persname>
		<corpname></corpname>
	</DocsFigures>
<DocsFigures>
		<Titre>Concierge. Usine Cosserat</Titre>
		<Analyse>Portrait de la concierge  de l&apos;usine Cosserat à Saleux (Somme).
Mai-juin 1915. 
Guerre 1914-1918.
La petite fille de la concierge pose à côté d&apos;un petit fauteuil en osier.</Analyse>
		<Realise_en>1915</Realise_en>
		<Liste_des_auteurs>BERTHELÉ, Raoul</Liste_des_auteurs>
		<Type_Doc>PHOTOGRAPHIE N&amp;B</Type_Doc>
		<Support>PAPIER</Support>
		<Technique>Photographie N&amp;B</Technique>
		<Format>4 x 4,5 cm</Format>
		<Cote>49Fi1870/51</Cote>
		<Observations></Observations>
		<Origine>Don Faucher-Berhelé entré le 10/11/1978.</Origine>
		<Droits_Repro>Domaine public</Droits_Repro>
		<subject>GUERRE 1914-1918;</subject>
		<geoname>SALEUX (ville);SOMME (département);</geoname>
		<persname></persname>
		<corpname></corpname>
	</DocsFigures>
<DocsFigures>
		<Titre>[Mlle Cornu. Bois du Petit Léon près de Saleux]</Titre>
		<Analyse>Portrait de Mlle Cornu posant à côté d&apos;un vélo dans le bois du Petit Léon près de Saleux (Somme).
Mai-juin 1915. 
Guerre 1914-1918.</Analyse>
		<Realise_en>1915</Realise_en>
		<Liste_des_auteurs>BERTHELÉ, Raoul</Liste_des_auteurs>
		<Type_Doc>PHOTOGRAPHIE N&amp;B</Type_Doc>
		<Support>PAPIER</Support>
		<Technique>Photographie N&amp;B</Technique>
		<Format>4 x 4,5 cm</Format>
		<Cote>49Fi1870/52</Cote>
		<Observations></Observations>
		<Origine>Don Faucher-Berhelé entré le 10/11/1978.</Origine>
		<Droits_Repro>Domaine public</Droits_Repro>
		<subject>GUERRE 1914-1918;</subject>
		<geoname>SALEUX (ville);SOMME (département);</geoname>
		<persname></persname>
		<corpname></corpname>
	</DocsFigures>
<DocsFigures>
		<Titre>[Mlle Cornu. Bois du Petit Léon près de Saleux]</Titre>
		<Analyse>Portrait de Mlle Cornu posant à côté d&apos;un vélo dans le bois du Petit Léon près de Saleux (Somme).
Mai-juin 1915. 
Guerre 1914-1918.</Analyse>
		<Realise_en>1915</Realise_en>
		<Liste_des_auteurs>BERTHELÉ, Raoul</Liste_des_auteurs>
		<Type_Doc>PHOTOGRAPHIE N&amp;B</Type_Doc>
		<Support>PAPIER</Support>
		<Technique>Photographie N&amp;B</Technique>
		<Format>4 x 4,5 cm</Format>
		<Cote>49Fi1870/53</Cote>
		<Observations></Observations>
		<Origine>Don Faucher-Berhelé entré le 10/11/1978.</Origine>
		<Droits_Repro>Domaine public</Droits_Repro>
		<subject>GUERRE 1914-1918;</subject>
		<geoname>SALEUX (ville);SOMME (département);</geoname>
		<persname></persname>
		<corpname></corpname>
	</DocsFigures>
<DocsFigures>
		<Titre>Saleux. MM. Cazals. Berthelé. Caucanas. Albarède. Teissier</Titre>
		<Analyse>Photo de groupe d&apos;officiers d&apos;administration devant un maison à Saleux (Somme).
Mai-juin 1915. 
Guerre 1914-1918.
Sont présents MM. Cazals, Berthelé, Caucanas, Albarède, Teissier.</Analyse>
		<Realise_en>1915</Realise_en>
		<Liste_des_auteurs>BERTHELÉ, Raoul</Liste_des_auteurs>
		<Type_Doc>PHOTOGRAPHIE N&amp;B</Type_Doc>
		<Support>PAPIER</Support>
		<Technique>Photographie N&amp;B</Technique>
		<Format>4 x 4,5 cm</Format>
		<Cote>49Fi1870/54</Cote>
		<Observations></Observations>
		<Origine>Don Faucher-Berhelé entré le 10/11/1978.</Origine>
		<Droits_Repro>Domaine public</Droits_Repro>
		<subject>GUERRE 1914-1918;</subject>
		<geoname>SALEUX (ville);SOMME (département);</geoname>
		<persname></persname>
		<corpname></corpname>
	</DocsFigures>
<DocsFigures>
		<Titre>[Mlle Cornu. Bois du Petit Léon près de Saleux]</Titre>
		<Analyse>Portrait de Mlle Cornu posant à côté d&apos;un vélo dans le bois du Petit Léon près de Saleux (Somme).
Mai-juin 1915. 
Guerre 1914-1918.</Analyse>
		<Realise_en>1915</Realise_en>
		<Liste_des_auteurs>BERTHELÉ, Raoul</Liste_des_auteurs>
		<Type_Doc>PHOTOGRAPHIE N&amp;B</Type_Doc>
		<Support>PAPIER</Support>
		<Technique>Photographie N&amp;B</Technique>
		<Format>4 x 4,5 cm</Format>
		<Cote>49Fi1870/55</Cote>
		<Observations></Observations>
		<Origine>Don Faucher-Berhelé entré le 10/11/1978.</Origine>
		<Droits_Repro>Domaine public</Droits_Repro>
		<subject>GUERRE 1914-1918;</subject>
		<geoname>SALEUX (ville);SOMME (département);</geoname>
		<persname></persname>
		<corpname></corpname>
	</DocsFigures>
<DocsFigures>
		<Titre>[Mlle Cornu. Bois du Petit Léon près de Saleux]</Titre>
		<Analyse>Portrait de Mlle Cornu posant à côté d&apos;un vélo dans le bois du Petit Léon près de Saleux (Somme).
Mai-juin 1915. 
Guerre 1914-1918.</Analyse>
		<Realise_en>1915</Realise_en>
		<Liste_des_auteurs>BERTHELÉ, Raoul</Liste_des_auteurs>
		<Type_Doc>PHOTOGRAPHIE N&amp;B</Type_Doc>
		<Support>PAPIER</Support>
		<Technique>Photographie N&amp;B</Technique>
		<Format>4 x 4,5 cm</Format>
		<Cote>49Fi1870/56</Cote>
		<Observations></Observations>
		<Origine>Don Faucher-Berhelé entré le 10/11/1978.</Origine>
		<Droits_Repro>Domaine public</Droits_Repro>
		<subject>GUERRE 1914-1918;</subject>
		<geoname>SALEUX (ville);SOMME (département);</geoname>
		<persname></persname>
		<corpname></corpname>
	</DocsFigures>
<DocsFigures>
		<Titre>Saleux. Domergue et Daltère</Titre>
		<Analyse>Portrait de deux eux soldats (MM. Domergue et Daltère) posant à côté d&apos;un cheval dans la cour de l&apos;usine Poiret à Saleux (Somme).
Mai-juin 1915. 
Guerre 1914-1918.</Analyse>
		<Realise_en>1915</Realise_en>
		<Liste_des_auteurs>BERTHELÉ, Raoul</Liste_des_auteurs>
		<Type_Doc>PHOTOGRAPHIE N&amp;B</Type_Doc>
		<Support>PAPIER</Support>
		<Technique>Photographie N&amp;B</Technique>
		<Format>4 x 4,5 cm</Format>
		<Cote>49Fi1870/57</Cote>
		<Observations>Le tirage contact est assez dense.</Observations>
		<Origine>Don Faucher-Berhelé entré le 10/11/1978.</Origine>
		<Droits_Repro>Domaine public</Droits_Repro>
		<subject>MILITAIRE;GUERRE 1914-1918;</subject>
		<geoname>SALEUX (ville);SOMME (département);</geoname>
		<persname></persname>
		<corpname></corpname>
	</DocsFigures>
<DocsFigures>
		<Titre>Saleux. Domergue et Daltère</Titre>
		<Analyse>Portrait en pied de deux soldats (MM. Domergue et Daltère) posant à côté d&apos;un cheval dans la cour de l&apos;usine Poiret à Saleux (Somme).
Mai-juin 1915. 
Guerre 1914-1918.</Analyse>
		<Realise_en>1915</Realise_en>
		<Liste_des_auteurs>BERTHELÉ, Raoul</Liste_des_auteurs>
		<Type_Doc>PHOTOGRAPHIE N&amp;B</Type_Doc>
		<Support>PAPIER</Support>
		<Technique>Photographie N&amp;B</Technique>
		<Format>4 x 4,5 cm</Format>
		<Cote>49Fi1870/58</Cote>
		<Observations>Le tirage contact est assez dense.</Observations>
		<Origine>Don Faucher-Berhelé entré le 10/11/1978.</Origine>
		<Droits_Repro>Domaine public</Droits_Repro>
		<subject>MILITAIRE;GUERRE 1914-1918;</subject>
		<geoname>SALEUX (ville);SOMME (département);</geoname>
		<persname></persname>
		<corpname></corpname>
	</DocsFigures>
<DocsFigures>
		<Titre>Domergue</Titre>
		<Analyse>Vue de M. Domergue posant entre deux ambulances à Saleux (Somme).
Mai-juin 1915. 
Guerre 1914-1918.</Analyse>
		<Realise_en>1915</Realise_en>
		<Liste_des_auteurs>BERTHELÉ, Raoul</Liste_des_auteurs>
		<Type_Doc>PHOTOGRAPHIE N&amp;B</Type_Doc>
		<Support>PAPIER</Support>
		<Technique>Photographie N&amp;B</Technique>
		<Format>4 x 4,5 cm</Format>
		<Cote>49Fi1870/59</Cote>
		<Observations></Observations>
		<Origine>Don Faucher-Berhelé entré le 10/11/1978.</Origine>
		<Droits_Repro>Domaine public</Droits_Repro>
		<subject>GUERRE 1914-1918;</subject>
		<geoname>SALEUX (ville);SOMME (département);</geoname>
		<persname></persname>
		<corpname></corpname>
	</DocsFigures>
<DocsFigures>
		<Titre>Amiens. Hortillonnage. Mlle Cornu et R. Berthelé</Titre>
		<Analyse>Portrait de Raoul Berthelé et Jeanne Cornu posant sous un kiosque dans un hortillonnage près d&apos;Amiens (Somme).
Mai-juin 1915. 
Guerre 1914-1918.</Analyse>
		<Realise_en>1915</Realise_en>
		<Liste_des_auteurs>BERTHELÉ, Raoul</Liste_des_auteurs>
		<Type_Doc>PHOTOGRAPHIE N&amp;B</Type_Doc>
		<Support>PAPIER</Support>
		<Technique>Photographie N&amp;B</Technique>
		<Format>4 x 4,5 cm</Format>
		<Cote>49Fi1870/60</Cote>
		<Observations></Observations>
		<Origine>Don Faucher-Berhelé entré le 10/11/1978.</Origine>
		<Droits_Repro>Domaine public</Droits_Repro>
		<subject>GUERRE 1914-1918;</subject>
		<geoname>SOMME (département);AMIENS (ville);</geoname>
		<persname>BERTHELE, Raoul;</persname>
		<corpname></corpname>
	</DocsFigures>
<DocsFigures>
		<Titre>Amiens. Hortillonnage. J. Cornu</Titre>
		<Analyse>Portrait de Jeanne Cornu posant sur une table dans un hortillonnage près d&apos;Amiens (Somme).
Mai-juin 1915. 
Guerre 1914-1918.</Analyse>
		<Realise_en>1915</Realise_en>
		<Liste_des_auteurs>BERTHELÉ, Raoul</Liste_des_auteurs>
		<Type_Doc>PHOTOGRAPHIE N&amp;B</Type_Doc>
		<Support>PAPIER</Support>
		<Technique>Photographie N&amp;B</Technique>
		<Format>4 x 4,5 cm</Format>
		<Cote>49Fi1870/61</Cote>
		<Observations>Le tirage contact est assez dense.</Observations>
		<Origine>Don Faucher-Berhelé entré le 10/11/1978.</Origine>
		<Droits_Repro>Domaine public</Droits_Repro>
		<subject>GUERRE 1914-1918;</subject>
		<geoname>SOMME (département);AMIENS (ville);</geoname>
		<persname></persname>
		<corpname></corpname>
	</DocsFigures>
<DocsFigures>
		<Titre>Saleux. MM. Albarède. Cazals. Teissier et Caucanas</Titre>
		<Analyse>Photo de groupe d&apos;officiers prise à côté d&apos;une usine à Saleux (Somme).
Mai-juin 1915. 
Guerre 1914-1918.
Sont présents : MM. Albarède, Cazals, Teissier et Caucanas.</Analyse>
		<Realise_en>1915</Realise_en>
		<Liste_des_auteurs>BERTHELÉ, Raoul</Liste_des_auteurs>
		<Type_Doc>PHOTOGRAPHIE N&amp;B</Type_Doc>
		<Support>PAPIER</Support>
		<Technique>Photographie N&amp;B</Technique>
		<Format>4 x 4,5 cm</Format>
		<Cote>49Fi1870/62</Cote>
		<Observations>Contact sépia.</Observations>
		<Origine>Don Faucher-Berhelé entré le 10/11/1978.</Origine>
		<Droits_Repro>Domaine public</Droits_Repro>
		<subject>GUERRE 1914-1918;</subject>
		<geoname>SALEUX (ville);SOMME (département);</geoname>
		<persname></persname>
		<corpname></corpname>
	</DocsFigures>
<DocsFigures>
		<Titre>Dury. Prisonnier allemand</Titre>
		<Analyse>Portrait en pied d&apos;un prisonnier allemand entouré entouré de cinq militaires français à Dury (Somme).
Mai-juin 1915. 
Guerre 1914-1918.</Analyse>
		<Realise_en>1915</Realise_en>
		<Liste_des_auteurs>BERTHELÉ, Raoul</Liste_des_auteurs>
		<Type_Doc>PHOTOGRAPHIE N&amp;B</Type_Doc>
		<Support>PAPIER</Support>
		<Technique>Photographie N&amp;B</Technique>
		<Format>4 x 4,5 cm</Format>
		<Cote>49Fi1870/63</Cote>
		<Observations>Contact sépia.</Observations>
		<Origine>Don Faucher-Berhelé entré le 10/11/1978.</Origine>
		<Droits_Repro>Domaine public</Droits_Repro>
		<subject>MILITAIRE;PRISONNIER DE GUERRE;GUERRE 1914-1918;</subject>
		<geoname>DURY (village);SOMME (département);</geoname>
		<persname></persname>
		<corpname></corpname>
	</DocsFigures>
<DocsFigures>
		<Titre>Amiens. Combes et Brunet en corvée de poireau</Titre>
		<Analyse>Vue de MM. Combes et Brunet récoltant des poireaux dans un champ près d&apos;Amiens (Somme).
Mai-juin 1915. 
Guerre 1914-1918.</Analyse>
		<Realise_en>1915</Realise_en>
		<Liste_des_auteurs>BERTHELÉ, Raoul</Liste_des_auteurs>
		<Type_Doc>PHOTOGRAPHIE N&amp;B</Type_Doc>
		<Support>PAPIER</Support>
		<Technique>Photographie N&amp;B</Technique>
		<Format>4 x 4,5 cm</Format>
		<Cote>49Fi1870/64</Cote>
		<Observations></Observations>
		<Origine>Don Faucher-Berhelé entré le 10/11/1978.</Origine>
		<Droits_Repro>Domaine public</Droits_Repro>
		<subject>GUERRE 1914-1918;</subject>
		<geoname>SOMME (département);AMIENS (ville);</geoname>
		<persname></persname>
		<corpname></corpname>
	</DocsFigures>
<DocsFigures>
		<Titre>Le 53e d&apos;artillerie passe à Saleux</Titre>
		<Analyse>Vue d&apos;ensemble du passage du 53e régiment d&apos;artillerie dans une rue de Saleux (Somme).
Mai-juin 1915. 
Guerre 1914-1918.
Au premier plan la colonne constituée de pièces d&apos;artilleries tirées par des chevaux, au second les maisons.</Analyse>
		<Realise_en>1915</Realise_en>
		<Liste_des_auteurs>BERTHELÉ, Raoul</Liste_des_auteurs>
		<Type_Doc>PHOTOGRAPHIE N&amp;B</Type_Doc>
		<Support>PAPIER</Support>
		<Technique>Photographie N&amp;B</Technique>
		<Format>4 x 4,5 cm</Format>
		<Cote>49Fi1870/65</Cote>
		<Observations>Contact assez dense.</Observations>
		<Origine>Don Faucher-Berhelé entré le 10/11/1978.</Origine>
		<Droits_Repro>Domaine public</Droits_Repro>
		<subject>GUERRE 1914-1918;</subject>
		<geoname>SALEUX (ville);SOMME (département);</geoname>
		<persname></persname>
		<corpname></corpname>
	</DocsFigures>
<DocsFigures>
		<Titre>Echernier et Mlle Lucienne Dussuel</Titre>
		<Analyse>Portrait de M. Echernier et Mlle Dussuel dans un jardin à Saleux (Somme).
Mai-juin 1915. 
Guerre 1914-1918.</Analyse>
		<Realise_en>1915</Realise_en>
		<Liste_des_auteurs>BERTHELÉ, Raoul</Liste_des_auteurs>
		<Type_Doc>PHOTOGRAPHIE N&amp;B</Type_Doc>
		<Support>PAPIER</Support>
		<Technique>Photographie N&amp;B</Technique>
		<Format>4 x 4,5 cm</Format>
		<Cote>49Fi1870/66</Cote>
		<Observations>Contact sépia.</Observations>
		<Origine>Don Faucher-Berhelé entré le 10/11/1978.</Origine>
		<Droits_Repro>Domaine public</Droits_Repro>
		<subject>GUERRE 1914-1918;</subject>
		<geoname>SOMME (département);SALEUX (ville);</geoname>
		<persname></persname>
		<corpname></corpname>
	</DocsFigures>
<DocsFigures>
		<Titre>Chincholles (Waguemestre)</Titre>
		<Analyse>Portrait en pied de M. Chincholles, vaguemestre (sous-officier chargé du service postal) devant le bureau de Raoul Berthelé à Saleux (Somme).
Mai-juin 1915.
Guerre 1914-1918.</Analyse>
		<Realise_en>1915</Realise_en>
		<Liste_des_auteurs>BERTHELÉ, Raoul</Liste_des_auteurs>
		<Type_Doc>PHOTOGRAPHIE N&amp;B</Type_Doc>
		<Support>PAPIER</Support>
		<Technique>Photographie N&amp;B</Technique>
		<Format>4 x 4,5 cm</Format>
		<Cote>49Fi1870/67</Cote>
		<Observations>Contact sépia.</Observations>
		<Origine>Don Faucher-Berhelé entré le 10/11/1978.</Origine>
		<Droits_Repro>Domaine public</Droits_Repro>
		<subject>GUERRE 1914-1918;</subject>
		<geoname>SALEUX (ville);SOMME (département);</geoname>
		<persname>BERTHELE, Raoul;</persname>
		<corpname></corpname>
	</DocsFigures>
<DocsFigures>
		<Titre>Amiens. Beffroi</Titre>
		<Analyse>Vue d&apos;ensemble de la place Gambetta et du beffroi d&apos;Amiens (Somme).
Mai-juin 1915. 
Guerre 1914-1918.</Analyse>
		<Realise_en>1915</Realise_en>
		<Liste_des_auteurs>BERTHELÉ, Raoul</Liste_des_auteurs>
		<Type_Doc>PHOTOGRAPHIE N&amp;B</Type_Doc>
		<Support>PAPIER</Support>
		<Technique>Photographie N&amp;B</Technique>
		<Format>4 x 4,5 cm</Format>
		<Cote>49Fi1870/68</Cote>
		<Observations>Contact sépia.</Observations>
		<Origine>Don Faucher-Berhelé entré le 10/11/1978.</Origine>
		<Droits_Repro>Domaine public</Droits_Repro>
		<subject>GUERRE 1914-1918;</subject>
		<geoname>AMIENS (ville);SOMME (département);</geoname>
		<persname></persname>
		<corpname></corpname>
	</DocsFigures>
<DocsFigures>
		<Titre>Biplan Voisin</Titre>
		<Analyse>Vue d&apos;ensemble d&apos;un biplan Voisin dans un champ d&apos;aviation près d&apos;Amiens (Somme).
Mai-juin 1915. 
Guerre 1914-1918.</Analyse>
		<Realise_en>1915</Realise_en>
		<Liste_des_auteurs>BERTHELÉ, Raoul</Liste_des_auteurs>
		<Type_Doc>PHOTOGRAPHIE N&amp;B</Type_Doc>
		<Support>PAPIER</Support>
		<Technique>Photographie N&amp;B</Technique>
		<Format>4 x 4,5 cm</Format>
		<Cote>49Fi1870/69</Cote>
		<Observations></Observations>
		<Origine>Don Faucher-Berhelé entré le 10/11/1978.</Origine>
		<Droits_Repro>Domaine public</Droits_Repro>
		<subject>GUERRE 1914-1918;</subject>
		<geoname>SOMME (département);AMIENS (ville);</geoname>
		<persname></persname>
		<corpname></corpname>
	</DocsFigures>
<DocsFigures>
		<Titre>M. Farman. Lt. Pasquier</Titre>
		<Analyse>Portrait en pied du Lieutenant Pasquier posant devant un biplan M. Farman dans un champ d&apos;aviation près d&apos;Amiens (Somme).
Mai-juin 1915. 
Guerre 1914-1918.</Analyse>
		<Realise_en>1915</Realise_en>
		<Liste_des_auteurs>BERTHELÉ, Raoul</Liste_des_auteurs>
		<Type_Doc>PHOTOGRAPHIE N&amp;B</Type_Doc>
		<Support>PAPIER</Support>
		<Technique>Photographie N&amp;B</Technique>
		<Format>4 x 4,5 cm</Format>
		<Cote>49Fi1870/70</Cote>
		<Observations>Contact sépia manquant de densité.</Observations>
		<Origine>Don Faucher-Berhelé entré le 10/11/1978.</Origine>
		<Droits_Repro>Domaine public</Droits_Repro>
		<subject>GUERRE 1914-1918;</subject>
		<geoname>SOMME (département);AMIENS (ville);</geoname>
		<persname></persname>
		<corpname></corpname>
	</DocsFigures>
<DocsFigures>
		<Titre>M. Farman</Titre>
		<Analyse>Vue d&apos;ensemble d&apos;un avion M. Farman devant un hangar dans un champ d&apos;aviation près d&apos;Amiens (Somme).
Mai-juin 1915.
Guerre 1914-1918.</Analyse>
		<Realise_en>1915</Realise_en>
		<Liste_des_auteurs>BERTHELÉ, Raoul</Liste_des_auteurs>
		<Type_Doc>PHOTOGRAPHIE N&amp;B</Type_Doc>
		<Support>PAPIER</Support>
		<Technique>Photographie N&amp;B</Technique>
		<Format>4 x 4,5 cm</Format>
		<Cote>49Fi1870/71</Cote>
		<Observations>Contact sépia manquant de densité.</Observations>
		<Origine>Don Faucher-Berhelé entré le 10/11/1978.</Origine>
		<Droits_Repro>Domaine public</Droits_Repro>
		<subject>GUERRE 1914-1918;</subject>
		<geoname>AMIENS (ville);SOMME (département);</geoname>
		<persname></persname>
		<corpname></corpname>
	</DocsFigures>
<DocsFigures>
		<Titre>Saleux. Usine Poiret</Titre>
		<Analyse>Vue aérienne de l&apos;Usine Poiret à Saleux (Somme).
Mai-juin 1915. 
Guerre 1914-1918.</Analyse>
		<Realise_en>1915</Realise_en>
		<Liste_des_auteurs>BERTHELÉ, Raoul</Liste_des_auteurs>
		<Type_Doc>PHOTOGRAPHIE N&amp;B</Type_Doc>
		<Support>PAPIER</Support>
		<Technique>Photographie N&amp;B</Technique>
		<Format>4 x 4,5 cm</Format>
		<Cote>49Fi1870/72</Cote>
		<Observations>Contact assez dense.</Observations>
		<Origine>Don Faucher-Berhelé entré le 10/11/1978.</Origine>
		<Droits_Repro>Domaine public</Droits_Repro>
		<subject>GUERRE 1914-1918;</subject>
		<geoname>SALEUX (ville);SOMME (département);</geoname>
		<persname></persname>
		<corpname></corpname>
	</DocsFigures>
<DocsFigures>
		<Titre>Sevajols</Titre>
		<Analyse>Portrait de l&apos;ambulancier Sevajols.
Mai-juin 1915. 
Guerre 1914-1918.</Analyse>
		<Realise_en>1915</Realise_en>
		<Liste_des_auteurs>BERTHELÉ, Raoul</Liste_des_auteurs>
		<Type_Doc>PHOTOGRAPHIE N&amp;B</Type_Doc>
		<Support>PAPIER</Support>
		<Technique>Photographie N&amp;B</Technique>
		<Format>7,1 x 6</Format>
		<Cote>49Fi1870/75</Cote>
		<Observations></Observations>
		<Origine>Don Faucher-Berhelé entré le 10/11/1978.</Origine>
		<Droits_Repro>Domaine public</Droits_Repro>
		<subject>GUERRE 1914-1918;</subject>
		<geoname></geoname>
		<persname></persname>
		<corpname></corpname>
	</DocsFigures>
<DocsFigures>
		<Titre>[Saleux. 13/06/15. Mlle Jeanne Cornu. Dîner]</Titre>
		<Analyse>Portrait de Jeanne Cornu à table dans son salon à Saleux (Somme).
13 juin 1915. 
Guerre 1914-1918.</Analyse>
		<Realise_en>1915</Realise_en>
		<Liste_des_auteurs>BERTHELÉ, Raoul</Liste_des_auteurs>
		<Type_Doc>PHOTOGRAPHIE N&amp;B</Type_Doc>
		<Support>PAPIER</Support>
		<Technique>Photographie N&amp;B</Technique>
		<Format>4 x 4,5 cm</Format>
		<Cote>49Fi1870/76</Cote>
		<Observations>Contact contrasté.</Observations>
		<Origine>Don Faucher-Berhelé entré le 10/11/1978.</Origine>
		<Droits_Repro>Domaine public</Droits_Repro>
		<subject>GUERRE 1914-1918;</subject>
		<geoname>SALEUX (ville);SOMME (département);</geoname>
		<persname></persname>
		<corpname></corpname>
	</DocsFigures>
<DocsFigures>
		<Titre>Saleux. 13/06/15. Mlle Jeanne Cornu. Dîner</Titre>
		<Analyse>Portrait de Jeanne Cornu à table dans son salon à Saleux (Somme).
13 juin 1915. 
Guerre 1914-1918.</Analyse>
		<Realise_en>1915</Realise_en>
		<Liste_des_auteurs>BERTHELÉ, Raoul</Liste_des_auteurs>
		<Type_Doc>PHOTOGRAPHIE N&amp;B</Type_Doc>
		<Support>PAPIER</Support>
		<Technique>Photographie N&amp;B</Technique>
		<Format>4 x 4,5 cm</Format>
		<Cote>49Fi1870/77</Cote>
		<Observations>Contact contrasté.</Observations>
		<Origine>Don Faucher-Berhelé entré le 10/11/1978.</Origine>
		<Droits_Repro>Domaine public</Droits_Repro>
		<subject>GUERRE 1914-1918;</subject>
		<geoname>SALEUX (ville);SOMME (département);</geoname>
		<persname></persname>
		<corpname></corpname>
	</DocsFigures>
<DocsFigures>
		<Titre>Allier</Titre>
		<Analyse>Portrait en buste de l&apos;officier Allier, debout accoudé à un tabouret.
Mai-juin 1915.
Guerre 1914-1918.</Analyse>
		<Realise_en>1915</Realise_en>
		<Liste_des_auteurs>BERTHELÉ, Raoul</Liste_des_auteurs>
		<Type_Doc>PHOTOGRAPHIE N&amp;B</Type_Doc>
		<Support>PAPIER</Support>
		<Technique>Photographie N&amp;B</Technique>
		<Format>9 x 6 cm</Format>
		<Cote>49Fi1870/78</Cote>
		<Observations></Observations>
		<Origine>Don Faucher-Berhelé entré le 10/11/1978.</Origine>
		<Droits_Repro>Domaine public</Droits_Repro>
		<subject>GUERRE 1914-1918;</subject>
		<geoname></geoname>
		<persname></persname>
		<corpname></corpname>
	</DocsFigures>
<DocsFigures>
		<Titre>Vincent</Titre>
		<Analyse>Portrait de l&apos;ambulancier Vincent.
Mai-juin 1915. 
Guerre 1914-1918.</Analyse>
		<Realise_en>1915</Realise_en>
		<Liste_des_auteurs>BERTHELÉ, Raoul</Liste_des_auteurs>
		<Type_Doc>PHOTOGRAPHIE N&amp;B</Type_Doc>
		<Support>PAPIER</Support>
		<Technique>Photographie N&amp;B</Technique>
		<Format>9 x 6 cm</Format>
		<Cote>49Fi1870/79</Cote>
		<Observations>L&apos;image est à peine lisible.</Observations>
		<Origine>Don Faucher-Berhelé entré le 10/11/1978.</Origine>
		<Droits_Repro>Domaine public</Droits_Repro>
		<subject>GUERRE 1914-1918;</subject>
		<geoname></geoname>
		<persname></persname>
		<corpname></corpname>
	</DocsFigures>
<DocsFigures>
		<Titre>Quevauvillers (Somme) M. André Goure. 23 mai 1915</Titre>
		<Analyse>Photo de groupe d&apos;officiers de l&apos;armée française prise à Quevauvillers (Somme).
23 mai Mai-juin 1915. 
Guerre 1914-1918.
Raoul Berthelé est au 2e rang 1er à gauche.</Analyse>
		<Realise_en>1915</Realise_en>
		<Liste_des_auteurs>BERTHELÉ, Raoul</Liste_des_auteurs>
		<Type_Doc>PHOTOGRAPHIE N&amp;B</Type_Doc>
		<Support>PAPIER</Support>
		<Technique>Photographie N&amp;B</Technique>
		<Format>6 x 11</Format>
		<Cote>49Fi1870/80</Cote>
		<Observations>L&apos;image manque de densité.</Observations>
		<Origine>Don Faucher-Berhelé entré le 10/11/1978.</Origine>
		<Droits_Repro>Domaine public</Droits_Repro>
		<subject>GUERRE 1914-1918;</subject>
		<geoname>SOMME (département);QUEVAUVILLIERS (village);</geoname>
		<persname>BERTHELE, Raoul;</persname>
		<corpname></corpname>
	</DocsFigures>
<DocsFigures>
		<Titre>Amiens. Cathédrale</Titre>
		<Analyse>Vue d&apos;une partie de la cathédrale d&apos;Amiens (Somme).
Mai-juin 1915. 
Guerre 1914-1918.</Analyse>
		<Realise_en>1915</Realise_en>
		<Liste_des_auteurs>BERTHELÉ, Raoul</Liste_des_auteurs>
		<Type_Doc>PHOTOGRAPHIE N&amp;B</Type_Doc>
		<Support>PAPIER</Support>
		<Technique>Photographie N&amp;B</Technique>
		<Format>4 x 4,5 cm</Format>
		<Cote>49Fi1870/81</Cote>
		<Observations>L&apos;image est à peine lisible.</Observations>
		<Origine>Don Faucher-Berhelé entré le 10/11/1978.</Origine>
		<Droits_Repro>Domaine public</Droits_Repro>
		<subject>GUERRE 1914-1918;</subject>
		<geoname>AMIENS (ville);SOMME (département);</geoname>
		<persname></persname>
		<corpname></corpname>
	</DocsFigures>
<DocsFigures>
		<Titre>Amiens. Cathédrale</Titre>
		<Analyse>Vue de la façade de la cathédrale d&apos;Amiens (Somme) protégée des bombardements par un mur de sacs de sable.
Mai-juin 1915. 
Guerre 1914-1918.</Analyse>
		<Realise_en>1915</Realise_en>
		<Liste_des_auteurs>BERTHELÉ, Raoul</Liste_des_auteurs>
		<Type_Doc>PHOTOGRAPHIE N&amp;B</Type_Doc>
		<Support>PAPIER</Support>
		<Technique>Photographie N&amp;B</Technique>
		<Format>4 x 4,5 cm</Format>
		<Cote>49Fi1870/82</Cote>
		<Observations>Contact assez dense.</Observations>
		<Origine>Don Faucher-Berhelé entré le 10/11/1978.</Origine>
		<Droits_Repro>Domaine public</Droits_Repro>
		<subject>GUERRE 1914-1918;</subject>
		<geoname>AMIENS (ville);SOMME (département);</geoname>
		<persname></persname>
		<corpname></corpname>
	</DocsFigures>
<DocsFigures>
		<Titre>Amiens. Marché</Titre>
		<Analyse>Vue générale d&apos;une scène de marché dans une rue d&apos;Amiens (Somme).
Mai-juin 1915. 
Guerre 1914-1918.</Analyse>
		<Realise_en>1915</Realise_en>
		<Liste_des_auteurs>BERTHELÉ, Raoul</Liste_des_auteurs>
		<Type_Doc>PHOTOGRAPHIE N&amp;B</Type_Doc>
		<Support>PAPIER</Support>
		<Technique>Photographie N&amp;B</Technique>
		<Format>4 x 4,5 cm</Format>
		<Cote>49Fi1870/83</Cote>
		<Observations>Contact assez dense.</Observations>
		<Origine>Don Faucher-Berhelé entré le 10/11/1978.</Origine>
		<Droits_Repro>Domaine public</Droits_Repro>
		<subject>GUERRE 1914-1918;</subject>
		<geoname>AMIENS (ville);SOMME (département);</geoname>
		<persname></persname>
		<corpname></corpname>
	</DocsFigures>
<DocsFigures>
		<Titre>Saleux. Usine Cosserat</Titre>
		<Analyse>Vue d&apos;ensemble de l&apos;usine Cosserat à Saleux (Somme).
Mai-juin 1915. 
Guerre 1914-1918.</Analyse>
		<Realise_en>1915</Realise_en>
		<Liste_des_auteurs>BERTHELÉ, Raoul</Liste_des_auteurs>
		<Type_Doc>PHOTOGRAPHIE N&amp;B</Type_Doc>
		<Support>PAPIER</Support>
		<Technique>Photographie N&amp;B</Technique>
		<Format>4 x 4,5 cm</Format>
		<Cote>49Fi1870/84</Cote>
		<Observations>Contact  dense.</Observations>
		<Origine>Don Faucher-Berhelé entré le 10/11/1978.</Origine>
		<Droits_Repro>Domaine public</Droits_Repro>
		<subject>GUERRE 1914-1918;</subject>
		<geoname>SALEUX (ville);SOMME (département);</geoname>
		<persname></persname>
		<corpname></corpname>
	</DocsFigures>
<DocsFigures>
		<Titre>Saleux. Usine Poiret. Pansage</Titre>
		<Analyse>Vue du pansage des chevaux dans la cour de l&apos;usine Poiret à Saleux (Somme).
Mai-juin 1915. 
Guerre 1914-1918.</Analyse>
		<Realise_en>1915</Realise_en>
		<Liste_des_auteurs>BERTHELÉ, Raoul</Liste_des_auteurs>
		<Type_Doc>PHOTOGRAPHIE N&amp;B</Type_Doc>
		<Support>PAPIER</Support>
		<Technique>Photographie N&amp;B</Technique>
		<Format>4 x 4,5 cm</Format>
		<Cote>49Fi1870/85</Cote>
		<Observations>Contact très dense.</Observations>
		<Origine>Don Faucher-Berhelé entré le 10/11/1978.</Origine>
		<Droits_Repro>Domaine public</Droits_Repro>
		<subject>GUERRE 1914-1918;</subject>
		<geoname>SALEUX (ville);SOMME (département);</geoname>
		<persname></persname>
		<corpname></corpname>
	</DocsFigures>
<DocsFigures>
		<Titre>Saleux. Concierge. Usine Cosserat</Titre>
		<Analyse>Portrait du bébé de la concierge de l&apos;usine Cosserat à Saleux (Somme).
Mai-juin 1915. 
Guerre 1914-1918.</Analyse>
		<Realise_en>1915</Realise_en>
		<Liste_des_auteurs>BERTHELÉ, Raoul</Liste_des_auteurs>
		<Type_Doc>PHOTOGRAPHIE N&amp;B</Type_Doc>
		<Support>PAPIER</Support>
		<Technique>Photographie N&amp;B</Technique>
		<Format>4 x 4,5 cm</Format>
		<Cote>49Fi1870/86</Cote>
		<Observations>Contact très dense.</Observations>
		<Origine>Don Faucher-Berhelé entré le 10/11/1978.</Origine>
		<Droits_Repro>Domaine public</Droits_Repro>
		<subject>GUERRE 1914-1918;</subject>
		<geoname>SALEUX (ville);SOMME (département);</geoname>
		<persname></persname>
		<corpname></corpname>
	</DocsFigures>
<DocsFigures>
		<Titre>Wailly. Le gros chêne</Titre>
		<Analyse>Vue du gros chêne de la forêt de Wailly près d&apos;Amiens (Somme).
Mai-juin 1915. 
Guerre 1914-1918.</Analyse>
		<Realise_en>1915</Realise_en>
		<Liste_des_auteurs>BERTHELÉ, Raoul</Liste_des_auteurs>
		<Type_Doc>PHOTOGRAPHIE N&amp;B</Type_Doc>
		<Support>PAPIER</Support>
		<Technique>Photographie N&amp;B</Technique>
		<Format>4 x 4,5 cm</Format>
		<Cote>49Fi1870/87</Cote>
		<Observations>Contact dense.</Observations>
		<Origine>Don Faucher-Berhelé entré le 10/11/1978.</Origine>
		<Droits_Repro>Domaine public</Droits_Repro>
		<subject>GUERRE 1914-1918;</subject>
		<geoname>WAILLY (hameau);SOMME (département);AMIENS (ville);</geoname>
		<persname></persname>
		<corpname></corpname>
	</DocsFigures>
<DocsFigures>
		<Titre>Amiens. Place de la cathédrale</Titre>
		<Analyse>Vue de la place de la cathédrale à Amiens (Somme).
Mai-juin 1915. 
Guerre 1914-1918.</Analyse>
		<Realise_en>1915</Realise_en>
		<Liste_des_auteurs>BERTHELÉ, Raoul</Liste_des_auteurs>
		<Type_Doc>PHOTOGRAPHIE N&amp;B</Type_Doc>
		<Support>PAPIER</Support>
		<Technique>Photographie N&amp;B</Technique>
		<Format>4 x 4,5 cm</Format>
		<Cote>49Fi1870/88</Cote>
		<Observations>Contact sépia.</Observations>
		<Origine>Don Faucher-Berhelé entré le 10/11/1978.</Origine>
		<Droits_Repro>Domaine public</Droits_Repro>
		<subject>GUERRE 1914-1918;</subject>
		<geoname>AMIENS (ville);SOMME (département);</geoname>
		<persname></persname>
		<corpname></corpname>
	</DocsFigures>
<DocsFigures>
		<Titre>Amiens marché</Titre>
		<Analyse>Vue d&apos;une scène de foire au bétail sur une place d&apos;Amiens (Somme).
Mai-juin 1915. 
Guerre 1914-1918.</Analyse>
		<Realise_en>1915</Realise_en>
		<Liste_des_auteurs>BERTHELÉ, Raoul</Liste_des_auteurs>
		<Type_Doc>PHOTOGRAPHIE N&amp;B</Type_Doc>
		<Support>PAPIER</Support>
		<Technique>Photographie N&amp;B</Technique>
		<Format>4 x 4,5 cm</Format>
		<Cote>49Fi1870/89</Cote>
		<Observations>Contact sépia manquant de densité.</Observations>
		<Origine>Don Faucher-Berhelé entré le 10/11/1978.</Origine>
		<Droits_Repro>Domaine public</Droits_Repro>
		<subject>GUERRE 1914-1918;</subject>
		<geoname>AMIENS (ville);SOMME (département);</geoname>
		<persname></persname>
		<corpname></corpname>
	</DocsFigures>
<DocsFigures>
		<Titre>M-L. D.</Titre>
		<Analyse>Portrait en pied de Mlle M.-L. Delagarde dans la cour d&apos;une maison à Amiens (Somme).
Mai-juin 1915. 
Guerre 1914-1918.</Analyse>
		<Realise_en>1915</Realise_en>
		<Liste_des_auteurs>BERTHELÉ, Raoul</Liste_des_auteurs>
		<Type_Doc>PHOTOGRAPHIE N&amp;B</Type_Doc>
		<Support>PAPIER</Support>
		<Technique>Photographie N&amp;B</Technique>
		<Format>4 x 4,5 cm</Format>
		<Cote>49Fi1870/90</Cote>
		<Observations></Observations>
		<Origine>Don Faucher-Berhelé entré le 10/11/1978.</Origine>
		<Droits_Repro>Domaine public</Droits_Repro>
		<subject>GUERRE 1914-1918;</subject>
		<geoname>AMIENS (ville);SOMME (département);</geoname>
		<persname></persname>
		<corpname></corpname>
	</DocsFigures>
<DocsFigures>
		<Titre>Amiens. Abattoir</Titre>
		<Analyse>Vue d&apos;une scène de dépeçage à l&apos;abattoir d&apos;Amiens (Somme).
Mai-juin 1915. 
Guerre 1914-1918.</Analyse>
		<Realise_en>1915</Realise_en>
		<Liste_des_auteurs>BERTHELÉ, Raoul</Liste_des_auteurs>
		<Type_Doc>PHOTOGRAPHIE N&amp;B</Type_Doc>
		<Support>PAPIER</Support>
		<Technique>Photographie N&amp;B</Technique>
		<Format>4 x 4,5 cm</Format>
		<Cote>49Fi1870/91</Cote>
		<Observations>Contact  manquant de densité.</Observations>
		<Origine>Don Faucher-Berhelé entré le 10/11/1978.</Origine>
		<Droits_Repro>Domaine public</Droits_Repro>
		<subject>GUERRE 1914-1918;</subject>
		<geoname>AMIENS (ville);SOMME (département);</geoname>
		<persname></persname>
		<corpname></corpname>
	</DocsFigures>
<DocsFigures>
		<Titre>Amiens. Mlle Edith Thomas</Titre>
		<Analyse>Portrait de Mlle Edith Thomas en train de lire dans un fauteuil dans son salon à Amiens (Somme).
Mai-juin 1915. 
Guerre 1914-1918.</Analyse>
		<Realise_en>1915</Realise_en>
		<Liste_des_auteurs>BERTHELÉ, Raoul</Liste_des_auteurs>
		<Type_Doc>PHOTOGRAPHIE N&amp;B</Type_Doc>
		<Support>PAPIER</Support>
		<Technique>Photographie N&amp;B</Technique>
		<Format>4 x 4,5 cm</Format>
		<Cote>49Fi1870/92</Cote>
		<Observations></Observations>
		<Origine>Don Faucher-Berhelé entré le 10/11/1978.</Origine>
		<Droits_Repro>Domaine public</Droits_Repro>
		<subject>GUERRE 1914-1918;</subject>
		<geoname>SOMME (département);AMIENS (ville);</geoname>
		<persname></persname>
		<corpname></corpname>
	</DocsFigures>
<DocsFigures>
		<Titre>Camon. M-L. Delagarde</Titre>
		<Analyse>Portrait de Mlle M.-L. Delagarde installée à la terrasse d&apos;une buvette à Camon près d&apos;Amiens (Somme).
Mai-juin 1915. 
Guerre 1914-1918.</Analyse>
		<Realise_en>1915</Realise_en>
		<Liste_des_auteurs>BERTHELÉ, Raoul</Liste_des_auteurs>
		<Type_Doc>PHOTOGRAPHIE N&amp;B</Type_Doc>
		<Support>PAPIER</Support>
		<Technique>Photographie N&amp;B</Technique>
		<Format>4 x 4,5 cm</Format>
		<Cote>49Fi1870/93</Cote>
		<Observations>Contact assez dense.</Observations>
		<Origine>Don Faucher-Berhelé entré le 10/11/1978.</Origine>
		<Droits_Repro>Domaine public</Droits_Repro>
		<subject>GUERRE 1914-1918;</subject>
		<geoname>SOMME (département);AMIENS (ville);</geoname>
		<persname></persname>
		<corpname></corpname>
	</DocsFigures>
<DocsFigures>
		<Titre>Amiens. plongeon de Tourbier</Titre>
		<Analyse>Vue d&apos;une scène de baignade à Camon près d&apos;Amiens (Somme).
Mai-juin 1915. 
Guerre 1914-1918.
Plongeon de M. Tourbier.</Analyse>
		<Realise_en>1915</Realise_en>
		<Liste_des_auteurs>BERTHELÉ, Raoul</Liste_des_auteurs>
		<Type_Doc>PHOTOGRAPHIE N&amp;B</Type_Doc>
		<Support>PAPIER</Support>
		<Technique>Photographie N&amp;B</Technique>
		<Format>4 x 4,5 cm</Format>
		<Cote>49Fi1870/94</Cote>
		<Observations></Observations>
		<Origine>Don Faucher-Berhelé entré le 10/11/1978.</Origine>
		<Droits_Repro>Domaine public</Droits_Repro>
		<subject>GUERRE 1914-1918;</subject>
		<geoname>AMIENS (ville);SOMME (département);</geoname>
		<persname></persname>
		<corpname></corpname>
	</DocsFigures>
<DocsFigures>
		<Titre>Saleux. Usine Poiret</Titre>
		<Analyse>Vue d&apos;ensemble de l&apos;usine Poiret à Saleux (Somme).
Mai-juin 1915. 
Guerre 1914-1918.</Analyse>
		<Realise_en>1915</Realise_en>
		<Liste_des_auteurs>BERTHELÉ, Raoul</Liste_des_auteurs>
		<Type_Doc>PHOTOGRAPHIE N&amp;B</Type_Doc>
		<Support>PAPIER</Support>
		<Technique>Photographie N&amp;B</Technique>
		<Format>4 x 4,5 cm</Format>
		<Cote>49Fi1870/96</Cote>
		<Observations></Observations>
		<Origine>Don Faucher-Berhelé entré le 10/11/1978.</Origine>
		<Droits_Repro>Domaine public</Droits_Repro>
		<subject>GUERRE 1914-1918;</subject>
		<geoname>SALEUX (ville);SOMME (département);</geoname>
		<persname></persname>
		<corpname></corpname>
	</DocsFigures>
<DocsFigures>
		<Titre>Saleux. Ouvrières de l&apos;usine Poiret</Titre>
		<Analyse>Portrait de deux ouvrières de l&apos;usine Poiret à Saleux (Somme).
Mai-juin 1915. 
Guerre 1914-1918.</Analyse>
		<Realise_en>1915</Realise_en>
		<Liste_des_auteurs>BERTHELÉ, Raoul</Liste_des_auteurs>
		<Type_Doc>PHOTOGRAPHIE N&amp;B</Type_Doc>
		<Support>PAPIER</Support>
		<Technique>Photographie N&amp;B</Technique>
		<Format>4 x 4,5 cm</Format>
		<Cote>49Fi1870/97</Cote>
		<Observations></Observations>
		<Origine>Don Faucher-Berhelé entré le 10/11/1978.</Origine>
		<Droits_Repro>Domaine public</Droits_Repro>
		<subject>GUERRE 1914-1918;</subject>
		<geoname>SALEUX (ville);SOMME (département);</geoname>
		<persname></persname>
		<corpname></corpname>
	</DocsFigures>
<DocsFigures>
		<Titre>Saleux. Grand&apos;Rue</Titre>
		<Analyse>Photo de groupe d&apos;écoliers dans la rue principale de Saleux (Somme).
Mai-juin 1915. 
Guerre 1914-1918.</Analyse>
		<Realise_en>1915</Realise_en>
		<Liste_des_auteurs>BERTHELÉ, Raoul</Liste_des_auteurs>
		<Type_Doc>PHOTOGRAPHIE N&amp;B</Type_Doc>
		<Support>PAPIER</Support>
		<Technique>Photographie N&amp;B</Technique>
		<Format>4 x 4,5 cm</Format>
		<Cote>49Fi1870/98</Cote>
		<Observations>Contact assez dense.</Observations>
		<Origine>Don Faucher-Berhelé entré le 10/11/1978.</Origine>
		<Droits_Repro>Domaine public</Droits_Repro>
		<subject>GUERRE 1914-1918;</subject>
		<geoname>SALEUX (ville);SOMME (département);</geoname>
		<persname></persname>
		<corpname></corpname>
	</DocsFigures>
<DocsFigures>
		<Titre>Palavas. Beatrix</Titre>
		<Analyse>Portrait de Beatrix Berthelée (la petite soeur de Raoul) se baignant à Palavas (Hérault).
Mai-juin 1915. 
Guerre 1914-1918.</Analyse>
		<Realise_en>1915</Realise_en>
		<Liste_des_auteurs>BERTHELÉ, Raoul</Liste_des_auteurs>
		<Type_Doc>PHOTOGRAPHIE N&amp;B</Type_Doc>
		<Support>PAPIER</Support>
		<Technique>Photographie N&amp;B</Technique>
		<Format>4 x 4,5 cm</Format>
		<Cote>49Fi1870/99</Cote>
		<Observations>Image peu constrastée, peu lumineuse.</Observations>
		<Origine>Don Faucher-Berhelé entré le 10/11/1978.</Origine>
		<Droits_Repro>Domaine public</Droits_Repro>
		<subject>GUERRE 1914-1918;</subject>
		<geoname>HERAULT (département);PALAVAS-LES-FLOTS (ville);</geoname>
		<persname>BERTHELE, Raoul;</persname>
		<corpname></corpname>
	</DocsFigures>
<DocsFigures>
		<Titre>Palavas. Beatrix et S. Luthard</Titre>
		<Analyse>Portrait de Beatrix Berthelé (la petite soeur de Raoul) et de Suzanne Luthard à la plage à Palavas-les-Flots (Hérault).
Mai-juin 1915. 
Guerre 1914-1918.</Analyse>
		<Realise_en>1915</Realise_en>
		<Liste_des_auteurs>BERTHELÉ, Raoul</Liste_des_auteurs>
		<Type_Doc>PHOTOGRAPHIE N&amp;B</Type_Doc>
		<Support>PAPIER</Support>
		<Technique>Photographie N&amp;B</Technique>
		<Format>4 x 4,5 cm</Format>
		<Cote>49Fi1870/100</Cote>
		<Observations>Image peu constrastée et peu lumineuse.</Observations>
		<Origine>Don Faucher-Berhelé entré le 10/11/1978.</Origine>
		<Droits_Repro>Domaine public</Droits_Repro>
		<subject>GUERRE 1914-1918;</subject>
		<geoname>HERAULT (département);PALAVAS-LES-FLOTS (ville);</geoname>
		<persname>BERTHELE, Raoul;</persname>
		<corpname></corpname>
	</DocsFigures>
<DocsFigures>
		<Titre>Palavas. Beatrix et S. Luthard</Titre>
		<Analyse>Portrait de Beatrix Berthelé (la petite soeur de Raoul) et Suzanne Luthard à la plage à Palavas-les-Flots (Hérault).
Mai-juin 1915. 
Guerre 1914-1918.</Analyse>
		<Realise_en>1915</Realise_en>
		<Liste_des_auteurs>BERTHELÉ, Raoul</Liste_des_auteurs>
		<Type_Doc>PHOTOGRAPHIE N&amp;B</Type_Doc>
		<Support>PAPIER</Support>
		<Technique>Photographie N&amp;B</Technique>
		<Format>4 x 4,5 cm</Format>
		<Cote>49Fi1870/101</Cote>
		<Observations>Image peu constrastée et peu lumineuse.</Observations>
		<Origine>Don Faucher-Berhelé entré le 10/11/1978.</Origine>
		<Droits_Repro>Domaine public</Droits_Repro>
		<subject>GUERRE 1914-1918;</subject>
		<geoname>HERAULT (département);PALAVAS-LES-FLOTS (ville);</geoname>
		<persname>BERTHELE, Raoul;</persname>
		<corpname></corpname>
	</DocsFigures>
<DocsFigures>
		<Titre>Palavas. jetée. Béatrix</Titre>
		<Analyse>Portrait de Beatrix Berthelée (la petite soeur de Raoul) assise sur une jetée à Palavas-les-Flots (Hérault).
Mai-juin 1915. 
Guerre 1914-1918.</Analyse>
		<Realise_en>1915</Realise_en>
		<Liste_des_auteurs>BERTHELÉ, Raoul</Liste_des_auteurs>
		<Type_Doc>PHOTOGRAPHIE N&amp;B</Type_Doc>
		<Support>PAPIER</Support>
		<Technique>Photographie N&amp;B</Technique>
		<Format>4 x 4,5 cm</Format>
		<Cote>49Fi1870/102</Cote>
		<Observations></Observations>
		<Origine>Don Faucher-Berhelé entré le 10/11/1978.</Origine>
		<Droits_Repro>Domaine public</Droits_Repro>
		<subject>GUERRE 1914-1918;</subject>
		<geoname>HERAULT (département);PALAVAS-LES-FLOTS (ville);</geoname>
		<persname>BERTHELE, Raoul;</persname>
		<corpname></corpname>
	</DocsFigures>
<DocsFigures>
		<Titre>Palavas. Beatrix</Titre>
		<Analyse>Portrait de Béatrix Berthelé (la petite soeur de Raoul) posant sur une jetée à Palavas-les-Flots (Hérault).
Mai-juin 1915. 
Guerre 1914-1918.</Analyse>
		<Realise_en>1915</Realise_en>
		<Liste_des_auteurs>BERTHELÉ, Raoul</Liste_des_auteurs>
		<Type_Doc>PHOTOGRAPHIE N&amp;B</Type_Doc>
		<Support>PAPIER</Support>
		<Technique>Photographie N&amp;B</Technique>
		<Format>4 x 4,5 cm</Format>
		<Cote>49Fi1870/103</Cote>
		<Observations>Image peu constrastée et peu lumineuse.</Observations>
		<Origine>Don Faucher-Berhelé entré le 10/11/1978.</Origine>
		<Droits_Repro>Domaine public</Droits_Repro>
		<subject>GUERRE 1914-1918;</subject>
		<geoname>HERAULT (département);PALAVAS-LES-FLOTS (ville);</geoname>
		<persname>BERTHELE, Raoul;</persname>
		<corpname></corpname>
	</DocsFigures>
<DocsFigures>
		<Titre>Montpellier. Léon Bouquet</Titre>
		<Analyse>Portrait d&apos;un petit garçon se prénommant Léon Bouquet réalisé à Montpellier (Hérault).
Mai-juin 1915. 
Guerre 1914-1918.</Analyse>
		<Realise_en>1915</Realise_en>
		<Liste_des_auteurs>BERTHELÉ, Raoul</Liste_des_auteurs>
		<Type_Doc>PHOTOGRAPHIE N&amp;B</Type_Doc>
		<Support>PAPIER</Support>
		<Technique>Photographie N&amp;B</Technique>
		<Format>4 x 4,5 cm</Format>
		<Cote>49Fi1870/104</Cote>
		<Observations>Image peu constrastée et peu lumineuse.</Observations>
		<Origine>Don Faucher-Berhelé entré le 10/11/1978.</Origine>
		<Droits_Repro>Domaine public</Droits_Repro>
		<subject>GUERRE 1914-1918;</subject>
		<geoname>MONTPELLIER (ville);HERAULT (département);</geoname>
		<persname></persname>
		<corpname></corpname>
	</DocsFigures>
<DocsFigures>
		<Titre>Amiens. M. et Mme Caucanas</Titre>
		<Analyse>Portrait de M. et et Mme Caucanas le jardin d&apos;une maison à Amiens (Somme).
Mai-juin 1915. 
Guerre 1914-1918.
A leurs pieds un chien, et à leur droite un enfant en costume de marin.</Analyse>
		<Realise_en>1915</Realise_en>
		<Liste_des_auteurs>BERTHELÉ, Raoul</Liste_des_auteurs>
		<Type_Doc>PHOTOGRAPHIE N&amp;B</Type_Doc>
		<Support>PAPIER</Support>
		<Technique>Photographie N&amp;B</Technique>
		<Format>4 x 4,5 cm</Format>
		<Cote>49Fi1870/105</Cote>
		<Observations>Image peu satturée.</Observations>
		<Origine>Don Faucher-Berhelé entré le 10/11/1978.</Origine>
		<Droits_Repro>Domaine public</Droits_Repro>
		<subject>ENFANT;GUERRE 1914-1918;</subject>
		<geoname>AMIENS (ville);SOMME (département);</geoname>
		<persname></persname>
		<corpname></corpname>
	</DocsFigures>
<DocsFigures>
		<Titre>St Memmie. M-L. Herzog</Titre>
		<Analyse>Portrait en pied de Mlle Herzog posant avec un cochon dans la cour d&apos;une ferme à Saint-Memmie (Marne).
Mai-juin 1915. 
Guerre 1914-1918.</Analyse>
		<Realise_en>1915</Realise_en>
		<Liste_des_auteurs>BERTHELÉ, Raoul</Liste_des_auteurs>
		<Type_Doc>PHOTOGRAPHIE N&amp;B</Type_Doc>
		<Support>PAPIER</Support>
		<Technique>Photographie N&amp;B</Technique>
		<Format>4 x 4,5 cm</Format>
		<Cote>49Fi1870/106</Cote>
		<Observations>Image peu constrastée.</Observations>
		<Origine>Don Faucher-Berhelé entré le 10/11/1978.</Origine>
		<Droits_Repro>Domaine public</Droits_Repro>
		<subject>GUERRE 1914-1918;</subject>
		<geoname>SAINT-MEMMIE (ville);MARNE (département);</geoname>
		<persname></persname>
		<corpname></corpname>
	</DocsFigures>
<DocsFigures>
		<Titre>St Memmie. M-L. Herzog</Titre>
		<Analyse>Portrait en pied de Mlle Herzog posant avec un cochon dans la cour d&apos;une ferme à Saint-Memmie (Marne).
Mai-juin 1915.
Guerre 1914-1918.</Analyse>
		<Realise_en>1915</Realise_en>
		<Liste_des_auteurs>BERTHELÉ, Raoul</Liste_des_auteurs>
		<Type_Doc>PHOTOGRAPHIE N&amp;B</Type_Doc>
		<Support>PAPIER</Support>
		<Technique>Photographie N&amp;B</Technique>
		<Format>4 x 4,5 cm</Format>
		<Cote>49Fi1870/107</Cote>
		<Observations>Image peu constrastée et peu lumineuse.</Observations>
		<Origine>Don Faucher-Berhelé entré le 10/11/1978.</Origine>
		<Droits_Repro>Domaine public</Droits_Repro>
		<subject>GUERRE 1914-1918;</subject>
		<geoname>SAINT-MEMMIE (ville);MARNE (département);</geoname>
		<persname></persname>
		<corpname></corpname>
	</DocsFigures>
<DocsFigures>
		<Titre>[M et Mme Caucanas et leurs deux enfants]</Titre>
		<Analyse>Portait en pied de M et Mme Caucanas et leurs deux enfants dans le jardin de leur maison à Amiens (Somme).
Mai-juin 1915. 
Guerre 1914-1918.</Analyse>
		<Realise_en>1915</Realise_en>
		<Liste_des_auteurs>BERTHELÉ, Raoul</Liste_des_auteurs>
		<Type_Doc>PHOTOGRAPHIE N&amp;B</Type_Doc>
		<Support>PAPIER</Support>
		<Technique>Photographie N&amp;B</Technique>
		<Format>4 x 4,5 cm</Format>
		<Cote>49Fi1870/108</Cote>
		<Observations></Observations>
		<Origine>Don Faucher-Berhelé entré le 10/11/1978.</Origine>
		<Droits_Repro>Domaine public</Droits_Repro>
		<subject>ENFANT;GUERRE 1914-1918;</subject>
		<geoname>AMIENS (ville);SOMME (département);</geoname>
		<persname></persname>
		<corpname></corpname>
	</DocsFigures>
<DocsFigures>
		<Titre>St Memmie. Mme Herzog</Titre>
		<Analyse>Portrait en pied de Mme Herzog avec un cochon dans la cour d&apos;une ferme à Saint-Memmie (Marne).
Mai-juin 1915. 
Guerre 1914-1918.</Analyse>
		<Realise_en>1915</Realise_en>
		<Liste_des_auteurs>BERTHELÉ, Raoul</Liste_des_auteurs>
		<Type_Doc>PHOTOGRAPHIE N&amp;B</Type_Doc>
		<Support>PAPIER</Support>
		<Technique>Photographie N&amp;B</Technique>
		<Format>4 x 4,5 cm</Format>
		<Cote>49Fi1870/109</Cote>
		<Observations></Observations>
		<Origine>Don Faucher-Berhelé entré le 10/11/1978.</Origine>
		<Droits_Repro>Domaine public</Droits_Repro>
		<subject>GUERRE 1914-1918;</subject>
		<geoname>SAINT-MEMMIE (ville);MARNE (département);</geoname>
		<persname></persname>
		<corpname></corpname>
	</DocsFigures>
<DocsFigures>
		<Titre>[St Memmie. famille Herzog]</Titre>
		<Analyse>Portrait de la famille Herzog dans la cour de leur ferme à Saint-Memmie (Marne).
Mai-juin 1915. 
Guerre 1914-1918.</Analyse>
		<Realise_en>1915</Realise_en>
		<Liste_des_auteurs>BERTHELÉ, Raoul</Liste_des_auteurs>
		<Type_Doc>PHOTOGRAPHIE N&amp;B</Type_Doc>
		<Support>PAPIER</Support>
		<Technique>Photographie N&amp;B</Technique>
		<Format>4 x 4,5 cm</Format>
		<Cote>49Fi1870/110</Cote>
		<Observations>Image peu constrastée et peu lumineuse.</Observations>
		<Origine>Don Faucher-Berhelé entré le 10/11/1978.</Origine>
		<Droits_Repro>Domaine public</Droits_Repro>
		<subject>GUERRE 1914-1918;</subject>
		<geoname>SAINT-MEMMIE (ville);MARNE (département);</geoname>
		<persname></persname>
		<corpname></corpname>
	</DocsFigures>
<DocsFigures>
		<Titre>St Memmie. M. Pertuzet</Titre>
		<Analyse>Portrait en buste de M. Pertuzet à Saint-Memmie (Marne).
Mai-juin 1915. 
Guerre 1914-1918.</Analyse>
		<Realise_en>1915</Realise_en>
		<Liste_des_auteurs>BERTHELÉ, Raoul</Liste_des_auteurs>
		<Type_Doc>PHOTOGRAPHIE N&amp;B</Type_Doc>
		<Support>PAPIER</Support>
		<Technique>Photographie N&amp;B</Technique>
		<Format>4 x 4,5 cm</Format>
		<Cote>49Fi1870/111</Cote>
		<Observations>Image peu constrastée et peu lumineuse.</Observations>
		<Origine>Don Faucher-Berhelé entré le 10/11/1978.</Origine>
		<Droits_Repro>Domaine public</Droits_Repro>
		<subject>GUERRE 1914-1918;</subject>
		<geoname>SAINT-MEMMIE (ville);MARNE (département);</geoname>
		<persname></persname>
		<corpname></corpname>
	</DocsFigures>
<DocsFigures>
		<Titre>[M-L. Herzog]</Titre>
		<Analyse>Portrait de Mme Herzog à Saint-Memmie (Marne).
Mai-juin 1915. 
Guerre 1914-1918.</Analyse>
		<Realise_en>1915</Realise_en>
		<Liste_des_auteurs>BERTHELÉ, Raoul</Liste_des_auteurs>
		<Type_Doc>PHOTOGRAPHIE N&amp;B</Type_Doc>
		<Support>PAPIER</Support>
		<Technique>Photographie N&amp;B</Technique>
		<Format>4 x 4,5 cm</Format>
		<Cote>49Fi1870/112</Cote>
		<Observations>Image peu constrastée et peu lumineuse.</Observations>
		<Origine>Don Faucher-Berhelé entré le 10/11/1978.</Origine>
		<Droits_Repro>Domaine public</Droits_Repro>
		<subject>GUERRE 1914-1918;</subject>
		<geoname>SAINT-MEMMIE (ville);MARNE (département);</geoname>
		<persname></persname>
		<corpname></corpname>
	</DocsFigures>
<DocsFigures>
		<Titre>St Memmie. Infirmiers en corvée</Titre>
		<Analyse>Photo de groupe d&apos;infirmiers en corvée à Saint-Memmie (Marne).
Mai-juin 1915. 
Guerre 1914-1918.</Analyse>
		<Realise_en>1915</Realise_en>
		<Liste_des_auteurs>BERTHELÉ, Raoul</Liste_des_auteurs>
		<Type_Doc>PHOTOGRAPHIE N&amp;B</Type_Doc>
		<Support>PAPIER</Support>
		<Technique>Photographie N&amp;B</Technique>
		<Format>4 x 4,5 cm</Format>
		<Cote>49Fi1870/113</Cote>
		<Observations></Observations>
		<Origine>Don Faucher-Berhelé entré le 10/11/1978.</Origine>
		<Droits_Repro>Domaine public</Droits_Repro>
		<subject>GUERRE 1914-1918;</subject>
		<geoname>SAINT-MEMMIE (ville);MARNE (département);</geoname>
		<persname></persname>
		<corpname></corpname>
	</DocsFigures>
<DocsFigures>
		<Titre>St Memmie. Mme Gallois</Titre>
		<Analyse>Portrait en buste de Mme Gallois à Saint-Memmie (Marne).
Mai-juin 1915. 
Guerre 1914-1918.</Analyse>
		<Realise_en>1915</Realise_en>
		<Liste_des_auteurs>BERTHELÉ, Raoul</Liste_des_auteurs>
		<Type_Doc>PHOTOGRAPHIE N&amp;B</Type_Doc>
		<Support>PAPIER</Support>
		<Technique>Photographie N&amp;B</Technique>
		<Format>4 x 4,5 cm</Format>
		<Cote>49Fi1870/114</Cote>
		<Observations>Image peu constrastée et peu lumineuse.</Observations>
		<Origine>Don Faucher-Berhelé entré le 10/11/1978.</Origine>
		<Droits_Repro>Domaine public</Droits_Repro>
		<subject>GUERRE 1914-1918;</subject>
		<geoname>SAINT-MEMMIE (ville);MARNE (département);</geoname>
		<persname></persname>
		<corpname></corpname>
	</DocsFigures>
<DocsFigures>
		<Titre>[M-L. Herzog]</Titre>
		<Analyse>Portrait Mme Herzog assise dans une pièce à Saint-Memmie (Marne).
Mai-juin 1915. 
Guerre 1914-1918. </Analyse>
		<Realise_en>1915</Realise_en>
		<Liste_des_auteurs>BERTHELÉ, Raoul</Liste_des_auteurs>
		<Type_Doc>PHOTOGRAPHIE N&amp;B</Type_Doc>
		<Support>PAPIER</Support>
		<Technique>Photographie N&amp;B</Technique>
		<Format>4 x 4,5 cm</Format>
		<Cote>49Fi1870/115</Cote>
		<Observations></Observations>
		<Origine>Don Faucher-Berhelé entré le 10/11/1978.</Origine>
		<Droits_Repro>Domaine public</Droits_Repro>
		<subject>GUERRE 1914-1918;</subject>
		<geoname>SAINT-MEMMIE (ville);MARNE (département);</geoname>
		<persname></persname>
		<corpname></corpname>
	</DocsFigures>
<DocsFigures>
		<Titre>Cuperly. Pavillon des officiers. M. Albarède</Titre>
		<Analyse>Portrait de M. Albarède à la fenêtre du pavillon des officiers de l&apos;hôpital de Cuperly (Marne).
Mai-juin 1915. 
Guerre 1914-1918.
Il pose dans l&apos;encadrement d&apos;une fenêtre du pavillon.</Analyse>
		<Realise_en>1915</Realise_en>
		<Liste_des_auteurs>BERTHELÉ, Raoul</Liste_des_auteurs>
		<Type_Doc>PHOTOGRAPHIE N&amp;B</Type_Doc>
		<Support>PAPIER</Support>
		<Technique>Photographie N&amp;B</Technique>
		<Format>4 x 4,5 cm</Format>
		<Cote>49Fi1870/117</Cote>
		<Observations>Image peu satturée.</Observations>
		<Origine>Don Faucher-Berhelé entré le 10/11/1978.</Origine>
		<Droits_Repro>Domaine public</Droits_Repro>
		<subject>SERVICE SANITAIRE MILITAIRE;MILITAIRE;GUERRE 1914-1918;</subject>
		<geoname>CUPERLY (village);MARNE (département);</geoname>
		<persname></persname>
		<corpname></corpname>
	</DocsFigures>
<DocsFigures>
		<Titre>MM. Caucanas et Leissias</Titre>
		<Analyse>Vue d&apos;ensemble du pavillon des officier à l&apos;hôpital de Cuperly (Marne).
Mai-juin 1915. 
Guerre 1914-1918.
MM. Caucanas et Leissias posent dans l&apos;encadrement de fenêtres du pavillon.</Analyse>
		<Realise_en>1915</Realise_en>
		<Liste_des_auteurs>BERTHELÉ, Raoul</Liste_des_auteurs>
		<Type_Doc>PHOTOGRAPHIE N&amp;B</Type_Doc>
		<Support>PAPIER</Support>
		<Technique>Photographie N&amp;B</Technique>
		<Format>4 x 4,5 cm</Format>
		<Cote>49Fi1870/118</Cote>
		<Observations>Image peu satturée.</Observations>
		<Origine>Don Faucher-Berhelé entré le 10/11/1978.</Origine>
		<Droits_Repro>Domaine public</Droits_Repro>
		<subject>SERVICE SANITAIRE MILITAIRE;MILITAIRE;GUERRE 1914-1918;</subject>
		<geoname>CUPERLY (village);MARNE (département);</geoname>
		<persname></persname>
		<corpname></corpname>
	</DocsFigures>
<DocsFigures>
		<Titre>R. Berthelé</Titre>
		<Analyse>Portrait de Raoul Berthelé à la fenêtre du pavillon des officiers à l&apos;hôpital de Cuperly (Marne).
Mai-juin 1915. 
Guerre 1914-1918.</Analyse>
		<Realise_en>1915</Realise_en>
		<Liste_des_auteurs>BERTHELÉ, Raoul</Liste_des_auteurs>
		<Type_Doc>PHOTOGRAPHIE N&amp;B</Type_Doc>
		<Support>PAPIER</Support>
		<Technique>Photographie N&amp;B</Technique>
		<Format>4 x 4,5 cm</Format>
		<Cote>49Fi1870/119</Cote>
		<Observations>Image peu satturée.</Observations>
		<Origine>Don Faucher-Berhelé entré le 10/11/1978.</Origine>
		<Droits_Repro>Domaine public</Droits_Repro>
		<subject>SERVICE SANITAIRE MILITAIRE;MILITAIRE;GUERRE 1914-1918;</subject>
		<geoname>CUPERLY (village);MARNE (département);</geoname>
		<persname>BERTHELE, Raoul;</persname>
		<corpname></corpname>
	</DocsFigures>
<DocsFigures>
		<Titre>Cuperly. Construction de la cuisine des officiers</Titre>
		<Analyse>Vue de 4 soldats en train de construire la cuisine des officiers à l&apos;hôpital de Cuperly (Marne).
Mai-juin 1915. 
Guerre 1914-1918.</Analyse>
		<Realise_en>1915</Realise_en>
		<Liste_des_auteurs>BERTHELÉ, Raoul</Liste_des_auteurs>
		<Type_Doc>PHOTOGRAPHIE N&amp;B</Type_Doc>
		<Support>PAPIER</Support>
		<Technique>Photographie N&amp;B</Technique>
		<Format>4 x 4,5 cm</Format>
		<Cote>49Fi1870/120</Cote>
		<Observations></Observations>
		<Origine>Don Faucher-Berhelé entré le 10/11/1978.</Origine>
		<Droits_Repro>Domaine public</Droits_Repro>
		<subject>SERVICE SANITAIRE MILITAIRE;MILITAIRE;CONSTRUCTION;CHANTIER;GUERRE 1914-1918;</subject>
		<geoname>CUPERLY (village);MARNE (département);</geoname>
		<persname></persname>
		<corpname></corpname>
	</DocsFigures>
<DocsFigures>
		<Titre>Saleux. M. Caucanas</Titre>
		<Analyse>Portrait à cheval de M. Caucanas dans une rue de Saleux (Somme).
Mai-juin 1915. 
Guerre 1914-1918.
Au second plan, un chien.</Analyse>
		<Realise_en>1915</Realise_en>
		<Liste_des_auteurs>BERTHELÉ, Raoul</Liste_des_auteurs>
		<Type_Doc>PHOTOGRAPHIE N&amp;B</Type_Doc>
		<Support>PAPIER</Support>
		<Technique>Photographie N&amp;B</Technique>
		<Format>4 x 4,5 cm</Format>
		<Cote>49Fi1870/121</Cote>
		<Observations></Observations>
		<Origine>Don Faucher-Berhelé entré le 10/11/1978.</Origine>
		<Droits_Repro>Domaine public</Droits_Repro>
		<subject>GUERRE 1914-1918;</subject>
		<geoname>SALEUX (ville);SOMME (département);</geoname>
		<persname></persname>
		<corpname></corpname>
	</DocsFigures>
<DocsFigures>
		<Titre>Cuperly. Prisonniers allemands</Titre>
		<Analyse>Portrait en pied de 2 prisonniers allemands en corvée à Cuperly (Marne).
Mai-juin 1915. 
Guerre 1914-1918.</Analyse>
		<Realise_en>1915</Realise_en>
		<Liste_des_auteurs>BERTHELÉ, Raoul</Liste_des_auteurs>
		<Type_Doc>PHOTOGRAPHIE N&amp;B</Type_Doc>
		<Support>PAPIER</Support>
		<Technique>Photographie N&amp;B</Technique>
		<Format>4 x 4,5 cm</Format>
		<Cote>49Fi1870/123</Cote>
		<Observations>Image peu constrastée et peu lumineuse.</Observations>
		<Origine>Don Faucher-Berhelé entré le 10/11/1978.</Origine>
		<Droits_Repro>Domaine public</Droits_Repro>
		<subject>MILITAIRE;PRISONNIER DE GUERRE;GUERRE 1914-1918;</subject>
		<geoname>CUPERLY (village);MARNE (département);</geoname>
		<persname></persname>
		<corpname></corpname>
	</DocsFigures>
<DocsFigures>
		<Titre>Cuperly. Prisonniers allemands</Titre>
		<Analyse>Vue d&apos;ensemble de prisonniers allemands en corvée à l&apos;hôpital de Cuperly (Marne).
Mai-juin 1915. 
Guerre 1914-1918.</Analyse>
		<Realise_en>1915</Realise_en>
		<Liste_des_auteurs>BERTHELÉ, Raoul</Liste_des_auteurs>
		<Type_Doc>PHOTOGRAPHIE N&amp;B</Type_Doc>
		<Support>PAPIER</Support>
		<Technique>Photographie N&amp;B</Technique>
		<Format>4 x 4,5 cm</Format>
		<Cote>49Fi1870/124</Cote>
		<Observations>Image peu constrastée et peu lumineuse.</Observations>
		<Origine>Don Faucher-Berhelé entré le 10/11/1978.</Origine>
		<Droits_Repro>Domaine public</Droits_Repro>
		<subject>SERVICE SANITAIRE MILITAIRE;PRISONNIER DE GUERRE;TRAVAIL CONTRAINT;MILITAIRE;GUERRE 1914-1918;</subject>
		<geoname>CUPERLY (village);MARNE (département);</geoname>
		<persname></persname>
		<corpname></corpname>
	</DocsFigures>
<DocsFigures>
		<Titre>Le général Joffre passe en revue les troupes d&apos;Alsace. 22 avril 1915</Titre>
		<Analyse>Vue d&apos;ensemble du général Joffre saluant les troupes d&apos;Alsace.
22 avril 1915. 
Guerre 1914-1918.
Les gradés et le général sont vus de dos, en contrebas on aperçoit la troupe.</Analyse>
		<Realise_en>1915</Realise_en>
		<Liste_des_auteurs>GEVAUDAN, L. [ Auteur ]</Liste_des_auteurs>
		<Type_Doc>PHOTOGRAPHIE N&amp;B</Type_Doc>
		<Support>PAPIER</Support>
		<Technique>Photographie N&amp;B</Technique>
		<Format>6,7 x 11,2</Format>
		<Cote>49Fi1871/1</Cote>
		<Observations>L&apos;image manque de densité.</Observations>
		<Origine>Don Faucher-Berhelé entré le 10/11/1978.</Origine>
		<Droits_Repro>Domaine public</Droits_Repro>
		<subject>GUERRE 1914-1918;</subject>
		<geoname>ALSACE (région administrative);</geoname>
		<persname></persname>
		<corpname></corpname>
	</DocsFigures>
<DocsFigures>
		<Titre>Visite de M.  Millerand à Dannemarie</Titre>
		<Analyse>Visite d&apos;Alexandre Millerand, ministre de la Guerre, à Dannemarie (Haut-Rhin).
1915.
Guerre 1914-1918.
M. Millerand (au centre vers gauche) salue les soldats. La foule l&apos;entoure dont deux petites filles en costume alsacien.</Analyse>
		<Realise_en>1915</Realise_en>
		<Liste_des_auteurs>GEVAUDAN, L. [ Auteur ]</Liste_des_auteurs>
		<Type_Doc>PHOTOGRAPHIE N&amp;B</Type_Doc>
		<Support>PAPIER</Support>
		<Technique>Photographie N&amp;B</Technique>
		<Format>6,3 x 10,9</Format>
		<Cote>49Fi1871/2</Cote>
		<Observations>Alexandre Millerand a été ministre de la guerre de 1912 à 1913, puis de 1914 à 1915.
L&apos;image manque de densité</Observations>
		<Origine>Don Faucher-Berhelé entré le 10/11/1978.</Origine>
		<Droits_Repro>Domaine public</Droits_Repro>
		<subject>MILITAIRE;GUERRE 1914-1918;</subject>
		<geoname>DANNEMARIE (village);HAUT-RHIN (département);</geoname>
		<persname></persname>
		<corpname></corpname>
	</DocsFigures>
<DocsFigures>
		<Titre>Poste de réception-télégraphique sans fil</Titre>
		<Analyse>Deux officiers réceptionnistes posent devant le poste de réception-télégraphique sans fil.
1915.
Guerre 1914-1918.</Analyse>
		<Realise_en>1915</Realise_en>
		<Liste_des_auteurs>GEVAUDAN, L. [ Auteur ]</Liste_des_auteurs>
		<Type_Doc>PHOTOGRAPHIE N&amp;B</Type_Doc>
		<Support>PAPIER</Support>
		<Technique>Photographie N&amp;B</Technique>
		<Format>4 x 4,5 cm</Format>
		<Cote>49Fi1871/3</Cote>
		<Observations></Observations>
		<Origine>Don Faucher-Berhelé entré le 10/11/1978.</Origine>
		<Droits_Repro>Domaine public</Droits_Repro>
		<subject>GUERRE 1914-1918;</subject>
		<geoname>ALSACE (région administrative);</geoname>
		<persname></persname>
		<corpname></corpname>
	</DocsFigures>
<DocsFigures>
		<Titre>155 long (Alsace)</Titre>
		<Analyse>Photo d&apos;un canon de 155 long en Alsace.
1915.
Guerre 1914-1918.</Analyse>
		<Realise_en>1915</Realise_en>
		<Liste_des_auteurs>GEVAUDAN, L. [ Auteur ]</Liste_des_auteurs>
		<Type_Doc>PHOTOGRAPHIE N&amp;B</Type_Doc>
		<Support>PAPIER</Support>
		<Technique>Photographie N&amp;B</Technique>
		<Format>4 x 4,5 cm</Format>
		<Cote>49Fi1871/4</Cote>
		<Observations></Observations>
		<Origine>Don Faucher-Berhelé entré le 10/11/1978.</Origine>
		<Droits_Repro>Domaine public</Droits_Repro>
		<subject>GUERRE 1914-1918;</subject>
		<geoname></geoname>
		<persname></persname>
		<corpname></corpname>
	</DocsFigures>
<DocsFigures>
		<Titre>155 long a A ... (Alsace)</Titre>
		<Analyse>&quot;Sur la pièce le Général gouverneur de Belfort&quot;.
Photo d&apos;un groupe d&apos;officiers et du Général gouverneur de Berlfort autour d&apos;un canon de 150 long en Alsace.
1915. 
Guerre 1914-1918. </Analyse>
		<Realise_en>1915</Realise_en>
		<Liste_des_auteurs>GEVAUDAN, L. [ Auteur ]</Liste_des_auteurs>
		<Type_Doc>PHOTOGRAPHIE N&amp;B</Type_Doc>
		<Support>PAPIER</Support>
		<Technique>Photographie N&amp;B</Technique>
		<Format>4 x 4,5 cm</Format>
		<Cote>49Fi1871/5</Cote>
		<Observations></Observations>
		<Origine>Don Faucher-Berhelé entré le 10/11/1978.</Origine>
		<Droits_Repro>Domaine public</Droits_Repro>
		<subject>GUERRE 1914-1918;</subject>
		<geoname>ALSACE (région administrative);</geoname>
		<persname></persname>
		<corpname></corpname>
	</DocsFigures>
<DocsFigures>
		<Titre>[Enterrement de Monseigneur Dizien évêque d&apos;Amiens]</Titre>
		<Analyse>Procession lors de l&apos;enterrement de Monseigneur Dizien évêque d&apos;Amiens (Somme) devant la cathédrale d&apos;Amiens (Somme).     
20 mai 1915. 
Guerre 1914-1918.</Analyse>
		<Realise_en>1915</Realise_en>
		<Liste_des_auteurs>BERTHELÉ, Raoul</Liste_des_auteurs>
		<Type_Doc>PHOTOGRAPHIE N&amp;B</Type_Doc>
		<Support>PAPIER</Support>
		<Technique>Photographie N&amp;B</Technique>
		<Format>6 x 8,5</Format>
		<Cote>49Fi1871/6</Cote>
		<Observations></Observations>
		<Origine>Don Faucher-Berhelé entré le 10/11/1978.</Origine>
		<Droits_Repro>Domaine public</Droits_Repro>
		<subject>GUERRE 1914-1918;</subject>
		<geoname>AMIENS (ville);SOMME (département);</geoname>
		<persname></persname>
		<corpname></corpname>
	</DocsFigures>
<DocsFigures>
		<Titre>Enterrement de Monseigneur Dizien évêque d&apos;Amiens</Titre>
		<Analyse>Procession lors de l&apos;enterrement de Monseigneur Dizien, évêque d&apos;Amiens (Somme), devant la cathédrale d&apos;Amiens (Somme).     
20 mai 1915. 
Guerre 1914-1918.</Analyse>
		<Realise_en>1915</Realise_en>
		<Liste_des_auteurs>BERTHELÉ, Raoul</Liste_des_auteurs>
		<Type_Doc>PHOTOGRAPHIE N&amp;B</Type_Doc>
		<Support>PAPIER</Support>
		<Technique>Photographie N&amp;B</Technique>
		<Format>6 x 8,5</Format>
		<Cote>49Fi1871/7</Cote>
		<Observations></Observations>
		<Origine>Don Faucher-Berhelé entré le 10/11/1978.</Origine>
		<Droits_Repro>Domaine public</Droits_Repro>
		<subject>GUERRE 1914-1918;</subject>
		<geoname>AMIENS (ville);SOMME (département);</geoname>
		<persname></persname>
		<corpname></corpname>
	</DocsFigures>
<DocsFigures>
		<Titre>Cathédrale d&apos;Amiens</Titre>
		<Analyse>Vue d&apos;ensemble du portail de la cathédrale d&apos;Amiens (Somme).
1915. 
Guerre 1914-1918.</Analyse>
		<Realise_en>1915</Realise_en>
		<Liste_des_auteurs>BERTHELÉ, Raoul</Liste_des_auteurs>
		<Type_Doc>PHOTOGRAPHIE N&amp;B</Type_Doc>
		<Support>PAPIER</Support>
		<Technique>Photographie N&amp;B</Technique>
		<Format>6 x 8,5</Format>
		<Cote>49Fi1871/8</Cote>
		<Observations></Observations>
		<Origine>Don Faucher-Berhelé entré le 10/11/1978.</Origine>
		<Droits_Repro>Domaine public</Droits_Repro>
		<subject>GUERRE 1914-1918;</subject>
		<geoname>AMIENS (ville);SOMME (département);</geoname>
		<persname></persname>
		<corpname></corpname>
	</DocsFigures>
<DocsFigures>
		<Titre>Cathédrale d&apos;Amiens protégée contre les bombardements</Titre>
		<Analyse>Portail de la cathédrale d&apos;Amiens (Somme) protégé contre les bombardements par un mur de sacs de sable.
1915. 
Guerre 1914-1918.</Analyse>
		<Realise_en>1915</Realise_en>
		<Liste_des_auteurs>BERTHELÉ, Raoul</Liste_des_auteurs>
		<Type_Doc>PHOTOGRAPHIE N&amp;B</Type_Doc>
		<Support>PAPIER</Support>
		<Technique>Photographie N&amp;B</Technique>
		<Format>6 x 8,5</Format>
		<Cote>49Fi1871/9</Cote>
		<Observations></Observations>
		<Origine>Don Faucher-Berhelé entré le 10/11/1978.</Origine>
		<Droits_Repro>Domaine public</Droits_Repro>
		<subject>GUERRE 1914-1918;</subject>
		<geoname>AMIENS (ville);SOMME (département);</geoname>
		<persname></persname>
		<corpname></corpname>
	</DocsFigures>
<DocsFigures>
		<Titre>[Trains blindés sur une voie ferrée]</Titre>
		<Analyse>Vue générale de  trains blindés équipés de pièces d&apos;artillerie. 
1915. 
Guerre 1914-1918.</Analyse>
		<Realise_en>1915</Realise_en>
		<Liste_des_auteurs>BERTHELÉ, Raoul</Liste_des_auteurs>
		<Type_Doc>PHOTOGRAPHIE N&amp;B</Type_Doc>
		<Support>PAPIER</Support>
		<Technique>Photographie N&amp;B</Technique>
		<Format>6 x 8,5</Format>
		<Cote>49Fi1871/10</Cote>
		<Observations></Observations>
		<Origine>Don Faucher-Berhelé entré le 10/11/1978.</Origine>
		<Droits_Repro>Domaine public</Droits_Repro>
		<subject>GUERRE 1914-1918;</subject>
		<geoname></geoname>
		<persname></persname>
		<corpname></corpname>
	</DocsFigures>
<DocsFigures>
		<Titre>Trains blindés</Titre>
		<Analyse>Vue de trains blindés dans une zone indéterminée.
1915. 
Guerre 1914-1918.</Analyse>
		<Realise_en>1915</Realise_en>
		<Liste_des_auteurs>BERTHELÉ, Raoul</Liste_des_auteurs>
		<Type_Doc>PHOTOGRAPHIE N&amp;B</Type_Doc>
		<Support>PAPIER</Support>
		<Technique>Photographie N&amp;B</Technique>
		<Format>6 x 8,5</Format>
		<Cote>49Fi1871/11</Cote>
		<Observations></Observations>
		<Origine>Don Faucher-Berhelé entré le 10/11/1978.</Origine>
		<Droits_Repro>Domaine public</Droits_Repro>
		<subject>GUERRE 1914-1918;</subject>
		<geoname></geoname>
		<persname></persname>
		<corpname></corpname>
	</DocsFigures>
<DocsFigures>
		<Titre>[Cathédrale d&apos;Albert]</Titre>
		<Analyse>Vue générale de la cathédrale d&apos;Albert (Somme) qui a été sévèrement touché par un bombardement.
1915. 
Guerre 1914-1918.</Analyse>
		<Realise_en>1915</Realise_en>
		<Liste_des_auteurs>BERTHELÉ, Raoul</Liste_des_auteurs>
		<Type_Doc>PHOTOGRAPHIE N&amp;B</Type_Doc>
		<Support>PAPIER</Support>
		<Technique>Photographie N&amp;B</Technique>
		<Format>8,5 x 6</Format>
		<Cote>49Fi1871/12</Cote>
		<Observations>Tirage dense.</Observations>
		<Origine>Don Faucher-Berhelé entré le 10/11/1978.</Origine>
		<Droits_Repro>Domaine public</Droits_Repro>
		<subject>GUERRE 1914-1918;</subject>
		<geoname>SOMME (département);</geoname>
		<persname></persname>
		<corpname></corpname>
	</DocsFigures>
<DocsFigures>
		<Titre>[Entrée de la cathédrale en ruine d&apos;Albert]</Titre>
		<Analyse>Vue de l&apos;entrée détruite par un bombardement de la cathédrale d&apos;Albert (Somme).
1915. 
Guerre 1914-1918.</Analyse>
		<Realise_en>1915</Realise_en>
		<Liste_des_auteurs>BERTHELÉ, Raoul</Liste_des_auteurs>
		<Type_Doc>PHOTOGRAPHIE N&amp;B</Type_Doc>
		<Support>PAPIER</Support>
		<Technique>Photographie N&amp;B</Technique>
		<Format>4 x 4,5 cm</Format>
		<Cote>49Fi1871/13</Cote>
		<Observations>Tirage dense.</Observations>
		<Origine>Don Faucher-Berhelé entré le 10/11/1978.</Origine>
		<Droits_Repro>Domaine public</Droits_Repro>
		<subject>EDIFICE CULTUEL;SINISTRE;BIEN SINISTRE;GUERRE 1914-1918;</subject>
		<geoname>SOMME (département);ALBERT (ville);</geoname>
		<persname></persname>
		<corpname></corpname>
	</DocsFigures>
<DocsFigures>
		<Titre>Bombardement d&apos;Albert</Titre>
		<Analyse>Vue d&apos;ensemble d&apos;un bombardement sur la ville d&apos;Albert (Somme).
1915.
Guerre 1914-1918.
On peut voir de la fumée provenant des zones bombardées.</Analyse>
		<Realise_en>1915</Realise_en>
		<Liste_des_auteurs>BERTHELÉ, Raoul</Liste_des_auteurs>
		<Type_Doc>PHOTOGRAPHIE N&amp;B</Type_Doc>
		<Support>PAPIER</Support>
		<Technique>Photographie N&amp;B</Technique>
		<Format>6 x 8,4</Format>
		<Cote>49Fi1871/14</Cote>
		<Observations>Tirage dense.</Observations>
		<Origine>Don Faucher-Berhelé entré le 10/11/1978.</Origine>
		<Droits_Repro>Domaine public</Droits_Repro>
		<subject>COMMUNE;GUERRE 1914-1918;</subject>
		<geoname>SOMME (département);ALBERT (ville);</geoname>
		<persname></persname>
		<corpname></corpname>
	</DocsFigures>
<DocsFigures>
		<Titre>[Bombardement d&apos;Albert]</Titre>
		<Analyse>Vue d&apos;ensemble d&apos;un bombardement sur la ville d&apos;Albert (Somme).
1915. 
Guerre 1914-1918.
On peut voir de la fumée provenant des zones bomdardées.</Analyse>
		<Realise_en>1915</Realise_en>
		<Liste_des_auteurs>BERTHELÉ, Raoul</Liste_des_auteurs>
		<Type_Doc>PHOTOGRAPHIE N&amp;B</Type_Doc>
		<Support>PAPIER</Support>
		<Technique>Photographie N&amp;B</Technique>
		<Format>8 x 11,6</Format>
		<Cote>49Fi1871/15</Cote>
		<Observations>Recadrage sur la cathédrale de la 49Fi1871/14.</Observations>
		<Origine>Don Faucher-Berhelé entré le 10/11/1978.</Origine>
		<Droits_Repro>Domaine public</Droits_Repro>
		<subject>GUERRE 1914-1918;</subject>
		<geoname>SOMME (département);ALBERT (ville);</geoname>
		<persname></persname>
		<corpname></corpname>
	</DocsFigures>
<DocsFigures>
		<Titre>Biplan Voisin. champ d&apos;aviation d&apos;Amiens</Titre>
		<Analyse>Vue d&apos;ensemble d&apos;un biplan Voisin stationné dans un hangar sur un champ d&apos;aviation près d&apos;Amiens (Somme).
1915. 
Guerre 1914-1918.</Analyse>
		<Realise_en>1915</Realise_en>
		<Liste_des_auteurs>BERTHELÉ, Raoul</Liste_des_auteurs>
		<Type_Doc>PHOTOGRAPHIE N&amp;B</Type_Doc>
		<Support>PAPIER</Support>
		<Technique>Photographie N&amp;B</Technique>
		<Format>6 x 8,5</Format>
		<Cote>49Fi1871/16</Cote>
		<Observations></Observations>
		<Origine>Don Faucher-Berhelé entré le 10/11/1978.</Origine>
		<Droits_Repro>Domaine public</Droits_Repro>
		<subject>GUERRE 1914-1918;</subject>
		<geoname>SOMME (département);AMIENS (ville);</geoname>
		<persname></persname>
		<corpname></corpname>
	</DocsFigures>
<DocsFigures>
		<Titre>Plein d&apos;essence à bord d&apos;un M. Farman. champ d&apos;aviation d&apos;Amiens</Titre>
		<Analyse>Vue d&apos;un mécanicien faisant le plein d&apos;essence à bord d&apos;un avion M. Farman dans un champ d&apos;aviation d&apos;Amiens (Somme).
1915.
Guerre 1914-1918.</Analyse>
		<Realise_en>1915</Realise_en>
		<Liste_des_auteurs>BERTHELÉ, Raoul</Liste_des_auteurs>
		<Type_Doc>PHOTOGRAPHIE N&amp;B</Type_Doc>
		<Support>PAPIER</Support>
		<Technique>Photographie N&amp;B</Technique>
		<Format>6 x 8,5</Format>
		<Cote>49Fi1871/17</Cote>
		<Observations></Observations>
		<Origine>Don Faucher-Berhelé entré le 10/11/1978.</Origine>
		<Droits_Repro>Domaine public</Droits_Repro>
		<subject>GUERRE 1914-1918;</subject>
		<geoname>SOMME (département);AMIENS (ville);</geoname>
		<persname></persname>
		<corpname></corpname>
	</DocsFigures>
<DocsFigures>
		<Titre>Amiens champ d&apos;aviation. départ d&apos;un biplan Caudron. pilote adjudant Bauer</Titre>
		<Analyse>&quot;16/06/15, 17h45&quot;
Départ du pilote Bauer aux commandes d&apos;un biplan Caudron sur un champ d&apos;avition à Amiens (Somme).
16 juin 1915 à 17h45. 
Guerre 1914-1918.</Analyse>
		<Realise_en>1915</Realise_en>
		<Liste_des_auteurs>BERTHELÉ, Raoul</Liste_des_auteurs>
		<Type_Doc>PHOTOGRAPHIE N&amp;B</Type_Doc>
		<Support>PAPIER</Support>
		<Technique>Photographie N&amp;B</Technique>
		<Format>6 x 8,5</Format>
		<Cote>49Fi1871/18</Cote>
		<Observations>Tirage dense.</Observations>
		<Origine>Don Faucher-Berhelé entré le 10/11/1978.</Origine>
		<Droits_Repro>Domaine public</Droits_Repro>
		<subject>GUERRE 1914-1918;</subject>
		<geoname>SOMME (département);AMIENS (ville);</geoname>
		<persname></persname>
		<corpname></corpname>
	</DocsFigures>
<DocsFigures>
		<Titre>Biplan Caudron. R. B.</Titre>
		<Analyse>Vue d&apos;ensemble d&apos;un biplan Caudron dans un champ d&apos;aviation à Amiens (Somme).
1915. 
Guerre 1914-1918.</Analyse>
		<Realise_en>1915</Realise_en>
		<Liste_des_auteurs>BERTHELÉ, Raoul</Liste_des_auteurs>
		<Type_Doc>PHOTOGRAPHIE N&amp;B</Type_Doc>
		<Support>PAPIER</Support>
		<Technique>Photographie N&amp;B</Technique>
		<Format>6 x 8,5</Format>
		<Cote>49Fi1871/19</Cote>
		<Observations></Observations>
		<Origine>Don Faucher-Berhelé entré le 10/11/1978.</Origine>
		<Droits_Repro>Domaine public</Droits_Repro>
		<subject>GUERRE 1914-1918;</subject>
		<geoname>SOMME (département);AMIENS (ville);</geoname>
		<persname></persname>
		<corpname></corpname>
	</DocsFigures>
<DocsFigures>
		<Titre>Amiens citadelle. Prisonniers allemands</Titre>
		<Analyse>Prisonniers allemands à la citadelle d&apos;Amiens (Somme), encadrés par un soldat français armé d&apos;une baïonnette.
1915. 
Guerre 1914-1918.</Analyse>
		<Realise_en>1915</Realise_en>
		<Liste_des_auteurs>BERTHELÉ, Raoul</Liste_des_auteurs>
		<Type_Doc>PHOTOGRAPHIE N&amp;B</Type_Doc>
		<Support>PAPIER</Support>
		<Technique>Photographie N&amp;B</Technique>
		<Format>6 x 8,5</Format>
		<Cote>49Fi1871/20</Cote>
		<Observations></Observations>
		<Origine>Don Faucher-Berhelé entré le 10/11/1978.</Origine>
		<Droits_Repro>Domaine public</Droits_Repro>
		<subject>MILITAIRE;PRISONNIER DE GUERRE;GUERRE 1914-1918;</subject>
		<geoname>AMIENS (ville);SOMME (département);</geoname>
		<persname></persname>
		<corpname></corpname>
	</DocsFigures>
<DocsFigures>
		<Titre>Amiens citadelle. Prisonniers allemands</Titre>
		<Analyse>Vue de prisonniers allemands dans la cour de la citadelle d&apos;Amiens (Somme).
1915. 
Guerre 1914-1918.</Analyse>
		<Realise_en>1915</Realise_en>
		<Liste_des_auteurs>BERTHELÉ, Raoul</Liste_des_auteurs>
		<Type_Doc>PHOTOGRAPHIE N&amp;B</Type_Doc>
		<Support>PAPIER</Support>
		<Technique>Photographie N&amp;B</Technique>
		<Format>6 x 8,5</Format>
		<Cote>49Fi1871/21</Cote>
		<Observations></Observations>
		<Origine>Don Faucher-Berhelé entré le 10/11/1978.</Origine>
		<Droits_Repro>Domaine public</Droits_Repro>
		<subject>MILITAIRE;PRISONNIER DE GUERRE;GUERRE 1914-1918;</subject>
		<geoname>AMIENS (ville);SOMME (département);</geoname>
		<persname></persname>
		<corpname></corpname>
	</DocsFigures>
<DocsFigures>
		<Titre>Amiens citadelle. Prisonnier allemand</Titre>
		<Analyse>Un prisonnier allemand et des militaires français dans la cour de la citadelle d&apos;Amiens (Somme).
1915. 
Guerre 1914-1918.</Analyse>
		<Realise_en>1915</Realise_en>
		<Liste_des_auteurs>BERTHELÉ, Raoul</Liste_des_auteurs>
		<Type_Doc>PHOTOGRAPHIE N&amp;B</Type_Doc>
		<Support>PAPIER</Support>
		<Technique>Photographie N&amp;B</Technique>
		<Format>6 x 8,5</Format>
		<Cote>49Fi1871/22</Cote>
		<Observations></Observations>
		<Origine>Don Faucher-Berhelé entré le 10/11/1978.</Origine>
		<Droits_Repro>Domaine public</Droits_Repro>
		<subject>MILITAIRE;PRISONNIER DE GUERRE;GUERRE 1914-1918;</subject>
		<geoname>AMIENS (ville);SOMME (département);</geoname>
		<persname></persname>
		<corpname></corpname>
	</DocsFigures>
<DocsFigures>
		<Titre>Amiens citadelle. Prisonnier allemand</Titre>
		<Analyse>Un prisonnier allemand et un soldat français au garde-à-vous dans la cour de la citadelle d&apos;Amiens (Somme).
1915. 
Guerre 1914-1918.</Analyse>
		<Realise_en>1915</Realise_en>
		<Liste_des_auteurs>BERTHELÉ, Raoul</Liste_des_auteurs>
		<Type_Doc>PHOTOGRAPHIE N&amp;B</Type_Doc>
		<Support>PAPIER</Support>
		<Technique>Photographie N&amp;B</Technique>
		<Format> 8,5 x 6</Format>
		<Cote>49Fi1871/23</Cote>
		<Observations></Observations>
		<Origine>Don Faucher-Berhelé entré le 10/11/1978.</Origine>
		<Droits_Repro>Domaine public</Droits_Repro>
		<subject>MILITAIRE;PRISONNIER DE GUERRE;GUERRE 1914-1918;</subject>
		<geoname>AMIENS (ville);SOMME (département);</geoname>
		<persname></persname>
		<corpname></corpname>
	</DocsFigures>
<DocsFigures>
		<Titre>Gare d&apos;Amiens. arrivée des blessés à l&apos;hôpital d&apos;évacuation n°32</Titre>
		<Analyse>Arrivée des blessés en garde d&apos;Amiens (Somme), avant qu&apos;ils soient dirigés vers l&apos;hôpital d&apos;évacuation n° 32.
1915. 
Guerre 1914-1918.
Un homme sur un brancard attend sur le côté (à gauche).</Analyse>
		<Realise_en>1915</Realise_en>
		<Liste_des_auteurs>BERTHELÉ, Raoul</Liste_des_auteurs>
		<Type_Doc>PHOTOGRAPHIE N&amp;B</Type_Doc>
		<Support>PAPIER</Support>
		<Technique>Photographie N&amp;B</Technique>
		<Format>6 x 8,5</Format>
		<Cote>49Fi1871/24</Cote>
		<Observations>Tirage dense.</Observations>
		<Origine>Don Faucher-Berhelé entré le 10/11/1978.</Origine>
		<Droits_Repro>Domaine public</Droits_Repro>
		<subject>MILITAIRE;SERVICE SANITAIRE MILITAIRE;VICTIME DE GUERRE;VEHICULE AUTOMOBILE;TRANSPORT SANITAIRE;GUERRE 1914-1918;</subject>
		<geoname>AMIENS (ville);SOMME (département);</geoname>
		<persname></persname>
		<corpname></corpname>
	</DocsFigures>
<DocsFigures>
		<Titre>Amiens. Enterrement militaire. Place Gambetta</Titre>
		<Analyse>Cortège funèbre d&apos;un enterrement militaire à Amiens (Somme), place Gambetta. 
1915. 
Guerre 1914-1918.</Analyse>
		<Realise_en>1915</Realise_en>
		<Liste_des_auteurs>BERTHELÉ, Raoul</Liste_des_auteurs>
		<Type_Doc>PHOTOGRAPHIE N&amp;B</Type_Doc>
		<Support>PAPIER</Support>
		<Technique>Photographie N&amp;B</Technique>
		<Format>6 x 8,5</Format>
		<Cote>49Fi1871/25</Cote>
		<Observations></Observations>
		<Origine>Don Faucher-Berhelé entré le 10/11/1978.</Origine>
		<Droits_Repro>Domaine public</Droits_Repro>
		<subject>GUERRE 1914-1918;</subject>
		<geoname>AMIENS (ville);SOMME (département);</geoname>
		<persname></persname>
		<corpname></corpname>
	</DocsFigures>
<DocsFigures>
		<Titre>Pont de Metz. Le Pont (reconstruit)</Titre>
		<Analyse>Vue d&apos;ensemble du pont reconstruit dans la commune de Pont-de-Metz (Somme).
1915. 
Guerre 1914-1918.</Analyse>
		<Realise_en>1915</Realise_en>
		<Liste_des_auteurs>BERTHELÉ, Raoul</Liste_des_auteurs>
		<Type_Doc>PHOTOGRAPHIE N&amp;B</Type_Doc>
		<Support>PAPIER</Support>
		<Technique>Photographie N&amp;B</Technique>
		<Format>6 x 8,5</Format>
		<Cote>49Fi1871/26</Cote>
		<Observations></Observations>
		<Origine>Don Faucher-Berhelé entré le 10/11/1978.</Origine>
		<Droits_Repro>Domaine public</Droits_Repro>
		<subject>GUERRE 1914-1918;</subject>
		<geoname>SOMME (département);PONT-DE-METZ (village);</geoname>
		<persname></persname>
		<corpname></corpname>
	</DocsFigures>
<DocsFigures>
		<Titre>Amiens. Rue Amiral Courbet. Dégâts causés par une bombe</Titre>
		<Analyse>Vue des dégâts causés par une bombe sur une façade d&apos;un immeuble de la rue Amiral Courbet à Amiens (Somme).
1915. 
Guerre 1914-1918.</Analyse>
		<Realise_en>1915</Realise_en>
		<Liste_des_auteurs>BERTHELÉ, Raoul</Liste_des_auteurs>
		<Type_Doc>PHOTOGRAPHIE N&amp;B</Type_Doc>
		<Support>PAPIER</Support>
		<Technique>Photographie N&amp;B</Technique>
		<Format>6 x 8,5</Format>
		<Cote>49Fi1871/27</Cote>
		<Observations></Observations>
		<Origine>Don Faucher-Berhelé entré le 10/11/1978.</Origine>
		<Droits_Repro>Domaine public</Droits_Repro>
		<subject>GUERRE 1914-1918;</subject>
		<geoname>AMIENS (ville);SOMME (département);</geoname>
		<persname></persname>
		<corpname></corpname>
	</DocsFigures>
<DocsFigures>
		<Titre>Amiens. le Beffroi</Titre>
		<Analyse>Vue d&apos;ensemble du beffroi d&apos;Amiens (Somme).
1915. 
Guerre 1914-1918.</Analyse>
		<Realise_en>1915</Realise_en>
		<Liste_des_auteurs>BERTHELÉ, Raoul</Liste_des_auteurs>
		<Type_Doc>PHOTOGRAPHIE N&amp;B</Type_Doc>
		<Support>PAPIER</Support>
		<Technique>Photographie N&amp;B</Technique>
		<Format>8,5 x 6</Format>
		<Cote>49Fi1871/28</Cote>
		<Observations></Observations>
		<Origine>Don Faucher-Berhelé entré le 10/11/1978.</Origine>
		<Droits_Repro>Domaine public</Droits_Repro>
		<subject>GUERRE 1914-1918;</subject>
		<geoname>AMIENS (ville);SOMME (département);</geoname>
		<persname></persname>
		<corpname></corpname>
	</DocsFigures>
<DocsFigures>
		<Titre>Amiens. Rue</Titre>
		<Analyse>Vue d&apos;ensemble d&apos;une rue à Amiens (Somme).
1915. 
Guerre 1914-1918.</Analyse>
		<Realise_en>1915</Realise_en>
		<Liste_des_auteurs>BERTHELÉ, Raoul</Liste_des_auteurs>
		<Type_Doc>PHOTOGRAPHIE N&amp;B</Type_Doc>
		<Support>PAPIER</Support>
		<Technique>Photographie N&amp;B</Technique>
		<Format>8,5 x 6</Format>
		<Cote>49Fi1871/29</Cote>
		<Observations>Tirage dense.</Observations>
		<Origine>Don Faucher-Berhelé entré le 10/11/1978.</Origine>
		<Droits_Repro>Domaine public</Droits_Repro>
		<subject>GUERRE 1914-1918;</subject>
		<geoname>AMIENS (ville);SOMME (département);</geoname>
		<persname></persname>
		<corpname></corpname>
	</DocsFigures>
<DocsFigures>
		<Titre>Amiens. Cathédrale</Titre>
		<Analyse>Vue générale d&apos;une partie de la cathédrale d&apos;Amiens (Somme).
1915. 
Guerre 1914-1918.</Analyse>
		<Realise_en>1915</Realise_en>
		<Liste_des_auteurs>BERTHELÉ, Raoul</Liste_des_auteurs>
		<Type_Doc>PHOTOGRAPHIE N&amp;B</Type_Doc>
		<Support>PAPIER</Support>
		<Technique>Photographie N&amp;B</Technique>
		<Format>6 x 8,5 </Format>
		<Cote>49Fi1871/30</Cote>
		<Observations></Observations>
		<Origine>Don Faucher-Berhelé entré le 10/11/1978.</Origine>
		<Droits_Repro>Domaine public</Droits_Repro>
		<subject>GUERRE 1914-1918;</subject>
		<geoname>AMIENS (ville);SOMME (département);</geoname>
		<persname></persname>
		<corpname></corpname>
	</DocsFigures>
<DocsFigures>
		<Titre>Groupe de médecins. Le Dt Monprofit</Titre>
		<Analyse>Groupe de médecins à cheval, dont le docteur Monprofit, posant dans un sous-bois.
1915. 
Guerre 1914-1918.</Analyse>
		<Realise_en>1915</Realise_en>
		<Liste_des_auteurs>BERTHELÉ, Raoul</Liste_des_auteurs>
		<Type_Doc>PHOTOGRAPHIE N&amp;B</Type_Doc>
		<Support>PAPIER</Support>
		<Technique>Photographie N&amp;B</Technique>
		<Format>6 x 8,5</Format>
		<Cote>49Fi1871/31</Cote>
		<Observations>Tirage peu contrasté.</Observations>
		<Origine>Don Faucher-Berhelé entré le 10/11/1978.</Origine>
		<Droits_Repro>Domaine public</Droits_Repro>
		<subject>GUERRE 1914-1918;</subject>
		<geoname></geoname>
		<persname></persname>
		<corpname></corpname>
	</DocsFigures>
<DocsFigures>
		<Titre>Corbie. gare d&apos;évacuation. Train sanitaire</Titre>
		<Analyse>Des blessés embarquent dans un  train sanitaire au départ de la gare d&apos;évacuation de Corbie (Somme).
1915. 
Guerre 1914-1918.</Analyse>
		<Realise_en>1915</Realise_en>
		<Liste_des_auteurs>REMY, Gilbert RENAULT dit [ Auteur ]</Liste_des_auteurs>
		<Type_Doc>PHOTOGRAPHIE N&amp;B</Type_Doc>
		<Support>PAPIER</Support>
		<Technique>Photographie N&amp;B</Technique>
		<Format>7,5 x 9,8</Format>
		<Cote>49Fi1871/32</Cote>
		<Observations>Tirage peu contrasté et dense.</Observations>
		<Origine>Don Faucher-Berhelé entré le 10/11/1978.</Origine>
		<Droits_Repro>Domaine public</Droits_Repro>
		<subject>GARE;MILITAIRE;VICTIME DE GUERRE;TRANSPORT FERROVIAIRE;GUERRE 1914-1918;</subject>
		<geoname>CORBIE (ville);SOMME (département);</geoname>
		<persname></persname>
		<corpname></corpname>
	</DocsFigures>
<DocsFigures>
		<Titre>Corbie. gare d&apos;évacuation. Train sanitaire</Titre>
		<Analyse>Des blessés embarquent dans un  train sanitaire au départ de la gare d&apos;évacuation de Corbie (Somme).
1915. 
Guerre 1914-1918.</Analyse>
		<Realise_en>1915</Realise_en>
		<Liste_des_auteurs>REMY, Gilbert RENAULT dit [ Auteur ]</Liste_des_auteurs>
		<Type_Doc>PHOTOGRAPHIE N&amp;B</Type_Doc>
		<Support>PAPIER</Support>
		<Technique>Photographie N&amp;B</Technique>
		<Format>7,5 x 9,8</Format>
		<Cote>49Fi1871/33</Cote>
		<Observations>Tirage peu contrasté et dense.</Observations>
		<Origine>Don Faucher-Berhelé entré le 10/11/1978.</Origine>
		<Droits_Repro>Domaine public</Droits_Repro>
		<subject>GARE;MILITAIRE;VICTIME DE GUERRE;TRANSPORT FERROVIAIRE;GUERRE 1914-1918;</subject>
		<geoname>CORBIE (ville);SOMME (département);</geoname>
		<persname></persname>
		<corpname></corpname>
	</DocsFigures>
<DocsFigures>
		<Titre>[Corbie. Gare d&apos;évacuation. Blessés allemands]</Titre>
		<Analyse>Des blessés allemands attendent le train sanitaire dans un camp aménagé dans la gare d&apos;évacuation de Corbie (Somme).
1915. 
Guerre 1914-1918.</Analyse>
		<Realise_en>1915</Realise_en>
		<Liste_des_auteurs>REMY, Gilbert RENAULT dit [ Auteur ]</Liste_des_auteurs>
		<Type_Doc>PHOTOGRAPHIE N&amp;B</Type_Doc>
		<Support>PAPIER</Support>
		<Technique>Photographie N&amp;B</Technique>
		<Format>7,5 x 9,8</Format>
		<Cote>49Fi1871/34</Cote>
		<Observations></Observations>
		<Origine>Don Faucher-Berhelé entré le 10/11/1978.</Origine>
		<Droits_Repro>Domaine public</Droits_Repro>
		<subject>GARE;MILITAIRE;VICTIME DE GUERRE;GUERRE 1914-1918;</subject>
		<geoname>CORBIE (ville);SOMME (département);</geoname>
		<persname></persname>
		<corpname></corpname>
	</DocsFigures>
<DocsFigures>
		<Titre>Corbie. Gare d&apos;évacuation. Blessés allemands</Titre>
		<Analyse>Des blessés allemands attendent le train sanitaire dans un camp aménagé dans la gare d&apos;évacuation de Corbie (Somme).
1915. 
Guerre 1914-1918.</Analyse>
		<Realise_en>1915</Realise_en>
		<Liste_des_auteurs>REMY, Gilbert RENAULT dit [ Auteur ]</Liste_des_auteurs>
		<Type_Doc>PHOTOGRAPHIE N&amp;B</Type_Doc>
		<Support>PAPIER</Support>
		<Technique>Photographie N&amp;B</Technique>
		<Format>7,5 x 9,8</Format>
		<Cote>49Fi1871/35</Cote>
		<Observations>Tirage peu contrasté et dense.</Observations>
		<Origine>Don Faucher-Berhelé entré le 10/11/1978.</Origine>
		<Droits_Repro>Domaine public</Droits_Repro>
		<subject>GARE;MILITAIRE;VICTIME DE GUERRE;GUERRE 1914-1918;</subject>
		<geoname>CORBIE (ville);SOMME (département);</geoname>
		<persname></persname>
		<corpname></corpname>
	</DocsFigures>
<DocsFigures>
		<Titre>Corbie. maison démolie par une bombe. 16/06/15</Titre>
		<Analyse>Vue d&apos;ensemble d&apos;une maison démolie par une bombe à Corbie (Somme).
16 juin 1915. 
Guerre 1914-1918.</Analyse>
		<Realise_en>1915</Realise_en>
		<Liste_des_auteurs>REMY, Gilbert RENAULT dit [ Auteur ]</Liste_des_auteurs>
		<Type_Doc>PHOTOGRAPHIE N&amp;B</Type_Doc>
		<Support>PAPIER</Support>
		<Technique>Photographie N&amp;B</Technique>
		<Format>7,5 x 9,8</Format>
		<Cote>49Fi1871/36</Cote>
		<Observations></Observations>
		<Origine>Don Faucher-Berhelé entré le 10/11/1978.</Origine>
		<Droits_Repro>Domaine public</Droits_Repro>
		<subject>BIEN SINISTRE;GUERRE 1914-1918;</subject>
		<geoname>CORBIE (ville);SOMME (département);</geoname>
		<persname></persname>
		<corpname></corpname>
	</DocsFigures>
<DocsFigures>
		<Titre>Façade de l&apos;église de Neuville près de Corbie</Titre>
		<Analyse>Vue d&apos;ensemble de la façade de l&apos;église de La Neuville-sous-Corbie (Somme).
1915. 
Guerre 1914-1918.</Analyse>
		<Realise_en>1915</Realise_en>
		<Liste_des_auteurs>REMY, Gilbert RENAULT dit [ Auteur ]</Liste_des_auteurs>
		<Type_Doc>PHOTOGRAPHIE N&amp;B</Type_Doc>
		<Support>PAPIER</Support>
		<Technique>Photographie N&amp;B</Technique>
		<Format>9,7 x 7,5</Format>
		<Cote>49Fi1871/37</Cote>
		<Observations>Tirage peu contrasté</Observations>
		<Origine>Don Faucher-Berhelé entré le 10/11/1978.</Origine>
		<Droits_Repro>Domaine public</Droits_Repro>
		<subject>EDIFICE CULTUEL;BIEN SINISTRE;GUERRE 1914-1918;</subject>
		<geoname>SOMME (département);CORBIE (ville);NEUVILLE-SOUS-CORBIE (LA) (hameau);</geoname>
		<persname></persname>
		<corpname></corpname>
	</DocsFigures>
<DocsFigures>
		<Titre>Champ d&apos;aviation d&apos;Amiens. Monoplan Morane. 18/07/15</Titre>
		<Analyse>Vue d&apos;ensemble d&apos;un monoplan Morane stationné dans un champ d&apos;aviation d&apos;Amiens (Somme).
18 juillet 1915. 
Guerre 1914-1918.
Des militaires posent devant l&apos;avion.</Analyse>
		<Realise_en>1915</Realise_en>
		<Liste_des_auteurs>PINAULT [ Auteur ]</Liste_des_auteurs>
		<Type_Doc>PHOTOGRAPHIE N&amp;B</Type_Doc>
		<Support>PAPIER</Support>
		<Technique>Photographie N&amp;B</Technique>
		<Format>6 x 8,5</Format>
		<Cote>49Fi1871/38</Cote>
		<Observations></Observations>
		<Origine>Don Faucher-Berhelé entré le 10/11/1978.</Origine>
		<Droits_Repro>Domaine public</Droits_Repro>
		<subject>GUERRE 1914-1918;</subject>
		<geoname>AMIENS (ville);SOMME (département);</geoname>
		<persname></persname>
		<corpname></corpname>
	</DocsFigures>
<DocsFigures>
		<Titre>Paul Descoings</Titre>
		<Analyse>Portrait en pied de l&apos;aviateur Paul Descoings devant un avion biplan M. Farman dans un champ d&apos;aviation près d&apos;Amiens (Somme).
Avril-juillet 1915. 
Guerre 1914-1918.</Analyse>
		<Realise_en>1915</Realise_en>
		<Liste_des_auteurs>BERTHELÉ, Raoul</Liste_des_auteurs>
		<Type_Doc>PHOTOGRAPHIE N&amp;B</Type_Doc>
		<Support>PAPIER</Support>
		<Technique>Photographie N&amp;B</Technique>
		<Format>4 x 4,5 cm</Format>
		<Cote>49Fi1872/1</Cote>
		<Observations>Image peu lumineuse et contrastée.</Observations>
		<Origine>Don Faucher-Berhelé entré le 10/11/1978.</Origine>
		<Droits_Repro>Domaine public</Droits_Repro>
		<subject>GUERRE 1914-1918;</subject>
		<geoname>SOMME (département);AMIENS (ville);</geoname>
		<persname></persname>
		<corpname></corpname>
	</DocsFigures>
<DocsFigures>
		<Titre>Paul Descoings</Titre>
		<Analyse>Portrait en buste de l&apos;aviateur Paul Descoings en tenue de vol devant un avion biplan M. Farman dans un champ d&apos;aviation près d&apos;Amiens (Somme).
Avril-juillet 1915. 
Guerre 1914-1918.</Analyse>
		<Realise_en>1915</Realise_en>
		<Liste_des_auteurs>BERTHELÉ, Raoul</Liste_des_auteurs>
		<Type_Doc>PHOTOGRAPHIE N&amp;B</Type_Doc>
		<Support>PAPIER</Support>
		<Technique>Photographie N&amp;B</Technique>
		<Format>4 x 4,5 cm</Format>
		<Cote>49Fi1872/2</Cote>
		<Observations></Observations>
		<Origine>Don Faucher-Berhelé entré le 10/11/1978.</Origine>
		<Droits_Repro>Domaine public</Droits_Repro>
		<subject>GUERRE 1914-1918;</subject>
		<geoname>SOMME (département);AMIENS (ville);</geoname>
		<persname></persname>
		<corpname></corpname>
	</DocsFigures>
<DocsFigures>
		<Titre>Lamoureux et P. Descoings</Titre>
		<Analyse>Le mécanicien Lamoureux et le pilote Paul Descoings posent devant un avion biplan M. Farman dans un champ d&apos;aviation près d&apos;Amiens (Somme).
Avril-juillet 1915. 
Guerre 1914-1918.</Analyse>
		<Realise_en>1915</Realise_en>
		<Liste_des_auteurs>BERTHELÉ, Raoul</Liste_des_auteurs>
		<Type_Doc>PHOTOGRAPHIE N&amp;B</Type_Doc>
		<Support>PAPIER</Support>
		<Technique>Photographie N&amp;B</Technique>
		<Format>4 x 4,5 cm</Format>
		<Cote>49Fi1872/4</Cote>
		<Observations></Observations>
		<Origine>Don Faucher-Berhelé entré le 10/11/1978.</Origine>
		<Droits_Repro>Domaine public</Droits_Repro>
		<subject>GUERRE 1914-1918;</subject>
		<geoname>SOMME (département);AMIENS (ville);</geoname>
		<persname></persname>
		<corpname></corpname>
	</DocsFigures>
<DocsFigures>
		<Titre>P. Descoings</Titre>
		<Analyse>L&apos;aviateur Paul Descoings pose aux commandes d&apos;un avion biplan M. Farman dans un champ d&apos;aviation près d&apos;Amiens (Somme).
Avril-juillet 1915. 
Guerre 1914-1918.</Analyse>
		<Realise_en>1915</Realise_en>
		<Liste_des_auteurs>BERTHELÉ, Raoul</Liste_des_auteurs>
		<Type_Doc>PHOTOGRAPHIE N&amp;B</Type_Doc>
		<Support>PAPIER</Support>
		<Technique>Photographie N&amp;B</Technique>
		<Format>4 x 4,5 cm</Format>
		<Cote>49Fi1872/5</Cote>
		<Observations></Observations>
		<Origine>Don Faucher-Berhelé entré le 10/11/1978.</Origine>
		<Droits_Repro>Domaine public</Droits_Repro>
		<subject>GUERRE 1914-1918;</subject>
		<geoname>SOMME (département);AMIENS (ville);</geoname>
		<persname></persname>
		<corpname></corpname>
	</DocsFigures>
<DocsFigures>
		<Titre>R. Berthelé et P. Descoings</Titre>
		<Analyse>Raoul Berthelé et Paul Descoings posent devant un avion biplan M. Farman dans un champ d&apos;aviation près d&apos;Amiens (Somme).
Avril-juillet 1915. 
Guerre 1914-1918.</Analyse>
		<Realise_en>1915</Realise_en>
		<Liste_des_auteurs>BERTHELÉ, Raoul</Liste_des_auteurs>
		<Type_Doc>PHOTOGRAPHIE N&amp;B</Type_Doc>
		<Support>PAPIER</Support>
		<Technique>Photographie N&amp;B</Technique>
		<Format>4 x 4,5 cm</Format>
		<Cote>49Fi1872/6</Cote>
		<Observations></Observations>
		<Origine>Don Faucher-Berhelé entré le 10/11/1978.</Origine>
		<Droits_Repro>Domaine public</Droits_Repro>
		<subject>GUERRE 1914-1918;</subject>
		<geoname>SOMME (département);AMIENS (ville);</geoname>
		<persname>BERTHELE, Raoul;</persname>
		<corpname></corpname>
	</DocsFigures>
<DocsFigures>
		<Titre>Biplan M. Farman. P. Descoings</Titre>
		<Analyse>L&apos;aviateur Paul Descoings décolle d&apos;un champ d&apos;aviation près d&apos;Amiens (Somme) aux commandes d&apos;un avion biplan M. Farman.
Avril-juillet 1915. 
Guerre 1914-1918.
Champ d&apos;aviation d&apos;Amiens (Somme).</Analyse>
		<Realise_en>1915</Realise_en>
		<Liste_des_auteurs>BERTHELÉ, Raoul</Liste_des_auteurs>
		<Type_Doc>PHOTOGRAPHIE N&amp;B</Type_Doc>
		<Support>PAPIER</Support>
		<Technique>Photographie N&amp;B</Technique>
		<Format>4 x 4,5 cm</Format>
		<Cote>49Fi1872/7</Cote>
		<Observations>Image peu détaillée.</Observations>
		<Origine>Don Faucher-Berhelé entré le 10/11/1978.</Origine>
		<Droits_Repro>Domaine public</Droits_Repro>
		<subject>GUERRE 1914-1918;</subject>
		<geoname>SOMME (département);AMIENS (ville);</geoname>
		<persname></persname>
		<corpname></corpname>
	</DocsFigures>
<DocsFigures>
		<Titre>P. Descoings</Titre>
		<Analyse>Paul Descoings aux commandes d&apos;un avion biplan M. Farman dans un champ d&apos;aviation près d&apos;Amiens (Somme).
Avril-juillet 1915. 
Guerre 1914-1918.</Analyse>
		<Realise_en>1915</Realise_en>
		<Liste_des_auteurs>BERTHELÉ, Raoul</Liste_des_auteurs>
		<Type_Doc>PHOTOGRAPHIE N&amp;B</Type_Doc>
		<Support>PAPIER</Support>
		<Technique>Photographie N&amp;B</Technique>
		<Format>4 x 4,5 cm</Format>
		<Cote>49Fi1872/8</Cote>
		<Observations></Observations>
		<Origine>Don Faucher-Berhelé entré le 10/11/1978.</Origine>
		<Droits_Repro>Domaine public</Droits_Repro>
		<subject>GUERRE 1914-1918;</subject>
		<geoname>SOMME (département);AMIENS (ville);</geoname>
		<persname></persname>
		<corpname></corpname>
	</DocsFigures>
<DocsFigures>
		<Titre>P. Descoings. Lieut. Touchaleaume</Titre>
		<Analyse>Paul Descoings et le lieutenant Touchaleaume aux commandes d&apos;un avion biplan M. Farman dans un champ d&apos;aviation près d&apos;Amiens (Somme).
Avril-juillet 1915. 
Guerre 1914-1918.</Analyse>
		<Realise_en>1915</Realise_en>
		<Liste_des_auteurs>BERTHELÉ, Raoul</Liste_des_auteurs>
		<Type_Doc>PHOTOGRAPHIE N&amp;B</Type_Doc>
		<Support>PAPIER</Support>
		<Technique>Photographie N&amp;B</Technique>
		<Format>4 x 4,5 cm</Format>
		<Cote>49Fi1872/9</Cote>
		<Observations>Image peu lumineuse et contrastée.</Observations>
		<Origine>Don Faucher-Berhelé entré le 10/11/1978.</Origine>
		<Droits_Repro>Domaine public</Droits_Repro>
		<subject>GUERRE 1914-1918;</subject>
		<geoname>SOMME (département);AMIENS (ville);</geoname>
		<persname></persname>
		<corpname></corpname>
	</DocsFigures>
<DocsFigures>
		<Titre>P. Descoings moteur Renault</Titre>
		<Analyse>Paul Descoings pose devant le moteur Renault d&apos;un avion biplan M. Farman sur un champ d&apos;aviation d&apos;Amiens (Somme).
Avril-juillet 1915.
Guerre 1914-1918.</Analyse>
		<Realise_en>1915</Realise_en>
		<Liste_des_auteurs>BERTHELÉ, Raoul</Liste_des_auteurs>
		<Type_Doc>PHOTOGRAPHIE N&amp;B</Type_Doc>
		<Support>PAPIER</Support>
		<Technique>Photographie N&amp;B</Technique>
		<Format>4 x 4,5 cm</Format>
		<Cote>49Fi1872/10</Cote>
		<Observations></Observations>
		<Origine>Don Faucher-Berhelé entré le 10/11/1978.</Origine>
		<Droits_Repro>Domaine public</Droits_Repro>
		<subject>GUERRE 1914-1918;</subject>
		<geoname>SOMME (département);AMIENS (ville);</geoname>
		<persname></persname>
		<corpname></corpname>
	</DocsFigures>
<DocsFigures>
		<Titre>Biplan M. Farman</Titre>
		<Analyse>Avion biplan M. Farman piloté par Paul Descoings  en plein vol dans les environs d&apos;Amiens (Somme).
Avril-juillet 1915. 
Guerre 1914-1918.</Analyse>
		<Realise_en>1915</Realise_en>
		<Liste_des_auteurs>BERTHELÉ, Raoul</Liste_des_auteurs>
		<Type_Doc>PHOTOGRAPHIE N&amp;B</Type_Doc>
		<Support>PAPIER</Support>
		<Technique>Photographie N&amp;B</Technique>
		<Format>4 x 4,5 cm</Format>
		<Cote>49Fi1872/11</Cote>
		<Observations>Image peu détaillée.</Observations>
		<Origine>Don Faucher-Berhelé entré le 10/11/1978.</Origine>
		<Droits_Repro>Domaine public</Droits_Repro>
		<subject>GUERRE 1914-1918;</subject>
		<geoname>SOMME (département);AMIENS (ville);</geoname>
		<persname></persname>
		<corpname></corpname>
	</DocsFigures>
<DocsFigures>
		<Titre>P. Descoings. Mlle Delagarde. Echernier et Sévajols</Titre>
		<Analyse>Paul Descoings, Mlle Delagarde et MM. Echernier et Sévajols posent devant un avion biplan M. Farman dans un champ d&apos;aviation près d&apos;Amiens (Somme).
Avril-juillet 1915. 
Guerre 1914-1918.</Analyse>
		<Realise_en>1915</Realise_en>
		<Liste_des_auteurs>BERTHELÉ, Raoul</Liste_des_auteurs>
		<Type_Doc>PHOTOGRAPHIE N&amp;B</Type_Doc>
		<Support>PAPIER</Support>
		<Technique>Photographie N&amp;B</Technique>
		<Format>4 x 4,5 cm</Format>
		<Cote>49Fi1872/12</Cote>
		<Observations>Image peu lumineuse et contrastée.</Observations>
		<Origine>Don Faucher-Berhelé entré le 10/11/1978.</Origine>
		<Droits_Repro>Domaine public</Droits_Repro>
		<subject>GUERRE 1914-1918;</subject>
		<geoname>SOMME (département);AMIENS (ville);</geoname>
		<persname></persname>
		<corpname></corpname>
	</DocsFigures>
<DocsFigures>
		<Titre>Photos faites en aéro. 20 avril 1915. Sain en Amienois (?)</Titre>
		<Analyse>Vue aérienne d&apos;une ville qui semble être Sains-en-Amienois (Somme).
20 avril 1915. 
Guerre 1914-1918.</Analyse>
		<Realise_en>1915</Realise_en>
		<Liste_des_auteurs>BERTHELÉ, Raoul</Liste_des_auteurs>
		<Type_Doc>PHOTOGRAPHIE N&amp;B</Type_Doc>
		<Support>PAPIER</Support>
		<Technique>Photographie N&amp;B</Technique>
		<Format>4 x 4,5 cm</Format>
		<Cote>49Fi1872/13</Cote>
		<Observations>Image peu détaillée.</Observations>
		<Origine>Don Faucher-Berhelé entré le 10/11/1978.</Origine>
		<Droits_Repro>Domaine public</Droits_Repro>
		<subject>GUERRE 1914-1918;</subject>
		<geoname>SAINS-EN-AMIENOIS (village);SOMME (département);</geoname>
		<persname></persname>
		<corpname></corpname>
	</DocsFigures>
<DocsFigures>
		<Titre>Photos faites en aéro. 20 avril 1915. Amiens</Titre>
		<Analyse>&quot;Cathédrale. Palais de Justice. Square R. Goblet et Bd. Alsace Lorraine&quot;.
Vue aérienne de la ville d&apos;Amiens (Somme) : palais de justice, Boulevard Alsace-Lorraine, cathédrale, square René Goblet.
20 avril 1915. 
Guerre 1914-1918.</Analyse>
		<Realise_en>1915</Realise_en>
		<Liste_des_auteurs>BERTHELÉ, Raoul</Liste_des_auteurs>
		<Type_Doc>PHOTOGRAPHIE N&amp;B</Type_Doc>
		<Support>PAPIER</Support>
		<Technique>Photographie N&amp;B</Technique>
		<Format>4 x 4,5 cm</Format>
		<Cote>49Fi1872/14</Cote>
		<Observations></Observations>
		<Origine>Don Faucher-Berhelé entré le 10/11/1978.</Origine>
		<Droits_Repro>Domaine public</Droits_Repro>
		<subject>GUERRE 1914-1918;</subject>
		<geoname>SOMME (département);AMIENS (ville);</geoname>
		<persname></persname>
		<corpname></corpname>
	</DocsFigures>
<DocsFigures>
		<Titre>Photos faites en aéro. 20 avril 1915. Amiens</Titre>
		<Analyse>&quot;Rue St Fuscien. La Visitation&quot;.
Vue aérienne d&apos;Amiens (Somme) : la rue Saint-Fuscien et le monastère de la Visitation.
20 avril 1915. Guerre 1914-1918.</Analyse>
		<Realise_en>1915</Realise_en>
		<Liste_des_auteurs>BERTHELÉ, Raoul</Liste_des_auteurs>
		<Type_Doc>PHOTOGRAPHIE N&amp;B</Type_Doc>
		<Support>PAPIER</Support>
		<Technique>Photographie N&amp;B</Technique>
		<Format>4 x 4,5 cm</Format>
		<Cote>49Fi1872/15</Cote>
		<Observations>Image peu détaillée.</Observations>
		<Origine>Don Faucher-Berhelé entré le 10/11/1978.</Origine>
		<Droits_Repro>Domaine public</Droits_Repro>
		<subject>GUERRE 1914-1918;</subject>
		<geoname>SOMME (département);AMIENS (ville);</geoname>
		<persname></persname>
		<corpname></corpname>
	</DocsFigures>
<DocsFigures>
		<Titre>Photos faites en aéro. 20 avril 1915. Boves (?)</Titre>
		<Analyse>Vue aérienne d&apos;une ville qui semble être Boves (Somme).
20 avril 1915. 
Guerre 1914-1918.</Analyse>
		<Realise_en>1915</Realise_en>
		<Liste_des_auteurs>BERTHELÉ, Raoul</Liste_des_auteurs>
		<Type_Doc>PHOTOGRAPHIE N&amp;B</Type_Doc>
		<Support>PAPIER</Support>
		<Technique>Photographie N&amp;B</Technique>
		<Format>4 x 4,5 cm</Format>
		<Cote>49Fi1872/16</Cote>
		<Observations>Image peu détaillée.</Observations>
		<Origine>Don Faucher-Berhelé entré le 10/11/1978.</Origine>
		<Droits_Repro>Domaine public</Droits_Repro>
		<subject>GUERRE 1914-1918;</subject>
		<geoname>SOMME (département);BOVES (ville);</geoname>
		<persname></persname>
		<corpname></corpname>
	</DocsFigures>
<DocsFigures>
		<Titre>Photos faites en aéro. 20 avril 1915. Amiens</Titre>
		<Analyse>&quot;Hôtel de ville. Beffroi. Pl. Gambetta&quot;.
Vue aérienne de la ville d&apos;Amiens (Somme) : Hôtel de ville, place Gambetta et Beffroi.
20 avril 1915. 
Guerre 1914-1918.</Analyse>
		<Realise_en>1915</Realise_en>
		<Liste_des_auteurs>BERTHELÉ, Raoul</Liste_des_auteurs>
		<Type_Doc>PHOTOGRAPHIE N&amp;B</Type_Doc>
		<Support>PAPIER</Support>
		<Technique>Photographie N&amp;B</Technique>
		<Format>4 x 4,5 cm</Format>
		<Cote>49Fi1872/17</Cote>
		<Observations></Observations>
		<Origine>Don Faucher-Berhelé entré le 10/11/1978.</Origine>
		<Droits_Repro>Domaine public</Droits_Repro>
		<subject>GUERRE 1914-1918;</subject>
		<geoname>AMIENS (ville);SOMME (département);</geoname>
		<persname></persname>
		<corpname></corpname>
	</DocsFigures>
<DocsFigures>
		<Titre>Photos faites en aéro. 20 avril 1915. Amiens</Titre>
		<Analyse>&quot;Cirque. Boulevards. Lycée de garçons&quot;.
Vue aérienne de la ville d&apos;Amiens (Somme): cirque municipal, boulevards, lycée de garçons.
20 avril 1915. 
Guerre 1914-1918.
Au premier plan la queue de l&apos;avion.</Analyse>
		<Realise_en>1915</Realise_en>
		<Liste_des_auteurs>BERTHELÉ, Raoul</Liste_des_auteurs>
		<Type_Doc>PHOTOGRAPHIE N&amp;B</Type_Doc>
		<Support>PAPIER</Support>
		<Technique>Photographie N&amp;B</Technique>
		<Format>4 x 4,5 cm</Format>
		<Cote>49Fi1872/18</Cote>
		<Observations></Observations>
		<Origine>Don Faucher-Berhelé entré le 10/11/1978.</Origine>
		<Droits_Repro>Domaine public</Droits_Repro>
		<subject>GUERRE 1914-1918;</subject>
		<geoname>AMIENS (ville);SOMME (département);</geoname>
		<persname></persname>
		<corpname></corpname>
	</DocsFigures>
<DocsFigures>
		<Titre>Capitaine Colard et son mécanicien</Titre>
		<Analyse>Le capitaine Colard et son mécanicien posent devant un avion biplan dans un champ d&apos;aviation près d&apos;Amiens (Somme).
Avril-juillet 1915. 
Guerre 1914-1918.</Analyse>
		<Realise_en>1915</Realise_en>
		<Liste_des_auteurs>BERTHELÉ, Raoul</Liste_des_auteurs>
		<Type_Doc>PHOTOGRAPHIE N&amp;B</Type_Doc>
		<Support>PAPIER</Support>
		<Technique>Photographie N&amp;B</Technique>
		<Format>4 x 4,5 cm</Format>
		<Cote>49Fi1872/19</Cote>
		<Observations></Observations>
		<Origine>Don Faucher-Berhelé entré le 10/11/1978.</Origine>
		<Droits_Repro>Domaine public</Droits_Repro>
		<subject>GUERRE 1914-1918;</subject>
		<geoname>SOMME (département);AMIENS (ville);</geoname>
		<persname></persname>
		<corpname></corpname>
	</DocsFigures>
<DocsFigures>
		<Titre>Capitaine Colard</Titre>
		<Analyse>Le capitaine Colard pose aux commandes d&apos;un avion biplan dans un champ d&apos;aviation près d&apos;Amiens (Somme).
Avril-juillet 1915.
Guerre 1914-1918.</Analyse>
		<Realise_en>1915</Realise_en>
		<Liste_des_auteurs>BERTHELÉ, Raoul</Liste_des_auteurs>
		<Type_Doc>PHOTOGRAPHIE N&amp;B</Type_Doc>
		<Support>PAPIER</Support>
		<Technique>Photographie N&amp;B</Technique>
		<Format>4 x 4,5 cm</Format>
		<Cote>49Fi1872/20</Cote>
		<Observations></Observations>
		<Origine>Don Faucher-Berhelé entré le 10/11/1978.</Origine>
		<Droits_Repro>Domaine public</Droits_Repro>
		<subject>GUERRE 1914-1918;</subject>
		<geoname>SOMME (département);AMIENS (ville);</geoname>
		<persname></persname>
		<corpname></corpname>
	</DocsFigures>
<DocsFigures>
		<Titre>Capitaine Colard</Titre>
		<Analyse>Le capitaine Colard pose devant un avion biplan dans un champ d&apos;aviation près d&apos;Amiens (Somme).
Avril-juillet 1915. 
Guerre 1914-1918.</Analyse>
		<Realise_en>1915</Realise_en>
		<Liste_des_auteurs>BERTHELÉ, Raoul</Liste_des_auteurs>
		<Type_Doc>PHOTOGRAPHIE N&amp;B</Type_Doc>
		<Support>PAPIER</Support>
		<Technique>Photographie N&amp;B</Technique>
		<Format>4 x 4,5 cm</Format>
		<Cote>49Fi1872/21</Cote>
		<Observations></Observations>
		<Origine>Don Faucher-Berhelé entré le 10/11/1978.</Origine>
		<Droits_Repro>Domaine public</Droits_Repro>
		<subject>GUERRE 1914-1918;</subject>
		<geoname>SOMME (département);AMIENS (ville);</geoname>
		<persname></persname>
		<corpname></corpname>
	</DocsFigures>
<DocsFigures>
		<Titre>R. Berthelé. P. Descoings. Lamoureux</Titre>
		<Analyse>Raoul Berthelé, Paul Descoings et Lamoureux posent devant un avion biplan M. Farman dans un champ d&apos;aviation près d&apos;Amiens (Somme).
Avril-juillet 1915. 
Guerre 1914-1918.</Analyse>
		<Realise_en>1915</Realise_en>
		<Liste_des_auteurs>BERTHELÉ, Raoul</Liste_des_auteurs>
		<Type_Doc>PHOTOGRAPHIE N&amp;B</Type_Doc>
		<Support>PAPIER</Support>
		<Technique>Photographie N&amp;B</Technique>
		<Format>4 x 4,5 cm</Format>
		<Cote>49Fi1872/22</Cote>
		<Observations></Observations>
		<Origine>Don Faucher-Berhelé entré le 10/11/1978.</Origine>
		<Droits_Repro>Domaine public</Droits_Repro>
		<subject>GUERRE 1914-1918;</subject>
		<geoname>SOMME (département);AMIENS (ville);</geoname>
		<persname>BERTHELE, Raoul;</persname>
		<corpname></corpname>
	</DocsFigures>
<DocsFigures>
		<Titre>Mme Delagarde. R. Berthelé</Titre>
		<Analyse>Mme Delagarde et Raoul Berthelé posent devant un avion biplan M. Farman dans un champ d&apos;aviation près d&apos;Amiens (Somme).
Avril-juillet 1915. 
Guerre 1914-1918.</Analyse>
		<Realise_en>1915</Realise_en>
		<Liste_des_auteurs>BERTHELÉ, Raoul</Liste_des_auteurs>
		<Type_Doc>PHOTOGRAPHIE N&amp;B</Type_Doc>
		<Support>PAPIER</Support>
		<Technique>Photographie N&amp;B</Technique>
		<Format>4 x 4,5 cm</Format>
		<Cote>49Fi1872/23</Cote>
		<Observations></Observations>
		<Origine>Don Faucher-Berhelé entré le 10/11/1978.</Origine>
		<Droits_Repro>Domaine public</Droits_Repro>
		<subject>GUERRE 1914-1918;</subject>
		<geoname>SOMME (département);AMIENS (ville);</geoname>
		<persname>BERTHELE, Raoul;</persname>
		<corpname></corpname>
	</DocsFigures>
<DocsFigures>
		<Titre>Mlle et Mme Delagarde. Lamoureux. P. Descoings</Titre>
		<Analyse>Mlle et Mme Delagarde, Lamoureux et Paul Descoings posent devant un avion biplan M. Farman dans un champ d&apos;aviation près d&apos;Amiens (Somme).
Avril-juillet 1915. 
Guerre 1914-1918.</Analyse>
		<Realise_en>1915</Realise_en>
		<Liste_des_auteurs>BERTHELÉ, Raoul</Liste_des_auteurs>
		<Type_Doc>PHOTOGRAPHIE N&amp;B</Type_Doc>
		<Support>PAPIER</Support>
		<Technique>Photographie N&amp;B</Technique>
		<Format>4 x 4,5 cm</Format>
		<Cote>49Fi1872/24</Cote>
		<Observations></Observations>
		<Origine>Don Faucher-Berhelé entré le 10/11/1978.</Origine>
		<Droits_Repro>Domaine public</Droits_Repro>
		<subject>GUERRE 1914-1918;</subject>
		<geoname>SOMME (département);AMIENS (ville);</geoname>
		<persname></persname>
		<corpname></corpname>
	</DocsFigures>
<DocsFigures>
		<Titre>Bombes sur Amiens. 16 avril 1915. Pont St Jean</Titre>
		<Analyse>Amiens (Somme).
16 avril 1915. Guerre 1914-1918.
Impact d&apos;obus sur le pont Saint-Jean suite à un bombardement.
3 soldats à vélo et 2 à pied sont sur le pont, ligne de tramway.</Analyse>
		<Realise_en>1915</Realise_en>
		<Liste_des_auteurs>BERTHELÉ, Raoul</Liste_des_auteurs>
		<Type_Doc>PHOTOGRAPHIE N&amp;B</Type_Doc>
		<Support>PAPIER</Support>
		<Technique>Photographie N&amp;B</Technique>
		<Format>4 x 4,5 cm</Format>
		<Cote>49Fi1872/25</Cote>
		<Observations>Tirage contact de la partie droite du négatif stéréoscopique coté 49Fi19.</Observations>
		<Origine>Don Faucher-Berhelé entré le 10/11/1978.</Origine>
		<Droits_Repro>Domaine public</Droits_Repro>
		<subject>MILITAIRE;GUERRE 1914-1918;</subject>
		<geoname>AMIENS (ville);SOMME (département);</geoname>
		<persname></persname>
		<corpname></corpname>
	</DocsFigures>
<DocsFigures>
		<Titre>Bombes sur Amiens. 16 avril 1915. Rue Amiral Courbet</Titre>
		<Analyse>Impact d&apos;obus dans le pavé de la rue Amiral Courbet à Amiens (Somme) suite à un bombardement. 
16 avril 1915. 
Guerre 1914-1918.</Analyse>
		<Realise_en>1915</Realise_en>
		<Liste_des_auteurs>BERTHELÉ, Raoul</Liste_des_auteurs>
		<Type_Doc>PHOTOGRAPHIE N&amp;B</Type_Doc>
		<Support>PAPIER</Support>
		<Technique>Photographie N&amp;B</Technique>
		<Format>4 x 4,5 cm</Format>
		<Cote>49Fi1872/26</Cote>
		<Observations>Tirage contact de la partie droite du négatif stéréoscopique coté 49Fi12.</Observations>
		<Origine>Don Faucher-Berhelé entré le 10/11/1978.</Origine>
		<Droits_Repro>Domaine public</Droits_Repro>
		<subject>GUERRE 1914-1918;</subject>
		<geoname>AMIENS (ville);SOMME (département);</geoname>
		<persname></persname>
		<corpname></corpname>
	</DocsFigures>
<DocsFigures>
		<Titre>Bombes sur Amiens. 16 avril 1915. Rue Amiral Courbet</Titre>
		<Analyse>Impacts sur une façade de la rue Amiral Courbet à Amiens (Somme) suite à un bombardement. 
16 avril 1915. 
Guerre 1914-1918.</Analyse>
		<Realise_en>1915</Realise_en>
		<Liste_des_auteurs>BERTHELÉ, Raoul</Liste_des_auteurs>
		<Type_Doc>PHOTOGRAPHIE N&amp;B</Type_Doc>
		<Support>PAPIER</Support>
		<Technique>Photographie N&amp;B</Technique>
		<Format>4 x 4,5 cm</Format>
		<Cote>49Fi1872/27</Cote>
		<Observations></Observations>
		<Origine>Don Faucher-Berhelé entré le 10/11/1978.</Origine>
		<Droits_Repro>Domaine public</Droits_Repro>
		<subject>GUERRE 1914-1918;</subject>
		<geoname>AMIENS (ville);SOMME (département);</geoname>
		<persname></persname>
		<corpname></corpname>
	</DocsFigures>
<DocsFigures>
		<Titre>Bombes sur Amiens. 16 avril 1915. Rue St Jean</Titre>
		<Analyse>Dégâts sur la façade des bains publics rue Saint-Jean à Amiens (Somme) suite à un bombardement. 
16 avril 1915. 
Guerre 1914-1918.</Analyse>
		<Realise_en>1915</Realise_en>
		<Liste_des_auteurs>BERTHELÉ, Raoul</Liste_des_auteurs>
		<Type_Doc>PHOTOGRAPHIE N&amp;B</Type_Doc>
		<Support>PAPIER</Support>
		<Technique>Photographie N&amp;B</Technique>
		<Format>4 x 4,5 cm</Format>
		<Cote>49Fi1872/28</Cote>
		<Observations>Tirage contact de la partie droite du négatif stéréoscopique coté 49Fi20.</Observations>
		<Origine>Don Faucher-Berhelé entré le 10/11/1978.</Origine>
		<Droits_Repro>Domaine public</Droits_Repro>
		<subject>GUERRE 1914-1918;</subject>
		<geoname>AMIENS (ville);SOMME (département);</geoname>
		<persname></persname>
		<corpname></corpname>
	</DocsFigures>
<DocsFigures>
		<Titre>Bombes sur Amiens. 16 avril 1915. Rue Amiral Courbet</Titre>
		<Analyse>Amiens (Somme).
16 avril 1915. Guerre 1914-1918.
Vue des dégâts fait aux immeubles situés aux n° 35 et 37 rue amiral Combet à suite à un bombardement.
Des habitants du quartier discutent devant la porte du n° 37.</Analyse>
		<Realise_en>1915</Realise_en>
		<Liste_des_auteurs>BERTHELÉ, Raoul</Liste_des_auteurs>
		<Type_Doc>PHOTOGRAPHIE N&amp;B</Type_Doc>
		<Support>PAPIER</Support>
		<Technique>Photographie N&amp;B</Technique>
		<Format>4 x 4,5 cm</Format>
		<Cote>49Fi1872/29</Cote>
		<Observations>Tirage contact de la partie gauche du négatif stéréoscopique coté 49Fi13.</Observations>
		<Origine>Don Faucher-Berhelé entré le 10/11/1978.</Origine>
		<Droits_Repro>Domaine public</Droits_Repro>
		<subject>GUERRE 1914-1918;</subject>
		<geoname>AMIENS (ville);SOMME (département);</geoname>
		<persname></persname>
		<corpname></corpname>
	</DocsFigures>
<DocsFigures>
		<Titre>Bombes sur Amiens. 16 avril 1915. Rue St Leu</Titre>
		<Analyse>Amiens (Somme). 
16 avril 1915. Guerre 1914-1918.
Vue d&apos;un groupe de personnes devant un bureau de Tabac situé 11 rue Saint-Leu, suite à un bombardement. Au premier plan un homme tenant un balai.
Légendée: &quot;Rue du Bloc&quot;.</Analyse>
		<Realise_en>1915</Realise_en>
		<Liste_des_auteurs>BERTHELÉ, Raoul</Liste_des_auteurs>
		<Type_Doc>PHOTOGRAPHIE N&amp;B</Type_Doc>
		<Support>PAPIER</Support>
		<Technique>Photographie N&amp;B</Technique>
		<Format>4 x 4,5 cm</Format>
		<Cote>49Fi1872/30</Cote>
		<Observations>Tirage contact de la partie droite du négatif stéréoscopique coté 49Fi16.</Observations>
		<Origine>Don Faucher-Berhelé entré le 10/11/1978.</Origine>
		<Droits_Repro>Domaine public</Droits_Repro>
		<subject>GUERRE 1914-1918;</subject>
		<geoname>AMIENS (ville);SOMME (département);</geoname>
		<persname></persname>
		<corpname></corpname>
	</DocsFigures>
<DocsFigures>
		<Titre>Bombes sur Amiens. 16 avril 1915. Rue St Leu</Titre>
		<Analyse>Amiens (Somme). 
16 avril 1915. Guerre 1914-1918.
Vue de deux soldats en faction devant le café Henri Bondois et un Tabac dans la rue Saint-Leu à  endommagés lors d&apos;un bombardement.
Légendée : &quot;Rue du Bloc&quot;</Analyse>
		<Realise_en>1915</Realise_en>
		<Liste_des_auteurs>BERTHELÉ, Raoul</Liste_des_auteurs>
		<Type_Doc>PHOTOGRAPHIE N&amp;B</Type_Doc>
		<Support>PAPIER</Support>
		<Technique>Photographie N&amp;B</Technique>
		<Format>4 x 4,5 cm</Format>
		<Cote>49Fi1872/31</Cote>
		<Observations>Tirage contact de la partie gauche du négatif stéréoscopique coté 49Fi18.</Observations>
		<Origine>Don Faucher-Berhelé entré le 10/11/1978.</Origine>
		<Droits_Repro>Domaine public</Droits_Repro>
		<subject>MILITAIRE;GUERRE 1914-1918;</subject>
		<geoname>AMIENS (ville);SOMME (département);</geoname>
		<persname></persname>
		<corpname></corpname>
	</DocsFigures>
<DocsFigures>
		<Titre>Bombes sur Amiens. 16 avril 1915. Rue St Leu</Titre>
		<Analyse>Amiens (Somme).
16 avril 1915. Guerre 1914-1918.
Vue de soldats en factionsd devant des immeubles endommagés rue Saint-Leu (à l&apos;embranchement de la rue Antonin) suite à un bombardement.
Au premier plan soldat armé d&apos;une baïonnette. Au second plan lieutenant et soldat devant la devanture soufflée du magasin Colat-Menier.
Légendé : &quot;Rue du Bloc&quot;</Analyse>
		<Realise_en>1915</Realise_en>
		<Liste_des_auteurs>BERTHELÉ, Raoul</Liste_des_auteurs>
		<Type_Doc>PHOTOGRAPHIE N&amp;B</Type_Doc>
		<Support>PAPIER</Support>
		<Technique>Photographie N&amp;B</Technique>
		<Format>4 x 4,5 cm</Format>
		<Cote>49Fi1872/32</Cote>
		<Observations>Tirage contact de la partie droite du négatif stéréoscopique coté 49Fi15.</Observations>
		<Origine>Don Faucher-Berhelé entré le 10/11/1978.</Origine>
		<Droits_Repro>Domaine public</Droits_Repro>
		<subject>MILITAIRE;GUERRE 1914-1918;</subject>
		<geoname>AMIENS (ville);SOMME (département);</geoname>
		<persname></persname>
		<corpname></corpname>
	</DocsFigures>
<DocsFigures>
		<Titre>Bombes sur Amiens. 16 avril 1915. Rue St Leu</Titre>
		<Analyse>Amiens (Somme). 
16 avril 1915. Guerre 1914-1918.
Groupe de personnes devant une épicerie et un Restaurant rue Saint-Leu suite à un bombardement.
Légendée : &quot;Rue du Bloc&quot;</Analyse>
		<Realise_en>1915</Realise_en>
		<Liste_des_auteurs>BERTHELÉ, Raoul</Liste_des_auteurs>
		<Type_Doc>PHOTOGRAPHIE N&amp;B</Type_Doc>
		<Support>PAPIER</Support>
		<Technique>Photographie N&amp;B</Technique>
		<Format>4 x 4,5 cm</Format>
		<Cote>49Fi1872/33</Cote>
		<Observations>Tirage contact de la partie gauche du négatif stéréoscopique coté 49Fi17.</Observations>
		<Origine>Don Faucher-Berhelé entré le 10/11/1978.</Origine>
		<Droits_Repro>Domaine public</Droits_Repro>
		<subject>GUERRE 1914-1918;</subject>
		<geoname>AMIENS (ville);SOMME (département);</geoname>
		<persname></persname>
		<corpname></corpname>
	</DocsFigures>
<DocsFigures>
		<Titre>Bombes sur Amiens. 16 avril 1915. Rue St Leu</Titre>
		<Analyse>Amiens (Somme).
16 avril 1915. Guerre 1914-1918.
Vue de cantonniers réparant les dégâts d&apos;un bombardement devant le bureau de tabac du n° 11 rue Saint-Leu.
Au premier plan un soldat en faction.
Légendée : &quot;Rue du Bloc&quot;</Analyse>
		<Realise_en>1915</Realise_en>
		<Liste_des_auteurs>BERTHELÉ, Raoul</Liste_des_auteurs>
		<Type_Doc>PHOTOGRAPHIE N&amp;B</Type_Doc>
		<Support>PAPIER</Support>
		<Technique>Photographie N&amp;B</Technique>
		<Format>4 x 4,5 cm</Format>
		<Cote>49Fi1872/34</Cote>
		<Observations>Tirage contact de la partie droite du négatif stéréoscopique coté 49Fi14.</Observations>
		<Origine>Don Faucher-Berhelé entré le 10/11/1978.</Origine>
		<Droits_Repro>Domaine public</Droits_Repro>
		<subject>GUERRE 1914-1918;</subject>
		<geoname>AMIENS (ville);SOMME (département);</geoname>
		<persname></persname>
		<corpname></corpname>
	</DocsFigures>
<DocsFigures>
		<Titre>Bombes sur Amiens. 16 avril 1915. Rue St Leu</Titre>
		<Analyse>Amiens (Somme).
16 avril 1915. Guerre 1914-1918.
Scène de rue devant le 4 rue Saint-Leu suite à un bombardement.
Au premier plan des passants civils et militaires, au second la devanture de la Charcuterie du Bloc.
Légendée : &quot;Rue du Bloc&quot;</Analyse>
		<Realise_en>1915</Realise_en>
		<Liste_des_auteurs>BERTHELÉ, Raoul</Liste_des_auteurs>
		<Type_Doc>PHOTOGRAPHIE N&amp;B</Type_Doc>
		<Support>PAPIER</Support>
		<Technique>Photographie N&amp;B</Technique>
		<Format>4 x 4,5 cm</Format>
		<Cote>49Fi1872/35</Cote>
		<Observations>Tirage contact de la partie droite du négatif stéréoscopique coté 49Fi1.</Observations>
		<Origine>Don Faucher-Berhelé entré le 10/11/1978.</Origine>
		<Droits_Repro>Domaine public</Droits_Repro>
		<subject>GUERRE 1914-1918;</subject>
		<geoname>AMIENS (ville);SOMME (département);</geoname>
		<persname></persname>
		<corpname></corpname>
	</DocsFigures>
<DocsFigures>
		<Titre>Bombes sur Amiens. 16 avril 1915. Rue St Leu</Titre>
		<Analyse>Amiens (Somme).
16 avril 1915. Guerre 1914-1918.
Scène de rue devant le 8 rue Saint-Leu suite à un bombardement.
Soldat au premier plan, au second les devantures d&apos;une épicerie et d&apos;un restaurant.
Légendée : &quot;Rue du Bloc&quot;.</Analyse>
		<Realise_en>1915</Realise_en>
		<Liste_des_auteurs>BERTHELÉ, Raoul</Liste_des_auteurs>
		<Type_Doc>PHOTOGRAPHIE N&amp;B</Type_Doc>
		<Support>PAPIER</Support>
		<Technique>Photographie N&amp;B</Technique>
		<Format>4 x 4,5 cm</Format>
		<Cote>49Fi1872/36</Cote>
		<Observations>Tirage contact de la partie gauche du négatif stéréoscopique coté 49Fi2.</Observations>
		<Origine>Don Faucher-Berhelé entré le 10/11/1978.</Origine>
		<Droits_Repro>Domaine public</Droits_Repro>
		<subject>GUERRE 1914-1918;</subject>
		<geoname>AMIENS (ville);SOMME (département);</geoname>
		<persname></persname>
		<corpname></corpname>
	</DocsFigures>
<DocsFigures>
		<Titre>Bombes sur Amiens.16 avril 1915. 20 rue Blanquetagne. Dégâts faits par une bombe</Titre>
		<Analyse> Amiens (Somme).
16 avril 1915. Guerre 1914-1918.
Vue des dégâts causés par le bombardement de l&apos;immeuble au 20 rue Blanquetagne.
Au premier plan à gauche, un enfant tenant un balai. </Analyse>
		<Realise_en>1915</Realise_en>
		<Liste_des_auteurs>BERTHELÉ, Raoul</Liste_des_auteurs>
		<Type_Doc>PHOTOGRAPHIE N&amp;B</Type_Doc>
		<Support>PAPIER</Support>
		<Technique>Photographie N&amp;B</Technique>
		<Format>4 x 4,5 cm</Format>
		<Cote>49Fi1872/37</Cote>
		<Observations></Observations>
		<Origine>Don Faucher-Berhelé entré le 10/11/1978.</Origine>
		<Droits_Repro>Domaine public</Droits_Repro>
		<subject>GUERRE 1914-1918;</subject>
		<geoname>AMIENS (ville);SOMME (département);</geoname>
		<persname></persname>
		<corpname></corpname>
	</DocsFigures>
<DocsFigures>
		<Titre>236e Infanterie passage à Saleux</Titre>
		<Analyse>Vue générale de soldats du 236e d&apos;infanterie arrêtés sur le bord d&apos;une route à Saleux (Somme).
Avril-juin 1915. 
Guerre 1914-1918.</Analyse>
		<Realise_en>1915</Realise_en>
		<Liste_des_auteurs>BERTHELÉ, Raoul</Liste_des_auteurs>
		<Type_Doc>PHOTOGRAPHIE N&amp;B</Type_Doc>
		<Support>PAPIER</Support>
		<Technique>Photographie N&amp;B</Technique>
		<Format>4 x 4,5 cm</Format>
		<Cote>49Fi1872/38</Cote>
		<Observations></Observations>
		<Origine>Don Faucher-Berhelé entré le 10/11/1978.</Origine>
		<Droits_Repro>Domaine public</Droits_Repro>
		<subject>MILITAIRE;GUERRE 1914-1918;</subject>
		<geoname>SALEUX (ville);SOMME (département);</geoname>
		<persname></persname>
		<corpname></corpname>
	</DocsFigures>
<DocsFigures>
		<Titre>236e Infanterie passage à Saleux</Titre>
		<Analyse>Vue d&apos;ensemble de soldats du 236e d&apos;infanterie se reposant sur un talus à Saleux (Somme).
Avril-juin 1915. 
Guerre 1914-1918.
 </Analyse>
		<Realise_en>1915</Realise_en>
		<Liste_des_auteurs>BERTHELÉ, Raoul</Liste_des_auteurs>
		<Type_Doc>PHOTOGRAPHIE N&amp;B</Type_Doc>
		<Support>PAPIER</Support>
		<Technique>Photographie N&amp;B</Technique>
		<Format>4 x 4,5 cm</Format>
		<Cote>49Fi1872/39</Cote>
		<Observations></Observations>
		<Origine>Don Faucher-Berhelé entré le 10/11/1978.</Origine>
		<Droits_Repro>Domaine public</Droits_Repro>
		<subject>MILITAIRE;GUERRE 1914-1918;</subject>
		<geoname>SALEUX (ville);SOMME (département);</geoname>
		<persname></persname>
		<corpname></corpname>
	</DocsFigures>
<DocsFigures>
		<Titre>Bombes sur Amiens. 16 avril 1915</Titre>
		<Analyse>&quot;Amiens (Somme). bombe. rue Blanquetagne&quot;.
Maison en partie détruite rue Blanquetagne à Amiens (Somme) suite à un bombardement. 
16 avril 1915. 
Guerre 1914-1918.</Analyse>
		<Realise_en>1915</Realise_en>
		<Liste_des_auteurs>BERTHELÉ, Raoul</Liste_des_auteurs>
		<Type_Doc>PHOTOGRAPHIE N&amp;B</Type_Doc>
		<Support>PAPIER</Support>
		<Technique>Photographie N&amp;B</Technique>
		<Format>4 x 4,5 cm</Format>
		<Cote>49Fi1872/40</Cote>
		<Observations></Observations>
		<Origine>Don Faucher-Berhelé entré le 10/11/1978.</Origine>
		<Droits_Repro>Domaine public</Droits_Repro>
		<subject>GUERRE 1914-1918;</subject>
		<geoname>AMIENS (ville);SOMME (département);</geoname>
		<persname></persname>
		<corpname></corpname>
	</DocsFigures>
<DocsFigures>
		<Titre>236e Infanterie passage à Saleux</Titre>
		<Analyse>Vue d&apos;ensemble de soldats du 236e d&apos;infanterie au repos sur le bord d&apos;une route à Saleux (Somme).
Avril-juin 1915. 
Guerre 1914-1918. </Analyse>
		<Realise_en>1915</Realise_en>
		<Liste_des_auteurs>BERTHELÉ, Raoul</Liste_des_auteurs>
		<Type_Doc>PHOTOGRAPHIE N&amp;B</Type_Doc>
		<Support>PAPIER</Support>
		<Technique>Photographie N&amp;B</Technique>
		<Format>4 x 4,5 cm</Format>
		<Cote>49Fi1872/41</Cote>
		<Observations></Observations>
		<Origine>Don Faucher-Berhelé entré le 10/11/1978.</Origine>
		<Droits_Repro>Domaine public</Droits_Repro>
		<subject>MILITAIRE;GUERRE 1914-1918;</subject>
		<geoname>SALEUX (ville);SOMME (département);</geoname>
		<persname></persname>
		<corpname></corpname>
	</DocsFigures>
<DocsFigures>
		<Titre>236e Infanterie passage à Saleux</Titre>
		<Analyse>Vue d&apos;ensemble de soldats du 236e d&apos;infanterie au repos à Saleux (Somme).
Avril-juin 1915. 
Guerre 1914-1918.</Analyse>
		<Realise_en>1915</Realise_en>
		<Liste_des_auteurs>BERTHELÉ, Raoul</Liste_des_auteurs>
		<Type_Doc>PHOTOGRAPHIE N&amp;B</Type_Doc>
		<Support>PAPIER</Support>
		<Technique>Photographie N&amp;B</Technique>
		<Format>4 x 4,5 cm</Format>
		<Cote>49Fi1872/42</Cote>
		<Observations></Observations>
		<Origine>Don Faucher-Berhelé entré le 10/11/1978.</Origine>
		<Droits_Repro>Domaine public</Droits_Repro>
		<subject>MILITAIRE;GUERRE 1914-1918;</subject>
		<geoname>SALEUX (ville);SOMME (département);</geoname>
		<persname></persname>
		<corpname></corpname>
	</DocsFigures>
<DocsFigures>
		<Titre>M. Colombe</Titre>
		<Analyse>Portrait en pied de M. Colombe réalisé à Saleux (Somme).
Avril-juin 1915. 
Guerre 1914-1918.</Analyse>
		<Realise_en>1915</Realise_en>
		<Liste_des_auteurs>BERTHELÉ, Raoul</Liste_des_auteurs>
		<Type_Doc>PHOTOGRAPHIE N&amp;B</Type_Doc>
		<Support>PAPIER</Support>
		<Technique>Photographie N&amp;B</Technique>
		<Format>4 x 4,5 cm</Format>
		<Cote>49Fi1872/44</Cote>
		<Observations></Observations>
		<Origine>Don Faucher-Berhelé entré le 10/11/1978.</Origine>
		<Droits_Repro>Domaine public</Droits_Repro>
		<subject>GUERRE 1914-1918;</subject>
		<geoname>SALEUX (ville);SOMME (département);</geoname>
		<persname></persname>
		<corpname></corpname>
	</DocsFigures>
<DocsFigures>
		<Titre>Biplan Caudron</Titre>
		<Analyse>Avion biplan Caudron dans un champ d&apos;aviation près d&apos;Amiens (Somme).
Avril-juin 1915. 
Guerre 1914-1918.</Analyse>
		<Realise_en>1915</Realise_en>
		<Liste_des_auteurs>BERTHELÉ, Raoul</Liste_des_auteurs>
		<Type_Doc>PHOTOGRAPHIE N&amp;B</Type_Doc>
		<Support>PAPIER</Support>
		<Technique>Photographie N&amp;B</Technique>
		<Format>4 x 4,5 cm</Format>
		<Cote>49Fi1872/45</Cote>
		<Observations>Image peu lumineuse et contrastée.</Observations>
		<Origine>Don Faucher-Berhelé entré le 10/11/1978.</Origine>
		<Droits_Repro>Domaine public</Droits_Repro>
		<subject>GUERRE 1914-1918;</subject>
		<geoname>SOMME (département);AMIENS (ville);</geoname>
		<persname></persname>
		<corpname></corpname>
	</DocsFigures>
<DocsFigures>
		<Titre>Saleux. Le pansage. Usine Poiret</Titre>
		<Analyse>&quot;Aussibale. Vernier. Molinier. Domergue&quot;.
Pansage des chevaux par MM. Aussibale, Vernier, Molinier et Domergue à l&apos;usine Poiret de Saleux (Somme).
Avril-juin 1915. 
Guerre 1914-1918.
Le premier en partant de la droite est l&apos;officier Domergue.</Analyse>
		<Realise_en>1915</Realise_en>
		<Liste_des_auteurs>BERTHELÉ, Raoul</Liste_des_auteurs>
		<Type_Doc>PHOTOGRAPHIE N&amp;B</Type_Doc>
		<Support>PAPIER</Support>
		<Technique>Photographie N&amp;B</Technique>
		<Format>4 x 4,5 cm</Format>
		<Cote>49Fi1872/46</Cote>
		<Observations>Image peu lumineuse et contrastée.</Observations>
		<Origine>Don Faucher-Berhelé entré le 10/11/1978.</Origine>
		<Droits_Repro>Domaine public</Droits_Repro>
		<subject>GUERRE 1914-1918;</subject>
		<geoname>SALEUX (ville);SOMME (département);</geoname>
		<persname></persname>
		<corpname></corpname>
	</DocsFigures>
<DocsFigures>
		<Titre>33e artillerie. Passage à Saleux. Canon de 75</Titre>
		<Analyse>Passage d&apos;un canon de 75 du 33e régiment d&apos;artillerie à Saleux (Somme).
Avril-juin 1915. 
Guerre 1914-1918.</Analyse>
		<Realise_en>1915</Realise_en>
		<Liste_des_auteurs>BERTHELÉ, Raoul</Liste_des_auteurs>
		<Type_Doc>PHOTOGRAPHIE N&amp;B</Type_Doc>
		<Support>PAPIER</Support>
		<Technique>Photographie N&amp;B</Technique>
		<Format>4 x 4,5 cm</Format>
		<Cote>49Fi1872/47</Cote>
		<Observations>Image peu lumineuse et contrastée.</Observations>
		<Origine>Don Faucher-Berhelé entré le 10/11/1978.</Origine>
		<Droits_Repro>Domaine public</Droits_Repro>
		<subject>GUERRE 1914-1918;</subject>
		<geoname>SALEUX (ville);SOMME (département);</geoname>
		<persname></persname>
		<corpname></corpname>
	</DocsFigures>
<DocsFigures>
		<Titre>Champ d&apos;aviation. Amiens. Groupe de mécaniciens</Titre>
		<Analyse>&quot;Biplan Caudron&quot;.
Photo d&apos;un groupe de mécaniciens qui pose devant un avion biplan Caudron sur un champ d&apos;aviation à Amiens (Somme).
Avril-juin 1915. 
Guerre 1914-1918.</Analyse>
		<Realise_en>1915</Realise_en>
		<Liste_des_auteurs>BERTHELÉ, Raoul</Liste_des_auteurs>
		<Type_Doc>PHOTOGRAPHIE N&amp;B</Type_Doc>
		<Support>PAPIER</Support>
		<Technique>Photographie N&amp;B</Technique>
		<Format>4 x 4,5 cm</Format>
		<Cote>49Fi1872/48</Cote>
		<Observations></Observations>
		<Origine>Don Faucher-Berhelé entré le 10/11/1978.</Origine>
		<Droits_Repro>Domaine public</Droits_Repro>
		<subject>GUERRE 1914-1918;</subject>
		<geoname>SOMME (département);AMIENS (ville);</geoname>
		<persname></persname>
		<corpname></corpname>
	</DocsFigures>
<DocsFigures>
		<Titre>M. Caucanas</Titre>
		<Analyse>Portrait en pied de M. Caucanas et ses deux enfants à Amiens (Somme).
Avril-juin 1915. 
Guerre 1914-1918.</Analyse>
		<Realise_en>1915</Realise_en>
		<Liste_des_auteurs>BERTHELÉ, Raoul</Liste_des_auteurs>
		<Type_Doc>PHOTOGRAPHIE N&amp;B</Type_Doc>
		<Support>PAPIER</Support>
		<Technique>Photographie N&amp;B</Technique>
		<Format>4 x 4,5 cm</Format>
		<Cote>49Fi1872/49</Cote>
		<Observations>Image contrastée.</Observations>
		<Origine>Don Faucher-Berhelé entré le 10/11/1978.</Origine>
		<Droits_Repro>Domaine public</Droits_Repro>
		<subject>ENFANT;GUERRE 1914-1918;</subject>
		<geoname>SOMME (département);AMIENS (ville);</geoname>
		<persname></persname>
		<corpname></corpname>
	</DocsFigures>
<DocsFigures>
		<Titre>Forêt de Wailly</Titre>
		<Analyse>Militaires en train de déjeuner près devant une maison de charbonnier dans la forêt de Wailly près d&apos;Amiens (Somme).
Avril-juin 1915. 
Guerre 1914-1918.</Analyse>
		<Realise_en>1915</Realise_en>
		<Liste_des_auteurs>BERTHELÉ, Raoul</Liste_des_auteurs>
		<Type_Doc>PHOTOGRAPHIE N&amp;B</Type_Doc>
		<Support>PAPIER</Support>
		<Technique>Photographie N&amp;B</Technique>
		<Format>4 x 4,5 cm</Format>
		<Cote>49Fi1872/50</Cote>
		<Observations>Image contrastée.</Observations>
		<Origine>Don Faucher-Berhelé entré le 10/11/1978.</Origine>
		<Droits_Repro>Domaine public</Droits_Repro>
		<subject>GUERRE 1914-1918;</subject>
		<geoname>SOMME (département);WAILLY (hameau);AMIENS (ville);</geoname>
		<persname></persname>
		<corpname></corpname>
	</DocsFigures>
<DocsFigures>
		<Titre>Forêt de Wailly. Le gros chêne</Titre>
		<Analyse>Groupe d&apos;officiers posant devant un gros chêne de la forêt de Wailly près d&apos;Amiens (Somme).
Avril-juin 1915. 
Guerre 1914-1918.</Analyse>
		<Realise_en>1915</Realise_en>
		<Liste_des_auteurs>BERTHELÉ, Raoul</Liste_des_auteurs>
		<Type_Doc>PHOTOGRAPHIE N&amp;B</Type_Doc>
		<Support>PAPIER</Support>
		<Technique>Photographie N&amp;B</Technique>
		<Format>4 x 4,5 cm</Format>
		<Cote>49Fi1872/51</Cote>
		<Observations>Image contrastée. Tirage de la plaque au 49Fi82. Plaque positive au 49Fi800.</Observations>
		<Origine>Don Faucher-Berhelé entré le 10/11/1978.</Origine>
		<Droits_Repro>Domaine public</Droits_Repro>
		<subject>GUERRE 1914-1918;</subject>
		<geoname>SOMME (département);WAILLY (hameau);AMIENS (ville);</geoname>
		<persname></persname>
		<corpname></corpname>
	</DocsFigures>
<DocsFigures>
		<Titre>Mme et M. Caucanas</Titre>
		<Analyse>Photo de M. et Mme Caucanas et de leurs enfants à Amiens (Somme).
Avril-juin 1915. 
Guerre 1914-1918.</Analyse>
		<Realise_en>1915</Realise_en>
		<Liste_des_auteurs>BERTHELÉ, Raoul</Liste_des_auteurs>
		<Type_Doc>PHOTOGRAPHIE N&amp;B</Type_Doc>
		<Support>PAPIER</Support>
		<Technique>Photographie N&amp;B</Technique>
		<Format>4 x 4,5 cm</Format>
		<Cote>49Fi1872/52</Cote>
		<Observations></Observations>
		<Origine>Don Faucher-Berhelé entré le 10/11/1978.</Origine>
		<Droits_Repro>Domaine public</Droits_Repro>
		<subject>ENFANT;*HOMME;FEMME;FAMILLE;GUERRE 1914-1918;</subject>
		<geoname>SOMME (département);AMIENS (ville);</geoname>
		<persname></persname>
		<corpname></corpname>
	</DocsFigures>
<DocsFigures>
		<Titre>Forêt de Wailly. Maison de charbonnier</Titre>
		<Analyse>Militaires en pause déjeuner devant une maison de charbonnier dans la forêt de Wailly près d&apos;Amiens (Somme).
Avril-juin 1915. 
Guerre 1914-1918. </Analyse>
		<Realise_en>1915</Realise_en>
		<Liste_des_auteurs>BERTHELÉ, Raoul</Liste_des_auteurs>
		<Type_Doc>PHOTOGRAPHIE N&amp;B</Type_Doc>
		<Support>PAPIER</Support>
		<Technique>Photographie N&amp;B</Technique>
		<Format>4 x 4,5 cm</Format>
		<Cote>49Fi1872/53</Cote>
		<Observations>Image contrastée.</Observations>
		<Origine>Don Faucher-Berhelé entré le 10/11/1978.</Origine>
		<Droits_Repro>Domaine public</Droits_Repro>
		<subject>GUERRE 1914-1918;</subject>
		<geoname>SOMME (département);WAILLY (hameau);AMIENS (ville);</geoname>
		<persname></persname>
		<corpname></corpname>
	</DocsFigures>
<DocsFigures>
		<Titre>Forêt de Wailly. Cabane</Titre>
		<Analyse>Vue générale de militaires posant devant une cabane dans la forêt de Wailly près d&apos;Amiens (Somme).
Avril-juin 1915. 
Guerre 1914-1918.</Analyse>
		<Realise_en>1915</Realise_en>
		<Liste_des_auteurs>BERTHELÉ, Raoul</Liste_des_auteurs>
		<Type_Doc>PHOTOGRAPHIE N&amp;B</Type_Doc>
		<Support>PAPIER</Support>
		<Technique>Photographie N&amp;B</Technique>
		<Format>4 x 4,5 cm</Format>
		<Cote>49Fi1872/54</Cote>
		<Observations>Image contrastée.</Observations>
		<Origine>Don Faucher-Berhelé entré le 10/11/1978.</Origine>
		<Droits_Repro>Domaine public</Droits_Repro>
		<subject>GUERRE 1914-1918;</subject>
		<geoname>SOMME (département);WAILLY (hameau);AMIENS (ville);</geoname>
		<persname></persname>
		<corpname></corpname>
	</DocsFigures>
<DocsFigures>
		<Titre>Forêt des Hospices d&apos;Amiens</Titre>
		<Analyse>Vue de la forêt des Hospices d&apos;Amiens (Somme).
Avril-juin 1915. 
Guerre 1914-1918.</Analyse>
		<Realise_en>1915</Realise_en>
		<Liste_des_auteurs>BERTHELÉ, Raoul</Liste_des_auteurs>
		<Type_Doc>PHOTOGRAPHIE N&amp;B</Type_Doc>
		<Support>PAPIER</Support>
		<Technique>Photographie N&amp;B</Technique>
		<Format>4 x 4,5 cm</Format>
		<Cote>49Fi1872/55</Cote>
		<Observations></Observations>
		<Origine>Don Faucher-Berhelé entré le 10/11/1978.</Origine>
		<Droits_Repro>Domaine public</Droits_Repro>
		<subject>GUERRE 1914-1918;</subject>
		<geoname>AMIENS (ville);SOMME (département);</geoname>
		<persname></persname>
		<corpname></corpname>
	</DocsFigures>
<DocsFigures>
		<Titre>Cathédrale d&apos;Amiens protégée contre les obus 17 juin 1915</Titre>
		<Analyse>Cathédrale d&apos;Amiens (Somme) protégée contre les bombardements par un mur de sacs de sable.
17 juin 1915. 
Guerre 1914-1918.</Analyse>
		<Realise_en>1915</Realise_en>
		<Liste_des_auteurs>BERTHELÉ, Raoul</Liste_des_auteurs>
		<Type_Doc>PHOTOGRAPHIE N&amp;B</Type_Doc>
		<Support>PAPIER</Support>
		<Technique>Photographie N&amp;B</Technique>
		<Format>4 x 4,5 cm</Format>
		<Cote>49Fi1872/58</Cote>
		<Observations></Observations>
		<Origine>Don Faucher-Berhelé entré le 10/11/1978.</Origine>
		<Droits_Repro>Domaine public</Droits_Repro>
		<subject>GUERRE 1914-1918;</subject>
		<geoname>AMIENS (ville);SOMME (département);</geoname>
		<persname></persname>
		<corpname></corpname>
	</DocsFigures>
<DocsFigures>
		<Titre>Cathédrale d&apos;Amiens protégée contre les obus 17 juin 1915</Titre>
		<Analyse>Cathédrale d&apos;Amiens (Somme) protégée contre les bombardements par un mur de sacs de sable.
17 juin 1915. 
Guerre 1914-1918.</Analyse>
		<Realise_en>1915</Realise_en>
		<Liste_des_auteurs>BERTHELÉ, Raoul</Liste_des_auteurs>
		<Type_Doc>PHOTOGRAPHIE N&amp;B</Type_Doc>
		<Support>PAPIER</Support>
		<Technique>Photographie N&amp;B</Technique>
		<Format>4 x 4,5 cm</Format>
		<Cote>49Fi1872/59</Cote>
		<Observations></Observations>
		<Origine>Don Faucher-Berhelé entré le 10/11/1978.</Origine>
		<Droits_Repro>Domaine public</Droits_Repro>
		<subject>GUERRE 1914-1918;</subject>
		<geoname>AMIENS (ville);SOMME (département);</geoname>
		<persname></persname>
		<corpname></corpname>
	</DocsFigures>
<DocsFigures>
		<Titre>Saleux. Usine Poiret. Salle des machines</Titre>
		<Analyse>Salle des machines de l&apos;usine Poiret à Saleux (Somme).
1915. 
Guerre 1914-1918.</Analyse>
		<Realise_en>1915</Realise_en>
		<Liste_des_auteurs>BERTHELÉ, Raoul</Liste_des_auteurs>
		<Type_Doc>PHOTOGRAPHIE N&amp;B</Type_Doc>
		<Support>PAPIER</Support>
		<Technique>Photographie N&amp;B</Technique>
		<Format>4 x 4,5 cm</Format>
		<Cote>49Fi1872/60</Cote>
		<Observations></Observations>
		<Origine>Don Faucher-Berhelé entré le 10/11/1978.</Origine>
		<Droits_Repro>Domaine public</Droits_Repro>
		<subject>BATIMENT INDUSTRIEL;INDUSTRIE MECANIQUE;GUERRE 1914-1918;</subject>
		<geoname>SALEUX (ville);SOMME (département);</geoname>
		<persname></persname>
		<corpname></corpname>
	</DocsFigures>
<DocsFigures>
		<Titre>Amiens. 8.6.1915. Prisonniers allemands</Titre>
		<Analyse>Amiens (Somme).
8 juin 1915. Guerre 1914-1918.
Vue de prisonniers allemands défilant rue Saint-Leu.
Au premier plan se trouve une jeune femme et au centre en arrière plan deux officiers allemands prisonniers.</Analyse>
		<Realise_en>1915</Realise_en>
		<Liste_des_auteurs>BERTHELÉ, Raoul</Liste_des_auteurs>
		<Type_Doc>PHOTOGRAPHIE N&amp;B</Type_Doc>
		<Support>PAPIER</Support>
		<Technique>Photographie N&amp;B</Technique>
		<Format>4 x 4,5 cm</Format>
		<Cote>49Fi1872/61</Cote>
		<Observations>Tiré d&apos;un négatif stéréoscopique portant la cote 49Fi25.</Observations>
		<Origine>Don Faucher-Berhelé entré le 10/11/1978.</Origine>
		<Droits_Repro>Domaine public</Droits_Repro>
		<subject>MILITAIRE;PRISONNIER DE GUERRE;GUERRE 1914-1918;</subject>
		<geoname>AMIENS (ville);SOMME (département);</geoname>
		<persname></persname>
		<corpname></corpname>
	</DocsFigures>
<DocsFigures>
		<Titre>Amiens. 8.6.1915. Prisonniers allemands</Titre>
		<Analyse>Amiens (Somme).
8 juin 1915. Guerre 1914-1918.
Vue de prisonniers allemands défilant rue Saint-Leu.</Analyse>
		<Realise_en>1915</Realise_en>
		<Liste_des_auteurs>BERTHELÉ, Raoul</Liste_des_auteurs>
		<Type_Doc>PHOTOGRAPHIE N&amp;B</Type_Doc>
		<Support>PAPIER</Support>
		<Technique>Photographie N&amp;B</Technique>
		<Format>4 x 4,5 cm</Format>
		<Cote>49Fi1872/62</Cote>
		<Observations>Image contrastée.</Observations>
		<Origine>Don Faucher-Berhelé entré le 10/11/1978.</Origine>
		<Droits_Repro>Domaine public</Droits_Repro>
		<subject>MILITAIRE;PRISONNIER DE GUERRE;GUERRE 1914-1918;</subject>
		<geoname>AMIENS (ville);SOMME (département);</geoname>
		<persname></persname>
		<corpname></corpname>
	</DocsFigures>
<DocsFigures>
		<Titre>Amiens. 8.6.1915. Prisonniers allemands</Titre>
		<Analyse>Amiens (Somme).
8 juin 1915. Guerre 1914-1918.
Vue de prisonniers allemands défilant rue Saint-Leu.
Les prisonniers défilent devant un restaurant et la boulangerie Cartier. Ils sont encadrés par des soldats français à cheval.</Analyse>
		<Realise_en>1915</Realise_en>
		<Liste_des_auteurs>BERTHELÉ, Raoul</Liste_des_auteurs>
		<Type_Doc>PHOTOGRAPHIE N&amp;B</Type_Doc>
		<Support>PAPIER</Support>
		<Technique>Photographie N&amp;B</Technique>
		<Format>4 x 4,5 cm</Format>
		<Cote>49Fi1872/63</Cote>
		<Observations>Tiré d&apos;un négatif original stéroscopique portant la cote 49Fi22.</Observations>
		<Origine>Don Faucher-Berhelé entré le 10/11/1978.</Origine>
		<Droits_Repro>Domaine public</Droits_Repro>
		<subject>MILITAIRE;PRISONNIER DE GUERRE;GUERRE 1914-1918;</subject>
		<geoname>AMIENS (ville);SOMME (département);</geoname>
		<persname></persname>
		<corpname></corpname>
	</DocsFigures>
<DocsFigures>
		<Titre>Amiens. 8.6.1915. Prisonniers allemands</Titre>
		<Analyse>Amiens (Somme).
8 juin 1915. Guerre 1914-1918.
Vue de prisonniers allemands défilant rue Saint-Leu.
Au premier plan: 9 prisonniers allemands et un officier français.</Analyse>
		<Realise_en>1915</Realise_en>
		<Liste_des_auteurs>BERTHELÉ, Raoul</Liste_des_auteurs>
		<Type_Doc>PHOTOGRAPHIE N&amp;B</Type_Doc>
		<Support>PAPIER</Support>
		<Technique>Photographie N&amp;B</Technique>
		<Format>4 x 4,5 cm</Format>
		<Cote>49Fi1872/64</Cote>
		<Observations>Tiré du négatif stéréoscopique portant la cote 49Fi27.</Observations>
		<Origine>Don Faucher-Berhelé entré le 10/11/1978.</Origine>
		<Droits_Repro>Domaine public</Droits_Repro>
		<subject>MILITAIRE;PRISONNIER DE GUERRE;GUERRE 1914-1918;</subject>
		<geoname>AMIENS (ville);SOMME (département);</geoname>
		<persname></persname>
		<corpname></corpname>
	</DocsFigures>
<DocsFigures>
		<Titre>Amiens. 8.6.1915. Prisonniers allemands</Titre>
		<Analyse>Amiens (Somme).
8 juin 1915. Guerre 1914-1918.
Vue de prisonniers allemands défilant rue Saint-Leu.</Analyse>
		<Realise_en>1915</Realise_en>
		<Liste_des_auteurs>BERTHELÉ, Raoul</Liste_des_auteurs>
		<Type_Doc>PHOTOGRAPHIE N&amp;B</Type_Doc>
		<Support>PAPIER</Support>
		<Technique>Photographie N&amp;B</Technique>
		<Format>4 x 4,5 cm</Format>
		<Cote>49Fi1872/65</Cote>
		<Observations>Image contrastée.</Observations>
		<Origine>Don Faucher-Berhelé entré le 10/11/1978.</Origine>
		<Droits_Repro>Domaine public</Droits_Repro>
		<subject>MILITAIRE;PRISONNIER DE GUERRE;GUERRE 1914-1918;</subject>
		<geoname>AMIENS (ville);SOMME (département);</geoname>
		<persname></persname>
		<corpname></corpname>
	</DocsFigures>
<DocsFigures>
		<Titre>Amiens. 8.6.1915. Prisonniers allemands</Titre>
		<Analyse>Amiens (Somme).
8 juin 1915. Guerre 1914-1918.
Vue de prisonniers allemands défilant rue Saint-Leu.</Analyse>
		<Realise_en>1915</Realise_en>
		<Liste_des_auteurs>BERTHELÉ, Raoul</Liste_des_auteurs>
		<Type_Doc>PHOTOGRAPHIE N&amp;B</Type_Doc>
		<Support>PAPIER</Support>
		<Technique>Photographie N&amp;B</Technique>
		<Format>4 x 4,5 cm</Format>
		<Cote>49Fi1872/66</Cote>
		<Observations>Image contrastée.</Observations>
		<Origine>Don Faucher-Berhelé entré le 10/11/1978.</Origine>
		<Droits_Repro>Domaine public</Droits_Repro>
		<subject>MILITAIRE;PRISONNIER DE GUERRE;GUERRE 1914-1918;</subject>
		<geoname>AMIENS (ville);SOMME (département);</geoname>
		<persname></persname>
		<corpname></corpname>
	</DocsFigures>
<DocsFigures>
		<Titre>Amiens. 8.6.1915. Prisonniers allemands</Titre>
		<Analyse>Amiens (Somme).
8 juin 1915. Guerre 1914-1918.
Vue de prisonniers allemands défilant rue Saint-Leu.</Analyse>
		<Realise_en>1915</Realise_en>
		<Liste_des_auteurs>BERTHELÉ, Raoul</Liste_des_auteurs>
		<Type_Doc>PHOTOGRAPHIE N&amp;B</Type_Doc>
		<Support>PAPIER</Support>
		<Technique>Photographie N&amp;B</Technique>
		<Format>4 x 4,5 cm</Format>
		<Cote>49Fi1872/67</Cote>
		<Observations>Image contrastée.</Observations>
		<Origine>Don Faucher-Berhelé entré le 10/11/1978.</Origine>
		<Droits_Repro>Domaine public</Droits_Repro>
		<subject>MILITAIRE;PRISONNIER DE GUERRE;GUERRE 1914-1918;</subject>
		<geoname>AMIENS (ville);SOMME (département);</geoname>
		<persname></persname>
		<corpname></corpname>
	</DocsFigures>
<DocsFigures>
		<Titre>Amiens. 8.6.1915. Prisonniers allemands</Titre>
		<Analyse>Amiens (Somme).
8 juin 1915. Guerre 1914-1918.
Vue de prisonniers allemands défilant rue Saint-Leu.</Analyse>
		<Realise_en>1915</Realise_en>
		<Liste_des_auteurs>BERTHELÉ, Raoul</Liste_des_auteurs>
		<Type_Doc>PHOTOGRAPHIE N&amp;B</Type_Doc>
		<Support>PAPIER</Support>
		<Technique>Photographie N&amp;B</Technique>
		<Format>4 x 4,5 cm</Format>
		<Cote>49Fi1872/68</Cote>
		<Observations>Tiré d&apos;un négatif stéréoscopique portant la cote 49Fi26. Un tirage recadré de la partie gauche du négatif porte la cote 49Fi1874/5.</Observations>
		<Origine>Don Faucher-Berhelé entré le 10/11/1978.</Origine>
		<Droits_Repro>Domaine public</Droits_Repro>
		<subject>MILITAIRE;PRISONNIER DE GUERRE;GUERRE 1914-1918;</subject>
		<geoname>AMIENS (ville);SOMME (département);</geoname>
		<persname></persname>
		<corpname></corpname>
	</DocsFigures>
<DocsFigures>
		<Titre>Amiens. 8.6.1915. Prisonniers allemands</Titre>
		<Analyse>Amiens (Somme).
8 juin 1915. Guerre 1914-1918.
Vue de prisonniers allemands défilant rue Saint-Leu.</Analyse>
		<Realise_en>1915</Realise_en>
		<Liste_des_auteurs>BERTHELÉ, Raoul</Liste_des_auteurs>
		<Type_Doc>PHOTOGRAPHIE N&amp;B</Type_Doc>
		<Support>PAPIER</Support>
		<Technique>Photographie N&amp;B</Technique>
		<Format>4 x 4,5 cm</Format>
		<Cote>49Fi1872/69</Cote>
		<Observations>Tiré du négatif stéreoscopique portant la cote 49Fi28. Deux tirages recadrés de la partie droite du négatif portent les cotes 49Fi1874/4 et 49Fi1895.</Observations>
		<Origine>Don Faucher-Berhelé entré le 10/11/1978.</Origine>
		<Droits_Repro>Domaine public</Droits_Repro>
		<subject>MILITAIRE;PRISONNIER DE GUERRE;GUERRE 1914-1918;</subject>
		<geoname>AMIENS (ville);SOMME (département);</geoname>
		<persname></persname>
		<corpname></corpname>
	</DocsFigures>
<DocsFigures>
		<Titre>Amiens. 8.6.1915. Prisonniers allemands</Titre>
		<Analyse>Amiens (Somme).
8 juin 1915. Guerre 1914-1918.
Vue de prisonniers allemands défilant rue Saint-Leu.</Analyse>
		<Realise_en>1915</Realise_en>
		<Liste_des_auteurs>BERTHELÉ, Raoul</Liste_des_auteurs>
		<Type_Doc>PHOTOGRAPHIE N&amp;B</Type_Doc>
		<Support>PAPIER</Support>
		<Technique>Photographie N&amp;B</Technique>
		<Format>4 x 4,5 cm</Format>
		<Cote>49Fi1872/70</Cote>
		<Observations>Image contrastée.</Observations>
		<Origine>Don Faucher-Berhelé entré le 10/11/1978.</Origine>
		<Droits_Repro>Domaine public</Droits_Repro>
		<subject>MILITAIRE;PRISONNIER DE GUERRE;GUERRE 1914-1918;</subject>
		<geoname>AMIENS (ville);SOMME (département);</geoname>
		<persname></persname>
		<corpname></corpname>
	</DocsFigures>
<DocsFigures>
		<Titre>Amiens. 8.6.1915. Prisonniers allemands</Titre>
		<Analyse>Amiens (Somme).
8 juin 1915. Guerre 1914-1918.
Vue de prisonniers allemands défilant rue Saint-Leu.
Les prisonniers défilent devant une foule de femmes et sont encadrés par une cavalerie française.</Analyse>
		<Realise_en>1915</Realise_en>
		<Liste_des_auteurs>BERTHELÉ, Raoul</Liste_des_auteurs>
		<Type_Doc>PHOTOGRAPHIE N&amp;B</Type_Doc>
		<Support>PAPIER</Support>
		<Technique>Photographie N&amp;B</Technique>
		<Format>4 x 4,5 cm</Format>
		<Cote>49Fi1872/71</Cote>
		<Observations>Tiré d&apos;après le négatif stéréoscopique portant la cote 49Fi23.</Observations>
		<Origine>Don Faucher-Berhelé entré le 10/11/1978.</Origine>
		<Droits_Repro>Domaine public</Droits_Repro>
		<subject>MILITAIRE;PRISONNIER DE GUERRE;GUERRE 1914-1918;</subject>
		<geoname>AMIENS (ville);SOMME (département);</geoname>
		<persname></persname>
		<corpname></corpname>
	</DocsFigures>
<DocsFigures>
		<Titre>Cagny. Prisonniers allemands en corvée</Titre>
		<Analyse>Prisonniers allemands réalisant une corvée sur une route à Cagny (Somme).
Juin 1915. 
Guerre 1914-1918.</Analyse>
		<Realise_en>1915</Realise_en>
		<Liste_des_auteurs>BERTHELÉ, Raoul</Liste_des_auteurs>
		<Type_Doc>PHOTOGRAPHIE N&amp;B</Type_Doc>
		<Support>PAPIER</Support>
		<Technique>Photographie N&amp;B</Technique>
		<Format>4 x 4,5 cm</Format>
		<Cote>49Fi1872/73</Cote>
		<Observations></Observations>
		<Origine>Don Faucher-Berhelé entré le 10/11/1978.</Origine>
		<Droits_Repro>Domaine public</Droits_Repro>
		<subject>MILITAIRE;PRISONNIER DE GUERRE;GUERRE 1914-1918;</subject>
		<geoname>CAGNY (village);SOMME (département);</geoname>
		<persname></persname>
		<corpname></corpname>
	</DocsFigures>
<DocsFigures>
		<Titre>Corbie. Blessés allemands</Titre>
		<Analyse>Photo d&apos;un groupe de prisonniers allemands blessés à Corbie (Somme).
Juin 1915. 
Guerre 1914-1918.</Analyse>
		<Realise_en>1915</Realise_en>
		<Liste_des_auteurs>BERTHELÉ, Raoul</Liste_des_auteurs>
		<Type_Doc>PHOTOGRAPHIE N&amp;B</Type_Doc>
		<Support>PAPIER</Support>
		<Technique>Photographie N&amp;B</Technique>
		<Format>4 x 4,5 cm</Format>
		<Cote>49Fi1872/74</Cote>
		<Observations></Observations>
		<Origine>Don Faucher-Berhelé entré le 10/11/1978.</Origine>
		<Droits_Repro>Domaine public</Droits_Repro>
		<subject>MILITAIRE;PRISONNIER DE GUERRE;VICTIME DE GUERRE;GUERRE 1914-1918;</subject>
		<geoname>CORBIE (ville);SOMME (département);</geoname>
		<persname></persname>
		<corpname></corpname>
	</DocsFigures>
<DocsFigures>
		<Titre>Corbie. Départ de blessés. M. Rémy et son chien</Titre>
		<Analyse>Scène d&apos;évacuation de blessés de Corbie (Somme) vers un hôpital.
Juin 1915. 
Guerre 1914-1918.
A gauche de l&apos;image M. Rémy et son chien.</Analyse>
		<Realise_en>1915</Realise_en>
		<Liste_des_auteurs>BERTHELÉ, Raoul</Liste_des_auteurs>
		<Type_Doc>PHOTOGRAPHIE N&amp;B</Type_Doc>
		<Support>PAPIER</Support>
		<Technique>Photographie N&amp;B</Technique>
		<Format>4 x 4,5 cm</Format>
		<Cote>49Fi1872/75</Cote>
		<Observations></Observations>
		<Origine>Don Faucher-Berhelé entré le 10/11/1978.</Origine>
		<Droits_Repro>Domaine public</Droits_Repro>
		<subject>SERVICE SANITAIRE MILITAIRE;TRANSPORT SANITAIRE;MILITAIRE;VICTIME DE GUERRE;VEHICULE AUTOMOBILE;GUERRE 1914-1918;</subject>
		<geoname>CORBIE (ville);SOMME (département);</geoname>
		<persname></persname>
		<corpname>CROIX-ROUGE FRANCAISE;</corpname>
	</DocsFigures>
<DocsFigures>
		<Titre>Corbie. Blessés allemands</Titre>
		<Analyse>Trois blessés allemands à la gare de Corbie (Somme).
Juin 1915. 
Guerre 1914-1918.</Analyse>
		<Realise_en>1915</Realise_en>
		<Liste_des_auteurs>BERTHELÉ, Raoul</Liste_des_auteurs>
		<Type_Doc>PHOTOGRAPHIE N&amp;B</Type_Doc>
		<Support>PAPIER</Support>
		<Technique>Photographie N&amp;B</Technique>
		<Format>4 x 4,5 cm</Format>
		<Cote>49Fi1872/76</Cote>
		<Observations></Observations>
		<Origine>Don Faucher-Berhelé entré le 10/11/1978.</Origine>
		<Droits_Repro>Domaine public</Droits_Repro>
		<subject>GARE;MILITAIRE;VICTIME DE GUERRE;PRISONNIER DE GUERRE;GUERRE 1914-1918;</subject>
		<geoname>CORBIE (ville);SOMME (département);</geoname>
		<persname></persname>
		<corpname></corpname>
	</DocsFigures>
<DocsFigures>
		<Titre>Corbie. Blessés allemands</Titre>
		<Analyse>Trois blessés allemands munis de badges à la gare de Corbie (Somme).
Juin 1915. 
Guerre 1914-1918.</Analyse>
		<Realise_en>1915</Realise_en>
		<Liste_des_auteurs>BERTHELÉ, Raoul</Liste_des_auteurs>
		<Type_Doc>PHOTOGRAPHIE N&amp;B</Type_Doc>
		<Support>PAPIER</Support>
		<Technique>Photographie N&amp;B</Technique>
		<Format>4 x 4,5 cm</Format>
		<Cote>49Fi1872/77</Cote>
		<Observations></Observations>
		<Origine>Don Faucher-Berhelé entré le 10/11/1978.</Origine>
		<Droits_Repro>Domaine public</Droits_Repro>
		<subject>GARE;MILITAIRE;VICTIME DE GUERRE;PRISONNIER DE GUERRE;GUERRE 1914-1918;</subject>
		<geoname>CORBIE (ville);SOMME (département);</geoname>
		<persname></persname>
		<corpname></corpname>
	</DocsFigures>
<DocsFigures>
		<Titre>Corbie. Gare d&apos;évacuation</Titre>
		<Analyse>Scène d&apos;évacuation de blessés à la gare de Corbie (Somme).
1915. 
Guerre 1914-1918.</Analyse>
		<Realise_en>1915</Realise_en>
		<Liste_des_auteurs>BERTHELÉ, Raoul</Liste_des_auteurs>
		<Type_Doc>PHOTOGRAPHIE N&amp;B</Type_Doc>
		<Support>PAPIER</Support>
		<Technique>Photographie N&amp;B</Technique>
		<Format>4 x 4,5 cm</Format>
		<Cote>49Fi1872/78</Cote>
		<Observations></Observations>
		<Origine>Don Faucher-Berhelé entré le 10/11/1978.</Origine>
		<Droits_Repro>Domaine public</Droits_Repro>
		<subject>GARE;MILITAIRE;VICTIME DE GUERRE;GUERRE 1914-1918;</subject>
		<geoname>CORBIE (ville);SOMME (département);</geoname>
		<persname></persname>
		<corpname></corpname>
	</DocsFigures>
<DocsFigures>
		<Titre>Biplan Caudron</Titre>
		<Analyse>Vue d&apos;ensemble d&apos;un avion biplan Caudron en stationnement devant un hangar dans un champ d&apos;aviation près d&apos;Amiens (Somme).
Juin 1915. 
Guerre 1914-1918.</Analyse>
		<Realise_en>1915</Realise_en>
		<Liste_des_auteurs>BERTHELÉ, Raoul</Liste_des_auteurs>
		<Type_Doc>PHOTOGRAPHIE N&amp;B</Type_Doc>
		<Support>PAPIER</Support>
		<Technique>Photographie N&amp;B</Technique>
		<Format>4 x 4,5 cm</Format>
		<Cote>49Fi1872/79</Cote>
		<Observations></Observations>
		<Origine>Don Faucher-Berhelé entré le 10/11/1978.</Origine>
		<Droits_Repro>Domaine public</Droits_Repro>
		<subject>GUERRE 1914-1918;</subject>
		<geoname>SOMME (département);AMIENS (ville);</geoname>
		<persname></persname>
		<corpname></corpname>
	</DocsFigures>
<DocsFigures>
		<Titre>Corbie. Aviatic</Titre>
		<Analyse>Vue d&apos;un avion allemand Aviatic garé dans un hangar à Corbie (Somme).
Juin 1915. 
Guerre 1914-1918.</Analyse>
		<Realise_en>1915</Realise_en>
		<Liste_des_auteurs>BERTHELÉ, Raoul</Liste_des_auteurs>
		<Type_Doc>PHOTOGRAPHIE N&amp;B</Type_Doc>
		<Support>PAPIER</Support>
		<Technique>Photographie N&amp;B</Technique>
		<Format>4 x 4,5 cm</Format>
		<Cote>49Fi1872/81</Cote>
		<Observations></Observations>
		<Origine>Don Faucher-Berhelé entré le 10/11/1978.</Origine>
		<Droits_Repro>Domaine public</Droits_Repro>
		<subject>GARE;GUERRE 1914-1918;</subject>
		<geoname>CORBIE (ville);SOMME (département);</geoname>
		<persname></persname>
		<corpname></corpname>
	</DocsFigures>
<DocsFigures>
		<Titre>Adjudt. Bauer. Biplan Caudron</Titre>
		<Analyse>L&apos;adjudant Bauer pose devant un avion biplan Caudron dans un champ d&apos;aviation près d&apos;Amiens (Somme).
Juin 1915. 
Guerre 1914-1918.
Au second plan un hangar.</Analyse>
		<Realise_en>1915</Realise_en>
		<Liste_des_auteurs>BERTHELÉ, Raoul</Liste_des_auteurs>
		<Type_Doc>PHOTOGRAPHIE N&amp;B</Type_Doc>
		<Support>PAPIER</Support>
		<Technique>Photographie N&amp;B</Technique>
		<Format>4 x 4,5 cm</Format>
		<Cote>49Fi1872/82</Cote>
		<Observations></Observations>
		<Origine>Don Faucher-Berhelé entré le 10/11/1978.</Origine>
		<Droits_Repro>Domaine public</Droits_Repro>
		<subject>GUERRE 1914-1918;</subject>
		<geoname>SOMME (département);AMIENS (ville);</geoname>
		<persname></persname>
		<corpname></corpname>
	</DocsFigures>
<DocsFigures>
		<Titre>Corbie. Aviatic</Titre>
		<Analyse>Vue d&apos;un avion allemand Aviatic garé dans un hangar à Corbie (Somme).
1915. 
Guerre 1914-1918.</Analyse>
		<Realise_en>1915</Realise_en>
		<Liste_des_auteurs>BERTHELÉ, Raoul</Liste_des_auteurs>
		<Type_Doc>PHOTOGRAPHIE N&amp;B</Type_Doc>
		<Support>PAPIER</Support>
		<Technique>Photographie N&amp;B</Technique>
		<Format>4 x 4,5 cm</Format>
		<Cote>49Fi1872/84</Cote>
		<Observations></Observations>
		<Origine>Don Faucher-Berhelé entré le 10/11/1978.</Origine>
		<Droits_Repro>Domaine public</Droits_Repro>
		<subject>GARE;GUERRE 1914-1918;</subject>
		<geoname>CORBIE (ville);SOMME (département);</geoname>
		<persname></persname>
		<corpname></corpname>
	</DocsFigures>
<DocsFigures>
		<Titre>Saleux. Mlle J. Cornu</Titre>
		<Analyse>Portrait de Mlle Jeanne Cornu dans un champ de blé à Saleux (Somme).
Juin-juillet 1915. 
Guerre 1914-1918.
Elle tient un bouquet de fleurs sauvages </Analyse>
		<Realise_en>1915</Realise_en>
		<Liste_des_auteurs>BERTHELÉ, Raoul</Liste_des_auteurs>
		<Type_Doc>PHOTOGRAPHIE N&amp;B</Type_Doc>
		<Support>PAPIER</Support>
		<Technique>Photographie N&amp;B</Technique>
		<Format>4 x 4,5 cm</Format>
		<Cote>49Fi1872/85</Cote>
		<Observations></Observations>
		<Origine>Don Faucher-Berhelé entré le 10/11/1978.</Origine>
		<Droits_Repro>Domaine public</Droits_Repro>
		<subject>GUERRE 1914-1918;</subject>
		<geoname>SALEUX (ville);SOMME (département);</geoname>
		<persname></persname>
		<corpname></corpname>
	</DocsFigures>
<DocsFigures>
		<Titre>Bénédiction du  M. F. 426 de P. Descoings par l&apos;abbé Sévajols</Titre>
		<Analyse>Bénédiction par l&apos;abbé Sévajols de l&apos;avion biplan M. Farman 426 de Paul Descoings en présence de Raoul Berthelé et de Mmes Delagarde sur un champ d&apos;aviation à Amiens (Somme).
Juin-juillet 1915. 
Guerre 1914-1918.</Analyse>
		<Realise_en>1915</Realise_en>
		<Liste_des_auteurs>BERTHELÉ, Raoul</Liste_des_auteurs>
		<Type_Doc>PHOTOGRAPHIE N&amp;B</Type_Doc>
		<Support>PAPIER</Support>
		<Technique>Photographie N&amp;B</Technique>
		<Format>4 x 4,5 cm</Format>
		<Cote>49Fi1872/86</Cote>
		<Observations></Observations>
		<Origine>Don Faucher-Berhelé entré le 10/11/1978.</Origine>
		<Droits_Repro>Domaine public</Droits_Repro>
		<subject>GUERRE 1914-1918;</subject>
		<geoname>SOMME (département);AMIENS (ville);</geoname>
		<persname>BERTHELE, Raoul;</persname>
		<corpname></corpname>
	</DocsFigures>
<DocsFigures>
		<Titre>P. Descoings et M. L. D.</Titre>
		<Analyse>Paul Descoings et M-L. Delagarde posent dans un avion biplan M. Farman dans un champ d&apos;aviation à Amiens (Somme).
Juin-juillet 1915. 
Guerre 1914-1918.</Analyse>
		<Realise_en>1915</Realise_en>
		<Liste_des_auteurs>BERTHELÉ, Raoul</Liste_des_auteurs>
		<Type_Doc>PHOTOGRAPHIE N&amp;B</Type_Doc>
		<Support>PAPIER</Support>
		<Technique>Photographie N&amp;B</Technique>
		<Format>4 x 4,5 cm</Format>
		<Cote>49Fi1872/87</Cote>
		<Observations></Observations>
		<Origine>Don Faucher-Berhelé entré le 10/11/1978.</Origine>
		<Droits_Repro>Domaine public</Droits_Repro>
		<subject>GUERRE 1914-1918;</subject>
		<geoname>SOMME (département);AMIENS (ville);</geoname>
		<persname></persname>
		<corpname></corpname>
	</DocsFigures>
<DocsFigures>
		<Titre>Saleux Mlle J. Cornu et R. B.</Titre>
		<Analyse>Jeanne Cornu et Raoul Berthelé posent dans un champ de blé près de Saleux (Somme).
Juin-juillet 1915. 
Guerre 1914-1918.</Analyse>
		<Realise_en>1915</Realise_en>
		<Liste_des_auteurs>BERTHELÉ, Raoul</Liste_des_auteurs>
		<Type_Doc>PHOTOGRAPHIE N&amp;B</Type_Doc>
		<Support>PAPIER</Support>
		<Technique>Photographie N&amp;B</Technique>
		<Format>4 x 4,5 cm</Format>
		<Cote>49Fi1872/88</Cote>
		<Observations></Observations>
		<Origine>Don Faucher-Berhelé entré le 10/11/1978.</Origine>
		<Droits_Repro>Domaine public</Droits_Repro>
		<subject>GUERRE 1914-1918;</subject>
		<geoname>SALEUX (ville);SOMME (département);</geoname>
		<persname>BERTHELE, Raoul;</persname>
		<corpname></corpname>
	</DocsFigures>
<DocsFigures>
		<Titre>P. Descoings et R. Berthelé. Départ</Titre>
		<Analyse>Départ de Paul Descoings et Raoul Berthelé aux commandes d&apos;un avion biplan M. Farman sur un champ d&apos;aviation à Amiens (Somme).
1915. 
Guerre 1914-1918.</Analyse>
		<Realise_en>1915</Realise_en>
		<Liste_des_auteurs>BERTHELÉ, Raoul</Liste_des_auteurs>
		<Type_Doc>PHOTOGRAPHIE N&amp;B</Type_Doc>
		<Support>PAPIER</Support>
		<Technique>Photographie N&amp;B</Technique>
		<Format>4 x 4,5 cm</Format>
		<Cote>49Fi1872/89</Cote>
		<Observations></Observations>
		<Origine>Don Faucher-Berhelé entré le 10/11/1978.</Origine>
		<Droits_Repro>Domaine public</Droits_Repro>
		<subject>GUERRE 1914-1918;</subject>
		<geoname>SOMME (département);AMIENS (ville);</geoname>
		<persname>BERTHELE, Raoul;</persname>
		<corpname></corpname>
	</DocsFigures>
<DocsFigures>
		<Titre>P. Descoings et R. Berthelé. Atterrissage</Titre>
		<Analyse>Atterrissage de Paul Descoings et Raoul Berthelé aux commandes d&apos;un avion biplan M. Farman sur un champ d&apos;aviation à Amiens (Somme).
Juin-juillet 1915. 
Guerre 1914-1918.</Analyse>
		<Realise_en>1915</Realise_en>
		<Liste_des_auteurs>BERTHELÉ, Raoul</Liste_des_auteurs>
		<Type_Doc>PHOTOGRAPHIE N&amp;B</Type_Doc>
		<Support>PAPIER</Support>
		<Technique>Photographie N&amp;B</Technique>
		<Format>4 x 4,5 cm</Format>
		<Cote>49Fi1872/90</Cote>
		<Observations>Image peu lisible.</Observations>
		<Origine>Don Faucher-Berhelé entré le 10/11/1978.</Origine>
		<Droits_Repro>Domaine public</Droits_Repro>
		<subject>GUERRE 1914-1918;</subject>
		<geoname>SOMME (département);AMIENS (ville);</geoname>
		<persname>BERTHELE, Raoul;</persname>
		<corpname></corpname>
	</DocsFigures>
<DocsFigures>
		<Titre>Amiens. Abattoir. Le cap. Jacquet</Titre>
		<Analyse>Le caporal Jacquet pose à côté d&apos;une vache et de son veau à l&apos;abattoir d&apos;Amiens (Somme).
Juin-juillet 1915. 
Guerre 1914-1918.</Analyse>
		<Realise_en>1915</Realise_en>
		<Liste_des_auteurs>BERTHELÉ, Raoul</Liste_des_auteurs>
		<Type_Doc>PHOTOGRAPHIE N&amp;B</Type_Doc>
		<Support>PAPIER</Support>
		<Technique>Photographie N&amp;B</Technique>
		<Format>4 x 4,5 cm</Format>
		<Cote>49Fi1872/91</Cote>
		<Observations></Observations>
		<Origine>Don Faucher-Berhelé entré le 10/11/1978.</Origine>
		<Droits_Repro>Domaine public</Droits_Repro>
		<subject>GUERRE 1914-1918;</subject>
		<geoname>AMIENS (ville);SOMME (département);</geoname>
		<persname></persname>
		<corpname></corpname>
	</DocsFigures>
<DocsFigures>
		<Titre>Amiens. Mlle J. Cornu. La Hotoie</Titre>
		<Analyse>Portrait en pied de Mlle Cornu au bord de l&apos;eau à la Hotoie près d&apos;Amiens (Somme).
Juin-juillet 1915. 
Guerre 1914-1918.</Analyse>
		<Realise_en>1915</Realise_en>
		<Liste_des_auteurs>BERTHELÉ, Raoul</Liste_des_auteurs>
		<Type_Doc>PHOTOGRAPHIE N&amp;B</Type_Doc>
		<Support>PAPIER</Support>
		<Technique>Photographie N&amp;B</Technique>
		<Format>4 x 4,5 cm</Format>
		<Cote>49Fi1872/92</Cote>
		<Observations></Observations>
		<Origine>Don Faucher-Berhelé entré le 10/11/1978.</Origine>
		<Droits_Repro>Domaine public</Droits_Repro>
		<subject>GUERRE 1914-1918;</subject>
		<geoname>SOMME (département);AMIENS (ville);</geoname>
		<persname></persname>
		<corpname></corpname>
	</DocsFigures>
<DocsFigures>
		<Titre>Amiens. Abattoir. Le caporal Jacquet</Titre>
		<Analyse>Le caporal Jacquet tenant par une corde un taureau dans la cour de l&apos;abattoir d&apos;Amiens (Somme).
Juin-juillet 1915. 
Guerre 1914-1918.</Analyse>
		<Realise_en>1915</Realise_en>
		<Liste_des_auteurs>BERTHELÉ, Raoul</Liste_des_auteurs>
		<Type_Doc>PHOTOGRAPHIE N&amp;B</Type_Doc>
		<Support>PAPIER</Support>
		<Technique>Photographie N&amp;B</Technique>
		<Format>4 x 4,5 cm</Format>
		<Cote>49Fi1872/94</Cote>
		<Observations></Observations>
		<Origine>Don Faucher-Berhelé entré le 10/11/1978.</Origine>
		<Droits_Repro>Domaine public</Droits_Repro>
		<subject>GUERRE 1914-1918;</subject>
		<geoname>AMIENS (ville);SOMME (département);</geoname>
		<persname></persname>
		<corpname></corpname>
	</DocsFigures>
<DocsFigures>
		<Titre>Amiens. Mlle  J. Cornu. La Hotoie</Titre>
		<Analyse>Portrait en pied de Mlle Cornu derrière un arbre à la Hotoie près d&apos;Amiens (Somme).
1915. 
Guerre 1914-1918.</Analyse>
		<Realise_en>1915</Realise_en>
		<Liste_des_auteurs>BERTHELÉ, Raoul</Liste_des_auteurs>
		<Type_Doc>PHOTOGRAPHIE N&amp;B</Type_Doc>
		<Support>PAPIER</Support>
		<Technique>Photographie N&amp;B</Technique>
		<Format>4 x 4,5 cm</Format>
		<Cote>49Fi1872/95</Cote>
		<Observations></Observations>
		<Origine>Don Faucher-Berhelé entré le 10/11/1978.</Origine>
		<Droits_Repro>Domaine public</Droits_Repro>
		<subject>GUERRE 1914-1918;</subject>
		<geoname>SOMME (département);AMIENS (ville);</geoname>
		<persname></persname>
		<corpname></corpname>
	</DocsFigures>
<DocsFigures>
		<Titre>Amiens. Abattoir</Titre>
		<Analyse>Scène de dépeçage de moutons à l&apos;abattoir d&apos;Amiens (Somme).
Juin-juillet 1915. 
Guerre 1914-1918.</Analyse>
		<Realise_en>1915</Realise_en>
		<Liste_des_auteurs>BERTHELÉ, Raoul</Liste_des_auteurs>
		<Type_Doc>PHOTOGRAPHIE N&amp;B</Type_Doc>
		<Support>PAPIER</Support>
		<Technique>Photographie N&amp;B</Technique>
		<Format>4 x 4,5 cm</Format>
		<Cote>49Fi1872/97</Cote>
		<Observations>Image contrastée.</Observations>
		<Origine>Don Faucher-Berhelé entré le 10/11/1978.</Origine>
		<Droits_Repro>Domaine public</Droits_Repro>
		<subject>GUERRE 1914-1918;</subject>
		<geoname>AMIENS (ville);SOMME (département);</geoname>
		<persname></persname>
		<corpname></corpname>
	</DocsFigures>
<DocsFigures>
		<Titre>Amiens. Abattoir. Vaches malades</Titre>
		<Analyse>Vaches malades mises en quarantaine à l&apos;abattoir d&apos;Amiens (Somme).
Juin-juillet 1915. 
Guerre 1914-1918.</Analyse>
		<Realise_en>1915</Realise_en>
		<Liste_des_auteurs>BERTHELÉ, Raoul</Liste_des_auteurs>
		<Type_Doc>PHOTOGRAPHIE N&amp;B</Type_Doc>
		<Support>PAPIER</Support>
		<Technique>Photographie N&amp;B</Technique>
		<Format>4 x 4,5 cm</Format>
		<Cote>49Fi1872/98</Cote>
		<Observations></Observations>
		<Origine>Don Faucher-Berhelé entré le 10/11/1978.</Origine>
		<Droits_Repro>Domaine public</Droits_Repro>
		<subject>GUERRE 1914-1918;</subject>
		<geoname>AMIENS (ville);SOMME (département);</geoname>
		<persname></persname>
		<corpname></corpname>
	</DocsFigures>
<DocsFigures>
		<Titre>Paris. Invalides. Aéro boche</Titre>
		<Analyse>Exposition de trophées de guerre aux Invalides à Paris : un avion allemand.
29 juillet 1915. 
Guerre 1914-1918.
Photo prise lors d&apos;une permission.</Analyse>
		<Realise_en>1915</Realise_en>
		<Liste_des_auteurs>BERTHELÉ, Raoul</Liste_des_auteurs>
		<Type_Doc>PHOTOGRAPHIE N&amp;B</Type_Doc>
		<Support>PAPIER</Support>
		<Technique>Photographie N&amp;B</Technique>
		<Format>4 x 4,5 cm</Format>
		<Cote>49Fi1872/99</Cote>
		<Observations>Image peu lumineuse et contrastée.</Observations>
		<Origine>Don Faucher-Berhelé entré le 10/11/1978.</Origine>
		<Droits_Repro>Domaine public</Droits_Repro>
		<subject>GUERRE 1914-1918;</subject>
		<geoname>PARIS (ville);</geoname>
		<persname></persname>
		<corpname></corpname>
	</DocsFigures>
<DocsFigures>
		<Titre>Amiens. Abattoir. M. Legigan</Titre>
		<Analyse>Le capitaine Légigan en train d&apos;inspecter les viandes à l&apos;abattoir d&apos;Amiens (Somme).
Juin-juillet 1915. 
Guerre 1914-1918.</Analyse>
		<Realise_en>1915</Realise_en>
		<Liste_des_auteurs>BERTHELÉ, Raoul</Liste_des_auteurs>
		<Type_Doc>PHOTOGRAPHIE N&amp;B</Type_Doc>
		<Support>PAPIER</Support>
		<Technique>Photographie N&amp;B</Technique>
		<Format>4 x 4,5 cm</Format>
		<Cote>49Fi1872/100</Cote>
		<Observations>Image contrastée.</Observations>
		<Origine>Don Faucher-Berhelé entré le 10/11/1978.</Origine>
		<Droits_Repro>Domaine public</Droits_Repro>
		<subject>GUERRE 1914-1918;</subject>
		<geoname>AMIENS (ville);SOMME (département);</geoname>
		<persname></persname>
		<corpname></corpname>
	</DocsFigures>
<DocsFigures>
		<Titre>Amiens. M. Legigan et Fontanel</Titre>
		<Analyse>Le capitaine Légigan et M. Fontanel en train d&apos;inspecter les viandes à l&apos;abattoir d&apos;Amiens (Somme).
Juin-juillet 1915. 
Guerre 1914-1918.</Analyse>
		<Realise_en>1915</Realise_en>
		<Liste_des_auteurs>BERTHELÉ, Raoul</Liste_des_auteurs>
		<Type_Doc>PHOTOGRAPHIE N&amp;B</Type_Doc>
		<Support>PAPIER</Support>
		<Technique>Photographie N&amp;B</Technique>
		<Format>4 x 4,5 cm</Format>
		<Cote>49Fi1872/101</Cote>
		<Observations>Image contrastée.</Observations>
		<Origine>Don Faucher-Berhelé entré le 10/11/1978.</Origine>
		<Droits_Repro>Domaine public</Droits_Repro>
		<subject>GUERRE 1914-1918;</subject>
		<geoname>AMIENS (ville);SOMME (département);</geoname>
		<persname></persname>
		<corpname></corpname>
	</DocsFigures>
<DocsFigures>
		<Titre>Paris. Invalides. Canons allemands</Titre>
		<Analyse>Exposition de trophées de guerre aux Invalides à Paris : canons allemands.
29 juillet 1915. 
Guerre 1914-1918.</Analyse>
		<Realise_en>1915</Realise_en>
		<Liste_des_auteurs>BERTHELÉ, Raoul</Liste_des_auteurs>
		<Type_Doc>PHOTOGRAPHIE N&amp;B</Type_Doc>
		<Support>PAPIER</Support>
		<Technique>Photographie N&amp;B</Technique>
		<Format>4 x 4,5 cm</Format>
		<Cote>49Fi1872/102</Cote>
		<Observations>Image peu lumineuse et contrastée.</Observations>
		<Origine>Don Faucher-Berhelé entré le 10/11/1978.</Origine>
		<Droits_Repro>Domaine public</Droits_Repro>
		<subject>GUERRE 1914-1918;</subject>
		<geoname>PARIS (ville);</geoname>
		<persname></persname>
		<corpname></corpname>
	</DocsFigures>
<DocsFigures>
		<Titre>Course de natation Camon-Amiens le 11 juillet 1915</Titre>
		<Analyse>&quot;Départ (port de Camon)&quot;
Départ au port de Camon de la course de natation Camon-Amiens (Somme).
1915. 
Guerre 1914-1918.</Analyse>
		<Realise_en>1915</Realise_en>
		<Liste_des_auteurs>BERTHELÉ, Raoul</Liste_des_auteurs>
		<Type_Doc>PHOTOGRAPHIE N&amp;B</Type_Doc>
		<Support>PAPIER</Support>
		<Technique>Photographie N&amp;B</Technique>
		<Format>4 x 4,5 cm</Format>
		<Cote>49Fi1872/103</Cote>
		<Observations></Observations>
		<Origine>Don Faucher-Berhelé entré le 10/11/1978.</Origine>
		<Droits_Repro>Domaine public</Droits_Repro>
		<subject>GUERRE 1914-1918;</subject>
		<geoname>AMIENS (ville);SOMME (département);</geoname>
		<persname></persname>
		<corpname></corpname>
	</DocsFigures>
<DocsFigures>
		<Titre>Course de natation Camon-Amiens le 11 juillet 1915</Titre>
		<Analyse>Vue d&apos;ensemble course de natation entre Camon et Amiens (Somme).
11 juillet 1915. 
Guerre 1914-1918.
Au premier plan les nageurs à l&apos;oeuvre, au fond la foule installée sur les berges assistant à la course.</Analyse>
		<Realise_en>1915</Realise_en>
		<Liste_des_auteurs>BERTHELÉ, Raoul</Liste_des_auteurs>
		<Type_Doc>PHOTOGRAPHIE N&amp;B</Type_Doc>
		<Support>PAPIER</Support>
		<Technique>Photographie N&amp;B</Technique>
		<Format>4 x 4,5 cm</Format>
		<Cote>49Fi1872/104</Cote>
		<Observations></Observations>
		<Origine>Don Faucher-Berhelé entré le 10/11/1978.</Origine>
		<Droits_Repro>Domaine public</Droits_Repro>
		<subject>GUERRE 1914-1918;</subject>
		<geoname>AMIENS (ville);SOMME (département);</geoname>
		<persname></persname>
		<corpname></corpname>
	</DocsFigures>
<DocsFigures>
		<Titre>Course de natation Camon-Amiens le 11 juillet 1915</Titre>
		<Analyse>Vue d&apos;ensemble des nageurs lors de la cours de natation entre Camon et Amiens (Somme).
11 juillet 1915. 
Guerre 1914-1918.</Analyse>
		<Realise_en>1915</Realise_en>
		<Liste_des_auteurs>BERTHELÉ, Raoul</Liste_des_auteurs>
		<Type_Doc>PHOTOGRAPHIE N&amp;B</Type_Doc>
		<Support>PAPIER</Support>
		<Technique>Photographie N&amp;B</Technique>
		<Format>4 x 4,5 cm</Format>
		<Cote>49Fi1872/105</Cote>
		<Observations></Observations>
		<Origine>Don Faucher-Berhelé entré le 10/11/1978.</Origine>
		<Droits_Repro>Domaine public</Droits_Repro>
		<subject>GUERRE 1914-1918;</subject>
		<geoname>AMIENS (ville);SOMME (département);CAMON (ville);</geoname>
		<persname></persname>
		<corpname></corpname>
	</DocsFigures>
<DocsFigures>
		<Titre>Course de natation Camon-Amiens le 11 juillet 1915</Titre>
		<Analyse>Vue générale de la foule sur le chemin de halage et des nageurs de la course de natation  Camon-Amiens (Somme).
11 juillet 1915. 
Guerre 1914-1918.</Analyse>
		<Realise_en>1915</Realise_en>
		<Liste_des_auteurs>BERTHELÉ, Raoul</Liste_des_auteurs>
		<Type_Doc>PHOTOGRAPHIE N&amp;B</Type_Doc>
		<Support>PAPIER</Support>
		<Technique>Photographie N&amp;B</Technique>
		<Format>4 x 4,5 cm</Format>
		<Cote>49Fi1872/106</Cote>
		<Observations></Observations>
		<Origine>Don Faucher-Berhelé entré le 10/11/1978.</Origine>
		<Droits_Repro>Domaine public</Droits_Repro>
		<subject>GUERRE 1914-1918;</subject>
		<geoname>AMIENS (ville);SOMME (département);</geoname>
		<persname></persname>
		<corpname></corpname>
	</DocsFigures>
<DocsFigures>
		<Titre>Course de natation Camon-Amiens le 11 juillet 1915</Titre>
		<Analyse>&quot;Arrivée&quot;.
Arrivée des trois premiers de la course de natation Camon-Amiens (Somme).
11 juillet 1915. 
Guerre 1914-1918.</Analyse>
		<Realise_en>1915</Realise_en>
		<Liste_des_auteurs>BERTHELÉ, Raoul</Liste_des_auteurs>
		<Type_Doc>PHOTOGRAPHIE N&amp;B</Type_Doc>
		<Support>PAPIER</Support>
		<Technique>Photographie N&amp;B</Technique>
		<Format>4 x 4,5 cm</Format>
		<Cote>49Fi1872/107</Cote>
		<Observations></Observations>
		<Origine>Don Faucher-Berhelé entré le 10/11/1978.</Origine>
		<Droits_Repro>Domaine public</Droits_Repro>
		<subject>GUERRE 1914-1918;</subject>
		<geoname>AMIENS (ville);SOMME (département);</geoname>
		<persname></persname>
		<corpname></corpname>
	</DocsFigures>
<DocsFigures>
		<Titre>Course de natation Camon-Amiens le 11 juillet 1915</Titre>
		<Analyse>&quot;Les 3 premiers&quot;.
Les vainqueurs de la course de natation Camon-Amiens (Somme).
11 juillet 1915. 
Guerre 1914-1918.</Analyse>
		<Realise_en>1915</Realise_en>
		<Liste_des_auteurs>BERTHELÉ, Raoul</Liste_des_auteurs>
		<Type_Doc>PHOTOGRAPHIE N&amp;B</Type_Doc>
		<Support>PAPIER</Support>
		<Technique>Photographie N&amp;B</Technique>
		<Format>4 x 4,5 cm</Format>
		<Cote>49Fi1872/108</Cote>
		<Observations></Observations>
		<Origine>Don Faucher-Berhelé entré le 10/11/1978.</Origine>
		<Droits_Repro>Domaine public</Droits_Repro>
		<subject>GUERRE 1914-1918;</subject>
		<geoname>AMIENS (ville);SOMME (département);</geoname>
		<persname></persname>
		<corpname></corpname>
	</DocsFigures>
<DocsFigures>
		<Titre>M. Marle. Freuchet et Bellet</Titre>
		<Analyse>MM. Marle, Freuchet et Bellet à la terrasse d&apos;un buvette au bassin de natation d&apos;Amiens (Somme).
11 juillet 1915. 
Guerre 1914-1918.</Analyse>
		<Realise_en>1915</Realise_en>
		<Liste_des_auteurs>BERTHELÉ, Raoul</Liste_des_auteurs>
		<Type_Doc>PHOTOGRAPHIE N&amp;B</Type_Doc>
		<Support>PAPIER</Support>
		<Technique>Photographie N&amp;B</Technique>
		<Format>4 x 4,5 cm</Format>
		<Cote>49Fi1872/109</Cote>
		<Observations>Image contrastée.</Observations>
		<Origine>Don Faucher-Berhelé entré le 10/11/1978.</Origine>
		<Droits_Repro>Domaine public</Droits_Repro>
		<subject>GUERRE 1914-1918;</subject>
		<geoname>AMIENS (ville);SOMME (département);</geoname>
		<persname></persname>
		<corpname></corpname>
	</DocsFigures>
<DocsFigures>
		<Titre>Champion de plongeon</Titre>
		<Analyse>M. Tourbier champion de plongeon au bassin de natation d&apos;Amiens (Somme).
11 juillet 1915.
Guerre 1914-1918.</Analyse>
		<Realise_en>1915</Realise_en>
		<Liste_des_auteurs>BERTHELÉ, Raoul</Liste_des_auteurs>
		<Type_Doc>PHOTOGRAPHIE N&amp;B</Type_Doc>
		<Support>PAPIER</Support>
		<Technique>Photographie N&amp;B</Technique>
		<Format>4 x 4,5 cm</Format>
		<Cote>49Fi1872/110</Cote>
		<Observations>Image contrastée.</Observations>
		<Origine>Don Faucher-Berhelé entré le 10/11/1978.</Origine>
		<Droits_Repro>Domaine public</Droits_Repro>
		<subject>GUERRE 1914-1918;</subject>
		<geoname>AMIENS (ville);SOMME (département);</geoname>
		<persname></persname>
		<corpname></corpname>
	</DocsFigures>
<DocsFigures>
		<Titre>Plongeon</Titre>
		<Analyse>Plongeon de M. Tourbier au bassin de natation d&apos;Amiens (Somme).
11 juillet 1915. 
Guerre 1914-1918.</Analyse>
		<Realise_en>1915</Realise_en>
		<Liste_des_auteurs>BERTHELÉ, Raoul</Liste_des_auteurs>
		<Type_Doc>PHOTOGRAPHIE N&amp;B</Type_Doc>
		<Support>PAPIER</Support>
		<Technique>Photographie N&amp;B</Technique>
		<Format>4 x 4,5 cm</Format>
		<Cote>49Fi1872/111</Cote>
		<Observations>Image contrastée.</Observations>
		<Origine>Don Faucher-Berhelé entré le 10/11/1978.</Origine>
		<Droits_Repro>Domaine public</Droits_Repro>
		<subject>GUERRE 1914-1918;</subject>
		<geoname>AMIENS (ville);SOMME (département);</geoname>
		<persname></persname>
		<corpname></corpname>
	</DocsFigures>
<DocsFigures>
		<Titre>Amiens. Bassin de natation</Titre>
		<Analyse>Jeunes hommes s&apos;apprêtant à plonger dans le bassin de natation d&apos;Amiens (Somme)
11 juillet 1915. 
Guerre 1914-1918.</Analyse>
		<Realise_en>1915</Realise_en>
		<Liste_des_auteurs>BERTHELÉ, Raoul</Liste_des_auteurs>
		<Type_Doc>PHOTOGRAPHIE N&amp;B</Type_Doc>
		<Support>PAPIER</Support>
		<Technique>Photographie N&amp;B</Technique>
		<Format>4 x 4,5 cm</Format>
		<Cote>49Fi1872/112</Cote>
		<Observations>Image contrastée.</Observations>
		<Origine>Don Faucher-Berhelé entré le 10/11/1978.</Origine>
		<Droits_Repro>Domaine public</Droits_Repro>
		<subject>GUERRE 1914-1918;</subject>
		<geoname>AMIENS (ville);SOMME (département);</geoname>
		<persname></persname>
		<corpname></corpname>
	</DocsFigures>
<DocsFigures>
		<Titre>Amiens. Bassin de natation</Titre>
		<Analyse>Plongeons dans le bassin de natation d&apos;Amiens (Somme).
1915. 
Guerre 1914-1918.</Analyse>
		<Realise_en>1915</Realise_en>
		<Liste_des_auteurs>BERTHELÉ, Raoul</Liste_des_auteurs>
		<Type_Doc>PHOTOGRAPHIE N&amp;B</Type_Doc>
		<Support>PAPIER</Support>
		<Technique>Photographie N&amp;B</Technique>
		<Format>4 x 4,5 cm</Format>
		<Cote>49Fi1872/113</Cote>
		<Observations>Image contrastée.</Observations>
		<Origine>Don Faucher-Berhelé entré le 10/11/1978.</Origine>
		<Droits_Repro>Domaine public</Droits_Repro>
		<subject>GUERRE 1914-1918;</subject>
		<geoname>AMIENS (ville);SOMME (département);</geoname>
		<persname></persname>
		<corpname></corpname>
	</DocsFigures>
<DocsFigures>
		<Titre>Amiens. Bassin de natation</Titre>
		<Analyse>M. Tourbier nageant dans le bassin de natation d&apos;Amiens (Somme).
11 juillet 1915. 
Guerre 1914-1918.</Analyse>
		<Realise_en>1915</Realise_en>
		<Liste_des_auteurs>BERTHELÉ, Raoul</Liste_des_auteurs>
		<Type_Doc>PHOTOGRAPHIE N&amp;B</Type_Doc>
		<Support>PAPIER</Support>
		<Technique>Photographie N&amp;B</Technique>
		<Format>4 x 4,5 cm</Format>
		<Cote>49Fi1872/114</Cote>
		<Observations>Image contrastée.</Observations>
		<Origine>Don Faucher-Berhelé entré le 10/11/1978.</Origine>
		<Droits_Repro>Domaine public</Droits_Repro>
		<subject>GUERRE 1914-1918;</subject>
		<geoname>AMIENS (ville);SOMME (département);</geoname>
		<persname></persname>
		<corpname></corpname>
	</DocsFigures>
<DocsFigures>
		<Titre>Amiens. Bassin de natation</Titre>
		<Analyse>Plongeons dans le bassin de natation d&apos;Amiens (Somme).
11 juillet 1915. 
Guerre 1914-1918.</Analyse>
		<Realise_en>1915</Realise_en>
		<Liste_des_auteurs>BERTHELÉ, Raoul</Liste_des_auteurs>
		<Type_Doc>PHOTOGRAPHIE N&amp;B</Type_Doc>
		<Support>PAPIER</Support>
		<Technique>Photographie N&amp;B</Technique>
		<Format>4 x 4,5 cm</Format>
		<Cote>49Fi1872/115</Cote>
		<Observations>Image contrastée.
lié à 49Fi865</Observations>
		<Origine>Don Faucher-Berhelé entré le 10/11/1978.</Origine>
		<Droits_Repro>Domaine public</Droits_Repro>
		<subject>GUERRE 1914-1918;</subject>
		<geoname>AMIENS (ville);SOMME (département);</geoname>
		<persname></persname>
		<corpname></corpname>
	</DocsFigures>
<DocsFigures>
		<Titre>Amiens. Bassin de natation</Titre>
		<Analyse>Plongeon de M. Tourbier dans le bassin de natation d&apos;Amiens (Somme).
11 juillet 1915. 
Guerre 1914-1918.</Analyse>
		<Realise_en>1915</Realise_en>
		<Liste_des_auteurs>BERTHELÉ, Raoul</Liste_des_auteurs>
		<Type_Doc>PHOTOGRAPHIE N&amp;B</Type_Doc>
		<Support>PAPIER</Support>
		<Technique>Photographie N&amp;B</Technique>
		<Format>4 x 4,5 cm</Format>
		<Cote>49Fi1872/116</Cote>
		<Observations>Image contrastée.</Observations>
		<Origine>Don Faucher-Berhelé entré le 10/11/1978.</Origine>
		<Droits_Repro>Domaine public</Droits_Repro>
		<subject>GUERRE 1914-1918;</subject>
		<geoname>AMIENS (ville);SOMME (département);</geoname>
		<persname></persname>
		<corpname></corpname>
	</DocsFigures>
<DocsFigures>
		<Titre>Amiens. Bassin de natation</Titre>
		<Analyse>Nageurs dans le bassin de natation d&apos;Amiens (Somme).
11 juillet 1915. 
Guerre 1914-1918.</Analyse>
		<Realise_en>1915</Realise_en>
		<Liste_des_auteurs>BERTHELÉ, Raoul</Liste_des_auteurs>
		<Type_Doc>PHOTOGRAPHIE N&amp;B</Type_Doc>
		<Support>PAPIER</Support>
		<Technique>Photographie N&amp;B</Technique>
		<Format>4 x 4,5 cm</Format>
		<Cote>49Fi1872/117</Cote>
		<Observations>Image contrastée.</Observations>
		<Origine>Don Faucher-Berhelé entré le 10/11/1978.</Origine>
		<Droits_Repro>Domaine public</Droits_Repro>
		<subject>GUERRE 1914-1918;</subject>
		<geoname>AMIENS (ville);SOMME (département);</geoname>
		<persname></persname>
		<corpname></corpname>
	</DocsFigures>
<DocsFigures>
		<Titre>Saleux. Ouvrières</Titre>
		<Analyse>Portrait en pied de l&apos;ouvrière Palma de l&apos;usine Poiret à Saleux (Somme).
Juillet 1915. 
Guerre 1914-1918.</Analyse>
		<Realise_en>1915</Realise_en>
		<Liste_des_auteurs>BERTHELÉ, Raoul</Liste_des_auteurs>
		<Type_Doc>PHOTOGRAPHIE N&amp;B</Type_Doc>
		<Support>PAPIER</Support>
		<Technique>Photographie N&amp;B</Technique>
		<Format>4 x 4,5 cm</Format>
		<Cote>49Fi1872/118</Cote>
		<Observations>Image contrastée.</Observations>
		<Origine>Don Faucher-Berhelé entré le 10/11/1978.</Origine>
		<Droits_Repro>Domaine public</Droits_Repro>
		<subject>GUERRE 1914-1918;</subject>
		<geoname>SALEUX (ville);SOMME (département);</geoname>
		<persname></persname>
		<corpname></corpname>
	</DocsFigures>
<DocsFigures>
		<Titre>Saleux. Ouvrières</Titre>
		<Analyse>Portrait en pied d&apos;un ouvrière de l&apos;usine Poiret à Saleux (Somme).
Juillet 1915. 
Guerre 1914-1918.</Analyse>
		<Realise_en>1915</Realise_en>
		<Liste_des_auteurs>BERTHELÉ, Raoul</Liste_des_auteurs>
		<Type_Doc>PHOTOGRAPHIE N&amp;B</Type_Doc>
		<Support>PAPIER</Support>
		<Technique>Photographie N&amp;B</Technique>
		<Format>4 x 4,5 cm</Format>
		<Cote>49Fi1872/119</Cote>
		<Observations>Image contrastée.</Observations>
		<Origine>Don Faucher-Berhelé entré le 10/11/1978.</Origine>
		<Droits_Repro>Domaine public</Droits_Repro>
		<subject>GUERRE 1914-1918;</subject>
		<geoname>SALEUX (ville);SOMME (département);</geoname>
		<persname></persname>
		<corpname></corpname>
	</DocsFigures>
<DocsFigures>
		<Titre>M-T. Provost</Titre>
		<Analyse>Portrait en pied de Marie-Thérèse Provost à Saleux (Somme).
Juillet 1915. 
Guerre 1914-1918.</Analyse>
		<Realise_en>1915</Realise_en>
		<Liste_des_auteurs>BERTHELÉ, Raoul</Liste_des_auteurs>
		<Type_Doc>PHOTOGRAPHIE N&amp;B</Type_Doc>
		<Support>PAPIER</Support>
		<Technique>Photographie N&amp;B</Technique>
		<Format>4 x 4,5 cm</Format>
		<Cote>49Fi1872/120</Cote>
		<Observations>Image contrastée.</Observations>
		<Origine>Don Faucher-Berhelé entré le 10/11/1978.</Origine>
		<Droits_Repro>Domaine public</Droits_Repro>
		<subject>GUERRE 1914-1918;</subject>
		<geoname>SALEUX (ville);SOMME (département);</geoname>
		<persname></persname>
		<corpname></corpname>
	</DocsFigures>
<DocsFigures>
		<Titre>Grand Mère B. [Berhelé]</Titre>
		<Analyse>Portrait en plan 3/4 de la grand-mère Berthelé dans son jardin à Château-Thierry (Aisne).
Juillet 1915. 
Guerre 1914-1918.</Analyse>
		<Realise_en>1916</Realise_en>
		<Liste_des_auteurs>BERTHELÉ, Raoul</Liste_des_auteurs>
		<Type_Doc>PHOTOGRAPHIE N&amp;B</Type_Doc>
		<Support>PAPIER</Support>
		<Technique>Photographie N&amp;B</Technique>
		<Format>4 x 4,5 cm</Format>
		<Cote>49Fi1872/121</Cote>
		<Observations>Image dense.</Observations>
		<Origine>Don Faucher-Berhelé entré le 10/11/1978.</Origine>
		<Droits_Repro>Domaine public</Droits_Repro>
		<subject>GUERRE 1914-1918;</subject>
		<geoname>AISNE (département);CHATEAU-THIERRY (ville);</geoname>
		<persname></persname>
		<corpname></corpname>
	</DocsFigures>
<DocsFigures>
		<Titre>Grand Mère V. [Vomarne]</Titre>
		<Analyse>Portrait en pied de la grand-mère Vomarne devant sa maison à Nogentel (Aisne).
29 juillet 1915. 
Guerre 1914-1918.</Analyse>
		<Realise_en>1915</Realise_en>
		<Liste_des_auteurs>BERTHELÉ, Raoul</Liste_des_auteurs>
		<Type_Doc>PHOTOGRAPHIE N&amp;B</Type_Doc>
		<Support>PAPIER</Support>
		<Technique>Photographie N&amp;B</Technique>
		<Format>4 x 4,5 cm</Format>
		<Cote>49Fi1872/122</Cote>
		<Observations>Image dense.</Observations>
		<Origine>Don Faucher-Berhelé entré le 10/11/1978.</Origine>
		<Droits_Repro>Domaine public</Droits_Repro>
		<subject>GUERRE 1914-1918;</subject>
		<geoname>AISNE (département);NOGENTEL (village);</geoname>
		<persname></persname>
		<corpname></corpname>
	</DocsFigures>
<DocsFigures>
		<Titre>Grand Mère B. [Berthelé]</Titre>
		<Analyse>Portrait en pied de la grand-mère berthelé dans son jardin à Château-Thierry (Aisne).
Juillet 1915. 
Guerre 1914-1918.</Analyse>
		<Realise_en>1916</Realise_en>
		<Liste_des_auteurs>BERTHELÉ, Raoul</Liste_des_auteurs>
		<Type_Doc>PHOTOGRAPHIE N&amp;B</Type_Doc>
		<Support>PAPIER</Support>
		<Technique>Photographie N&amp;B</Technique>
		<Format>4 x 4,5 cm</Format>
		<Cote>49Fi1872/124</Cote>
		<Observations>Image peu lumineuse et contrastée.</Observations>
		<Origine>Don Faucher-Berhelé entré le 10/11/1978.</Origine>
		<Droits_Repro>Domaine public</Droits_Repro>
		<subject>GUERRE 1914-1918;</subject>
		<geoname>AISNE (département);CHATEAU-THIERRY (ville);</geoname>
		<persname></persname>
		<corpname></corpname>
	</DocsFigures>
<DocsFigures>
		<Titre>Grand Mère V. [Vomarne]</Titre>
		<Analyse>Portrait en pied de la grand-mère Vomarne dans son à Nogentel (Aisne).
29 juillet 1915. 
Guerre 1914-1918.</Analyse>
		<Realise_en>1915</Realise_en>
		<Liste_des_auteurs>BERTHELÉ, Raoul</Liste_des_auteurs>
		<Type_Doc>PHOTOGRAPHIE N&amp;B</Type_Doc>
		<Support>PAPIER</Support>
		<Technique>Photographie N&amp;B</Technique>
		<Format>4 x 4,5 cm</Format>
		<Cote>49Fi1872/125</Cote>
		<Observations>Image peu lumineuse et contrastée.</Observations>
		<Origine>Don Faucher-Berhelé entré le 10/11/1978.</Origine>
		<Droits_Repro>Domaine public</Droits_Repro>
		<subject>GUERRE 1914-1918;</subject>
		<geoname>AISNE (département);NOGENTEL (village);MARNE (département);</geoname>
		<persname></persname>
		<corpname></corpname>
	</DocsFigures>
<DocsFigures>
		<Titre>Longueau. Embarquement</Titre>
		<Analyse>Chargement d&apos;ambulances sur des wagons à la gare de Longueau (Somme).
Août 1915. 
Guerre 1914-1918.</Analyse>
		<Realise_en>1915</Realise_en>
		<Liste_des_auteurs>BERTHELÉ, Raoul</Liste_des_auteurs>
		<Type_Doc>PHOTOGRAPHIE N&amp;B</Type_Doc>
		<Support>PAPIER</Support>
		<Technique>Photographie N&amp;B</Technique>
		<Format>4 x 4,5 cm</Format>
		<Cote>49Fi1872/127</Cote>
		<Observations>Image dense.
Lié à 49Fi862</Observations>
		<Origine>Don Faucher-Berhelé entré le 10/11/1978.</Origine>
		<Droits_Repro>Domaine public</Droits_Repro>
		<subject>GARE;GUERRE 1914-1918;</subject>
		<geoname>LONGUEAU (ville);SOMME (département);</geoname>
		<persname></persname>
		<corpname></corpname>
	</DocsFigures>
<DocsFigures>
		<Titre>Vavray le Grand</Titre>
		<Analyse>Vue d&apos;ensemble des ruines de Vavray-le-Grand (Marne).
Août 1915. 
Guerre 1914-1918.</Analyse>
		<Realise_en>1915</Realise_en>
		<Liste_des_auteurs>BERTHELÉ, Raoul</Liste_des_auteurs>
		<Type_Doc>PHOTOGRAPHIE N&amp;B</Type_Doc>
		<Support>PAPIER</Support>
		<Technique>Photographie N&amp;B</Technique>
		<Format>4 x 4,5 cm</Format>
		<Cote>49Fi1872/128</Cote>
		<Observations>Image dense.</Observations>
		<Origine>Don Faucher-Berhelé entré le 10/11/1978.</Origine>
		<Droits_Repro>Domaine public</Droits_Repro>
		<subject>SINISTRE;BIEN SINISTRE;GUERRE 1914-1918;</subject>
		<geoname>MARNE (département);VAVRAY-LE-GRAND (village);</geoname>
		<persname></persname>
		<corpname></corpname>
	</DocsFigures>
<DocsFigures>
		<Titre>Sermaize</Titre>
		<Analyse>Vue d&apos;ensemble de ruines à Sermaize-les-Bains (Marne).
Août 1915. 
Guerre 1914-1918.</Analyse>
		<Realise_en>1915</Realise_en>
		<Liste_des_auteurs>BERTHELÉ, Raoul</Liste_des_auteurs>
		<Type_Doc>PHOTOGRAPHIE N&amp;B</Type_Doc>
		<Support>PAPIER</Support>
		<Technique>Photographie N&amp;B</Technique>
		<Format>4 x 4,5 cm</Format>
		<Cote>49Fi1872/129</Cote>
		<Observations></Observations>
		<Origine>Don Faucher-Berhelé entré le 10/11/1978.</Origine>
		<Droits_Repro>Domaine public</Droits_Repro>
		<subject>SINISTRE;BIEN SINISTRE;GUERRE 1914-1918;</subject>
		<geoname>SERMAIZE-LES-BAINS (ville);MARNE (département);</geoname>
		<persname></persname>
		<corpname></corpname>
	</DocsFigures>
<DocsFigures>
		<Titre>Longueau. Artillerie</Titre>
		<Analyse>Chargement de canons sur des wagons à la gare de Longueau (Somme).
Août 1915. 
Guerre 1914-1918.</Analyse>
		<Realise_en>1915</Realise_en>
		<Liste_des_auteurs>BERTHELÉ, Raoul</Liste_des_auteurs>
		<Type_Doc>PHOTOGRAPHIE N&amp;B</Type_Doc>
		<Support>PAPIER</Support>
		<Technique>Photographie N&amp;B</Technique>
		<Format>4 x 4,5 cm</Format>
		<Cote>49Fi1872/130</Cote>
		<Observations></Observations>
		<Origine>Don Faucher-Berhelé entré le 10/11/1978.</Origine>
		<Droits_Repro>Domaine public</Droits_Repro>
		<subject>GARE;GUERRE 1914-1918;</subject>
		<geoname>SOMME (département);LONGUEAU (ville);</geoname>
		<persname></persname>
		<corpname></corpname>
	</DocsFigures>
<DocsFigures>
		<Titre>Sermaize</Titre>
		<Analyse>Vue d&apos;ensemble de ruines à Sermaize-les-Bains (Marne).
Août 1915. 
Guerre 1914-1918.</Analyse>
		<Realise_en>1915</Realise_en>
		<Liste_des_auteurs>BERTHELÉ, Raoul</Liste_des_auteurs>
		<Type_Doc>PHOTOGRAPHIE N&amp;B</Type_Doc>
		<Support>PAPIER</Support>
		<Technique>Photographie N&amp;B</Technique>
		<Format>4 x 4,5 cm</Format>
		<Cote>49Fi1872/131</Cote>
		<Observations>Image dense.</Observations>
		<Origine>Don Faucher-Berhelé entré le 10/11/1978.</Origine>
		<Droits_Repro>Domaine public</Droits_Repro>
		<subject>SINISTRE;BIEN SINISTRE;GUERRE 1914-1918;</subject>
		<geoname>SERMAIZE-LES-BAINS (ville);MARNE (département);</geoname>
		<persname></persname>
		<corpname></corpname>
	</DocsFigures>
<DocsFigures>
		<Titre>Sermaize</Titre>
		<Analyse>Vue d&apos;ensemble de ruines à Sermaize-les-Bains (Marne).
Août 1915. 
Guerre 1914-1918.</Analyse>
		<Realise_en>1915</Realise_en>
		<Liste_des_auteurs>BERTHELÉ, Raoul</Liste_des_auteurs>
		<Type_Doc>PHOTOGRAPHIE N&amp;B</Type_Doc>
		<Support>PAPIER</Support>
		<Technique>Photographie N&amp;B</Technique>
		<Format>4 x 4,5 cm</Format>
		<Cote>49Fi1872/132</Cote>
		<Observations>Image dense.
Lié à 49Fi866</Observations>
		<Origine>Don Faucher-Berhelé entré le 10/11/1978.</Origine>
		<Droits_Repro>Domaine public</Droits_Repro>
		<subject>SINISTRE;BIEN SINISTRE;GUERRE 1914-1918;</subject>
		<geoname>SERMAIZE-LES-BAINS (ville);MARNE (département);</geoname>
		<persname></persname>
		<corpname></corpname>
	</DocsFigures>
<DocsFigures>
		<Titre>Sermaize</Titre>
		<Analyse>Vue d&apos;ensemble de ruines à Sermaize-les-Bains (Marne).
Août 1915. 
Guerre 1914-1918.</Analyse>
		<Realise_en>1915</Realise_en>
		<Liste_des_auteurs>BERTHELÉ, Raoul</Liste_des_auteurs>
		<Type_Doc>PHOTOGRAPHIE N&amp;B</Type_Doc>
		<Support>PAPIER</Support>
		<Technique>Photographie N&amp;B</Technique>
		<Format>4 x 4,5 cm</Format>
		<Cote>49Fi1872/133</Cote>
		<Observations>Lié à 49Fi869</Observations>
		<Origine>Don Faucher-Berhelé entré le 10/11/1978.</Origine>
		<Droits_Repro>Domaine public</Droits_Repro>
		<subject>SINISTRE;BIEN SINISTRE;GUERRE 1914-1918;</subject>
		<geoname>SERMAIZE-LES-BAINS (ville);MARNE (département);</geoname>
		<persname></persname>
		<corpname></corpname>
	</DocsFigures>
<DocsFigures>
		<Titre>Sermaize</Titre>
		<Analyse>Vue d&apos;ensemble de ruines à Sermaize-les-Bains (Marne).
Août 1915. 
Guerre 1914-1918.</Analyse>
		<Realise_en>1915</Realise_en>
		<Liste_des_auteurs>BERTHELÉ, Raoul</Liste_des_auteurs>
		<Type_Doc>PHOTOGRAPHIE N&amp;B</Type_Doc>
		<Support>PAPIER</Support>
		<Technique>Photographie N&amp;B</Technique>
		<Format>4 x 4,5 cm</Format>
		<Cote>49Fi1872/134</Cote>
		<Observations>Lié à 49Fi864 et à 49Fi1879/36</Observations>
		<Origine>Don Faucher-Berhelé entré le 10/11/1978.</Origine>
		<Droits_Repro>Domaine public</Droits_Repro>
		<subject>SINISTRE;BIEN SINISTRE;GUERRE 1914-1918;</subject>
		<geoname>SERMAIZE-LES-BAINS (ville);MARNE (département);</geoname>
		<persname></persname>
		<corpname></corpname>
	</DocsFigures>
<DocsFigures>
		<Titre>Revigny</Titre>
		<Analyse>Vue d&apos;ensemble de ruines à Revigny-sur-Ornain (Meuse).
Août 1915. 
Guerre 1914-1918.</Analyse>
		<Realise_en>1915</Realise_en>
		<Liste_des_auteurs>BERTHELÉ, Raoul</Liste_des_auteurs>
		<Type_Doc>PHOTOGRAPHIE N&amp;B</Type_Doc>
		<Support>PAPIER</Support>
		<Technique>Photographie N&amp;B</Technique>
		<Format>4 x 4,5 cm</Format>
		<Cote>49Fi1872/135</Cote>
		<Observations>Lié à 49Fi863</Observations>
		<Origine>Don Faucher-Berhelé entré le 10/11/1978.</Origine>
		<Droits_Repro>Domaine public</Droits_Repro>
		<subject>SINISTRE;BIEN SINISTRE;GUERRE 1914-1918;</subject>
		<geoname>MEUSE (département);REVIGNY-SUR-ORNAIN (ville);</geoname>
		<persname></persname>
		<corpname></corpname>
	</DocsFigures>
<DocsFigures>
		<Titre>Sermaize</Titre>
		<Analyse>Vue d&apos;ensemble de ruines à Sermaize-les-Bains (Marne).
Août 1915. 
Guerre 1914-1918.</Analyse>
		<Realise_en>1915</Realise_en>
		<Liste_des_auteurs>BERTHELÉ, Raoul</Liste_des_auteurs>
		<Type_Doc>PHOTOGRAPHIE N&amp;B</Type_Doc>
		<Support>PAPIER</Support>
		<Technique>Photographie N&amp;B</Technique>
		<Format>4 x 4,5 cm</Format>
		<Cote>49Fi1872/136</Cote>
		<Observations>Lié à 49Fi857</Observations>
		<Origine>Don Faucher-Berhelé entré le 10/11/1978.</Origine>
		<Droits_Repro>Domaine public</Droits_Repro>
		<subject>SINISTRE;BIEN SINISTRE;GUERRE 1914-1918;</subject>
		<geoname>SERMAIZE-LES-BAINS (ville);MARNE (département);</geoname>
		<persname></persname>
		<corpname></corpname>
	</DocsFigures>
<DocsFigures>
		<Titre>Sermaize</Titre>
		<Analyse>Vue d&apos;ensemble des ruines d&apos;une usine (?)  à Sermaize-les-Bains (Marne).
Août 1915. 
Guerre 1914-1918.</Analyse>
		<Realise_en>1915</Realise_en>
		<Liste_des_auteurs>BERTHELÉ, Raoul</Liste_des_auteurs>
		<Type_Doc>PHOTOGRAPHIE N&amp;B</Type_Doc>
		<Support>PAPIER</Support>
		<Technique>Photographie N&amp;B</Technique>
		<Format>4 x 4,5 cm</Format>
		<Cote>49Fi1872/137</Cote>
		<Observations></Observations>
		<Origine>Don Faucher-Berhelé entré le 10/11/1978.</Origine>
		<Droits_Repro>Domaine public</Droits_Repro>
		<subject>SINISTRE;BIEN SINISTRE;GUERRE 1914-1918;</subject>
		<geoname>SERMAIZE-LES-BAINS (ville);MARNE (département);</geoname>
		<persname></persname>
		<corpname></corpname>
	</DocsFigures>
<DocsFigures>
		<Titre>Revigny</Titre>
		<Analyse>Vue d&apos;ensemble de ruines à Revigny-sur-Ornain (Meuse).
Août 1915. 
Guerre 1914-1918.</Analyse>
		<Realise_en>1915</Realise_en>
		<Liste_des_auteurs>BERTHELÉ, Raoul</Liste_des_auteurs>
		<Type_Doc>PHOTOGRAPHIE N&amp;B</Type_Doc>
		<Support>PAPIER</Support>
		<Technique>Photographie N&amp;B</Technique>
		<Format>4 x 4,5 cm</Format>
		<Cote>49Fi1872/138</Cote>
		<Observations>Lié à 49Fi868</Observations>
		<Origine>Don Faucher-Berhelé entré le 10/11/1978.</Origine>
		<Droits_Repro>Domaine public</Droits_Repro>
		<subject>SINISTRE;BIEN SINISTRE;GUERRE 1914-1918;</subject>
		<geoname>MEUSE (département);REVIGNY-SUR-ORNAIN (ville);</geoname>
		<persname></persname>
		<corpname></corpname>
	</DocsFigures>
<DocsFigures>
		<Titre>Bronne</Titre>
		<Analyse>Vue d&apos;ensemble d&apos;un réseau de tranchées dans les alentours de Bronne (Marne).
Juin 1915. 
Guerre 1914-1918.
Au centre de la photo un lieutenant sort la tête hors d&apos;une tranchée.</Analyse>
		<Realise_en>1915</Realise_en>
		<Liste_des_auteurs>BERTHELÉ, Raoul</Liste_des_auteurs>
		<Type_Doc>PHOTOGRAPHIE N&amp;B</Type_Doc>
		<Support>PHOTO SUR CARTON</Support>
		<Technique>Photographie N&amp;B</Technique>
		<Format>4 x 4,7</Format>
		<Cote>49Fi1872/139</Cote>
		<Observations>Contact de la 49Fi62.</Observations>
		<Origine>Don Faucher-Berhelé entré le 10/11/1978.</Origine>
		<Droits_Repro>Domaine public</Droits_Repro>
		<subject>GUERRE 1914-1918;</subject>
		<geoname>BRONNE (hameau);MARNE (département);</geoname>
		<persname></persname>
		<corpname></corpname>
	</DocsFigures>
<DocsFigures>
		<Titre>Cuperly. Obus de 270</Titre>
		<Analyse>Entrepôt d&apos;obus de calibre 270 basé à Cuperly dans la Marne.
1916. 
Guerre 1914-1918.</Analyse>
		<Realise_en>1915</Realise_en>
		<Liste_des_auteurs>BERTHELÉ, Raoul</Liste_des_auteurs>
		<Type_Doc>PHOTOGRAPHIE N&amp;B</Type_Doc>
		<Support>PAPIER</Support>
		<Technique>Photographie stéréo</Technique>
		<Format>4 x 4,5 cm</Format>
		<Cote>49Fi1872/140</Cote>
		<Observations>Contact de la 49Fi492.</Observations>
		<Origine>Don Faucher-Berhelé entré le 10/11/1978.</Origine>
		<Droits_Repro>Domaine public</Droits_Repro>
		<subject>GUERRE 1914-1918;</subject>
		<geoname>CUPERLY (village);MARNE (département);</geoname>
		<persname></persname>
		<corpname></corpname>
	</DocsFigures>
<DocsFigures>
		<Titre>St Etienne du Temple. Le moulin</Titre>
		<Analyse>Vue d&apos;ensemble du moulin détruit suite à un bombardement de Saint-Etienne-au-Temple (Marne).
1916. 
Guerre 1914-1918.</Analyse>
		<Realise_en>1916</Realise_en>
		<Liste_des_auteurs>BERTHELÉ, Raoul</Liste_des_auteurs>
		<Type_Doc>PHOTOGRAPHIE N&amp;B</Type_Doc>
		<Support>PAPIER COLLE SUR CARTON</Support>
		<Technique>Photographie stéréo</Technique>
		<Format>4 x 4,5 cm</Format>
		<Cote>49Fi1872/141</Cote>
		<Observations>Contact de la 49Fi/578.</Observations>
		<Origine>Don Faucher-Berhelé entré le 10/11/1978.</Origine>
		<Droits_Repro>Domaine public</Droits_Repro>
		<subject>GUERRE 1914-1918;</subject>
		<geoname>MARNE (département);SAINT-ETIENNE-AU-TEMPLE (village);</geoname>
		<persname></persname>
		<corpname></corpname>
	</DocsFigures>
<DocsFigures>
		<Titre>Bronne. Tranchées allemandes. R.B.</Titre>
		<Analyse>Raoul Berthelé dans une tranchée allemande à Bronne (Marne).
1915. 
Guerre 1914-1918.</Analyse>
		<Realise_en>1915</Realise_en>
		<Liste_des_auteurs>BERTHELÉ, Raoul</Liste_des_auteurs>
		<Type_Doc>PHOTOGRAPHIE N&amp;B</Type_Doc>
		<Support>PAPIER</Support>
		<Technique>Photographie stéréo</Technique>
		<Format>4 x 4,5 cm</Format>
		<Cote>49Fi1872/142</Cote>
		<Observations>Contact de la 49Fi856.</Observations>
		<Origine>Don Faucher-Berhelé entré le 10/11/1978.</Origine>
		<Droits_Repro>Domaine public</Droits_Repro>
		<subject>GUERRE 1914-1918;</subject>
		<geoname>BRONNE (hameau);MARNE (département);</geoname>
		<persname>BERTHELE, Raoul;</persname>
		<corpname></corpname>
	</DocsFigures>
<DocsFigures>
		<Titre>Cuperly. Campement du 7e d&apos;Artillerie</Titre>
		<Analyse>Vue d&apos;ensemble du campement du 7e régiment d&apos;Artillerie basé à Cuperly (Marne).
1916. 
Guerre 1914-1918.</Analyse>
		<Realise_en>1916</Realise_en>
		<Liste_des_auteurs>BERTHELÉ, Raoul</Liste_des_auteurs>
		<Type_Doc>PHOTOGRAPHIE N&amp;B</Type_Doc>
		<Support>PHOTOGRAPHIE COLLEE SUR CANSON</Support>
		<Technique>Photographie sépia</Technique>
		<Format>4 x 4,5 cm</Format>
		<Cote>49Fi1872/143</Cote>
		<Observations>Contact de la 49Fi579.</Observations>
		<Origine>Don Faucher-Berhelé entré le 10/11/1978.</Origine>
		<Droits_Repro>Domaine public</Droits_Repro>
		<subject>GUERRE 1914-1918;</subject>
		<geoname>CUPERLY (village);MARNE (département);</geoname>
		<persname></persname>
		<corpname></corpname>
	</DocsFigures>
<DocsFigures>
		<Titre>Cuperly. Campement du 7e d&apos;Artillerie</Titre>
		<Analyse>Vue d&apos;ensemble du campement du 7e régiment d&apos;Artillerie basé à Cuperly (Marne).
1916. 
Guerre 1914-1918.</Analyse>
		<Realise_en>1916</Realise_en>
		<Liste_des_auteurs>BERTHELÉ, Raoul</Liste_des_auteurs>
		<Type_Doc>PHOTOGRAPHIE N&amp;B</Type_Doc>
		<Support>PAPIER COLLE SUR CARTON</Support>
		<Technique>Photographie sépia</Technique>
		<Format>4 x 4,5 cm</Format>
		<Cote>49Fi1872/144</Cote>
		<Observations>Contact de la 49Fi580.</Observations>
		<Origine>Don Faucher-Berhelé entré le 10/11/1978.</Origine>
		<Droits_Repro>Domaine public</Droits_Repro>
		<subject>GUERRE 1914-1918;</subject>
		<geoname>CUPERLY (village);MARNE (département);</geoname>
		<persname></persname>
		<corpname></corpname>
	</DocsFigures>
<DocsFigures>
		<Titre>M. et Mme Caucanas</Titre>
		<Analyse>Portrait des deux enfants du couple Caucanas posant dans le jardin d&apos;une maison à Amiens (Somme).
Guerre 1914-1918.</Analyse>
		<Realise_en>1915</Realise_en>
		<Liste_des_auteurs>BERTHELÉ, Raoul</Liste_des_auteurs>
		<Type_Doc>PHOTOGRAPHIE N&amp;B</Type_Doc>
		<Support>PHOTOGRAPHIE COLLEE SUR CANSON</Support>
		<Technique>Photographie sépia</Technique>
		<Format>4 x 4,5 cm</Format>
		<Cote>49Fi1872/145</Cote>
		<Observations></Observations>
		<Origine>Don Faucher-Berhelé entré le 10/11/1978.</Origine>
		<Droits_Repro>Domaine public</Droits_Repro>
		<subject>ENFANT;GUERRE 1914-1918;</subject>
		<geoname>AMIENS (ville);SOMME (département);</geoname>
		<persname></persname>
		<corpname></corpname>
	</DocsFigures>
<DocsFigures>
		<Titre>Châlons. Cimetière militaire</Titre>
		<Analyse>Vue d&apos;ensemble du cimetière militaire de Châlons-en-Champagne (Marne).
1916. 
Guerre 1914-1918.</Analyse>
		<Realise_en>1916</Realise_en>
		<Liste_des_auteurs>BERTHELÉ, Raoul</Liste_des_auteurs>
		<Type_Doc>PHOTOGRAPHIE N&amp;B</Type_Doc>
		<Support>PAPIER</Support>
		<Technique>Photographie stéréo</Technique>
		<Format>4, x 4,5</Format>
		<Cote>49Fi1872/146</Cote>
		<Observations>Le tirage manque de densité.
Contact de la 49Fi586.</Observations>
		<Origine>Don Faucher-Berhelé entré le 10/11/1978.</Origine>
		<Droits_Repro>Domaine public</Droits_Repro>
		<subject>CIMETIERE MILITAIRE;GUERRE 1914-1918;</subject>
		<geoname>CHALONS-EN-CHAMPAGNE (ville);MARNE (département);</geoname>
		<persname></persname>
		<corpname></corpname>
	</DocsFigures>
<DocsFigures>
		<Titre>Châlons. Cimetière militaire</Titre>
		<Analyse>Vue d&apos;ensemble du cimetière militaire de Châlons-en-Champagne (Marne).
1916. 
Guerre 1914-1918.</Analyse>
		<Realise_en>1916</Realise_en>
		<Liste_des_auteurs>BERTHELÉ, Raoul</Liste_des_auteurs>
		<Type_Doc>PHOTOGRAPHIE N&amp;B</Type_Doc>
		<Support>PHOTOGRAPHIE COLLEE SUR CANSON</Support>
		<Technique>Photographie sépia</Technique>
		<Format>4 x 4,5 cm</Format>
		<Cote>49Fi1872/147</Cote>
		<Observations></Observations>
		<Origine>Don Faucher-Berhelé entré le 10/11/1978.</Origine>
		<Droits_Repro>Domaine public</Droits_Repro>
		<subject>CIMETIERE MILITAIRE;GUERRE 1914-1918;</subject>
		<geoname>CHALONS-EN-CHAMPAGNE (ville);MARNE (département);</geoname>
		<persname></persname>
		<corpname></corpname>
	</DocsFigures>
<DocsFigures>
		<Titre>M. et Mme Caucanas</Titre>
		<Analyse>Portrait des deux enfants du couple Caucanas posant dans le jardin d&apos;une maison à Amiens (Somme).
1915.
Guerre 1914-1918.</Analyse>
		<Realise_en>1915</Realise_en>
		<Liste_des_auteurs>BERTHELÉ, Raoul</Liste_des_auteurs>
		<Type_Doc>PHOTOGRAPHIE N&amp;B</Type_Doc>
		<Support>PHOTOGRAPHIE COLLEE SUR CANSON</Support>
		<Technique>Photographie sépia</Technique>
		<Format>4 x 4,5 cm</Format>
		<Cote>49Fi1872/148</Cote>
		<Observations>Le tirage manque de densité.</Observations>
		<Origine>Don Faucher-Berhelé entré le 10/11/1978.</Origine>
		<Droits_Repro>Domaine public</Droits_Repro>
		<subject>ENFANT;GUERRE 1914-1918;</subject>
		<geoname>AMIENS (ville);SOMME (département);</geoname>
		<persname></persname>
		<corpname></corpname>
	</DocsFigures>
<DocsFigures>
		<Titre>Cuperly. Hôpital d&apos;évacuation en construction</Titre>
		<Analyse>Vue d&apos;ensemble des travaux de construction de l&apos;hôpital d&apos;évacuation de Cuperly (Marne).
1915. 
Guerre 1914-1918.</Analyse>
		<Realise_en>1915</Realise_en>
		<Liste_des_auteurs>BERTHELÉ, Raoul</Liste_des_auteurs>
		<Type_Doc>PHOTOGRAPHIE N&amp;B</Type_Doc>
		<Support>PAPIER COLLE SUR CARTON</Support>
		<Technique>Photographie sépia</Technique>
		<Format>4 x 4,5 cm</Format>
		<Cote>49Fi1872/149</Cote>
		<Observations>Contact de la 49Fi585.
Le tirage manque de densité.</Observations>
		<Origine>Don Faucher-Berhelé entré le 10/11/1978.</Origine>
		<Droits_Repro>Domaine public</Droits_Repro>
		<subject>SERVICE SANITAIRE MILITAIRE;CONSTRUCTION;CHANTIER;GUERRE 1914-1918;</subject>
		<geoname>CUPERLY (village);MARNE (département);</geoname>
		<persname></persname>
		<corpname></corpname>
	</DocsFigures>
<DocsFigures>
		<Titre>Cuperly. Chevaux de l&apos;Ambulance</Titre>
		<Analyse>Chevaux de l&apos;Ambulance N° 15 de Cuperly (Marne) dans des boxs.
1916. 
Guerre 1914-1918.
A droite deux militaires.</Analyse>
		<Realise_en>1916</Realise_en>
		<Liste_des_auteurs>BERTHELÉ, Raoul</Liste_des_auteurs>
		<Type_Doc>PHOTOGRAPHIE N&amp;B</Type_Doc>
		<Support>PHOTOGRAPHIE COLLEE SUR CANSON</Support>
		<Technique>Photographie sépia</Technique>
		<Format>4 x 4,5 cm</Format>
		<Cote>49Fi1872/150</Cote>
		<Observations>Le tirage manque de densité.
Contact de la 49Fi581.</Observations>
		<Origine>Don Faucher-Berhelé entré le 10/11/1978.</Origine>
		<Droits_Repro>Domaine public</Droits_Repro>
		<subject>GUERRE 1914-1918;</subject>
		<geoname>CUPERLY (village);MARNE (département);</geoname>
		<persname></persname>
		<corpname></corpname>
	</DocsFigures>
<DocsFigures>
		<Titre>Raoul Berthelé.</Titre>
		<Analyse>Raoul Berthelé pose à côté de son cheval en le tenant par l&apos;encolure à Saleux (Somme).
1915.
Guerre 1914-1918.
En arrière plan une usine.</Analyse>
		<Realise_en>1915</Realise_en>
		<Liste_des_auteurs>BERTHELÉ, Raoul</Liste_des_auteurs>
		<Type_Doc>PHOTOGRAPHIE N&amp;B</Type_Doc>
		<Support>PHOTOGRAPHIE COLLEE SUR CANSON</Support>
		<Technique>Photographie N&amp;B</Technique>
		<Format>4 x 4,5 cm</Format>
		<Cote>49Fi1873/2</Cote>
		<Observations></Observations>
		<Origine>Don Faucher-Berhelé entré le 10/11/1978.</Origine>
		<Droits_Repro>Domaine public</Droits_Repro>
		<subject>GUERRE 1914-1918;</subject>
		<geoname>SALEUX (ville);SOMME (département);</geoname>
		<persname>BERTHELE, Raoul;</persname>
		<corpname></corpname>
	</DocsFigures>
<DocsFigures>
		<Titre>La ferme de Cuperly.</Titre>
		<Analyse>Photo aérienne verticale de la ferme de Cuperly (Marne) après un bombarbement.
Mention : IV/4-7 en bas à droite du tirage.
1915.
Guerre 1914-1918.</Analyse>
		<Realise_en>1915</Realise_en>
		<Liste_des_auteurs>BERTHELÉ, Raoul</Liste_des_auteurs>
		<Type_Doc>PHOTOGRAPHIE N&amp;B</Type_Doc>
		<Support>PHOTOGRAPHIE COLLEE SUR CANSON</Support>
		<Technique>Photographie N&amp;B</Technique>
		<Format>17 x 22,4</Format>
		<Cote>49Fi1873/3</Cote>
		<Observations></Observations>
		<Origine>Don Faucher-Berhelé entré le 10/11/1978.</Origine>
		<Droits_Repro>Domaine public</Droits_Repro>
		<subject>GUERRE 1914-1918;</subject>
		<geoname>CUPERLY (village);MARNE (département);</geoname>
		<persname></persname>
		<corpname></corpname>
	</DocsFigures>
<DocsFigures>
		<Titre>La gare de la Cheppe.</Titre>
		<Analyse>Photo aérienne verticale  de la gare de la Cheppe dans la Marne.
Mention : IV/4-10 en bas à droite du tirage.
1915.
Guerre 1914-1918.</Analyse>
		<Realise_en>1915</Realise_en>
		<Liste_des_auteurs>BERTHELÉ, Raoul</Liste_des_auteurs>
		<Type_Doc>PHOTOGRAPHIE N&amp;B</Type_Doc>
		<Support>PHOTOGRAPHIE COLLEE SUR CANSON</Support>
		<Technique>Photographie N&amp;B</Technique>
		<Format>17 x 22,5</Format>
		<Cote>49Fi1873/4</Cote>
		<Observations></Observations>
		<Origine>Don Faucher-Berhelé entré le 10/11/1978.</Origine>
		<Droits_Repro>Domaine public</Droits_Repro>
		<subject>GARE;GUERRE 1914-1918;</subject>
		<geoname>LA CHEPPE (village);MARNE (département);</geoname>
		<persname></persname>
		<corpname></corpname>
	</DocsFigures>
<DocsFigures>
		<Titre>Le bois du sapin rouge (ouest de Souain)</Titre>
		<Analyse>Photo aérienne verticale du bois du sapin rouge à l&apos;ouest de Souain (Marne).  
1915
Guerre 1914-1918.
En bas les tranchées allemandes, et à droite les tranchées françaises.
Mention : &quot;P/4 1686 en bas à gauche du tirage et : 466-465 sur 32-32 en haut à gauche&quot;</Analyse>
		<Realise_en>1915</Realise_en>
		<Liste_des_auteurs>BERTHELÉ, Raoul</Liste_des_auteurs>
		<Type_Doc>PHOTOGRAPHIE N&amp;B</Type_Doc>
		<Support>PHOTOGRAPHIE COLLEE SUR CANSON</Support>
		<Technique>Photographie N&amp;B</Technique>
		<Format>23 x 17</Format>
		<Cote>49Fi1873/5</Cote>
		<Observations></Observations>
		<Origine>Don Faucher-Berhelé entré le 10/11/1978.</Origine>
		<Droits_Repro>Domaine public</Droits_Repro>
		<subject>GUERRE 1914-1918;</subject>
		<geoname>SOUAIN (hameau);MARNE (département);SOUAIN-PERTHES-LES-HURLUS (village);</geoname>
		<persname></persname>
		<corpname></corpname>
	</DocsFigures>
<DocsFigures>
		<Titre>23 7bre-Altitude 2700-N.O. de Souain</Titre>
		<Analyse>Photo aérienne verticale du nord-ouest de Souain (Marne) avec en bas à gauche les trous faits par les obus de 270.
23 septembre 1915.
Guerre 1914-1918.
Mentions manuscrites : &quot;Escadrille MF.55 le 23 septembre 1915, altitude 2700 m, pilote le sergent Coutant, observateur le lieutenant Simian, dans le nord ouest de Souain.IV/4. 258&quot;</Analyse>
		<Realise_en>1915</Realise_en>
		<Liste_des_auteurs>BERTHELÉ, Raoul</Liste_des_auteurs>
		<Type_Doc>PHOTOGRAPHIE N&amp;B</Type_Doc>
		<Support>PHOTOGRAPHIE COLLEE SUR CANSON</Support>
		<Technique>Photographie N&amp;B</Technique>
		<Format>12,5 x 17</Format>
		<Cote>49Fi1873/6</Cote>
		<Observations></Observations>
		<Origine>Don Faucher-Berhelé entré le 10/11/1978.</Origine>
		<Droits_Repro>Domaine public</Droits_Repro>
		<subject>GUERRE 1914-1918;</subject>
		<geoname>MARNE (département);SOUAIN (hameau);SOUAIN-PERTHES-LES-HURLUS (village);</geoname>
		<persname></persname>
		<corpname></corpname>
	</DocsFigures>
<DocsFigures>
		<Titre>Le boyau du kaiser au N.O. de Souain</Titre>
		<Analyse>Photo aérienne verticale du boyau du kaiser au nord-ouest de Souain (Marne).
1915.
Guerre 1914-1918.
Mentions manuscrites : en haut à gauche &quot;IV/4. 220&quot;, dessous &quot;Escadrille MF. 23 septembre 1915, altitude 2700, pilote le sergent Coutant, observateur le lieutenant Simian&quot;</Analyse>
		<Realise_en>1915</Realise_en>
		<Liste_des_auteurs>BERTHELÉ, Raoul</Liste_des_auteurs>
		<Type_Doc>PHOTOGRAPHIE N&amp;B</Type_Doc>
		<Support>PHOTOGRAPHIE COLLEE SUR CANSON</Support>
		<Technique>Photographie N&amp;B</Technique>
		<Format>12,5 x 17</Format>
		<Cote>49Fi1873/7</Cote>
		<Observations></Observations>
		<Origine>Don Faucher-Berhelé entré le 10/11/1978.</Origine>
		<Droits_Repro>Domaine public</Droits_Repro>
		<subject>GUERRE 1914-1918;</subject>
		<geoname>MARNE (département);SOUAIN (hameau);SOUAIN-PERTHES-LES-HURLUS (village);</geoname>
		<persname></persname>
		<corpname></corpname>
	</DocsFigures>
<DocsFigures>
		<Titre>O. de Navarin. La tranchée des Vandales</Titre>
		<Analyse>Photo aérienne verticale de la tranchée des Vandales à l&apos;ouest de la ferme de Navarin près de Souain (Marne).
4 octobre 1915.
Guerre 1914-1918.
Mention en haut à gauche :  &quot;IV/4. 361&quot;
Mentions manuscrites sur le papier : &quot;A gauche : 
- en haut un obus venant d&apos;éclater sous l&apos;appareil  
- en bas les tranchées françaises et les avancées&quot;</Analyse>
		<Realise_en>1915</Realise_en>
		<Liste_des_auteurs>BERTHELÉ, Raoul</Liste_des_auteurs>
		<Type_Doc>PHOTOGRAPHIE N&amp;B</Type_Doc>
		<Support>PHOTOGRAPHIE COLLEE SUR CANSON</Support>
		<Technique>Photographie N&amp;B</Technique>
		<Format>16,8 x 22,5</Format>
		<Cote>49Fi1873/8</Cote>
		<Observations></Observations>
		<Origine>Don Faucher-Berhelé entré le 10/11/1978.</Origine>
		<Droits_Repro>Domaine public</Droits_Repro>
		<subject>GUERRE 1914-1918;</subject>
		<geoname>SOUAIN-PERTHES-LES-HURLUS (village);MARNE (département);SOUAIN (hameau);</geoname>
		<persname></persname>
		<corpname></corpname>
	</DocsFigures>
<DocsFigures>
		<Titre>Nieuport</Titre>
		<Analyse>Vue de face d&apos;un avion biplan Nieuport équipé d&apos;une mitrailleuse dans les environs de Paris.
1915.
Guerre 1914-1918.
La silhouette de la Tour Eiffel est visible sur la gauche.</Analyse>
		<Realise_en>1915</Realise_en>
		<Liste_des_auteurs>BERTHELÉ, Raoul</Liste_des_auteurs>
		<Type_Doc>PHOTOGRAPHIE N&amp;B</Type_Doc>
		<Support>PHOTOGRAPHIE COLLEE SUR CANSON</Support>
		<Technique>Photographie N&amp;B</Technique>
		<Format>11 x 15,8</Format>
		<Cote>49Fi1873/11</Cote>
		<Observations></Observations>
		<Origine>Don Faucher-Berhelé entré le 10/11/1978.</Origine>
		<Droits_Repro>Domaine public</Droits_Repro>
		<subject>GUERRE 1914-1918;</subject>
		<geoname>PARIS (ville);</geoname>
		<persname></persname>
		<corpname></corpname>
	</DocsFigures>
<DocsFigures>
		<Titre>Sans légende. Avion en plein ciel</Titre>
		<Analyse>Avion volant au dessus d&apos;une mer de nuages.
1915.
Guerre 1914-1918.</Analyse>
		<Realise_en>1915</Realise_en>
		<Liste_des_auteurs>BERTHELÉ, Raoul</Liste_des_auteurs>
		<Type_Doc>PHOTOGRAPHIE N&amp;B</Type_Doc>
		<Support>PHOTOGRAPHIE COLLEE SUR CANSON</Support>
		<Technique>Photographie N&amp;B</Technique>
		<Format>9 x 12,8</Format>
		<Cote>49Fi1873/12</Cote>
		<Observations>Le tirage manque de contraste et de luminosité.</Observations>
		<Origine>Don Faucher-Berhelé entré le 10/11/1978.</Origine>
		<Droits_Repro>Domaine public</Droits_Repro>
		<subject>GUERRE 1914-1918;</subject>
		<geoname></geoname>
		<persname></persname>
		<corpname></corpname>
	</DocsFigures>
<DocsFigures>
		<Titre>Sans légende. Train</Titre>
		<Analyse>Train à l&apos;arrêt transportant du matériel de guerre sous un filet de camouflage. Deux soldats s&apos;activent autour du matériel.
1915.
Guerre 1914-1918.</Analyse>
		<Realise_en>1915</Realise_en>
		<Liste_des_auteurs>BERTHELÉ, Raoul</Liste_des_auteurs>
		<Type_Doc>PHOTOGRAPHIE N&amp;B</Type_Doc>
		<Support>PHOTOGRAPHIE COLLEE SUR CANSON</Support>
		<Technique>Photographie N&amp;B</Technique>
		<Format>5,8 x 8</Format>
		<Cote>49Fi1873/13</Cote>
		<Observations></Observations>
		<Origine>Don Faucher-Berhelé entré le 10/11/1978.</Origine>
		<Droits_Repro>Domaine public</Droits_Repro>
		<subject>MILITAIRE;GUERRE 1914-1918;</subject>
		<geoname></geoname>
		<persname></persname>
		<corpname></corpname>
	</DocsFigures>
<DocsFigures>
		<Titre>[Paysage de ruines]</Titre>
		<Analyse>Un arbre déchiqueté au milieu d&apos;un amas de ruines suite à des bombardements.
1915.
Guerre 1914-1918.</Analyse>
		<Realise_en>1915</Realise_en>
		<Liste_des_auteurs>BERTHELÉ, Raoul</Liste_des_auteurs>
		<Type_Doc>PHOTOGRAPHIE N&amp;B</Type_Doc>
		<Support>PHOTOGRAPHIE COLLEE SUR CANSON</Support>
		<Technique>Photographie N&amp;B</Technique>
		<Format>9 x 12 cm</Format>
		<Cote>49Fi1873/14</Cote>
		<Observations></Observations>
		<Origine>Don Faucher-Berhelé entré le 10/11/1978.</Origine>
		<Droits_Repro>Domaine public</Droits_Repro>
		<subject>SINISTRE;BIEN SINISTRE;SITE;GUERRE 1914-1918;</subject>
		<geoname></geoname>
		<persname></persname>
		<corpname></corpname>
	</DocsFigures>
<DocsFigures>
		<Titre>Bénédiction du M. Farman 426</Titre>
		<Analyse>Bénédiction par l&apos;abbé Sévajols (à gauche) de l&apos;avion biplan M. Farman 426 de Paul Descoings en sur un champ d&apos;aviation à Amiens (Somme).
Juin-juillet 1915.
Guerre 1914-1918.
Présence de Raoul Berthelé (à droite) et de Mmes Delagarde (au milieu) </Analyse>
		<Realise_en>1915</Realise_en>
		<Liste_des_auteurs>BERTHELÉ, Raoul</Liste_des_auteurs>
		<Type_Doc>PHOTOGRAPHIE N&amp;B</Type_Doc>
		<Support>PHOTOGRAPHIE COLLEE SUR CANSON</Support>
		<Technique>Photographie N&amp;B</Technique>
		<Format>9 x 12 cm</Format>
		<Cote>49Fi1873/15</Cote>
		<Observations>Tirage trés dense.
Recadrage de la 49Fi1872/86.</Observations>
		<Origine>Don Faucher-Berhelé entré le 10/11/1978.</Origine>
		<Droits_Repro>Domaine public</Droits_Repro>
		<subject>GUERRE 1914-1918;</subject>
		<geoname>AMIENS (ville);SOMME (département);</geoname>
		<persname>BERTHELE, Raoul;</persname>
		<corpname></corpname>
	</DocsFigures>
<DocsFigures>
		<Titre>[Biplan au sol]</Titre>
		<Analyse>Biplan au sol à l&apos;arrêt, de trois quart face, avec deux hommes à bord qui posent. l&apos;un deux faisant semblant de viser avec un fusil.
1915.
Guerre 1914-1918.</Analyse>
		<Realise_en>1915</Realise_en>
		<Liste_des_auteurs>BERTHELÉ, Raoul</Liste_des_auteurs>
		<Type_Doc>PHOTOGRAPHIE N&amp;B</Type_Doc>
		<Support>PHOTOGRAPHIE COLLEE SUR CANSON</Support>
		<Technique>Photographie N&amp;B</Technique>
		<Format>11 x 16</Format>
		<Cote>49Fi1873/16</Cote>
		<Observations></Observations>
		<Origine>Don Faucher-Berhelé entré le 10/11/1978.</Origine>
		<Droits_Repro>Domaine public</Droits_Repro>
		<subject>GUERRE 1914-1918;</subject>
		<geoname></geoname>
		<persname></persname>
		<corpname></corpname>
	</DocsFigures>
<DocsFigures>
		<Titre>Reims</Titre>
		<Analyse>Photo aérienne oblique de la ville de Reims (Marne) avec au centre la cathédrale. 
1915.
Guerre 1914-1918.</Analyse>
		<Realise_en>1915</Realise_en>
		<Liste_des_auteurs>BERTHELÉ, Raoul</Liste_des_auteurs>
		<Type_Doc>PHOTOGRAPHIE N&amp;B</Type_Doc>
		<Support>PHOTOGRAPHIE COLLEE SUR CANSON</Support>
		<Technique>Photographie N&amp;B</Technique>
		<Format>11,7 x 16,5</Format>
		<Cote>49Fi1873/18</Cote>
		<Observations>Le tirage n&apos;est pas trrés net et de plus il est en train de virer.</Observations>
		<Origine>Don Faucher-Berhelé entré le 10/11/1978.</Origine>
		<Droits_Repro>Domaine public</Droits_Repro>
		<subject>GUERRE 1914-1918;</subject>
		<geoname>REIMS (ville);MARNE (département);</geoname>
		<persname></persname>
		<corpname></corpname>
	</DocsFigures>
<DocsFigures>
		<Titre>Biplan M. Farman avec mitrailleuse</Titre>
		<Analyse>Biplan M. Farman avec mitrailleuse au sol à proximité d&apos;un hangar. Plusieurs hommes s&apos;affaitent autour de l&apos;avion.
1915.
Guerre 1914-1918.</Analyse>
		<Realise_en>1915</Realise_en>
		<Liste_des_auteurs>BERTHELÉ, Raoul</Liste_des_auteurs>
		<Type_Doc>PHOTOGRAPHIE N&amp;B</Type_Doc>
		<Support>PAPIER</Support>
		<Technique>Photographie N&amp;B</Technique>
		<Format>6 x 8,5</Format>
		<Cote>49Fi1873/19</Cote>
		<Observations></Observations>
		<Origine>Don Faucher-Berhelé entré le 10/11/1978.</Origine>
		<Droits_Repro>Domaine public</Droits_Repro>
		<subject>GUERRE 1914-1918;</subject>
		<geoname></geoname>
		<persname></persname>
		<corpname></corpname>
	</DocsFigures>
<DocsFigures>
		<Titre>Chasse aux boches</Titre>
		<Analyse>Un soldat armé d&apos;une mitrailleuse tire sur des avions allemands sous le regard de plusieurs hommes.
1915.
Guerre 1914-1918.</Analyse>
		<Realise_en>1915</Realise_en>
		<Liste_des_auteurs>BERTHELÉ, Raoul</Liste_des_auteurs>
		<Type_Doc>PHOTOGRAPHIE N&amp;B</Type_Doc>
		<Support>PAPIER</Support>
		<Technique>Photographie N&amp;B</Technique>
		<Format>6 x 8,5</Format>
		<Cote>49Fi1873/21</Cote>
		<Observations></Observations>
		<Origine>Don Faucher-Berhelé entré le 10/11/1978.</Origine>
		<Droits_Repro>Domaine public</Droits_Repro>
		<subject>MILITAIRE;GUERRE 1914-1918;</subject>
		<geoname></geoname>
		<persname></persname>
		<corpname></corpname>
	</DocsFigures>
<DocsFigures>
		<Titre>Amiens. 8.6.1915. Prisonniers allemands (officiers)</Titre>
		<Analyse>Amiens (Somme).
8 juin 1915. Guerre 1914-1918.
Vue de prisonniers allemands défilant rue Saint-Leu.</Analyse>
		<Realise_en>1915</Realise_en>
		<Liste_des_auteurs>BERTHELÉ, Raoul</Liste_des_auteurs>
		<Type_Doc>PHOTOGRAPHIE N&amp;B</Type_Doc>
		<Support>PAPIER</Support>
		<Technique>Photographie N&amp;B</Technique>
		<Format>12 x 9 cm</Format>
		<Cote>49Fi1874/1</Cote>
		<Observations>Tirage recadré de la 49Fi25.</Observations>
		<Origine>Don Faucher-Berhelé entré le 10/11/1978.</Origine>
		<Droits_Repro>Domaine public</Droits_Repro>
		<subject>MILITAIRE;PRISONNIER DE GUERRE;GUERRE 1914-1918;</subject>
		<geoname>AMIENS (ville);SOMME (département);</geoname>
		<persname></persname>
		<corpname></corpname>
	</DocsFigures>
<DocsFigures>
		<Titre>Amiens. 8.6.1915. Prisonniers allemands</Titre>
		<Analyse>Amiens (Somme).
8 juin 1915. Guerre 1914-1918.
Vue de prisonniers allemands défilant rue Saint-Leu.</Analyse>
		<Realise_en>1915</Realise_en>
		<Liste_des_auteurs>BERTHELÉ, Raoul</Liste_des_auteurs>
		<Type_Doc>PHOTOGRAPHIE N&amp;B</Type_Doc>
		<Support>PAPIER</Support>
		<Technique>Photographie N&amp;B</Technique>
		<Format>12 x 9 cm</Format>
		<Cote>49Fi1874/2</Cote>
		<Observations>Tirage recadré de la 49Fi40.</Observations>
		<Origine>Don Faucher-Berhelé entré le 10/11/1978.</Origine>
		<Droits_Repro>Domaine public</Droits_Repro>
		<subject>MILITAIRE;PRISONNIER DE GUERRE;GUERRE 1914-1918;</subject>
		<geoname>AMIENS (ville);SOMME (département);</geoname>
		<persname></persname>
		<corpname></corpname>
	</DocsFigures>
<DocsFigures>
		<Titre>Amiens. 8.6.1915. Prisonniers allemands</Titre>
		<Analyse>Amiens (Somme).
8 juin 1915. Guerre 1914-1918.
Vue de prisonniers allemands défilant rue Saint-Leu.</Analyse>
		<Realise_en>1915</Realise_en>
		<Liste_des_auteurs>BERTHELÉ, Raoul</Liste_des_auteurs>
		<Type_Doc>PHOTOGRAPHIE N&amp;B</Type_Doc>
		<Support>PAPIER</Support>
		<Technique>Photographie N&amp;B</Technique>
		<Format>12 x 9 cm</Format>
		<Cote>49Fi1874/3</Cote>
		<Observations>Tirage recadré de la 49Fi29.</Observations>
		<Origine>Don Faucher-Berhelé entré le 10/11/1978.</Origine>
		<Droits_Repro>Domaine public</Droits_Repro>
		<subject>MILITAIRE;PRISONNIER DE GUERRE;GUERRE 1914-1918;</subject>
		<geoname>AMIENS (ville);SOMME (département);</geoname>
		<persname></persname>
		<corpname></corpname>
	</DocsFigures>
<DocsFigures>
		<Titre>Amiens. 8.6.1915. Prisonniers allemands</Titre>
		<Analyse>Amiens (Somme).
8 juin 1915. Guerre 1914-1918.
Vue de prisonniers allemands défilant rue Saint-Leu.</Analyse>
		<Realise_en>1915</Realise_en>
		<Liste_des_auteurs>BERTHELÉ, Raoul</Liste_des_auteurs>
		<Type_Doc>PHOTOGRAPHIE N&amp;B</Type_Doc>
		<Support>PAPIER</Support>
		<Technique>Photographie N&amp;B</Technique>
		<Format>12 x 9 cm</Format>
		<Cote>49Fi1874/4</Cote>
		<Observations>Tirage recadré du négatif stéreoscopique portant la cote 49Fi28. Deux tirages  de la partie droite du négatif portent les cotes 49Fi1872/69 (complet) et 49Fi1895 (recadré).</Observations>
		<Origine>Don Faucher-Berhelé entré le 10/11/1978.</Origine>
		<Droits_Repro>Domaine public</Droits_Repro>
		<subject>MILITAIRE;PRISONNIER DE GUERRE;ENFANT;GUERRE 1914-1918;</subject>
		<geoname>AMIENS (ville);SOMME (département);</geoname>
		<persname></persname>
		<corpname></corpname>
	</DocsFigures>
<DocsFigures>
		<Titre>Amiens. 8.6.1915. Prisonniers allemands</Titre>
		<Analyse>Amiens (Somme).
8 juin 1915. Guerre 1914-1918.
Vue de prisonniers allemands défilant rue Saint-Leu.</Analyse>
		<Realise_en>1915</Realise_en>
		<Liste_des_auteurs>BERTHELÉ, Raoul</Liste_des_auteurs>
		<Type_Doc>PHOTOGRAPHIE N&amp;B</Type_Doc>
		<Support>PAPIER</Support>
		<Technique>Photographie N&amp;B</Technique>
		<Format>12 x 9 cm</Format>
		<Cote>49Fi1874/5</Cote>
		<Observations>Tiré d&apos;un négatif stéréoscopique portant la cote 49Fi26. Un tirage de la partie droite du négatif porte la cote 49Fi1872/68.</Observations>
		<Origine>Don Faucher-Berhelé entré le 10/11/1978.</Origine>
		<Droits_Repro>Domaine public</Droits_Repro>
		<subject>MILITAIRE;PRISONNIER DE GUERRE;GUERRE 1914-1918;</subject>
		<geoname>AMIENS (ville);SOMME (département);</geoname>
		<persname></persname>
		<corpname></corpname>
	</DocsFigures>
<DocsFigures>
		<Titre>Corbie. Parc d&apos;aviation n° 5. Aviatic</Titre>
		<Analyse>Vue de l&apos;arrière d&apos;un avion allemand stationné dans un hangar du parc d&apos;aviation n°5 à Corbie (Somme).
15 Juin 1915. 
Guerre 1914-1918.</Analyse>
		<Realise_en>1915</Realise_en>
		<Liste_des_auteurs>BERTHELÉ, Raoul</Liste_des_auteurs>
		<Type_Doc>PHOTOGRAPHIE N&amp;B</Type_Doc>
		<Support>PAPIER</Support>
		<Technique>Photographie N&amp;B</Technique>
		<Format>9 x 12 cm</Format>
		<Cote>49Fi1874/7</Cote>
		<Observations>Tirage recadré de la 49Fi31.</Observations>
		<Origine>Don Faucher-Berhelé entré le 10/11/1978.</Origine>
		<Droits_Repro>Domaine public</Droits_Repro>
		<subject>GUERRE 1914-1918;</subject>
		<geoname>CORBIE (ville);SOMME (département);</geoname>
		<persname></persname>
		<corpname></corpname>
	</DocsFigures>
<DocsFigures>
		<Titre>[Amiens. Prisonniers allemands]</Titre>
		<Analyse>Amiens (Somme).
8 juin 1915. Guerre 1914-1918.
Vue de prisonniers allemands défilant rue Saint-Leu.</Analyse>
		<Realise_en>1915</Realise_en>
		<Liste_des_auteurs>BERTHELÉ, Raoul</Liste_des_auteurs>
		<Type_Doc>PHOTOGRAPHIE N&amp;B</Type_Doc>
		<Support>PAPIER COLLE SUR CARTON</Support>
		<Technique>Photographie N&amp;B</Technique>
		<Format>9 x 12 cm</Format>
		<Cote>49Fi1874/8</Cote>
		<Observations>Tirage recadré de la 49Fi43.</Observations>
		<Origine>Don Faucher-Berhelé entré le 10/11/1978.</Origine>
		<Droits_Repro>Domaine public</Droits_Repro>
		<subject>MILITAIRE;PRISONNIER DE GUERRE;GUERRE 1914-1918;</subject>
		<geoname>AMIENS (ville);SOMME (département);</geoname>
		<persname></persname>
		<corpname></corpname>
	</DocsFigures>
<DocsFigures>
		<Titre>Cagny. Prisonniers allemands en corvée</Titre>
		<Analyse>Prisonniers allemands en corvée sur une route près de Cagny (Somme).
Le 15 Juin 1915. 
Guerre 1914-1918.
Ils sont munis de pelles et de balais.</Analyse>
		<Realise_en>1915</Realise_en>
		<Liste_des_auteurs>BERTHELÉ, Raoul</Liste_des_auteurs>
		<Type_Doc>PHOTOGRAPHIE N&amp;B</Type_Doc>
		<Support>PAPIER</Support>
		<Technique>Photographie N&amp;B</Technique>
		<Format>12 x 9 cm</Format>
		<Cote>49Fi1874/9</Cote>
		<Observations>Tirage recadré de la 49Fi36.</Observations>
		<Origine>Don Faucher-Berhelé entré le 10/11/1978.</Origine>
		<Droits_Repro>Domaine public</Droits_Repro>
		<subject>MILITAIRE;PRISONNIER DE GUERRE;GUERRE 1914-1918;</subject>
		<geoname>CAGNY (village);SOMME (département);</geoname>
		<persname></persname>
		<corpname></corpname>
	</DocsFigures>
<DocsFigures>
		<Titre>Corbie. Gare. Blessés allemands</Titre>
		<Analyse>Trois prisonniers allemands à la gare de Corbie (Somme).
Juin 1915. 
Guerre 1914-1918.
Deux des prisonniers sont blessés à la tête.</Analyse>
		<Realise_en>1915</Realise_en>
		<Liste_des_auteurs>BERTHELÉ, Raoul</Liste_des_auteurs>
		<Type_Doc>PHOTOGRAPHIE N&amp;B</Type_Doc>
		<Support>PAPIER</Support>
		<Technique>Photographie N&amp;B</Technique>
		<Format>12 x 9 cm</Format>
		<Cote>49Fi1874/10</Cote>
		<Observations>Tirage recadré de la 49Fi393.</Observations>
		<Origine>Don Faucher-Berhelé entré le 10/11/1978.</Origine>
		<Droits_Repro>Domaine public</Droits_Repro>
		<subject>MILITAIRE;PRISONNIER DE GUERRE;GARE;VICTIME DE GUERRE;GUERRE 1914-1918;</subject>
		<geoname>CORBIE (ville);SOMME (département);</geoname>
		<persname></persname>
		<corpname></corpname>
	</DocsFigures>
<DocsFigures>
		<Titre>Corbie. Hôpital de triage. M. Rémy. Départ des blessés.</Titre>
		<Analyse>Les blessés quittent l&apos;hôpital de triage de Corbie (Somme) pour être rapatriés dans un autre hôpital.
Juin 1915. 
Guerre 1914-1918.
Au premier plan M. Rémy avec un chien.</Analyse>
		<Realise_en>1915</Realise_en>
		<Liste_des_auteurs>BERTHELÉ, Raoul</Liste_des_auteurs>
		<Type_Doc>PHOTOGRAPHIE N&amp;B</Type_Doc>
		<Support>PAPIER COLLE SUR CARTON</Support>
		<Technique>Photographie N&amp;B</Technique>
		<Format>12 x 9 cm</Format>
		<Cote>49Fi1874/11</Cote>
		<Observations>Tirage recadré de la 49Fi34.</Observations>
		<Origine>Don Faucher-Berhelé entré le 10/11/1978.</Origine>
		<Droits_Repro>Domaine public</Droits_Repro>
		<subject>MILITAIRE;SERVICE SANITAIRE MILITAIRE;TRANSPORT SANITAIRE;VICTIME DE GUERRE;VEHICULE AUTOMOBILE;GUERRE 1914-1918;</subject>
		<geoname>CORBIE (ville);SOMME (département);</geoname>
		<persname></persname>
		<corpname></corpname>
	</DocsFigures>
<DocsFigures>
		<Titre>Amiens. Biplan Caudron. Adjudant Bauer</Titre>
		<Analyse>Adjudant Bauer réparant un avion biplan Caudron dans un champ d&apos;aviation près d&apos;Amiens (Somme).
13 juin 1915. 
Guerre 1914-1918.</Analyse>
		<Realise_en>1915</Realise_en>
		<Liste_des_auteurs>BERTHELÉ, Raoul</Liste_des_auteurs>
		<Type_Doc>PHOTOGRAPHIE N&amp;B</Type_Doc>
		<Support>PAPIER COLLE SUR CARTON</Support>
		<Technique>Photographie N&amp;B</Technique>
		<Format>9 x 12 cm</Format>
		<Cote>49Fi1874/14</Cote>
		<Observations>Tirage recadré de la 49Fi91.</Observations>
		<Origine>Don Faucher-Berhelé entré le 10/11/1978.</Origine>
		<Droits_Repro>Domaine public</Droits_Repro>
		<subject>GUERRE 1914-1918;</subject>
		<geoname>AMIENS (ville);SOMME (département);</geoname>
		<persname></persname>
		<corpname></corpname>
	</DocsFigures>
<DocsFigures>
		<Titre>Aterrissage de P. Descoings et R. Berthelé</Titre>
		<Analyse>Aterrissage de P. Descoings et R. Berthelé avec un biplan M. Farman dans un champ d&apos;aviation près d&apos;Amiens (Somme).
13 avril 1915. 
Guerre 1914-1918.</Analyse>
		<Realise_en>1915</Realise_en>
		<Liste_des_auteurs>BERTHELÉ, Raoul</Liste_des_auteurs>
		<Type_Doc>PHOTOGRAPHIE N&amp;B</Type_Doc>
		<Support>PAPIER COLLE SUR CARTON</Support>
		<Technique>Photographie N&amp;B</Technique>
		<Format>12 x 9 cm</Format>
		<Cote>49Fi1874/15</Cote>
		<Observations></Observations>
		<Origine>Don Faucher-Berhelé entré le 10/11/1978.</Origine>
		<Droits_Repro>Domaine public</Droits_Repro>
		<subject>GUERRE 1914-1918;</subject>
		<geoname>AMIENS (ville);SOMME (département);</geoname>
		<persname></persname>
		<corpname></corpname>
	</DocsFigures>
<DocsFigures>
		<Titre>Décollage de P. Descoings et R. Berthelé</Titre>
		<Analyse>Décollage  de P. Descoings et R. Berthelé avec un biplan M. Farman dans un champ d&apos;aviation près d&apos;Amiens (Somme)..
13 avril 1915. 
Guerre 1914-1918.</Analyse>
		<Realise_en>1915</Realise_en>
		<Liste_des_auteurs>BERTHELÉ, Raoul</Liste_des_auteurs>
		<Type_Doc>PHOTOGRAPHIE N&amp;B</Type_Doc>
		<Support>PAPIER COLLE SUR CARTON</Support>
		<Technique>Photographie N&amp;B</Technique>
		<Format>12 x 9 cm</Format>
		<Cote>49Fi1874/16</Cote>
		<Observations></Observations>
		<Origine>Don Faucher-Berhelé entré le 10/11/1978.</Origine>
		<Droits_Repro>Domaine public</Droits_Repro>
		<subject>GUERRE 1914-1918;</subject>
		<geoname>SOMME (département);AMIENS (ville);</geoname>
		<persname></persname>
		<corpname></corpname>
	</DocsFigures>
<DocsFigures>
		<Titre>Amiens.13/06/15. biplan Caudron. adjudant Bauer.</Titre>
		<Analyse>L&apos;adjudant Bauer pose devant un avion biplan Caudron près d&apos;Amiens (Somme).
13 juin 1915. 
Guerre 1914-1918.
L&apos;adjudant tient entre ses mains des lunettes d&apos;aviateur.</Analyse>
		<Realise_en>1915</Realise_en>
		<Liste_des_auteurs>BERTHELÉ, Raoul</Liste_des_auteurs>
		<Type_Doc>PHOTOGRAPHIE N&amp;B</Type_Doc>
		<Support>PAPIER COLLE SUR CARTON</Support>
		<Technique>Photographie N&amp;B</Technique>
		<Format>12 x 9 cm</Format>
		<Cote>49Fi1874/17</Cote>
		<Observations>Tirage recadré de la 49Fi92.</Observations>
		<Origine>Don Faucher-Berhelé entré le 10/11/1978.</Origine>
		<Droits_Repro>Domaine public</Droits_Repro>
		<subject>GUERRE 1914-1918;</subject>
		<geoname>AMIENS (ville);SOMME (département);</geoname>
		<persname></persname>
		<corpname></corpname>
	</DocsFigures>
<DocsFigures>
		<Titre>Cathédrale d&apos;Amiens</Titre>
		<Analyse>Vue de la façade principale de la Cathédrale d&apos;Amiens (Somme) protégée contre les bombardements.
17 juin 1915. 
Guerre 1914-1918.
Elle est protégée par des sacs de sable.</Analyse>
		<Realise_en>1915</Realise_en>
		<Liste_des_auteurs>BERTHELÉ, Raoul</Liste_des_auteurs>
		<Type_Doc>PHOTOGRAPHIE N&amp;B</Type_Doc>
		<Support>PAPIER COLLE SUR CARTON</Support>
		<Technique>Photographie N&amp;B</Technique>
		<Format>12 x 9 cm</Format>
		<Cote>49Fi1874/18</Cote>
		<Observations>Tirage recadré de la 49Fi87.</Observations>
		<Origine>Don Faucher-Berhelé entré le 10/11/1978.</Origine>
		<Droits_Repro>Domaine public</Droits_Repro>
		<subject>GUERRE 1914-1918;</subject>
		<geoname>AMIENS (ville);SOMME (département);</geoname>
		<persname></persname>
		<corpname></corpname>
	</DocsFigures>
<DocsFigures>
		<Titre>Amiens. 20/06/15. Mlle Jeanne Cornu et R. Berthelé</Titre>
		<Analyse>Jeanne Cornu et Raoul Berthelé posent dans un champs de blé près d&apos;Amiens (Somme).
20 juin 1915. 
Guerre 1914-1918.</Analyse>
		<Realise_en>1915</Realise_en>
		<Liste_des_auteurs>BERTHELÉ, Raoul</Liste_des_auteurs>
		<Type_Doc>PHOTOGRAPHIE N&amp;B</Type_Doc>
		<Support>PAPIER COLLE SUR CARTON</Support>
		<Technique>Photographie N&amp;B</Technique>
		<Format>12 x 9 cm</Format>
		<Cote>49Fi1874/19</Cote>
		<Observations>Tirage recadré de la 49Fi89.</Observations>
		<Origine>Don Faucher-Berhelé entré le 10/11/1978.</Origine>
		<Droits_Repro>Domaine public</Droits_Repro>
		<subject>GUERRE 1914-1918;</subject>
		<geoname>AMIENS (ville);SOMME (département);</geoname>
		<persname>BERTHELE, Raoul;</persname>
		<corpname></corpname>
	</DocsFigures>
<DocsFigures>
		<Titre>Amiens. 20/06/15. Mlle Jeanne Cornu</Titre>
		<Analyse>Jeanne Cornu pose avec un bouquet de fleurs sauvages à la main dans un champs de blé près d&apos;Amiens (Somme).
20 juin 1915. 
Guerre 1914-1918.</Analyse>
		<Realise_en>1915</Realise_en>
		<Liste_des_auteurs>BERTHELÉ, Raoul</Liste_des_auteurs>
		<Type_Doc>PHOTOGRAPHIE N&amp;B</Type_Doc>
		<Support>PAPIER COLLE SUR CARTON</Support>
		<Technique>Photographie N&amp;B</Technique>
		<Format>12 x 9 cm</Format>
		<Cote>49Fi1874/20</Cote>
		<Observations>Tirage recadré de la 49Fi90.</Observations>
		<Origine>Don Faucher-Berhelé entré le 10/11/1978.</Origine>
		<Droits_Repro>Domaine public</Droits_Repro>
		<subject>GUERRE 1914-1918;</subject>
		<geoname>AMIENS (ville);SOMME (département);</geoname>
		<persname></persname>
		<corpname></corpname>
	</DocsFigures>
<DocsFigures>
		<Titre>Amiens. Abattoir. Le caporal Jacquet</Titre>
		<Analyse>Vue du caporal Jacquet tenant un boeuf par la longe dans la cour de l&apos;abattoir d&apos;Amiens (Somme).
1915.
Guerre 1914-1918.</Analyse>
		<Realise_en>1915</Realise_en>
		<Liste_des_auteurs>BERTHELÉ, Raoul</Liste_des_auteurs>
		<Type_Doc>PHOTOGRAPHIE N&amp;B</Type_Doc>
		<Support>PAPIER COLLE SUR CARTON</Support>
		<Technique>Photographie N&amp;B</Technique>
		<Format>9 x 12 cm</Format>
		<Cote>49Fi1874/21</Cote>
		<Observations></Observations>
		<Origine>Don Faucher-Berhelé entré le 10/11/1978.</Origine>
		<Droits_Repro>Domaine public</Droits_Repro>
		<subject>GUERRE 1914-1918;</subject>
		<geoname>AMIENS (ville);SOMME (département);</geoname>
		<persname></persname>
		<corpname></corpname>
	</DocsFigures>
<DocsFigures>
		<Titre>Palavas. 24/07/15. Docteur de Mélevieille. Suzanne Luthard et Béatrix</Titre>
		<Analyse>Le docteur de Mélevieille, Suzanne Luthard et Béatrix Berthelé sur une plage à Palavas-les-Flots (Hérault).
24 juillet 1915. 
Guerre 1914-1918. </Analyse>
		<Realise_en>1915</Realise_en>
		<Liste_des_auteurs>BERTHELÉ, Raoul</Liste_des_auteurs>
		<Type_Doc>PHOTOGRAPHIE N&amp;B</Type_Doc>
		<Support>PAPIER COLLE SUR CARTON</Support>
		<Technique>Photographie N&amp;B</Technique>
		<Format>9 x 12 cm</Format>
		<Cote>49Fi1874/22</Cote>
		<Observations>Tirage recadré de la 49Fi983.</Observations>
		<Origine>Don Faucher-Berhelé entré le 10/11/1978.</Origine>
		<Droits_Repro>Domaine public</Droits_Repro>
		<subject>GUERRE 1914-1918;</subject>
		<geoname>PALAVAS-LES-FLOTS (ville);HERAULT (département);</geoname>
		<persname></persname>
		<corpname></corpname>
	</DocsFigures>
<DocsFigures>
		<Titre>Amiens. 27/06/15. Mlle Jeanne Cornu</Titre>
		<Analyse>Mlle Jeanne Cornu prend la pose derrière un arbre au bord d&apos;un canal près d&apos;Amiens (Somme).
27 juillet 1915. 
Guerre 1914-1918.</Analyse>
		<Realise_en>1915</Realise_en>
		<Liste_des_auteurs>BERTHELÉ, Raoul</Liste_des_auteurs>
		<Type_Doc>PHOTOGRAPHIE N&amp;B</Type_Doc>
		<Support>PAPIER COLLE SUR CARTON</Support>
		<Technique>Photographie N&amp;B</Technique>
		<Format>12 x 9 cm</Format>
		<Cote>49Fi1874/23</Cote>
		<Observations>Tirage recadreé de la 49Fi74.</Observations>
		<Origine>Don Faucher-Berhelé entré le 10/11/1978.</Origine>
		<Droits_Repro>Domaine public</Droits_Repro>
		<subject>GUERRE 1914-1918;</subject>
		<geoname>AMIENS (ville);SOMME (département);</geoname>
		<persname></persname>
		<corpname></corpname>
	</DocsFigures>
<DocsFigures>
		<Titre>Amiens. 10/07/15. Abattoir</Titre>
		<Analyse>Dépeçage de moutons à l&apos;abatoir d&apos;Amiens (Somme).
10 juillet 1915. 
Guerre 1914-1918.</Analyse>
		<Realise_en>1915</Realise_en>
		<Liste_des_auteurs>BERTHELÉ, Raoul</Liste_des_auteurs>
		<Type_Doc>PHOTOGRAPHIE N&amp;B</Type_Doc>
		<Support>PAPIER COLLE SUR CARTON</Support>
		<Technique>Photographie N&amp;B</Technique>
		<Format>12 x 9 cm</Format>
		<Cote>49Fi1874/24</Cote>
		<Observations>Tirage recadré de la 49Fi75.</Observations>
		<Origine>Don Faucher-Berhelé entré le 10/11/1978.</Origine>
		<Droits_Repro>Domaine public</Droits_Repro>
		<subject>GUERRE 1914-1918;</subject>
		<geoname>SOMME (département);AMIENS (ville);</geoname>
		<persname></persname>
		<corpname></corpname>
	</DocsFigures>
<DocsFigures>
		<Titre>Saleux. M. Cazals au galop</Titre>
		<Analyse>Vue de M. Cazals à cheval, au galop sur une route près de Saleux (Somme).
1915. 
Guerre 1914-1918.</Analyse>
		<Realise_en>1915</Realise_en>
		<Liste_des_auteurs>BERTHELÉ, Raoul</Liste_des_auteurs>
		<Type_Doc>PHOTOGRAPHIE N&amp;B</Type_Doc>
		<Support>PAPIER COLLE SUR CARTON</Support>
		<Technique>Photographie N&amp;B</Technique>
		<Format>12 x 9 cm</Format>
		<Cote>49Fi1874/25</Cote>
		<Observations></Observations>
		<Origine>Don Faucher-Berhelé entré le 10/11/1978.</Origine>
		<Droits_Repro>Domaine public</Droits_Repro>
		<subject>GUERRE 1914-1918;</subject>
		<geoname>SALEUX (ville);SOMME (département);</geoname>
		<persname></persname>
		<corpname></corpname>
	</DocsFigures>
<DocsFigures>
		<Titre>Amiens. 18/07/15. Bassin de natation. Tourbier</Titre>
		<Analyse>Photo de M. Tourbier dans le bassin de natation à Amiens (Somme).
18 juillet 1915. 
Guerre 1914-1918.</Analyse>
		<Realise_en>1915</Realise_en>
		<Liste_des_auteurs>BERTHELÉ, Raoul</Liste_des_auteurs>
		<Type_Doc>PHOTOGRAPHIE N&amp;B</Type_Doc>
		<Support>PAPIER COLLE SUR CARTON</Support>
		<Technique>Photographie N&amp;B</Technique>
		<Format>12 x 9 cm</Format>
		<Cote>49Fi1874/26</Cote>
		<Observations>Tirage recadré de la 49Fi145.</Observations>
		<Origine>Don Faucher-Berhelé entré le 10/11/1978.</Origine>
		<Droits_Repro>Domaine public</Droits_Repro>
		<subject>GUERRE 1914-1918;</subject>
		<geoname>AMIENS (ville);SOMME (département);</geoname>
		<persname></persname>
		<corpname></corpname>
	</DocsFigures>
<DocsFigures>
		<Titre>Château-Thierry. 28/07/15. Grand-mère Berthelé</Titre>
		<Analyse>Portrait de la grand-mère Berthelé dans son jardin à Château-Thierry (Aisne).
28 juillet 1915. 
Guerre 1914-1918. (Aisne).
28 juillet 1915. 
Guerre 1914-1918.</Analyse>
		<Realise_en>1915</Realise_en>
		<Liste_des_auteurs>BERTHELÉ, Raoul</Liste_des_auteurs>
		<Type_Doc>PHOTOGRAPHIE N&amp;B</Type_Doc>
		<Support>PAPIER COLLE SUR CARTON</Support>
		<Technique>Photographie N&amp;B</Technique>
		<Format>12 x 9 cm</Format>
		<Cote>49Fi1874/27</Cote>
		<Observations>Tirage recadré de la 49Fi957.</Observations>
		<Origine>Don Faucher-Berhelé entré le 10/11/1978.</Origine>
		<Droits_Repro>Domaine public</Droits_Repro>
		<subject>GUERRE 1914-1918;</subject>
		<geoname>CHATEAU-THIERRY (ville);AISNE (département);</geoname>
		<persname></persname>
		<corpname></corpname>
	</DocsFigures>
<DocsFigures>
		<Titre>Nogentel. Grand-mère Vomarne. 29/07/15</Titre>
		<Analyse>La grand-mère Vomarne pose devant le perron de sa maison à Nogentel (Aisne).
29 juillet 1915. 
Guerre 1914-1918. </Analyse>
		<Realise_en>1915</Realise_en>
		<Liste_des_auteurs>BERTHELÉ, Raoul</Liste_des_auteurs>
		<Type_Doc>PHOTOGRAPHIE N&amp;B</Type_Doc>
		<Support>PAPIER COLLE SUR CARTON</Support>
		<Technique>Photographie N&amp;B</Technique>
		<Format>12 x 9 cm</Format>
		<Cote>49Fi1874/28</Cote>
		<Observations>Tirage recadré de la 49Fi979.</Observations>
		<Origine>Don Faucher-Berhelé entré le 10/11/1978.</Origine>
		<Droits_Repro>Domaine public</Droits_Repro>
		<subject>GUERRE 1914-1918;</subject>
		<geoname>NOGENTEL (village);AISNE (département);</geoname>
		<persname></persname>
		<corpname></corpname>
	</DocsFigures>
<DocsFigures>
		<Titre>Saleux. 18/07/15. Usine Poiret</Titre>
		<Analyse>Vue prise du bord de la rivière de l&apos;usine Poiret à Saleux (Somme).
18 juillet1915. 
Guerre 1914-1918.</Analyse>
		<Realise_en>1915</Realise_en>
		<Liste_des_auteurs>BERTHELÉ, Raoul</Liste_des_auteurs>
		<Type_Doc>PHOTOGRAPHIE N&amp;B</Type_Doc>
		<Support>Papier</Support>
		<Technique>Photographie N&amp;B</Technique>
		<Format>12 x 9 cm</Format>
		<Cote>49Fi1874/29</Cote>
		<Observations>Tirage recadré de la 49Fi100.</Observations>
		<Origine>Don Faucher-Berhelé entré le 10/11/1978.</Origine>
		<Droits_Repro>Domaine public</Droits_Repro>
		<subject>GUERRE 1914-1918;</subject>
		<geoname>SALEUX (ville);SOMME (département);</geoname>
		<persname></persname>
		<corpname></corpname>
	</DocsFigures>
<DocsFigures>
		<Titre>Saleux. Usine Poiret</Titre>
		<Analyse>Vue d&apos;ensemble de l&apos;usine Poiret à Saleux (Somme).
1915. 
Guerre 1914-1918.
Une ouvrière pose en premier plan.</Analyse>
		<Realise_en>1915</Realise_en>
		<Liste_des_auteurs>BERTHELÉ, Raoul</Liste_des_auteurs>
		<Type_Doc>PHOTOGRAPHIE N&amp;B</Type_Doc>
		<Support>PAPIER</Support>
		<Technique>Photographie N&amp;B</Technique>
		<Format>12 x 9 cm</Format>
		<Cote>49Fi1874/30</Cote>
		<Observations>Tirage recadré lié à la 49Fi799.</Observations>
		<Origine>Don Faucher-Berhelé entré le 10/11/1978.</Origine>
		<Droits_Repro>Domaine public</Droits_Repro>
		<subject>GUERRE 1914-1918;</subject>
		<geoname>SALEUX (ville);SOMME (département);</geoname>
		<persname></persname>
		<corpname></corpname>
	</DocsFigures>
<DocsFigures>
		<Titre>Cuperly. Enterrement</Titre>
		<Analyse>Scène d&apos;enterrement dans le cimetière de l&apos;hôpital d&apos;évacuation de Cuperly (Marne).
1916. 
Guerre 1914-1918.</Analyse>
		<Realise_en>1916</Realise_en>
		<Liste_des_auteurs>BERTHELÉ, Raoul</Liste_des_auteurs>
		<Type_Doc>PHOTOGRAPHIE N&amp;B</Type_Doc>
		<Support>PAPIER</Support>
		<Technique>Photographie N&amp;B</Technique>
		<Format>12 x 9 cm</Format>
		<Cote>49Fi1874/32</Cote>
		<Observations>Tirage recadré de la 49Fi569.
Plaque positive 49Fi543.</Observations>
		<Origine>Don Faucher-Berhelé entré le 10/11/1978.</Origine>
		<Droits_Repro>Domaine public</Droits_Repro>
		<subject>SERVICE SANITAIRE MILITAIRE;MORT POUR LA FRANCE;MILITAIRE;CIMETIERE;GUERRE 1914-1918;</subject>
		<geoname>CUPERLY (village);MARNE (département);</geoname>
		<persname></persname>
		<corpname></corpname>
	</DocsFigures>
<DocsFigures>
		<Titre>Cuperly. HOE [hôpital d&apos;évacuation]. Blessés</Titre>
		<Analyse>Photo d&apos;un groupe de blessés à l&apos;hôpital d&apos;évacuation de Cuperly dans la Marne.
1915. 
Guerre 1914-1918.</Analyse>
		<Realise_en>1915</Realise_en>
		<Liste_des_auteurs>BERTHELÉ, Raoul</Liste_des_auteurs>
		<Type_Doc>PHOTOGRAPHIE N&amp;B</Type_Doc>
		<Support>PAPIER COLLE SUR CARTON</Support>
		<Technique>Photographie N&amp;B</Technique>
		<Format>9 x 12 cm</Format>
		<Cote>49Fi1874/33</Cote>
		<Observations>Tirage recadré de la 49Fi493.
Plaque positive 49Fi544.</Observations>
		<Origine>Don Faucher-Berhelé entré le 10/11/1978.</Origine>
		<Droits_Repro>Domaine public</Droits_Repro>
		<subject>SERVICE SANITAIRE MILITAIRE;MILITAIRE;VICTIME DE GUERRE;GUERRE 1914-1918;</subject>
		<geoname>CUPERLY (village);MARNE (département);</geoname>
		<persname></persname>
		<corpname></corpname>
	</DocsFigures>
<DocsFigures>
		<Titre>Cuperly. HOE [hôpital d&apos;évacuation]. Enterrement</Titre>
		<Analyse>Transport d&apos;une dépouille pour l&apos;inhumer dans une fosse commune du cimetière de l&apos;hôpital d&apos;évacuation de Cuperly (Marne).
1916. 
Guerre 1914-1918.</Analyse>
		<Realise_en>1916</Realise_en>
		<Liste_des_auteurs>BERTHELÉ, Raoul</Liste_des_auteurs>
		<Type_Doc>PHOTOGRAPHIE N&amp;B</Type_Doc>
		<Support>PAPIER COLLE SUR CARTON</Support>
		<Technique>Photographie N&amp;B</Technique>
		<Format>9 x 12 cm</Format>
		<Cote>49Fi1874/34</Cote>
		<Observations>Tirage recadré de la 49Fi570.</Observations>
		<Origine>Don Faucher-Berhelé entré le 10/11/1978.</Origine>
		<Droits_Repro>Domaine public</Droits_Repro>
		<subject>MILITAIRE;SERVICE SANITAIRE MILITAIRE;MORT POUR LA FRANCE;VEHICULE A TRACTION ANIMALE;CIMETIERE;GUERRE 1914-1918;</subject>
		<geoname>CUPERLY (village);MARNE (département);</geoname>
		<persname></persname>
		<corpname></corpname>
	</DocsFigures>
<DocsFigures>
		<Titre>Cuperly. 12/05/15. HOE [hôpital d&apos;évacuation]. Délégation russe.</Titre>
		<Analyse>Délégation russe avec la princesse Murat en visite à l&apos;hôpital d&apos;évacuation de Cuperly dans la Marne. 
12 mai 1915. 
Guerre 1914-1918.</Analyse>
		<Realise_en>1915</Realise_en>
		<Liste_des_auteurs>BERTHELÉ, Raoul</Liste_des_auteurs>
		<Type_Doc>PHOTOGRAPHIE N&amp;B</Type_Doc>
		<Support>PAPIER COLLE SUR CARTON</Support>
		<Technique>Photographie N&amp;B</Technique>
		<Format>12 x 9 cm</Format>
		<Cote>49Fi1874/35</Cote>
		<Observations>Tirage recadré de la 49Fi500.
En marge du tirage , en bas, la liste et la situation des différents protagonistes.</Observations>
		<Origine>Don Faucher-Berhelé entré le 10/11/1978.</Origine>
		<Droits_Repro>Domaine public</Droits_Repro>
		<subject>VISITE OFFICIELLE;SERVICE SANITAIRE MILITAIRE;MILITAIRE;GUERRE 1914-1918;</subject>
		<geoname>CUPERLY (village);MARNE (département);</geoname>
		<persname></persname>
		<corpname></corpname>
	</DocsFigures>
<DocsFigures>
		<Titre>Cuperly. 12/05/15. HOE [hôpital d&apos;évacuation]. Délégation russe.</Titre>
		<Analyse>Délégation russe avec la princesse Murat en visite à l&apos;hôpital d&apos;évacuation de Cuperly dans la Marne. 
12 mai 1915. 
Guerre 1914-1918.</Analyse>
		<Realise_en>1915</Realise_en>
		<Liste_des_auteurs>BERTHELÉ, Raoul</Liste_des_auteurs>
		<Type_Doc>PHOTOGRAPHIE N&amp;B</Type_Doc>
		<Support>PAPIER COLLE SUR CARTON</Support>
		<Technique>Photographie N&amp;B</Technique>
		<Format>12 x 9 cm</Format>
		<Cote>49Fi1874/36</Cote>
		<Observations>Tirage recadré de la 49Fi501.
Voir la liste et la situation des différents protagonistes en 49Fi1874/35.</Observations>
		<Origine>Don Faucher-Berhelé entré le 10/11/1978.</Origine>
		<Droits_Repro>Domaine public</Droits_Repro>
		<subject>VISITE OFFICIELLE;SERVICE SANITAIRE MILITAIRE;MILITAIRE;GUERRE 1914-1918;</subject>
		<geoname>CUPERLY (village);MARNE (département);</geoname>
		<persname></persname>
		<corpname></corpname>
	</DocsFigures>
<DocsFigures>
		<Titre>Cuperly. 12/05/15. HOE [hôpital d&apos;évacuation]. Délégation russe.</Titre>
		<Analyse>Délégation russe avec la princesse Murat en visite à l&apos;hôpital d&apos;évacuation de Cuperly dans la Marne. 
12 mai 1915. 
Guerre 1914-1918.
Les officiels longent un baraquement.</Analyse>
		<Realise_en>1915</Realise_en>
		<Liste_des_auteurs>BERTHELÉ, Raoul</Liste_des_auteurs>
		<Type_Doc>PHOTOGRAPHIE N&amp;B</Type_Doc>
		<Support>PAPIER COLLE SUR CARTON</Support>
		<Technique>Photographie N&amp;B</Technique>
		<Format>9 x 12 cm</Format>
		<Cote>49Fi1874/37</Cote>
		<Observations>Dans la marge, en bas,  la liste et la situation des différents protagonistes.
Lié à 49Fi1875/22.</Observations>
		<Origine>Don Faucher-Berhelé entré le 10/11/1978.</Origine>
		<Droits_Repro>Domaine public</Droits_Repro>
		<subject>SERVICE SANITAIRE MILITAIRE;VISITE OFFICIELLE;MILITAIRE;GUERRE 1914-1918;</subject>
		<geoname>CUPERLY (village);MARNE (département);</geoname>
		<persname></persname>
		<corpname></corpname>
	</DocsFigures>
<DocsFigures>
		<Titre>Somme-Vesle. Biplan Nieuport. Les fréres M. et J. Colombe</Titre>
		<Analyse>Le docteur Colombe et son frère posent devant un avion biplan Nieuport de l&apos;escadrille 23 à Somme-Vesle (Marne).
1916. 
Guerre 1914-1918.</Analyse>
		<Realise_en>1916</Realise_en>
		<Liste_des_auteurs>BERTHELÉ, Raoul</Liste_des_auteurs>
		<Type_Doc>PHOTOGRAPHIE N&amp;B</Type_Doc>
		<Support>PAPIER COLLE SUR CARTON</Support>
		<Technique>Photographie N&amp;B</Technique>
		<Format>12 x 9 cm</Format>
		<Cote>49Fi1874/39</Cote>
		<Observations>Tirage recadré de la 49Fi431.</Observations>
		<Origine>Don Faucher-Berhelé entré le 10/11/1978.</Origine>
		<Droits_Repro>Domaine public</Droits_Repro>
		<subject>GUERRE 1914-1918;</subject>
		<geoname>SOMME-VESLE (village);MARNE (département);</geoname>
		<persname></persname>
		<corpname></corpname>
	</DocsFigures>
<DocsFigures>
		<Titre>Somme-Vesle. Biplan Spad. R. B.</Titre>
		<Analyse>Somme-Vesle, Raoul Berthelé pose devant un biplan Spad.
1916. 
Guerre 1914-1918.</Analyse>
		<Realise_en>1916</Realise_en>
		<Liste_des_auteurs>BERTHELÉ, Raoul</Liste_des_auteurs>
		<Type_Doc>PHOTOGRAPHIE N&amp;B</Type_Doc>
		<Support>PAPIER COLLE SUR CARTON</Support>
		<Technique>Photographie N&amp;B</Technique>
		<Format>12 x 9 cm</Format>
		<Cote>49Fi1874/40</Cote>
		<Observations>Tirage recadré de la 49Fi496.</Observations>
		<Origine>Don Faucher-Berhelé entré le 10/11/1978.</Origine>
		<Droits_Repro>Domaine public</Droits_Repro>
		<subject>GUERRE 1914-1918;</subject>
		<geoname>SOMME-VESLE (village);MARNE (département);</geoname>
		<persname>BERTHELE, Raoul;</persname>
		<corpname></corpname>
	</DocsFigures>
<DocsFigures>
		<Titre>Cuperly. Hôpital d&apos;évacuation</Titre>
		<Analyse>Vue d&apos;un militaire posant devant l&apos;hôpital d&apos;évacuation de Cuperly (Marne).
1916. 
Guerre 1914-1918.</Analyse>
		<Realise_en>1916</Realise_en>
		<Liste_des_auteurs>BERTHELÉ, Raoul</Liste_des_auteurs>
		<Type_Doc>PHOTOGRAPHIE N&amp;B</Type_Doc>
		<Support>PAPIER</Support>
		<Technique>Photographie N&amp;B</Technique>
		<Format>4 x 4,5 cm</Format>
		<Cote>49Fi1875/1</Cote>
		<Observations>Tirage contact manquant de densité de la 49Fi577.</Observations>
		<Origine>Don Faucher-Berhelé entré le 10/11/1978.</Origine>
		<Droits_Repro>Domaine public</Droits_Repro>
		<subject>MILITAIRE;SERVICE SANITAIRE MILITAIRE;GUERRE 1914-1918;</subject>
		<geoname>CUPERLY (village);MARNE (département);</geoname>
		<persname></persname>
		<corpname></corpname>
	</DocsFigures>
<DocsFigures>
		<Titre>Cuperly. Obus de 105.</Titre>
		<Analyse>Obus de calibre 105 dans un dépôt d&apos;artillerie à Cuperly (Marne).
1916. 
Guerre 1914-1918.</Analyse>
		<Realise_en>1916</Realise_en>
		<Liste_des_auteurs>BERTHELÉ, Raoul</Liste_des_auteurs>
		<Type_Doc>PHOTOGRAPHIE N&amp;B</Type_Doc>
		<Support>PAPIER</Support>
		<Technique>Photographie sépia</Technique>
		<Format>4 x 4,5 cm</Format>
		<Cote>49Fi1875/2</Cote>
		<Observations>Contact manquant de densité de la 49Fi534.</Observations>
		<Origine>Don Faucher-Berhelé entré le 10/11/1978.</Origine>
		<Droits_Repro>Domaine public</Droits_Repro>
		<subject>GUERRE 1914-1918;</subject>
		<geoname>CUPERLY (village);MARNE (département);</geoname>
		<persname></persname>
		<corpname></corpname>
	</DocsFigures>
<DocsFigures>
		<Titre>Cuperly. Cuisine des Territoriaux</Titre>
		<Analyse>Vue d&apos;ensemble d&apos;une cuisine des militaires des régiments territoriaux à Cuperly (Marne).
1916. 
Guerre 1914-1918.</Analyse>
		<Realise_en>1916</Realise_en>
		<Liste_des_auteurs>BERTHELÉ, Raoul</Liste_des_auteurs>
		<Type_Doc>PHOTOGRAPHIE N&amp;B</Type_Doc>
		<Support>PAPIER</Support>
		<Technique>Photographie sépia</Technique>
		<Format>4 x 4,5 cm</Format>
		<Cote>49Fi1875/4</Cote>
		<Observations>Tirage contact manquant de densité de la 49Fi576.</Observations>
		<Origine>Don Faucher-Berhelé entré le 10/11/1978.</Origine>
		<Droits_Repro>Domaine public</Droits_Repro>
		<subject>GUERRE 1914-1918;</subject>
		<geoname>CUPERLY (village);MARNE (département);</geoname>
		<persname></persname>
		<corpname></corpname>
	</DocsFigures>
<DocsFigures>
		<Titre>Cuperly. Obus de 105</Titre>
		<Analyse>Obus de calibre 105 dans un dépôt d&apos;artillerie à Cuperly (Marne).
1916. 
Guerre 1914-1918.</Analyse>
		<Realise_en>1916</Realise_en>
		<Liste_des_auteurs>BERTHELÉ, Raoul</Liste_des_auteurs>
		<Type_Doc>PHOTOGRAPHIE N&amp;B</Type_Doc>
		<Support>PAPIER</Support>
		<Technique>Photographie sépia</Technique>
		<Format>4 x 4,5 cm</Format>
		<Cote>49Fi1875/5</Cote>
		<Observations>Tirage manquant de densité de la 49Fi535.</Observations>
		<Origine>Don Faucher-Berhelé entré le 10/11/1978.</Origine>
		<Droits_Repro>Domaine public</Droits_Repro>
		<subject>GUERRE 1914-1918;</subject>
		<geoname>CUPERLY (village);MARNE (département);</geoname>
		<persname></persname>
		<corpname></corpname>
	</DocsFigures>
<DocsFigures>
		<Titre>Cuperly. HOE [hôpital d&apos;évacuation]. Bureau des entrées</Titre>
		<Analyse>Militaires devant le bureau des entrées de l&apos;hôpital d&apos;évacuation de Cuperly (Marne).
1916. 
Guerre 1914-1918.
Le bureau des entrées est la salle où des officiers d&apos;administration et des médecins déterminent l&apos;état du blessé entrant.</Analyse>
		<Realise_en>1916</Realise_en>
		<Liste_des_auteurs>BERTHELÉ, Raoul</Liste_des_auteurs>
		<Type_Doc>PHOTOGRAPHIE N&amp;B</Type_Doc>
		<Support>PAPIER</Support>
		<Technique>Photographie N&amp;B</Technique>
		<Format>4 x 4,5 cm</Format>
		<Cote>49Fi1875/7</Cote>
		<Observations>Contact de la 49Fi574.</Observations>
		<Origine>Don Faucher-Berhelé entré le 10/11/1978.</Origine>
		<Droits_Repro>Domaine public</Droits_Repro>
		<subject>MILITAIRE;SERVICE SANITAIRE MILITAIRE;VICTIME DE GUERRE;GUERRE 1914-1918;</subject>
		<geoname>CUPERLY (village);MARNE (département);</geoname>
		<persname></persname>
		<corpname></corpname>
	</DocsFigures>
<DocsFigures>
		<Titre>Cuperly. HOE [hôpital d&apos;évacuation]. Blessés</Titre>
		<Analyse>Photo d&apos;un groupe de blessés à l&apos;hôpital d&apos;évacuation de Cuperly dans la Marne.
1915. 
Guerre 1914-1918.</Analyse>
		<Realise_en>1915</Realise_en>
		<Liste_des_auteurs>BERTHELÉ, Raoul</Liste_des_auteurs>
		<Type_Doc>PHOTOGRAPHIE N&amp;B</Type_Doc>
		<Support>PAPIER</Support>
		<Technique>Photographie N&amp;B</Technique>
		<Format>4 x 4,5 cm</Format>
		<Cote>49Fi1875/9</Cote>
		<Observations>Contact de la 49Fi493.</Observations>
		<Origine>Don Faucher-Berhelé entré le 10/11/1978.</Origine>
		<Droits_Repro>Domaine public</Droits_Repro>
		<subject>VICTIME DE GUERRE;MILITAIRE;SERVICE SANITAIRE MILITAIRE;GUERRE 1914-1918;</subject>
		<geoname>CUPERLY (village);MARNE (département);</geoname>
		<persname></persname>
		<corpname></corpname>
	</DocsFigures>
<DocsFigures>
		<Titre>Cuperly. HOE [hôpital d&apos;évacuation]. Bureau des entrées</Titre>
		<Analyse>Militaires et brancardiers devant le bureau des entrées de l&apos;hôpital d&apos;évacuation de Cuperly (Marne).
1916. 
Guerre 1914-1918.
Le bureau des entrées est la salle où des officiers d&apos;administration et des médecins déterminent l&apos;état du blessé entrant.</Analyse>
		<Realise_en>1916</Realise_en>
		<Liste_des_auteurs>BERTHELÉ, Raoul</Liste_des_auteurs>
		<Type_Doc>PHOTOGRAPHIE N&amp;B</Type_Doc>
		<Support>PAPIER</Support>
		<Technique>Photographie N&amp;B</Technique>
		<Format>4 x 4,5 cm</Format>
		<Cote>49Fi1875/10</Cote>
		<Observations>Contact de la 49Fi573.</Observations>
		<Origine>Don Faucher-Berhelé entré le 10/11/1978.</Origine>
		<Droits_Repro>Domaine public</Droits_Repro>
		<subject>AUXILIAIRE MEDICAL;MILITAIRE;SERVICE SANITAIRE MILITAIRE;VICTIME DE GUERRE;GUERRE 1914-1918;</subject>
		<geoname>CUPERLY (village);MARNE (département);</geoname>
		<persname></persname>
		<corpname></corpname>
	</DocsFigures>
<DocsFigures>
		<Titre>Cuperly. HOE [hôpital d&apos;évacuation]. Blessés</Titre>
		<Analyse>Blessés en attente d&apos;évacuation à l&apos;hôpital d&apos;évacuation de Cuperly (Marne).
1916. 
Guerre 1914-1918.</Analyse>
		<Realise_en>1916</Realise_en>
		<Liste_des_auteurs>BERTHELÉ, Raoul</Liste_des_auteurs>
		<Type_Doc>PHOTOGRAPHIE N&amp;B</Type_Doc>
		<Support>PAPIER</Support>
		<Technique>Photographie N&amp;B</Technique>
		<Format>4 x 4,5 cm</Format>
		<Cote>49Fi1875/12</Cote>
		<Observations>Contact de la 49Fi571.</Observations>
		<Origine>Don Faucher-Berhelé entré le 10/11/1978.</Origine>
		<Droits_Repro>Domaine public</Droits_Repro>
		<subject>MILITAIRE;SERVICE SANITAIRE MILITAIRE;VICTIME DE GUERRE;VEHICULE AUTOMOBILE;GUERRE 1914-1918;</subject>
		<geoname>CUPERLY (village);MARNE (département);</geoname>
		<persname></persname>
		<corpname></corpname>
	</DocsFigures>
<DocsFigures>
		<Titre>Cuperly. La salle d&apos;opération.</Titre>
		<Analyse>Intérieur de la salle d&apos;opération de l&apos;hôpital d&apos;évacuation de Cuperly (Marne).
1916. 
Guerre 1914-1918.
Les infirmiers et les chirurgiens0, posent entre des tables d&apos;opérations.</Analyse>
		<Realise_en>1916</Realise_en>
		<Liste_des_auteurs>BERTHELÉ, Raoul</Liste_des_auteurs>
		<Type_Doc>PHOTOGRAPHIE N&amp;B</Type_Doc>
		<Support>PAPIER</Support>
		<Technique>Photographie N&amp;B</Technique>
		<Format>4 x 4,5 cm</Format>
		<Cote>49Fi1875/15</Cote>
		<Observations>Le tirage manque de densité.</Observations>
		<Origine>Don Faucher-Berhelé entré le 10/11/1978.</Origine>
		<Droits_Repro>Domaine public</Droits_Repro>
		<subject>SERVICE SANITAIRE MILITAIRE;AUXILIAIRE MEDICAL;GUERRE 1914-1918;</subject>
		<geoname>CUPERLY (village);MARNE (département);</geoname>
		<persname></persname>
		<corpname></corpname>
	</DocsFigures>
<DocsFigures>
		<Titre>Cuperly. HOE. Vue d&apos;ensemble.</Titre>
		<Analyse>Vue générale de l&apos;hôpital d&apos;évacuation de Cuperly (Marne).
1916. 
Guerre 1914-1918.
Une route traverse deux rangées de bâtiments en bois.</Analyse>
		<Realise_en>1916</Realise_en>
		<Liste_des_auteurs>BERTHELÉ, Raoul</Liste_des_auteurs>
		<Type_Doc>PHOTOGRAPHIE N&amp;B</Type_Doc>
		<Support>PAPIER</Support>
		<Technique>Photographie N&amp;B</Technique>
		<Format>4 x 4,5 cm</Format>
		<Cote>49Fi1875/17</Cote>
		<Observations></Observations>
		<Origine>Don Faucher-Berhelé entré le 10/11/1978.</Origine>
		<Droits_Repro>Domaine public</Droits_Repro>
		<subject>SERVICE SANITAIRE MILITAIRE;GUERRE 1914-1918;</subject>
		<geoname>CUPERLY (village);MARNE (département);</geoname>
		<persname></persname>
		<corpname></corpname>
	</DocsFigures>
<DocsFigures>
		<Titre>Cuperly. La salle d&apos;opération.</Titre>
		<Analyse>Intérieur de la salle d&apos;opération de l&apos;hôpital d&apos;évacuation de Cuperly (Marne).
1916. 
Guerre 1914-1918.
Les infirmiers et les chirurgiens posent entre des tables d&apos;opérations.</Analyse>
		<Realise_en>1916</Realise_en>
		<Liste_des_auteurs>BERTHELÉ, Raoul</Liste_des_auteurs>
		<Type_Doc>PHOTOGRAPHIE N&amp;B</Type_Doc>
		<Support>PAPIER</Support>
		<Technique>Photographie N&amp;B</Technique>
		<Format>4 x 4,5 cm</Format>
		<Cote>49Fi1875/18</Cote>
		<Observations>Le tirage contact manque de densité.</Observations>
		<Origine>Don Faucher-Berhelé entré le 10/11/1978.</Origine>
		<Droits_Repro>Domaine public</Droits_Repro>
		<subject>SERVICE SANITAIRE MILITAIRE;AUXILIAIRE MEDICAL;GUERRE 1914-1918;</subject>
		<geoname>CUPERLY (village);MARNE (département);</geoname>
		<persname></persname>
		<corpname></corpname>
	</DocsFigures>
<DocsFigures>
		<Titre>[Cuperly. 12/05/15. HOE [hôpital d&apos;évacuation]. Délégation russe.]</Titre>
		<Analyse>Délégation russe avec la princesse Murat en visite à l&apos;hôpital d&apos;évacuation de Cuperly dans la Marne. 
12 mai 1915. 
Guerre 1914-1918.
Les officiels longent un baraquement.</Analyse>
		<Realise_en>1915</Realise_en>
		<Liste_des_auteurs>BERTHELÉ, Raoul</Liste_des_auteurs>
		<Type_Doc>PHOTOGRAPHIE N&amp;B</Type_Doc>
		<Support>PAPIER</Support>
		<Technique>Photographie N&amp;B</Technique>
		<Format>4 x 4,5 cm</Format>
		<Cote>49Fi1875/22</Cote>
		<Observations>Lié à 49Fi1874/37.</Observations>
		<Origine>Don Faucher-Berhelé entré le 10/11/1978.</Origine>
		<Droits_Repro>Domaine public</Droits_Repro>
		<subject>VISITE OFFICIELLE;SERVICE SANITAIRE MILITAIRE;MILITAIRE;GUERRE 1914-1918;</subject>
		<geoname>CUPERLY (village);MARNE (département);</geoname>
		<persname></persname>
		<corpname></corpname>
	</DocsFigures>
<DocsFigures>
		<Titre>Somme-Vesle. Escadrile N°23. Le sergent M. Colombe.</Titre>
		<Analyse>Le docteur Colombe et son frère posent devant un avion biplan Nieuport de l&apos;escadrille 23 à Somme-Vesle (Marne).
1916. 
Guerre 1914-1918.</Analyse>
		<Realise_en>1916</Realise_en>
		<Liste_des_auteurs>BERTHELÉ, Raoul</Liste_des_auteurs>
		<Type_Doc>PHOTOGRAPHIE N&amp;B</Type_Doc>
		<Support>PAPIER</Support>
		<Technique>Photographie N&amp;B</Technique>
		<Format>4 x 4,5 cm</Format>
		<Cote>49Fi1875/25</Cote>
		<Observations>Contact de la 49Fi431.</Observations>
		<Origine>Don Faucher-Berhelé entré le 10/11/1978.</Origine>
		<Droits_Repro>Domaine public</Droits_Repro>
		<subject>GUERRE 1914-1918;</subject>
		<geoname>SOMME-VESLE (village);MARNE (département);</geoname>
		<persname></persname>
		<corpname></corpname>
	</DocsFigures>
<DocsFigures>
		<Titre>Somme-Vesle. Escadrile N°23. Monocoque Morane.</Titre>
		<Analyse>Vue d&apos;ensmeble d&apos;un avion biplan SPAD dans un champ d&apos;aviation à Somme-Vesle dans la Marne.
1915. 
Guerre 1914-1918.</Analyse>
		<Realise_en>1915</Realise_en>
		<Liste_des_auteurs>BERTHELÉ, Raoul</Liste_des_auteurs>
		<Type_Doc>PHOTOGRAPHIE N&amp;B</Type_Doc>
		<Support>PAPIER</Support>
		<Technique>Photographie N&amp;B</Technique>
		<Format>4 x 4,5 cm</Format>
		<Cote>49Fi1875/27</Cote>
		<Observations>Tirage contact manquant de densité de la 49Fi495.</Observations>
		<Origine>Don Faucher-Berhelé entré le 10/11/1978.</Origine>
		<Droits_Repro>Domaine public</Droits_Repro>
		<subject>GUERRE 1914-1918;</subject>
		<geoname>SOMME-VESLE (village);MARNE (département);</geoname>
		<persname></persname>
		<corpname></corpname>
	</DocsFigures>
<DocsFigures>
		<Titre>Cuperly. Train gare de Cuperly.</Titre>
		<Analyse>Les soldats attendent le départ en se ravitaillant à la gare d&apos;évacuation de Cuperly (Marne).
1916. 
Guerre 1914-1918.</Analyse>
		<Realise_en>1916</Realise_en>
		<Liste_des_auteurs>BERTHELÉ, Raoul</Liste_des_auteurs>
		<Type_Doc>PHOTOGRAPHIE N&amp;B</Type_Doc>
		<Support>PAPIER</Support>
		<Technique>Photographie N&amp;B</Technique>
		<Format>4 x 4,5 cm</Format>
		<Cote>49Fi1875/42</Cote>
		<Observations></Observations>
		<Origine>Don Faucher-Berhelé entré le 10/11/1978.</Origine>
		<Droits_Repro>Domaine public</Droits_Repro>
		<subject>MILITAIRE;RAVITAILLEMENT;TRANSPORT FERROVIAIRE;VEHICULE A TRACTION ANIMALE;GUERRE 1914-1918;</subject>
		<geoname>CUPERLY (village);MARNE (département);</geoname>
		<persname></persname>
		<corpname></corpname>
	</DocsFigures>
<DocsFigures>
		<Titre>Cuperly. Msieurs Teissier et Albarède.</Titre>
		<Analyse>Vue des militaires Teissier et Albarède discutant de part et d&apos;autre d&apos;une fenêtre à Cuperly (Marne).
1916.
Guerre 1914-1918.</Analyse>
		<Realise_en>1916</Realise_en>
		<Liste_des_auteurs>BERTHELÉ, Raoul</Liste_des_auteurs>
		<Type_Doc>PHOTOGRAPHIE N&amp;B</Type_Doc>
		<Support>PAPIER</Support>
		<Technique>Photographie N&amp;B</Technique>
		<Format>4 X 4;5</Format>
		<Cote>49Fi1875/56</Cote>
		<Observations>Les deux hommes sont en contre-jour.</Observations>
		<Origine>Don Faucher-Berhelé entré le 10/11/1978.</Origine>
		<Droits_Repro>Domaine public</Droits_Repro>
		<subject>GUERRE 1914-1918;</subject>
		<geoname>CUPERLY (village);MARNE (département);</geoname>
		<persname></persname>
		<corpname></corpname>
	</DocsFigures>
<DocsFigures>
		<Titre>Cuperly. Mr Teissier</Titre>
		<Analyse>Vue du militaire Teissier assis sur le lit de sa chambre à Cuperly (Marne).
1916.
Guerre 1914-1918.</Analyse>
		<Realise_en>1916</Realise_en>
		<Liste_des_auteurs>BERTHELÉ, Raoul</Liste_des_auteurs>
		<Type_Doc>PHOTOGRAPHIE N&amp;B</Type_Doc>
		<Support>PAPIER</Support>
		<Technique>Photographie N&amp;B</Technique>
		<Format>4 X 4;5</Format>
		<Cote>49Fi1875/57</Cote>
		<Observations></Observations>
		<Origine>Don Faucher-Berhelé entré le 10/11/1978.</Origine>
		<Droits_Repro>Domaine public</Droits_Repro>
		<subject>GUERRE 1914-1918;</subject>
		<geoname>CUPERLY (village);MARNE (département);</geoname>
		<persname></persname>
		<corpname></corpname>
	</DocsFigures>
<DocsFigures>
		<Titre>Cuperly. Mr Albarède.</Titre>
		<Analyse>Vue à travers une fenètre du militaire Albarède assis en train de lire dans sa chambre à Cuperly (Marne)
1916.
Guerre 1914-1918.</Analyse>
		<Realise_en>1916</Realise_en>
		<Liste_des_auteurs>BERTHELÉ, Raoul</Liste_des_auteurs>
		<Type_Doc>PHOTOGRAPHIE N&amp;B</Type_Doc>
		<Support>PAPIER</Support>
		<Technique>Photographie N&amp;B</Technique>
		<Format>4 X 4;5</Format>
		<Cote>49Fi1875/59</Cote>
		<Observations>Le tirage contact manque de densité.</Observations>
		<Origine>Don Faucher-Berhelé entré le 10/11/1978.</Origine>
		<Droits_Repro>Domaine public</Droits_Repro>
		<subject>GUERRE 1914-1918;</subject>
		<geoname>CUPERLY (village);MARNE (département);</geoname>
		<persname></persname>
		<corpname></corpname>
	</DocsFigures>
<DocsFigures>
		<Titre>Cuperly. Mr Albarède.</Titre>
		<Analyse>Vue du militaire Albarède assis en train de lire dans sa chambre à Cuperly (Marne)
1916.
Guerre 1914-1918.</Analyse>
		<Realise_en>1916</Realise_en>
		<Liste_des_auteurs>BERTHELÉ, Raoul</Liste_des_auteurs>
		<Type_Doc>PHOTOGRAPHIE N&amp;B</Type_Doc>
		<Support>PAPIER</Support>
		<Technique>Photographie N&amp;B</Technique>
		<Format>4 X 4;5</Format>
		<Cote>49Fi1875/60</Cote>
		<Observations>Le tirage contact manque de densité.</Observations>
		<Origine>Don Faucher-Berhelé entré le 10/11/1978.</Origine>
		<Droits_Repro>Domaine public</Droits_Repro>
		<subject>GUERRE 1914-1918;</subject>
		<geoname>CUPERLY (village);MARNE (département);</geoname>
		<persname></persname>
		<corpname></corpname>
	</DocsFigures>
<DocsFigures>
		<Titre>Paris. Bois de Boulogne. Mlle Jeanne Cornu</Titre>
		<Analyse>Mlle Jeanne Cornu se promène sur une allée au bord de l&apos;eau dans le bois de Boulogne à Paris.
1916. 
Guerre 1914-1918.</Analyse>
		<Realise_en>1916</Realise_en>
		<Liste_des_auteurs>BERTHELÉ, Raoul</Liste_des_auteurs>
		<Type_Doc>PHOTOGRAPHIE N&amp;B</Type_Doc>
		<Support>PAPIER</Support>
		<Technique>Photographie N&amp;B</Technique>
		<Format>4 x 4,5 cm</Format>
		<Cote>49Fi1875/67</Cote>
		<Observations></Observations>
		<Origine>Don Faucher-Berhelé entré le 10/11/1978.</Origine>
		<Droits_Repro>Domaine public</Droits_Repro>
		<subject>GUERRE 1914-1918;</subject>
		<geoname>PARIS (ville);</geoname>
		<persname></persname>
		<corpname></corpname>
	</DocsFigures>
<DocsFigures>
		<Titre>Saint-Etienne au Temple. Escadrille V21. Mitrailleuse Colt.</Titre>
		<Analyse>Une mitrailleuse Colt sur un socle à Saint-Etienne au Temple dans la Marne.
1916
Guerre 1914-1918.</Analyse>
		<Realise_en>1916</Realise_en>
		<Liste_des_auteurs>BERTHELÉ, Raoul</Liste_des_auteurs>
		<Type_Doc>PHOTOGRAPHIE N&amp;B</Type_Doc>
		<Support>PAPIER</Support>
		<Technique>Photographie N&amp;B</Technique>
		<Format>4 x 4,5 cm</Format>
		<Cote>49Fi1875/84</Cote>
		<Observations></Observations>
		<Origine>Don Faucher-Berhelé entré le 10/11/1978.</Origine>
		<Droits_Repro>Domaine public</Droits_Repro>
		<subject>GUERRE 1914-1918;</subject>
		<geoname>MARNE (département);SAINT-ETIENNE-AU-TEMPLE (village);</geoname>
		<persname></persname>
		<corpname></corpname>
	</DocsFigures>
<DocsFigures>
		<Titre>La Cheppe. Sous-bois</Titre>
		<Analyse>Sous bois en hiver à la Cheppe dans la Marne.
1916.
Guerre 1914-1918.</Analyse>
		<Realise_en>1916</Realise_en>
		<Liste_des_auteurs>BERTHELÉ, Raoul</Liste_des_auteurs>
		<Type_Doc>PHOTOGRAPHIE N&amp;B</Type_Doc>
		<Support>PAPIER</Support>
		<Technique>Photographie N&amp;B</Technique>
		<Format>4 x 4,5 cm</Format>
		<Cote>49Fi1875/85</Cote>
		<Observations></Observations>
		<Origine>Don Faucher-Berhelé entré le 10/11/1978.</Origine>
		<Droits_Repro>Domaine public</Droits_Repro>
		<subject>GUERRE 1914-1918;</subject>
		<geoname>LA CHEPPE (village);MARNE (département);</geoname>
		<persname></persname>
		<corpname></corpname>
	</DocsFigures>
<DocsFigures>
		<Titre>La Cheppe. Sous-bois. R. Berthelé</Titre>
		<Analyse>Photo de Raoul Berthelé couché dans un sous-bois de La Cheppe (Marne).
Juin 1915. 
Guerre 1914-1918.</Analyse>
		<Realise_en>1915</Realise_en>
		<Liste_des_auteurs>BERTHELÉ, Raoul</Liste_des_auteurs>
		<Type_Doc>PHOTOGRAPHIE N&amp;B</Type_Doc>
		<Support>PAPIER</Support>
		<Technique>Photographie N&amp;B</Technique>
		<Format>4 x 4,5 cm</Format>
		<Cote>49Fi1875/86</Cote>
		<Observations>Lié à la 49Fi57.</Observations>
		<Origine>Don Faucher-Berhelé entré le 10/11/1978.</Origine>
		<Droits_Repro>Domaine public</Droits_Repro>
		<subject>GUERRE 1914-1918;</subject>
		<geoname>LA CHEPPE (village);MARNE (département);</geoname>
		<persname>BERTHELE, Raoul;</persname>
		<corpname></corpname>
	</DocsFigures>
<DocsFigures>
		<Titre>La Cheppe. Sous-bois. Savajols
Juin 1915</Titre>
		<Analyse>Photo de Savajols couché dans un sous-bois de La Cheppe (Marne).
Juin 1915. 
Guerre 1914-1918.</Analyse>
		<Realise_en>1915</Realise_en>
		<Liste_des_auteurs>BERTHELÉ, Raoul</Liste_des_auteurs>
		<Type_Doc>PHOTOGRAPHIE N&amp;B</Type_Doc>
		<Support>PAPIER</Support>
		<Technique>Photographie N&amp;B</Technique>
		<Format>4 x 4,5 cm</Format>
		<Cote>49Fi1875/87</Cote>
		<Observations></Observations>
		<Origine>Don Faucher-Berhelé entré le 10/11/1978.</Origine>
		<Droits_Repro>Domaine public</Droits_Repro>
		<subject>GUERRE 1914-1918;</subject>
		<geoname>LA CHEPPE (village);MARNE (département);</geoname>
		<persname></persname>
		<corpname></corpname>
	</DocsFigures>
<DocsFigures>
		<Titre>La Cheppe. Sous-bois. Juin 1915</Titre>
		<Analyse>Vue d&apos;ensemble d&apos;un sous-bois près de La Cheppe (Marne).
Juin 1915. 
Guerre 1914-1918..</Analyse>
		<Realise_en>1915</Realise_en>
		<Liste_des_auteurs>BERTHELÉ, Raoul</Liste_des_auteurs>
		<Type_Doc>PHOTOGRAPHIE N&amp;B</Type_Doc>
		<Support>PAPIER</Support>
		<Technique>Photographie N&amp;B</Technique>
		<Format>4 x 4,5 cm</Format>
		<Cote>49Fi1875/88</Cote>
		<Observations>Lié à la 49Fi47.</Observations>
		<Origine>Don Faucher-Berhelé entré le 10/11/1978.</Origine>
		<Droits_Repro>Domaine public</Droits_Repro>
		<subject>GUERRE 1914-1918;</subject>
		<geoname>LA CHEPPE (village);MARNE (département);</geoname>
		<persname></persname>
		<corpname></corpname>
	</DocsFigures>
<DocsFigures>
		<Titre>La Cheppe. Sous-bois. R. Berthelé</Titre>
		<Analyse>Photo de Raoul Berthelé est assis dans un sous-bois de La Cheppe (Marne) (Marne).
1915. 
Guerre 1914-1918.</Analyse>
		<Realise_en>1915</Realise_en>
		<Liste_des_auteurs>BERTHELÉ, Raoul</Liste_des_auteurs>
		<Type_Doc>PHOTOGRAPHIE N&amp;B</Type_Doc>
		<Support>PAPIER</Support>
		<Technique>Photographie N&amp;B</Technique>
		<Format>4 x 4,5 cm</Format>
		<Cote>49Fi1875/89</Cote>
		<Observations></Observations>
		<Origine>Don Faucher-Berhelé entré le 10/11/1978.</Origine>
		<Droits_Repro>Domaine public</Droits_Repro>
		<subject>GUERRE 1914-1918;</subject>
		<geoname>LA CHEPPE (village);MARNE (département);</geoname>
		<persname>BERTHELE, Raoul;</persname>
		<corpname></corpname>
	</DocsFigures>
<DocsFigures>
		<Titre>Escadrille V.21. [Saint-Etienne-au-Temple] Biplan Bréguet.</Titre>
		<Analyse>Vue en contre jour d&apos;un avion biplan Breguet sous un hangar appartenant à l&apos;Escadrille V.21 à Saint-Etienne-au-Temple dans la Marne.
1916. 
Guerre 1914-1918.
Des mécaniciens font une intervention sur l&apos;avion.</Analyse>
		<Realise_en>1916</Realise_en>
		<Liste_des_auteurs>BERTHELÉ, Raoul</Liste_des_auteurs>
		<Type_Doc>PHOTOGRAPHIE N&amp;B</Type_Doc>
		<Support>PAPIER</Support>
		<Technique>Photographie N&amp;B</Technique>
		<Format>4 x 4,5 cm</Format>
		<Cote>49Fi1875/90</Cote>
		<Observations></Observations>
		<Origine>Don Faucher-Berhelé entré le 10/11/1978.</Origine>
		<Droits_Repro>Domaine public</Droits_Repro>
		<subject>GUERRE 1914-1918;</subject>
		<geoname>SAINT-ETIENNE-AU-TEMPLE (village);MARNE (département);</geoname>
		<persname></persname>
		<corpname></corpname>
	</DocsFigures>
<DocsFigures>
		<Titre>Escadrille V.21. Saint-Etienne au Temple. Vue d&apos;ensemble.</Titre>
		<Analyse>Vue du terrain d&apos;aviation de Saint-Etienne-au-Temple dans la Marne. 
1916.
Guerre 1914-1918.
On voit de nombreux avions de l&apos;escadrille V.21 et un hangar.</Analyse>
		<Realise_en>1916</Realise_en>
		<Liste_des_auteurs>BERTHELÉ, Raoul</Liste_des_auteurs>
		<Type_Doc>PHOTOGRAPHIE N&amp;B</Type_Doc>
		<Support>PAPIER</Support>
		<Technique>Photographie N&amp;B</Technique>
		<Format>4 x 4,5 cm</Format>
		<Cote>49Fi1875/91</Cote>
		<Observations></Observations>
		<Origine>Don Faucher-Berhelé entré le 10/11/1978.</Origine>
		<Droits_Repro>Domaine public</Droits_Repro>
		<subject>GUERRE 1914-1918;</subject>
		<geoname>MARNE (département);SAINT-ETIENNE-AU-TEMPLE (village);</geoname>
		<persname></persname>
		<corpname></corpname>
	</DocsFigures>
<DocsFigures>
		<Titre>Escadrille V.21. Saint-Etienne au Temple. Canon de marine sur Voisin.</Titre>
		<Analyse>Avion Voisin de l&apos;escadrille V.21 équipé d&apos;un canon de marine à Saint-Etienne-au-Temple dans la Marne. 
1916.
Guerre 1914-1918.</Analyse>
		<Realise_en>1916</Realise_en>
		<Liste_des_auteurs>BERTHELÉ, Raoul</Liste_des_auteurs>
		<Type_Doc>PHOTOGRAPHIE N&amp;B</Type_Doc>
		<Support>PAPIER</Support>
		<Technique>Photographie N&amp;B</Technique>
		<Format>4 x 4,5 cm</Format>
		<Cote>49Fi1875/92</Cote>
		<Observations></Observations>
		<Origine>Don Faucher-Berhelé entré le 10/11/1978.</Origine>
		<Droits_Repro>Domaine public</Droits_Repro>
		<subject>GUERRE 1914-1918;</subject>
		<geoname>MARNE (département);SAINT-ETIENNE-AU-TEMPLE (village);</geoname>
		<persname></persname>
		<corpname></corpname>
	</DocsFigures>
<DocsFigures>
		<Titre>Escadrille V.21. Saint-Etienne au Temple. Biplan Bréguet.</Titre>
		<Analyse>Plan serré d&apos;un avion biplan Bréguet de l&apos;escadrille V.21 s&apos;appretant à décoller du terrain de Saint-Etienne-au-Temple dans la Marne. 
1916.
Guerre 1914-1918.</Analyse>
		<Realise_en>1916</Realise_en>
		<Liste_des_auteurs>BERTHELÉ, Raoul</Liste_des_auteurs>
		<Type_Doc>PHOTOGRAPHIE N&amp;B</Type_Doc>
		<Support>PAPIER</Support>
		<Technique>Photographie N&amp;B</Technique>
		<Format>4 x 4,5 cm</Format>
		<Cote>49Fi1875/93</Cote>
		<Observations>Lié à la 49Fi437.</Observations>
		<Origine>Don Faucher-Berhelé entré le 10/11/1978.</Origine>
		<Droits_Repro>Domaine public</Droits_Repro>
		<subject>GUERRE 1914-1918;</subject>
		<geoname>MARNE (département);SAINT-ETIENNE-AU-TEMPLE (village);</geoname>
		<persname></persname>
		<corpname></corpname>
	</DocsFigures>
<DocsFigures>
		<Titre>Escadrille V.21. Saint-Etienne au Temple. Biplan Voisin. Lieut. Barray au départ</Titre>
		<Analyse>Le biplan Voisin du  Lieutenant Barray de l &apos;escadrille V.21. au départ sur le champ d&apos;aviation de Saint-Etienne-au-Temple (Marne).
1916.
Guerre 1914-1918.</Analyse>
		<Realise_en>1916</Realise_en>
		<Liste_des_auteurs>None</Liste_des_auteurs>
		<Type_Doc>PHOTOGRAPHIE N&amp;B</Type_Doc>
		<Support>PAPIER</Support>
		<Technique>Photographie N&amp;B</Technique>
		<Format>4 x 4,5 cm</Format>
		<Cote>49Fi1875/94</Cote>
		<Observations></Observations>
		<Origine>Don Faucher-Berhelé entré le 10/11/1978.</Origine>
		<Droits_Repro>Domaine public</Droits_Repro>
		<subject>GUERRE 1914-1918;</subject>
		<geoname>MARNE (département);SAINT-ETIENNE-AU-TEMPLE (village);</geoname>
		<persname></persname>
		<corpname></corpname>
	</DocsFigures>
<DocsFigures>
		<Titre>Escadrille V.21. Saint-Etienne au Temple. Moteur Renault-Mercedez. 12 cyl. 220HF</Titre>
		<Analyse>Gros plan sur le moteur d&apos;avion Renault-Mercedez (12 cyl. 220 HF ?) de l &apos;escadrille V.21. à Saint-Etienne-au-Temple (Marne). 
1916.
Guerre 1914-1918.</Analyse>
		<Realise_en>1916</Realise_en>
		<Liste_des_auteurs>None</Liste_des_auteurs>
		<Type_Doc>PHOTOGRAPHIE N&amp;B</Type_Doc>
		<Support>PAPIER</Support>
		<Technique>Photographie N&amp;B</Technique>
		<Format>4 x 4,5 cm</Format>
		<Cote>49Fi1875/95</Cote>
		<Observations></Observations>
		<Origine>Don Faucher-Berhelé entré le 10/11/1978.</Origine>
		<Droits_Repro>Domaine public</Droits_Repro>
		<subject>GUERRE 1914-1918;</subject>
		<geoname>MARNE (département);SAINT-ETIENNE-AU-TEMPLE (village);</geoname>
		<persname></persname>
		<corpname></corpname>
	</DocsFigures>
<DocsFigures>
		<Titre>Escadrille V.21. Saint-Etienne au Temple. Canon de 107 mm sur biplan Bréguet.</Titre>
		<Analyse>Deux hommes s&apos;appretant à décoller sur un biplan Bréguet équipé de canon de 107 mm de l&apos;escadrille V.21. à Saint-Etienne-au-Temple (Marne).
1916
Guerre 1914-1918.</Analyse>
		<Realise_en>1916</Realise_en>
		<Liste_des_auteurs>None</Liste_des_auteurs>
		<Type_Doc>PHOTOGRAPHIE N&amp;B</Type_Doc>
		<Support>PAPIER</Support>
		<Technique>Photographie N&amp;B</Technique>
		<Format>4 x 4,5 cm</Format>
		<Cote>49Fi1875/96</Cote>
		<Observations></Observations>
		<Origine>Don Faucher-Berhelé entré le 10/11/1978.</Origine>
		<Droits_Repro>Domaine public</Droits_Repro>
		<subject>GUERRE 1914-1918;</subject>
		<geoname>SAINT-ETIENNE-AU-TEMPLE (village);MARNE (département);</geoname>
		<persname></persname>
		<corpname></corpname>
	</DocsFigures>
<DocsFigures>
		<Titre>Escadrille C. 46 Saint-Etienne au Temple.</Titre>
		<Analyse>Vue d&apos;un avion Caudron de l&apos;escadrille C. 46.complètement détruit au milieu d&apos;arbres  à Saint-Etienne-au-Temple (Marne).
1916.
Guerre 1914-1918.</Analyse>
		<Realise_en>1916</Realise_en>
		<Liste_des_auteurs>None</Liste_des_auteurs>
		<Type_Doc>PHOTOGRAPHIE N&amp;B</Type_Doc>
		<Support>PAPIER</Support>
		<Technique>Photographie N&amp;B</Technique>
		<Format>4 x 4,5 cm</Format>
		<Cote>49Fi1875/97</Cote>
		<Observations>Lié à la 49Fi1875/100.</Observations>
		<Origine>Don Faucher-Berhelé entré le 10/11/1978.</Origine>
		<Droits_Repro>Domaine public</Droits_Repro>
		<subject>GUERRE 1914-1918;</subject>
		<geoname>MARNE (département);SAINT-ETIENNE-AU-TEMPLE (village);</geoname>
		<persname></persname>
		<corpname></corpname>
	</DocsFigures>
<DocsFigures>
		<Titre>Cuperly. Mr Caucanas</Titre>
		<Analyse>Vue du militaire Caucanas dans sa chambre allongé sur son lit en train de lire à Cuperly (Marne).
1916
Guerre 1914-1918.</Analyse>
		<Realise_en>1916</Realise_en>
		<Liste_des_auteurs>None</Liste_des_auteurs>
		<Type_Doc>PHOTOGRAPHIE N&amp;B</Type_Doc>
		<Support>PAPIER</Support>
		<Technique>Photographie N&amp;B</Technique>
		<Format>4 x 4,5 cm</Format>
		<Cote>49Fi1875/98</Cote>
		<Observations></Observations>
		<Origine>Don Faucher-Berhelé entré le 10/11/1978.</Origine>
		<Droits_Repro>Domaine public</Droits_Repro>
		<subject>GUERRE 1914-1918;</subject>
		<geoname>CUPERLY (village);MARNE (département);</geoname>
		<persname></persname>
		<corpname></corpname>
	</DocsFigures>
<DocsFigures>
		<Titre>Escadrille C. 46. Saint-Etienne au Temple. Caudron démoli 14/12/1915</Titre>
		<Analyse>Vue d&apos;un avion Caudron de l&apos;escadrille C. 46 démoli au milieu d&apos;arbres à saint-Etienne-au-Temple (Marne).
14 décembre 1915.
Guerre 1914-1918.
Un homme inspecte les restes de l&apos;épave.</Analyse>
		<Realise_en>1915</Realise_en>
		<Liste_des_auteurs>None</Liste_des_auteurs>
		<Type_Doc>PHOTOGRAPHIE N&amp;B</Type_Doc>
		<Support>PAPIER</Support>
		<Technique>Photographie N&amp;B</Technique>
		<Format>4 x 4,5 cm</Format>
		<Cote>49Fi1875/100</Cote>
		<Observations></Observations>
		<Origine>Don Faucher-Berhelé entré le 10/11/1978.</Origine>
		<Droits_Repro>Domaine public</Droits_Repro>
		<subject>GUERRE 1914-1918;</subject>
		<geoname>SAINT-ETIENNE-AU-TEMPLE (village);MARNE (département);</geoname>
		<persname></persname>
		<corpname></corpname>
	</DocsFigures>
<DocsFigures>
		<Titre>Ferme de Vadenay. Camp de Chalons. Mitrailleuse Hotchkiss</Titre>
		<Analyse>Vue d&apos;un soldat dans un trou armé d&apos;une mitrailleuse Hotchkiss à la ferme de Vadenay (Marne) au camp de Châlons-en-Champagne.
1916.
Guerre 1914-1918.</Analyse>
		<Realise_en>1916</Realise_en>
		<Liste_des_auteurs>None</Liste_des_auteurs>
		<Type_Doc>PHOTOGRAPHIE N&amp;B</Type_Doc>
		<Support>PAPIER</Support>
		<Technique>Photographie N&amp;B</Technique>
		<Format>4 x 4,5 cm</Format>
		<Cote>49Fi1875/103</Cote>
		<Observations></Observations>
		<Origine>Don Faucher-Berhelé entré le 10/11/1978.</Origine>
		<Droits_Repro>Domaine public</Droits_Repro>
		<subject>MILITAIRE;GUERRE 1914-1918;</subject>
		<geoname>VADENAY (village);MARNE (département);</geoname>
		<persname></persname>
		<corpname></corpname>
	</DocsFigures>
<DocsFigures>
		<Titre>Paris. Mlle J. Cornu</Titre>
		<Analyse>Jeanne Cornu pose devant l&apos;entrée de l&apos;hôtel des commerçants dans la rue des 2 Bouls à Paris.
1916. 
Guerre 1914-1918.</Analyse>
		<Realise_en>1916</Realise_en>
		<Liste_des_auteurs>None</Liste_des_auteurs>
		<Type_Doc>PHOTOGRAPHIE N&amp;B</Type_Doc>
		<Support>PAPIER</Support>
		<Technique>Photographie N&amp;B</Technique>
		<Format>4 x 4,5 cm</Format>
		<Cote>49Fi1875/110</Cote>
		<Observations>Tirage contact (en train de virer) de la 49Fi1029.</Observations>
		<Origine>Don Faucher-Berhelé entré le 10/11/1978.</Origine>
		<Droits_Repro>Domaine public</Droits_Repro>
		<subject>GUERRE 1914-1918;</subject>
		<geoname>PARIS (ville);</geoname>
		<persname></persname>
		<corpname></corpname>
	</DocsFigures>
<DocsFigures>
		<Titre>Ferme de Vadenay. Ballon cerf-volant</Titre>
		<Analyse>Vue d&apos;un ballon captif de type Drachen à terre dans la ferme de Vadenay (Marne) au camp de Châlons-en-Champagne.
1916.
Guerre 1914-1918.
On peut voir les sacs de lest pour maintenir le ballon.</Analyse>
		<Realise_en>1916</Realise_en>
		<Liste_des_auteurs>None</Liste_des_auteurs>
		<Type_Doc>PHOTOGRAPHIE N&amp;B</Type_Doc>
		<Support>PAPIER</Support>
		<Technique>Photographie N&amp;B</Technique>
		<Format>4 x 4,5 cm</Format>
		<Cote>49Fi1875/119</Cote>
		<Observations></Observations>
		<Origine>Don Faucher-Berhelé entré le 10/11/1978.</Origine>
		<Droits_Repro>Domaine public</Droits_Repro>
		<subject>GUERRE 1914-1918;</subject>
		<geoname>VADENAY (village);MARNE (département);</geoname>
		<persname></persname>
		<corpname></corpname>
	</DocsFigures>
<DocsFigures>
		<Titre>Cuperly. Albarède et Caucanas.</Titre>
		<Analyse>Les deux hommes se reposent dans leur chambre à Cuperly (Marne).
1916. 
Guerre 1914-1918.</Analyse>
		<Realise_en>1916</Realise_en>
		<Liste_des_auteurs>BERTHELÉ, Raoul</Liste_des_auteurs>
		<Type_Doc>PHOTOGRAPHIE N&amp;B</Type_Doc>
		<Support>PHOTOGRAPHIE COLLEE SUR CANSON</Support>
		<Technique>Photographie N&amp;B</Technique>
		<Format>4 x 4,5 cm</Format>
		<Cote>49Fi1875/153</Cote>
		<Observations></Observations>
		<Origine>Don Faucher-Berhelé entré le 10/11/1978.</Origine>
		<Droits_Repro>Domaine public</Droits_Repro>
		<subject>GUERRE 1914-1918;</subject>
		<geoname>MARNE (département);CUPERLY (village);</geoname>
		<persname></persname>
		<corpname></corpname>
	</DocsFigures>
<DocsFigures>
		<Titre>id. [Cuperly. Albarède et Caucanas.]</Titre>
		<Analyse>Les deux hommes se reposent dans leur chambre à Cuperly (Marne).
1916. 
Guerre 1914-1918.</Analyse>
		<Realise_en>1916</Realise_en>
		<Liste_des_auteurs>BERTHELÉ, Raoul</Liste_des_auteurs>
		<Type_Doc>PHOTOGRAPHIE N&amp;B</Type_Doc>
		<Support>PHOTOGRAPHIE COLLEE SUR CANSON</Support>
		<Technique>Photographie N&amp;B</Technique>
		<Format>4 x 4,5 cm</Format>
		<Cote>49Fi1875/156</Cote>
		<Observations></Observations>
		<Origine>Don Faucher-Berhelé entré le 10/11/1978.</Origine>
		<Droits_Repro>Domaine public</Droits_Repro>
		<subject>GUERRE 1914-1918;</subject>
		<geoname>CUPERLY (village);MARNE (département);</geoname>
		<persname></persname>
		<corpname></corpname>
	</DocsFigures>
<DocsFigures>
		<Titre>Cuperly. Msieurs J. Godard Foutrin? et Caucanas.</Titre>
		<Analyse>Visite de délégués étrangers à l&apos;hôpital d&apos;évacuation de Cuperly (Marne).
31 mars 1916. 
Guerre 1914-1918. </Analyse>
		<Realise_en>1916</Realise_en>
		<Liste_des_auteurs>BERTHELÉ, Raoul</Liste_des_auteurs>
		<Type_Doc>PHOTOGRAPHIE N&amp;B</Type_Doc>
		<Support>PHOTOGRAPHIE COLLEE SUR CANSON</Support>
		<Technique>Photographie N&amp;B</Technique>
		<Format>4 x 5,7</Format>
		<Cote>49Fi1876/12</Cote>
		<Observations></Observations>
		<Origine>Don Faucher-Berhelé entré le 10/11/1978.</Origine>
		<Droits_Repro>Domaine public</Droits_Repro>
		<subject>SERVICE SANITAIRE MILITAIRE;VISITE OFFICIELLE;MILITAIRE;GUERRE 1914-1918;</subject>
		<geoname>CUPERLY (village);MARNE (département);</geoname>
		<persname></persname>
		<corpname></corpname>
	</DocsFigures>
<DocsFigures>
		<Titre>Cuperly. HOE [hôpital d&apos;évacuation]. 31/03/16. Visite de délélgués étrangers</Titre>
		<Analyse>Contact sans légende.
Groupe de délégués étrangers lors de la visite de l&apos;hôpital d&apos;évacuation de Cuperly (Marne).
31 mars 1916. 
Guerre 1914-1918.</Analyse>
		<Realise_en>1916</Realise_en>
		<Liste_des_auteurs>BERTHELÉ, Raoul</Liste_des_auteurs>
		<Type_Doc>PHOTOGRAPHIE N&amp;B</Type_Doc>
		<Support>PAPIER</Support>
		<Technique>Photographie N&amp;B</Technique>
		<Format>4 x 4,5 cm</Format>
		<Cote>49Fi1876/23</Cote>
		<Observations></Observations>
		<Origine>Don Faucher-Berhelé entré le 10/11/1978.</Origine>
		<Droits_Repro>Domaine public</Droits_Repro>
		<subject>MILITAIRE;SERVICE SANITAIRE MILITAIRE;VISITE OFFICIELLE;GUERRE 1914-1918;</subject>
		<geoname>CUPERLY (village);MARNE (département);</geoname>
		<persname></persname>
		<corpname></corpname>
	</DocsFigures>
<DocsFigures>
		<Titre>Ferme de Piémont. Musique du 294°</Titre>
		<Analyse>Vue de la fanfare du 294° régiment en train de répèter à la ferme de Piémont sur la commune de Suippes (Marne).
1916. 
Guerre 1914-1918.</Analyse>
		<Realise_en>1916</Realise_en>
		<Liste_des_auteurs>BERTHELÉ, Raoul</Liste_des_auteurs>
		<Type_Doc>PHOTOGRAPHIE N&amp;B</Type_Doc>
		<Support>PAPIER</Support>
		<Technique>Photographie N&amp;B</Technique>
		<Format>4 x 4,5 cm</Format>
		<Cote>49Fi1876/33</Cote>
		<Observations></Observations>
		<Origine>Don Faucher-Berhelé entré le 10/11/1978.</Origine>
		<Droits_Repro>Domaine public</Droits_Repro>
		<subject>GUERRE 1914-1918;</subject>
		<geoname>SUIPPES (village);MARNE (département);</geoname>
		<persname></persname>
		<corpname></corpname>
	</DocsFigures>
<DocsFigures>
		<Titre>Souain. 14/04/16. Intérieur de l&apos;Eglise. R.B</Titre>
		<Analyse>Raoul Berthelé pose dans les ruines de l&apos;église de Souain (Marne).
14 avril 1916. 
Guerre 1914-1918.
Recadrage de la 49Fi880.</Analyse>
		<Realise_en>1916</Realise_en>
		<Liste_des_auteurs>BERTHELÉ, Raoul</Liste_des_auteurs>
		<Type_Doc>PHOTOGRAPHIE N&amp;B</Type_Doc>
		<Support>PAPIER</Support>
		<Technique>Photographie N&amp;B</Technique>
		<Format>9 x 13,4</Format>
		<Cote>49Fi1876/43</Cote>
		<Observations>Tirage recadré de la 49Fi880.</Observations>
		<Origine>Don Faucher-Berhelé entré le 10/11/1978.</Origine>
		<Droits_Repro>Domaine public</Droits_Repro>
		<subject>EDIFICE CULTUEL;BIEN SINISTRE;SINISTRE;GUERRE 1914-1918;</subject>
		<geoname>SOUAIN (hameau);MARNE (département);SOUAIN-PERTHES-LES-HURLUS (village);</geoname>
		<persname>BERTHELE, Raoul;</persname>
		<corpname></corpname>
	</DocsFigures>
<DocsFigures>
		<Titre>Moulin et ferme des Wacques</Titre>
		<Analyse>Ruines de la ferme et du moulin des Wacques dans les environs de Souain (Marne).
14 avril 1916. 
Guerre 1914-1918.</Analyse>
		<Realise_en>1916</Realise_en>
		<Liste_des_auteurs>BERTHELÉ, Raoul</Liste_des_auteurs>
		<Type_Doc>PHOTOGRAPHIE N&amp;B</Type_Doc>
		<Support>PAPIER</Support>
		<Technique>Photographie N&amp;B</Technique>
		<Format>4 x 4,5 cm</Format>
		<Cote>49Fi1876/49</Cote>
		<Observations></Observations>
		<Origine>Don Faucher-Berhelé entré le 10/11/1978.</Origine>
		<Droits_Repro>Domaine public</Droits_Repro>
		<subject>SINISTRE;BIEN SINISTRE;GUERRE 1914-1918;</subject>
		<geoname>SOUAIN (hameau);MARNE (département);SOUAIN-PERTHES-LES-HURLUS (village);</geoname>
		<persname></persname>
		<corpname></corpname>
	</DocsFigures>
<DocsFigures>
		<Titre>Suippes. 25e chasseurs</Titre>
		<Analyse>Passage des fantassins du 25e régiment de chasseurs à Suippes (Marne).
1916. 
Guerre 1914-1918.</Analyse>
		<Realise_en>1916</Realise_en>
		<Liste_des_auteurs>BERTHELÉ, Raoul</Liste_des_auteurs>
		<Type_Doc>PHOTOGRAPHIE N&amp;B</Type_Doc>
		<Support>PAPIER</Support>
		<Technique>Photographie N&amp;B</Technique>
		<Format>4 x 4,5 cm</Format>
		<Cote>49Fi1876/60</Cote>
		<Observations></Observations>
		<Origine>Don Faucher-Berhelé entré le 10/11/1978.</Origine>
		<Droits_Repro>Domaine public</Droits_Repro>
		<subject>GUERRE 1914-1918;</subject>
		<geoname>SUIPPES (village);MARNE (département);</geoname>
		<persname></persname>
		<corpname></corpname>
	</DocsFigures>
<DocsFigures>
		<Titre>Bar le Duc. Mselle Nicolas</Titre>
		<Analyse>Portrait en buste de deux femmes à Bar-le-Duc (Meuse).
1916. 
Guerre 1914-1918.</Analyse>
		<Realise_en>1916</Realise_en>
		<Liste_des_auteurs>BERTHELÉ, Raoul</Liste_des_auteurs>
		<Type_Doc>PHOTOGRAPHIE N&amp;B</Type_Doc>
		<Support>PAPIER</Support>
		<Technique>Photographie N&amp;B</Technique>
		<Format>4 x 4,5 cm</Format>
		<Cote>49Fi1876/71</Cote>
		<Observations></Observations>
		<Origine>Don Faucher-Berhelé entré le 10/11/1978.</Origine>
		<Droits_Repro>Domaine public</Droits_Repro>
		<subject>FEMME;GUERRE 1914-1918;</subject>
		<geoname>BAR-LE-DUC (ville);MEUSE (département);</geoname>
		<persname></persname>
		<corpname></corpname>
	</DocsFigures>
<DocsFigures>
		<Titre>Bar le Duc. Mselle Nicolas</Titre>
		<Analyse>Deux femmes posent dans un sous bois à Bar-le-Duc (Meuse).
1916. 
Guerre 1914-1918.</Analyse>
		<Realise_en>1916</Realise_en>
		<Liste_des_auteurs>BERTHELÉ, Raoul</Liste_des_auteurs>
		<Type_Doc>PHOTOGRAPHIE N&amp;B</Type_Doc>
		<Support>PAPIER</Support>
		<Technique>Photographie N&amp;B</Technique>
		<Format>4 x 4,5 cm</Format>
		<Cote>49Fi1876/72</Cote>
		<Observations></Observations>
		<Origine>Don Faucher-Berhelé entré le 10/11/1978.</Origine>
		<Droits_Repro>Domaine public</Droits_Repro>
		<subject>FEMME;GUERRE 1914-1918;</subject>
		<geoname>BAR-LE-DUC (ville);MEUSE (département);</geoname>
		<persname></persname>
		<corpname></corpname>
	</DocsFigures>
<DocsFigures>
		<Titre>Bar le Duc.</Titre>
		<Analyse>Vue générale de la ville de Bar-le-Duc (Meuse).
1916. 
Guerre 1914-1918.</Analyse>
		<Realise_en>1916</Realise_en>
		<Liste_des_auteurs>BERTHELÉ, Raoul</Liste_des_auteurs>
		<Type_Doc>PHOTOGRAPHIE N&amp;B</Type_Doc>
		<Support>PAPIER</Support>
		<Technique>Photographie N&amp;B</Technique>
		<Format>4 x 4,5 cm</Format>
		<Cote>49Fi1876/73</Cote>
		<Observations></Observations>
		<Origine>Don Faucher-Berhelé entré le 10/11/1978.</Origine>
		<Droits_Repro>Domaine public</Droits_Repro>
		<subject>GUERRE 1914-1918;</subject>
		<geoname>BAR-LE-DUC (ville);MEUSE (département);</geoname>
		<persname></persname>
		<corpname></corpname>
	</DocsFigures>
<DocsFigures>
		<Titre>Pèlerinage de St-Roin [Saint-Rouin]. Chapelle.</Titre>
		<Analyse>Vue de la chapelle du pélérinage à l&apos;ermitage de Saint-Rouin à Beaulieu-en-Argonne (Meuse) 
1916. 
Guerre 1914-1918.</Analyse>
		<Realise_en>1916</Realise_en>
		<Liste_des_auteurs>BERTHELÉ, Raoul</Liste_des_auteurs>
		<Type_Doc>PHOTOGRAPHIE N&amp;B</Type_Doc>
		<Support>PAPIER</Support>
		<Technique>Photographie N&amp;B</Technique>
		<Format>4 x 4,5 cm</Format>
		<Cote>49Fi1876/82</Cote>
		<Observations></Observations>
		<Origine>Don Faucher-Berhelé entré le 10/11/1978.</Origine>
		<Droits_Repro>Domaine public</Droits_Repro>
		<subject>GUERRE 1914-1918;</subject>
		<geoname>MEUSE (département);BEAULIEU-EN-ARGONNE (village);</geoname>
		<persname></persname>
		<corpname></corpname>
	</DocsFigures>
<DocsFigures>
		<Titre>Petite chevauchée. Scierie</Titre>
		<Analyse>Vue de plusieurs ouvriers travaillant dans une scierie à proximité d&apos;un bois prise à l&apos;occasion d&apos;une chevauchée dans les environs de Fleury-sur-Aire (Meuse).
1916. 
Guerre 1914-1918.</Analyse>
		<Realise_en>1916</Realise_en>
		<Liste_des_auteurs>BERTHELÉ, Raoul</Liste_des_auteurs>
		<Type_Doc>PHOTOGRAPHIE N&amp;B</Type_Doc>
		<Support>PAPIER</Support>
		<Technique>Photographie N&amp;B</Technique>
		<Format>4 x 4,5 cm</Format>
		<Cote>49Fi1876/86</Cote>
		<Observations></Observations>
		<Origine>Don Faucher-Berhelé entré le 10/11/1978.</Origine>
		<Droits_Repro>Domaine public</Droits_Repro>
		<subject>GUERRE 1914-1918;</subject>
		<geoname>FLEURY-SUR-AIRE (hameau);MEUSE (département);</geoname>
		<persname></persname>
		<corpname></corpname>
	</DocsFigures>
<DocsFigures>
		<Titre>Petite chevauchée. St Roin [Saint-Rouin]. M. Fontanié.</Titre>
		<Analyse>Vue de M. Fontanié adossé contre une voiture à cheval sur une route boisée près de l&apos;ermitage de Saint-Rouin à Beaulieu-en-Argonne (Meuse).
1916. 
Guerre 1914-1918.</Analyse>
		<Realise_en>1916</Realise_en>
		<Liste_des_auteurs>BERTHELÉ, Raoul</Liste_des_auteurs>
		<Type_Doc>PHOTOGRAPHIE N&amp;B</Type_Doc>
		<Support>PAPIER</Support>
		<Technique>Photographie N&amp;B</Technique>
		<Format>4 x 4,5 cm</Format>
		<Cote>49Fi1876/87</Cote>
		<Observations></Observations>
		<Origine>Don Faucher-Berhelé entré le 10/11/1978.</Origine>
		<Droits_Repro>Domaine public</Droits_Repro>
		<subject>GUERRE 1914-1918;</subject>
		<geoname>MEUSE (département);BEAULIEU-EN-ARGONNE (village);</geoname>
		<persname></persname>
		<corpname></corpname>
	</DocsFigures>
<DocsFigures>
		<Titre>Petite chevauchée. Fleury. R. B.</Titre>
		<Analyse>Raoul Berthelé pose assis sur des rondins de bois dans une clairière à Fleury-sur-Aire (Meuse).
1916. 
Guerre 1914-1918.</Analyse>
		<Realise_en>1916</Realise_en>
		<Liste_des_auteurs>BERTHELÉ, Raoul</Liste_des_auteurs>
		<Type_Doc>PHOTOGRAPHIE N&amp;B</Type_Doc>
		<Support>PAPIER</Support>
		<Technique>Photographie N&amp;B</Technique>
		<Format>4 x 4,5 cm</Format>
		<Cote>49Fi1876/88</Cote>
		<Observations></Observations>
		<Origine>Don Faucher-Berhelé entré le 10/11/1978.</Origine>
		<Droits_Repro>Domaine public</Droits_Repro>
		<subject>GUERRE 1914-1918;</subject>
		<geoname>MEUSE (département);FLEURY-SUR-AIRE (hameau);NUBECOURT (village);</geoname>
		<persname>BERTHELE, Raoul;</persname>
		<corpname></corpname>
	</DocsFigures>
<DocsFigures>
		<Titre>Petite chevauchée. Sous bois</Titre>
		<Analyse>Vue d&apos;un bois près de Fleury-sur-Aire (Meuse).
1916. 
Guerre 1914-1918.</Analyse>
		<Realise_en>1916</Realise_en>
		<Liste_des_auteurs>BERTHELÉ, Raoul</Liste_des_auteurs>
		<Type_Doc>PHOTOGRAPHIE N&amp;B</Type_Doc>
		<Support>PAPIER</Support>
		<Technique>Photographie N&amp;B</Technique>
		<Format>4 x 4,5 cm</Format>
		<Cote>49Fi1876/89</Cote>
		<Observations></Observations>
		<Origine>Don Faucher-Berhelé entré le 10/11/1978.</Origine>
		<Droits_Repro>Domaine public</Droits_Repro>
		<subject>GUERRE 1914-1918;</subject>
		<geoname>MEUSE (département);FLEURY-SUR-AIRE (hameau);</geoname>
		<persname></persname>
		<corpname></corpname>
	</DocsFigures>
<DocsFigures>
		<Titre>Petite chevauchée. Fleuty. Caucanas</Titre>
		<Analyse>Caucanas en train de lire, assis sur des rondins de bois dans une clairière à Fleury-sur-Aire (Meuse).
1916. 
Guerre 1914-1918.</Analyse>
		<Realise_en>1916</Realise_en>
		<Liste_des_auteurs>BERTHELÉ, Raoul</Liste_des_auteurs>
		<Type_Doc>PHOTOGRAPHIE N&amp;B</Type_Doc>
		<Support>PAPIER</Support>
		<Technique>Photographie N&amp;B</Technique>
		<Format>4 x 4,5 cm</Format>
		<Cote>49Fi1876/91</Cote>
		<Observations></Observations>
		<Origine>Don Faucher-Berhelé entré le 10/11/1978.</Origine>
		<Droits_Repro>Domaine public</Droits_Repro>
		<subject>GUERRE 1914-1918;</subject>
		<geoname>MEUSE (département);FLEURY-SUR-AIRE (hameau);NUBECOURT (village);</geoname>
		<persname></persname>
		<corpname></corpname>
	</DocsFigures>
<DocsFigures>
		<Titre>Fleury sur Aire. Lit de R.B. Sous la tente</Titre>
		<Analyse>Le lit de Raoul Berthelé sous la tente à Fleury-sur-Aire (Meuse).
1916. 
Guerre 1914-1918.</Analyse>
		<Realise_en>1916</Realise_en>
		<Liste_des_auteurs>BERTHELÉ, Raoul</Liste_des_auteurs>
		<Type_Doc>PHOTOGRAPHIE N&amp;B</Type_Doc>
		<Support>PAPIER</Support>
		<Technique>Photographie N&amp;B</Technique>
		<Format>4 x 4,5 cm</Format>
		<Cote>49Fi1876/92</Cote>
		<Observations></Observations>
		<Origine>Don Faucher-Berhelé entré le 10/11/1978.</Origine>
		<Droits_Repro>Domaine public</Droits_Repro>
		<subject>GUERRE 1914-1918;</subject>
		<geoname>MEUSE (département);FLEURY-SUR-AIRE (hameau);NUBECOURT (village);</geoname>
		<persname>BERTHELE, Raoul;</persname>
		<corpname></corpname>
	</DocsFigures>
<DocsFigures>
		<Titre>Fleury sur Aire. R.B. tub en forêt</Titre>
		<Analyse>Raoul Berthelé fait sa toilette dans la forêt à Fleury-sur-Aire (Meuse).
1916. 
Guerre 1914-1918.</Analyse>
		<Realise_en>1916</Realise_en>
		<Liste_des_auteurs>BERTHELÉ, Raoul</Liste_des_auteurs>
		<Type_Doc>PHOTOGRAPHIE N&amp;B</Type_Doc>
		<Support>PAPIER</Support>
		<Technique>Photographie N&amp;B</Technique>
		<Format>4 x 4,5 cm</Format>
		<Cote>49Fi1876/93</Cote>
		<Observations></Observations>
		<Origine>Don Faucher-Berhelé entré le 10/11/1978.</Origine>
		<Droits_Repro>Domaine public</Droits_Repro>
		<subject>GUERRE 1914-1918;</subject>
		<geoname>MEUSE (département);FLEURY-SUR-AIRE (hameau);NUBECOURT (village);</geoname>
		<persname>BERTHELE, Raoul;</persname>
		<corpname></corpname>
	</DocsFigures>
<DocsFigures>
		<Titre>Fleury sur Aire. Passage du 1er tirailleurs</Titre>
		<Analyse>Passage du 1er tirailleurs à Fleury-sur-Aire (Meuse).
1916. 
Guerre 1914-1918.</Analyse>
		<Realise_en>1916</Realise_en>
		<Liste_des_auteurs>BERTHELÉ, Raoul</Liste_des_auteurs>
		<Type_Doc>PHOTOGRAPHIE N&amp;B</Type_Doc>
		<Support>PAPIER</Support>
		<Technique>Photographie N&amp;B</Technique>
		<Format>4 x 4,5 cm</Format>
		<Cote>49Fi1876/94</Cote>
		<Observations></Observations>
		<Origine>Don Faucher-Berhelé entré le 10/11/1978.</Origine>
		<Droits_Repro>Domaine public</Droits_Repro>
		<subject>COLONIE;MILITAIRE;ARMEE DE TERRE;TRANSPORT PAR ANIMAL;EQUIDE;GUERRE 1914-1918;</subject>
		<geoname>MEUSE (département);FLEURY-SUR-AIRE (hameau);NUBECOURT (village);</geoname>
		<persname></persname>
		<corpname></corpname>
	</DocsFigures>
<DocsFigures>
		<Titre>Fleury. R.B. se rase en forêt</Titre>
		<Analyse>Raoul Berthelé se rase en forêt à Fleury-sur-Aire (Meuse).
1916. 
Guerre 1914-1918.</Analyse>
		<Realise_en>1916</Realise_en>
		<Liste_des_auteurs>BERTHELÉ, Raoul</Liste_des_auteurs>
		<Type_Doc>PHOTOGRAPHIE N&amp;B</Type_Doc>
		<Support>PAPIER</Support>
		<Technique>Photographie N&amp;B</Technique>
		<Format>4 x 4,5 cm</Format>
		<Cote>49Fi1876/96</Cote>
		<Observations></Observations>
		<Origine>Don Faucher-Berhelé entré le 10/11/1978.</Origine>
		<Droits_Repro>Domaine public</Droits_Repro>
		<subject>GUERRE 1914-1918;</subject>
		<geoname>MEUSE (département);FLEURY-SUR-AIRE (hameau);NUBECOURT (village);</geoname>
		<persname>BERTHELE, Raoul;</persname>
		<corpname></corpname>
	</DocsFigures>
<DocsFigures>
		<Titre>Fleury. HOE.  R.B.</Titre>
		<Analyse>Portrait en pied de Raoul Berthelé à l&apos;hôpital d&apos;évacuation de Fleury-sur-Aire (Meuse).
1916. 
Guerre 1914-1918.</Analyse>
		<Realise_en>1916</Realise_en>
		<Liste_des_auteurs>BERTHELÉ, Raoul</Liste_des_auteurs>
		<Type_Doc>PHOTOGRAPHIE N&amp;B</Type_Doc>
		<Support>PAPIER</Support>
		<Technique>Photographie N&amp;B</Technique>
		<Format>4 x 4,5 cm</Format>
		<Cote>49Fi1876/97</Cote>
		<Observations>Tirage contact (manquant de densité) de la 49Fi450.</Observations>
		<Origine>Don Faucher-Berhelé entré le 10/11/1978.</Origine>
		<Droits_Repro>Domaine public</Droits_Repro>
		<subject>SERVICE SANITAIRE MILITAIRE;MILITAIRE;GUERRE 1914-1918;</subject>
		<geoname>MEUSE (département);FLEURY-SUR-AIRE (hameau);NUBECOURT (village);</geoname>
		<persname>BERTHELE, Raoul;</persname>
		<corpname></corpname>
	</DocsFigures>
<DocsFigures>
		<Titre>Beauzée. Eglise</Titre>
		<Analyse>Intérieur de l&apos;église en ruine de Beauzée-sur-Aire dans la Meuse.
1916. 
Guerre 1914-1918.</Analyse>
		<Realise_en>1916</Realise_en>
		<Liste_des_auteurs>BERTHELÉ, Raoul</Liste_des_auteurs>
		<Type_Doc>PHOTOGRAPHIE N&amp;B</Type_Doc>
		<Support>PAPIER</Support>
		<Technique>Photographie N&amp;B</Technique>
		<Format>4 x 4,5 cm</Format>
		<Cote>49Fi1876/98</Cote>
		<Observations></Observations>
		<Origine>Don Faucher-Berhelé entré le 10/11/1978.</Origine>
		<Droits_Repro>Domaine public</Droits_Repro>
		<subject>EDIFICE CULTUEL;BIEN SINISTRE;SINISTRE;GUERRE 1914-1918;</subject>
		<geoname>MEUSE (département);BEAUZEE-SUR-AIRE (hameau);BEAUSITE (village);</geoname>
		<persname></persname>
		<corpname></corpname>
	</DocsFigures>
<DocsFigures>
		<Titre>Beauzée. Eglise</Titre>
		<Analyse>Extérieur de l&apos;église en ruine de Beauzée-sur-Aire dans la Meuse.
1916. 
Guerre 1914-1918.</Analyse>
		<Realise_en>1916</Realise_en>
		<Liste_des_auteurs>BERTHELÉ, Raoul</Liste_des_auteurs>
		<Type_Doc>PHOTOGRAPHIE N&amp;B</Type_Doc>
		<Support>PAPIER</Support>
		<Technique>Photographie N&amp;B</Technique>
		<Format>4 x 4,5 cm</Format>
		<Cote>49Fi1876/99</Cote>
		<Observations></Observations>
		<Origine>Don Faucher-Berhelé entré le 10/11/1978.</Origine>
		<Droits_Repro>Domaine public</Droits_Repro>
		<subject>EDIFICE CULTUEL;BIEN SINISTRE;SINISTRE;GUERRE 1914-1918;</subject>
		<geoname>MEUSE (département);BEAUZEE-SUR-AIRE (hameau);BEAUSITE (village);</geoname>
		<persname></persname>
		<corpname></corpname>
	</DocsFigures>
<DocsFigures>
		<Titre>Beauzée. Eglise</Titre>
		<Analyse>Extérieur de l&apos;église en ruine de Beauzée-sur-Aire dans la Meuse.
1916. 
Guerre 1914-1918.</Analyse>
		<Realise_en>1916</Realise_en>
		<Liste_des_auteurs>BERTHELÉ, Raoul</Liste_des_auteurs>
		<Type_Doc>PHOTOGRAPHIE N&amp;B</Type_Doc>
		<Support>PAPIER</Support>
		<Technique>Photographie N&amp;B</Technique>
		<Format>4 x 4,5 cm</Format>
		<Cote>49Fi1876/100</Cote>
		<Observations></Observations>
		<Origine>Don Faucher-Berhelé entré le 10/11/1978.</Origine>
		<Droits_Repro>Domaine public</Droits_Repro>
		<subject>EDIFICE CULTUEL;BIEN SINISTRE;SINISTRE;GUERRE 1914-1918;</subject>
		<geoname>MEUSE (département);BEAUZEE-SUR-AIRE (hameau);BEAUSITE (village);</geoname>
		<persname></persname>
		<corpname></corpname>
	</DocsFigures>
<DocsFigures>
		<Titre>Beauzée. Eglise</Titre>
		<Analyse>Intérieur de l&apos;église en ruine de Beauzée-sur-Aire dans la Meuse.
1916. 
Guerre 1914-1918.</Analyse>
		<Realise_en>1916</Realise_en>
		<Liste_des_auteurs>BERTHELÉ, Raoul</Liste_des_auteurs>
		<Type_Doc>PHOTOGRAPHIE N&amp;B</Type_Doc>
		<Support>PAPIER</Support>
		<Technique>Photographie N&amp;B</Technique>
		<Format>4 x 4,5 cm</Format>
		<Cote>49Fi1876/101</Cote>
		<Observations></Observations>
		<Origine>Don Faucher-Berhelé entré le 10/11/1978.</Origine>
		<Droits_Repro>Domaine public</Droits_Repro>
		<subject>EDIFICE CULTUEL;BIEN SINISTRE;SINISTRE;GUERRE 1914-1918;</subject>
		<geoname>BEAUZEE-SUR-AIRE (hameau);BEAUSITE (village);MEUSE (département);</geoname>
		<persname></persname>
		<corpname></corpname>
	</DocsFigures>
<DocsFigures>
		<Titre>Beauzée. Eglise</Titre>
		<Analyse>Extérieur de l&apos;église en ruine de Beauzée-sur-Aire dans la Meuse. 
1916. 
Guerre 1914-1918.
Au premier plan, des blocs de pierre.</Analyse>
		<Realise_en>1916</Realise_en>
		<Liste_des_auteurs>BERTHELÉ, Raoul</Liste_des_auteurs>
		<Type_Doc>PHOTOGRAPHIE N&amp;B</Type_Doc>
		<Support>PAPIER</Support>
		<Technique>Photographie N&amp;B</Technique>
		<Format>4 x 4,5 cm</Format>
		<Cote>49Fi1876/102</Cote>
		<Observations></Observations>
		<Origine>Don Faucher-Berhelé entré le 10/11/1978.</Origine>
		<Droits_Repro>Domaine public</Droits_Repro>
		<subject>EDIFICE CULTUEL;BIEN SINISTRE;SINISTRE;GUERRE 1914-1918;</subject>
		<geoname>MEUSE (département);BEAUZEE-SUR-AIRE (hameau);BEAUSITE (village);</geoname>
		<persname></persname>
		<corpname></corpname>
	</DocsFigures>
<DocsFigures>
		<Titre>Fleury sur Aire. Aire. Calas.</Titre>
		<Analyse>Sur les bords de l&apos;Aire, Calas de corvée d&apos;eau. Fleury-sur-Aire (Meuse).
1916
Guerre 1914-1918.</Analyse>
		<Realise_en>1916</Realise_en>
		<Liste_des_auteurs>BERTHELÉ, Raoul</Liste_des_auteurs>
		<Type_Doc>PHOTOGRAPHIE N&amp;B</Type_Doc>
		<Support>PAPIER</Support>
		<Technique>Photographie N&amp;B</Technique>
		<Format>4 x 4,5 cm</Format>
		<Cote>49Fi1876/112</Cote>
		<Observations></Observations>
		<Origine>Don Faucher-Berhelé entré le 10/11/1978.</Origine>
		<Droits_Repro>Domaine public</Droits_Repro>
		<subject>GUERRE 1914-1918;</subject>
		<geoname>FLEURY-SUR-AIRE (hameau);MEUSE (département);NUBECOURT (village);</geoname>
		<persname></persname>
		<corpname></corpname>
	</DocsFigures>
<DocsFigures>
		<Titre>R.B. nage dans l&apos;Aire.</Titre>
		<Analyse>Raoul Berthelé nage dans l&apos;Aire à Fleury-sur-Aire (Meuse).
1916. 
Guerre 1914-1918.</Analyse>
		<Realise_en>1916</Realise_en>
		<Liste_des_auteurs>BERTHELÉ, Raoul</Liste_des_auteurs>
		<Type_Doc>PHOTOGRAPHIE N&amp;B</Type_Doc>
		<Support>PAPIER</Support>
		<Technique>Photographie N&amp;B</Technique>
		<Format>4 x 4,5 cm</Format>
		<Cote>49Fi1876/115</Cote>
		<Observations></Observations>
		<Origine>Don Faucher-Berhelé entré le 10/11/1978.</Origine>
		<Droits_Repro>Domaine public</Droits_Repro>
		<subject>GUERRE 1914-1918;</subject>
		<geoname>FLEURY-SUR-AIRE (hameau);MEUSE (département);NUBECOURT (village);</geoname>
		<persname>BERTHELE, Raoul;</persname>
		<corpname></corpname>
	</DocsFigures>
<DocsFigures>
		<Titre>Fleury s/Aire. Baignade. R. B.</Titre>
		<Analyse>Baignade de Raoul Berthelé nu dans l&apos;Aire à Fleury-sur-Aire (Meuse).
1916. 
Guerre 1914-1918.</Analyse>
		<Realise_en>1916</Realise_en>
		<Liste_des_auteurs>BERTHELÉ, Raoul</Liste_des_auteurs>
		<Type_Doc>PHOTOGRAPHIE N&amp;B</Type_Doc>
		<Support>PAPIER</Support>
		<Technique>Photographie N&amp;B</Technique>
		<Format>4 x 4,5 cm</Format>
		<Cote>49Fi1876/117</Cote>
		<Observations></Observations>
		<Origine>Don Faucher-Berhelé entré le 10/11/1978.</Origine>
		<Droits_Repro>Domaine public</Droits_Repro>
		<subject>GUERRE 1914-1918;</subject>
		<geoname>FLEURY-SUR-AIRE (hameau);MEUSE (département);NUBECOURT (village);</geoname>
		<persname>BERTHELE, Raoul;</persname>
		<corpname></corpname>
	</DocsFigures>
<DocsFigures>
		<Titre>Fleury s/Aire. Baignade. Calas leçon de natation</Titre>
		<Analyse>La leçon de natation de Calas dans l&apos;Aire à Fleury-sur-Aire (Meuse).
1916. 
Guerre 1914-1918.</Analyse>
		<Realise_en>1916</Realise_en>
		<Liste_des_auteurs>BERTHELÉ, Raoul</Liste_des_auteurs>
		<Type_Doc>PHOTOGRAPHIE N&amp;B</Type_Doc>
		<Support>PAPIER</Support>
		<Technique>Photographie N&amp;B</Technique>
		<Format>4 x 4,5 cm</Format>
		<Cote>49Fi1876/118</Cote>
		<Observations></Observations>
		<Origine>Don Faucher-Berhelé entré le 10/11/1978.</Origine>
		<Droits_Repro>Domaine public</Droits_Repro>
		<subject>GUERRE 1914-1918;</subject>
		<geoname>FLEURY-SUR-AIRE (hameau);MEUSE (département);NUBECOURT (village);</geoname>
		<persname></persname>
		<corpname></corpname>
	</DocsFigures>
<DocsFigures>
		<Titre>Fleury s/Aire. Baignade. R. B. nage &quot; l&apos;over arm head&quot; ?</Titre>
		<Analyse>Raoul Berthelé nage le crawl dans l&apos;Aire à Fleury-sur-Aire (Meuse).
1916. 
Guerre 1914-1918.</Analyse>
		<Realise_en>1916</Realise_en>
		<Liste_des_auteurs>BERTHELÉ, Raoul</Liste_des_auteurs>
		<Type_Doc>PHOTOGRAPHIE N&amp;B</Type_Doc>
		<Support>PAPIER</Support>
		<Technique>Photographie N&amp;B</Technique>
		<Format>4 x 4,5 cm</Format>
		<Cote>49Fi1876/119</Cote>
		<Observations></Observations>
		<Origine>Don Faucher-Berhelé entré le 10/11/1978.</Origine>
		<Droits_Repro>Domaine public</Droits_Repro>
		<subject>GUERRE 1914-1918;</subject>
		<geoname>FLEURY-SUR-AIRE (hameau);MEUSE (département);NUBECOURT (village);</geoname>
		<persname>BERTHELE, Raoul;</persname>
		<corpname></corpname>
	</DocsFigures>
<DocsFigures>
		<Titre>Fleury s/Aire. Baignade. R. B.</Titre>
		<Analyse>Baignade de Raoul Berthelé debout au milieu  l&apos;Aire à Fleury-sur-Aire (Meuse).
1916. 
Guerre 1914-1918.</Analyse>
		<Realise_en>1916</Realise_en>
		<Liste_des_auteurs>BERTHELÉ, Raoul</Liste_des_auteurs>
		<Type_Doc>PHOTOGRAPHIE N&amp;B</Type_Doc>
		<Support>PAPIER</Support>
		<Technique>Photographie N&amp;B</Technique>
		<Format>4 x 4,5 cm</Format>
		<Cote>49Fi1876/120</Cote>
		<Observations>Le contact manque de luminosité et de contraste.</Observations>
		<Origine>Don Faucher-Berhelé entré le 10/11/1978.</Origine>
		<Droits_Repro>Domaine public</Droits_Repro>
		<subject>GUERRE 1914-1918;</subject>
		<geoname>FLEURY-SUR-AIRE (hameau);MEUSE (département);NUBECOURT (village);</geoname>
		<persname>BERTHELE, Raoul;</persname>
		<corpname></corpname>
	</DocsFigures>
<DocsFigures>
		<Titre>Fleury s/Aire. Baignade. Leçon de natation à Calas.</Titre>
		<Analyse>La leçon de natation de Calas dans l&apos;Aire à Fleury-sur-Aire (Meuse).
1916. 
Guerre 1914-1918.</Analyse>
		<Realise_en>1916</Realise_en>
		<Liste_des_auteurs>BERTHELÉ, Raoul</Liste_des_auteurs>
		<Type_Doc>PHOTOGRAPHIE N&amp;B</Type_Doc>
		<Support>PAPIER</Support>
		<Technique>Photographie N&amp;B</Technique>
		<Format>4 x 5</Format>
		<Cote>49Fi1876/121</Cote>
		<Observations></Observations>
		<Origine>Don Faucher-Berhelé entré le 10/11/1978.</Origine>
		<Droits_Repro>Domaine public</Droits_Repro>
		<subject>GUERRE 1914-1918;</subject>
		<geoname>FLEURY-SUR-AIRE (hameau);MEUSE (département);NUBECOURT (village);</geoname>
		<persname></persname>
		<corpname></corpname>
	</DocsFigures>
<DocsFigures>
		<Titre>Cuperly. Ma table ds ma chambre.</Titre>
		<Analyse>La table de Raoul Berthelé dans sa chambre de Cuperly (Marne).
1916. 
Guerre 1914-1918.</Analyse>
		<Realise_en>1916</Realise_en>
		<Liste_des_auteurs>BERTHELÉ, Raoul</Liste_des_auteurs>
		<Type_Doc>PHOTOGRAPHIE N&amp;B</Type_Doc>
		<Support>PAPIER</Support>
		<Technique>Photographie N&amp;B</Technique>
		<Format>4 x 5</Format>
		<Cote>49Fi1876/124</Cote>
		<Observations></Observations>
		<Origine>Don Faucher-Berhelé entré le 10/11/1978.</Origine>
		<Droits_Repro>Domaine public</Droits_Repro>
		<subject>GUERRE 1914-1918;</subject>
		<geoname>CUPERLY (village);MARNE (département);</geoname>
		<persname>BERTHELE, Raoul;</persname>
		<corpname></corpname>
	</DocsFigures>
<DocsFigures>
		<Titre>Fleury s/Aire. Remise de décorations par Mr Poincaré.</Titre>
		<Analyse>M. Poincaré remet des décorations à des soldats à la gare de Fleury-sur-Aire (Meuse).
28 mai 1916.
Guerre 1914-1918.</Analyse>
		<Realise_en>1915</Realise_en>
		<Liste_des_auteurs>ACHARD [ Auteur ]</Liste_des_auteurs>
		<Type_Doc>PHOTOGRAPHIE N&amp;B</Type_Doc>
		<Support>PAPIER</Support>
		<Technique>Photographie N&amp;B</Technique>
		<Format>4 x 5</Format>
		<Cote>49Fi1877/7</Cote>
		<Observations></Observations>
		<Origine>Don Faucher-Berhelé entré le 10/11/1978.</Origine>
		<Droits_Repro>Domaine public</Droits_Repro>
		<subject>MILITAIRE;GARE;GUERRE 1914-1918;</subject>
		<geoname>FLEURY-SUR-AIRE (hameau);MEUSE (département);NUBECOURT (village);</geoname>
		<persname>POINCARE, Raymond;</persname>
		<corpname></corpname>
	</DocsFigures>
<DocsFigures>
		<Titre>Fleury s/Aire. Remise de décorations par Mr Poincaré.</Titre>
		<Analyse>M. Poincaré remet des décorations à des soldats à la gare de Fleury-sur-Aire (Meuse).
28 mai 1916.
Guerre 1914-1918.</Analyse>
		<Realise_en>1916</Realise_en>
		<Liste_des_auteurs>ACHARD [ Auteur ]</Liste_des_auteurs>
		<Type_Doc>PHOTOGRAPHIE N&amp;B</Type_Doc>
		<Support>PAPIER</Support>
		<Technique>Photographie N&amp;B</Technique>
		<Format>4 x 5</Format>
		<Cote>49Fi1877/10</Cote>
		<Observations></Observations>
		<Origine>Don Faucher-Berhelé entré le 10/11/1978.</Origine>
		<Droits_Repro>Domaine public</Droits_Repro>
		<subject>MILITAIRE;GARE;GUERRE 1914-1918;</subject>
		<geoname>FLEURY-SUR-AIRE (hameau);MEUSE (département);NUBECOURT (village);</geoname>
		<persname>POINCARE, Raymond;</persname>
		<corpname></corpname>
	</DocsFigures>
<DocsFigures>
		<Titre>24/07/16. Promenade en aéro. (Voisin). Argnne. La forêt.</Titre>
		<Analyse>Vue aérienne de la forêt d&apos;Argonne (Meuse).24 juillet 1916. 
Guerre 1914-1918.</Analyse>
		<Realise_en>1916</Realise_en>
		<Liste_des_auteurs>BERTHELÉ, Raoul</Liste_des_auteurs>
		<Type_Doc>PHOTOGRAPHIE N&amp;B</Type_Doc>
		<Support>PAPIER</Support>
		<Technique>Photographie N&amp;B</Technique>
		<Format>4 x 5</Format>
		<Cote>49Fi1877/52</Cote>
		<Observations></Observations>
		<Origine>Don Faucher-Berhelé entré le 10/11/1978.</Origine>
		<Droits_Repro>Domaine public</Droits_Repro>
		<subject>GUERRE 1914-1918;</subject>
		<geoname>CLERMONT-EN-ARGONNE (village);MEUSE (département);</geoname>
		<persname></persname>
		<corpname></corpname>
	</DocsFigures>
<DocsFigures>
		<Titre>Bar-le-Duc. Canal des usines par la pluie</Titre>
		<Analyse>&quot;f; 4,5 [ouverture], [vitesse] 1/5e de seconde&quot;
Vue d&apos;ensemble du canal des usines à Bar-le-Duc (Meuse) par temps de pluie.
18 octobre 1916.
Guerre 1914-1918.
Raoul Berthelé précise la vitesse et l&apos;ouverture.</Analyse>
		<Realise_en>1916</Realise_en>
		<Liste_des_auteurs>BERTHELÉ, Raoul</Liste_des_auteurs>
		<Type_Doc>PHOTOGRAPHIE N&amp;B</Type_Doc>
		<Support>PAPIER</Support>
		<Technique>Photographie N&amp;B</Technique>
		<Format>4 x 4,5 cm</Format>
		<Cote>49Fi1877/104</Cote>
		<Observations>18 octobre 1916.</Observations>
		<Origine>Don Faucher-Berhelé entré le 10/11/1978.</Origine>
		<Droits_Repro>Domaine public</Droits_Repro>
		<subject>GUERRE 1914-1918;</subject>
		<geoname>BAR-LE-DUC (ville);MEUSE (département);</geoname>
		<persname></persname>
		<corpname></corpname>
	</DocsFigures>
<DocsFigures>
		<Titre>Chardogne. Pont</Titre>
		<Analyse>Vue d&apos;un militaire posant au milieu d&apos;un pont à Chardogne (Meuse).
Novembre-décembre 1916. 
Guerre 1914-1918.</Analyse>
		<Realise_en>1916</Realise_en>
		<Liste_des_auteurs>BERTHELÉ, Raoul</Liste_des_auteurs>
		<Type_Doc>PHOTOGRAPHIE N&amp;B</Type_Doc>
		<Support>PAPIER</Support>
		<Technique>Photographie N&amp;B</Technique>
		<Format>4 x 4,5 cm</Format>
		<Cote>49Fi1877/116</Cote>
		<Observations></Observations>
		<Origine>Don Faucher-Berhelé entré le 10/11/1978.</Origine>
		<Droits_Repro>Domaine public</Droits_Repro>
		<subject>GUERRE 1914-1918;</subject>
		<geoname>CHARDOGNE (village);MEUSE (département);</geoname>
		<persname></persname>
		<corpname></corpname>
	</DocsFigures>
<DocsFigures>
		<Titre>Ville-sur-Cousances. Sergent Faucon</Titre>
		<Analyse>Portrait en buste du sergent Faucon à Ville-sur-Cousances (Meuse).
Septembre-octobre 1916. 
Guerre 1914-1918. 
En arrière plan des baraquements militaires.                                                                                                                                                                                                                                                                                                                                                                                                                                                                                                                                                                                                                                                                                                                                                                                                                                                                                                                                                                                                                                                                                                                                                                                                                                                                                                                        </Analyse>
		<Realise_en>1916</Realise_en>
		<Liste_des_auteurs>BERTHELÉ, Raoul</Liste_des_auteurs>
		<Type_Doc>PHOTOGRAPHIE N&amp;B</Type_Doc>
		<Support>PAPIER</Support>
		<Technique>Photographie N&amp;B</Technique>
		<Format>4 x 4,5 cm</Format>
		<Cote>49Fi1877/122</Cote>
		<Observations></Observations>
		<Origine>Don Faucher-Berhelé entré le 10/11/1978.</Origine>
		<Droits_Repro>Domaine public</Droits_Repro>
		<subject>GUERRE 1914-1918;</subject>
		<geoname>VILLE-SUR-COUSANCES (village);MEUSE (département);</geoname>
		<persname></persname>
		<corpname></corpname>
	</DocsFigures>
<DocsFigures>
		<Titre>Dieue. Groupe d&apos;officiers. Médecin inspecteur Vincent.</Titre>
		<Analyse>Dans une cour, le médecin inspecteur Vincent au milieu d&apos;un groupe d&apos;officiers à Dieue-sur-Meuse (Meuse).   
Entre le 30 septembre 1916 et le 25 janvier 1917.   
Guerre 1914-1918.                                                                                                                                                                                                                                                                                                                                                                                                                                                                                                                                                                                                                                                                                                                                                                                                                                                                                                                                                                                                                                                                                                                                                                                                                                                                                                     </Analyse>
		<Realise_en></Realise_en>
		<Liste_des_auteurs>BERTHELÉ, Raoul</Liste_des_auteurs>
		<Type_Doc>PHOTOGRAPHIE N&amp;B</Type_Doc>
		<Support>PAPIER</Support>
		<Technique>Photographie N&amp;B</Technique>
		<Format>4 x 4,5 cm</Format>
		<Cote>49Fi1877/123</Cote>
		<Observations></Observations>
		<Origine>Don Faucher-Berhelé entré le 10/11/1978.</Origine>
		<Droits_Repro>Domaine public</Droits_Repro>
		<subject>GUERRE 1914-1918;</subject>
		<geoname>DIEUE-SUR-MEUSE (village);MEUSE (département);</geoname>
		<persname></persname>
		<corpname></corpname>
	</DocsFigures>
<DocsFigures>
		<Titre>Les Eparges. Point L. Canon de 75 de tranchée.</Titre>
		<Analyse>Au point L, un canon de 75 dans une tranchée protégé par des sacs de sable aux Eparges (Meuse).
1916. 
Guerre 1914-1918.                                                                                                                                                                                                                                                                                                                                                                                                                                                                                                                                                                                                                                                                                                                                                                                                                                                                                                                                                                                                                                                                                                                                                                                                                                                                                           </Analyse>
		<Realise_en>1916</Realise_en>
		<Liste_des_auteurs>BERTHELÉ, Raoul</Liste_des_auteurs>
		<Type_Doc>PHOTOGRAPHIE N&amp;B</Type_Doc>
		<Support>PAPIER</Support>
		<Technique>Photographie N&amp;B</Technique>
		<Format>4 x 4,5 cm</Format>
		<Cote>49Fi1877/125</Cote>
		<Observations></Observations>
		<Origine>Don Faucher-Berhelé entré le 10/11/1978.</Origine>
		<Droits_Repro>Domaine public</Droits_Repro>
		<subject>GUERRE 1914-1918;</subject>
		<geoname>EPARGES (LES) (village);MEUSE (département);</geoname>
		<persname></persname>
		<corpname></corpname>
	</DocsFigures>
<DocsFigures>
		<Titre>Dieue. Bords de Meuse. Contre jour f=8. 1/40 de seconde.</Titre>
		<Analyse>Vue panoramique en contre jour des bords de la Meuse à Dieue-sur-Meuse (Meuse) au moment du coucher du soleil. 
Entre le 30 septembre 1916 et le 25 janvier 1917.
Guerre 1914-1918.
Sihouette fumant la pipe au centre de la photo.                                                                                                                                                                                                                                                                                                                                                                                                                                                                                                                                                                                                                                                                                                                                                                                                                                                                                                                                                                                                                                                                                                                                                                                                      </Analyse>
		<Realise_en></Realise_en>
		<Liste_des_auteurs>BERTHELÉ, Raoul</Liste_des_auteurs>
		<Type_Doc>PHOTOGRAPHIE N&amp;B</Type_Doc>
		<Support>PAPIER</Support>
		<Technique>Photographie N&amp;B</Technique>
		<Format>4 x 4,5 cm</Format>
		<Cote>49Fi1877/135</Cote>
		<Observations>Lié à 49Fi666</Observations>
		<Origine>Don Faucher-Berhelé entré le 10/11/1978.</Origine>
		<Droits_Repro>Domaine public</Droits_Repro>
		<subject>GUERRE 1914-1918;</subject>
		<geoname>DIEUE-SUR-MEUSE (village);MEUSE (département);</geoname>
		<persname></persname>
		<corpname></corpname>
	</DocsFigures>
<DocsFigures>
		<Titre>Dieue. 16/01/1917. Général de Maud&apos;huy. Lieutenant de Vaisseau Hébert</Titre>
		<Analyse>Les soldats faisant des exercices de gymnastique près de Dieue-sur-Meuse (Meuse),  dirigés par le général Maud&apos;huy et le lieutenant de Vaisseau Hébert.
16 janvier 1917. 
Guerre 1914-1918.</Analyse>
		<Realise_en>1917</Realise_en>
		<Liste_des_auteurs>BERTHELÉ, Raoul</Liste_des_auteurs>
		<Type_Doc>PHOTOGRAPHIE N&amp;B</Type_Doc>
		<Support>PAPIER</Support>
		<Technique>Photographie N&amp;B</Technique>
		<Format>4 x 4,5 cm</Format>
		<Cote>49Fi1877/138</Cote>
		<Observations></Observations>
		<Origine>Don Faucher-Berhelé entré le 10/11/1978.</Origine>
		<Droits_Repro>Domaine public</Droits_Repro>
		<subject>MILITAIRE;GUERRE 1914-1918;</subject>
		<geoname>DIEUE-SUR-MEUSE (village);MEUSE (département);</geoname>
		<persname></persname>
		<corpname></corpname>
	</DocsFigures>
<DocsFigures>
		<Titre>Dieue. 16/01/1917. Général de Maud&apos;huy. Lieutenant de Vaisseau Hébert</Titre>
		<Analyse>Les soldats faisant des exercices de gymnastique près de Dieue-sur-Meuse (Meuse),  dirigés par le général Maud&apos;huy et le lieutenant de Vaisseau Hébert.
16 janvier 1917. 
Guerre 1914-1918.</Analyse>
		<Realise_en>1917</Realise_en>
		<Liste_des_auteurs>BERTHELÉ, Raoul</Liste_des_auteurs>
		<Type_Doc>PHOTOGRAPHIE N&amp;B</Type_Doc>
		<Support>PAPIER</Support>
		<Technique>Photographie N&amp;B</Technique>
		<Format>4 x 4,5 cm</Format>
		<Cote>49Fi1877/139</Cote>
		<Observations></Observations>
		<Origine>Don Faucher-Berhelé entré le 10/11/1978.</Origine>
		<Droits_Repro>Domaine public</Droits_Repro>
		<subject>MILITAIRE;GUERRE 1914-1918;</subject>
		<geoname>DIEUE-SUR-MEUSE (village);MEUSE (département);</geoname>
		<persname></persname>
		<corpname></corpname>
	</DocsFigures>
<DocsFigures>
		<Titre>Dieue. 16/01/1917. Général de Maud&apos;huy. Lieutenant de Vaisseau Hébert</Titre>
		<Analyse>Les soldats faisant des exercices de gymnastique près de Dieue-sur-Meuse (Meuse),  dirigés par le général Maud&apos;huy et le lieutenant de Vaisseau Hébert.
16 janvier 1917. 
Guerre 1914-1918.
Les soldats rampent.</Analyse>
		<Realise_en>1917</Realise_en>
		<Liste_des_auteurs>BERTHELÉ, Raoul</Liste_des_auteurs>
		<Type_Doc>PHOTOGRAPHIE N&amp;B</Type_Doc>
		<Support>PAPIER</Support>
		<Technique>Photographie N&amp;B</Technique>
		<Format>4 x 4,5 cm</Format>
		<Cote>49Fi1877/140</Cote>
		<Observations></Observations>
		<Origine>Don Faucher-Berhelé entré le 10/11/1978.</Origine>
		<Droits_Repro>Domaine public</Droits_Repro>
		<subject>MILITAIRE;GUERRE 1914-1918;</subject>
		<geoname>DIEUE-SUR-MEUSE (village);MEUSE (département);</geoname>
		<persname></persname>
		<corpname></corpname>
	</DocsFigures>
<DocsFigures>
		<Titre>Dieue. 16/01/1917. Général de Maud&apos;huy. Lieutenant de Vaisseau Hébert</Titre>
		<Analyse>Les soldats faisant des exercices de gymnastique près de Dieue-sur-Meuse (Meuse),  dirigés par le général Maud&apos;huy et le lieutenant de Vaisseau Hébert.
16 janvier 1917. 
Guerre 1914-1918.
Les soldats courent à quatre pattes.</Analyse>
		<Realise_en>1917</Realise_en>
		<Liste_des_auteurs>BERTHELÉ, Raoul</Liste_des_auteurs>
		<Type_Doc>PHOTOGRAPHIE N&amp;B</Type_Doc>
		<Support>PAPIER</Support>
		<Technique>Photographie N&amp;B</Technique>
		<Format>4 x 4,5 cm</Format>
		<Cote>49Fi1877/141</Cote>
		<Observations></Observations>
		<Origine>Don Faucher-Berhelé entré le 10/11/1978.</Origine>
		<Droits_Repro>Domaine public</Droits_Repro>
		<subject>MILITAIRE;GUERRE 1914-1918;</subject>
		<geoname>DIEUE-SUR-MEUSE (village);MEUSE (département);</geoname>
		<persname></persname>
		<corpname></corpname>
	</DocsFigures>
<DocsFigures>
		<Titre>Dieue. 16/01/1917. Général de Maud&apos;huy. Lieutenant de Vaisseau Hébert</Titre>
		<Analyse>Les soldats faisant des exercices de gymnastique près de Dieue-sur-Meuse (Meuse),  dirigés par le général Maud&apos;huy et le lieutenant de Vaisseau Hébert.
16 janvier 1917. 
Guerre 1914-1918.</Analyse>
		<Realise_en>1917</Realise_en>
		<Liste_des_auteurs>BERTHELÉ, Raoul</Liste_des_auteurs>
		<Type_Doc>PHOTOGRAPHIE N&amp;B</Type_Doc>
		<Support>PAPIER</Support>
		<Technique>Photographie N&amp;B</Technique>
		<Format>4 x 4,5 cm</Format>
		<Cote>49Fi1877/142</Cote>
		<Observations></Observations>
		<Origine>Don Faucher-Berhelé entré le 10/11/1978.</Origine>
		<Droits_Repro>Domaine public</Droits_Repro>
		<subject>MILITAIRE;GUERRE 1914-1918;</subject>
		<geoname>DIEUE-SUR-MEUSE (village);MEUSE (département);</geoname>
		<persname></persname>
		<corpname></corpname>
	</DocsFigures>
<DocsFigures>
		<Titre>Dieue. 16/01/1917. Général de Maud&apos;huy. Lieutenant de Vaisseau Hébert</Titre>
		<Analyse>Les soldats faisant des exercices de gymnastique près de Dieue-sur-Meuse (Meuse),  dirigés par le général Maud&apos;huy et le lieutenant de Vaisseau Hébert.
16 janvier 1917. 
Guerre 1914-1918.
Les soldats grimpent aux arbres.</Analyse>
		<Realise_en>1917</Realise_en>
		<Liste_des_auteurs>BERTHELÉ, Raoul</Liste_des_auteurs>
		<Type_Doc>PHOTOGRAPHIE N&amp;B</Type_Doc>
		<Support>PAPIER</Support>
		<Technique>Photographie N&amp;B</Technique>
		<Format>4 x 4,5 cm</Format>
		<Cote>49Fi1877/143</Cote>
		<Observations></Observations>
		<Origine>Don Faucher-Berhelé entré le 10/11/1978.</Origine>
		<Droits_Repro>Domaine public</Droits_Repro>
		<subject>MILITAIRE;GUERRE 1914-1918;</subject>
		<geoname>DIEUE-SUR-MEUSE (village);MEUSE (département);</geoname>
		<persname></persname>
		<corpname></corpname>
	</DocsFigures>
<DocsFigures>
		<Titre>Dieue. 16/01/1917. Général de Maud&apos;huy. Lieutenant de Vaisseau Hébert</Titre>
		<Analyse>Les soldats faisant des exercices de gymnastique près de Dieue-sur-Meuse (Meuse),  dirigés par le général Maud&apos;huy et le lieutenant de Vaisseau Hébert.
16 janvier 1917. 
Guerre 1914-1918.
Les soldats courent.</Analyse>
		<Realise_en>1917</Realise_en>
		<Liste_des_auteurs>BERTHELÉ, Raoul</Liste_des_auteurs>
		<Type_Doc>PHOTOGRAPHIE N&amp;B</Type_Doc>
		<Support>PAPIER</Support>
		<Technique>Photographie N&amp;B</Technique>
		<Format>4 x 4,5 cm</Format>
		<Cote>49Fi1877/144</Cote>
		<Observations></Observations>
		<Origine>Don Faucher-Berhelé entré le 10/11/1978.</Origine>
		<Droits_Repro>Domaine public</Droits_Repro>
		<subject>MILITAIRE;GUERRE 1914-1918;</subject>
		<geoname>DIEUE-SUR-MEUSE (village);MEUSE (département);</geoname>
		<persname></persname>
		<corpname></corpname>
	</DocsFigures>
<DocsFigures>
		<Titre>Dieue s/Meuse. Atelier de réparation des 75. Maison de M. Barat</Titre>
		<Analyse>Photo de l&apos;atelier de réparation de canons de 75 appartenant à M. Barat à Dieue-sur-Meuse (Meuse).
Entre le 30 septembre 1916 et le 25 janvier 1917.
Guerre 1914-1918.</Analyse>
		<Realise_en></Realise_en>
		<Liste_des_auteurs>BERTHELÉ, Raoul</Liste_des_auteurs>
		<Type_Doc>PHOTOGRAPHIE N&amp;B</Type_Doc>
		<Support>PAPIER</Support>
		<Technique>Photographie N&amp;B</Technique>
		<Format>4 x 5</Format>
		<Cote>49Fi1878/1</Cote>
		<Observations>Lié avec la 49Fi1842 et la 49Fi1602</Observations>
		<Origine>Don Faucher-Berhelé entré le 10/11/1978.</Origine>
		<Droits_Repro>Domaine public</Droits_Repro>
		<subject>GUERRE 1914-1918;</subject>
		<geoname>DIEUE-SUR-MEUSE (village);MEUSE (département);</geoname>
		<persname></persname>
		<corpname></corpname>
	</DocsFigures>
<DocsFigures>
		<Titre>Dieue s/Meuse. Atelier de réparation des 75. Maison de M. Barat</Titre>
		<Analyse>Photo de l&apos;atelier de réparation de canons de 75 appartenant à M. Barat à Dieue-sur-Meuse (Meuse).
Entre le 30 septembre 1916 et le 25 janvier 1917. 
Guerre 1914-1918.
Deux hommes travaillent sur la culasse d&apos;un canon.</Analyse>
		<Realise_en></Realise_en>
		<Liste_des_auteurs>BERTHELÉ, Raoul</Liste_des_auteurs>
		<Type_Doc>PHOTOGRAPHIE N&amp;B</Type_Doc>
		<Support>PAPIER</Support>
		<Technique>Photographie N&amp;B</Technique>
		<Format>4 x 5</Format>
		<Cote>49Fi1878/2</Cote>
		<Observations></Observations>
		<Origine>Don Faucher-Berhelé entré le 10/11/1978.</Origine>
		<Droits_Repro>Domaine public</Droits_Repro>
		<subject>GUERRE 1914-1918;</subject>
		<geoname>DIEUE-SUR-MEUSE (village);MEUSE (département);</geoname>
		<persname></persname>
		<corpname></corpname>
	</DocsFigures>
<DocsFigures>
		<Titre>Dieue s/Meuse. Atelier de réparation des 75. maison de M. Barat</Titre>
		<Analyse>Vue d&apos;une canons de 75 dans l&apos;atelier de réparation à Dieue-sur-Meuse (Meuse). 
Entre le 30 septembre 1916 et le 25 janvier 1917.
Guerre 1914-1918.
A côté de l&apos;atelier, se trouve la maison de M. Barat.</Analyse>
		<Realise_en></Realise_en>
		<Liste_des_auteurs>BERTHELÉ, Raoul</Liste_des_auteurs>
		<Type_Doc>PHOTOGRAPHIE N&amp;B</Type_Doc>
		<Support>PAPIER</Support>
		<Technique>Photographie N&amp;B</Technique>
		<Format>4 x 4,5 cm</Format>
		<Cote>49Fi1878/4</Cote>
		<Observations>Lié à 49Fi1843</Observations>
		<Origine>Don Faucher-Berhelé entré le 10/11/1978.</Origine>
		<Droits_Repro>Domaine public</Droits_Repro>
		<subject>GUERRE 1914-1918;</subject>
		<geoname>DIEUE-SUR-MEUSE (village);MEUSE (département);</geoname>
		<persname></persname>
		<corpname></corpname>
	</DocsFigures>
<DocsFigures>
		<Titre>Vadelaincourt. Spad. Moteur Hispano Suiza</Titre>
		<Analyse>Un avion biplan Spad ( Moteur Hispano Suiza) sur le terrain d&apos;aviation de Vadelaincourt (Meuse).
1917. 
Guerre 1914-1918.                                                                                                          </Analyse>
		<Realise_en>1917</Realise_en>
		<Liste_des_auteurs>BERTHELÉ, Raoul</Liste_des_auteurs>
		<Type_Doc>PHOTOGRAPHIE N&amp;B</Type_Doc>
		<Support>PAPIER</Support>
		<Technique>Photographie N&amp;B</Technique>
		<Format>4 x 4,5 cm</Format>
		<Cote>49Fi1878/14</Cote>
		<Observations></Observations>
		<Origine>Don Faucher-Berhelé entré le 10/11/1978.</Origine>
		<Droits_Repro>Domaine public</Droits_Repro>
		<subject>GUERRE 1914-1918;</subject>
		<geoname>MEUSE (département);VADELAINCOURT (village);</geoname>
		<persname></persname>
		<corpname></corpname>
	</DocsFigures>
<DocsFigures>
		<Titre>Paris. 11/3/1917. Jardin du Luxembourg.</Titre>
		<Analyse>Melles Madeleine Godinier et Miguette Mesnard posent dans le jardin du Luxembourg à Paris.
11 Mars 1917
Guerre 1914-1918.       
A droite Madeleine Godinier, à gauche Miguette Mesnard.                                                                         </Analyse>
		<Realise_en>1917</Realise_en>
		<Liste_des_auteurs>BERTHELÉ, Raoul</Liste_des_auteurs>
		<Type_Doc>PHOTOGRAPHIE N&amp;B</Type_Doc>
		<Support>PAPIER</Support>
		<Technique>Photographie N&amp;B</Technique>
		<Format>4 x 4,5 cm</Format>
		<Cote>49Fi1878/19</Cote>
		<Observations></Observations>
		<Origine>Don Faucher-Berhelé entré le 10/11/1978.</Origine>
		<Droits_Repro>Domaine public</Droits_Repro>
		<subject>GUERRE 1914-1918;</subject>
		<geoname>PARIS (ville);</geoname>
		<persname></persname>
		<corpname></corpname>
	</DocsFigures>
<DocsFigures>
		<Titre>Paris. 11/3/1917. Jardin du Luxembourg. Melle Madeleine Godinier.</Titre>
		<Analyse>Melle Madeleine Godinier pose assise sur le rebord d&apos;un bassin dans le jardin du Luxembourg à Paris.
11 Mars 1917
Guerre 1914-1918.       
                                                                      </Analyse>
		<Realise_en>1917</Realise_en>
		<Liste_des_auteurs>BERTHELÉ, Raoul</Liste_des_auteurs>
		<Type_Doc>PHOTOGRAPHIE N&amp;B</Type_Doc>
		<Support>PAPIER</Support>
		<Technique>Photographie N&amp;B</Technique>
		<Format>4 x 4,5 cm</Format>
		<Cote>49Fi1878/20</Cote>
		<Observations></Observations>
		<Origine>Don Faucher-Berhelé entré le 10/11/1978.</Origine>
		<Droits_Repro>Domaine public</Droits_Repro>
		<subject>GUERRE 1914-1918;</subject>
		<geoname>PARIS (ville);</geoname>
		<persname></persname>
		<corpname></corpname>
	</DocsFigures>
<DocsFigures>
		<Titre>Paris. 11/3/1917. Jardin du Luxembourg. Melle Miguette Mesnard.</Titre>
		<Analyse>Melle Miguette Mesnard pose devant &apos;un bassin dans le jardin du Luxembourg à Paris.
11 Mars 1917
Guerre 1914-1918.       
                                                                      </Analyse>
		<Realise_en>1917</Realise_en>
		<Liste_des_auteurs>BERTHELÉ, Raoul</Liste_des_auteurs>
		<Type_Doc>PHOTOGRAPHIE N&amp;B</Type_Doc>
		<Support>PAPIER</Support>
		<Technique>Photographie N&amp;B</Technique>
		<Format>4 x 4,5 cm</Format>
		<Cote>49Fi1878/21</Cote>
		<Observations></Observations>
		<Origine>Don Faucher-Berhelé entré le 10/11/1978.</Origine>
		<Droits_Repro>Domaine public</Droits_Repro>
		<subject>GUERRE 1914-1918;</subject>
		<geoname>PARIS (ville);</geoname>
		<persname></persname>
		<corpname></corpname>
	</DocsFigures>
<DocsFigures>
		<Titre>Paris. 11/3/1917. Chez Mr Fayard sculpteur.</Titre>
		<Analyse>Mr Fayard sculpteur pose entouré par deux femmes au milieu de statues dans un atelier à Paris.
11/3/1917
Guerre 1914-1918.</Analyse>
		<Realise_en>1917</Realise_en>
		<Liste_des_auteurs>BERTHELÉ, Raoul</Liste_des_auteurs>
		<Type_Doc>PHOTOGRAPHIE N&amp;B</Type_Doc>
		<Support>PHOTOGRAPHIE COLLEE SUR CANSON</Support>
		<Technique>Photographie N&amp;B</Technique>
		<Format>4 x 4,5 cm</Format>
		<Cote>49Fi1878/22</Cote>
		<Observations></Observations>
		<Origine>Don Faucher-Berhelé entré le 10/11/1978.</Origine>
		<Droits_Repro>Domaine public</Droits_Repro>
		<subject>FEMME;GUERRE 1914-1918;</subject>
		<geoname>PARIS (ville);</geoname>
		<persname></persname>
		<corpname></corpname>
	</DocsFigures>
<DocsFigures>
		<Titre>Paris. 11/3/1917. Chez Mr Fayard sculpteur.</Titre>
		<Analyse>Mr Fayard sculpteur pose avec une jeune femme dans son atelier à Paris.
11/3/1917
Guerre 1914-1918.
La  jeune femme assise tient une statue sur ses genoux.</Analyse>
		<Realise_en>1917</Realise_en>
		<Liste_des_auteurs>BERTHELÉ, Raoul</Liste_des_auteurs>
		<Type_Doc>PHOTOGRAPHIE N&amp;B</Type_Doc>
		<Support>PHOTOGRAPHIE COLLEE SUR CANSON</Support>
		<Technique>Photographie N&amp;B</Technique>
		<Format>4 x 4,5 cm</Format>
		<Cote>49Fi1878/23</Cote>
		<Observations></Observations>
		<Origine>Don Faucher-Berhelé entré le 10/11/1978.</Origine>
		<Droits_Repro>Domaine public</Droits_Repro>
		<subject>FEMME;GUERRE 1914-1918;</subject>
		<geoname>PARIS (ville);</geoname>
		<persname></persname>
		<corpname></corpname>
	</DocsFigures>
<DocsFigures>
		<Titre>Paris. 11/3/1917. Chez Mr Fayard sculpteur.&quot;La Gaillette&quot;.</Titre>
		<Analyse>Vue d&apos;une sculpture en buste &quot;La Gaillette&quot; prise chez le sculpteur M. Fayard à Paris.
11 mars 1917.
Guerre 1914-1918.</Analyse>
		<Realise_en>1917</Realise_en>
		<Liste_des_auteurs>BERTHELÉ, Raoul</Liste_des_auteurs>
		<Type_Doc>PHOTOGRAPHIE N&amp;B</Type_Doc>
		<Support>PHOTOGRAPHIE COLLEE SUR CANSON</Support>
		<Technique>Photographie N&amp;B</Technique>
		<Format>4 x 4,5 cm</Format>
		<Cote>49Fi1878/24</Cote>
		<Observations></Observations>
		<Origine>Don Faucher-Berhelé entré le 10/11/1978.</Origine>
		<Droits_Repro>Domaine public</Droits_Repro>
		<subject>GUERRE 1914-1918;</subject>
		<geoname>PARIS (ville);</geoname>
		<persname></persname>
		<corpname></corpname>
	</DocsFigures>
<DocsFigures>
		<Titre>Paris. 20/3/1917. Concorde. Suzanne Luthard.</Titre>
		<Analyse>Portrait en buste de Suzanne Luthard place de la Concorde à Paris.
20 mars 1917.
Guerre 1914-1918.</Analyse>
		<Realise_en>1917</Realise_en>
		<Liste_des_auteurs>BERTHELÉ, Raoul</Liste_des_auteurs>
		<Type_Doc>PHOTOGRAPHIE N&amp;B</Type_Doc>
		<Support>PHOTOGRAPHIE COLLEE SUR CANSON</Support>
		<Technique>Photographie N&amp;B</Technique>
		<Format>4 x 4,5 cm</Format>
		<Cote>49Fi1878/25</Cote>
		<Observations></Observations>
		<Origine>Don Faucher-Berhelé entré le 10/11/1978.</Origine>
		<Droits_Repro>Domaine public</Droits_Repro>
		<subject>GUERRE 1914-1918;</subject>
		<geoname>PARIS (ville);</geoname>
		<persname></persname>
		<corpname></corpname>
	</DocsFigures>
<DocsFigures>
		<Titre>Belleray. Carrière. Cantonnements.</Titre>
		<Analyse>Vue latérale gauche de la carrière souterraine près de Belleray (Meuse) qui sert d&apos;abri aux soldats.
1917.
Guerre 1914-1918.</Analyse>
		<Realise_en>1917</Realise_en>
		<Liste_des_auteurs>BERTHELÉ, Raoul</Liste_des_auteurs>
		<Type_Doc>PHOTOGRAPHIE N&amp;B</Type_Doc>
		<Support>PHOTOGRAPHIE COLLEE SUR CANSON</Support>
		<Technique>Photographie N&amp;B</Technique>
		<Format>4 x 4,5 cm</Format>
		<Cote>49Fi1878/26</Cote>
		<Observations>Lié à la 49Fi1741</Observations>
		<Origine>Don Faucher-Berhelé entré le 10/11/1978.</Origine>
		<Droits_Repro>Domaine public</Droits_Repro>
		<subject>ABRI;GUERRE 1914-1918;</subject>
		<geoname>BELLERAY (village);MEUSE (département);</geoname>
		<persname></persname>
		<corpname></corpname>
	</DocsFigures>
<DocsFigures>
		<Titre>Belleray. Carrière. Cantonnements.</Titre>
		<Analyse>L&apos;entrée d&apos;une carrière souterraine près de Belleray (Meuse) qui sert d&apos;abri aux soldats.
1917.
Guerre 1914-1918.</Analyse>
		<Realise_en>1917</Realise_en>
		<Liste_des_auteurs>BERTHELÉ, Raoul</Liste_des_auteurs>
		<Type_Doc>PHOTOGRAPHIE N&amp;B</Type_Doc>
		<Support>PHOTOGRAPHIE COLLEE SUR CANSON</Support>
		<Technique>Photographie N&amp;B</Technique>
		<Format>4 x 4,5 cm</Format>
		<Cote>49Fi1878/27</Cote>
		<Observations></Observations>
		<Origine>Don Faucher-Berhelé entré le 10/11/1978.</Origine>
		<Droits_Repro>Domaine public</Droits_Repro>
		<subject>ABRI;GUERRE 1914-1918;</subject>
		<geoname>BELLERAY (village);MEUSE (département);</geoname>
		<persname></persname>
		<corpname></corpname>
	</DocsFigures>
<DocsFigures>
		<Titre>Paris. Mlle Marcelle Rubaud.</Titre>
		<Analyse>plan 3/4 de Mlle Marcelle Rubaud dans une chambre à Paris.
1917.
Guerre 1914-1918.</Analyse>
		<Realise_en>1917</Realise_en>
		<Liste_des_auteurs>BERTHELÉ, Raoul</Liste_des_auteurs>
		<Type_Doc>PHOTOGRAPHIE N&amp;B</Type_Doc>
		<Support>PHOTOGRAPHIE COLLEE SUR CANSON</Support>
		<Technique>Photographie N&amp;B</Technique>
		<Format>4 x 4,5 cm</Format>
		<Cote>49Fi1878/28</Cote>
		<Observations></Observations>
		<Origine>Don Faucher-Berhelé entré le 10/11/1978.</Origine>
		<Droits_Repro>Domaine public</Droits_Repro>
		<subject>GUERRE 1914-1918;</subject>
		<geoname>PARIS (ville);</geoname>
		<persname></persname>
		<corpname></corpname>
	</DocsFigures>
<DocsFigures>
		<Titre>Belleray. Carrière</Titre>
		<Analyse>L&apos;entrée d&apos;une carrière souterraine près de Belleray (Meuse) qui sert d&apos;abri aux soldats.
1917. 
Guerre 1914-1918.</Analyse>
		<Realise_en>1917</Realise_en>
		<Liste_des_auteurs>BERTHELÉ, Raoul</Liste_des_auteurs>
		<Type_Doc>PHOTOGRAPHIE N&amp;B</Type_Doc>
		<Support>PHOTOGRAPHIE COLLEE SUR CANSON</Support>
		<Technique>Photographie N&amp;B</Technique>
		<Format>4 x 4,5 cm</Format>
		<Cote>49Fi1878/29</Cote>
		<Observations>Lié à la 49Fi1740</Observations>
		<Origine>Don Faucher-Berhelé entré le 10/11/1978.</Origine>
		<Droits_Repro>Domaine public</Droits_Repro>
		<subject>ABRI;GUERRE 1914-1918;</subject>
		<geoname>BELLERAY (village);MEUSE (département);</geoname>
		<persname></persname>
		<corpname></corpname>
	</DocsFigures>
<DocsFigures>
		<Titre>Belleray. Cantonnements.</Titre>
		<Analyse>Cantonnements de soldats à flanc de colline bordés par une route à Belleray (Meuse).
1917. 
Guerre 1914-1918.</Analyse>
		<Realise_en>1917</Realise_en>
		<Liste_des_auteurs>BERTHELÉ, Raoul</Liste_des_auteurs>
		<Type_Doc>PHOTOGRAPHIE N&amp;B</Type_Doc>
		<Support>PHOTOGRAPHIE COLLEE SUR CANSON</Support>
		<Technique>Photographie N&amp;B</Technique>
		<Format>4 x 4,5 cm</Format>
		<Cote>49Fi1878/30</Cote>
		<Observations></Observations>
		<Origine>Don Faucher-Berhelé entré le 10/11/1978.</Origine>
		<Droits_Repro>Domaine public</Droits_Repro>
		<subject>MILITAIRE;GUERRE 1914-1918;</subject>
		<geoname>BELLERAY (village);MEUSE (département);</geoname>
		<persname></persname>
		<corpname></corpname>
	</DocsFigures>
<DocsFigures>
		<Titre>Les Sartelles. Fort des Sartelles.</Titre>
		<Analyse>Le fort des Sartelles coté nord  au lieu-dit les Sartelles dans la commune de Thierville-sur-Meuse (Meuse).
1917. 
Guerre 1914-1918.</Analyse>
		<Realise_en>1917</Realise_en>
		<Liste_des_auteurs>BERTHELÉ, Raoul</Liste_des_auteurs>
		<Type_Doc>PHOTOGRAPHIE N&amp;B</Type_Doc>
		<Support>PHOTOGRAPHIE COLLEE SUR CANSON</Support>
		<Technique>Photographie N&amp;B</Technique>
		<Format>4 x 4,5 cm</Format>
		<Cote>49Fi1878/31</Cote>
		<Observations></Observations>
		<Origine>Don Faucher-Berhelé entré le 10/11/1978.</Origine>
		<Droits_Repro>Domaine public</Droits_Repro>
		<subject>GUERRE 1914-1918;</subject>
		<geoname>THIERVILLE-SUR-MEUSE (ville);MEUSE (département);LES SARTELLES (lieu-dit);</geoname>
		<persname></persname>
		<corpname></corpname>
	</DocsFigures>
<DocsFigures>
		<Titre>Les Sartelles. Fort de Choiseul. Bois bourru.</Titre>
		<Analyse>Les Sartelles dans la commune de Thierville-sur-Meuse (Meuse).
1917. 
Guerre 1914-1918.</Analyse>
		<Realise_en>1917</Realise_en>
		<Liste_des_auteurs>BERTHELÉ, Raoul</Liste_des_auteurs>
		<Type_Doc>PHOTOGRAPHIE N&amp;B</Type_Doc>
		<Support>PHOTOGRAPHIE COLLEE SUR CANSON</Support>
		<Technique>Photographie N&amp;B</Technique>
		<Format>4 x 4,5 cm</Format>
		<Cote>49Fi1878/32</Cote>
		<Observations></Observations>
		<Origine>Don Faucher-Berhelé entré le 10/11/1978.</Origine>
		<Droits_Repro>Domaine public</Droits_Repro>
		<subject>GUERRE 1914-1918;</subject>
		<geoname>LES SARTELLES (lieu-dit);MEUSE (département);THIERVILLE-SUR-MEUSE (ville);</geoname>
		<persname></persname>
		<corpname></corpname>
	</DocsFigures>
<DocsFigures>
		<Titre>Les Sartelles. Fort des Sartelles. Coté sud.</Titre>
		<Analyse>Le fort des Sartelles coté sud au lieu-dit les Sartelles dans la commune de Thierville-sur-Meuse (Meuse).
1917. 
Guerre 1914-1918.</Analyse>
		<Realise_en>1917</Realise_en>
		<Liste_des_auteurs>BERTHELÉ, Raoul</Liste_des_auteurs>
		<Type_Doc>PHOTOGRAPHIE N&amp;B</Type_Doc>
		<Support>PHOTOGRAPHIE COLLEE SUR CANSON</Support>
		<Technique>Photographie N&amp;B</Technique>
		<Format>4 x 4,5 cm</Format>
		<Cote>49Fi1878/34</Cote>
		<Observations></Observations>
		<Origine>Don Faucher-Berhelé entré le 10/11/1978.</Origine>
		<Droits_Repro>Domaine public</Droits_Repro>
		<subject>GUERRE 1914-1918;</subject>
		<geoname>LES SARTELLES (lieu-dit);MEUSE (département);THIERVILLE-SUR-MEUSE (ville);</geoname>
		<persname></persname>
		<corpname></corpname>
	</DocsFigures>
<DocsFigures>
		<Titre>Les Sartelles. Abri de Danot.</Titre>
		<Analyse>L&apos;abri de M. Danot au lieu-dit les Sartelles dans la commune de Thierville-sur-Meuse (Meuse).
1917. 
Guerre 1914-1918.</Analyse>
		<Realise_en>1917</Realise_en>
		<Liste_des_auteurs>BERTHELÉ, Raoul</Liste_des_auteurs>
		<Type_Doc>PHOTOGRAPHIE N&amp;B</Type_Doc>
		<Support>PHOTOGRAPHIE COLLEE SUR CANSON</Support>
		<Technique>Photographie N&amp;B</Technique>
		<Format>4 x 4,5 cm</Format>
		<Cote>49Fi1878/35</Cote>
		<Observations></Observations>
		<Origine>Don Faucher-Berhelé entré le 10/11/1978.</Origine>
		<Droits_Repro>Domaine public</Droits_Repro>
		<subject>ABRI;GUERRE 1914-1918;</subject>
		<geoname>LES SARTELLES (lieu-dit);MEUSE (département);THIERVILLE-SUR-MEUSE (ville);</geoname>
		<persname></persname>
		<corpname></corpname>
	</DocsFigures>
<DocsFigures>
		<Titre>Les Sartelles. Abri. R. Berthelé</Titre>
		<Analyse>Raoul Berthelé pose devant l&apos;entrée d&apos;un abri au lieu-dit des Sartelles dans la commune de Thierville-sur-Meuse (Meuse).
1917. 
Guerre 1914-1918.</Analyse>
		<Realise_en>1917</Realise_en>
		<Liste_des_auteurs>BERTHELÉ, Raoul</Liste_des_auteurs>
		<Type_Doc>PHOTOGRAPHIE N&amp;B</Type_Doc>
		<Support>PHOTOGRAPHIE COLLEE SUR CANSON</Support>
		<Technique>Photographie N&amp;B</Technique>
		<Format>4 x 4,5 cm</Format>
		<Cote>49Fi1878/36</Cote>
		<Observations></Observations>
		<Origine>Don Faucher-Berhelé entré le 10/11/1978.</Origine>
		<Droits_Repro>Domaine public</Droits_Repro>
		<subject>MILITAIRE;ABRI;GUERRE 1914-1918;</subject>
		<geoname>LES SARTELLES (lieu-dit);MEUSE (département);THIERVILLE-SUR-MEUSE (ville);</geoname>
		<persname>BERTHELE, Raoul;</persname>
		<corpname></corpname>
	</DocsFigures>
<DocsFigures>
		<Titre>Rupt devant St Mihiel. Poste de sondage M. Vigie</Titre>
		<Analyse>Vue de M. Vigie devant le poste de sondage météorologique de Rupt-devant-Saint-Mihiel (Meuse). 
1917.
Guerre 1914-1918.</Analyse>
		<Realise_en>1917</Realise_en>
		<Liste_des_auteurs>BERTHELÉ, Raoul</Liste_des_auteurs>
		<Type_Doc>PHOTOGRAPHIE N&amp;B</Type_Doc>
		<Support>PHOTOGRAPHIE COLLEE SUR CANSON</Support>
		<Technique>Photographie N&amp;B</Technique>
		<Format>4 x 4,5 cm</Format>
		<Cote>49Fi1878/37</Cote>
		<Observations></Observations>
		<Origine>Don Faucher-Berhelé entré le 10/11/1978.</Origine>
		<Droits_Repro>Domaine public</Droits_Repro>
		<subject>METEOROLOGIE;MILITAIRE;GUERRE 1914-1918;</subject>
		<geoname>MEUSE (département);RUPT-DEVANT-SAINT-MIHIEL (village);</geoname>
		<persname></persname>
		<corpname></corpname>
	</DocsFigures>
<DocsFigures>
		<Titre>R. B. Souilly. Météo sondage.</Titre>
		<Analyse>R. B. et deux autres soldats faisant des mesures météorologiques au poste de sondage de Souilly (Meuse).
1917
Guerre 1914-1918.</Analyse>
		<Realise_en>1917</Realise_en>
		<Liste_des_auteurs>BERTHELÉ, Raoul</Liste_des_auteurs>
		<Type_Doc>PHOTOGRAPHIE N&amp;B</Type_Doc>
		<Support>PHOTOGRAPHIE COLLEE SUR CANSON</Support>
		<Technique>Photographie N&amp;B</Technique>
		<Format>4 x 4,5 cm</Format>
		<Cote>49Fi1878/38</Cote>
		<Observations></Observations>
		<Origine>Don Faucher-Berhelé entré le 10/11/1978.</Origine>
		<Droits_Repro>Domaine public</Droits_Repro>
		<subject>MILITAIRE;METEOROLOGIE;GUERRE 1914-1918;</subject>
		<geoname>SOUILLY (village);MEUSE (département);</geoname>
		<persname></persname>
		<corpname></corpname>
	</DocsFigures>
<DocsFigures>
		<Titre>Rupt devant St Mihiel. Poste de sondage Mr Vigie.</Titre>
		<Analyse>Vue de l&apos;intérieur du poste de sondage météorologique de Rupt-devant-Saint-Mihiel (Meuse).
1917.
Guerre 1914-1918.</Analyse>
		<Realise_en>1917</Realise_en>
		<Liste_des_auteurs>BERTHELÉ, Raoul</Liste_des_auteurs>
		<Type_Doc>PHOTOGRAPHIE N&amp;B</Type_Doc>
		<Support>PHOTOGRAPHIE COLLEE SUR CANSON</Support>
		<Technique>Photographie N&amp;B</Technique>
		<Format>4 x 4,5 cm</Format>
		<Cote>49Fi1878/40</Cote>
		<Observations></Observations>
		<Origine>Don Faucher-Berhelé entré le 10/11/1978.</Origine>
		<Droits_Repro>Domaine public</Droits_Repro>
		<subject>METEOROLOGIE;GUERRE 1914-1918;</subject>
		<geoname>MEUSE (département);RUPT-DEVANT-SAINT-MIHIEL (village);</geoname>
		<persname></persname>
		<corpname></corpname>
	</DocsFigures>
<DocsFigures>
		<Titre>Souilly. Mitrailleuse</Titre>
		<Analyse>Un soldat pointe sa mitrailleuse vers le ciel, en arrière plan le village de Souilly dans la Meuse.
1917.
Guerre 1914-1918.</Analyse>
		<Realise_en>1917</Realise_en>
		<Liste_des_auteurs>BERTHELÉ, Raoul</Liste_des_auteurs>
		<Type_Doc>PHOTOGRAPHIE N&amp;B</Type_Doc>
		<Support>PHOTOGRAPHIE COLLEE SUR CANSON</Support>
		<Technique>Photographie N&amp;B</Technique>
		<Format>4 x 4,5 cm</Format>
		<Cote>49Fi1878/41</Cote>
		<Observations></Observations>
		<Origine>Don Faucher-Berhelé entré le 10/11/1978.</Origine>
		<Droits_Repro>Domaine public</Droits_Repro>
		<subject>MILITAIRE;GUERRE 1914-1918;</subject>
		<geoname>MEUSE (département);SOUILLY (village);</geoname>
		<persname></persname>
		<corpname></corpname>
	</DocsFigures>
<DocsFigures>
		<Titre>Dugny. RGA [réserve générale d&apos;aviation]. Biplan Schmidt</Titre>
		<Analyse>Vue d&apos;un avion biplan Paul Schmitt venant de s&apos;écraser près de la RGA  (réserve générale de l&apos;aviation) à Dugny (Seine-Saint-Denis).
1917
Guerre 1914-1918.</Analyse>
		<Realise_en>1917</Realise_en>
		<Liste_des_auteurs>BERTHELÉ, Raoul</Liste_des_auteurs>
		<Type_Doc>PHOTOGRAPHIE N&amp;B</Type_Doc>
		<Support>PHOTOGRAPHIE COLLEE SUR CANSON</Support>
		<Technique>Photographie N&amp;B</Technique>
		<Format>4 x 4,5 cm</Format>
		<Cote>49Fi1878/42</Cote>
		<Observations>Contact de la 49Fi630</Observations>
		<Origine>Don Faucher-Berhelé entré le 10/11/1978.</Origine>
		<Droits_Repro>Domaine public</Droits_Repro>
		<subject>GUERRE 1914-1918;</subject>
		<geoname>SEINE-SAINT-DENIS (Département);DUGNY (ville);</geoname>
		<persname></persname>
		<corpname></corpname>
	</DocsFigures>
<DocsFigures>
		<Titre>Dugny. RGA [réserve générale d&apos;aviation]. Station centrale météorologique.</Titre>
		<Analyse>Vue de la baraque et du pylône de la station centrale du service météorologique aux armées de Dugny (Seine-Saint-Denis) près de la Réserve Générale d&apos;Aviation.
1917
Guerre 1914-1918.</Analyse>
		<Realise_en>1917</Realise_en>
		<Liste_des_auteurs>BERTHELÉ, Raoul</Liste_des_auteurs>
		<Type_Doc>PHOTOGRAPHIE N&amp;B</Type_Doc>
		<Support>PHOTOGRAPHIE COLLEE SUR CANSON</Support>
		<Technique>Photographie N&amp;B</Technique>
		<Format>4 x 4,5 cm</Format>
		<Cote>49Fi1878/43</Cote>
		<Observations></Observations>
		<Origine>Don Faucher-Berhelé entré le 10/11/1978.</Origine>
		<Droits_Repro>Domaine public</Droits_Repro>
		<subject>METEOROLOGIE;INFRASTRUCTURE MILITAIRE;GUERRE 1914-1918;</subject>
		<geoname>SEINE-SAINT-DENIS (Département);DUGNY (ville);</geoname>
		<persname></persname>
		<corpname></corpname>
	</DocsFigures>
<DocsFigures>
		<Titre>Dugny. RGA [réserve générale d&apos;aviation]. Station centrale météorologique</Titre>
		<Analyse>Gros plan sur  la baraque de la station centrale du service météorologique aux armées de Dugny (Seine-Saint-Denis) près de la Réserve Générale d&apos;Aviation.
1917.
Guerre 1914-1918.</Analyse>
		<Realise_en>1917</Realise_en>
		<Liste_des_auteurs>BERTHELÉ, Raoul</Liste_des_auteurs>
		<Type_Doc>PHOTOGRAPHIE N&amp;B</Type_Doc>
		<Support>PHOTOGRAPHIE COLLEE SUR CANSON</Support>
		<Technique>Photographie N&amp;B</Technique>
		<Format>4 x 4,5 cm</Format>
		<Cote>49Fi1878/46</Cote>
		<Observations></Observations>
		<Origine>Don Faucher-Berhelé entré le 10/11/1978.</Origine>
		<Droits_Repro>Domaine public</Droits_Repro>
		<subject>METEOROLOGIE;INFRASTRUCTURE MILITAIRE;GUERRE 1914-1918;</subject>
		<geoname>SEINE-SAINT-DENIS (Département);DUGNY (ville);</geoname>
		<persname></persname>
		<corpname></corpname>
	</DocsFigures>
<DocsFigures>
		<Titre>Dugny. RGA [réserve générale d&apos;aviation]. Biplan Moineau</Titre>
		<Analyse>&quot;Moteur Caudron ?? 225 HP&quot;
Gros plan sur le moteur Caudron ?? 225 HP d&apos;un biplan Moineau sur un terrain de la Réserve Générale d&apos;Aviation de Dugny (Seine-Saint-Denis).
1917. 
Guerre 1914-1918.</Analyse>
		<Realise_en>1917</Realise_en>
		<Liste_des_auteurs>BERTHELÉ, Raoul</Liste_des_auteurs>
		<Type_Doc>PHOTOGRAPHIE N&amp;B</Type_Doc>
		<Support>PHOTOGRAPHIE COLLEE SUR CANSON</Support>
		<Technique>Photographie N&amp;B</Technique>
		<Format>4,x 4,6</Format>
		<Cote>49Fi1878/54</Cote>
		<Observations></Observations>
		<Origine>Don Faucher-Berhelé entré le 10/11/1978.</Origine>
		<Droits_Repro>Domaine public</Droits_Repro>
		<subject>GUERRE 1914-1918;</subject>
		<geoname>SEINE-SAINT-DENIS (Département);DUGNY (ville);</geoname>
		<persname></persname>
		<corpname></corpname>
	</DocsFigures>
<DocsFigures>
		<Titre>Bois de Beaumarais</Titre>
		<Analyse>Vue d&apos;une tranchée en ruine dans le bois de Beau-Marais à Craonnelle (Aisne) suite à des bombardements.
1917.
Guerre 1914-1918.</Analyse>
		<Realise_en>1917</Realise_en>
		<Liste_des_auteurs>BERTHELÉ, Raoul</Liste_des_auteurs>
		<Type_Doc>PHOTOGRAPHIE N&amp;B</Type_Doc>
		<Support>PHOTOGRAPHIE COLLEE SUR CANSON</Support>
		<Technique>Photographie N&amp;B</Technique>
		<Format>5,5 x 6</Format>
		<Cote>49Fi1878/90</Cote>
		<Observations></Observations>
		<Origine>Don Faucher-Berhelé entré le 10/11/1978.</Origine>
		<Droits_Repro>Domaine public</Droits_Repro>
		<subject>SINISTRE;BIEN SINISTRE;GUERRE 1914-1918;</subject>
		<geoname>CRAONNELLE (village);BEAU-MARAIS (bois de);AISNE (département);</geoname>
		<persname></persname>
		<corpname></corpname>
	</DocsFigures>
<DocsFigures>
		<Titre>Bois de Beaumarais</Titre>
		<Analyse>Devant l&apos;entrée d&apos;un abri souterrain, un chariot et plusieurs cadavres de chevaux dans le bois de Beau-Marais à Craonnelle (Aisne). 
1917.
Guerre 1914-1918.</Analyse>
		<Realise_en>1917</Realise_en>
		<Liste_des_auteurs>BERTHELÉ, Raoul</Liste_des_auteurs>
		<Type_Doc>PHOTOGRAPHIE N&amp;B</Type_Doc>
		<Support>PHOTOGRAPHIE COLLEE SUR CANSON</Support>
		<Technique>Photographie N&amp;B</Technique>
		<Format>5,5 x 6</Format>
		<Cote>49Fi1878/91</Cote>
		<Observations></Observations>
		<Origine>Don Faucher-Berhelé entré le 10/11/1978.</Origine>
		<Droits_Repro>Domaine public</Droits_Repro>
		<subject>ABRI;GUERRE 1914-1918;</subject>
		<geoname>BEAU-MARAIS (bois de);CRAONNELLE (village);AISNE (département);</geoname>
		<persname></persname>
		<corpname></corpname>
	</DocsFigures>
<DocsFigures>
		<Titre>Bois de Beaumarais</Titre>
		<Analyse>Dans le bois de Beau-Marais à Craonnelle (Aisne), un canon au milieu d&apos;arbres déchiquetés.
Entre 1914 et 1918
Guerre 1914-1918.</Analyse>
		<Realise_en></Realise_en>
		<Liste_des_auteurs>BERTHELÉ, Raoul</Liste_des_auteurs>
		<Type_Doc>PHOTOGRAPHIE N&amp;B</Type_Doc>
		<Support>PAPIER</Support>
		<Technique>Photographie N&amp;B</Technique>
		<Format>5,5 x 6</Format>
		<Cote>49Fi1879/21</Cote>
		<Observations></Observations>
		<Origine>Don Faucher-Berhelé entré le 10/11/1978.</Origine>
		<Droits_Repro>Domaine public</Droits_Repro>
		<subject>SINISTRE;EQUIPEMENT MILITAIRE;FORET;GUERRE 1914-1918;</subject>
		<geoname>BEAU-MARAIS (bois de);AISNE (département);CRAONNELLE (village);</geoname>
		<persname></persname>
		<corpname></corpname>
	</DocsFigures>
<DocsFigures>
		<Titre>Bois de Beaumarais</Titre>
		<Analyse>Dans le bois de Beau-Marais à Craonnelle (Aisne), complètement dévasté par des bombardements, un poste de tir déserté avec des caisses en premier plan.
Entre 1914 et 1918
Guerre 1914-1918.</Analyse>
		<Realise_en></Realise_en>
		<Liste_des_auteurs>BERTHELÉ, Raoul</Liste_des_auteurs>
		<Type_Doc>PHOTOGRAPHIE N&amp;B</Type_Doc>
		<Support>PAPIER</Support>
		<Technique>Photographie N&amp;B</Technique>
		<Format>5,5 x 6</Format>
		<Cote>49Fi1879/22</Cote>
		<Observations></Observations>
		<Origine>Don Faucher-Berhelé entré le 10/11/1978.</Origine>
		<Droits_Repro>Domaine public</Droits_Repro>
		<subject>GUERRE 1914-1918;</subject>
		<geoname>AISNE (département);CRAONNELLE (village);BEAU-MARAIS (bois de);</geoname>
		<persname></persname>
		<corpname></corpname>
	</DocsFigures>
<DocsFigures>
		<Titre>Bois de Beaumarais</Titre>
		<Analyse>Dans le bois de Beau-Marais à Craonnelle (Aisne), complètement dévasté par des bombardements, un canon éclaté.
Entre 1914 et 1918
Guerre 1914-1918.</Analyse>
		<Realise_en></Realise_en>
		<Liste_des_auteurs>BERTHELÉ, Raoul</Liste_des_auteurs>
		<Type_Doc>PHOTOGRAPHIE N&amp;B</Type_Doc>
		<Support>PAPIER</Support>
		<Technique>Photographie N&amp;B</Technique>
		<Format>5,5 x 6</Format>
		<Cote>49Fi1879/23</Cote>
		<Observations></Observations>
		<Origine>Don Faucher-Berhelé entré le 10/11/1978.</Origine>
		<Droits_Repro>Domaine public</Droits_Repro>
		<subject>GUERRE 1914-1918;</subject>
		<geoname>AISNE (département);CRAONNELLE (village);BEAU-MARAIS (bois de);</geoname>
		<persname></persname>
		<corpname></corpname>
	</DocsFigures>
<DocsFigures>
		<Titre>Bois de Beaumarais</Titre>
		<Analyse>Dans le bois de Beau-Marais à Craonnelle (Aisne), un soldat inspecte les dégâts du canon d&apos;un poste de tir complètement dévasté par des bombardements.
Entre 1914 et 1918
Guerre 1914-1918.</Analyse>
		<Realise_en></Realise_en>
		<Liste_des_auteurs>BERTHELÉ, Raoul</Liste_des_auteurs>
		<Type_Doc>PHOTOGRAPHIE N&amp;B</Type_Doc>
		<Support>PAPIER</Support>
		<Technique>Photographie N&amp;B</Technique>
		<Format>5,5 x 6</Format>
		<Cote>49Fi1879/24</Cote>
		<Observations></Observations>
		<Origine>Don Faucher-Berhelé entré le 10/11/1978.</Origine>
		<Droits_Repro>Domaine public</Droits_Repro>
		<subject>MILITAIRE;GUERRE 1914-1918;</subject>
		<geoname>AISNE (département);CRAONNELLE (village);BEAU-MARAIS (bois de);</geoname>
		<persname></persname>
		<corpname></corpname>
	</DocsFigures>
<DocsFigures>
		<Titre>[La gare du Nord à Amiens]</Titre>
		<Analyse>La Gare du Nord à Amiens (Somme).
Entre 1914 et 1918
Guerre 1914-1918.
Mention sur la façade: &quot;Chemin de fer du nord&quot;</Analyse>
		<Realise_en></Realise_en>
		<Liste_des_auteurs>BERTHELÉ, Raoul</Liste_des_auteurs>
		<Type_Doc>PHOTOGRAPHIE N&amp;B</Type_Doc>
		<Support>PAPIER</Support>
		<Technique>Photographie N&amp;B</Technique>
		<Format>6 x 9 cm</Format>
		<Cote>49Fi1879/25</Cote>
		<Observations></Observations>
		<Origine>Don Faucher-Berhelé entré le 10/11/1978.</Origine>
		<Droits_Repro>Domaine public</Droits_Repro>
		<subject>GARE;GUERRE 1914-1918;</subject>
		<geoname>AMIENS (ville);SOMME (département);</geoname>
		<persname></persname>
		<corpname></corpname>
	</DocsFigures>
<DocsFigures>
		<Titre>[La place de la gare à Amiens]</Titre>
		<Analyse>La place de la gare d&apos;Amiens (Somme), très animée.
Entre 1914 et 1918
Guerre 1914-1918.</Analyse>
		<Realise_en></Realise_en>
		<Liste_des_auteurs>BERTHELÉ, Raoul</Liste_des_auteurs>
		<Type_Doc>PHOTOGRAPHIE N&amp;B</Type_Doc>
		<Support>PAPIER</Support>
		<Technique>Photographie N&amp;B</Technique>
		<Format>6 x 9 cm</Format>
		<Cote>49Fi1879/26</Cote>
		<Observations></Observations>
		<Origine>Don Faucher-Berhelé entré le 10/11/1978.</Origine>
		<Droits_Repro>Domaine public</Droits_Repro>
		<subject>GARE;GUERRE 1914-1918;</subject>
		<geoname>AMIENS (ville);SOMME (département);</geoname>
		<persname></persname>
		<corpname></corpname>
	</DocsFigures>
<DocsFigures>
		<Titre>[Amiens. La cathédrale et sa place]</Titre>
		<Analyse>Vue perspective de la la place et de la cathédrale d&apos;Amiens (Somme).
Entre 1914 et 1918
Guerre 1914-1918.</Analyse>
		<Realise_en></Realise_en>
		<Liste_des_auteurs>BERTHELÉ, Raoul</Liste_des_auteurs>
		<Type_Doc>PHOTOGRAPHIE N&amp;B</Type_Doc>
		<Support>PAPIER</Support>
		<Technique>Photographie N&amp;B</Technique>
		<Format>6,2 x 7,1</Format>
		<Cote>49Fi1879/27</Cote>
		<Observations></Observations>
		<Origine>Don Faucher-Berhelé entré le 10/11/1978.</Origine>
		<Droits_Repro>Domaine public</Droits_Repro>
		<subject>GUERRE 1914-1918;</subject>
		<geoname>AMIENS (ville);SOMME (département);</geoname>
		<persname></persname>
		<corpname></corpname>
	</DocsFigures>
<DocsFigures>
		<Titre>[Amiens. La cathédrale]</Titre>
		<Analyse>Vue de la façade de la cathédrale d&apos;Amiens (Somme).
Entre 1914 et 1918
Guerre 1914-1918.</Analyse>
		<Realise_en></Realise_en>
		<Liste_des_auteurs>BERTHELÉ, Raoul</Liste_des_auteurs>
		<Type_Doc>PHOTOGRAPHIE N&amp;B</Type_Doc>
		<Support>PAPIER</Support>
		<Technique>Photographie N&amp;B</Technique>
		<Format>9 x 6 cm</Format>
		<Cote>49Fi1879/28</Cote>
		<Observations></Observations>
		<Origine>Don Faucher-Berhelé entré le 10/11/1978.</Origine>
		<Droits_Repro>Domaine public</Droits_Repro>
		<subject>GUERRE 1914-1918;</subject>
		<geoname>AMIENS (ville);SOMME (département);</geoname>
		<persname></persname>
		<corpname></corpname>
	</DocsFigures>
<DocsFigures>
		<Titre>[Amiens. Eglise Saint-Germain]</Titre>
		<Analyse>Vue plongeante sur l&apos;église Saint-Germain à Amiens (Somme).
Entre 1914 et 1918
Guerre 1914-1918.</Analyse>
		<Realise_en></Realise_en>
		<Liste_des_auteurs>BERTHELÉ, Raoul</Liste_des_auteurs>
		<Type_Doc>PHOTOGRAPHIE N&amp;B</Type_Doc>
		<Support>PAPIER</Support>
		<Technique>Photographie N&amp;B</Technique>
		<Format>6 x 8</Format>
		<Cote>49Fi1879/29</Cote>
		<Observations></Observations>
		<Origine>Don Faucher-Berhelé entré le 10/11/1978.</Origine>
		<Droits_Repro>Domaine public</Droits_Repro>
		<subject>EDIFICE CULTUEL;BIEN SINISTRE;GUERRE 1914-1918;</subject>
		<geoname>SOMME (département);AMIENS (ville);</geoname>
		<persname></persname>
		<corpname></corpname>
	</DocsFigures>
<DocsFigures>
		<Titre>[La place de la gare à Amiens]</Titre>
		<Analyse>La place de la gare à Amiens (Somme) sur laquelle débouche une rue commerçante.
Entre 1914 et 1918
Guerre 1914-1918.</Analyse>
		<Realise_en></Realise_en>
		<Liste_des_auteurs>BERTHELÉ, Raoul</Liste_des_auteurs>
		<Type_Doc>PHOTOGRAPHIE N&amp;B</Type_Doc>
		<Support>PAPIER</Support>
		<Technique>Photographie N&amp;B</Technique>
		<Format>5,5 x 8</Format>
		<Cote>49Fi1879/30</Cote>
		<Observations></Observations>
		<Origine>Don Faucher-Berhelé entré le 10/11/1978.</Origine>
		<Droits_Repro>Domaine public</Droits_Repro>
		<subject>GARE;GUERRE 1914-1918;</subject>
		<geoname>AMIENS (ville);SOMME (département);</geoname>
		<persname></persname>
		<corpname></corpname>
	</DocsFigures>
<DocsFigures>
		<Titre>[Ruines de Sermaize-les-Bains]</Titre>
		<Analyse>Vue générale des ruines de Semaize-les-Bains (Marne) suite au bombardement de la ville.
1915.
Guerre 1914-1918.
Un soldat infirmier pose au milieu des gravats.</Analyse>
		<Realise_en>1915</Realise_en>
		<Liste_des_auteurs>BERTHELÉ, Raoul</Liste_des_auteurs>
		<Type_Doc>PHOTOGRAPHIE N&amp;B</Type_Doc>
		<Support>PAPIER</Support>
		<Technique>Photographie N&amp;B</Technique>
		<Format>6 x 8,5</Format>
		<Cote>49Fi1879/31</Cote>
		<Observations></Observations>
		<Origine>Don Faucher-Berhelé entré le 10/11/1978.</Origine>
		<Droits_Repro>Domaine public</Droits_Repro>
		<subject>MILITAIRE;SINISTRE;BIEN SINISTRE;GUERRE 1914-1918;</subject>
		<geoname>SERMAIZE-LES-BAINS (ville);MARNE (département);</geoname>
		<persname></persname>
		<corpname></corpname>
	</DocsFigures>
<DocsFigures>
		<Titre>[Ruines de Sermaize-les-Bains]</Titre>
		<Analyse>Vue des ruines d&apos;une usine à Sermaize-les Bains (Marne) suite au bombardement de la ville.
1915.
Guerre 1914-1918.</Analyse>
		<Realise_en>1915</Realise_en>
		<Liste_des_auteurs>BERTHELÉ, Raoul</Liste_des_auteurs>
		<Type_Doc>PHOTOGRAPHIE N&amp;B</Type_Doc>
		<Support>PAPIER</Support>
		<Technique>Photographie N&amp;B</Technique>
		<Format>6 x 8,3</Format>
		<Cote>49Fi1879/32</Cote>
		<Observations></Observations>
		<Origine>Don Faucher-Berhelé entré le 10/11/1978.</Origine>
		<Droits_Repro>Domaine public</Droits_Repro>
		<subject>SINISTRE;BIEN SINISTRE;GUERRE 1914-1918;</subject>
		<geoname></geoname>
		<persname></persname>
		<corpname></corpname>
	</DocsFigures>
<DocsFigures>
		<Titre>[Ruines de Sermaize-les-Bains]</Titre>
		<Analyse>Vue d&apos;une rue de Sermaize-les-Bains (Marne) bordée de maisons en ruine, suite au bombardement de la ville.
1915.
Guerre 1914-1918.</Analyse>
		<Realise_en>1915</Realise_en>
		<Liste_des_auteurs>BERTHELÉ, Raoul</Liste_des_auteurs>
		<Type_Doc>PHOTOGRAPHIE N&amp;B</Type_Doc>
		<Support>PAPIER</Support>
		<Technique>Photographie N&amp;B</Technique>
		<Format>5,3 x 8,3</Format>
		<Cote>49Fi1879/33</Cote>
		<Observations></Observations>
		<Origine>Don Faucher-Berhelé entré le 10/11/1978.</Origine>
		<Droits_Repro>Domaine public</Droits_Repro>
		<subject>SINISTRE;BIEN SINISTRE;GUERRE 1914-1918;</subject>
		<geoname>SERMAIZE-LES-BAINS (ville);MARNE (département);</geoname>
		<persname></persname>
		<corpname></corpname>
	</DocsFigures>
<DocsFigures>
		<Titre>[Ruines de Sermaize-les-Bains]</Titre>
		<Analyse>Vue de Sermaize-les-bains (Marne) en ruine suite à des bombardements, un soldat avec un brassard d&apos;infirmier pose dans la rue principale.
1915.
Guerre 1914-1918.</Analyse>
		<Realise_en>1915</Realise_en>
		<Liste_des_auteurs>BERTHELÉ, Raoul</Liste_des_auteurs>
		<Type_Doc>PHOTOGRAPHIE N&amp;B</Type_Doc>
		<Support>PAPIER</Support>
		<Technique>Photographie N&amp;B</Technique>
		<Format>5,3 x 8,3</Format>
		<Cote>49Fi1879/34</Cote>
		<Observations>Lié à 49Fi846 et 49Fi854.</Observations>
		<Origine>Don Faucher-Berhelé entré le 10/11/1978.</Origine>
		<Droits_Repro>Domaine public</Droits_Repro>
		<subject>MILITAIRE;SINISTRE;BIEN SINISTRE;GUERRE 1914-1918;</subject>
		<geoname>SERMAIZE-LES-BAINS (ville);MARNE (département);</geoname>
		<persname></persname>
		<corpname></corpname>
	</DocsFigures>
<DocsFigures>
		<Titre>[Halte d&apos;un régiment d&apos;artillerie dans un village]</Titre>
		<Analyse>Vue plongeante sur la place d&apos;un village où un régiment d&apos;artillerie fait une halte pour se reposer. A localiser.
Entre 1914 et 1918
Guerre 1914-1918.</Analyse>
		<Realise_en></Realise_en>
		<Liste_des_auteurs>BERTHELÉ, Raoul</Liste_des_auteurs>
		<Type_Doc>PHOTOGRAPHIE N&amp;B</Type_Doc>
		<Support>PAPIER</Support>
		<Technique>Photographie N&amp;B</Technique>
		<Format>5,3 x 8,3</Format>
		<Cote>49Fi1879/35</Cote>
		<Observations></Observations>
		<Origine>Don Faucher-Berhelé entré le 10/11/1978.</Origine>
		<Droits_Repro>Domaine public</Droits_Repro>
		<subject>GUERRE 1914-1918;</subject>
		<geoname></geoname>
		<persname></persname>
		<corpname></corpname>
	</DocsFigures>
<DocsFigures>
		<Titre>[Ruines de Sermaize-les-Bains]</Titre>
		<Analyse>Vue d&apos;une usine en ruine à Sermaize-les-Bains (Marne) suite à des bombardements, deux hommes posent au milieu des gravats. 
1915.
Guerre 1914-1918.
La cheminée est intacte.</Analyse>
		<Realise_en>1915</Realise_en>
		<Liste_des_auteurs>BERTHELÉ, Raoul</Liste_des_auteurs>
		<Type_Doc>PHOTOGRAPHIE N&amp;B</Type_Doc>
		<Support>PAPIER</Support>
		<Technique>Photographie N&amp;B</Technique>
		<Format>6 x 8,2</Format>
		<Cote>49Fi1879/36</Cote>
		<Observations>Lié à la 49Fi864 et 49Fi1872/134</Observations>
		<Origine>Don Faucher-Berhelé entré le 10/11/1978.</Origine>
		<Droits_Repro>Domaine public</Droits_Repro>
		<subject>SINISTRE;BIEN SINISTRE;GUERRE 1914-1918;</subject>
		<geoname>SERMAIZE-LES-BAINS (ville);MARNE (département);</geoname>
		<persname></persname>
		<corpname></corpname>
	</DocsFigures>
<DocsFigures>
		<Titre>[Ruines de Sermaize-les-Bains]</Titre>
		<Analyse>Vue d&apos;une rue de Sermaize-les-Bains (Marne) bordée de maisons en ruine, suite au bombardement de la ville.
1915.
Guerre 1914-1918.</Analyse>
		<Realise_en>1915</Realise_en>
		<Liste_des_auteurs>BERTHELÉ, Raoul</Liste_des_auteurs>
		<Type_Doc>PHOTOGRAPHIE N&amp;B</Type_Doc>
		<Support>PAPIER</Support>
		<Technique>Photographie N&amp;B</Technique>
		<Format>5 x 8,3</Format>
		<Cote>49Fi1879/37</Cote>
		<Observations></Observations>
		<Origine>Don Faucher-Berhelé entré le 10/11/1978.</Origine>
		<Droits_Repro>Domaine public</Droits_Repro>
		<subject>SINISTRE;BIEN SINISTRE;GUERRE 1914-1918;</subject>
		<geoname></geoname>
		<persname></persname>
		<corpname></corpname>
	</DocsFigures>
<DocsFigures>
		<Titre>[Ruines de Sermaize-les-Bains]</Titre>
		<Analyse>Vue des ruines de Sermaize-les-Bains (Marne) suite au bombardement de la ville.
1915.
Guerre 1914-1918.</Analyse>
		<Realise_en>1915</Realise_en>
		<Liste_des_auteurs>BERTHELÉ, Raoul</Liste_des_auteurs>
		<Type_Doc>PHOTOGRAPHIE N&amp;B</Type_Doc>
		<Support>PAPIER</Support>
		<Technique>Photographie N&amp;B</Technique>
		<Format>5,6 x 8,3</Format>
		<Cote>49Fi1879/38</Cote>
		<Observations>Lié à la 49Fi869</Observations>
		<Origine>Don Faucher-Berhelé entré le 10/11/1978.</Origine>
		<Droits_Repro>Domaine public</Droits_Repro>
		<subject>SINISTRE;BIEN SINISTRE;GUERRE 1914-1918;</subject>
		<geoname>SERMAIZE-LES-BAINS (ville);MARNE (département);</geoname>
		<persname></persname>
		<corpname></corpname>
	</DocsFigures>
<DocsFigures>
		<Titre>[Ruines de Sermaize-les-Bains]</Titre>
		<Analyse>Vue d&apos;une rue de Sermaize-les-Bains (Marne) bordée de maisons en ruine suite au bombardement de la ville.
1915.
Guerre 1914-1918.</Analyse>
		<Realise_en>1915</Realise_en>
		<Liste_des_auteurs>BERTHELÉ, Raoul</Liste_des_auteurs>
		<Type_Doc>PHOTOGRAPHIE N&amp;B</Type_Doc>
		<Support>PAPIER</Support>
		<Technique>Photographie N&amp;B</Technique>
		<Format>6 x 8,3</Format>
		<Cote>49Fi1879/39</Cote>
		<Observations></Observations>
		<Origine>Don Faucher-Berhelé entré le 10/11/1978.</Origine>
		<Droits_Repro>Domaine public</Droits_Repro>
		<subject>SINISTRE;BIEN SINISTRE;GUERRE 1914-1918;</subject>
		<geoname>SERMAIZE-LES-BAINS (ville);MARNE (département);</geoname>
		<persname></persname>
		<corpname></corpname>
	</DocsFigures>
<DocsFigures>
		<Titre>[Ruines de Sermaize-les-Bains]</Titre>
		<Analyse>Vue des ruines de Sermaize-Les-Bains (Marne) dévasté par des  bombardements.
1915.
Guerre 1914-1918.</Analyse>
		<Realise_en>1915</Realise_en>
		<Liste_des_auteurs>BERTHELÉ, Raoul</Liste_des_auteurs>
		<Type_Doc>PHOTOGRAPHIE N&amp;B</Type_Doc>
		<Support>PAPIER</Support>
		<Technique>Photographie N&amp;B</Technique>
		<Format>6 x 8,3</Format>
		<Cote>49Fi1879/40</Cote>
		<Observations></Observations>
		<Origine>Don Faucher-Berhelé entré le 10/11/1978.</Origine>
		<Droits_Repro>Domaine public</Droits_Repro>
		<subject>SINISTRE;BIEN SINISTRE;GUERRE 1914-1918;</subject>
		<geoname>SERMAIZE-LES-BAINS (ville);MARNE (département);</geoname>
		<persname></persname>
		<corpname></corpname>
	</DocsFigures>
<DocsFigures>
		<Titre>[Sortie d&apos;un tunnel en ruine]</Titre>
		<Analyse>Sortie d&apos;un tunnel de 1879 en ruine suite à des bombardements. Plusieurs soldats posent sur des étais en bois.
Entre 1914 et 1918
Guerre 1914-1918.</Analyse>
		<Realise_en></Realise_en>
		<Liste_des_auteurs>BERTHELÉ, Raoul</Liste_des_auteurs>
		<Type_Doc>PHOTOGRAPHIE N&amp;B</Type_Doc>
		<Support>PAPIER</Support>
		<Technique>Photographie N&amp;B</Technique>
		<Format>6 x 7</Format>
		<Cote>49Fi1879/41</Cote>
		<Observations></Observations>
		<Origine>Don Faucher-Berhelé entré le 10/11/1978.</Origine>
		<Droits_Repro>Domaine public</Droits_Repro>
		<subject>MILITAIRE;SINISTRE;BIEN SINISTRE;GUERRE 1914-1918;</subject>
		<geoname></geoname>
		<persname></persname>
		<corpname></corpname>
	</DocsFigures>
<DocsFigures>
		<Titre>[Rue d&apos;un village]</Titre>
		<Analyse>Rue commerçante d&apos;un village avec des passants avec une église en fond. A localiser.
Entre 1914 et 1918
Guerre 1914-1918.</Analyse>
		<Realise_en></Realise_en>
		<Liste_des_auteurs>BERTHELÉ, Raoul</Liste_des_auteurs>
		<Type_Doc>PHOTOGRAPHIE N&amp;B</Type_Doc>
		<Support>PAPIER</Support>
		<Technique>Photographie N&amp;B</Technique>
		<Format>6 x 8,2</Format>
		<Cote>49Fi1879/42</Cote>
		<Observations></Observations>
		<Origine>Don Faucher-Berhelé entré le 10/11/1978.</Origine>
		<Droits_Repro>Domaine public</Droits_Repro>
		<subject>GUERRE 1914-1918;</subject>
		<geoname></geoname>
		<persname></persname>
		<corpname></corpname>
	</DocsFigures>
<DocsFigures>
		<Titre>[Sortie d&apos;un tunnel en ruine]</Titre>
		<Analyse>Sortie d&apos;un tunnel de 1879 en ruine suite à des bombardements.Ttrois soldats posent en bas à gauche.
Entre 1914 et 1918
Guerre 1914-1918.</Analyse>
		<Realise_en></Realise_en>
		<Liste_des_auteurs>BERTHELÉ, Raoul</Liste_des_auteurs>
		<Type_Doc>PHOTOGRAPHIE N&amp;B</Type_Doc>
		<Support>PAPIER</Support>
		<Technique>Photographie N&amp;B</Technique>
		<Format>6 x 8,2</Format>
		<Cote>49Fi1879/43</Cote>
		<Observations></Observations>
		<Origine>Don Faucher-Berhelé entré le 10/11/1978.</Origine>
		<Droits_Repro>Domaine public</Droits_Repro>
		<subject>MILITAIRE;SINISTRE;BIEN SINISTRE;GUERRE 1914-1918;</subject>
		<geoname></geoname>
		<persname></persname>
		<corpname></corpname>
	</DocsFigures>
<DocsFigures>
		<Titre>[Six soldats posent au milieu de ruines]</Titre>
		<Analyse>Vue de six soldats posant au milieu de gravats, sur la gauche un édifice en pierre adossé à la colline (Peut-être des caves?).
Entre 1914 et 1918 
Guerre 1914-1918.</Analyse>
		<Realise_en></Realise_en>
		<Liste_des_auteurs>BERTHELÉ, Raoul</Liste_des_auteurs>
		<Type_Doc>PHOTOGRAPHIE N&amp;B</Type_Doc>
		<Support>PAPIER</Support>
		<Technique>Photographie N&amp;B</Technique>
		<Format>6 x 8,2</Format>
		<Cote>49Fi1879/44</Cote>
		<Observations></Observations>
		<Origine>Don Faucher-Berhelé entré le 10/11/1978.</Origine>
		<Droits_Repro>Domaine public</Droits_Repro>
		<subject>MILITAIRE;SINISTRE;BIEN SINISTRE;GUERRE 1914-1918;</subject>
		<geoname></geoname>
		<persname></persname>
		<corpname></corpname>
	</DocsFigures>
<DocsFigures>
		<Titre>[Six soldats posent au milieu de ruines]</Titre>
		<Analyse>Six soldats posent posent au milieu de gravats, En arrière plan l&apos;entrée du tunnel. A localiser.
Entre 1914 et 1918 
Guerre 1914-1918.</Analyse>
		<Realise_en></Realise_en>
		<Liste_des_auteurs>BERTHELÉ, Raoul</Liste_des_auteurs>
		<Type_Doc>PHOTOGRAPHIE N&amp;B</Type_Doc>
		<Support>PAPIER</Support>
		<Technique>Photographie N&amp;B</Technique>
		<Format>6 x 8,2</Format>
		<Cote>49Fi1879/45</Cote>
		<Observations></Observations>
		<Origine>Don Faucher-Berhelé entré le 10/11/1978.</Origine>
		<Droits_Repro>Domaine public</Droits_Repro>
		<subject>MILITAIRE;SINISTRE;BIEN SINISTRE;GUERRE 1914-1918;</subject>
		<geoname></geoname>
		<persname></persname>
		<corpname></corpname>
	</DocsFigures>
<DocsFigures>
		<Titre>[Ruines de Sermaize-les-Bains]</Titre>
		<Analyse>Vue des ruines du village de Sermaize-les-Bains (Marne) suite à un bombardement.
1915.
Guerre 1914-1918.
Trois soldats posent au milieu des gravats.</Analyse>
		<Realise_en>1915</Realise_en>
		<Liste_des_auteurs>BERTHELÉ, Raoul</Liste_des_auteurs>
		<Type_Doc>PHOTOGRAPHIE N&amp;B</Type_Doc>
		<Support>PAPIER</Support>
		<Technique>Photographie N&amp;B</Technique>
		<Format>5,1 x 7,3</Format>
		<Cote>49Fi1879/46</Cote>
		<Observations>Lié à la 49Fi1743 et à la 49Fi870</Observations>
		<Origine>Don Faucher-Berhelé entré le 10/11/1978.</Origine>
		<Droits_Repro>Domaine public</Droits_Repro>
		<subject>MILITAIRE;SINISTRE;BIEN SINISTRE;GUERRE 1914-1918;</subject>
		<geoname>SERMAIZE-LES-BAINS (ville);MARNE (département);</geoname>
		<persname></persname>
		<corpname></corpname>
	</DocsFigures>
<DocsFigures>
		<Titre>[Ruines]</Titre>
		<Analyse>Ruines suite à un bombardement, un pan de mur protégeant l&apos;entrée de caves souterraines est effondré. Six hommes posent pour la photo sur des gravats.
Entre 1914 et 1918.
Guerre 1914-1918.</Analyse>
		<Realise_en></Realise_en>
		<Liste_des_auteurs>BERTHELÉ, Raoul</Liste_des_auteurs>
		<Type_Doc>PHOTOGRAPHIE N&amp;B</Type_Doc>
		<Support>PAPIER</Support>
		<Technique>Photographie N&amp;B</Technique>
		<Format>5,7 x 8,2</Format>
		<Cote>49Fi1879/47</Cote>
		<Observations></Observations>
		<Origine>Don Faucher-Berhelé entré le 10/11/1978.</Origine>
		<Droits_Repro>Domaine public</Droits_Repro>
		<subject>SINISTRE;BIEN SINISTRE;GUERRE 1914-1918;</subject>
		<geoname></geoname>
		<persname></persname>
		<corpname></corpname>
	</DocsFigures>
<DocsFigures>
		<Titre>[Bivouac]</Titre>
		<Analyse>Un groupe de soldats bivouaquant sous la tente dans une forêt. A localiser.
Entre 1914 et 1918.
Guerre 1914-1918.</Analyse>
		<Realise_en></Realise_en>
		<Liste_des_auteurs>BERTHELÉ, Raoul</Liste_des_auteurs>
		<Type_Doc>PHOTOGRAPHIE N&amp;B</Type_Doc>
		<Support>PAPIER</Support>
		<Technique>Photographie N&amp;B</Technique>
		<Format>4 x 4</Format>
		<Cote>49Fi1879/48</Cote>
		<Observations>Le tirage manque de densité.</Observations>
		<Origine>Don Faucher-Berhelé entré le 10/11/1978.</Origine>
		<Droits_Repro>Domaine public</Droits_Repro>
		<subject>MILITAIRE;GUERRE 1914-1918;</subject>
		<geoname></geoname>
		<persname></persname>
		<corpname></corpname>
	</DocsFigures>
<DocsFigures>
		<Titre>[Abri]</Titre>
		<Analyse>Quatre soldats posent devant l&apos;entrée d&apos;un abri. A localiser.
Entre 1914 et 1918.
Guerre 1914-1918.</Analyse>
		<Realise_en></Realise_en>
		<Liste_des_auteurs>BERTHELÉ, Raoul</Liste_des_auteurs>
		<Type_Doc>PHOTOGRAPHIE N&amp;B</Type_Doc>
		<Support>PAPIER</Support>
		<Technique>Photographie N&amp;B</Technique>
		<Format>4 x 4</Format>
		<Cote>49Fi1879/49</Cote>
		<Observations>Le tirage manque de densité.</Observations>
		<Origine>Don Faucher-Berhelé entré le 10/11/1978.</Origine>
		<Droits_Repro>Domaine public</Droits_Repro>
		<subject>MILITAIRE;ABRI;GUERRE 1914-1918;</subject>
		<geoname></geoname>
		<persname></persname>
		<corpname></corpname>
	</DocsFigures>
<DocsFigures>
		<Titre>[Paysage]</Titre>
		<Analyse>Deux soldats posent sur les berges boisées d&apos;une rivière. A localiser.
Entre 1914 et 1918.
Guerre 1914-1918.</Analyse>
		<Realise_en></Realise_en>
		<Liste_des_auteurs>BERTHELÉ, Raoul</Liste_des_auteurs>
		<Type_Doc>PHOTOGRAPHIE N&amp;B</Type_Doc>
		<Support>PAPIER</Support>
		<Technique>Photographie N&amp;B</Technique>
		<Format>4 x 4</Format>
		<Cote>49Fi1879/50</Cote>
		<Observations></Observations>
		<Origine>Don Faucher-Berhelé entré le 10/11/1978.</Origine>
		<Droits_Repro>Domaine public</Droits_Repro>
		<subject>MILITAIRE;COURS D&apos;EAU;SITE;GUERRE 1914-1918;</subject>
		<geoname></geoname>
		<persname></persname>
		<corpname></corpname>
	</DocsFigures>
<DocsFigures>
		<Titre>[Bivouac]</Titre>
		<Analyse>Les soldats préparent le repas. A localiser.
Entre 1914 et 1918.
Guerre 1914-1918.</Analyse>
		<Realise_en></Realise_en>
		<Liste_des_auteurs>BERTHELÉ, Raoul</Liste_des_auteurs>
		<Type_Doc>PHOTOGRAPHIE N&amp;B</Type_Doc>
		<Support>PAPIER</Support>
		<Technique>Photographie N&amp;B</Technique>
		<Format>4 x 4</Format>
		<Cote>49Fi1879/51</Cote>
		<Observations>Le tirage manque de densité.</Observations>
		<Origine>Don Faucher-Berhelé entré le 10/11/1978.</Origine>
		<Droits_Repro>Domaine public</Droits_Repro>
		<subject>MILITAIRE;GUERRE 1914-1918;</subject>
		<geoname></geoname>
		<persname></persname>
		<corpname></corpname>
	</DocsFigures>
<DocsFigures>
		<Titre>[Bivouac]</Titre>
		<Analyse>Les soldats se reposent dans leur bivouac de fortune. A localiser.
Entre 1914 et 1918.
Guerre 1914-1918.</Analyse>
		<Realise_en></Realise_en>
		<Liste_des_auteurs>BERTHELÉ, Raoul</Liste_des_auteurs>
		<Type_Doc>PHOTOGRAPHIE N&amp;B</Type_Doc>
		<Support>PAPIER</Support>
		<Technique>Photographie N&amp;B</Technique>
		<Format>4 x 4</Format>
		<Cote>49Fi1879/52</Cote>
		<Observations>Le tirage manque de densité.</Observations>
		<Origine>Don Faucher-Berhelé entré le 10/11/1978.</Origine>
		<Droits_Repro>Domaine public</Droits_Repro>
		<subject>MILITAIRE;GUERRE 1914-1918;</subject>
		<geoname></geoname>
		<persname></persname>
		<corpname></corpname>
	</DocsFigures>
<DocsFigures>
		<Titre>[Paysage]</Titre>
		<Analyse>Deux soldats pêchent sur un pont de bois qui enjambe une rivière. A localiser.
Entre 1914 et 1918.
Guerre 1914-1918.</Analyse>
		<Realise_en></Realise_en>
		<Liste_des_auteurs>BERTHELÉ, Raoul</Liste_des_auteurs>
		<Type_Doc>PHOTOGRAPHIE N&amp;B</Type_Doc>
		<Support>PAPIER</Support>
		<Technique>Photographie N&amp;B</Technique>
		<Format>4 x 4</Format>
		<Cote>49Fi1879/53</Cote>
		<Observations></Observations>
		<Origine>Don Faucher-Berhelé entré le 10/11/1978.</Origine>
		<Droits_Repro>Domaine public</Droits_Repro>
		<subject>MILITAIRE;COURS D&apos;EAU;SITE;GUERRE 1914-1918;</subject>
		<geoname></geoname>
		<persname></persname>
		<corpname></corpname>
	</DocsFigures>
<DocsFigures>
		<Titre>[Paysage urbain]</Titre>
		<Analyse>A droite de l&apos;image, un soldat de dos regarde une cathédrale au bout d&apos;une rue. A localiser.
Entre 1914 et 1918.
Guerre 1914-1918.</Analyse>
		<Realise_en></Realise_en>
		<Liste_des_auteurs>BERTHELÉ, Raoul</Liste_des_auteurs>
		<Type_Doc>PHOTOGRAPHIE N&amp;B</Type_Doc>
		<Support>PAPIER</Support>
		<Technique>Photographie N&amp;B</Technique>
		<Format>4 x 4</Format>
		<Cote>49Fi1879/54</Cote>
		<Observations>Le tirage à peine lisible manque de densité.</Observations>
		<Origine>Don Faucher-Berhelé entré le 10/11/1978.</Origine>
		<Droits_Repro>Domaine public</Droits_Repro>
		<subject>MILITAIRE;EDIFICE CULTUEL;SITE;GUERRE 1914-1918;</subject>
		<geoname></geoname>
		<persname></persname>
		<corpname></corpname>
	</DocsFigures>
<DocsFigures>
		<Titre>[Maisons en ruine]</Titre>
		<Analyse>Village en ruine suite à des bombardements. A localiser.
Entre 1914 et 1918.
Guerre 1914-1918.</Analyse>
		<Realise_en></Realise_en>
		<Liste_des_auteurs>BERTHELÉ, Raoul</Liste_des_auteurs>
		<Type_Doc>PHOTOGRAPHIE N&amp;B</Type_Doc>
		<Support>PAPIER</Support>
		<Technique>Photographie N&amp;B</Technique>
		<Format>4 x 4</Format>
		<Cote>49Fi1879/55</Cote>
		<Observations>Le tirage à peine lisible manque de densité.</Observations>
		<Origine>Don Faucher-Berhelé entré le 10/11/1978.</Origine>
		<Droits_Repro>Domaine public</Droits_Repro>
		<subject>SINISTRE;BIEN SINISTRE;GUERRE 1914-1918;</subject>
		<geoname></geoname>
		<persname></persname>
		<corpname></corpname>
	</DocsFigures>
<DocsFigures>
		<Titre>[Maisons en ruine]</Titre>
		<Analyse>Village en ruine suite à des bombardements. A localiser.
Entre 1914 et 1918.
Guerre 1914-1918.</Analyse>
		<Realise_en></Realise_en>
		<Liste_des_auteurs>BERTHELÉ, Raoul</Liste_des_auteurs>
		<Type_Doc>PHOTOGRAPHIE N&amp;B</Type_Doc>
		<Support>PAPIER</Support>
		<Technique>Photographie N&amp;B</Technique>
		<Format>4 x 4</Format>
		<Cote>49Fi1879/56</Cote>
		<Observations>Le tirage à peine lisible manque de densité.</Observations>
		<Origine>Don Faucher-Berhelé entré le 10/11/1978.</Origine>
		<Droits_Repro>Domaine public</Droits_Repro>
		<subject>SINISTRE;BIEN SINISTRE;GUERRE 1914-1918;</subject>
		<geoname></geoname>
		<persname></persname>
		<corpname></corpname>
	</DocsFigures>
<DocsFigures>
		<Titre>[Maisons en ruine]</Titre>
		<Analyse>Dans un village, un soldat pose devant une maison détruite par des bombardements, en arrière plan l&apos;église apparemment intacte. A localiser.
Entre 1914 et 1918.
Guerre 1914-1918.</Analyse>
		<Realise_en></Realise_en>
		<Liste_des_auteurs>BERTHELÉ, Raoul</Liste_des_auteurs>
		<Type_Doc>PHOTOGRAPHIE N&amp;B</Type_Doc>
		<Support>PAPIER</Support>
		<Technique>Photographie N&amp;B</Technique>
		<Format>4 x 4</Format>
		<Cote>49Fi1879/57</Cote>
		<Observations></Observations>
		<Origine>Don Faucher-Berhelé entré le 10/11/1978.</Origine>
		<Droits_Repro>Domaine public</Droits_Repro>
		<subject>MILITAIRE;SINISTRE;EDIFICE CULTUEL;BIEN SINISTRE;GUERRE 1914-1918;</subject>
		<geoname></geoname>
		<persname></persname>
		<corpname></corpname>
	</DocsFigures>
<DocsFigures>
		<Titre>[Maisons en ruine]</Titre>
		<Analyse>Des soldats, et les chevaux font une pose dans les ruines d&apos;un village. A localiser.
Entre 1914 et 1918.
Guerre 1914-1918.</Analyse>
		<Realise_en></Realise_en>
		<Liste_des_auteurs>BERTHELÉ, Raoul</Liste_des_auteurs>
		<Type_Doc>PHOTOGRAPHIE N&amp;B</Type_Doc>
		<Support>PAPIER</Support>
		<Technique>Photographie N&amp;B</Technique>
		<Format>4 x 4</Format>
		<Cote>49Fi1879/58</Cote>
		<Observations></Observations>
		<Origine>Don Faucher-Berhelé entré le 10/11/1978.</Origine>
		<Droits_Repro>Domaine public</Droits_Repro>
		<subject>MILITAIRE;SINISTRE;BIEN SINISTRE;GUERRE 1914-1918;</subject>
		<geoname></geoname>
		<persname></persname>
		<corpname></corpname>
	</DocsFigures>
<DocsFigures>
		<Titre>[Eglise d&apos;un village]</Titre>
		<Analyse>En premier plan, un groupe de soldats sur une place, en arrière plan l&apos;église fortifiée apparemment intacte d&apos;un village. A localiser.
Entre 1914 et 1918.
Guerre 1914-1918.</Analyse>
		<Realise_en></Realise_en>
		<Liste_des_auteurs>BERTHELÉ, Raoul</Liste_des_auteurs>
		<Type_Doc>PHOTOGRAPHIE N&amp;B</Type_Doc>
		<Support>PAPIER</Support>
		<Technique>Photographie N&amp;B</Technique>
		<Format>4 x 4</Format>
		<Cote>49Fi1879/59</Cote>
		<Observations></Observations>
		<Origine>Don Faucher-Berhelé entré le 10/11/1978.</Origine>
		<Droits_Repro>Domaine public</Droits_Repro>
		<subject>MILITAIRE;EDIFICE CULTUEL;BIEN SINISTRE;GUERRE 1914-1918;</subject>
		<geoname></geoname>
		<persname></persname>
		<corpname></corpname>
	</DocsFigures>
<DocsFigures>
		<Titre>[Locomotive]</Titre>
		<Analyse>En premier plan une locomotive dans une gare avec de nombreux soldats qui s&apos;affairent. A localiser.
Entre 1914 et 1918.
Guerre 1914-1918.</Analyse>
		<Realise_en></Realise_en>
		<Liste_des_auteurs>BERTHELÉ, Raoul</Liste_des_auteurs>
		<Type_Doc>PHOTOGRAPHIE N&amp;B</Type_Doc>
		<Support>PAPIER</Support>
		<Technique>Photographie N&amp;B</Technique>
		<Format>4 x 4</Format>
		<Cote>49Fi1879/60</Cote>
		<Observations></Observations>
		<Origine>Don Faucher-Berhelé entré le 10/11/1978.</Origine>
		<Droits_Repro>Domaine public</Droits_Repro>
		<subject>MILITAIRE;GARE;GUERRE 1914-1918;</subject>
		<geoname></geoname>
		<persname></persname>
		<corpname></corpname>
	</DocsFigures>
<DocsFigures>
		<Titre>[Levage d&apos;un canon]</Titre>
		<Analyse>A l&apos;aide d&apos;un palan des soldats soulèvent un canon en vue d&apos;un transbordement. A localiser.
Entre 1914 et 1918.
Guerre 1914-1918.</Analyse>
		<Realise_en></Realise_en>
		<Liste_des_auteurs>BERTHELÉ, Raoul</Liste_des_auteurs>
		<Type_Doc>PHOTOGRAPHIE N&amp;B</Type_Doc>
		<Support>PAPIER</Support>
		<Technique>Photographie N&amp;B</Technique>
		<Format>4 x 4</Format>
		<Cote>49Fi1879/61</Cote>
		<Observations></Observations>
		<Origine>Don Faucher-Berhelé entré le 10/11/1978.</Origine>
		<Droits_Repro>Domaine public</Droits_Repro>
		<subject>MILITAIRE;GUERRE 1914-1918;</subject>
		<geoname></geoname>
		<persname></persname>
		<corpname></corpname>
	</DocsFigures>
<DocsFigures>
		<Titre>[Groupe de soldats]</Titre>
		<Analyse>Entre 1914 et 1918.
Vue d&apos;ensemble d&apos;un groupe de soldats des troupes coloniale sdebout devant des charettes.
L&apos;un d&apos;eux tient une chèvre en laisse.
Guerre 1914-1918.</Analyse>
		<Realise_en></Realise_en>
		<Liste_des_auteurs>BERTHELÉ, Raoul</Liste_des_auteurs>
		<Type_Doc>PHOTOGRAPHIE N&amp;B</Type_Doc>
		<Support>PAPIER</Support>
		<Technique>Photographie N&amp;B</Technique>
		<Format>4 x 4</Format>
		<Cote>49Fi1879/62</Cote>
		<Observations></Observations>
		<Origine>Don Faucher-Berhelé entré le 10/11/1978.</Origine>
		<Droits_Repro>Domaine public</Droits_Repro>
		<subject>MILITAIRE;VEHICULE A TRACTION ANIMALE;GUERRE 1914-1918;</subject>
		<geoname></geoname>
		<persname></persname>
		<corpname></corpname>
	</DocsFigures>
<DocsFigures>
		<Titre>[Locomotive]</Titre>
		<Analyse>Manoeuvre d&apos;une locomotive sous le regard d&apos;un soldat en bas à gauche de l&apos;image. A localiser.
Entre 1914 et 1918.
Guerre 1914-1918.</Analyse>
		<Realise_en></Realise_en>
		<Liste_des_auteurs>BERTHELÉ, Raoul</Liste_des_auteurs>
		<Type_Doc>PHOTOGRAPHIE N&amp;B</Type_Doc>
		<Support>PAPIER</Support>
		<Technique>Photographie N&amp;B</Technique>
		<Format>4 x 4</Format>
		<Cote>49Fi1879/63</Cote>
		<Observations></Observations>
		<Origine>Don Faucher-Berhelé entré le 10/11/1978.</Origine>
		<Droits_Repro>Domaine public</Droits_Repro>
		<subject>MILITAIRE;GUERRE 1914-1918;</subject>
		<geoname></geoname>
		<persname></persname>
		<corpname></corpname>
	</DocsFigures>
<DocsFigures>
		<Titre>[Levage d&apos;un canon]</Titre>
		<Analyse>A l&apos;aide d&apos;un palan des soldats soulèvent un canon en vue d&apos;un transbordement. A localiser.
Entre 1914 et 1918.
Guerre 1914-1918.</Analyse>
		<Realise_en></Realise_en>
		<Liste_des_auteurs>BERTHELÉ, Raoul</Liste_des_auteurs>
		<Type_Doc>PHOTOGRAPHIE N&amp;B</Type_Doc>
		<Support>PAPIER</Support>
		<Technique>Photographie N&amp;B</Technique>
		<Format>4 x 4</Format>
		<Cote>49Fi1879/64</Cote>
		<Observations></Observations>
		<Origine>Don Faucher-Berhelé entré le 10/11/1978.</Origine>
		<Droits_Repro>Domaine public</Droits_Repro>
		<subject>MILITAIRE;GUERRE 1914-1918;</subject>
		<geoname></geoname>
		<persname></persname>
		<corpname></corpname>
	</DocsFigures>
<DocsFigures>
		<Titre>[Paysage]</Titre>
		<Analyse>Deux soldats posent sur la berge d&apos;une rivière. A localiser.
Entre 1914 et 1918.
Guerre 1914-1918.</Analyse>
		<Realise_en></Realise_en>
		<Liste_des_auteurs>BERTHELÉ, Raoul</Liste_des_auteurs>
		<Type_Doc>PHOTOGRAPHIE N&amp;B</Type_Doc>
		<Support>PAPIER</Support>
		<Technique>Photographie N&amp;B</Technique>
		<Format>4 x 4</Format>
		<Cote>49Fi1879/65</Cote>
		<Observations></Observations>
		<Origine>Don Faucher-Berhelé entré le 10/11/1978.</Origine>
		<Droits_Repro>Domaine public</Droits_Repro>
		<subject>MILITAIRE;COURS D&apos;EAU;SITE;GUERRE 1914-1918;</subject>
		<geoname></geoname>
		<persname></persname>
		<corpname></corpname>
	</DocsFigures>
<DocsFigures>
		<Titre>[Cuperly. HOE. Bureau des entrées]</Titre>
		<Analyse>Militaires et brancardiers portant un blessé devant la salle de triage n° 25 de l&apos;hôpital d&apos;évacuation de Cuperly (Marne).
1916.
Guerre 1914-1918.</Analyse>
		<Realise_en>1916</Realise_en>
		<Liste_des_auteurs>BERTHELÉ, Raoul</Liste_des_auteurs>
		<Type_Doc>PHOTOGRAPHIE N&amp;B</Type_Doc>
		<Support>PAPIER</Support>
		<Technique>Photographie N&amp;B</Technique>
		<Format>4 x 4</Format>
		<Cote>49Fi1879/66</Cote>
		<Observations>Le tirage à peine lisible manque de densité.</Observations>
		<Origine>Don Faucher-Berhelé entré le 10/11/1978.</Origine>
		<Droits_Repro>Domaine public</Droits_Repro>
		<subject>SERVICE SANITAIRE MILITAIRE;VICTIME DE GUERRE;MILITAIRE;GUERRE 1914-1918;</subject>
		<geoname>CUPERLY (village);MARNE (département);</geoname>
		<persname></persname>
		<corpname></corpname>
	</DocsFigures>
<DocsFigures>
		<Titre>[Cuperly. HOE. Bureau des entrées]</Titre>
		<Analyse>Militaires et brancardiers portant un blessé vers la salle de triage N°25 de l&apos;hôpital d&apos;évacuation de Cuperly (Marne).
1916.
Guerre 1914-1918.</Analyse>
		<Realise_en>1916</Realise_en>
		<Liste_des_auteurs>BERTHELÉ, Raoul</Liste_des_auteurs>
		<Type_Doc>PHOTOGRAPHIE N&amp;B</Type_Doc>
		<Support>PAPIER</Support>
		<Technique>Photographie N&amp;B</Technique>
		<Format>4 x 4</Format>
		<Cote>49Fi1879/67</Cote>
		<Observations>Le tirage à peine lisible manque de densité.</Observations>
		<Origine>Don Faucher-Berhelé entré le 10/11/1978.</Origine>
		<Droits_Repro>Domaine public</Droits_Repro>
		<subject>SERVICE SANITAIRE MILITAIRE;MILITAIRE;VICTIME DE GUERRE;GUERRE 1914-1918;</subject>
		<geoname>CUPERLY (village);MARNE (département);</geoname>
		<persname></persname>
		<corpname></corpname>
	</DocsFigures>
<DocsFigures>
		<Titre>[Cuperly. Soldats blessés devant l&apos;hôpital]</Titre>
		<Analyse>Vue générale de très nombreux soldats blessés de différentes nationalités attendent à l&apos;extérieur des baraquements de l&apos;hôpital d&apos;évacuation de Cuperly (Marne).
Entre 1914 et 1918.
Guerre 1914-1918.</Analyse>
		<Realise_en></Realise_en>
		<Liste_des_auteurs>BERTHELÉ, Raoul</Liste_des_auteurs>
		<Type_Doc>PHOTOGRAPHIE N&amp;B</Type_Doc>
		<Support>PAPIER</Support>
		<Technique>Photographie N&amp;B</Technique>
		<Format>4 x 4</Format>
		<Cote>49Fi1879/69</Cote>
		<Observations>Le tirage à peine lisible manque de densité.</Observations>
		<Origine>Don Faucher-Berhelé entré le 10/11/1978.</Origine>
		<Droits_Repro>Domaine public</Droits_Repro>
		<subject>MILITAIRE;SERVICE SANITAIRE MILITAIRE;VICTIME DE GUERRE;GUERRE 1914-1918;</subject>
		<geoname>CUPERLY (village);MARNE (département);</geoname>
		<persname></persname>
		<corpname></corpname>
	</DocsFigures>
<DocsFigures>
		<Titre>[Cuperly. Soldats blessés]</Titre>
		<Analyse>Des Militaires, des brancardiers et trois blessés sur des civières qui attendent à même le sol devant la salle de triage à l&apos;extérieur des baraquements de l&apos;hôpital d&apos;évacuation à Cuperly (Marne).
Entre 1914 et 1918.
Guerre 1914-1918.</Analyse>
		<Realise_en></Realise_en>
		<Liste_des_auteurs>BERTHELÉ, Raoul</Liste_des_auteurs>
		<Type_Doc>PHOTOGRAPHIE N&amp;B</Type_Doc>
		<Support>PAPIER</Support>
		<Technique>Photographie N&amp;B</Technique>
		<Format>4 x 4</Format>
		<Cote>49Fi1879/70</Cote>
		<Observations>Le tirage à peine lisible manque de densité.</Observations>
		<Origine>Don Faucher-Berhelé entré le 10/11/1978.</Origine>
		<Droits_Repro>Domaine public</Droits_Repro>
		<subject>SERVICE SANITAIRE MILITAIRE;VICTIME DE GUERRE;MILITAIRE;GUERRE 1914-1918;</subject>
		<geoname>CUPERLY (village);MARNE (département);</geoname>
		<persname></persname>
		<corpname></corpname>
	</DocsFigures>
<DocsFigures>
		<Titre>[Cuperly. Soldats blessés devant l&apos;hôpital]</Titre>
		<Analyse>De très nombreux soldats blessés de différentes nationalités attendent à l&apos;extérieur des baraquements de hôpital d&apos;évacuation de Cuperly (Marne).
Entre 1914 et 1918.
Guerre 1914-1918.</Analyse>
		<Realise_en></Realise_en>
		<Liste_des_auteurs>BERTHELÉ, Raoul</Liste_des_auteurs>
		<Type_Doc>PHOTOGRAPHIE N&amp;B</Type_Doc>
		<Support>PAPIER</Support>
		<Technique>Photographie N&amp;B</Technique>
		<Format>4 x 4</Format>
		<Cote>49Fi1879/71</Cote>
		<Observations>Le tirage à peine lisible manque de densité.</Observations>
		<Origine>Don Faucher-Berhelé entré le 10/11/1978.</Origine>
		<Droits_Repro>Domaine public</Droits_Repro>
		<subject>VICTIME DE GUERRE;MILITAIRE;SERVICE SANITAIRE MILITAIRE;GUERRE 1914-1918;</subject>
		<geoname>CUPERLY (village);MARNE (département);</geoname>
		<persname></persname>
		<corpname></corpname>
	</DocsFigures>
<DocsFigures>
		<Titre>[Cuperly. Soldats blessés devant l&apos;hôpital]</Titre>
		<Analyse>De très nombreux soldats blessés de différentes nationalités attendent à l&apos;extérieur des baraquements de hôpital d&apos;évacuation de Cuperly (Marne).
Entre 1914 et 1918.
Guerre 1914-1918.</Analyse>
		<Realise_en></Realise_en>
		<Liste_des_auteurs>BERTHELÉ, Raoul</Liste_des_auteurs>
		<Type_Doc>PHOTOGRAPHIE N&amp;B</Type_Doc>
		<Support>PAPIER</Support>
		<Technique>Photographie N&amp;B</Technique>
		<Format>4 x 4</Format>
		<Cote>49Fi1879/72</Cote>
		<Observations>Le tirage à peine lisible manque de densité.</Observations>
		<Origine>Don Faucher-Berhelé entré le 10/11/1978.</Origine>
		<Droits_Repro>Domaine public</Droits_Repro>
		<subject>VICTIME DE GUERRE;MILITAIRE;SERVICE SANITAIRE MILITAIRE;GUERRE 1914-1918;</subject>
		<geoname>CUPERLY (village);MARNE (département);</geoname>
		<persname></persname>
		<corpname></corpname>
	</DocsFigures>
<DocsFigures>
		<Titre>[Cuperly. Les soldats attablés devant l&apos;hôpital]</Titre>
		<Analyse>Vue générale d&apos;un groupe de soldats attablés devant l&apos;hôpital d&apos;évacuation de Cuperly (Marne).
Entre 1914 et 1918.
Guerre 1914-1918.</Analyse>
		<Realise_en></Realise_en>
		<Liste_des_auteurs>BERTHELÉ, Raoul</Liste_des_auteurs>
		<Type_Doc>PHOTOGRAPHIE N&amp;B</Type_Doc>
		<Support>PAPIER</Support>
		<Technique>Photographie N&amp;B</Technique>
		<Format>4 x 4</Format>
		<Cote>49Fi1879/73</Cote>
		<Observations>Le tirage à peine lisible manque de densité.</Observations>
		<Origine>Don Faucher-Berhelé entré le 10/11/1978.</Origine>
		<Droits_Repro>Domaine public</Droits_Repro>
		<subject>MILITAIRE;SERVICE SANITAIRE MILITAIRE;GUERRE 1914-1918;</subject>
		<geoname>CUPERLY (village);MARNE (département);</geoname>
		<persname></persname>
		<corpname></corpname>
	</DocsFigures>
<DocsFigures>
		<Titre>[Cuperly. Transbordement d&apos;un blessé dans un train]</Titre>
		<Analyse>Vue de brancardiers transportant un blessé dans un train sanitaire pour évacuation à Cuperly (Marne).
Entre 1914 et 1918.
Guerre 1914-1918.</Analyse>
		<Realise_en></Realise_en>
		<Liste_des_auteurs>BERTHELÉ, Raoul</Liste_des_auteurs>
		<Type_Doc>PHOTOGRAPHIE N&amp;B</Type_Doc>
		<Support>PAPIER</Support>
		<Technique>Photographie N&amp;B</Technique>
		<Format>4 x 4</Format>
		<Cote>49Fi1879/74</Cote>
		<Observations>Le tirage à peine lisible manque de densité.</Observations>
		<Origine>Don Faucher-Berhelé entré le 10/11/1978.</Origine>
		<Droits_Repro>Domaine public</Droits_Repro>
		<subject>TRANSPORT SANITAIRE;TRANSPORT FERROVIAIRE;MILITAIRE;VICTIME DE GUERRE;GUERRE 1914-1918;</subject>
		<geoname>CUPERLY (village);MARNE (département);</geoname>
		<persname></persname>
		<corpname>CROIX-ROUGE FRANCAISE;</corpname>
	</DocsFigures>
<DocsFigures>
		<Titre>[Cuperly. Soldats blessés devant les baraquements de l&apos;hôpital]</Titre>
		<Analyse>Vue génerale de soldats blessés devant les baraquements de l&apos;hôpital d&apos;évacuation de Cuperly (Marne).
Entre 1914 et 1918.
Guerre 1914-1918.</Analyse>
		<Realise_en></Realise_en>
		<Liste_des_auteurs>BERTHELÉ, Raoul</Liste_des_auteurs>
		<Type_Doc>PHOTOGRAPHIE N&amp;B</Type_Doc>
		<Support>PAPIER</Support>
		<Technique>Photographie N&amp;B</Technique>
		<Format>4 x 4</Format>
		<Cote>49Fi1879/75</Cote>
		<Observations></Observations>
		<Origine>Don Faucher-Berhelé entré le 10/11/1978.</Origine>
		<Droits_Repro>Domaine public</Droits_Repro>
		<subject>MILITAIRE;SERVICE SANITAIRE MILITAIRE;VICTIME DE GUERRE;GUERRE 1914-1918;</subject>
		<geoname>CUPERLY (village);MARNE (département);</geoname>
		<persname></persname>
		<corpname></corpname>
	</DocsFigures>
<DocsFigures>
		<Titre>[Cuperly. Tente de l&apos;ambulance]</Titre>
		<Analyse>Vue d&apos;un soldat posant devant une tente de l&apos;ambulance à l&apos;hôpital d&apos;évacuation de Cuperly (Marne).
Entre 1914 et 1918.
Guerre 1914-1918.</Analyse>
		<Realise_en></Realise_en>
		<Liste_des_auteurs>BERTHELÉ, Raoul</Liste_des_auteurs>
		<Type_Doc>PHOTOGRAPHIE N&amp;B</Type_Doc>
		<Support>PAPIER</Support>
		<Technique>Photographie N&amp;B</Technique>
		<Format>4 x 4</Format>
		<Cote>49Fi1879/76</Cote>
		<Observations>Le tirage à peine lisible manque de densité.</Observations>
		<Origine>Don Faucher-Berhelé entré le 10/11/1978.</Origine>
		<Droits_Repro>Domaine public</Droits_Repro>
		<subject>MILITAIRE;SERVICE SANITAIRE MILITAIRE;GUERRE 1914-1918;</subject>
		<geoname>CUPERLY (village);MARNE (département);</geoname>
		<persname></persname>
		<corpname></corpname>
	</DocsFigures>
<DocsFigures>
		<Titre>[Cuperly. Transbordement d&apos;un blessé dans un train]</Titre>
		<Analyse>Vue de brancardiers transportant un blessé dans un train sanitaire pour évacuation à Cuperly (Marne).
Entre 1914 et 1918.
Guerre 1914-1918.</Analyse>
		<Realise_en></Realise_en>
		<Liste_des_auteurs>BERTHELÉ, Raoul</Liste_des_auteurs>
		<Type_Doc>PHOTOGRAPHIE N&amp;B</Type_Doc>
		<Support>PAPIER</Support>
		<Technique>Photographie N&amp;B</Technique>
		<Format>4 x 4</Format>
		<Cote>49Fi1879/77</Cote>
		<Observations>Le tirage à peine lisible manque de densité.</Observations>
		<Origine>Don Faucher-Berhelé entré le 10/11/1978.</Origine>
		<Droits_Repro>Domaine public</Droits_Repro>
		<subject>MILITAIRE;VICTIME DE GUERRE;TRANSPORT FERROVIAIRE;TRANSPORT SANITAIRE;GUERRE 1914-1918;</subject>
		<geoname>CUPERLY (village);MARNE (département);</geoname>
		<persname></persname>
		<corpname></corpname>
	</DocsFigures>
<DocsFigures>
		<Titre>[Cuperly. Prisonniers allemands]</Titre>
		<Analyse>Prisonniers allemands en corvée en train de creuser à Cuperly (Marne).
1915. 
Guerre 1914-1918.</Analyse>
		<Realise_en>1915</Realise_en>
		<Liste_des_auteurs>BERTHELÉ, Raoul</Liste_des_auteurs>
		<Type_Doc>PHOTOGRAPHIE N&amp;B</Type_Doc>
		<Support>PAPIER</Support>
		<Technique>Photographie N&amp;B</Technique>
		<Format>4 x 4</Format>
		<Cote>49Fi1879/79</Cote>
		<Observations></Observations>
		<Origine>Don Faucher-Berhelé entré le 10/11/1978.</Origine>
		<Droits_Repro>Domaine public</Droits_Repro>
		<subject>MILITAIRE;PRISONNIER DE GUERRE;GUERRE 1914-1918;</subject>
		<geoname>CUPERLY (village);MARNE (département);</geoname>
		<persname></persname>
		<corpname></corpname>
	</DocsFigures>
<DocsFigures>
		<Titre>[Un avion complètement détruit]</Titre>
		<Analyse>Des soldats inspectent la carcasse d&apos;un avion  complètement détruit. En premier plan l&apos;hélice. A localiser.
Entre 1914 et 1918.
Guerre 1914-1918.</Analyse>
		<Realise_en></Realise_en>
		<Liste_des_auteurs>BERTHELÉ, Raoul</Liste_des_auteurs>
		<Type_Doc>PHOTOGRAPHIE N&amp;B</Type_Doc>
		<Support>PAPIER</Support>
		<Technique>Photographie stéréo</Technique>
		<Format>6 x 12,7</Format>
		<Cote>49Fi1879/80</Cote>
		<Observations></Observations>
		<Origine>Don Faucher-Berhelé entré le 10/11/1978.</Origine>
		<Droits_Repro>Domaine public</Droits_Repro>
		<subject>MILITAIRE;GUERRE 1914-1918;</subject>
		<geoname></geoname>
		<persname></persname>
		<corpname></corpname>
	</DocsFigures>
<DocsFigures>
		<Titre>[Cantonnement]</Titre>
		<Analyse>Temps de répit dans un camp.
Entre 1914 et 1918. 
Guerre 1914-1918.</Analyse>
		<Realise_en></Realise_en>
		<Liste_des_auteurs>BERTHELÉ, Raoul</Liste_des_auteurs>
		<Type_Doc>PHOTOGRAPHIE N&amp;B</Type_Doc>
		<Support>PAPIER</Support>
		<Technique>Photographie N&amp;B</Technique>
		<Format>9 x 12 cm</Format>
		<Cote>49Fi1880</Cote>
		<Observations>Le tirage manque de densité.</Observations>
		<Origine>Don Faucher-Berhelé entré le 10/11/1978.</Origine>
		<Droits_Repro>Domaine public</Droits_Repro>
		<subject>GUERRE 1914-1918;</subject>
		<geoname></geoname>
		<persname></persname>
		<corpname></corpname>
	</DocsFigures>
<DocsFigures>
		<Titre>[Enterrement]</Titre>
		<Analyse>Scène d&apos;enterrement dans une cimetière militaire. 
Entre 1914 et 1918. 
Guerre 1914-1918.
Transport des corps sur des civières.</Analyse>
		<Realise_en></Realise_en>
		<Liste_des_auteurs>BERTHELÉ, Raoul</Liste_des_auteurs>
		<Type_Doc>PHOTOGRAPHIE N&amp;B</Type_Doc>
		<Support>PAPIER</Support>
		<Technique>Photographie N&amp;B</Technique>
		<Format>9 x 12 cm</Format>
		<Cote>49Fi1881</Cote>
		<Observations></Observations>
		<Origine>Don Faucher-Berhelé entré le 10/11/1978.</Origine>
		<Droits_Repro>Domaine public</Droits_Repro>
		<subject>CIMETIERE MILITAIRE;MILITAIRE;DECES;GUERRE 1914-1918;</subject>
		<geoname></geoname>
		<persname></persname>
		<corpname></corpname>
	</DocsFigures>
<DocsFigures>
		<Titre>[Hôpital de Cuperly]</Titre>
		<Analyse>Vue d&apos;ensemble de l&apos;hôpital de Cuperly (Marne).
Entre 1915 et 1916. 
Guerre 1914-1918. </Analyse>
		<Realise_en></Realise_en>
		<Liste_des_auteurs>BERTHELÉ, Raoul</Liste_des_auteurs>
		<Type_Doc>PHOTOGRAPHIE N&amp;B</Type_Doc>
		<Support>PAPIER</Support>
		<Technique>Photographie N&amp;B</Technique>
		<Format>9 x 12 cm</Format>
		<Cote>49Fi1882</Cote>
		<Observations>Il manque le coin droit en bas.</Observations>
		<Origine>Don Faucher-Berhelé entré le 10/11/1978.</Origine>
		<Droits_Repro>Domaine public</Droits_Repro>
		<subject>SERVICE SANITAIRE MILITAIRE;GUERRE 1914-1918;</subject>
		<geoname>MARNE (département);CUPERLY (village);</geoname>
		<persname></persname>
		<corpname></corpname>
	</DocsFigures>
<DocsFigures>
		<Titre>[Enterrement]</Titre>
		<Analyse>Scène d&apos;enterrement dans une cimetière militaire. 
Entre 1914 et 1918. 
Guerre 1914-1918.
Transport des corps sur des civières.</Analyse>
		<Realise_en></Realise_en>
		<Liste_des_auteurs>BERTHELÉ, Raoul</Liste_des_auteurs>
		<Type_Doc>PHOTOGRAPHIE N&amp;B</Type_Doc>
		<Support>PAPIER</Support>
		<Technique>Photographie N&amp;B</Technique>
		<Format>9 x 12 cm</Format>
		<Cote>49Fi1884</Cote>
		<Observations>Le tirage manque de densité.</Observations>
		<Origine>Don Faucher-Berhelé entré le 10/11/1978.</Origine>
		<Droits_Repro>Domaine public</Droits_Repro>
		<subject>CIMETIERE MILITAIRE;DECES;MILITAIRE;GUERRE 1914-1918;</subject>
		<geoname></geoname>
		<persname></persname>
		<corpname></corpname>
	</DocsFigures>
<DocsFigures>
		<Titre>[Dugny. Groupe d&apos;officiers]</Titre>
		<Analyse>Photo d&apos;un groupe d&apos;officier dont fait partie Raoul Berthelé (2e en partant de la droite) dans une rue à Dugny (Seine-Saint-Denis).
1917. 
Guerre 1914-1918.</Analyse>
		<Realise_en>1917</Realise_en>
		<Liste_des_auteurs>BERTHELÉ, Raoul</Liste_des_auteurs>
		<Type_Doc>PHOTOGRAPHIE N&amp;B</Type_Doc>
		<Support>PAPIER</Support>
		<Technique>Photographie N&amp;B</Technique>
		<Format>9 x 12 cm</Format>
		<Cote>49Fi1888</Cote>
		<Observations></Observations>
		<Origine>Don Faucher-Berhelé entré le 10/11/1978.</Origine>
		<Droits_Repro>Domaine public</Droits_Repro>
		<subject>GUERRE 1914-1918;</subject>
		<geoname>SEINE-SAINT-DENIS (Département);DUGNY (ville);</geoname>
		<persname>BERTHELE, Raoul;</persname>
		<corpname></corpname>
	</DocsFigures>
<DocsFigures>
		<Titre>[La Panne. Plage et grand hôtel du Kursaal]</Titre>
		<Analyse>Vue d&apos;ensemble d&apos;une plage et du grand hôtel du Kursaal à La Panne, province des Flandres Occidentales, région flammande (Belgique).
1918.
Guerre 1914-1918.</Analyse>
		<Realise_en>1918</Realise_en>
		<Liste_des_auteurs>BERTHELÉ, Raoul</Liste_des_auteurs>
		<Type_Doc>PHOTOGRAPHIE N&amp;B</Type_Doc>
		<Support>PAPIER</Support>
		<Technique>Photographie N&amp;B</Technique>
		<Format>9 x 14 cm</Format>
		<Cote>49Fi1889</Cote>
		<Observations></Observations>
		<Origine>Don Faucher-Berhelé entré le 10/11/1978.</Origine>
		<Droits_Repro>Domaine public</Droits_Repro>
		<subject>GUERRE 1914-1918;</subject>
		<geoname>BELGIQUE (pays);PANNE (LA) (ville);</geoname>
		<persname></persname>
		<corpname></corpname>
	</DocsFigures>
<DocsFigures>
		<Titre>[Partie de pêche]</Titre>
		<Analyse>Photo de groupe d&apos;une famille qui pose au bord d&apos;une rivière lors d&apos;une partie de pêche.
Entre 1914 et 1918. 
Guerre 1914-1918.</Analyse>
		<Realise_en></Realise_en>
		<Liste_des_auteurs>BERTHELÉ, Raoul</Liste_des_auteurs>
		<Type_Doc>PHOTOGRAPHIE N&amp;B</Type_Doc>
		<Support>PAPIER</Support>
		<Technique>Photographie N&amp;B</Technique>
		<Format>9 x 12,7</Format>
		<Cote>49Fi1891</Cote>
		<Observations></Observations>
		<Origine>Don Faucher-Berhelé entré le 10/11/1978.</Origine>
		<Droits_Repro>Domaine public</Droits_Repro>
		<subject>GUERRE 1914-1918;</subject>
		<geoname></geoname>
		<persname></persname>
		<corpname></corpname>
	</DocsFigures>
<DocsFigures>
		<Titre>Arrivée de prisonniers allemands à la gare de Prunières (Hautes-Alpes)</Titre>
		<Analyse>Vue de l&apos;arrivée de prisonniers allemands à la gare de Prunières (Hautes-Alpes).
1915. 
Guerre 1914-1918.
Les prisonniers sont rangés en deux colonnes.</Analyse>
		<Realise_en>1915</Realise_en>
		<Liste_des_auteurs>None</Liste_des_auteurs>
		<Type_Doc>PHOTOGRAPHIE N&amp;B</Type_Doc>
		<Support>PAPIER</Support>
		<Technique>Photographie N&amp;B</Technique>
		<Format>8,5 x 14</Format>
		<Cote>49Fi1892</Cote>
		<Observations></Observations>
		<Origine>Don Faucher-Berhelé entré le 10/11/1978.</Origine>
		<Droits_Repro>Domaine public</Droits_Repro>
		<subject>MILITAIRE;PRISONNIER DE GUERRE;GARE;GUERRE 1914-1918;</subject>
		<geoname>HAUTES-ALPES (département);PRUNIERES (village);</geoname>
		<persname></persname>
		<corpname></corpname>
	</DocsFigures>
<DocsFigures>
		<Titre>[Mme Iswolsky et la princesse Michel Murat visitent l&apos;HOE de Cuperly]</Titre>
		<Analyse>Visite de délégués russes à l&apos;hôpital d&apos;évacuation de Cuperly (Marne).
Les personnes présentes: le docteur Doyen, Mme De Wieniawosky, la princesse Michel Murat, le médecin Béchard, Mme Iswolsky.
Le 12 mai 1915. 
Guerre 1914-1918.</Analyse>
		<Realise_en>1915</Realise_en>
		<Liste_des_auteurs>BERTHELÉ, Raoul</Liste_des_auteurs>
		<Type_Doc>PHOTOGRAPHIE N&amp;B</Type_Doc>
		<Support>PAPIER</Support>
		<Technique>Photographie N&amp;B</Technique>
		<Format>12 x 9 cm</Format>
		<Cote>49Fi1893</Cote>
		<Observations>Lié à 49Fi501</Observations>
		<Origine>Don Faucher-Berhelé entré le 10/11/1978.</Origine>
		<Droits_Repro>Domaine public</Droits_Repro>
		<subject>SERVICE SANITAIRE MILITAIRE;VISITE OFFICIELLE;MILITAIRE;GUERRE 1914-1918;</subject>
		<geoname>MARNE (département);CUPERLY (village);</geoname>
		<persname></persname>
		<corpname></corpname>
	</DocsFigures>
<DocsFigures>
		<Titre>[Officiers de l&apos;Ambulance de Cuperly]</Titre>
		<Analyse>Cuperly (Marne).
Entre 1915 et 1916. 
Photo de groupe: officiers de l&apos;Ambulance de Cuperly.
Guerre 1914-1918.
Raoul Berthelé est le 3e en partant de la droite.</Analyse>
		<Realise_en></Realise_en>
		<Liste_des_auteurs>BERTHELÉ, Raoul</Liste_des_auteurs>
		<Type_Doc>PHOTOGRAPHIE N&amp;B</Type_Doc>
		<Support>PAPIER</Support>
		<Technique>Photographie N&amp;B</Technique>
		<Format>9 x 12,5</Format>
		<Cote>49Fi1894</Cote>
		<Observations></Observations>
		<Origine>Don Faucher-Berhelé entré le 10/11/1978.</Origine>
		<Droits_Repro>Domaine public</Droits_Repro>
		<subject>GUERRE 1914-1918;</subject>
		<geoname>MARNE (département);CUPERLY (village);</geoname>
		<persname>BERTHELE, Raoul;</persname>
		<corpname></corpname>
	</DocsFigures>
<DocsFigures>
		<Titre>Amiens. 8.6.1915. Prisonniers allemands</Titre>
		<Analyse>Amiens (Somme).
8 juin 1915. Guerre 1914-1918.
Vue de prisonniers allemands défilant rue Saint-Leu.</Analyse>
		<Realise_en>1915</Realise_en>
		<Liste_des_auteurs>BERTHELÉ, Raoul</Liste_des_auteurs>
		<Type_Doc>PHOTOGRAPHIE N&amp;B</Type_Doc>
		<Support>PAPIER</Support>
		<Technique>Photographie N&amp;B</Technique>
		<Format>12 x 9 cm</Format>
		<Cote>49Fi1895</Cote>
		<Observations>Tiré du négatif stéreoscopique portant la cote 49Fi28. Deux tirages de la partie droite du négatif portent les cotes 49Fi1872/69 (complet) 49Fi1874/4 (recadré).</Observations>
		<Origine>Don Faucher-Berhelé entré le 10/11/1978.</Origine>
		<Droits_Repro>Domaine public</Droits_Repro>
		<subject>MILITAIRE;PRISONNIER DE GUERRE;GUERRE 1914-1918;</subject>
		<geoname>SOMME (département);AMIENS (ville);</geoname>
		<persname></persname>
		<corpname></corpname>
	</DocsFigures>
<DocsFigures>
		<Titre>[Photo de famille]</Titre>
		<Analyse>Photo de famille: le père, la mère et deux enfants.
Entre 1914 et 1918. 
Guerre 1914-1918.</Analyse>
		<Realise_en></Realise_en>
		<Liste_des_auteurs>BERTHELÉ, Raoul</Liste_des_auteurs>
		<Type_Doc>PHOTOGRAPHIE N&amp;B</Type_Doc>
		<Support>PAPIER</Support>
		<Technique>Photographie N&amp;B</Technique>
		<Format>7 x 11,3</Format>
		<Cote>49Fi1901</Cote>
		<Observations></Observations>
		<Origine>Don Faucher-Berhelé entré le 10/11/1978.</Origine>
		<Droits_Repro>Domaine public</Droits_Repro>
		<subject>ENFANT;GUERRE 1914-1918;</subject>
		<geoname></geoname>
		<persname></persname>
		<corpname></corpname>
	</DocsFigures>
</Root>
